-- Logs begin at Thu 2022-07-07 21:25:31 IST, end at Fri 2022-07-08 01:18:32 IST. --
Jul 08 01:17:11 datacore-PowerEdge-R740 systemd[1]: Started Devstack devstack@c-vol.service.
Jul 08 01:17:13 datacore-PowerEdge-R740 cinder-volume[2347657]: DEBUG oslo_concurrency.lockutils [-] Acquired lock "singleton_lock" {{(pid=2347657) lock /usr/local/lib/python3.8/dist-packages/oslo_concurrency/lockutils.py:294}}
Jul 08 01:17:13 datacore-PowerEdge-R740 cinder-volume[2347657]: DEBUG oslo_concurrency.lockutils [-] Releasing lock "singleton_lock" {{(pid=2347657) lock /usr/local/lib/python3.8/dist-packages/oslo_concurrency/lockutils.py:312}}
Jul 08 01:17:14 datacore-PowerEdge-R740 cinder-volume[2347657]: INFO dbcounter [None req-593c6247-4b38-406a-a9fb-1bc017470562 None None] Registered counter for database cinder
Jul 08 01:17:14 datacore-PowerEdge-R740 cinder-volume[2347657]: DEBUG oslo_db.sqlalchemy.engines [None req-593c6247-4b38-406a-a9fb-1bc017470562 None None] MySQL server mode set to STRICT_TRANS_TABLES,STRICT_ALL_TABLES,NO_ZERO_IN_DATE,NO_ZERO_DATE,ERROR_FOR_DIVISION_BY_ZERO,TRADITIONAL,NO_ENGINE_SUBSTITUTION {{(pid=2347657) _check_effective_sql_mode /usr/local/lib/python3.8/dist-packages/oslo_db/sqlalchemy/engines.py:314}}
Jul 08 01:17:14 datacore-PowerEdge-R740 cinder-volume[2347657]: DEBUG dbcounter [-] [2347657] Writer thread running {{(pid=2347657) stat_writer /usr/local/lib/python3.8/dist-packages/dbcounter.py:99}}
Jul 08 01:17:14 datacore-PowerEdge-R740 cinder-volume[2347657]: INFO cinder.rpc [None req-593c6247-4b38-406a-a9fb-1bc017470562 None None] Automatically selected cinder-scheduler objects version 1.39 as minimum service version.
Jul 08 01:17:14 datacore-PowerEdge-R740 cinder-volume[2347657]: INFO cinder.rpc [None req-593c6247-4b38-406a-a9fb-1bc017470562 None None] Automatically selected cinder-scheduler RPC version 3.12 as minimum service version.
Jul 08 01:17:14 datacore-PowerEdge-R740 cinder-volume[2347657]: DEBUG oslo_db.sqlalchemy.engines [None req-593c6247-4b38-406a-a9fb-1bc017470562 None None] MySQL server mode set to STRICT_TRANS_TABLES,STRICT_ALL_TABLES,NO_ZERO_IN_DATE,NO_ZERO_DATE,ERROR_FOR_DIVISION_BY_ZERO,TRADITIONAL,NO_ENGINE_SUBSTITUTION {{(pid=2347657) _check_effective_sql_mode /usr/local/lib/python3.8/dist-packages/oslo_db/sqlalchemy/engines.py:314}}
Jul 08 01:17:14 datacore-PowerEdge-R740 cinder-volume[2347657]: INFO cinder.volume.manager [None req-593c6247-4b38-406a-a9fb-1bc017470562 None None] Determined volume DB was empty at startup.
Jul 08 01:17:14 datacore-PowerEdge-R740 cinder-volume[2347657]: DEBUG cinder.volume.manager [None req-593c6247-4b38-406a-a9fb-1bc017470562 None None] Cinder Volume DB check: vol_db_empty=True {{(pid=2347657) __init__ /opt/stack/cinder/cinder/volume/manager.py:290}}
Jul 08 01:17:14 datacore-PowerEdge-R740 cinder-volume[2347657]: WARNING stevedore.named [None req-593c6247-4b38-406a-a9fb-1bc017470562 None None] Could not load cinder.keymgr.conf_key_mgr.ConfKeyManager
Jul 08 01:17:14 datacore-PowerEdge-R740 cinder-volume[2347657]: WARNING castellan.key_manager [None req-593c6247-4b38-406a-a9fb-1bc017470562 None None] Deprecation Warning : cinder.keymgr.conf_key_mgr.ConfKeyManager is not a stevedore based driver, trying to load it as a class: stevedore.exception.NoMatches: No 'castellan.drivers' driver found, looking for 'cinder.keymgr.conf_key_mgr.ConfKeyManager'
Jul 08 01:17:14 datacore-PowerEdge-R740 cinder-volume[2347657]: WARNING cinder.keymgr.conf_key_mgr [None req-593c6247-4b38-406a-a9fb-1bc017470562 None None] This key manager is insecure and is not recommended for production deployments: stevedore.exception.NoMatches: No 'castellan.drivers' driver found, looking for 'cinder.keymgr.conf_key_mgr.ConfKeyManager'
Jul 08 01:17:14 datacore-PowerEdge-R740 cinder-volume[2347657]: ERROR cinder.cmd.volume [None req-593c6247-4b38-406a-a9fb-1bc017470562 None None] Volume service hostgroup@datacore_iscsi1 failed to start.: ModuleNotFoundError: No module named 'cinder.volume.drivers.datacore.iscsi'
Jul 08 01:17:14 datacore-PowerEdge-R740 cinder-volume[2347657]: ERROR cinder.cmd.volume Traceback (most recent call last):
Jul 08 01:17:14 datacore-PowerEdge-R740 cinder-volume[2347657]: ERROR cinder.cmd.volume   File "/opt/stack/cinder/cinder/cmd/volume.py", line 99, in _launch_service
Jul 08 01:17:14 datacore-PowerEdge-R740 cinder-volume[2347657]: ERROR cinder.cmd.volume     server = service.Service.create(host=host,
Jul 08 01:17:14 datacore-PowerEdge-R740 cinder-volume[2347657]: ERROR cinder.cmd.volume   File "/opt/stack/cinder/cinder/service.py", line 394, in create
Jul 08 01:17:14 datacore-PowerEdge-R740 cinder-volume[2347657]: ERROR cinder.cmd.volume     service_obj = cls(host, binary, topic, manager,
Jul 08 01:17:14 datacore-PowerEdge-R740 cinder-volume[2347657]: ERROR cinder.cmd.volume   File "/opt/stack/cinder/cinder/service.py", line 152, in __init__
Jul 08 01:17:14 datacore-PowerEdge-R740 cinder-volume[2347657]: ERROR cinder.cmd.volume     self.manager = manager_class(host=self.host,
Jul 08 01:17:14 datacore-PowerEdge-R740 cinder-volume[2347657]: ERROR cinder.cmd.volume   File "/opt/stack/cinder/cinder/volume/manager.py", line 313, in __init__
Jul 08 01:17:14 datacore-PowerEdge-R740 cinder-volume[2347657]: ERROR cinder.cmd.volume     self.driver = importutils.import_object(
Jul 08 01:17:14 datacore-PowerEdge-R740 cinder-volume[2347657]: ERROR cinder.cmd.volume   File "/usr/local/lib/python3.8/dist-packages/oslo_utils/importutils.py", line 44, in import_object
Jul 08 01:17:14 datacore-PowerEdge-R740 cinder-volume[2347657]: ERROR cinder.cmd.volume     return import_class(import_str)(*args, **kwargs)
Jul 08 01:17:14 datacore-PowerEdge-R740 cinder-volume[2347657]: ERROR cinder.cmd.volume   File "/usr/local/lib/python3.8/dist-packages/oslo_utils/importutils.py", line 30, in import_class
Jul 08 01:17:14 datacore-PowerEdge-R740 cinder-volume[2347657]: ERROR cinder.cmd.volume     __import__(mod_str)
Jul 08 01:17:14 datacore-PowerEdge-R740 cinder-volume[2347657]: ERROR cinder.cmd.volume ModuleNotFoundError: No module named 'cinder.volume.drivers.datacore.iscsi'
Jul 08 01:17:14 datacore-PowerEdge-R740 cinder-volume[2347657]: ERROR cinder.cmd.volume 
Jul 08 01:17:14 datacore-PowerEdge-R740 cinder-volume[2347657]: ERROR cinder.cmd.volume [None req-593c6247-4b38-406a-a9fb-1bc017470562 None None] No volume service(s) started successfully, terminating.
Jul 08 01:17:14 datacore-PowerEdge-R740 cinder-volume[2347657]: /usr/lib/python3/dist-packages/secretstorage/dhcrypto.py:15: CryptographyDeprecationWarning: int_from_bytes is deprecated, use int.from_bytes instead
Jul 08 01:17:14 datacore-PowerEdge-R740 cinder-volume[2347657]:   from cryptography.utils import int_from_bytes
Jul 08 01:17:14 datacore-PowerEdge-R740 cinder-volume[2347657]: /usr/lib/python3/dist-packages/secretstorage/util.py:19: CryptographyDeprecationWarning: int_from_bytes is deprecated, use int.from_bytes instead
Jul 08 01:17:14 datacore-PowerEdge-R740 cinder-volume[2347657]:   from cryptography.utils import int_from_bytes
Jul 08 01:17:14 datacore-PowerEdge-R740 cinder-volume[2347657]: /opt/stack/cinder/cinder/db/sqlalchemy/models.py:152: SAWarning: implicitly coercing SELECT object to scalar subquery; please use the .scalar_subquery() method to produce a scalar subquery.
Jul 08 01:17:14 datacore-PowerEdge-R740 cinder-volume[2347657]:   last_heartbeat = column_property(
Jul 08 01:17:14 datacore-PowerEdge-R740 cinder-volume[2347657]: /opt/stack/cinder/cinder/db/sqlalchemy/models.py:160: SAWarning: implicitly coercing SELECT object to scalar subquery; please use the .scalar_subquery() method to produce a scalar subquery.
Jul 08 01:17:14 datacore-PowerEdge-R740 cinder-volume[2347657]:   num_hosts = column_property(
Jul 08 01:17:14 datacore-PowerEdge-R740 cinder-volume[2347657]: /opt/stack/cinder/cinder/db/sqlalchemy/models.py:169: SAWarning: implicitly coercing SELECT object to scalar subquery; please use the .scalar_subquery() method to produce a scalar subquery.
Jul 08 01:17:14 datacore-PowerEdge-R740 cinder-volume[2347657]:   num_down_hosts = column_property(
Jul 08 01:17:14 datacore-PowerEdge-R740 systemd[1]: devstack@c-vol.service: Main process exited, code=exited, status=1/FAILURE
Jul 08 01:17:14 datacore-PowerEdge-R740 systemd[1]: devstack@c-vol.service: Failed with result 'exit-code'.
Jul 08 01:17:29 datacore-PowerEdge-R740 systemd[1]: Started Devstack devstack@c-vol.service.
Jul 08 01:17:31 datacore-PowerEdge-R740 cinder-volume[2348266]: DEBUG oslo_concurrency.lockutils [-] Acquired lock "singleton_lock" {{(pid=2348266) lock /usr/local/lib/python3.8/dist-packages/oslo_concurrency/lockutils.py:294}}
Jul 08 01:17:31 datacore-PowerEdge-R740 cinder-volume[2348266]: DEBUG oslo_concurrency.lockutils [-] Releasing lock "singleton_lock" {{(pid=2348266) lock /usr/local/lib/python3.8/dist-packages/oslo_concurrency/lockutils.py:312}}
Jul 08 01:17:32 datacore-PowerEdge-R740 cinder-volume[2348266]: INFO dbcounter [None req-3ba80142-6f26-4b96-8cdd-88f5a4514347 None None] Registered counter for database cinder
Jul 08 01:17:32 datacore-PowerEdge-R740 cinder-volume[2348266]: DEBUG oslo_db.sqlalchemy.engines [None req-3ba80142-6f26-4b96-8cdd-88f5a4514347 None None] MySQL server mode set to STRICT_TRANS_TABLES,STRICT_ALL_TABLES,NO_ZERO_IN_DATE,NO_ZERO_DATE,ERROR_FOR_DIVISION_BY_ZERO,TRADITIONAL,NO_ENGINE_SUBSTITUTION {{(pid=2348266) _check_effective_sql_mode /usr/local/lib/python3.8/dist-packages/oslo_db/sqlalchemy/engines.py:314}}
Jul 08 01:17:32 datacore-PowerEdge-R740 cinder-volume[2348266]: DEBUG dbcounter [-] [2348266] Writer thread running {{(pid=2348266) stat_writer /usr/local/lib/python3.8/dist-packages/dbcounter.py:99}}
Jul 08 01:17:32 datacore-PowerEdge-R740 cinder-volume[2348266]: INFO cinder.rpc [None req-3ba80142-6f26-4b96-8cdd-88f5a4514347 None None] Automatically selected cinder-scheduler objects version 1.39 as minimum service version.
Jul 08 01:17:32 datacore-PowerEdge-R740 cinder-volume[2348266]: INFO cinder.rpc [None req-3ba80142-6f26-4b96-8cdd-88f5a4514347 None None] Automatically selected cinder-scheduler RPC version 3.12 as minimum service version.
Jul 08 01:17:32 datacore-PowerEdge-R740 cinder-volume[2348266]: DEBUG oslo_db.sqlalchemy.engines [None req-3ba80142-6f26-4b96-8cdd-88f5a4514347 None None] MySQL server mode set to STRICT_TRANS_TABLES,STRICT_ALL_TABLES,NO_ZERO_IN_DATE,NO_ZERO_DATE,ERROR_FOR_DIVISION_BY_ZERO,TRADITIONAL,NO_ENGINE_SUBSTITUTION {{(pid=2348266) _check_effective_sql_mode /usr/local/lib/python3.8/dist-packages/oslo_db/sqlalchemy/engines.py:314}}
Jul 08 01:17:32 datacore-PowerEdge-R740 cinder-volume[2348266]: INFO cinder.volume.manager [None req-3ba80142-6f26-4b96-8cdd-88f5a4514347 None None] Determined volume DB was empty at startup.
Jul 08 01:17:32 datacore-PowerEdge-R740 cinder-volume[2348266]: DEBUG cinder.volume.manager [None req-3ba80142-6f26-4b96-8cdd-88f5a4514347 None None] Cinder Volume DB check: vol_db_empty=True {{(pid=2348266) __init__ /opt/stack/cinder/cinder/volume/manager.py:290}}
Jul 08 01:17:32 datacore-PowerEdge-R740 cinder-volume[2348266]: WARNING stevedore.named [None req-3ba80142-6f26-4b96-8cdd-88f5a4514347 None None] Could not load cinder.keymgr.conf_key_mgr.ConfKeyManager
Jul 08 01:17:32 datacore-PowerEdge-R740 cinder-volume[2348266]: WARNING castellan.key_manager [None req-3ba80142-6f26-4b96-8cdd-88f5a4514347 None None] Deprecation Warning : cinder.keymgr.conf_key_mgr.ConfKeyManager is not a stevedore based driver, trying to load it as a class: stevedore.exception.NoMatches: No 'castellan.drivers' driver found, looking for 'cinder.keymgr.conf_key_mgr.ConfKeyManager'
Jul 08 01:17:32 datacore-PowerEdge-R740 cinder-volume[2348266]: WARNING cinder.keymgr.conf_key_mgr [None req-3ba80142-6f26-4b96-8cdd-88f5a4514347 None None] This key manager is insecure and is not recommended for production deployments: stevedore.exception.NoMatches: No 'castellan.drivers' driver found, looking for 'cinder.keymgr.conf_key_mgr.ConfKeyManager'
Jul 08 01:17:32 datacore-PowerEdge-R740 cinder-volume[2348266]: ERROR cinder.cmd.volume [None req-3ba80142-6f26-4b96-8cdd-88f5a4514347 None None] Volume service hostgroup@datacore_iscsi1 failed to start.: ModuleNotFoundError: No module named 'cinder.volume.drivers.datacore.iscsi'
Jul 08 01:17:32 datacore-PowerEdge-R740 cinder-volume[2348266]: ERROR cinder.cmd.volume Traceback (most recent call last):
Jul 08 01:17:32 datacore-PowerEdge-R740 cinder-volume[2348266]: ERROR cinder.cmd.volume   File "/opt/stack/cinder/cinder/cmd/volume.py", line 99, in _launch_service
Jul 08 01:17:32 datacore-PowerEdge-R740 cinder-volume[2348266]: ERROR cinder.cmd.volume     server = service.Service.create(host=host,
Jul 08 01:17:32 datacore-PowerEdge-R740 cinder-volume[2348266]: ERROR cinder.cmd.volume   File "/opt/stack/cinder/cinder/service.py", line 394, in create
Jul 08 01:17:32 datacore-PowerEdge-R740 cinder-volume[2348266]: ERROR cinder.cmd.volume     service_obj = cls(host, binary, topic, manager,
Jul 08 01:17:32 datacore-PowerEdge-R740 cinder-volume[2348266]: ERROR cinder.cmd.volume   File "/opt/stack/cinder/cinder/service.py", line 152, in __init__
Jul 08 01:17:32 datacore-PowerEdge-R740 cinder-volume[2348266]: ERROR cinder.cmd.volume     self.manager = manager_class(host=self.host,
Jul 08 01:17:32 datacore-PowerEdge-R740 cinder-volume[2348266]: ERROR cinder.cmd.volume   File "/opt/stack/cinder/cinder/volume/manager.py", line 313, in __init__
Jul 08 01:17:32 datacore-PowerEdge-R740 cinder-volume[2348266]: ERROR cinder.cmd.volume     self.driver = importutils.import_object(
Jul 08 01:17:32 datacore-PowerEdge-R740 cinder-volume[2348266]: ERROR cinder.cmd.volume   File "/usr/local/lib/python3.8/dist-packages/oslo_utils/importutils.py", line 44, in import_object
Jul 08 01:17:32 datacore-PowerEdge-R740 cinder-volume[2348266]: ERROR cinder.cmd.volume     return import_class(import_str)(*args, **kwargs)
Jul 08 01:17:32 datacore-PowerEdge-R740 cinder-volume[2348266]: ERROR cinder.cmd.volume   File "/usr/local/lib/python3.8/dist-packages/oslo_utils/importutils.py", line 30, in import_class
Jul 08 01:17:32 datacore-PowerEdge-R740 cinder-volume[2348266]: ERROR cinder.cmd.volume     __import__(mod_str)
Jul 08 01:17:32 datacore-PowerEdge-R740 cinder-volume[2348266]: ERROR cinder.cmd.volume ModuleNotFoundError: No module named 'cinder.volume.drivers.datacore.iscsi'
Jul 08 01:17:32 datacore-PowerEdge-R740 cinder-volume[2348266]: ERROR cinder.cmd.volume 
Jul 08 01:17:32 datacore-PowerEdge-R740 cinder-volume[2348266]: ERROR cinder.cmd.volume [None req-3ba80142-6f26-4b96-8cdd-88f5a4514347 None None] No volume service(s) started successfully, terminating.
Jul 08 01:17:32 datacore-PowerEdge-R740 cinder-volume[2348266]: /usr/lib/python3/dist-packages/secretstorage/dhcrypto.py:15: CryptographyDeprecationWarning: int_from_bytes is deprecated, use int.from_bytes instead
Jul 08 01:17:32 datacore-PowerEdge-R740 cinder-volume[2348266]:   from cryptography.utils import int_from_bytes
Jul 08 01:17:32 datacore-PowerEdge-R740 cinder-volume[2348266]: /usr/lib/python3/dist-packages/secretstorage/util.py:19: CryptographyDeprecationWarning: int_from_bytes is deprecated, use int.from_bytes instead
Jul 08 01:17:32 datacore-PowerEdge-R740 cinder-volume[2348266]:   from cryptography.utils import int_from_bytes
Jul 08 01:17:32 datacore-PowerEdge-R740 cinder-volume[2348266]: /opt/stack/cinder/cinder/db/sqlalchemy/models.py:152: SAWarning: implicitly coercing SELECT object to scalar subquery; please use the .scalar_subquery() method to produce a scalar subquery.
Jul 08 01:17:32 datacore-PowerEdge-R740 cinder-volume[2348266]:   last_heartbeat = column_property(
Jul 08 01:17:32 datacore-PowerEdge-R740 cinder-volume[2348266]: /opt/stack/cinder/cinder/db/sqlalchemy/models.py:160: SAWarning: implicitly coercing SELECT object to scalar subquery; please use the .scalar_subquery() method to produce a scalar subquery.
Jul 08 01:17:32 datacore-PowerEdge-R740 cinder-volume[2348266]:   num_hosts = column_property(
Jul 08 01:17:32 datacore-PowerEdge-R740 cinder-volume[2348266]: /opt/stack/cinder/cinder/db/sqlalchemy/models.py:169: SAWarning: implicitly coercing SELECT object to scalar subquery; please use the .scalar_subquery() method to produce a scalar subquery.
Jul 08 01:17:32 datacore-PowerEdge-R740 cinder-volume[2348266]:   num_down_hosts = column_property(
Jul 08 01:17:33 datacore-PowerEdge-R740 systemd[1]: devstack@c-vol.service: Main process exited, code=exited, status=1/FAILURE
Jul 08 01:17:33 datacore-PowerEdge-R740 systemd[1]: devstack@c-vol.service: Failed with result 'exit-code'.
