-- Logs begin at Wed 2022-06-29 14:47:59 IST, end at Wed 2022-06-29 16:14:16 IST. --
Jun 29 16:02:43 datacore-PowerEdge-R740 systemd[1]: Started Devstack devstack@c-vol.service.
Jun 29 16:02:45 datacore-PowerEdge-R740 cinder-volume[291587]: DEBUG oslo_concurrency.lockutils [-] Acquired lock "singleton_lock" {{(pid=291587) lock /usr/local/lib/python3.8/dist-packages/oslo_concurrency/lockutils.py:294}}
Jun 29 16:02:45 datacore-PowerEdge-R740 cinder-volume[291587]: DEBUG oslo_concurrency.lockutils [-] Releasing lock "singleton_lock" {{(pid=291587) lock /usr/local/lib/python3.8/dist-packages/oslo_concurrency/lockutils.py:312}}
Jun 29 16:02:45 datacore-PowerEdge-R740 cinder-volume[291587]: INFO dbcounter [None req-2df1081d-b57e-4cc7-8fee-33b29912adfc None None] Registered counter for database cinder
Jun 29 16:02:45 datacore-PowerEdge-R740 cinder-volume[291587]: DEBUG oslo_db.sqlalchemy.engines [None req-2df1081d-b57e-4cc7-8fee-33b29912adfc None None] MySQL server mode set to STRICT_TRANS_TABLES,STRICT_ALL_TABLES,NO_ZERO_IN_DATE,NO_ZERO_DATE,ERROR_FOR_DIVISION_BY_ZERO,TRADITIONAL,NO_ENGINE_SUBSTITUTION {{(pid=291587) _check_effective_sql_mode /usr/local/lib/python3.8/dist-packages/oslo_db/sqlalchemy/engines.py:314}}
Jun 29 16:02:45 datacore-PowerEdge-R740 cinder-volume[291587]: DEBUG dbcounter [-] [291587] Writer thread running {{(pid=291587) stat_writer /usr/local/lib/python3.8/dist-packages/dbcounter.py:99}}
Jun 29 16:02:45 datacore-PowerEdge-R740 cinder-volume[291587]: INFO cinder.rpc [None req-2df1081d-b57e-4cc7-8fee-33b29912adfc None None] Automatically selected cinder-scheduler objects version 1.39 as minimum service version.
Jun 29 16:02:45 datacore-PowerEdge-R740 cinder-volume[291587]: INFO cinder.rpc [None req-2df1081d-b57e-4cc7-8fee-33b29912adfc None None] Automatically selected cinder-scheduler RPC version 3.12 as minimum service version.
Jun 29 16:02:45 datacore-PowerEdge-R740 cinder-volume[291587]: DEBUG oslo_db.sqlalchemy.engines [None req-2df1081d-b57e-4cc7-8fee-33b29912adfc None None] MySQL server mode set to STRICT_TRANS_TABLES,STRICT_ALL_TABLES,NO_ZERO_IN_DATE,NO_ZERO_DATE,ERROR_FOR_DIVISION_BY_ZERO,TRADITIONAL,NO_ENGINE_SUBSTITUTION {{(pid=291587) _check_effective_sql_mode /usr/local/lib/python3.8/dist-packages/oslo_db/sqlalchemy/engines.py:314}}
Jun 29 16:02:45 datacore-PowerEdge-R740 cinder-volume[291587]: INFO cinder.volume.manager [None req-2df1081d-b57e-4cc7-8fee-33b29912adfc None None] Determined volume DB was empty at startup.
Jun 29 16:02:45 datacore-PowerEdge-R740 cinder-volume[291587]: DEBUG cinder.volume.manager [None req-2df1081d-b57e-4cc7-8fee-33b29912adfc None None] Cinder Volume DB check: vol_db_empty=True {{(pid=291587) __init__ /opt/stack/cinder/cinder/volume/manager.py:290}}
Jun 29 16:02:45 datacore-PowerEdge-R740 cinder-volume[291587]: WARNING stevedore.named [None req-2df1081d-b57e-4cc7-8fee-33b29912adfc None None] Could not load cinder.keymgr.conf_key_mgr.ConfKeyManager
Jun 29 16:02:45 datacore-PowerEdge-R740 cinder-volume[291587]: WARNING castellan.key_manager [None req-2df1081d-b57e-4cc7-8fee-33b29912adfc None None] Deprecation Warning : cinder.keymgr.conf_key_mgr.ConfKeyManager is not a stevedore based driver, trying to load it as a class: stevedore.exception.NoMatches: No 'castellan.drivers' driver found, looking for 'cinder.keymgr.conf_key_mgr.ConfKeyManager'
Jun 29 16:02:45 datacore-PowerEdge-R740 cinder-volume[291587]: WARNING cinder.keymgr.conf_key_mgr [None req-2df1081d-b57e-4cc7-8fee-33b29912adfc None None] This key manager is insecure and is not recommended for production deployments: stevedore.exception.NoMatches: No 'castellan.drivers' driver found, looking for 'cinder.keymgr.conf_key_mgr.ConfKeyManager'
Jun 29 16:02:45 datacore-PowerEdge-R740 cinder-volume[291587]: ERROR cinder.cmd.volume [None req-2df1081d-b57e-4cc7-8fee-33b29912adfc None None] Volume service hostgroup@datacore_iscsi1 failed to start.: ModuleNotFoundError: No module named 'cinder.volume.drivers.datacore.iscsi'
Jun 29 16:02:45 datacore-PowerEdge-R740 cinder-volume[291587]: ERROR cinder.cmd.volume Traceback (most recent call last):
Jun 29 16:02:45 datacore-PowerEdge-R740 cinder-volume[291587]: ERROR cinder.cmd.volume   File "/opt/stack/cinder/cinder/cmd/volume.py", line 99, in _launch_service
Jun 29 16:02:45 datacore-PowerEdge-R740 cinder-volume[291587]: ERROR cinder.cmd.volume     server = service.Service.create(host=host,
Jun 29 16:02:45 datacore-PowerEdge-R740 cinder-volume[291587]: ERROR cinder.cmd.volume   File "/opt/stack/cinder/cinder/service.py", line 394, in create
Jun 29 16:02:45 datacore-PowerEdge-R740 cinder-volume[291587]: ERROR cinder.cmd.volume     service_obj = cls(host, binary, topic, manager,
Jun 29 16:02:45 datacore-PowerEdge-R740 cinder-volume[291587]: ERROR cinder.cmd.volume   File "/opt/stack/cinder/cinder/service.py", line 152, in __init__
Jun 29 16:02:45 datacore-PowerEdge-R740 cinder-volume[291587]: ERROR cinder.cmd.volume     self.manager = manager_class(host=self.host,
Jun 29 16:02:45 datacore-PowerEdge-R740 cinder-volume[291587]: ERROR cinder.cmd.volume   File "/opt/stack/cinder/cinder/volume/manager.py", line 313, in __init__
Jun 29 16:02:45 datacore-PowerEdge-R740 cinder-volume[291587]: ERROR cinder.cmd.volume     self.driver = importutils.import_object(
Jun 29 16:02:45 datacore-PowerEdge-R740 cinder-volume[291587]: ERROR cinder.cmd.volume   File "/usr/local/lib/python3.8/dist-packages/oslo_utils/importutils.py", line 44, in import_object
Jun 29 16:02:45 datacore-PowerEdge-R740 cinder-volume[291587]: ERROR cinder.cmd.volume     return import_class(import_str)(*args, **kwargs)
Jun 29 16:02:45 datacore-PowerEdge-R740 cinder-volume[291587]: ERROR cinder.cmd.volume   File "/usr/local/lib/python3.8/dist-packages/oslo_utils/importutils.py", line 30, in import_class
Jun 29 16:02:45 datacore-PowerEdge-R740 cinder-volume[291587]: ERROR cinder.cmd.volume     __import__(mod_str)
Jun 29 16:02:45 datacore-PowerEdge-R740 cinder-volume[291587]: ERROR cinder.cmd.volume ModuleNotFoundError: No module named 'cinder.volume.drivers.datacore.iscsi'
Jun 29 16:02:45 datacore-PowerEdge-R740 cinder-volume[291587]: ERROR cinder.cmd.volume 
Jun 29 16:02:45 datacore-PowerEdge-R740 cinder-volume[291587]: ERROR cinder.cmd.volume [None req-2df1081d-b57e-4cc7-8fee-33b29912adfc None None] No volume service(s) started successfully, terminating.
Jun 29 16:02:45 datacore-PowerEdge-R740 cinder-volume[291587]: /usr/lib/python3/dist-packages/secretstorage/dhcrypto.py:15: CryptographyDeprecationWarning: int_from_bytes is deprecated, use int.from_bytes instead
Jun 29 16:02:45 datacore-PowerEdge-R740 cinder-volume[291587]:   from cryptography.utils import int_from_bytes
Jun 29 16:02:45 datacore-PowerEdge-R740 cinder-volume[291587]: /usr/lib/python3/dist-packages/secretstorage/util.py:19: CryptographyDeprecationWarning: int_from_bytes is deprecated, use int.from_bytes instead
Jun 29 16:02:45 datacore-PowerEdge-R740 cinder-volume[291587]:   from cryptography.utils import int_from_bytes
Jun 29 16:02:45 datacore-PowerEdge-R740 cinder-volume[291587]: /opt/stack/cinder/cinder/db/sqlalchemy/models.py:152: SAWarning: implicitly coercing SELECT object to scalar subquery; please use the .scalar_subquery() method to produce a scalar subquery.
Jun 29 16:02:45 datacore-PowerEdge-R740 cinder-volume[291587]:   last_heartbeat = column_property(
Jun 29 16:02:45 datacore-PowerEdge-R740 cinder-volume[291587]: /opt/stack/cinder/cinder/db/sqlalchemy/models.py:160: SAWarning: implicitly coercing SELECT object to scalar subquery; please use the .scalar_subquery() method to produce a scalar subquery.
Jun 29 16:02:45 datacore-PowerEdge-R740 cinder-volume[291587]:   num_hosts = column_property(
Jun 29 16:02:45 datacore-PowerEdge-R740 cinder-volume[291587]: /opt/stack/cinder/cinder/db/sqlalchemy/models.py:169: SAWarning: implicitly coercing SELECT object to scalar subquery; please use the .scalar_subquery() method to produce a scalar subquery.
Jun 29 16:02:45 datacore-PowerEdge-R740 cinder-volume[291587]:   num_down_hosts = column_property(
Jun 29 16:02:46 datacore-PowerEdge-R740 systemd[1]: devstack@c-vol.service: Main process exited, code=exited, status=1/FAILURE
Jun 29 16:02:46 datacore-PowerEdge-R740 systemd[1]: devstack@c-vol.service: Failed with result 'exit-code'.
Jun 29 16:03:02 datacore-PowerEdge-R740 systemd[1]: Started Devstack devstack@c-vol.service.
Jun 29 16:03:04 datacore-PowerEdge-R740 cinder-volume[292197]: DEBUG oslo_concurrency.lockutils [-] Acquired lock "singleton_lock" {{(pid=292197) lock /usr/local/lib/python3.8/dist-packages/oslo_concurrency/lockutils.py:294}}
Jun 29 16:03:04 datacore-PowerEdge-R740 cinder-volume[292197]: DEBUG oslo_concurrency.lockutils [-] Releasing lock "singleton_lock" {{(pid=292197) lock /usr/local/lib/python3.8/dist-packages/oslo_concurrency/lockutils.py:312}}
Jun 29 16:03:04 datacore-PowerEdge-R740 cinder-volume[292197]: INFO dbcounter [None req-76677781-9ef2-41e7-846f-3478200ef747 None None] Registered counter for database cinder
Jun 29 16:03:04 datacore-PowerEdge-R740 cinder-volume[292197]: DEBUG oslo_db.sqlalchemy.engines [None req-76677781-9ef2-41e7-846f-3478200ef747 None None] MySQL server mode set to STRICT_TRANS_TABLES,STRICT_ALL_TABLES,NO_ZERO_IN_DATE,NO_ZERO_DATE,ERROR_FOR_DIVISION_BY_ZERO,TRADITIONAL,NO_ENGINE_SUBSTITUTION {{(pid=292197) _check_effective_sql_mode /usr/local/lib/python3.8/dist-packages/oslo_db/sqlalchemy/engines.py:314}}
Jun 29 16:03:04 datacore-PowerEdge-R740 cinder-volume[292197]: DEBUG dbcounter [-] [292197] Writer thread running {{(pid=292197) stat_writer /usr/local/lib/python3.8/dist-packages/dbcounter.py:99}}
Jun 29 16:03:04 datacore-PowerEdge-R740 cinder-volume[292197]: INFO cinder.rpc [None req-76677781-9ef2-41e7-846f-3478200ef747 None None] Automatically selected cinder-scheduler objects version 1.39 as minimum service version.
Jun 29 16:03:04 datacore-PowerEdge-R740 cinder-volume[292197]: INFO cinder.rpc [None req-76677781-9ef2-41e7-846f-3478200ef747 None None] Automatically selected cinder-scheduler RPC version 3.12 as minimum service version.
Jun 29 16:03:04 datacore-PowerEdge-R740 cinder-volume[292197]: DEBUG oslo_db.sqlalchemy.engines [None req-76677781-9ef2-41e7-846f-3478200ef747 None None] MySQL server mode set to STRICT_TRANS_TABLES,STRICT_ALL_TABLES,NO_ZERO_IN_DATE,NO_ZERO_DATE,ERROR_FOR_DIVISION_BY_ZERO,TRADITIONAL,NO_ENGINE_SUBSTITUTION {{(pid=292197) _check_effective_sql_mode /usr/local/lib/python3.8/dist-packages/oslo_db/sqlalchemy/engines.py:314}}
Jun 29 16:03:04 datacore-PowerEdge-R740 cinder-volume[292197]: INFO cinder.volume.manager [None req-76677781-9ef2-41e7-846f-3478200ef747 None None] Determined volume DB was empty at startup.
Jun 29 16:03:04 datacore-PowerEdge-R740 cinder-volume[292197]: DEBUG cinder.volume.manager [None req-76677781-9ef2-41e7-846f-3478200ef747 None None] Cinder Volume DB check: vol_db_empty=True {{(pid=292197) __init__ /opt/stack/cinder/cinder/volume/manager.py:290}}
Jun 29 16:03:04 datacore-PowerEdge-R740 cinder-volume[292197]: WARNING stevedore.named [None req-76677781-9ef2-41e7-846f-3478200ef747 None None] Could not load cinder.keymgr.conf_key_mgr.ConfKeyManager
Jun 29 16:03:04 datacore-PowerEdge-R740 cinder-volume[292197]: WARNING castellan.key_manager [None req-76677781-9ef2-41e7-846f-3478200ef747 None None] Deprecation Warning : cinder.keymgr.conf_key_mgr.ConfKeyManager is not a stevedore based driver, trying to load it as a class: stevedore.exception.NoMatches: No 'castellan.drivers' driver found, looking for 'cinder.keymgr.conf_key_mgr.ConfKeyManager'
Jun 29 16:03:04 datacore-PowerEdge-R740 cinder-volume[292197]: WARNING cinder.keymgr.conf_key_mgr [None req-76677781-9ef2-41e7-846f-3478200ef747 None None] This key manager is insecure and is not recommended for production deployments: stevedore.exception.NoMatches: No 'castellan.drivers' driver found, looking for 'cinder.keymgr.conf_key_mgr.ConfKeyManager'
Jun 29 16:03:04 datacore-PowerEdge-R740 cinder-volume[292197]: ERROR cinder.cmd.volume [None req-76677781-9ef2-41e7-846f-3478200ef747 None None] Volume service hostgroup@datacore_iscsi1 failed to start.: ModuleNotFoundError: No module named 'cinder.volume.drivers.datacore.iscsi'
Jun 29 16:03:04 datacore-PowerEdge-R740 cinder-volume[292197]: ERROR cinder.cmd.volume Traceback (most recent call last):
Jun 29 16:03:04 datacore-PowerEdge-R740 cinder-volume[292197]: ERROR cinder.cmd.volume   File "/opt/stack/cinder/cinder/cmd/volume.py", line 99, in _launch_service
Jun 29 16:03:04 datacore-PowerEdge-R740 cinder-volume[292197]: ERROR cinder.cmd.volume     server = service.Service.create(host=host,
Jun 29 16:03:04 datacore-PowerEdge-R740 cinder-volume[292197]: ERROR cinder.cmd.volume   File "/opt/stack/cinder/cinder/service.py", line 394, in create
Jun 29 16:03:04 datacore-PowerEdge-R740 cinder-volume[292197]: ERROR cinder.cmd.volume     service_obj = cls(host, binary, topic, manager,
Jun 29 16:03:04 datacore-PowerEdge-R740 cinder-volume[292197]: ERROR cinder.cmd.volume   File "/opt/stack/cinder/cinder/service.py", line 152, in __init__
Jun 29 16:03:04 datacore-PowerEdge-R740 cinder-volume[292197]: ERROR cinder.cmd.volume     self.manager = manager_class(host=self.host,
Jun 29 16:03:04 datacore-PowerEdge-R740 cinder-volume[292197]: ERROR cinder.cmd.volume   File "/opt/stack/cinder/cinder/volume/manager.py", line 313, in __init__
Jun 29 16:03:04 datacore-PowerEdge-R740 cinder-volume[292197]: ERROR cinder.cmd.volume     self.driver = importutils.import_object(
Jun 29 16:03:04 datacore-PowerEdge-R740 cinder-volume[292197]: ERROR cinder.cmd.volume   File "/usr/local/lib/python3.8/dist-packages/oslo_utils/importutils.py", line 44, in import_object
Jun 29 16:03:04 datacore-PowerEdge-R740 cinder-volume[292197]: ERROR cinder.cmd.volume     return import_class(import_str)(*args, **kwargs)
Jun 29 16:03:04 datacore-PowerEdge-R740 cinder-volume[292197]: ERROR cinder.cmd.volume   File "/usr/local/lib/python3.8/dist-packages/oslo_utils/importutils.py", line 30, in import_class
Jun 29 16:03:04 datacore-PowerEdge-R740 cinder-volume[292197]: ERROR cinder.cmd.volume     __import__(mod_str)
Jun 29 16:03:04 datacore-PowerEdge-R740 cinder-volume[292197]: ERROR cinder.cmd.volume ModuleNotFoundError: No module named 'cinder.volume.drivers.datacore.iscsi'
Jun 29 16:03:04 datacore-PowerEdge-R740 cinder-volume[292197]: ERROR cinder.cmd.volume 
Jun 29 16:03:04 datacore-PowerEdge-R740 cinder-volume[292197]: ERROR cinder.cmd.volume [None req-76677781-9ef2-41e7-846f-3478200ef747 None None] No volume service(s) started successfully, terminating.
Jun 29 16:03:04 datacore-PowerEdge-R740 cinder-volume[292197]: /usr/lib/python3/dist-packages/secretstorage/dhcrypto.py:15: CryptographyDeprecationWarning: int_from_bytes is deprecated, use int.from_bytes instead
Jun 29 16:03:04 datacore-PowerEdge-R740 cinder-volume[292197]:   from cryptography.utils import int_from_bytes
Jun 29 16:03:04 datacore-PowerEdge-R740 cinder-volume[292197]: /usr/lib/python3/dist-packages/secretstorage/util.py:19: CryptographyDeprecationWarning: int_from_bytes is deprecated, use int.from_bytes instead
Jun 29 16:03:04 datacore-PowerEdge-R740 cinder-volume[292197]:   from cryptography.utils import int_from_bytes
Jun 29 16:03:04 datacore-PowerEdge-R740 cinder-volume[292197]: /opt/stack/cinder/cinder/db/sqlalchemy/models.py:152: SAWarning: implicitly coercing SELECT object to scalar subquery; please use the .scalar_subquery() method to produce a scalar subquery.
Jun 29 16:03:04 datacore-PowerEdge-R740 cinder-volume[292197]:   last_heartbeat = column_property(
Jun 29 16:03:04 datacore-PowerEdge-R740 cinder-volume[292197]: /opt/stack/cinder/cinder/db/sqlalchemy/models.py:160: SAWarning: implicitly coercing SELECT object to scalar subquery; please use the .scalar_subquery() method to produce a scalar subquery.
Jun 29 16:03:04 datacore-PowerEdge-R740 cinder-volume[292197]:   num_hosts = column_property(
Jun 29 16:03:04 datacore-PowerEdge-R740 cinder-volume[292197]: /opt/stack/cinder/cinder/db/sqlalchemy/models.py:169: SAWarning: implicitly coercing SELECT object to scalar subquery; please use the .scalar_subquery() method to produce a scalar subquery.
Jun 29 16:03:04 datacore-PowerEdge-R740 cinder-volume[292197]:   num_down_hosts = column_property(
Jun 29 16:03:05 datacore-PowerEdge-R740 systemd[1]: devstack@c-vol.service: Main process exited, code=exited, status=1/FAILURE
Jun 29 16:03:05 datacore-PowerEdge-R740 systemd[1]: devstack@c-vol.service: Failed with result 'exit-code'.
