-- Logs begin at Wed 2022-09-21 21:32:43 IST, end at Wed 2022-09-21 21:32:54 IST. --
Sep 21 21:32:43 datacore-PowerEdge-R740 sudo[3223585]: pam_unix(sudo:session): session closed for user root
Sep 21 21:32:43 datacore-PowerEdge-R740 cinder-volume[3223510]: DEBUG oslo_concurrency.processutils [None req-0a687f10-f7f8-4d5e-9d5b-17805be6cd9b None None] CMD "sudo cinder-rootwrap /etc/cinder/rootwrap.conf env LC_ALL=C lvs --noheadings --unit=g -o vg_name,name,size --nosuffix --readonly stack-volumes-lvmdriver-1/stack-volumes-lvmdriver-1-pool" returned: 0 in 0.923s {{(pid=3223510) execute /usr/local/lib/python3.8/dist-packages/oslo_concurrency/processutils.py:422}}
Sep 21 21:32:43 datacore-PowerEdge-R740 cinder-volume[3223510]: DEBUG oslo_concurrency.processutils [None req-0a687f10-f7f8-4d5e-9d5b-17805be6cd9b None None] Running cmd (subprocess): env LC_ALL=C lvm version {{(pid=3223510) execute /usr/local/lib/python3.8/dist-packages/oslo_concurrency/processutils.py:384}}
Sep 21 21:32:43 datacore-PowerEdge-R740 cinder-volume[3223510]: DEBUG oslo_concurrency.processutils [None req-0a687f10-f7f8-4d5e-9d5b-17805be6cd9b None None] CMD "env LC_ALL=C lvm version" returned: 0 in 0.015s {{(pid=3223510) execute /usr/local/lib/python3.8/dist-packages/oslo_concurrency/processutils.py:422}}
Sep 21 21:32:43 datacore-PowerEdge-R740 cinder-volume[3223510]: DEBUG oslo_concurrency.processutils [None req-0a687f10-f7f8-4d5e-9d5b-17805be6cd9b None None] Running cmd (subprocess): sudo cinder-rootwrap /etc/cinder/rootwrap.conf lvchange -a y --yes -K stack-volumes-lvmdriver-1/stack-volumes-lvmdriver-1-pool {{(pid=3223510) execute /usr/local/lib/python3.8/dist-packages/oslo_concurrency/processutils.py:384}}
Sep 21 21:32:43 datacore-PowerEdge-R740 sudo[3223690]:    stack : TTY=unknown ; PWD=/ ; USER=root ; COMMAND=/usr/local/bin/cinder-rootwrap /etc/cinder/rootwrap.conf lvchange -a y --yes -K stack-volumes-lvmdriver-1/stack-volumes-lvmdriver-1-pool
Sep 21 21:32:43 datacore-PowerEdge-R740 sudo[3223690]: pam_unix(sudo:session): session opened for user root by (uid=0)
Sep 21 21:32:44 datacore-PowerEdge-R740 sudo[3223690]: pam_unix(sudo:session): session closed for user root
Sep 21 21:32:44 datacore-PowerEdge-R740 cinder-volume[3223510]: DEBUG oslo_concurrency.processutils [None req-0a687f10-f7f8-4d5e-9d5b-17805be6cd9b None None] CMD "sudo cinder-rootwrap /etc/cinder/rootwrap.conf lvchange -a y --yes -K stack-volumes-lvmdriver-1/stack-volumes-lvmdriver-1-pool" returned: 0 in 0.794s {{(pid=3223510) execute /usr/local/lib/python3.8/dist-packages/oslo_concurrency/processutils.py:422}}
Sep 21 21:32:44 datacore-PowerEdge-R740 cinder-volume[3223510]: DEBUG oslo_concurrency.processutils [None req-0a687f10-f7f8-4d5e-9d5b-17805be6cd9b None None] Running cmd (subprocess): env LC_ALL=C lvm version {{(pid=3223510) execute /usr/local/lib/python3.8/dist-packages/oslo_concurrency/processutils.py:384}}
Sep 21 21:32:44 datacore-PowerEdge-R740 cinder-volume[3223510]: DEBUG oslo_concurrency.processutils [None req-0a687f10-f7f8-4d5e-9d5b-17805be6cd9b None None] CMD "env LC_ALL=C lvm version" returned: 0 in 0.019s {{(pid=3223510) execute /usr/local/lib/python3.8/dist-packages/oslo_concurrency/processutils.py:422}}
Sep 21 21:32:44 datacore-PowerEdge-R740 cinder-volume[3223510]: DEBUG oslo_concurrency.processutils [None req-0a687f10-f7f8-4d5e-9d5b-17805be6cd9b None None] Running cmd (subprocess): sudo cinder-rootwrap /etc/cinder/rootwrap.conf env LC_ALL=C pvs --noheadings --unit=g -o vg_name,name,size,free --separator | --nosuffix --ignoreskippedcluster {{(pid=3223510) execute /usr/local/lib/python3.8/dist-packages/oslo_concurrency/processutils.py:384}}
Sep 21 21:32:44 datacore-PowerEdge-R740 sudo[3223761]:    stack : TTY=unknown ; PWD=/ ; USER=root ; COMMAND=/usr/local/bin/cinder-rootwrap /etc/cinder/rootwrap.conf env LC_ALL=C pvs --noheadings --unit=g -o vg_name,name,size,free --separator | --nosuffix --ignoreskippedcluster
Sep 21 21:32:44 datacore-PowerEdge-R740 sudo[3223761]: pam_unix(sudo:session): session opened for user root by (uid=0)
Sep 21 21:32:44 datacore-PowerEdge-R740 sudo[3223761]: pam_unix(sudo:session): session closed for user root
Sep 21 21:32:44 datacore-PowerEdge-R740 cinder-volume[3223510]: DEBUG oslo_concurrency.processutils [None req-0a687f10-f7f8-4d5e-9d5b-17805be6cd9b None None] CMD "sudo cinder-rootwrap /etc/cinder/rootwrap.conf env LC_ALL=C pvs --noheadings --unit=g -o vg_name,name,size,free --separator | --nosuffix --ignoreskippedcluster" returned: 0 in 0.651s {{(pid=3223510) execute /usr/local/lib/python3.8/dist-packages/oslo_concurrency/processutils.py:422}}
Sep 21 21:32:44 datacore-PowerEdge-R740 cinder-volume[3223510]: DEBUG oslo_concurrency.processutils [None req-0a687f10-f7f8-4d5e-9d5b-17805be6cd9b None None] Running cmd (subprocess): sudo cinder-rootwrap /etc/cinder/rootwrap.conf env LC_ALL=C vgs --noheadings --unit=g -o name,size,free,lv_count,uuid --separator : --nosuffix stack-volumes-lvmdriver-1 {{(pid=3223510) execute /usr/local/lib/python3.8/dist-packages/oslo_concurrency/processutils.py:384}}
Sep 21 21:32:44 datacore-PowerEdge-R740 sudo[3223767]:    stack : TTY=unknown ; PWD=/ ; USER=root ; COMMAND=/usr/local/bin/cinder-rootwrap /etc/cinder/rootwrap.conf env LC_ALL=C vgs --noheadings --unit=g -o name,size,free,lv_count,uuid --separator : --nosuffix stack-volumes-lvmdriver-1
Sep 21 21:32:44 datacore-PowerEdge-R740 sudo[3223767]: pam_unix(sudo:session): session opened for user root by (uid=0)
Sep 21 21:32:45 datacore-PowerEdge-R740 sudo[3223767]: pam_unix(sudo:session): session closed for user root
Sep 21 21:32:45 datacore-PowerEdge-R740 cinder-volume[3223510]: DEBUG oslo_concurrency.processutils [None req-0a687f10-f7f8-4d5e-9d5b-17805be6cd9b None None] CMD "sudo cinder-rootwrap /etc/cinder/rootwrap.conf env LC_ALL=C vgs --noheadings --unit=g -o name,size,free,lv_count,uuid --separator : --nosuffix stack-volumes-lvmdriver-1" returned: 0 in 0.704s {{(pid=3223510) execute /usr/local/lib/python3.8/dist-packages/oslo_concurrency/processutils.py:422}}
Sep 21 21:32:45 datacore-PowerEdge-R740 cinder-volume[3223510]: DEBUG oslo_concurrency.processutils [None req-0a687f10-f7f8-4d5e-9d5b-17805be6cd9b None None] Running cmd (subprocess): sudo cinder-rootwrap /etc/cinder/rootwrap.conf env LC_ALL=C vgs --noheadings --unit=g -o name,size,free,lv_count,uuid --separator : --nosuffix stack-volumes-lvmdriver-1 {{(pid=3223510) execute /usr/local/lib/python3.8/dist-packages/oslo_concurrency/processutils.py:384}}
Sep 21 21:32:45 datacore-PowerEdge-R740 sudo[3223802]:    stack : TTY=unknown ; PWD=/ ; USER=root ; COMMAND=/usr/local/bin/cinder-rootwrap /etc/cinder/rootwrap.conf env LC_ALL=C vgs --noheadings --unit=g -o name,size,free,lv_count,uuid --separator : --nosuffix stack-volumes-lvmdriver-1
Sep 21 21:32:45 datacore-PowerEdge-R740 sudo[3223802]: pam_unix(sudo:session): session opened for user root by (uid=0)
Sep 21 21:32:46 datacore-PowerEdge-R740 sudo[3223802]: pam_unix(sudo:session): session closed for user root
Sep 21 21:32:46 datacore-PowerEdge-R740 cinder-volume[3223510]: DEBUG oslo_concurrency.processutils [None req-0a687f10-f7f8-4d5e-9d5b-17805be6cd9b None None] CMD "sudo cinder-rootwrap /etc/cinder/rootwrap.conf env LC_ALL=C vgs --noheadings --unit=g -o name,size,free,lv_count,uuid --separator : --nosuffix stack-volumes-lvmdriver-1" returned: 0 in 0.656s {{(pid=3223510) execute /usr/local/lib/python3.8/dist-packages/oslo_concurrency/processutils.py:422}}
Sep 21 21:32:46 datacore-PowerEdge-R740 cinder-volume[3223510]: DEBUG oslo_concurrency.processutils [None req-0a687f10-f7f8-4d5e-9d5b-17805be6cd9b None None] Running cmd (subprocess): sudo cinder-rootwrap /etc/cinder/rootwrap.conf env LC_ALL=C lvs --noheadings --unit=g -o vg_name,name,size --nosuffix --readonly stack-volumes-lvmdriver-1 {{(pid=3223510) execute /usr/local/lib/python3.8/dist-packages/oslo_concurrency/processutils.py:384}}
Sep 21 21:32:46 datacore-PowerEdge-R740 sudo[3223807]:    stack : TTY=unknown ; PWD=/ ; USER=root ; COMMAND=/usr/local/bin/cinder-rootwrap /etc/cinder/rootwrap.conf env LC_ALL=C lvs --noheadings --unit=g -o vg_name,name,size --nosuffix --readonly stack-volumes-lvmdriver-1
Sep 21 21:32:46 datacore-PowerEdge-R740 sudo[3223807]: pam_unix(sudo:session): session opened for user root by (uid=0)
Sep 21 21:32:46 datacore-PowerEdge-R740 sudo[3223807]: pam_unix(sudo:session): session closed for user root
Sep 21 21:32:46 datacore-PowerEdge-R740 cinder-volume[3223510]: DEBUG oslo_concurrency.processutils [None req-0a687f10-f7f8-4d5e-9d5b-17805be6cd9b None None] CMD "sudo cinder-rootwrap /etc/cinder/rootwrap.conf env LC_ALL=C lvs --noheadings --unit=g -o vg_name,name,size --nosuffix --readonly stack-volumes-lvmdriver-1" returned: 0 in 0.640s {{(pid=3223510) execute /usr/local/lib/python3.8/dist-packages/oslo_concurrency/processutils.py:422}}
Sep 21 21:32:46 datacore-PowerEdge-R740 cinder-volume[3223510]: DEBUG oslo_concurrency.processutils [None req-0a687f10-f7f8-4d5e-9d5b-17805be6cd9b None None] Running cmd (subprocess): sudo cinder-rootwrap /etc/cinder/rootwrap.conf env LC_ALL=C lvs --noheadings --unit=g -o size,data_percent --separator : --nosuffix /dev/stack-volumes-lvmdriver-1/stack-volumes-lvmdriver-1-pool {{(pid=3223510) execute /usr/local/lib/python3.8/dist-packages/oslo_concurrency/processutils.py:384}}
Sep 21 21:32:46 datacore-PowerEdge-R740 sudo[3223811]:    stack : TTY=unknown ; PWD=/ ; USER=root ; COMMAND=/usr/local/bin/cinder-rootwrap /etc/cinder/rootwrap.conf env LC_ALL=C lvs --noheadings --unit=g -o size,data_percent --separator : --nosuffix /dev/stack-volumes-lvmdriver-1/stack-volumes-lvmdriver-1-pool
Sep 21 21:32:46 datacore-PowerEdge-R740 sudo[3223811]: pam_unix(sudo:session): session opened for user root by (uid=0)
Sep 21 21:32:47 datacore-PowerEdge-R740 sudo[3223811]: pam_unix(sudo:session): session closed for user root
Sep 21 21:32:47 datacore-PowerEdge-R740 cinder-volume[3223510]: DEBUG oslo_concurrency.processutils [None req-0a687f10-f7f8-4d5e-9d5b-17805be6cd9b None None] CMD "sudo cinder-rootwrap /etc/cinder/rootwrap.conf env LC_ALL=C lvs --noheadings --unit=g -o size,data_percent --separator : --nosuffix /dev/stack-volumes-lvmdriver-1/stack-volumes-lvmdriver-1-pool" returned: 0 in 0.632s {{(pid=3223510) execute /usr/local/lib/python3.8/dist-packages/oslo_concurrency/processutils.py:422}}
Sep 21 21:32:47 datacore-PowerEdge-R740 cinder-volume[3223510]: DEBUG oslo_concurrency.processutils [None req-0a687f10-f7f8-4d5e-9d5b-17805be6cd9b None None] Running cmd (subprocess): env LC_ALL=C lvm version {{(pid=3223510) execute /usr/local/lib/python3.8/dist-packages/oslo_concurrency/processutils.py:384}}
Sep 21 21:32:47 datacore-PowerEdge-R740 cinder-volume[3223510]: DEBUG oslo_concurrency.processutils [None req-0a687f10-f7f8-4d5e-9d5b-17805be6cd9b None None] CMD "env LC_ALL=C lvm version" returned: 0 in 0.021s {{(pid=3223510) execute /usr/local/lib/python3.8/dist-packages/oslo_concurrency/processutils.py:422}}
Sep 21 21:32:47 datacore-PowerEdge-R740 cinder-volume[3223510]: DEBUG oslo_concurrency.processutils [None req-0a687f10-f7f8-4d5e-9d5b-17805be6cd9b None None] Running cmd (subprocess): sudo cinder-rootwrap /etc/cinder/rootwrap.conf env LC_ALL=C lvs --noheadings --unit=g -o vg_name,name,size --nosuffix --readonly stack-volumes-lvmdriver-1/stack-volumes-lvmdriver-1-pool {{(pid=3223510) execute /usr/local/lib/python3.8/dist-packages/oslo_concurrency/processutils.py:384}}
Sep 21 21:32:47 datacore-PowerEdge-R740 sudo[3223816]:    stack : TTY=unknown ; PWD=/ ; USER=root ; COMMAND=/usr/local/bin/cinder-rootwrap /etc/cinder/rootwrap.conf env LC_ALL=C lvs --noheadings --unit=g -o vg_name,name,size --nosuffix --readonly stack-volumes-lvmdriver-1/stack-volumes-lvmdriver-1-pool
Sep 21 21:32:47 datacore-PowerEdge-R740 sudo[3223816]: pam_unix(sudo:session): session opened for user root by (uid=0)
Sep 21 21:32:48 datacore-PowerEdge-R740 sudo[3223816]: pam_unix(sudo:session): session closed for user root
Sep 21 21:32:48 datacore-PowerEdge-R740 cinder-volume[3223510]: DEBUG oslo_concurrency.processutils [None req-0a687f10-f7f8-4d5e-9d5b-17805be6cd9b None None] CMD "sudo cinder-rootwrap /etc/cinder/rootwrap.conf env LC_ALL=C lvs --noheadings --unit=g -o vg_name,name,size --nosuffix --readonly stack-volumes-lvmdriver-1/stack-volumes-lvmdriver-1-pool" returned: 0 in 0.657s {{(pid=3223510) execute /usr/local/lib/python3.8/dist-packages/oslo_concurrency/processutils.py:422}}
Sep 21 21:32:48 datacore-PowerEdge-R740 cinder-volume[3223510]: INFO cinder.volume.drivers.lvm [None req-0a687f10-f7f8-4d5e-9d5b-17805be6cd9b None None] Enabling LVM thin provisioning by default because a thin pool exists.
Sep 21 21:32:48 datacore-PowerEdge-R740 cinder-volume[3223510]: DEBUG oslo_concurrency.processutils [None req-0a687f10-f7f8-4d5e-9d5b-17805be6cd9b None None] Running cmd (subprocess): env LC_ALL=C lvm version {{(pid=3223510) execute /usr/local/lib/python3.8/dist-packages/oslo_concurrency/processutils.py:384}}
Sep 21 21:32:48 datacore-PowerEdge-R740 cinder-volume[3223510]: DEBUG oslo_concurrency.processutils [None req-0a687f10-f7f8-4d5e-9d5b-17805be6cd9b None None] CMD "env LC_ALL=C lvm version" returned: 0 in 0.014s {{(pid=3223510) execute /usr/local/lib/python3.8/dist-packages/oslo_concurrency/processutils.py:422}}
Sep 21 21:32:48 datacore-PowerEdge-R740 cinder-volume[3223510]: DEBUG oslo_concurrency.processutils [None req-0a687f10-f7f8-4d5e-9d5b-17805be6cd9b None None] Running cmd (subprocess): sudo cinder-rootwrap /etc/cinder/rootwrap.conf env LC_ALL=C lvs --noheadings --unit=g -o vg_name,name,size --nosuffix --readonly stack-volumes-lvmdriver-1/stack-volumes-lvmdriver-1-pool {{(pid=3223510) execute /usr/local/lib/python3.8/dist-packages/oslo_concurrency/processutils.py:384}}
Sep 21 21:32:48 datacore-PowerEdge-R740 sudo[3223823]:    stack : TTY=unknown ; PWD=/ ; USER=root ; COMMAND=/usr/local/bin/cinder-rootwrap /etc/cinder/rootwrap.conf env LC_ALL=C lvs --noheadings --unit=g -o vg_name,name,size --nosuffix --readonly stack-volumes-lvmdriver-1/stack-volumes-lvmdriver-1-pool
Sep 21 21:32:48 datacore-PowerEdge-R740 sudo[3223823]: pam_unix(sudo:session): session opened for user root by (uid=0)
Sep 21 21:32:48 datacore-PowerEdge-R740 sudo[3223823]: pam_unix(sudo:session): session closed for user root
Sep 21 21:32:48 datacore-PowerEdge-R740 cinder-volume[3223510]: DEBUG oslo_concurrency.processutils [None req-0a687f10-f7f8-4d5e-9d5b-17805be6cd9b None None] CMD "sudo cinder-rootwrap /etc/cinder/rootwrap.conf env LC_ALL=C lvs --noheadings --unit=g -o vg_name,name,size --nosuffix --readonly stack-volumes-lvmdriver-1/stack-volumes-lvmdriver-1-pool" returned: 0 in 0.665s {{(pid=3223510) execute /usr/local/lib/python3.8/dist-packages/oslo_concurrency/processutils.py:422}}
Sep 21 21:32:48 datacore-PowerEdge-R740 cinder-volume[3223510]: DEBUG cinder.volume.drivers.lvm [None req-0a687f10-f7f8-4d5e-9d5b-17805be6cd9b None None] Updating volume stats {{(pid=3223510) _update_volume_stats /opt/stack/cinder/cinder/volume/drivers/lvm.py:213}}
Sep 21 21:32:48 datacore-PowerEdge-R740 cinder-volume[3223510]: DEBUG oslo_concurrency.processutils [None req-0a687f10-f7f8-4d5e-9d5b-17805be6cd9b None None] Running cmd (subprocess): sudo cinder-rootwrap /etc/cinder/rootwrap.conf env LC_ALL=C vgs --noheadings --unit=g -o name,size,free,lv_count,uuid --separator : --nosuffix stack-volumes-lvmdriver-1 {{(pid=3223510) execute /usr/local/lib/python3.8/dist-packages/oslo_concurrency/processutils.py:384}}
Sep 21 21:32:48 datacore-PowerEdge-R740 sudo[3223838]:    stack : TTY=unknown ; PWD=/ ; USER=root ; COMMAND=/usr/local/bin/cinder-rootwrap /etc/cinder/rootwrap.conf env LC_ALL=C vgs --noheadings --unit=g -o name,size,free,lv_count,uuid --separator : --nosuffix stack-volumes-lvmdriver-1
Sep 21 21:32:48 datacore-PowerEdge-R740 sudo[3223838]: pam_unix(sudo:session): session opened for user root by (uid=0)
Sep 21 21:32:49 datacore-PowerEdge-R740 sudo[3223838]: pam_unix(sudo:session): session closed for user root
Sep 21 21:32:49 datacore-PowerEdge-R740 cinder-volume[3223510]: DEBUG oslo_concurrency.processutils [None req-0a687f10-f7f8-4d5e-9d5b-17805be6cd9b None None] CMD "sudo cinder-rootwrap /etc/cinder/rootwrap.conf env LC_ALL=C vgs --noheadings --unit=g -o name,size,free,lv_count,uuid --separator : --nosuffix stack-volumes-lvmdriver-1" returned: 0 in 0.636s {{(pid=3223510) execute /usr/local/lib/python3.8/dist-packages/oslo_concurrency/processutils.py:422}}
Sep 21 21:32:49 datacore-PowerEdge-R740 cinder-volume[3223510]: DEBUG oslo_concurrency.processutils [None req-0a687f10-f7f8-4d5e-9d5b-17805be6cd9b None None] Running cmd (subprocess): sudo cinder-rootwrap /etc/cinder/rootwrap.conf env LC_ALL=C lvs --noheadings --unit=g -o vg_name,name,size --nosuffix --readonly stack-volumes-lvmdriver-1 {{(pid=3223510) execute /usr/local/lib/python3.8/dist-packages/oslo_concurrency/processutils.py:384}}
Sep 21 21:32:49 datacore-PowerEdge-R740 sudo[3223843]:    stack : TTY=unknown ; PWD=/ ; USER=root ; COMMAND=/usr/local/bin/cinder-rootwrap /etc/cinder/rootwrap.conf env LC_ALL=C lvs --noheadings --unit=g -o vg_name,name,size --nosuffix --readonly stack-volumes-lvmdriver-1
Sep 21 21:32:49 datacore-PowerEdge-R740 sudo[3223843]: pam_unix(sudo:session): session opened for user root by (uid=0)
Sep 21 21:32:50 datacore-PowerEdge-R740 sudo[3223843]: pam_unix(sudo:session): session closed for user root
Sep 21 21:32:50 datacore-PowerEdge-R740 cinder-volume[3223510]: DEBUG oslo_concurrency.processutils [None req-0a687f10-f7f8-4d5e-9d5b-17805be6cd9b None None] CMD "sudo cinder-rootwrap /etc/cinder/rootwrap.conf env LC_ALL=C lvs --noheadings --unit=g -o vg_name,name,size --nosuffix --readonly stack-volumes-lvmdriver-1" returned: 0 in 0.661s {{(pid=3223510) execute /usr/local/lib/python3.8/dist-packages/oslo_concurrency/processutils.py:422}}
Sep 21 21:32:50 datacore-PowerEdge-R740 cinder-volume[3223510]: DEBUG oslo_concurrency.processutils [None req-0a687f10-f7f8-4d5e-9d5b-17805be6cd9b None None] Running cmd (subprocess): sudo cinder-rootwrap /etc/cinder/rootwrap.conf env LC_ALL=C lvs --noheadings --unit=g -o size,data_percent --separator : --nosuffix /dev/stack-volumes-lvmdriver-1/stack-volumes-lvmdriver-1-pool {{(pid=3223510) execute /usr/local/lib/python3.8/dist-packages/oslo_concurrency/processutils.py:384}}
Sep 21 21:32:50 datacore-PowerEdge-R740 sudo[3223852]:    stack : TTY=unknown ; PWD=/ ; USER=root ; COMMAND=/usr/local/bin/cinder-rootwrap /etc/cinder/rootwrap.conf env LC_ALL=C lvs --noheadings --unit=g -o size,data_percent --separator : --nosuffix /dev/stack-volumes-lvmdriver-1/stack-volumes-lvmdriver-1-pool
Sep 21 21:32:50 datacore-PowerEdge-R740 sudo[3223852]: pam_unix(sudo:session): session opened for user root by (uid=0)
Sep 21 21:32:50 datacore-PowerEdge-R740 sudo[3223852]: pam_unix(sudo:session): session closed for user root
Sep 21 21:32:50 datacore-PowerEdge-R740 cinder-volume[3223510]: DEBUG oslo_concurrency.processutils [None req-0a687f10-f7f8-4d5e-9d5b-17805be6cd9b None None] CMD "sudo cinder-rootwrap /etc/cinder/rootwrap.conf env LC_ALL=C lvs --noheadings --unit=g -o size,data_percent --separator : --nosuffix /dev/stack-volumes-lvmdriver-1/stack-volumes-lvmdriver-1-pool" returned: 0 in 0.733s {{(pid=3223510) execute /usr/local/lib/python3.8/dist-packages/oslo_concurrency/processutils.py:422}}
Sep 21 21:32:50 datacore-PowerEdge-R740 cinder-volume[3223510]: DEBUG oslo_concurrency.processutils [None req-0a687f10-f7f8-4d5e-9d5b-17805be6cd9b None None] Running cmd (subprocess): sudo cinder-rootwrap /etc/cinder/rootwrap.conf env LC_ALL=C lvs --noheadings --unit=g -o vg_name,name,size --nosuffix --readonly stack-volumes-lvmdriver-1 {{(pid=3223510) execute /usr/local/lib/python3.8/dist-packages/oslo_concurrency/processutils.py:384}}
Sep 21 21:32:50 datacore-PowerEdge-R740 sudo[3223862]:    stack : TTY=unknown ; PWD=/ ; USER=root ; COMMAND=/usr/local/bin/cinder-rootwrap /etc/cinder/rootwrap.conf env LC_ALL=C lvs --noheadings --unit=g -o vg_name,name,size --nosuffix --readonly stack-volumes-lvmdriver-1
Sep 21 21:32:50 datacore-PowerEdge-R740 sudo[3223862]: pam_unix(sudo:session): session opened for user root by (uid=0)
Sep 21 21:32:51 datacore-PowerEdge-R740 cinder-volume[3223384]: DEBUG dbcounter [-] [3223384] Writing DB stats cinder:SELECT=16,cinder:UPDATE=1 {{(pid=3223384) stat_writer /usr/local/lib/python3.8/dist-packages/dbcounter.py:114}}
Sep 21 21:32:51 datacore-PowerEdge-R740 sudo[3223862]: pam_unix(sudo:session): session closed for user root
Sep 21 21:32:51 datacore-PowerEdge-R740 cinder-volume[3223510]: DEBUG oslo_concurrency.processutils [None req-0a687f10-f7f8-4d5e-9d5b-17805be6cd9b None None] CMD "sudo cinder-rootwrap /etc/cinder/rootwrap.conf env LC_ALL=C lvs --noheadings --unit=g -o vg_name,name,size --nosuffix --readonly stack-volumes-lvmdriver-1" returned: 0 in 0.667s {{(pid=3223510) execute /usr/local/lib/python3.8/dist-packages/oslo_concurrency/processutils.py:422}}
Sep 21 21:32:51 datacore-PowerEdge-R740 cinder-volume[3223510]: INFO cinder.volume.driver [None req-0a687f10-f7f8-4d5e-9d5b-17805be6cd9b None None] Driver hasn't implemented _init_vendor_properties()
Sep 21 21:32:51 datacore-PowerEdge-R740 cinder-volume[3223510]: DEBUG cinder.volume.driver [None req-0a687f10-f7f8-4d5e-9d5b-17805be6cd9b None None] Initialized capabilities list: {'volume_backend_name': 'lvmdriver-1', 'vendor_name': 'Open Source', 'driver_version': '3.0.0', 'storage_protocol': 'iSCSI', 'pools': [{'pool_name': 'lvmdriver-1', 'total_capacity_gb': 28.5, 'free_capacity_gb': 28.5, 'reserved_percentage': 0, 'location_info': 'LVMVolumeDriver:datacore-PowerEdge-R740:stack-volumes-lvmdriver-1:thin:0', 'QoS_support': False, 'provisioned_capacity_gb': 0.0, 'max_over_subscription_ratio': '20.0', 'thin_provisioning_support': True, 'thick_provisioning_support': False, 'total_volumes': 1, 'filter_function': None, 'goodness_function': None, 'multiattach': True, 'backend_state': 'up'}], 'shared_targets': False, 'sparse_copy_volume': True, 'properties': {'thin_provisioning': {'title': 'Thin Provisioning', 'description': 'Sets thin provisioning.', 'type': 'boolean'}, 'compression': {'title': 'Compression', 'description': 'Enables compression.', 'type': 'boolean'}, 'qos': {'title': 'QoS', 'description': 'Enables QoS.', 'type': 'boolean'}, 'replication_enabled': {'title': 'Replication', 'description': 'Enables replication.', 'type': 'boolean'}}}. {{(pid=3223510) init_capabilities /opt/stack/cinder/cinder/volume/driver.py:811}}
Sep 21 21:32:51 datacore-PowerEdge-R740 cinder-volume[3223510]: DEBUG oslo_db.sqlalchemy.engines [None req-0a687f10-f7f8-4d5e-9d5b-17805be6cd9b None None] MySQL server mode set to STRICT_TRANS_TABLES,STRICT_ALL_TABLES,NO_ZERO_IN_DATE,NO_ZERO_DATE,ERROR_FOR_DIVISION_BY_ZERO,TRADITIONAL,NO_ENGINE_SUBSTITUTION {{(pid=3223510) _check_effective_sql_mode /usr/local/lib/python3.8/dist-packages/oslo_db/sqlalchemy/engines.py:314}}
Sep 21 21:32:51 datacore-PowerEdge-R740 cinder-volume[3223510]: DEBUG dbcounter [-] [3223510] Writer thread running {{(pid=3223510) stat_writer /usr/local/lib/python3.8/dist-packages/dbcounter.py:99}}
Sep 21 21:32:51 datacore-PowerEdge-R740 cinder-volume[3223510]: DEBUG cinder.db.sqlalchemy.api [None req-0a687f10-f7f8-4d5e-9d5b-17805be6cd9b None None] Building query based on filter {{(pid=3223510) _process_snaps_filters /opt/stack/cinder/cinder/db/sqlalchemy/api.py:3378}}
Sep 21 21:32:51 datacore-PowerEdge-R740 cinder-volume[3223510]: DEBUG cinder.image.image_utils [None req-0a687f10-f7f8-4d5e-9d5b-17805be6cd9b None None] Configuration image_conversion_dir is None or the path doesn't exist. {{(pid=3223510) cleanup_temporary_file /opt/stack/cinder/cinder/image/image_utils.py:955}}
Sep 21 21:32:51 datacore-PowerEdge-R740 cinder-volume[3223510]: DEBUG cinder.volume.drivers.lvm [None req-0a687f10-f7f8-4d5e-9d5b-17805be6cd9b None None] Updating volume stats {{(pid=3223510) _update_volume_stats /opt/stack/cinder/cinder/volume/drivers/lvm.py:213}}
Sep 21 21:32:51 datacore-PowerEdge-R740 cinder-volume[3223510]: DEBUG oslo_concurrency.processutils [None req-0a687f10-f7f8-4d5e-9d5b-17805be6cd9b None None] Running cmd (subprocess): sudo cinder-rootwrap /etc/cinder/rootwrap.conf env LC_ALL=C vgs --noheadings --unit=g -o name,size,free,lv_count,uuid --separator : --nosuffix stack-volumes-lvmdriver-1 {{(pid=3223510) execute /usr/local/lib/python3.8/dist-packages/oslo_concurrency/processutils.py:384}}
Sep 21 21:32:51 datacore-PowerEdge-R740 sudo[3223873]:    stack : TTY=unknown ; PWD=/ ; USER=root ; COMMAND=/usr/local/bin/cinder-rootwrap /etc/cinder/rootwrap.conf env LC_ALL=C vgs --noheadings --unit=g -o name,size,free,lv_count,uuid --separator : --nosuffix stack-volumes-lvmdriver-1
Sep 21 21:32:51 datacore-PowerEdge-R740 sudo[3223873]: pam_unix(sudo:session): session opened for user root by (uid=0)
Sep 21 21:32:51 datacore-PowerEdge-R740 cinder-volume[3223510]: INFO cinder.keymgr.migration [None req-2dca6ab5-bfb9-4303-bad6-a8d4312c510a None None] Not migrating encryption keys because the ConfKeyManager is still in use.
Sep 21 21:32:52 datacore-PowerEdge-R740 sudo[3223873]: pam_unix(sudo:session): session closed for user root
Sep 21 21:32:52 datacore-PowerEdge-R740 cinder-volume[3223510]: DEBUG oslo_concurrency.processutils [None req-0a687f10-f7f8-4d5e-9d5b-17805be6cd9b None None] CMD "sudo cinder-rootwrap /etc/cinder/rootwrap.conf env LC_ALL=C vgs --noheadings --unit=g -o name,size,free,lv_count,uuid --separator : --nosuffix stack-volumes-lvmdriver-1" returned: 0 in 0.640s {{(pid=3223510) execute /usr/local/lib/python3.8/dist-packages/oslo_concurrency/processutils.py:422}}
Sep 21 21:32:52 datacore-PowerEdge-R740 cinder-volume[3223510]: DEBUG oslo_concurrency.processutils [None req-0a687f10-f7f8-4d5e-9d5b-17805be6cd9b None None] Running cmd (subprocess): sudo cinder-rootwrap /etc/cinder/rootwrap.conf env LC_ALL=C lvs --noheadings --unit=g -o vg_name,name,size --nosuffix --readonly stack-volumes-lvmdriver-1 {{(pid=3223510) execute /usr/local/lib/python3.8/dist-packages/oslo_concurrency/processutils.py:384}}
Sep 21 21:32:52 datacore-PowerEdge-R740 sudo[3223879]:    stack : TTY=unknown ; PWD=/ ; USER=root ; COMMAND=/usr/local/bin/cinder-rootwrap /etc/cinder/rootwrap.conf env LC_ALL=C lvs --noheadings --unit=g -o vg_name,name,size --nosuffix --readonly stack-volumes-lvmdriver-1
Sep 21 21:32:52 datacore-PowerEdge-R740 sudo[3223879]: pam_unix(sudo:session): session opened for user root by (uid=0)
Sep 21 21:32:52 datacore-PowerEdge-R740 sudo[3223879]: pam_unix(sudo:session): session closed for user root
Sep 21 21:32:52 datacore-PowerEdge-R740 cinder-volume[3223510]: DEBUG oslo_concurrency.processutils [None req-0a687f10-f7f8-4d5e-9d5b-17805be6cd9b None None] CMD "sudo cinder-rootwrap /etc/cinder/rootwrap.conf env LC_ALL=C lvs --noheadings --unit=g -o vg_name,name,size --nosuffix --readonly stack-volumes-lvmdriver-1" returned: 0 in 0.671s {{(pid=3223510) execute /usr/local/lib/python3.8/dist-packages/oslo_concurrency/processutils.py:422}}
Sep 21 21:32:52 datacore-PowerEdge-R740 cinder-volume[3223510]: DEBUG oslo_concurrency.processutils [None req-0a687f10-f7f8-4d5e-9d5b-17805be6cd9b None None] Running cmd (subprocess): sudo cinder-rootwrap /etc/cinder/rootwrap.conf env LC_ALL=C lvs --noheadings --unit=g -o size,data_percent --separator : --nosuffix /dev/stack-volumes-lvmdriver-1/stack-volumes-lvmdriver-1-pool {{(pid=3223510) execute /usr/local/lib/python3.8/dist-packages/oslo_concurrency/processutils.py:384}}
Sep 21 21:32:52 datacore-PowerEdge-R740 sudo[3223896]:    stack : TTY=unknown ; PWD=/ ; USER=root ; COMMAND=/usr/local/bin/cinder-rootwrap /etc/cinder/rootwrap.conf env LC_ALL=C lvs --noheadings --unit=g -o size,data_percent --separator : --nosuffix /dev/stack-volumes-lvmdriver-1/stack-volumes-lvmdriver-1-pool
Sep 21 21:32:52 datacore-PowerEdge-R740 sudo[3223896]: pam_unix(sudo:session): session opened for user root by (uid=0)
Sep 21 21:32:53 datacore-PowerEdge-R740 sudo[3223896]: pam_unix(sudo:session): session closed for user root
Sep 21 21:32:53 datacore-PowerEdge-R740 cinder-volume[3223510]: DEBUG oslo_concurrency.processutils [None req-0a687f10-f7f8-4d5e-9d5b-17805be6cd9b None None] CMD "sudo cinder-rootwrap /etc/cinder/rootwrap.conf env LC_ALL=C lvs --noheadings --unit=g -o size,data_percent --separator : --nosuffix /dev/stack-volumes-lvmdriver-1/stack-volumes-lvmdriver-1-pool" returned: 0 in 0.660s {{(pid=3223510) execute /usr/local/lib/python3.8/dist-packages/oslo_concurrency/processutils.py:422}}
Sep 21 21:32:53 datacore-PowerEdge-R740 cinder-volume[3223510]: DEBUG oslo_concurrency.processutils [None req-0a687f10-f7f8-4d5e-9d5b-17805be6cd9b None None] Running cmd (subprocess): sudo cinder-rootwrap /etc/cinder/rootwrap.conf env LC_ALL=C lvs --noheadings --unit=g -o vg_name,name,size --nosuffix --readonly stack-volumes-lvmdriver-1 {{(pid=3223510) execute /usr/local/lib/python3.8/dist-packages/oslo_concurrency/processutils.py:384}}
Sep 21 21:32:53 datacore-PowerEdge-R740 sudo[3223924]:    stack : TTY=unknown ; PWD=/ ; USER=root ; COMMAND=/usr/local/bin/cinder-rootwrap /etc/cinder/rootwrap.conf env LC_ALL=C lvs --noheadings --unit=g -o vg_name,name,size --nosuffix --readonly stack-volumes-lvmdriver-1
Sep 21 21:32:53 datacore-PowerEdge-R740 sudo[3223924]: pam_unix(sudo:session): session opened for user root by (uid=0)
Sep 21 21:32:54 datacore-PowerEdge-R740 sudo[3223924]: pam_unix(sudo:session): session closed for user root
Sep 21 21:32:54 datacore-PowerEdge-R740 cinder-volume[3223510]: DEBUG oslo_concurrency.processutils [None req-0a687f10-f7f8-4d5e-9d5b-17805be6cd9b None None] CMD "sudo cinder-rootwrap /etc/cinder/rootwrap.conf env LC_ALL=C lvs --noheadings --unit=g -o vg_name,name,size --nosuffix --readonly stack-volumes-lvmdriver-1" returned: 0 in 0.658s {{(pid=3223510) execute /usr/local/lib/python3.8/dist-packages/oslo_concurrency/processutils.py:422}}
Sep 21 21:32:54 datacore-PowerEdge-R740 cinder-volume[3223510]: DEBUG cinder.manager [None req-0a687f10-f7f8-4d5e-9d5b-17805be6cd9b None None] Notifying Schedulers of capabilities ... {{(pid=3223510) _publish_service_capabilities /opt/stack/cinder/cinder/manager.py:202}}
Sep 21 21:32:54 datacore-PowerEdge-R740 cinder-volume[3223510]: INFO cinder.volume.manager [None req-0a687f10-f7f8-4d5e-9d5b-17805be6cd9b None None] Driver initialization completed successfully.
Sep 21 21:32:54 datacore-PowerEdge-R740 cinder-volume[3223510]: INFO cinder.manager [None req-0a687f10-f7f8-4d5e-9d5b-17805be6cd9b None None] Initiating service 2 cleanup
Sep 21 21:32:54 datacore-PowerEdge-R740 cinder-volume[3223510]: INFO cinder.manager [None req-0a687f10-f7f8-4d5e-9d5b-17805be6cd9b None None] Service 2 cleanup completed.
Sep 21 21:32:54 datacore-PowerEdge-R740 cinder-volume[3223510]: DEBUG cinder.service [None req-0a687f10-f7f8-4d5e-9d5b-17805be6cd9b None None] Creating RPC server for service cinder-volume {{(pid=3223510) start /opt/stack/cinder/cinder/service.py:231}}
Sep 21 21:32:54 datacore-PowerEdge-R740 cinder-volume[3223510]: DEBUG cinder.service [None req-0a687f10-f7f8-4d5e-9d5b-17805be6cd9b None None] Pinning object versions for RPC server serializer to 1.39 {{(pid=3223510) start /opt/stack/cinder/cinder/service.py:237}}
Sep 21 21:32:54 datacore-PowerEdge-R740 cinder-volume[3223510]: INFO cinder.volume.manager [None req-0a687f10-f7f8-4d5e-9d5b-17805be6cd9b None None] Initializing RPC dependent components of volume driver LVMVolumeDriver (3.0.0)
Sep 21 21:32:54 datacore-PowerEdge-R740 cinder-volume[3223510]: DEBUG cinder.volume.drivers.lvm [None req-0a687f10-f7f8-4d5e-9d5b-17805be6cd9b None None] Updating volume stats {{(pid=3223510) _update_volume_stats /opt/stack/cinder/cinder/volume/drivers/lvm.py:213}}
Sep 21 21:32:54 datacore-PowerEdge-R740 cinder-volume[3223510]: DEBUG oslo_concurrency.processutils [None req-0a687f10-f7f8-4d5e-9d5b-17805be6cd9b None None] Running cmd (subprocess): sudo cinder-rootwrap /etc/cinder/rootwrap.conf env LC_ALL=C vgs --noheadings --unit=g -o name,size,free,lv_count,uuid --separator : --nosuffix stack-volumes-lvmdriver-1 {{(pid=3223510) execute /usr/local/lib/python3.8/dist-packages/oslo_concurrency/processutils.py:384}}
Sep 21 21:32:54 datacore-PowerEdge-R740 sudo[3223936]:    stack : TTY=unknown ; PWD=/ ; USER=root ; COMMAND=/usr/local/bin/cinder-rootwrap /etc/cinder/rootwrap.conf env LC_ALL=C vgs --noheadings --unit=g -o name,size,free,lv_count,uuid --separator : --nosuffix stack-volumes-lvmdriver-1
Sep 21 21:32:54 datacore-PowerEdge-R740 sudo[3223936]: pam_unix(sudo:session): session opened for user root by (uid=0)
