Source the openrc file
WARNING: setting legacy OS_TENANT_NAME to support cli tools.
Patch Details: GERRIT_CHANGE_NUMBER: 849022 GERRIT_PATCHSET_NUMBER: 2 GERRIT_REFSPEC: refs/changes/22/849022/2
Fetching latest cinder patch
Waiting for patchset. FROM_JENKINS: 1
Switched to branch 'master'
Your branch is up to date with 'origin/master'.
git checkout cinder master Success
From https://opendev.org/openstack/cinder
   b24de11ce..b103d7a2a  master     -> origin/master
Updating b24de11ce..b103d7a2a
Fast-forward
 .pylintrc                                      | 2 ++
 cinder/volume/drivers/ibm/ibm_storage/proxy.py | 7 -------
 2 files changed, 2 insertions(+), 7 deletions(-)
git pull Success
changeBranch: change-849022-2
From https://opendev.org/openstack/cinder
 * [new ref]             refs/changes/22/849022/2 -> change-849022-2
git fetch origin refs/changes/22/849022/2:change-849022-2 Success
Switched to branch 'change-849022-2'
git checkout change-849022-2 Success
Already up to date.
checkout patchset [ PASSED ]
Updating tempest config
WARNING: setting legacy OS_TENANT_NAME to support cli tools.
/usr/lib/python3/dist-packages/secretstorage/dhcrypto.py:15: CryptographyDeprecationWarning: int_from_bytes is deprecated, use int.from_bytes instead
  from cryptography.utils import int_from_bytes
/usr/lib/python3/dist-packages/secretstorage/util.py:19: CryptographyDeprecationWarning: int_from_bytes is deprecated, use int.from_bytes instead
  from cryptography.utils import int_from_bytes
/usr/lib/python3/dist-packages/secretstorage/dhcrypto.py:15: CryptographyDeprecationWarning: int_from_bytes is deprecated, use int.from_bytes instead
  from cryptography.utils import int_from_bytes
/usr/lib/python3/dist-packages/secretstorage/util.py:19: CryptographyDeprecationWarning: int_from_bytes is deprecated, use int.from_bytes instead
  from cryptography.utils import int_from_bytes
Clearing logs
/tmp/ci-result-1657570274188
Starting iSCSI Test configuration
Updating cinder.conf with iSCSI driver details [ PASSED ]
Restarting devstack services
Cinder volume service [ FAILED ]
Already up to date.
Updating cinder-tempest-logs repo [ PASSED ]
