Source the openrc file
WARNING: setting legacy OS_TENANT_NAME to support cli tools.
Patch Details: GERRIT_CHANGE_NUMBER: 837356 GERRIT_PATCHSET_NUMBER: 3 GERRIT_REFSPEC: refs/changes/56/837356/3
Updating cinder code
Already on 'master'
Your branch is up to date with 'origin/master'.
git checkout cinder master Success
Already up to date.
git pull Success
changeBranch: change-837356-3
From https://opendev.org/openstack/cinder
 * [new ref]             refs/changes/56/837356/3 -> change-837356-3
git fetch origin refs/changes/56/837356/3:change-837356-3 Success
Switched to branch 'change-837356-3'
git checkout change-837356-3 Success
Already up to date.
checkout patchset [ PASSED ]
Clearing logs
/tmp/ci-result-1655462971751
Starting iSCSI Test configuration
Updating cinder.conf with iSCSI driver details [ PASSED ]
Restarting devstack services
Cinder volume service [ FAILED ]
Already up to date.
Updating cinder-tempest-logs repo [ PASSED ]
