-- Logs begin at Wed 2022-08-24 17:46:08 IST, end at Wed 2022-08-24 17:47:24 IST. --
Aug 24 17:46:09 datacore-PowerEdge-R740 sudo[746788]: pam_unix(sudo:session): session closed for user root
Aug 24 17:46:09 datacore-PowerEdge-R740 cinder-volume[746640]: DEBUG oslo_concurrency.processutils [None req-bea04eb1-fa5b-42a4-b91a-a8be95588518 None None] CMD "sudo cinder-rootwrap /etc/cinder/rootwrap.conf lvchange -a y --yes -K stack-volumes-lvmdriver-1/stack-volumes-lvmdriver-1-pool" returned: 0 in 1.026s {{(pid=746640) execute /usr/local/lib/python3.8/dist-packages/oslo_concurrency/processutils.py:422}}
Aug 24 17:46:09 datacore-PowerEdge-R740 cinder-volume[746640]: DEBUG oslo_concurrency.processutils [None req-bea04eb1-fa5b-42a4-b91a-a8be95588518 None None] Running cmd (subprocess): env LC_ALL=C lvm version {{(pid=746640) execute /usr/local/lib/python3.8/dist-packages/oslo_concurrency/processutils.py:384}}
Aug 24 17:46:09 datacore-PowerEdge-R740 cinder-volume[746640]: DEBUG oslo_concurrency.processutils [None req-bea04eb1-fa5b-42a4-b91a-a8be95588518 None None] CMD "env LC_ALL=C lvm version" returned: 0 in 0.019s {{(pid=746640) execute /usr/local/lib/python3.8/dist-packages/oslo_concurrency/processutils.py:422}}
Aug 24 17:46:09 datacore-PowerEdge-R740 cinder-volume[746640]: DEBUG oslo_concurrency.processutils [None req-bea04eb1-fa5b-42a4-b91a-a8be95588518 None None] Running cmd (subprocess): sudo cinder-rootwrap /etc/cinder/rootwrap.conf env LC_ALL=C pvs --noheadings --unit=g -o vg_name,name,size,free --separator | --nosuffix --ignoreskippedcluster {{(pid=746640) execute /usr/local/lib/python3.8/dist-packages/oslo_concurrency/processutils.py:384}}
Aug 24 17:46:09 datacore-PowerEdge-R740 sudo[746853]:    stack : TTY=unknown ; PWD=/ ; USER=root ; COMMAND=/usr/local/bin/cinder-rootwrap /etc/cinder/rootwrap.conf env LC_ALL=C pvs --noheadings --unit=g -o vg_name,name,size,free --separator | --nosuffix --ignoreskippedcluster
Aug 24 17:46:09 datacore-PowerEdge-R740 sudo[746853]: pam_unix(sudo:session): session opened for user root by (uid=0)
Aug 24 17:46:10 datacore-PowerEdge-R740 sudo[746853]: pam_unix(sudo:session): session closed for user root
Aug 24 17:46:10 datacore-PowerEdge-R740 cinder-volume[746640]: DEBUG oslo_concurrency.processutils [None req-bea04eb1-fa5b-42a4-b91a-a8be95588518 None None] CMD "sudo cinder-rootwrap /etc/cinder/rootwrap.conf env LC_ALL=C pvs --noheadings --unit=g -o vg_name,name,size,free --separator | --nosuffix --ignoreskippedcluster" returned: 0 in 0.756s {{(pid=746640) execute /usr/local/lib/python3.8/dist-packages/oslo_concurrency/processutils.py:422}}
Aug 24 17:46:10 datacore-PowerEdge-R740 cinder-volume[746640]: DEBUG oslo_concurrency.processutils [None req-bea04eb1-fa5b-42a4-b91a-a8be95588518 None None] Running cmd (subprocess): sudo cinder-rootwrap /etc/cinder/rootwrap.conf env LC_ALL=C vgs --noheadings --unit=g -o name,size,free,lv_count,uuid --separator : --nosuffix stack-volumes-lvmdriver-1 {{(pid=746640) execute /usr/local/lib/python3.8/dist-packages/oslo_concurrency/processutils.py:384}}
Aug 24 17:46:10 datacore-PowerEdge-R740 sudo[746953]:    stack : TTY=unknown ; PWD=/ ; USER=root ; COMMAND=/usr/local/bin/cinder-rootwrap /etc/cinder/rootwrap.conf env LC_ALL=C vgs --noheadings --unit=g -o name,size,free,lv_count,uuid --separator : --nosuffix stack-volumes-lvmdriver-1
Aug 24 17:46:10 datacore-PowerEdge-R740 sudo[746953]: pam_unix(sudo:session): session opened for user root by (uid=0)
Aug 24 17:46:11 datacore-PowerEdge-R740 sudo[746953]: pam_unix(sudo:session): session closed for user root
Aug 24 17:46:11 datacore-PowerEdge-R740 cinder-volume[746640]: DEBUG oslo_concurrency.processutils [None req-bea04eb1-fa5b-42a4-b91a-a8be95588518 None None] CMD "sudo cinder-rootwrap /etc/cinder/rootwrap.conf env LC_ALL=C vgs --noheadings --unit=g -o name,size,free,lv_count,uuid --separator : --nosuffix stack-volumes-lvmdriver-1" returned: 0 in 0.700s {{(pid=746640) execute /usr/local/lib/python3.8/dist-packages/oslo_concurrency/processutils.py:422}}
Aug 24 17:46:11 datacore-PowerEdge-R740 cinder-volume[746640]: DEBUG oslo_concurrency.processutils [None req-bea04eb1-fa5b-42a4-b91a-a8be95588518 None None] Running cmd (subprocess): sudo cinder-rootwrap /etc/cinder/rootwrap.conf env LC_ALL=C vgs --noheadings --unit=g -o name,size,free,lv_count,uuid --separator : --nosuffix stack-volumes-lvmdriver-1 {{(pid=746640) execute /usr/local/lib/python3.8/dist-packages/oslo_concurrency/processutils.py:384}}
Aug 24 17:46:11 datacore-PowerEdge-R740 sudo[747012]:    stack : TTY=unknown ; PWD=/ ; USER=root ; COMMAND=/usr/local/bin/cinder-rootwrap /etc/cinder/rootwrap.conf env LC_ALL=C vgs --noheadings --unit=g -o name,size,free,lv_count,uuid --separator : --nosuffix stack-volumes-lvmdriver-1
Aug 24 17:46:11 datacore-PowerEdge-R740 sudo[747012]: pam_unix(sudo:session): session opened for user root by (uid=0)
Aug 24 17:46:12 datacore-PowerEdge-R740 sudo[747012]: pam_unix(sudo:session): session closed for user root
Aug 24 17:46:12 datacore-PowerEdge-R740 cinder-volume[746640]: DEBUG oslo_concurrency.processutils [None req-bea04eb1-fa5b-42a4-b91a-a8be95588518 None None] CMD "sudo cinder-rootwrap /etc/cinder/rootwrap.conf env LC_ALL=C vgs --noheadings --unit=g -o name,size,free,lv_count,uuid --separator : --nosuffix stack-volumes-lvmdriver-1" returned: 0 in 0.675s {{(pid=746640) execute /usr/local/lib/python3.8/dist-packages/oslo_concurrency/processutils.py:422}}
Aug 24 17:46:12 datacore-PowerEdge-R740 cinder-volume[746640]: DEBUG oslo_concurrency.processutils [None req-bea04eb1-fa5b-42a4-b91a-a8be95588518 None None] Running cmd (subprocess): sudo cinder-rootwrap /etc/cinder/rootwrap.conf env LC_ALL=C lvs --noheadings --unit=g -o vg_name,name,size --nosuffix --readonly stack-volumes-lvmdriver-1 {{(pid=746640) execute /usr/local/lib/python3.8/dist-packages/oslo_concurrency/processutils.py:384}}
Aug 24 17:46:12 datacore-PowerEdge-R740 sudo[747025]:    stack : TTY=unknown ; PWD=/ ; USER=root ; COMMAND=/usr/local/bin/cinder-rootwrap /etc/cinder/rootwrap.conf env LC_ALL=C lvs --noheadings --unit=g -o vg_name,name,size --nosuffix --readonly stack-volumes-lvmdriver-1
Aug 24 17:46:12 datacore-PowerEdge-R740 sudo[747025]: pam_unix(sudo:session): session opened for user root by (uid=0)
Aug 24 17:46:12 datacore-PowerEdge-R740 sudo[747025]: pam_unix(sudo:session): session closed for user root
Aug 24 17:46:12 datacore-PowerEdge-R740 cinder-volume[746640]: DEBUG oslo_concurrency.processutils [None req-bea04eb1-fa5b-42a4-b91a-a8be95588518 None None] CMD "sudo cinder-rootwrap /etc/cinder/rootwrap.conf env LC_ALL=C lvs --noheadings --unit=g -o vg_name,name,size --nosuffix --readonly stack-volumes-lvmdriver-1" returned: 0 in 0.676s {{(pid=746640) execute /usr/local/lib/python3.8/dist-packages/oslo_concurrency/processutils.py:422}}
Aug 24 17:46:12 datacore-PowerEdge-R740 cinder-volume[746640]: DEBUG oslo_concurrency.processutils [None req-bea04eb1-fa5b-42a4-b91a-a8be95588518 None None] Running cmd (subprocess): sudo cinder-rootwrap /etc/cinder/rootwrap.conf env LC_ALL=C lvs --noheadings --unit=g -o size,data_percent --separator : --nosuffix /dev/stack-volumes-lvmdriver-1/stack-volumes-lvmdriver-1-pool {{(pid=746640) execute /usr/local/lib/python3.8/dist-packages/oslo_concurrency/processutils.py:384}}
Aug 24 17:46:12 datacore-PowerEdge-R740 sudo[747031]:    stack : TTY=unknown ; PWD=/ ; USER=root ; COMMAND=/usr/local/bin/cinder-rootwrap /etc/cinder/rootwrap.conf env LC_ALL=C lvs --noheadings --unit=g -o size,data_percent --separator : --nosuffix /dev/stack-volumes-lvmdriver-1/stack-volumes-lvmdriver-1-pool
Aug 24 17:46:12 datacore-PowerEdge-R740 sudo[747031]: pam_unix(sudo:session): session opened for user root by (uid=0)
Aug 24 17:46:13 datacore-PowerEdge-R740 sudo[747031]: pam_unix(sudo:session): session closed for user root
Aug 24 17:46:13 datacore-PowerEdge-R740 cinder-volume[746640]: DEBUG oslo_concurrency.processutils [None req-bea04eb1-fa5b-42a4-b91a-a8be95588518 None None] CMD "sudo cinder-rootwrap /etc/cinder/rootwrap.conf env LC_ALL=C lvs --noheadings --unit=g -o size,data_percent --separator : --nosuffix /dev/stack-volumes-lvmdriver-1/stack-volumes-lvmdriver-1-pool" returned: 0 in 0.648s {{(pid=746640) execute /usr/local/lib/python3.8/dist-packages/oslo_concurrency/processutils.py:422}}
Aug 24 17:46:13 datacore-PowerEdge-R740 cinder-volume[746640]: DEBUG oslo_concurrency.processutils [None req-bea04eb1-fa5b-42a4-b91a-a8be95588518 None None] Running cmd (subprocess): env LC_ALL=C lvm version {{(pid=746640) execute /usr/local/lib/python3.8/dist-packages/oslo_concurrency/processutils.py:384}}
Aug 24 17:46:13 datacore-PowerEdge-R740 cinder-volume[746640]: DEBUG oslo_concurrency.processutils [None req-bea04eb1-fa5b-42a4-b91a-a8be95588518 None None] CMD "env LC_ALL=C lvm version" returned: 0 in 0.017s {{(pid=746640) execute /usr/local/lib/python3.8/dist-packages/oslo_concurrency/processutils.py:422}}
Aug 24 17:46:13 datacore-PowerEdge-R740 cinder-volume[746640]: DEBUG oslo_concurrency.processutils [None req-bea04eb1-fa5b-42a4-b91a-a8be95588518 None None] Running cmd (subprocess): sudo cinder-rootwrap /etc/cinder/rootwrap.conf env LC_ALL=C lvs --noheadings --unit=g -o vg_name,name,size --nosuffix --readonly stack-volumes-lvmdriver-1/stack-volumes-lvmdriver-1-pool {{(pid=746640) execute /usr/local/lib/python3.8/dist-packages/oslo_concurrency/processutils.py:384}}
Aug 24 17:46:13 datacore-PowerEdge-R740 sudo[747036]:    stack : TTY=unknown ; PWD=/ ; USER=root ; COMMAND=/usr/local/bin/cinder-rootwrap /etc/cinder/rootwrap.conf env LC_ALL=C lvs --noheadings --unit=g -o vg_name,name,size --nosuffix --readonly stack-volumes-lvmdriver-1/stack-volumes-lvmdriver-1-pool
Aug 24 17:46:13 datacore-PowerEdge-R740 sudo[747036]: pam_unix(sudo:session): session opened for user root by (uid=0)
Aug 24 17:46:14 datacore-PowerEdge-R740 sudo[747036]: pam_unix(sudo:session): session closed for user root
Aug 24 17:46:14 datacore-PowerEdge-R740 cinder-volume[746640]: DEBUG oslo_concurrency.processutils [None req-bea04eb1-fa5b-42a4-b91a-a8be95588518 None None] CMD "sudo cinder-rootwrap /etc/cinder/rootwrap.conf env LC_ALL=C lvs --noheadings --unit=g -o vg_name,name,size --nosuffix --readonly stack-volumes-lvmdriver-1/stack-volumes-lvmdriver-1-pool" returned: 0 in 0.635s {{(pid=746640) execute /usr/local/lib/python3.8/dist-packages/oslo_concurrency/processutils.py:422}}
Aug 24 17:46:14 datacore-PowerEdge-R740 cinder-volume[746640]: INFO cinder.volume.drivers.lvm [None req-bea04eb1-fa5b-42a4-b91a-a8be95588518 None None] Enabling LVM thin provisioning by default because a thin pool exists.
Aug 24 17:46:14 datacore-PowerEdge-R740 cinder-volume[746640]: DEBUG oslo_concurrency.processutils [None req-bea04eb1-fa5b-42a4-b91a-a8be95588518 None None] Running cmd (subprocess): env LC_ALL=C lvm version {{(pid=746640) execute /usr/local/lib/python3.8/dist-packages/oslo_concurrency/processutils.py:384}}
Aug 24 17:46:14 datacore-PowerEdge-R740 cinder-volume[746640]: DEBUG oslo_concurrency.processutils [None req-bea04eb1-fa5b-42a4-b91a-a8be95588518 None None] CMD "env LC_ALL=C lvm version" returned: 0 in 0.017s {{(pid=746640) execute /usr/local/lib/python3.8/dist-packages/oslo_concurrency/processutils.py:422}}
Aug 24 17:46:14 datacore-PowerEdge-R740 cinder-volume[746640]: DEBUG oslo_concurrency.processutils [None req-bea04eb1-fa5b-42a4-b91a-a8be95588518 None None] Running cmd (subprocess): sudo cinder-rootwrap /etc/cinder/rootwrap.conf env LC_ALL=C lvs --noheadings --unit=g -o vg_name,name,size --nosuffix --readonly stack-volumes-lvmdriver-1/stack-volumes-lvmdriver-1-pool {{(pid=746640) execute /usr/local/lib/python3.8/dist-packages/oslo_concurrency/processutils.py:384}}
Aug 24 17:46:14 datacore-PowerEdge-R740 sudo[747043]:    stack : TTY=unknown ; PWD=/ ; USER=root ; COMMAND=/usr/local/bin/cinder-rootwrap /etc/cinder/rootwrap.conf env LC_ALL=C lvs --noheadings --unit=g -o vg_name,name,size --nosuffix --readonly stack-volumes-lvmdriver-1/stack-volumes-lvmdriver-1-pool
Aug 24 17:46:14 datacore-PowerEdge-R740 sudo[747043]: pam_unix(sudo:session): session opened for user root by (uid=0)
Aug 24 17:46:14 datacore-PowerEdge-R740 sudo[747043]: pam_unix(sudo:session): session closed for user root
Aug 24 17:46:14 datacore-PowerEdge-R740 cinder-volume[746640]: DEBUG oslo_concurrency.processutils [None req-bea04eb1-fa5b-42a4-b91a-a8be95588518 None None] CMD "sudo cinder-rootwrap /etc/cinder/rootwrap.conf env LC_ALL=C lvs --noheadings --unit=g -o vg_name,name,size --nosuffix --readonly stack-volumes-lvmdriver-1/stack-volumes-lvmdriver-1-pool" returned: 0 in 0.639s {{(pid=746640) execute /usr/local/lib/python3.8/dist-packages/oslo_concurrency/processutils.py:422}}
Aug 24 17:46:14 datacore-PowerEdge-R740 cinder-volume[746640]: DEBUG cinder.volume.drivers.lvm [None req-bea04eb1-fa5b-42a4-b91a-a8be95588518 None None] Updating volume stats {{(pid=746640) _update_volume_stats /opt/stack/cinder/cinder/volume/drivers/lvm.py:213}}
Aug 24 17:46:14 datacore-PowerEdge-R740 cinder-volume[746640]: DEBUG oslo_concurrency.processutils [None req-bea04eb1-fa5b-42a4-b91a-a8be95588518 None None] Running cmd (subprocess): sudo cinder-rootwrap /etc/cinder/rootwrap.conf env LC_ALL=C vgs --noheadings --unit=g -o name,size,free,lv_count,uuid --separator : --nosuffix stack-volumes-lvmdriver-1 {{(pid=746640) execute /usr/local/lib/python3.8/dist-packages/oslo_concurrency/processutils.py:384}}
Aug 24 17:46:14 datacore-PowerEdge-R740 sudo[747060]:    stack : TTY=unknown ; PWD=/ ; USER=root ; COMMAND=/usr/local/bin/cinder-rootwrap /etc/cinder/rootwrap.conf env LC_ALL=C vgs --noheadings --unit=g -o name,size,free,lv_count,uuid --separator : --nosuffix stack-volumes-lvmdriver-1
Aug 24 17:46:14 datacore-PowerEdge-R740 sudo[747060]: pam_unix(sudo:session): session opened for user root by (uid=0)
Aug 24 17:46:15 datacore-PowerEdge-R740 sudo[747060]: pam_unix(sudo:session): session closed for user root
Aug 24 17:46:15 datacore-PowerEdge-R740 cinder-volume[746640]: DEBUG oslo_concurrency.processutils [None req-bea04eb1-fa5b-42a4-b91a-a8be95588518 None None] CMD "sudo cinder-rootwrap /etc/cinder/rootwrap.conf env LC_ALL=C vgs --noheadings --unit=g -o name,size,free,lv_count,uuid --separator : --nosuffix stack-volumes-lvmdriver-1" returned: 0 in 0.652s {{(pid=746640) execute /usr/local/lib/python3.8/dist-packages/oslo_concurrency/processutils.py:422}}
Aug 24 17:46:15 datacore-PowerEdge-R740 cinder-volume[746640]: DEBUG oslo_concurrency.processutils [None req-bea04eb1-fa5b-42a4-b91a-a8be95588518 None None] Running cmd (subprocess): sudo cinder-rootwrap /etc/cinder/rootwrap.conf env LC_ALL=C lvs --noheadings --unit=g -o vg_name,name,size --nosuffix --readonly stack-volumes-lvmdriver-1 {{(pid=746640) execute /usr/local/lib/python3.8/dist-packages/oslo_concurrency/processutils.py:384}}
Aug 24 17:46:15 datacore-PowerEdge-R740 sudo[747066]:    stack : TTY=unknown ; PWD=/ ; USER=root ; COMMAND=/usr/local/bin/cinder-rootwrap /etc/cinder/rootwrap.conf env LC_ALL=C lvs --noheadings --unit=g -o vg_name,name,size --nosuffix --readonly stack-volumes-lvmdriver-1
Aug 24 17:46:15 datacore-PowerEdge-R740 sudo[747066]: pam_unix(sudo:session): session opened for user root by (uid=0)
Aug 24 17:46:15 datacore-PowerEdge-R740 sudo[747066]: pam_unix(sudo:session): session closed for user root
Aug 24 17:46:15 datacore-PowerEdge-R740 cinder-volume[746640]: DEBUG oslo_concurrency.processutils [None req-bea04eb1-fa5b-42a4-b91a-a8be95588518 None None] CMD "sudo cinder-rootwrap /etc/cinder/rootwrap.conf env LC_ALL=C lvs --noheadings --unit=g -o vg_name,name,size --nosuffix --readonly stack-volumes-lvmdriver-1" returned: 0 in 0.651s {{(pid=746640) execute /usr/local/lib/python3.8/dist-packages/oslo_concurrency/processutils.py:422}}
Aug 24 17:46:15 datacore-PowerEdge-R740 cinder-volume[746640]: DEBUG oslo_concurrency.processutils [None req-bea04eb1-fa5b-42a4-b91a-a8be95588518 None None] Running cmd (subprocess): sudo cinder-rootwrap /etc/cinder/rootwrap.conf env LC_ALL=C lvs --noheadings --unit=g -o size,data_percent --separator : --nosuffix /dev/stack-volumes-lvmdriver-1/stack-volumes-lvmdriver-1-pool {{(pid=746640) execute /usr/local/lib/python3.8/dist-packages/oslo_concurrency/processutils.py:384}}
Aug 24 17:46:16 datacore-PowerEdge-R740 sudo[747072]:    stack : TTY=unknown ; PWD=/ ; USER=root ; COMMAND=/usr/local/bin/cinder-rootwrap /etc/cinder/rootwrap.conf env LC_ALL=C lvs --noheadings --unit=g -o size,data_percent --separator : --nosuffix /dev/stack-volumes-lvmdriver-1/stack-volumes-lvmdriver-1-pool
Aug 24 17:46:16 datacore-PowerEdge-R740 sudo[747072]: pam_unix(sudo:session): session opened for user root by (uid=0)
Aug 24 17:46:16 datacore-PowerEdge-R740 cinder-volume[746374]: DEBUG dbcounter [-] [746374] Writing DB stats cinder:SELECT=16,cinder:UPDATE=1 {{(pid=746374) stat_writer /usr/local/lib/python3.8/dist-packages/dbcounter.py:114}}
Aug 24 17:46:16 datacore-PowerEdge-R740 sudo[747072]: pam_unix(sudo:session): session closed for user root
Aug 24 17:46:16 datacore-PowerEdge-R740 cinder-volume[746640]: DEBUG oslo_concurrency.processutils [None req-bea04eb1-fa5b-42a4-b91a-a8be95588518 None None] CMD "sudo cinder-rootwrap /etc/cinder/rootwrap.conf env LC_ALL=C lvs --noheadings --unit=g -o size,data_percent --separator : --nosuffix /dev/stack-volumes-lvmdriver-1/stack-volumes-lvmdriver-1-pool" returned: 0 in 0.666s {{(pid=746640) execute /usr/local/lib/python3.8/dist-packages/oslo_concurrency/processutils.py:422}}
Aug 24 17:46:16 datacore-PowerEdge-R740 cinder-volume[746640]: DEBUG oslo_concurrency.processutils [None req-bea04eb1-fa5b-42a4-b91a-a8be95588518 None None] Running cmd (subprocess): sudo cinder-rootwrap /etc/cinder/rootwrap.conf env LC_ALL=C lvs --noheadings --unit=g -o vg_name,name,size --nosuffix --readonly stack-volumes-lvmdriver-1 {{(pid=746640) execute /usr/local/lib/python3.8/dist-packages/oslo_concurrency/processutils.py:384}}
Aug 24 17:46:16 datacore-PowerEdge-R740 sudo[747085]:    stack : TTY=unknown ; PWD=/ ; USER=root ; COMMAND=/usr/local/bin/cinder-rootwrap /etc/cinder/rootwrap.conf env LC_ALL=C lvs --noheadings --unit=g -o vg_name,name,size --nosuffix --readonly stack-volumes-lvmdriver-1
Aug 24 17:46:16 datacore-PowerEdge-R740 sudo[747085]: pam_unix(sudo:session): session opened for user root by (uid=0)
Aug 24 17:46:17 datacore-PowerEdge-R740 sudo[747085]: pam_unix(sudo:session): session closed for user root
Aug 24 17:46:17 datacore-PowerEdge-R740 cinder-volume[746640]: DEBUG oslo_concurrency.processutils [None req-bea04eb1-fa5b-42a4-b91a-a8be95588518 None None] CMD "sudo cinder-rootwrap /etc/cinder/rootwrap.conf env LC_ALL=C lvs --noheadings --unit=g -o vg_name,name,size --nosuffix --readonly stack-volumes-lvmdriver-1" returned: 0 in 0.633s {{(pid=746640) execute /usr/local/lib/python3.8/dist-packages/oslo_concurrency/processutils.py:422}}
Aug 24 17:46:17 datacore-PowerEdge-R740 cinder-volume[746640]: INFO cinder.volume.driver [None req-bea04eb1-fa5b-42a4-b91a-a8be95588518 None None] Driver hasn't implemented _init_vendor_properties()
Aug 24 17:46:17 datacore-PowerEdge-R740 cinder-volume[746640]: DEBUG cinder.volume.driver [None req-bea04eb1-fa5b-42a4-b91a-a8be95588518 None None] Initialized capabilities list: {'volume_backend_name': 'lvmdriver-1', 'vendor_name': 'Open Source', 'driver_version': '3.0.0', 'storage_protocol': 'iSCSI', 'pools': [{'pool_name': 'lvmdriver-1', 'total_capacity_gb': 28.5, 'free_capacity_gb': 28.5, 'reserved_percentage': 0, 'location_info': 'LVMVolumeDriver:datacore-PowerEdge-R740:stack-volumes-lvmdriver-1:thin:0', 'QoS_support': False, 'provisioned_capacity_gb': 0.0, 'max_over_subscription_ratio': '20.0', 'thin_provisioning_support': True, 'thick_provisioning_support': False, 'total_volumes': 1, 'filter_function': None, 'goodness_function': None, 'multiattach': True, 'backend_state': 'up'}], 'shared_targets': False, 'sparse_copy_volume': True, 'properties': {'thin_provisioning': {'title': 'Thin Provisioning', 'description': 'Sets thin provisioning.', 'type': 'boolean'}, 'compression': {'title': 'Compression', 'description': 'Enables compression.', 'type': 'boolean'}, 'qos': {'title': 'QoS', 'description': 'Enables QoS.', 'type': 'boolean'}, 'replication_enabled': {'title': 'Replication', 'description': 'Enables replication.', 'type': 'boolean'}}}. {{(pid=746640) init_capabilities /opt/stack/cinder/cinder/volume/driver.py:812}}
Aug 24 17:46:17 datacore-PowerEdge-R740 cinder-volume[746640]: DEBUG oslo_db.sqlalchemy.engines [None req-bea04eb1-fa5b-42a4-b91a-a8be95588518 None None] MySQL server mode set to STRICT_TRANS_TABLES,STRICT_ALL_TABLES,NO_ZERO_IN_DATE,NO_ZERO_DATE,ERROR_FOR_DIVISION_BY_ZERO,TRADITIONAL,NO_ENGINE_SUBSTITUTION {{(pid=746640) _check_effective_sql_mode /usr/local/lib/python3.8/dist-packages/oslo_db/sqlalchemy/engines.py:314}}
Aug 24 17:46:17 datacore-PowerEdge-R740 cinder-volume[746640]: DEBUG dbcounter [-] [746640] Writer thread running {{(pid=746640) stat_writer /usr/local/lib/python3.8/dist-packages/dbcounter.py:99}}
Aug 24 17:46:17 datacore-PowerEdge-R740 cinder-volume[746640]: DEBUG cinder.db.sqlalchemy.api [None req-bea04eb1-fa5b-42a4-b91a-a8be95588518 None None] Building query based on filter {{(pid=746640) _process_snaps_filters /opt/stack/cinder/cinder/db/sqlalchemy/api.py:3878}}
Aug 24 17:46:17 datacore-PowerEdge-R740 cinder-volume[746640]: DEBUG cinder.image.image_utils [None req-bea04eb1-fa5b-42a4-b91a-a8be95588518 None None] Configuration image_conversion_dir is None or the path doesn't exist. {{(pid=746640) cleanup_temporary_file /opt/stack/cinder/cinder/image/image_utils.py:991}}
Aug 24 17:46:17 datacore-PowerEdge-R740 cinder-volume[746640]: DEBUG cinder.volume.drivers.lvm [None req-bea04eb1-fa5b-42a4-b91a-a8be95588518 None None] Updating volume stats {{(pid=746640) _update_volume_stats /opt/stack/cinder/cinder/volume/drivers/lvm.py:213}}
Aug 24 17:46:17 datacore-PowerEdge-R740 cinder-volume[746640]: DEBUG oslo_concurrency.processutils [None req-bea04eb1-fa5b-42a4-b91a-a8be95588518 None None] Running cmd (subprocess): sudo cinder-rootwrap /etc/cinder/rootwrap.conf env LC_ALL=C vgs --noheadings --unit=g -o name,size,free,lv_count,uuid --separator : --nosuffix stack-volumes-lvmdriver-1 {{(pid=746640) execute /usr/local/lib/python3.8/dist-packages/oslo_concurrency/processutils.py:384}}
Aug 24 17:46:17 datacore-PowerEdge-R740 sudo[747094]:    stack : TTY=unknown ; PWD=/ ; USER=root ; COMMAND=/usr/local/bin/cinder-rootwrap /etc/cinder/rootwrap.conf env LC_ALL=C vgs --noheadings --unit=g -o name,size,free,lv_count,uuid --separator : --nosuffix stack-volumes-lvmdriver-1
Aug 24 17:46:17 datacore-PowerEdge-R740 sudo[747094]: pam_unix(sudo:session): session opened for user root by (uid=0)
Aug 24 17:46:17 datacore-PowerEdge-R740 cinder-volume[746640]: INFO cinder.keymgr.migration [None req-12462993-4555-43f3-b139-ef661128d3b2 None None] Not migrating encryption keys because the ConfKeyManager is still in use.
Aug 24 17:46:18 datacore-PowerEdge-R740 sudo[747094]: pam_unix(sudo:session): session closed for user root
Aug 24 17:46:18 datacore-PowerEdge-R740 cinder-volume[746640]: DEBUG oslo_concurrency.processutils [None req-bea04eb1-fa5b-42a4-b91a-a8be95588518 None None] CMD "sudo cinder-rootwrap /etc/cinder/rootwrap.conf env LC_ALL=C vgs --noheadings --unit=g -o name,size,free,lv_count,uuid --separator : --nosuffix stack-volumes-lvmdriver-1" returned: 0 in 0.681s {{(pid=746640) execute /usr/local/lib/python3.8/dist-packages/oslo_concurrency/processutils.py:422}}
Aug 24 17:46:18 datacore-PowerEdge-R740 cinder-volume[746640]: DEBUG oslo_concurrency.processutils [None req-bea04eb1-fa5b-42a4-b91a-a8be95588518 None None] Running cmd (subprocess): sudo cinder-rootwrap /etc/cinder/rootwrap.conf env LC_ALL=C lvs --noheadings --unit=g -o vg_name,name,size --nosuffix --readonly stack-volumes-lvmdriver-1 {{(pid=746640) execute /usr/local/lib/python3.8/dist-packages/oslo_concurrency/processutils.py:384}}
Aug 24 17:46:18 datacore-PowerEdge-R740 sudo[747114]:    stack : TTY=unknown ; PWD=/ ; USER=root ; COMMAND=/usr/local/bin/cinder-rootwrap /etc/cinder/rootwrap.conf env LC_ALL=C lvs --noheadings --unit=g -o vg_name,name,size --nosuffix --readonly stack-volumes-lvmdriver-1
Aug 24 17:46:18 datacore-PowerEdge-R740 sudo[747114]: pam_unix(sudo:session): session opened for user root by (uid=0)
Aug 24 17:46:18 datacore-PowerEdge-R740 sudo[747114]: pam_unix(sudo:session): session closed for user root
Aug 24 17:46:18 datacore-PowerEdge-R740 cinder-volume[746640]: DEBUG oslo_concurrency.processutils [None req-bea04eb1-fa5b-42a4-b91a-a8be95588518 None None] CMD "sudo cinder-rootwrap /etc/cinder/rootwrap.conf env LC_ALL=C lvs --noheadings --unit=g -o vg_name,name,size --nosuffix --readonly stack-volumes-lvmdriver-1" returned: 0 in 0.657s {{(pid=746640) execute /usr/local/lib/python3.8/dist-packages/oslo_concurrency/processutils.py:422}}
Aug 24 17:46:18 datacore-PowerEdge-R740 cinder-volume[746640]: DEBUG oslo_concurrency.processutils [None req-bea04eb1-fa5b-42a4-b91a-a8be95588518 None None] Running cmd (subprocess): sudo cinder-rootwrap /etc/cinder/rootwrap.conf env LC_ALL=C lvs --noheadings --unit=g -o size,data_percent --separator : --nosuffix /dev/stack-volumes-lvmdriver-1/stack-volumes-lvmdriver-1-pool {{(pid=746640) execute /usr/local/lib/python3.8/dist-packages/oslo_concurrency/processutils.py:384}}
Aug 24 17:46:18 datacore-PowerEdge-R740 sudo[747122]:    stack : TTY=unknown ; PWD=/ ; USER=root ; COMMAND=/usr/local/bin/cinder-rootwrap /etc/cinder/rootwrap.conf env LC_ALL=C lvs --noheadings --unit=g -o size,data_percent --separator : --nosuffix /dev/stack-volumes-lvmdriver-1/stack-volumes-lvmdriver-1-pool
Aug 24 17:46:18 datacore-PowerEdge-R740 sudo[747122]: pam_unix(sudo:session): session opened for user root by (uid=0)
Aug 24 17:46:19 datacore-PowerEdge-R740 sudo[747122]: pam_unix(sudo:session): session closed for user root
Aug 24 17:46:19 datacore-PowerEdge-R740 cinder-volume[746640]: DEBUG oslo_concurrency.processutils [None req-bea04eb1-fa5b-42a4-b91a-a8be95588518 None None] CMD "sudo cinder-rootwrap /etc/cinder/rootwrap.conf env LC_ALL=C lvs --noheadings --unit=g -o size,data_percent --separator : --nosuffix /dev/stack-volumes-lvmdriver-1/stack-volumes-lvmdriver-1-pool" returned: 0 in 0.633s {{(pid=746640) execute /usr/local/lib/python3.8/dist-packages/oslo_concurrency/processutils.py:422}}
Aug 24 17:46:19 datacore-PowerEdge-R740 cinder-volume[746640]: DEBUG oslo_concurrency.processutils [None req-bea04eb1-fa5b-42a4-b91a-a8be95588518 None None] Running cmd (subprocess): sudo cinder-rootwrap /etc/cinder/rootwrap.conf env LC_ALL=C lvs --noheadings --unit=g -o vg_name,name,size --nosuffix --readonly stack-volumes-lvmdriver-1 {{(pid=746640) execute /usr/local/lib/python3.8/dist-packages/oslo_concurrency/processutils.py:384}}
Aug 24 17:46:19 datacore-PowerEdge-R740 sudo[747132]:    stack : TTY=unknown ; PWD=/ ; USER=root ; COMMAND=/usr/local/bin/cinder-rootwrap /etc/cinder/rootwrap.conf env LC_ALL=C lvs --noheadings --unit=g -o vg_name,name,size --nosuffix --readonly stack-volumes-lvmdriver-1
Aug 24 17:46:19 datacore-PowerEdge-R740 sudo[747132]: pam_unix(sudo:session): session opened for user root by (uid=0)
Aug 24 17:46:19 datacore-PowerEdge-R740 sudo[747132]: pam_unix(sudo:session): session closed for user root
Aug 24 17:46:19 datacore-PowerEdge-R740 cinder-volume[746640]: DEBUG oslo_concurrency.processutils [None req-bea04eb1-fa5b-42a4-b91a-a8be95588518 None None] CMD "sudo cinder-rootwrap /etc/cinder/rootwrap.conf env LC_ALL=C lvs --noheadings --unit=g -o vg_name,name,size --nosuffix --readonly stack-volumes-lvmdriver-1" returned: 0 in 0.629s {{(pid=746640) execute /usr/local/lib/python3.8/dist-packages/oslo_concurrency/processutils.py:422}}
Aug 24 17:46:19 datacore-PowerEdge-R740 cinder-volume[746640]: DEBUG cinder.manager [None req-bea04eb1-fa5b-42a4-b91a-a8be95588518 None None] Notifying Schedulers of capabilities ... {{(pid=746640) _publish_service_capabilities /opt/stack/cinder/cinder/manager.py:202}}
Aug 24 17:46:19 datacore-PowerEdge-R740 cinder-volume[746640]: INFO cinder.volume.manager [None req-bea04eb1-fa5b-42a4-b91a-a8be95588518 None None] Driver initialization completed successfully.
Aug 24 17:46:19 datacore-PowerEdge-R740 cinder-volume[746640]: INFO cinder.manager [None req-bea04eb1-fa5b-42a4-b91a-a8be95588518 None None] Initiating service 2 cleanup
Aug 24 17:46:19 datacore-PowerEdge-R740 cinder-volume[746640]: INFO cinder.manager [None req-bea04eb1-fa5b-42a4-b91a-a8be95588518 None None] Service 2 cleanup completed.
Aug 24 17:46:19 datacore-PowerEdge-R740 cinder-volume[746640]: DEBUG cinder.service [None req-bea04eb1-fa5b-42a4-b91a-a8be95588518 None None] Creating RPC server for service cinder-volume {{(pid=746640) start /opt/stack/cinder/cinder/service.py:238}}
Aug 24 17:46:19 datacore-PowerEdge-R740 cinder-volume[746640]: DEBUG cinder.service [None req-bea04eb1-fa5b-42a4-b91a-a8be95588518 None None] Pinning object versions for RPC server serializer to 1.39 {{(pid=746640) start /opt/stack/cinder/cinder/service.py:244}}
Aug 24 17:46:20 datacore-PowerEdge-R740 cinder-volume[746640]: INFO cinder.volume.manager [None req-bea04eb1-fa5b-42a4-b91a-a8be95588518 None None] Initializing RPC dependent components of volume driver LVMVolumeDriver (3.0.0)
Aug 24 17:46:20 datacore-PowerEdge-R740 cinder-volume[746640]: DEBUG cinder.volume.drivers.lvm [None req-bea04eb1-fa5b-42a4-b91a-a8be95588518 None None] Updating volume stats {{(pid=746640) _update_volume_stats /opt/stack/cinder/cinder/volume/drivers/lvm.py:213}}
Aug 24 17:46:20 datacore-PowerEdge-R740 cinder-volume[746640]: DEBUG oslo_concurrency.processutils [None req-bea04eb1-fa5b-42a4-b91a-a8be95588518 None None] Running cmd (subprocess): sudo cinder-rootwrap /etc/cinder/rootwrap.conf env LC_ALL=C vgs --noheadings --unit=g -o name,size,free,lv_count,uuid --separator : --nosuffix stack-volumes-lvmdriver-1 {{(pid=746640) execute /usr/local/lib/python3.8/dist-packages/oslo_concurrency/processutils.py:384}}
Aug 24 17:46:20 datacore-PowerEdge-R740 sudo[747144]:    stack : TTY=unknown ; PWD=/ ; USER=root ; COMMAND=/usr/local/bin/cinder-rootwrap /etc/cinder/rootwrap.conf env LC_ALL=C vgs --noheadings --unit=g -o name,size,free,lv_count,uuid --separator : --nosuffix stack-volumes-lvmdriver-1
Aug 24 17:46:20 datacore-PowerEdge-R740 sudo[747144]: pam_unix(sudo:session): session opened for user root by (uid=0)
Aug 24 17:46:20 datacore-PowerEdge-R740 sudo[747144]: pam_unix(sudo:session): session closed for user root
Aug 24 17:46:20 datacore-PowerEdge-R740 cinder-volume[746640]: DEBUG oslo_concurrency.processutils [None req-bea04eb1-fa5b-42a4-b91a-a8be95588518 None None] CMD "sudo cinder-rootwrap /etc/cinder/rootwrap.conf env LC_ALL=C vgs --noheadings --unit=g -o name,size,free,lv_count,uuid --separator : --nosuffix stack-volumes-lvmdriver-1" returned: 0 in 0.656s {{(pid=746640) execute /usr/local/lib/python3.8/dist-packages/oslo_concurrency/processutils.py:422}}
Aug 24 17:46:20 datacore-PowerEdge-R740 cinder-volume[746640]: DEBUG oslo_concurrency.processutils [None req-bea04eb1-fa5b-42a4-b91a-a8be95588518 None None] Running cmd (subprocess): sudo cinder-rootwrap /etc/cinder/rootwrap.conf env LC_ALL=C lvs --noheadings --unit=g -o vg_name,name,size --nosuffix --readonly stack-volumes-lvmdriver-1 {{(pid=746640) execute /usr/local/lib/python3.8/dist-packages/oslo_concurrency/processutils.py:384}}
Aug 24 17:46:20 datacore-PowerEdge-R740 sudo[747158]:    stack : TTY=unknown ; PWD=/ ; USER=root ; COMMAND=/usr/local/bin/cinder-rootwrap /etc/cinder/rootwrap.conf env LC_ALL=C lvs --noheadings --unit=g -o vg_name,name,size --nosuffix --readonly stack-volumes-lvmdriver-1
Aug 24 17:46:20 datacore-PowerEdge-R740 sudo[747158]: pam_unix(sudo:session): session opened for user root by (uid=0)
Aug 24 17:46:21 datacore-PowerEdge-R740 sudo[747158]: pam_unix(sudo:session): session closed for user root
Aug 24 17:46:21 datacore-PowerEdge-R740 cinder-volume[746640]: DEBUG oslo_concurrency.processutils [None req-bea04eb1-fa5b-42a4-b91a-a8be95588518 None None] CMD "sudo cinder-rootwrap /etc/cinder/rootwrap.conf env LC_ALL=C lvs --noheadings --unit=g -o vg_name,name,size --nosuffix --readonly stack-volumes-lvmdriver-1" returned: 0 in 0.657s {{(pid=746640) execute /usr/local/lib/python3.8/dist-packages/oslo_concurrency/processutils.py:422}}
Aug 24 17:46:21 datacore-PowerEdge-R740 cinder-volume[746640]: DEBUG oslo_concurrency.processutils [None req-bea04eb1-fa5b-42a4-b91a-a8be95588518 None None] Running cmd (subprocess): sudo cinder-rootwrap /etc/cinder/rootwrap.conf env LC_ALL=C lvs --noheadings --unit=g -o size,data_percent --separator : --nosuffix /dev/stack-volumes-lvmdriver-1/stack-volumes-lvmdriver-1-pool {{(pid=746640) execute /usr/local/lib/python3.8/dist-packages/oslo_concurrency/processutils.py:384}}
Aug 24 17:46:21 datacore-PowerEdge-R740 sudo[747179]:    stack : TTY=unknown ; PWD=/ ; USER=root ; COMMAND=/usr/local/bin/cinder-rootwrap /etc/cinder/rootwrap.conf env LC_ALL=C lvs --noheadings --unit=g -o size,data_percent --separator : --nosuffix /dev/stack-volumes-lvmdriver-1/stack-volumes-lvmdriver-1-pool
Aug 24 17:46:21 datacore-PowerEdge-R740 sudo[747179]: pam_unix(sudo:session): session opened for user root by (uid=0)
Aug 24 17:46:21 datacore-PowerEdge-R740 sudo[747179]: pam_unix(sudo:session): session closed for user root
Aug 24 17:46:21 datacore-PowerEdge-R740 cinder-volume[746640]: DEBUG oslo_concurrency.processutils [None req-bea04eb1-fa5b-42a4-b91a-a8be95588518 None None] CMD "sudo cinder-rootwrap /etc/cinder/rootwrap.conf env LC_ALL=C lvs --noheadings --unit=g -o size,data_percent --separator : --nosuffix /dev/stack-volumes-lvmdriver-1/stack-volumes-lvmdriver-1-pool" returned: 0 in 0.637s {{(pid=746640) execute /usr/local/lib/python3.8/dist-packages/oslo_concurrency/processutils.py:422}}
Aug 24 17:46:21 datacore-PowerEdge-R740 cinder-volume[746640]: DEBUG oslo_concurrency.processutils [None req-bea04eb1-fa5b-42a4-b91a-a8be95588518 None None] Running cmd (subprocess): sudo cinder-rootwrap /etc/cinder/rootwrap.conf env LC_ALL=C lvs --noheadings --unit=g -o vg_name,name,size --nosuffix --readonly stack-volumes-lvmdriver-1 {{(pid=746640) execute /usr/local/lib/python3.8/dist-packages/oslo_concurrency/processutils.py:384}}
Aug 24 17:46:22 datacore-PowerEdge-R740 sudo[747199]:    stack : TTY=unknown ; PWD=/ ; USER=root ; COMMAND=/usr/local/bin/cinder-rootwrap /etc/cinder/rootwrap.conf env LC_ALL=C lvs --noheadings --unit=g -o vg_name,name,size --nosuffix --readonly stack-volumes-lvmdriver-1
Aug 24 17:46:22 datacore-PowerEdge-R740 sudo[747199]: pam_unix(sudo:session): session opened for user root by (uid=0)
Aug 24 17:46:22 datacore-PowerEdge-R740 systemd[1]: Stopping Devstack devstack@c-vol.service...
Aug 24 17:46:22 datacore-PowerEdge-R740 cinder-volume[746374]: INFO oslo_service.service [None req-164a0cc4-0da3-4b03-b915-137f57ba7f95 None None] Caught SIGTERM, stopping children
Aug 24 17:46:22 datacore-PowerEdge-R740 cinder-volume[746374]: DEBUG oslo_concurrency.lockutils [None req-164a0cc4-0da3-4b03-b915-137f57ba7f95 None None] Acquiring lock "singleton_lock" {{(pid=746374) lock /usr/local/lib/python3.8/dist-packages/oslo_concurrency/lockutils.py:293}}
Aug 24 17:46:22 datacore-PowerEdge-R740 cinder-volume[746374]: DEBUG oslo_concurrency.lockutils [None req-164a0cc4-0da3-4b03-b915-137f57ba7f95 None None] Acquired lock "singleton_lock" {{(pid=746374) lock /usr/local/lib/python3.8/dist-packages/oslo_concurrency/lockutils.py:296}}
Aug 24 17:46:22 datacore-PowerEdge-R740 cinder-volume[746374]: DEBUG oslo_concurrency.lockutils [None req-164a0cc4-0da3-4b03-b915-137f57ba7f95 None None] Releasing lock "singleton_lock" {{(pid=746374) lock /usr/local/lib/python3.8/dist-packages/oslo_concurrency/lockutils.py:314}}
Aug 24 17:46:22 datacore-PowerEdge-R740 cinder-volume[746374]: DEBUG oslo_service.service [None req-164a0cc4-0da3-4b03-b915-137f57ba7f95 None None] Stop services. {{(pid=746374) stop /usr/local/lib/python3.8/dist-packages/oslo_service/service.py:695}}
Aug 24 17:46:22 datacore-PowerEdge-R740 cinder-volume[746374]: DEBUG oslo_service.service [None req-164a0cc4-0da3-4b03-b915-137f57ba7f95 None None] Killing children. {{(pid=746374) stop /usr/local/lib/python3.8/dist-packages/oslo_service/service.py:700}}
Aug 24 17:46:22 datacore-PowerEdge-R740 cinder-volume[746374]: INFO oslo_service.service [None req-164a0cc4-0da3-4b03-b915-137f57ba7f95 None None] Waiting on 1 children to exit
Aug 24 17:46:22 datacore-PowerEdge-R740 sudo[747199]: pam_unix(sudo:session): session closed for user root
Aug 24 17:46:22 datacore-PowerEdge-R740 cinder-volume[746640]: DEBUG oslo_concurrency.processutils [None req-bea04eb1-fa5b-42a4-b91a-a8be95588518 None None] CMD "sudo cinder-rootwrap /etc/cinder/rootwrap.conf env LC_ALL=C lvs --noheadings --unit=g -o vg_name,name,size --nosuffix --readonly stack-volumes-lvmdriver-1" returned: 0 in 0.909s {{(pid=746640) execute /usr/local/lib/python3.8/dist-packages/oslo_concurrency/processutils.py:422}}
Aug 24 17:46:22 datacore-PowerEdge-R740 cinder-volume[746640]: INFO cinder.volume.manager [None req-bea04eb1-fa5b-42a4-b91a-a8be95588518 None None] Driver post RPC initialization completed successfully.
Aug 24 17:46:23 datacore-PowerEdge-R740 cinder-volume[746640]: DEBUG oslo_concurrency.lockutils [None req-164a0cc4-0da3-4b03-b915-137f57ba7f95 None None] Acquiring lock "singleton_lock" {{(pid=746640) lock /usr/local/lib/python3.8/dist-packages/oslo_concurrency/lockutils.py:293}}
Aug 24 17:46:23 datacore-PowerEdge-R740 cinder-volume[746640]: DEBUG oslo_concurrency.lockutils [None req-164a0cc4-0da3-4b03-b915-137f57ba7f95 None None] Acquired lock "singleton_lock" {{(pid=746640) lock /usr/local/lib/python3.8/dist-packages/oslo_concurrency/lockutils.py:296}}
Aug 24 17:46:23 datacore-PowerEdge-R740 cinder-volume[746640]: DEBUG oslo_concurrency.lockutils [None req-164a0cc4-0da3-4b03-b915-137f57ba7f95 None None] Releasing lock "singleton_lock" {{(pid=746640) lock /usr/local/lib/python3.8/dist-packages/oslo_concurrency/lockutils.py:314}}
Aug 24 17:46:23 datacore-PowerEdge-R740 cinder-volume[746640]: WARNING amqp [None req-164a0cc4-0da3-4b03-b915-137f57ba7f95 None None] Received method (60, 30) during closing channel 1. This method will be ignored
Aug 24 17:46:23 datacore-PowerEdge-R740 cinder-volume[746640]: WARNING amqp [None req-164a0cc4-0da3-4b03-b915-137f57ba7f95 None None] Received method (60, 30) during closing channel 1. This method will be ignored
Aug 24 17:46:23 datacore-PowerEdge-R740 cinder-volume[746374]: INFO oslo_service.service [None req-164a0cc4-0da3-4b03-b915-137f57ba7f95 None None] Child 746640 exited with status 0
Aug 24 17:46:23 datacore-PowerEdge-R740 cinder-volume[746374]: /usr/lib/python3/dist-packages/secretstorage/dhcrypto.py:15: CryptographyDeprecationWarning: int_from_bytes is deprecated, use int.from_bytes instead
Aug 24 17:46:23 datacore-PowerEdge-R740 cinder-volume[746374]:   from cryptography.utils import int_from_bytes
Aug 24 17:46:23 datacore-PowerEdge-R740 cinder-volume[746374]: /usr/lib/python3/dist-packages/secretstorage/util.py:19: CryptographyDeprecationWarning: int_from_bytes is deprecated, use int.from_bytes instead
Aug 24 17:46:23 datacore-PowerEdge-R740 cinder-volume[746374]:   from cryptography.utils import int_from_bytes
Aug 24 17:46:23 datacore-PowerEdge-R740 cinder-volume[746374]: /opt/stack/cinder/cinder/db/sqlalchemy/models.py:152: SAWarning: implicitly coercing SELECT object to scalar subquery; please use the .scalar_subquery() method to produce a scalar subquery.
Aug 24 17:46:23 datacore-PowerEdge-R740 cinder-volume[746374]:   last_heartbeat = column_property(
Aug 24 17:46:23 datacore-PowerEdge-R740 cinder-volume[746374]: /opt/stack/cinder/cinder/db/sqlalchemy/models.py:160: SAWarning: implicitly coercing SELECT object to scalar subquery; please use the .scalar_subquery() method to produce a scalar subquery.
Aug 24 17:46:23 datacore-PowerEdge-R740 cinder-volume[746374]:   num_hosts = column_property(
Aug 24 17:46:23 datacore-PowerEdge-R740 cinder-volume[746374]: /opt/stack/cinder/cinder/db/sqlalchemy/models.py:169: SAWarning: implicitly coercing SELECT object to scalar subquery; please use the .scalar_subquery() method to produce a scalar subquery.
Aug 24 17:46:23 datacore-PowerEdge-R740 cinder-volume[746374]:   num_down_hosts = column_property(
Aug 24 17:46:23 datacore-PowerEdge-R740 systemd[1]: devstack@c-vol.service: Succeeded.
Aug 24 17:46:23 datacore-PowerEdge-R740 systemd[1]: Stopped Devstack devstack@c-vol.service.
Aug 24 17:46:23 datacore-PowerEdge-R740 systemd[1]: Started Devstack devstack@c-vol.service.
Aug 24 17:46:25 datacore-PowerEdge-R740 cinder-volume[747239]: DEBUG oslo_concurrency.lockutils [-] Acquiring lock "singleton_lock" {{(pid=747239) lock /usr/local/lib/python3.8/dist-packages/oslo_concurrency/lockutils.py:293}}
Aug 24 17:46:25 datacore-PowerEdge-R740 cinder-volume[747239]: DEBUG oslo_concurrency.lockutils [-] Acquired lock "singleton_lock" {{(pid=747239) lock /usr/local/lib/python3.8/dist-packages/oslo_concurrency/lockutils.py:296}}
Aug 24 17:46:25 datacore-PowerEdge-R740 cinder-volume[747239]: DEBUG oslo_concurrency.lockutils [-] Releasing lock "singleton_lock" {{(pid=747239) lock /usr/local/lib/python3.8/dist-packages/oslo_concurrency/lockutils.py:314}}
Aug 24 17:46:25 datacore-PowerEdge-R740 cinder-volume[747239]: INFO dbcounter [None req-1594bd5f-f277-457f-89fb-68af17bde2b1 None None] Registered counter for database cinder
Aug 24 17:46:25 datacore-PowerEdge-R740 cinder-volume[747239]: DEBUG oslo_db.sqlalchemy.engines [None req-1594bd5f-f277-457f-89fb-68af17bde2b1 None None] MySQL server mode set to STRICT_TRANS_TABLES,STRICT_ALL_TABLES,NO_ZERO_IN_DATE,NO_ZERO_DATE,ERROR_FOR_DIVISION_BY_ZERO,TRADITIONAL,NO_ENGINE_SUBSTITUTION {{(pid=747239) _check_effective_sql_mode /usr/local/lib/python3.8/dist-packages/oslo_db/sqlalchemy/engines.py:314}}
Aug 24 17:46:25 datacore-PowerEdge-R740 cinder-volume[747239]: DEBUG dbcounter [-] [747239] Writer thread running {{(pid=747239) stat_writer /usr/local/lib/python3.8/dist-packages/dbcounter.py:99}}
Aug 24 17:46:25 datacore-PowerEdge-R740 cinder-volume[747239]: INFO cinder.rpc [None req-1594bd5f-f277-457f-89fb-68af17bde2b1 None None] Automatically selected cinder-scheduler objects version 1.39 as minimum service version.
Aug 24 17:46:25 datacore-PowerEdge-R740 cinder-volume[747239]: INFO cinder.rpc [None req-1594bd5f-f277-457f-89fb-68af17bde2b1 None None] Automatically selected cinder-scheduler RPC version 3.12 as minimum service version.
Aug 24 17:46:25 datacore-PowerEdge-R740 cinder-volume[747239]: DEBUG oslo_db.sqlalchemy.engines [None req-1594bd5f-f277-457f-89fb-68af17bde2b1 None None] MySQL server mode set to STRICT_TRANS_TABLES,STRICT_ALL_TABLES,NO_ZERO_IN_DATE,NO_ZERO_DATE,ERROR_FOR_DIVISION_BY_ZERO,TRADITIONAL,NO_ENGINE_SUBSTITUTION {{(pid=747239) _check_effective_sql_mode /usr/local/lib/python3.8/dist-packages/oslo_db/sqlalchemy/engines.py:314}}
Aug 24 17:46:25 datacore-PowerEdge-R740 cinder-volume[747239]: INFO cinder.volume.manager [None req-1594bd5f-f277-457f-89fb-68af17bde2b1 None None] Determined volume DB was empty at startup.
Aug 24 17:46:25 datacore-PowerEdge-R740 cinder-volume[747239]: DEBUG cinder.volume.manager [None req-1594bd5f-f277-457f-89fb-68af17bde2b1 None None] Cinder Volume DB check: vol_db_empty=True {{(pid=747239) __init__ /opt/stack/cinder/cinder/volume/manager.py:290}}
Aug 24 17:46:25 datacore-PowerEdge-R740 cinder-volume[747239]: INFO cinder.volume.manager [None req-1594bd5f-f277-457f-89fb-68af17bde2b1 None None] Service not found for updating active_backend_id, assuming default for driver init.
Aug 24 17:46:25 datacore-PowerEdge-R740 cinder-volume[747239]: WARNING stevedore.named [None req-1594bd5f-f277-457f-89fb-68af17bde2b1 None None] Could not load cinder.keymgr.conf_key_mgr.ConfKeyManager
Aug 24 17:46:25 datacore-PowerEdge-R740 cinder-volume[747239]: WARNING castellan.key_manager [None req-1594bd5f-f277-457f-89fb-68af17bde2b1 None None] Deprecation Warning : cinder.keymgr.conf_key_mgr.ConfKeyManager is not a stevedore based driver, trying to load it as a class: stevedore.exception.NoMatches: No 'castellan.drivers' driver found, looking for 'cinder.keymgr.conf_key_mgr.ConfKeyManager'
Aug 24 17:46:25 datacore-PowerEdge-R740 cinder-volume[747239]: WARNING cinder.keymgr.conf_key_mgr [None req-1594bd5f-f277-457f-89fb-68af17bde2b1 None None] This key manager is insecure and is not recommended for production deployments: stevedore.exception.NoMatches: No 'castellan.drivers' driver found, looking for 'cinder.keymgr.conf_key_mgr.ConfKeyManager'
Aug 24 17:46:25 datacore-PowerEdge-R740 cinder-volume[747239]: ERROR cinder.cmd.volume [None req-1594bd5f-f277-457f-89fb-68af17bde2b1 None None] Volume service hostgroup@datacore_iscsi1 failed to start.: ModuleNotFoundError: No module named 'cinder.volume.drivers.datacore.iscsi'
Aug 24 17:46:25 datacore-PowerEdge-R740 cinder-volume[747239]: ERROR cinder.cmd.volume Traceback (most recent call last):
Aug 24 17:46:25 datacore-PowerEdge-R740 cinder-volume[747239]: ERROR cinder.cmd.volume   File "/opt/stack/cinder/cinder/cmd/volume.py", line 100, in _launch_service
Aug 24 17:46:25 datacore-PowerEdge-R740 cinder-volume[747239]: ERROR cinder.cmd.volume     server = service.Service.create(host=host,
Aug 24 17:46:25 datacore-PowerEdge-R740 cinder-volume[747239]: ERROR cinder.cmd.volume   File "/opt/stack/cinder/cinder/service.py", line 417, in create
Aug 24 17:46:25 datacore-PowerEdge-R740 cinder-volume[747239]: ERROR cinder.cmd.volume     service_obj = cls(host, binary, topic, manager,
Aug 24 17:46:25 datacore-PowerEdge-R740 cinder-volume[747239]: ERROR cinder.cmd.volume   File "/opt/stack/cinder/cinder/service.py", line 158, in __init__
Aug 24 17:46:25 datacore-PowerEdge-R740 cinder-volume[747239]: ERROR cinder.cmd.volume     self.manager = manager_class(host=self.host,
Aug 24 17:46:25 datacore-PowerEdge-R740 cinder-volume[747239]: ERROR cinder.cmd.volume   File "/opt/stack/cinder/cinder/volume/manager.py", line 313, in __init__
Aug 24 17:46:25 datacore-PowerEdge-R740 cinder-volume[747239]: ERROR cinder.cmd.volume     self.driver = importutils.import_object(
Aug 24 17:46:25 datacore-PowerEdge-R740 cinder-volume[747239]: ERROR cinder.cmd.volume   File "/usr/local/lib/python3.8/dist-packages/oslo_utils/importutils.py", line 44, in import_object
Aug 24 17:46:25 datacore-PowerEdge-R740 cinder-volume[747239]: ERROR cinder.cmd.volume     return import_class(import_str)(*args, **kwargs)
Aug 24 17:46:25 datacore-PowerEdge-R740 cinder-volume[747239]: ERROR cinder.cmd.volume   File "/usr/local/lib/python3.8/dist-packages/oslo_utils/importutils.py", line 30, in import_class
Aug 24 17:46:25 datacore-PowerEdge-R740 cinder-volume[747239]: ERROR cinder.cmd.volume     __import__(mod_str)
Aug 24 17:46:25 datacore-PowerEdge-R740 cinder-volume[747239]: ERROR cinder.cmd.volume ModuleNotFoundError: No module named 'cinder.volume.drivers.datacore.iscsi'
Aug 24 17:46:25 datacore-PowerEdge-R740 cinder-volume[747239]: ERROR cinder.cmd.volume 
Aug 24 17:46:25 datacore-PowerEdge-R740 cinder-volume[747239]: ERROR cinder.cmd.volume [None req-1594bd5f-f277-457f-89fb-68af17bde2b1 None None] No volume service(s) started successfully, terminating.
Aug 24 17:46:25 datacore-PowerEdge-R740 cinder-volume[747239]: /usr/lib/python3/dist-packages/secretstorage/dhcrypto.py:15: CryptographyDeprecationWarning: int_from_bytes is deprecated, use int.from_bytes instead
Aug 24 17:46:25 datacore-PowerEdge-R740 cinder-volume[747239]:   from cryptography.utils import int_from_bytes
Aug 24 17:46:25 datacore-PowerEdge-R740 cinder-volume[747239]: /usr/lib/python3/dist-packages/secretstorage/util.py:19: CryptographyDeprecationWarning: int_from_bytes is deprecated, use int.from_bytes instead
Aug 24 17:46:25 datacore-PowerEdge-R740 cinder-volume[747239]:   from cryptography.utils import int_from_bytes
Aug 24 17:46:25 datacore-PowerEdge-R740 cinder-volume[747239]: /opt/stack/cinder/cinder/db/sqlalchemy/models.py:152: SAWarning: implicitly coercing SELECT object to scalar subquery; please use the .scalar_subquery() method to produce a scalar subquery.
Aug 24 17:46:25 datacore-PowerEdge-R740 cinder-volume[747239]:   last_heartbeat = column_property(
Aug 24 17:46:25 datacore-PowerEdge-R740 cinder-volume[747239]: /opt/stack/cinder/cinder/db/sqlalchemy/models.py:160: SAWarning: implicitly coercing SELECT object to scalar subquery; please use the .scalar_subquery() method to produce a scalar subquery.
Aug 24 17:46:25 datacore-PowerEdge-R740 cinder-volume[747239]:   num_hosts = column_property(
Aug 24 17:46:25 datacore-PowerEdge-R740 cinder-volume[747239]: /opt/stack/cinder/cinder/db/sqlalchemy/models.py:169: SAWarning: implicitly coercing SELECT object to scalar subquery; please use the .scalar_subquery() method to produce a scalar subquery.
Aug 24 17:46:25 datacore-PowerEdge-R740 cinder-volume[747239]:   num_down_hosts = column_property(
Aug 24 17:46:26 datacore-PowerEdge-R740 systemd[1]: devstack@c-vol.service: Main process exited, code=exited, status=1/FAILURE
Aug 24 17:46:26 datacore-PowerEdge-R740 systemd[1]: devstack@c-vol.service: Failed with result 'exit-code'.
