Source the openrc file
WARNING: setting legacy OS_TENANT_NAME to support cli tools.
Patch Details: GERRIT_CHANGE_NUMBER: 836996 GERRIT_PATCHSET_NUMBER: 38 GERRIT_REFSPEC: refs/changes/96/836996/38
Updating cinder code
Waiting for patchset. FROM_JENKINS: 1
Already on 'master'
Your branch is up to date with 'origin/master'.
git checkout cinder master Success
From https://opendev.org/openstack/cinder
   2774c2537..d33ff5ab3  master     -> origin/master
Updating 2774c2537..d33ff5ab3
Fast-forward
 cinder/cmd/backup.py          | 22 ++++++++++++++++------
 cinder/tests/unit/test_cmd.py | 24 ++++++++++++++++++++++++
 2 files changed, 40 insertions(+), 6 deletions(-)
git pull Success
changeBranch: change-836996-38
From https://opendev.org/openstack/cinder
 * [new ref]             refs/changes/96/836996/38 -> change-836996-38
git fetch origin refs/changes/96/836996/38:change-836996-38 Success
Switched to branch 'change-836996-38'
git checkout change-836996-38 Success
Already up to date.
checkout patchset [ PASSED ]
Clearing logs
/tmp/ci-result-1656064528097
Starting iSCSI Test configuration
Updating cinder.conf with iSCSI driver details [ PASSED ]
Restarting devstack services
Cinder volume service [ PASSED ]
Starting tempest for iSCSI driver
Updating tempest.conf with iSCSI driver details [ PASSED ]
Running tempest
Tempest DataCore iSCSI Driver [ PASSED ]
Starting Fiber Channel Test configuration
Updating cinder.conf with Fiber Channel driver details [ PASSED ]
Restarting devstack services
Cinder volume service [ PASSED ]
Starting tempest for Fiber Channel driver
Updating tempest.conf with Fiber Channel driver details [ PASSED ]
Running tempest
Tempest DataCore Fiber Channel Driver [ PASSED ]
Already up to date.
Updating cinder-tempest-logs repo [ PASSED ]
