-- Logs begin at Tue 2022-07-12 13:26:55 IST, end at Tue 2022-07-12 14:27:14 IST. --
Jul 12 14:10:28 datacore-PowerEdge-R740 systemd[1]: Started Devstack devstack@c-vol.service.
Jul 12 14:10:30 datacore-PowerEdge-R740 cinder-volume[3342719]: DEBUG oslo_concurrency.lockutils [-] Acquired lock "singleton_lock" {{(pid=3342719) lock /usr/local/lib/python3.8/dist-packages/oslo_concurrency/lockutils.py:294}}
Jul 12 14:10:30 datacore-PowerEdge-R740 cinder-volume[3342719]: DEBUG oslo_concurrency.lockutils [-] Releasing lock "singleton_lock" {{(pid=3342719) lock /usr/local/lib/python3.8/dist-packages/oslo_concurrency/lockutils.py:312}}
Jul 12 14:10:31 datacore-PowerEdge-R740 cinder-volume[3342719]: INFO dbcounter [None req-d948b492-6779-40d3-8366-ba72bc66b692 None None] Registered counter for database cinder
Jul 12 14:10:31 datacore-PowerEdge-R740 cinder-volume[3342719]: DEBUG oslo_db.sqlalchemy.engines [None req-d948b492-6779-40d3-8366-ba72bc66b692 None None] MySQL server mode set to STRICT_TRANS_TABLES,STRICT_ALL_TABLES,NO_ZERO_IN_DATE,NO_ZERO_DATE,ERROR_FOR_DIVISION_BY_ZERO,TRADITIONAL,NO_ENGINE_SUBSTITUTION {{(pid=3342719) _check_effective_sql_mode /usr/local/lib/python3.8/dist-packages/oslo_db/sqlalchemy/engines.py:314}}
Jul 12 14:10:31 datacore-PowerEdge-R740 cinder-volume[3342719]: DEBUG dbcounter [-] [3342719] Writer thread running {{(pid=3342719) stat_writer /usr/local/lib/python3.8/dist-packages/dbcounter.py:99}}
Jul 12 14:10:31 datacore-PowerEdge-R740 cinder-volume[3342719]: INFO cinder.rpc [None req-d948b492-6779-40d3-8366-ba72bc66b692 None None] Automatically selected cinder-scheduler objects version 1.39 as minimum service version.
Jul 12 14:10:31 datacore-PowerEdge-R740 cinder-volume[3342719]: INFO cinder.rpc [None req-d948b492-6779-40d3-8366-ba72bc66b692 None None] Automatically selected cinder-scheduler RPC version 3.12 as minimum service version.
Jul 12 14:10:31 datacore-PowerEdge-R740 cinder-volume[3342719]: DEBUG oslo_db.sqlalchemy.engines [None req-d948b492-6779-40d3-8366-ba72bc66b692 None None] MySQL server mode set to STRICT_TRANS_TABLES,STRICT_ALL_TABLES,NO_ZERO_IN_DATE,NO_ZERO_DATE,ERROR_FOR_DIVISION_BY_ZERO,TRADITIONAL,NO_ENGINE_SUBSTITUTION {{(pid=3342719) _check_effective_sql_mode /usr/local/lib/python3.8/dist-packages/oslo_db/sqlalchemy/engines.py:314}}
Jul 12 14:10:31 datacore-PowerEdge-R740 cinder-volume[3342719]: INFO cinder.volume.manager [None req-d948b492-6779-40d3-8366-ba72bc66b692 None None] Determined volume DB was empty at startup.
Jul 12 14:10:31 datacore-PowerEdge-R740 cinder-volume[3342719]: DEBUG cinder.volume.manager [None req-d948b492-6779-40d3-8366-ba72bc66b692 None None] Cinder Volume DB check: vol_db_empty=True {{(pid=3342719) __init__ /opt/stack/cinder/cinder/volume/manager.py:281}}
Jul 12 14:10:31 datacore-PowerEdge-R740 cinder-volume[3342719]: WARNING stevedore.named [None req-d948b492-6779-40d3-8366-ba72bc66b692 None None] Could not load cinder.keymgr.conf_key_mgr.ConfKeyManager
Jul 12 14:10:31 datacore-PowerEdge-R740 cinder-volume[3342719]: WARNING castellan.key_manager [None req-d948b492-6779-40d3-8366-ba72bc66b692 None None] Deprecation Warning : cinder.keymgr.conf_key_mgr.ConfKeyManager is not a stevedore based driver, trying to load it as a class: stevedore.exception.NoMatches: No 'castellan.drivers' driver found, looking for 'cinder.keymgr.conf_key_mgr.ConfKeyManager'
Jul 12 14:10:31 datacore-PowerEdge-R740 cinder-volume[3342719]: WARNING cinder.keymgr.conf_key_mgr [None req-d948b492-6779-40d3-8366-ba72bc66b692 None None] This key manager is insecure and is not recommended for production deployments: stevedore.exception.NoMatches: No 'castellan.drivers' driver found, looking for 'cinder.keymgr.conf_key_mgr.ConfKeyManager'
Jul 12 14:10:31 datacore-PowerEdge-R740 cinder-volume[3342719]: ERROR cinder.cmd.volume [None req-d948b492-6779-40d3-8366-ba72bc66b692 None None] Volume service hostgroup@datacore_iscsi1 failed to start.: ModuleNotFoundError: No module named 'cinder.volume.drivers.datacore.iscsi'
Jul 12 14:10:31 datacore-PowerEdge-R740 cinder-volume[3342719]: ERROR cinder.cmd.volume Traceback (most recent call last):
Jul 12 14:10:31 datacore-PowerEdge-R740 cinder-volume[3342719]: ERROR cinder.cmd.volume   File "/opt/stack/cinder/cinder/cmd/volume.py", line 99, in _launch_service
Jul 12 14:10:31 datacore-PowerEdge-R740 cinder-volume[3342719]: ERROR cinder.cmd.volume     server = service.Service.create(host=host,
Jul 12 14:10:31 datacore-PowerEdge-R740 cinder-volume[3342719]: ERROR cinder.cmd.volume   File "/opt/stack/cinder/cinder/service.py", line 394, in create
Jul 12 14:10:31 datacore-PowerEdge-R740 cinder-volume[3342719]: ERROR cinder.cmd.volume     service_obj = cls(host, binary, topic, manager,
Jul 12 14:10:31 datacore-PowerEdge-R740 cinder-volume[3342719]: ERROR cinder.cmd.volume   File "/opt/stack/cinder/cinder/service.py", line 152, in __init__
Jul 12 14:10:31 datacore-PowerEdge-R740 cinder-volume[3342719]: ERROR cinder.cmd.volume     self.manager = manager_class(host=self.host,
Jul 12 14:10:31 datacore-PowerEdge-R740 cinder-volume[3342719]: ERROR cinder.cmd.volume   File "/opt/stack/cinder/cinder/volume/manager.py", line 305, in __init__
Jul 12 14:10:31 datacore-PowerEdge-R740 cinder-volume[3342719]: ERROR cinder.cmd.volume     self.driver = importutils.import_object(
Jul 12 14:10:31 datacore-PowerEdge-R740 cinder-volume[3342719]: ERROR cinder.cmd.volume   File "/usr/local/lib/python3.8/dist-packages/oslo_utils/importutils.py", line 44, in import_object
Jul 12 14:10:31 datacore-PowerEdge-R740 cinder-volume[3342719]: ERROR cinder.cmd.volume     return import_class(import_str)(*args, **kwargs)
Jul 12 14:10:31 datacore-PowerEdge-R740 cinder-volume[3342719]: ERROR cinder.cmd.volume   File "/usr/local/lib/python3.8/dist-packages/oslo_utils/importutils.py", line 30, in import_class
Jul 12 14:10:31 datacore-PowerEdge-R740 cinder-volume[3342719]: ERROR cinder.cmd.volume     __import__(mod_str)
Jul 12 14:10:31 datacore-PowerEdge-R740 cinder-volume[3342719]: ERROR cinder.cmd.volume ModuleNotFoundError: No module named 'cinder.volume.drivers.datacore.iscsi'
Jul 12 14:10:31 datacore-PowerEdge-R740 cinder-volume[3342719]: ERROR cinder.cmd.volume 
Jul 12 14:10:31 datacore-PowerEdge-R740 cinder-volume[3342719]: ERROR cinder.cmd.volume [None req-d948b492-6779-40d3-8366-ba72bc66b692 None None] No volume service(s) started successfully, terminating.
Jul 12 14:10:31 datacore-PowerEdge-R740 cinder-volume[3342719]: /usr/lib/python3/dist-packages/secretstorage/dhcrypto.py:15: CryptographyDeprecationWarning: int_from_bytes is deprecated, use int.from_bytes instead
Jul 12 14:10:31 datacore-PowerEdge-R740 cinder-volume[3342719]:   from cryptography.utils import int_from_bytes
Jul 12 14:10:31 datacore-PowerEdge-R740 cinder-volume[3342719]: /usr/lib/python3/dist-packages/secretstorage/util.py:19: CryptographyDeprecationWarning: int_from_bytes is deprecated, use int.from_bytes instead
Jul 12 14:10:31 datacore-PowerEdge-R740 cinder-volume[3342719]:   from cryptography.utils import int_from_bytes
Jul 12 14:10:31 datacore-PowerEdge-R740 cinder-volume[3342719]: /opt/stack/cinder/cinder/db/sqlalchemy/models.py:138: SAWarning: implicitly coercing SELECT object to scalar subquery; please use the .scalar_subquery() method to produce a scalar subquery.
Jul 12 14:10:31 datacore-PowerEdge-R740 cinder-volume[3342719]:   last_heartbeat = column_property(
Jul 12 14:10:31 datacore-PowerEdge-R740 cinder-volume[3342719]: /opt/stack/cinder/cinder/db/sqlalchemy/models.py:144: SAWarning: implicitly coercing SELECT object to scalar subquery; please use the .scalar_subquery() method to produce a scalar subquery.
Jul 12 14:10:31 datacore-PowerEdge-R740 cinder-volume[3342719]:   num_hosts = column_property(
Jul 12 14:10:31 datacore-PowerEdge-R740 cinder-volume[3342719]: /opt/stack/cinder/cinder/db/sqlalchemy/models.py:151: SAWarning: implicitly coercing SELECT object to scalar subquery; please use the .scalar_subquery() method to produce a scalar subquery.
Jul 12 14:10:31 datacore-PowerEdge-R740 cinder-volume[3342719]:   num_down_hosts = column_property(
Jul 12 14:10:32 datacore-PowerEdge-R740 systemd[1]: devstack@c-vol.service: Main process exited, code=exited, status=1/FAILURE
Jul 12 14:10:32 datacore-PowerEdge-R740 systemd[1]: devstack@c-vol.service: Failed with result 'exit-code'.
Jul 12 14:25:53 datacore-PowerEdge-R740 systemd[1]: Started Devstack devstack@c-vol.service.
Jul 12 14:25:56 datacore-PowerEdge-R740 cinder-volume[3345967]: DEBUG oslo_concurrency.lockutils [-] Acquired lock "singleton_lock" {{(pid=3345967) lock /usr/local/lib/python3.8/dist-packages/oslo_concurrency/lockutils.py:294}}
Jul 12 14:25:56 datacore-PowerEdge-R740 cinder-volume[3345967]: DEBUG oslo_concurrency.lockutils [-] Releasing lock "singleton_lock" {{(pid=3345967) lock /usr/local/lib/python3.8/dist-packages/oslo_concurrency/lockutils.py:312}}
Jul 12 14:25:56 datacore-PowerEdge-R740 cinder-volume[3345967]: INFO dbcounter [None req-8ab2b257-3af2-47c3-9e88-fd83a0fc2e9e None None] Registered counter for database cinder
Jul 12 14:25:56 datacore-PowerEdge-R740 cinder-volume[3345967]: DEBUG oslo_db.sqlalchemy.engines [None req-8ab2b257-3af2-47c3-9e88-fd83a0fc2e9e None None] MySQL server mode set to STRICT_TRANS_TABLES,STRICT_ALL_TABLES,NO_ZERO_IN_DATE,NO_ZERO_DATE,ERROR_FOR_DIVISION_BY_ZERO,TRADITIONAL,NO_ENGINE_SUBSTITUTION {{(pid=3345967) _check_effective_sql_mode /usr/local/lib/python3.8/dist-packages/oslo_db/sqlalchemy/engines.py:314}}
Jul 12 14:25:56 datacore-PowerEdge-R740 cinder-volume[3345967]: DEBUG dbcounter [-] [3345967] Writer thread running {{(pid=3345967) stat_writer /usr/local/lib/python3.8/dist-packages/dbcounter.py:99}}
Jul 12 14:25:56 datacore-PowerEdge-R740 cinder-volume[3345967]: INFO cinder.rpc [None req-8ab2b257-3af2-47c3-9e88-fd83a0fc2e9e None None] Automatically selected cinder-scheduler objects version 1.39 as minimum service version.
Jul 12 14:25:56 datacore-PowerEdge-R740 cinder-volume[3345967]: INFO cinder.rpc [None req-8ab2b257-3af2-47c3-9e88-fd83a0fc2e9e None None] Automatically selected cinder-scheduler RPC version 3.12 as minimum service version.
Jul 12 14:25:56 datacore-PowerEdge-R740 cinder-volume[3345967]: DEBUG oslo_db.sqlalchemy.engines [None req-8ab2b257-3af2-47c3-9e88-fd83a0fc2e9e None None] MySQL server mode set to STRICT_TRANS_TABLES,STRICT_ALL_TABLES,NO_ZERO_IN_DATE,NO_ZERO_DATE,ERROR_FOR_DIVISION_BY_ZERO,TRADITIONAL,NO_ENGINE_SUBSTITUTION {{(pid=3345967) _check_effective_sql_mode /usr/local/lib/python3.8/dist-packages/oslo_db/sqlalchemy/engines.py:314}}
Jul 12 14:25:56 datacore-PowerEdge-R740 cinder-volume[3345967]: INFO cinder.volume.manager [None req-8ab2b257-3af2-47c3-9e88-fd83a0fc2e9e None None] Determined volume DB was empty at startup.
Jul 12 14:25:56 datacore-PowerEdge-R740 cinder-volume[3345967]: DEBUG cinder.volume.manager [None req-8ab2b257-3af2-47c3-9e88-fd83a0fc2e9e None None] Cinder Volume DB check: vol_db_empty=True {{(pid=3345967) __init__ /opt/stack/cinder/cinder/volume/manager.py:290}}
Jul 12 14:25:56 datacore-PowerEdge-R740 cinder-volume[3345967]: WARNING stevedore.named [None req-8ab2b257-3af2-47c3-9e88-fd83a0fc2e9e None None] Could not load cinder.keymgr.conf_key_mgr.ConfKeyManager
Jul 12 14:25:56 datacore-PowerEdge-R740 cinder-volume[3345967]: WARNING castellan.key_manager [None req-8ab2b257-3af2-47c3-9e88-fd83a0fc2e9e None None] Deprecation Warning : cinder.keymgr.conf_key_mgr.ConfKeyManager is not a stevedore based driver, trying to load it as a class: stevedore.exception.NoMatches: No 'castellan.drivers' driver found, looking for 'cinder.keymgr.conf_key_mgr.ConfKeyManager'
Jul 12 14:25:56 datacore-PowerEdge-R740 cinder-volume[3345967]: WARNING cinder.keymgr.conf_key_mgr [None req-8ab2b257-3af2-47c3-9e88-fd83a0fc2e9e None None] This key manager is insecure and is not recommended for production deployments: stevedore.exception.NoMatches: No 'castellan.drivers' driver found, looking for 'cinder.keymgr.conf_key_mgr.ConfKeyManager'
Jul 12 14:25:56 datacore-PowerEdge-R740 cinder-volume[3345967]: ERROR cinder.cmd.volume [None req-8ab2b257-3af2-47c3-9e88-fd83a0fc2e9e None None] Volume service hostgroup@datacore_iscsi1 failed to start.: ModuleNotFoundError: No module named 'cinder.volume.drivers.datacore.iscsi'
Jul 12 14:25:56 datacore-PowerEdge-R740 cinder-volume[3345967]: ERROR cinder.cmd.volume Traceback (most recent call last):
Jul 12 14:25:56 datacore-PowerEdge-R740 cinder-volume[3345967]: ERROR cinder.cmd.volume   File "/opt/stack/cinder/cinder/cmd/volume.py", line 99, in _launch_service
Jul 12 14:25:56 datacore-PowerEdge-R740 cinder-volume[3345967]: ERROR cinder.cmd.volume     server = service.Service.create(host=host,
Jul 12 14:25:56 datacore-PowerEdge-R740 cinder-volume[3345967]: ERROR cinder.cmd.volume   File "/opt/stack/cinder/cinder/service.py", line 417, in create
Jul 12 14:25:56 datacore-PowerEdge-R740 cinder-volume[3345967]: ERROR cinder.cmd.volume     service_obj = cls(host, binary, topic, manager,
Jul 12 14:25:56 datacore-PowerEdge-R740 cinder-volume[3345967]: ERROR cinder.cmd.volume   File "/opt/stack/cinder/cinder/service.py", line 158, in __init__
Jul 12 14:25:56 datacore-PowerEdge-R740 cinder-volume[3345967]: ERROR cinder.cmd.volume     self.manager = manager_class(host=self.host,
Jul 12 14:25:56 datacore-PowerEdge-R740 cinder-volume[3345967]: ERROR cinder.cmd.volume   File "/opt/stack/cinder/cinder/volume/manager.py", line 313, in __init__
Jul 12 14:25:56 datacore-PowerEdge-R740 cinder-volume[3345967]: ERROR cinder.cmd.volume     self.driver = importutils.import_object(
Jul 12 14:25:56 datacore-PowerEdge-R740 cinder-volume[3345967]: ERROR cinder.cmd.volume   File "/usr/local/lib/python3.8/dist-packages/oslo_utils/importutils.py", line 44, in import_object
Jul 12 14:25:56 datacore-PowerEdge-R740 cinder-volume[3345967]: ERROR cinder.cmd.volume     return import_class(import_str)(*args, **kwargs)
Jul 12 14:25:56 datacore-PowerEdge-R740 cinder-volume[3345967]: ERROR cinder.cmd.volume   File "/usr/local/lib/python3.8/dist-packages/oslo_utils/importutils.py", line 30, in import_class
Jul 12 14:25:56 datacore-PowerEdge-R740 cinder-volume[3345967]: ERROR cinder.cmd.volume     __import__(mod_str)
Jul 12 14:25:56 datacore-PowerEdge-R740 cinder-volume[3345967]: ERROR cinder.cmd.volume ModuleNotFoundError: No module named 'cinder.volume.drivers.datacore.iscsi'
Jul 12 14:25:56 datacore-PowerEdge-R740 cinder-volume[3345967]: ERROR cinder.cmd.volume 
Jul 12 14:25:56 datacore-PowerEdge-R740 cinder-volume[3345967]: ERROR cinder.cmd.volume [None req-8ab2b257-3af2-47c3-9e88-fd83a0fc2e9e None None] No volume service(s) started successfully, terminating.
Jul 12 14:25:56 datacore-PowerEdge-R740 cinder-volume[3345967]: /usr/lib/python3/dist-packages/secretstorage/dhcrypto.py:15: CryptographyDeprecationWarning: int_from_bytes is deprecated, use int.from_bytes instead
Jul 12 14:25:56 datacore-PowerEdge-R740 cinder-volume[3345967]:   from cryptography.utils import int_from_bytes
Jul 12 14:25:56 datacore-PowerEdge-R740 cinder-volume[3345967]: /usr/lib/python3/dist-packages/secretstorage/util.py:19: CryptographyDeprecationWarning: int_from_bytes is deprecated, use int.from_bytes instead
Jul 12 14:25:56 datacore-PowerEdge-R740 cinder-volume[3345967]:   from cryptography.utils import int_from_bytes
Jul 12 14:25:56 datacore-PowerEdge-R740 cinder-volume[3345967]: /opt/stack/cinder/cinder/db/sqlalchemy/models.py:152: SAWarning: implicitly coercing SELECT object to scalar subquery; please use the .scalar_subquery() method to produce a scalar subquery.
Jul 12 14:25:56 datacore-PowerEdge-R740 cinder-volume[3345967]:   last_heartbeat = column_property(
Jul 12 14:25:56 datacore-PowerEdge-R740 cinder-volume[3345967]: /opt/stack/cinder/cinder/db/sqlalchemy/models.py:160: SAWarning: implicitly coercing SELECT object to scalar subquery; please use the .scalar_subquery() method to produce a scalar subquery.
Jul 12 14:25:56 datacore-PowerEdge-R740 cinder-volume[3345967]:   num_hosts = column_property(
Jul 12 14:25:56 datacore-PowerEdge-R740 cinder-volume[3345967]: /opt/stack/cinder/cinder/db/sqlalchemy/models.py:169: SAWarning: implicitly coercing SELECT object to scalar subquery; please use the .scalar_subquery() method to produce a scalar subquery.
Jul 12 14:25:56 datacore-PowerEdge-R740 cinder-volume[3345967]:   num_down_hosts = column_property(
Jul 12 14:25:57 datacore-PowerEdge-R740 systemd[1]: devstack@c-vol.service: Main process exited, code=exited, status=1/FAILURE
Jul 12 14:25:57 datacore-PowerEdge-R740 systemd[1]: devstack@c-vol.service: Failed with result 'exit-code'.
Jul 12 14:26:12 datacore-PowerEdge-R740 systemd[1]: Started Devstack devstack@c-vol.service.
Jul 12 14:26:14 datacore-PowerEdge-R740 cinder-volume[3346678]: DEBUG oslo_concurrency.lockutils [-] Acquired lock "singleton_lock" {{(pid=3346678) lock /usr/local/lib/python3.8/dist-packages/oslo_concurrency/lockutils.py:294}}
Jul 12 14:26:14 datacore-PowerEdge-R740 cinder-volume[3346678]: DEBUG oslo_concurrency.lockutils [-] Releasing lock "singleton_lock" {{(pid=3346678) lock /usr/local/lib/python3.8/dist-packages/oslo_concurrency/lockutils.py:312}}
Jul 12 14:26:14 datacore-PowerEdge-R740 cinder-volume[3346678]: INFO dbcounter [None req-73647524-2c0b-432a-a60c-9dd2d2cda1cb None None] Registered counter for database cinder
Jul 12 14:26:14 datacore-PowerEdge-R740 cinder-volume[3346678]: DEBUG oslo_db.sqlalchemy.engines [None req-73647524-2c0b-432a-a60c-9dd2d2cda1cb None None] MySQL server mode set to STRICT_TRANS_TABLES,STRICT_ALL_TABLES,NO_ZERO_IN_DATE,NO_ZERO_DATE,ERROR_FOR_DIVISION_BY_ZERO,TRADITIONAL,NO_ENGINE_SUBSTITUTION {{(pid=3346678) _check_effective_sql_mode /usr/local/lib/python3.8/dist-packages/oslo_db/sqlalchemy/engines.py:314}}
Jul 12 14:26:14 datacore-PowerEdge-R740 cinder-volume[3346678]: DEBUG dbcounter [-] [3346678] Writer thread running {{(pid=3346678) stat_writer /usr/local/lib/python3.8/dist-packages/dbcounter.py:99}}
Jul 12 14:26:14 datacore-PowerEdge-R740 cinder-volume[3346678]: INFO cinder.rpc [None req-73647524-2c0b-432a-a60c-9dd2d2cda1cb None None] Automatically selected cinder-scheduler objects version 1.39 as minimum service version.
Jul 12 14:26:14 datacore-PowerEdge-R740 cinder-volume[3346678]: INFO cinder.rpc [None req-73647524-2c0b-432a-a60c-9dd2d2cda1cb None None] Automatically selected cinder-scheduler RPC version 3.12 as minimum service version.
Jul 12 14:26:14 datacore-PowerEdge-R740 cinder-volume[3346678]: DEBUG oslo_db.sqlalchemy.engines [None req-73647524-2c0b-432a-a60c-9dd2d2cda1cb None None] MySQL server mode set to STRICT_TRANS_TABLES,STRICT_ALL_TABLES,NO_ZERO_IN_DATE,NO_ZERO_DATE,ERROR_FOR_DIVISION_BY_ZERO,TRADITIONAL,NO_ENGINE_SUBSTITUTION {{(pid=3346678) _check_effective_sql_mode /usr/local/lib/python3.8/dist-packages/oslo_db/sqlalchemy/engines.py:314}}
Jul 12 14:26:15 datacore-PowerEdge-R740 cinder-volume[3346678]: INFO cinder.volume.manager [None req-73647524-2c0b-432a-a60c-9dd2d2cda1cb None None] Determined volume DB was empty at startup.
Jul 12 14:26:15 datacore-PowerEdge-R740 cinder-volume[3346678]: DEBUG cinder.volume.manager [None req-73647524-2c0b-432a-a60c-9dd2d2cda1cb None None] Cinder Volume DB check: vol_db_empty=True {{(pid=3346678) __init__ /opt/stack/cinder/cinder/volume/manager.py:290}}
Jul 12 14:26:15 datacore-PowerEdge-R740 cinder-volume[3346678]: WARNING stevedore.named [None req-73647524-2c0b-432a-a60c-9dd2d2cda1cb None None] Could not load cinder.keymgr.conf_key_mgr.ConfKeyManager
Jul 12 14:26:15 datacore-PowerEdge-R740 cinder-volume[3346678]: WARNING castellan.key_manager [None req-73647524-2c0b-432a-a60c-9dd2d2cda1cb None None] Deprecation Warning : cinder.keymgr.conf_key_mgr.ConfKeyManager is not a stevedore based driver, trying to load it as a class: stevedore.exception.NoMatches: No 'castellan.drivers' driver found, looking for 'cinder.keymgr.conf_key_mgr.ConfKeyManager'
Jul 12 14:26:15 datacore-PowerEdge-R740 cinder-volume[3346678]: WARNING cinder.keymgr.conf_key_mgr [None req-73647524-2c0b-432a-a60c-9dd2d2cda1cb None None] This key manager is insecure and is not recommended for production deployments: stevedore.exception.NoMatches: No 'castellan.drivers' driver found, looking for 'cinder.keymgr.conf_key_mgr.ConfKeyManager'
Jul 12 14:26:15 datacore-PowerEdge-R740 cinder-volume[3346678]: ERROR cinder.cmd.volume [None req-73647524-2c0b-432a-a60c-9dd2d2cda1cb None None] Volume service hostgroup@datacore_iscsi1 failed to start.: ModuleNotFoundError: No module named 'cinder.volume.drivers.datacore.iscsi'
Jul 12 14:26:15 datacore-PowerEdge-R740 cinder-volume[3346678]: ERROR cinder.cmd.volume Traceback (most recent call last):
Jul 12 14:26:15 datacore-PowerEdge-R740 cinder-volume[3346678]: ERROR cinder.cmd.volume   File "/opt/stack/cinder/cinder/cmd/volume.py", line 99, in _launch_service
Jul 12 14:26:15 datacore-PowerEdge-R740 cinder-volume[3346678]: ERROR cinder.cmd.volume     server = service.Service.create(host=host,
Jul 12 14:26:15 datacore-PowerEdge-R740 cinder-volume[3346678]: ERROR cinder.cmd.volume   File "/opt/stack/cinder/cinder/service.py", line 417, in create
Jul 12 14:26:15 datacore-PowerEdge-R740 cinder-volume[3346678]: ERROR cinder.cmd.volume     service_obj = cls(host, binary, topic, manager,
Jul 12 14:26:15 datacore-PowerEdge-R740 cinder-volume[3346678]: ERROR cinder.cmd.volume   File "/opt/stack/cinder/cinder/service.py", line 158, in __init__
Jul 12 14:26:15 datacore-PowerEdge-R740 cinder-volume[3346678]: ERROR cinder.cmd.volume     self.manager = manager_class(host=self.host,
Jul 12 14:26:15 datacore-PowerEdge-R740 cinder-volume[3346678]: ERROR cinder.cmd.volume   File "/opt/stack/cinder/cinder/volume/manager.py", line 313, in __init__
Jul 12 14:26:15 datacore-PowerEdge-R740 cinder-volume[3346678]: ERROR cinder.cmd.volume     self.driver = importutils.import_object(
Jul 12 14:26:15 datacore-PowerEdge-R740 cinder-volume[3346678]: ERROR cinder.cmd.volume   File "/usr/local/lib/python3.8/dist-packages/oslo_utils/importutils.py", line 44, in import_object
Jul 12 14:26:15 datacore-PowerEdge-R740 cinder-volume[3346678]: ERROR cinder.cmd.volume     return import_class(import_str)(*args, **kwargs)
Jul 12 14:26:15 datacore-PowerEdge-R740 cinder-volume[3346678]: ERROR cinder.cmd.volume   File "/usr/local/lib/python3.8/dist-packages/oslo_utils/importutils.py", line 30, in import_class
Jul 12 14:26:15 datacore-PowerEdge-R740 cinder-volume[3346678]: ERROR cinder.cmd.volume     __import__(mod_str)
Jul 12 14:26:15 datacore-PowerEdge-R740 cinder-volume[3346678]: ERROR cinder.cmd.volume ModuleNotFoundError: No module named 'cinder.volume.drivers.datacore.iscsi'
Jul 12 14:26:15 datacore-PowerEdge-R740 cinder-volume[3346678]: ERROR cinder.cmd.volume 
Jul 12 14:26:15 datacore-PowerEdge-R740 cinder-volume[3346678]: ERROR cinder.cmd.volume [None req-73647524-2c0b-432a-a60c-9dd2d2cda1cb None None] No volume service(s) started successfully, terminating.
Jul 12 14:26:15 datacore-PowerEdge-R740 cinder-volume[3346678]: /usr/lib/python3/dist-packages/secretstorage/dhcrypto.py:15: CryptographyDeprecationWarning: int_from_bytes is deprecated, use int.from_bytes instead
Jul 12 14:26:15 datacore-PowerEdge-R740 cinder-volume[3346678]:   from cryptography.utils import int_from_bytes
Jul 12 14:26:15 datacore-PowerEdge-R740 cinder-volume[3346678]: /usr/lib/python3/dist-packages/secretstorage/util.py:19: CryptographyDeprecationWarning: int_from_bytes is deprecated, use int.from_bytes instead
Jul 12 14:26:15 datacore-PowerEdge-R740 cinder-volume[3346678]:   from cryptography.utils import int_from_bytes
Jul 12 14:26:15 datacore-PowerEdge-R740 cinder-volume[3346678]: /opt/stack/cinder/cinder/db/sqlalchemy/models.py:152: SAWarning: implicitly coercing SELECT object to scalar subquery; please use the .scalar_subquery() method to produce a scalar subquery.
Jul 12 14:26:15 datacore-PowerEdge-R740 cinder-volume[3346678]:   last_heartbeat = column_property(
Jul 12 14:26:15 datacore-PowerEdge-R740 cinder-volume[3346678]: /opt/stack/cinder/cinder/db/sqlalchemy/models.py:160: SAWarning: implicitly coercing SELECT object to scalar subquery; please use the .scalar_subquery() method to produce a scalar subquery.
Jul 12 14:26:15 datacore-PowerEdge-R740 cinder-volume[3346678]:   num_hosts = column_property(
Jul 12 14:26:15 datacore-PowerEdge-R740 cinder-volume[3346678]: /opt/stack/cinder/cinder/db/sqlalchemy/models.py:169: SAWarning: implicitly coercing SELECT object to scalar subquery; please use the .scalar_subquery() method to produce a scalar subquery.
Jul 12 14:26:15 datacore-PowerEdge-R740 cinder-volume[3346678]:   num_down_hosts = column_property(
Jul 12 14:26:15 datacore-PowerEdge-R740 systemd[1]: devstack@c-vol.service: Main process exited, code=exited, status=1/FAILURE
Jul 12 14:26:15 datacore-PowerEdge-R740 systemd[1]: devstack@c-vol.service: Failed with result 'exit-code'.
