-- Logs begin at Mon 2022-06-27 13:05:01 IST, end at Mon 2022-06-27 14:09:34 IST. --
Jun 27 13:52:02 datacore-PowerEdge-R740 systemd[1]: Started Devstack devstack@c-vol.service.
Jun 27 13:52:04 datacore-PowerEdge-R740 cinder-volume[2348535]: DEBUG oslo_concurrency.lockutils [-] Acquired lock "singleton_lock" {{(pid=2348535) lock /usr/local/lib/python3.8/dist-packages/oslo_concurrency/lockutils.py:294}}
Jun 27 13:52:04 datacore-PowerEdge-R740 cinder-volume[2348535]: DEBUG oslo_concurrency.lockutils [-] Releasing lock "singleton_lock" {{(pid=2348535) lock /usr/local/lib/python3.8/dist-packages/oslo_concurrency/lockutils.py:312}}
Jun 27 13:52:05 datacore-PowerEdge-R740 cinder-volume[2348535]: INFO dbcounter [None req-95ebf2d3-0229-42cc-8492-d858260ff49e None None] Registered counter for database cinder
Jun 27 13:52:05 datacore-PowerEdge-R740 cinder-volume[2348535]: DEBUG oslo_db.sqlalchemy.engines [None req-95ebf2d3-0229-42cc-8492-d858260ff49e None None] MySQL server mode set to STRICT_TRANS_TABLES,STRICT_ALL_TABLES,NO_ZERO_IN_DATE,NO_ZERO_DATE,ERROR_FOR_DIVISION_BY_ZERO,TRADITIONAL,NO_ENGINE_SUBSTITUTION {{(pid=2348535) _check_effective_sql_mode /usr/local/lib/python3.8/dist-packages/oslo_db/sqlalchemy/engines.py:314}}
Jun 27 13:52:05 datacore-PowerEdge-R740 cinder-volume[2348535]: DEBUG dbcounter [-] [2348535] Writer thread running {{(pid=2348535) stat_writer /usr/local/lib/python3.8/dist-packages/dbcounter.py:99}}
Jun 27 13:52:05 datacore-PowerEdge-R740 cinder-volume[2348535]: INFO cinder.rpc [None req-95ebf2d3-0229-42cc-8492-d858260ff49e None None] Automatically selected cinder-scheduler objects version 1.39 as minimum service version.
Jun 27 13:52:05 datacore-PowerEdge-R740 cinder-volume[2348535]: INFO cinder.rpc [None req-95ebf2d3-0229-42cc-8492-d858260ff49e None None] Automatically selected cinder-scheduler RPC version 3.12 as minimum service version.
Jun 27 13:52:05 datacore-PowerEdge-R740 cinder-volume[2348535]: DEBUG oslo_db.sqlalchemy.engines [None req-95ebf2d3-0229-42cc-8492-d858260ff49e None None] MySQL server mode set to STRICT_TRANS_TABLES,STRICT_ALL_TABLES,NO_ZERO_IN_DATE,NO_ZERO_DATE,ERROR_FOR_DIVISION_BY_ZERO,TRADITIONAL,NO_ENGINE_SUBSTITUTION {{(pid=2348535) _check_effective_sql_mode /usr/local/lib/python3.8/dist-packages/oslo_db/sqlalchemy/engines.py:314}}
Jun 27 13:52:05 datacore-PowerEdge-R740 cinder-volume[2348535]: INFO cinder.volume.manager [None req-95ebf2d3-0229-42cc-8492-d858260ff49e None None] Determined volume DB was not empty at startup.
Jun 27 13:52:05 datacore-PowerEdge-R740 cinder-volume[2348535]: DEBUG cinder.volume.manager [None req-95ebf2d3-0229-42cc-8492-d858260ff49e None None] Cinder Volume DB check: vol_db_empty=False {{(pid=2348535) __init__ /opt/stack/cinder/cinder/volume/manager.py:290}}
Jun 27 13:52:05 datacore-PowerEdge-R740 cinder-volume[2348535]: WARNING stevedore.named [None req-95ebf2d3-0229-42cc-8492-d858260ff49e None None] Could not load cinder.keymgr.conf_key_mgr.ConfKeyManager
Jun 27 13:52:05 datacore-PowerEdge-R740 cinder-volume[2348535]: WARNING castellan.key_manager [None req-95ebf2d3-0229-42cc-8492-d858260ff49e None None] Deprecation Warning : cinder.keymgr.conf_key_mgr.ConfKeyManager is not a stevedore based driver, trying to load it as a class: stevedore.exception.NoMatches: No 'castellan.drivers' driver found, looking for 'cinder.keymgr.conf_key_mgr.ConfKeyManager'
Jun 27 13:52:05 datacore-PowerEdge-R740 cinder-volume[2348535]: WARNING cinder.keymgr.conf_key_mgr [None req-95ebf2d3-0229-42cc-8492-d858260ff49e None None] This key manager is insecure and is not recommended for production deployments: stevedore.exception.NoMatches: No 'castellan.drivers' driver found, looking for 'cinder.keymgr.conf_key_mgr.ConfKeyManager'
Jun 27 13:52:05 datacore-PowerEdge-R740 cinder-volume[2348535]: ERROR cinder.cmd.volume [None req-95ebf2d3-0229-42cc-8492-d858260ff49e None None] Volume service hostgroup@datacore_iscsi1 failed to start.: ModuleNotFoundError: No module named 'cinder.volume.drivers.datacore.iscsi'
Jun 27 13:52:05 datacore-PowerEdge-R740 cinder-volume[2348535]: ERROR cinder.cmd.volume Traceback (most recent call last):
Jun 27 13:52:05 datacore-PowerEdge-R740 cinder-volume[2348535]: ERROR cinder.cmd.volume   File "/opt/stack/cinder/cinder/cmd/volume.py", line 99, in _launch_service
Jun 27 13:52:05 datacore-PowerEdge-R740 cinder-volume[2348535]: ERROR cinder.cmd.volume     server = service.Service.create(host=host,
Jun 27 13:52:05 datacore-PowerEdge-R740 cinder-volume[2348535]: ERROR cinder.cmd.volume   File "/opt/stack/cinder/cinder/service.py", line 394, in create
Jun 27 13:52:05 datacore-PowerEdge-R740 cinder-volume[2348535]: ERROR cinder.cmd.volume     service_obj = cls(host, binary, topic, manager,
Jun 27 13:52:05 datacore-PowerEdge-R740 cinder-volume[2348535]: ERROR cinder.cmd.volume   File "/opt/stack/cinder/cinder/service.py", line 152, in __init__
Jun 27 13:52:05 datacore-PowerEdge-R740 cinder-volume[2348535]: ERROR cinder.cmd.volume     self.manager = manager_class(host=self.host,
Jun 27 13:52:05 datacore-PowerEdge-R740 cinder-volume[2348535]: ERROR cinder.cmd.volume   File "/opt/stack/cinder/cinder/volume/manager.py", line 313, in __init__
Jun 27 13:52:05 datacore-PowerEdge-R740 cinder-volume[2348535]: ERROR cinder.cmd.volume     self.driver = importutils.import_object(
Jun 27 13:52:05 datacore-PowerEdge-R740 cinder-volume[2348535]: ERROR cinder.cmd.volume   File "/usr/local/lib/python3.8/dist-packages/oslo_utils/importutils.py", line 44, in import_object
Jun 27 13:52:05 datacore-PowerEdge-R740 cinder-volume[2348535]: ERROR cinder.cmd.volume     return import_class(import_str)(*args, **kwargs)
Jun 27 13:52:05 datacore-PowerEdge-R740 cinder-volume[2348535]: ERROR cinder.cmd.volume   File "/usr/local/lib/python3.8/dist-packages/oslo_utils/importutils.py", line 30, in import_class
Jun 27 13:52:05 datacore-PowerEdge-R740 cinder-volume[2348535]: ERROR cinder.cmd.volume     __import__(mod_str)
Jun 27 13:52:05 datacore-PowerEdge-R740 cinder-volume[2348535]: ERROR cinder.cmd.volume ModuleNotFoundError: No module named 'cinder.volume.drivers.datacore.iscsi'
Jun 27 13:52:05 datacore-PowerEdge-R740 cinder-volume[2348535]: ERROR cinder.cmd.volume 
Jun 27 13:52:05 datacore-PowerEdge-R740 cinder-volume[2348535]: ERROR cinder.cmd.volume [None req-95ebf2d3-0229-42cc-8492-d858260ff49e None None] No volume service(s) started successfully, terminating.
Jun 27 13:52:05 datacore-PowerEdge-R740 cinder-volume[2348535]: /usr/lib/python3/dist-packages/secretstorage/dhcrypto.py:15: CryptographyDeprecationWarning: int_from_bytes is deprecated, use int.from_bytes instead
Jun 27 13:52:05 datacore-PowerEdge-R740 cinder-volume[2348535]:   from cryptography.utils import int_from_bytes
Jun 27 13:52:05 datacore-PowerEdge-R740 cinder-volume[2348535]: /usr/lib/python3/dist-packages/secretstorage/util.py:19: CryptographyDeprecationWarning: int_from_bytes is deprecated, use int.from_bytes instead
Jun 27 13:52:05 datacore-PowerEdge-R740 cinder-volume[2348535]:   from cryptography.utils import int_from_bytes
Jun 27 13:52:05 datacore-PowerEdge-R740 cinder-volume[2348535]: /opt/stack/cinder/cinder/db/sqlalchemy/models.py:152: SAWarning: implicitly coercing SELECT object to scalar subquery; please use the .scalar_subquery() method to produce a scalar subquery.
Jun 27 13:52:05 datacore-PowerEdge-R740 cinder-volume[2348535]:   last_heartbeat = column_property(
Jun 27 13:52:05 datacore-PowerEdge-R740 cinder-volume[2348535]: /opt/stack/cinder/cinder/db/sqlalchemy/models.py:160: SAWarning: implicitly coercing SELECT object to scalar subquery; please use the .scalar_subquery() method to produce a scalar subquery.
Jun 27 13:52:05 datacore-PowerEdge-R740 cinder-volume[2348535]:   num_hosts = column_property(
Jun 27 13:52:05 datacore-PowerEdge-R740 cinder-volume[2348535]: /opt/stack/cinder/cinder/db/sqlalchemy/models.py:169: SAWarning: implicitly coercing SELECT object to scalar subquery; please use the .scalar_subquery() method to produce a scalar subquery.
Jun 27 13:52:05 datacore-PowerEdge-R740 cinder-volume[2348535]:   num_down_hosts = column_property(
Jun 27 13:52:06 datacore-PowerEdge-R740 systemd[1]: devstack@c-vol.service: Main process exited, code=exited, status=1/FAILURE
Jun 27 13:52:06 datacore-PowerEdge-R740 systemd[1]: devstack@c-vol.service: Failed with result 'exit-code'.
Jun 27 13:52:18 datacore-PowerEdge-R740 systemd[1]: Started Devstack devstack@c-vol.service.
Jun 27 13:52:20 datacore-PowerEdge-R740 cinder-volume[2349104]: DEBUG oslo_concurrency.lockutils [-] Acquired lock "singleton_lock" {{(pid=2349104) lock /usr/local/lib/python3.8/dist-packages/oslo_concurrency/lockutils.py:294}}
Jun 27 13:52:20 datacore-PowerEdge-R740 cinder-volume[2349104]: DEBUG oslo_concurrency.lockutils [-] Releasing lock "singleton_lock" {{(pid=2349104) lock /usr/local/lib/python3.8/dist-packages/oslo_concurrency/lockutils.py:312}}
Jun 27 13:52:20 datacore-PowerEdge-R740 cinder-volume[2349104]: INFO dbcounter [None req-52f82fce-b9c4-4642-ab2d-0bf2705ebc7c None None] Registered counter for database cinder
Jun 27 13:52:20 datacore-PowerEdge-R740 cinder-volume[2349104]: DEBUG oslo_db.sqlalchemy.engines [None req-52f82fce-b9c4-4642-ab2d-0bf2705ebc7c None None] MySQL server mode set to STRICT_TRANS_TABLES,STRICT_ALL_TABLES,NO_ZERO_IN_DATE,NO_ZERO_DATE,ERROR_FOR_DIVISION_BY_ZERO,TRADITIONAL,NO_ENGINE_SUBSTITUTION {{(pid=2349104) _check_effective_sql_mode /usr/local/lib/python3.8/dist-packages/oslo_db/sqlalchemy/engines.py:314}}
Jun 27 13:52:20 datacore-PowerEdge-R740 cinder-volume[2349104]: DEBUG dbcounter [-] [2349104] Writer thread running {{(pid=2349104) stat_writer /usr/local/lib/python3.8/dist-packages/dbcounter.py:99}}
Jun 27 13:52:21 datacore-PowerEdge-R740 cinder-volume[2349104]: INFO cinder.rpc [None req-52f82fce-b9c4-4642-ab2d-0bf2705ebc7c None None] Automatically selected cinder-scheduler objects version 1.39 as minimum service version.
Jun 27 13:52:21 datacore-PowerEdge-R740 cinder-volume[2349104]: INFO cinder.rpc [None req-52f82fce-b9c4-4642-ab2d-0bf2705ebc7c None None] Automatically selected cinder-scheduler RPC version 3.12 as minimum service version.
Jun 27 13:52:21 datacore-PowerEdge-R740 cinder-volume[2349104]: DEBUG oslo_db.sqlalchemy.engines [None req-52f82fce-b9c4-4642-ab2d-0bf2705ebc7c None None] MySQL server mode set to STRICT_TRANS_TABLES,STRICT_ALL_TABLES,NO_ZERO_IN_DATE,NO_ZERO_DATE,ERROR_FOR_DIVISION_BY_ZERO,TRADITIONAL,NO_ENGINE_SUBSTITUTION {{(pid=2349104) _check_effective_sql_mode /usr/local/lib/python3.8/dist-packages/oslo_db/sqlalchemy/engines.py:314}}
Jun 27 13:52:21 datacore-PowerEdge-R740 cinder-volume[2349104]: INFO cinder.volume.manager [None req-52f82fce-b9c4-4642-ab2d-0bf2705ebc7c None None] Determined volume DB was not empty at startup.
Jun 27 13:52:21 datacore-PowerEdge-R740 cinder-volume[2349104]: DEBUG cinder.volume.manager [None req-52f82fce-b9c4-4642-ab2d-0bf2705ebc7c None None] Cinder Volume DB check: vol_db_empty=False {{(pid=2349104) __init__ /opt/stack/cinder/cinder/volume/manager.py:290}}
Jun 27 13:52:21 datacore-PowerEdge-R740 cinder-volume[2349104]: WARNING stevedore.named [None req-52f82fce-b9c4-4642-ab2d-0bf2705ebc7c None None] Could not load cinder.keymgr.conf_key_mgr.ConfKeyManager
Jun 27 13:52:21 datacore-PowerEdge-R740 cinder-volume[2349104]: WARNING castellan.key_manager [None req-52f82fce-b9c4-4642-ab2d-0bf2705ebc7c None None] Deprecation Warning : cinder.keymgr.conf_key_mgr.ConfKeyManager is not a stevedore based driver, trying to load it as a class: stevedore.exception.NoMatches: No 'castellan.drivers' driver found, looking for 'cinder.keymgr.conf_key_mgr.ConfKeyManager'
Jun 27 13:52:21 datacore-PowerEdge-R740 cinder-volume[2349104]: WARNING cinder.keymgr.conf_key_mgr [None req-52f82fce-b9c4-4642-ab2d-0bf2705ebc7c None None] This key manager is insecure and is not recommended for production deployments: stevedore.exception.NoMatches: No 'castellan.drivers' driver found, looking for 'cinder.keymgr.conf_key_mgr.ConfKeyManager'
Jun 27 13:52:21 datacore-PowerEdge-R740 cinder-volume[2349104]: ERROR cinder.cmd.volume [None req-52f82fce-b9c4-4642-ab2d-0bf2705ebc7c None None] Volume service hostgroup@datacore_iscsi1 failed to start.: ModuleNotFoundError: No module named 'cinder.volume.drivers.datacore.iscsi'
Jun 27 13:52:21 datacore-PowerEdge-R740 cinder-volume[2349104]: ERROR cinder.cmd.volume Traceback (most recent call last):
Jun 27 13:52:21 datacore-PowerEdge-R740 cinder-volume[2349104]: ERROR cinder.cmd.volume   File "/opt/stack/cinder/cinder/cmd/volume.py", line 99, in _launch_service
Jun 27 13:52:21 datacore-PowerEdge-R740 cinder-volume[2349104]: ERROR cinder.cmd.volume     server = service.Service.create(host=host,
Jun 27 13:52:21 datacore-PowerEdge-R740 cinder-volume[2349104]: ERROR cinder.cmd.volume   File "/opt/stack/cinder/cinder/service.py", line 394, in create
Jun 27 13:52:21 datacore-PowerEdge-R740 cinder-volume[2349104]: ERROR cinder.cmd.volume     service_obj = cls(host, binary, topic, manager,
Jun 27 13:52:21 datacore-PowerEdge-R740 cinder-volume[2349104]: ERROR cinder.cmd.volume   File "/opt/stack/cinder/cinder/service.py", line 152, in __init__
Jun 27 13:52:21 datacore-PowerEdge-R740 cinder-volume[2349104]: ERROR cinder.cmd.volume     self.manager = manager_class(host=self.host,
Jun 27 13:52:21 datacore-PowerEdge-R740 cinder-volume[2349104]: ERROR cinder.cmd.volume   File "/opt/stack/cinder/cinder/volume/manager.py", line 313, in __init__
Jun 27 13:52:21 datacore-PowerEdge-R740 cinder-volume[2349104]: ERROR cinder.cmd.volume     self.driver = importutils.import_object(
Jun 27 13:52:21 datacore-PowerEdge-R740 cinder-volume[2349104]: ERROR cinder.cmd.volume   File "/usr/local/lib/python3.8/dist-packages/oslo_utils/importutils.py", line 44, in import_object
Jun 27 13:52:21 datacore-PowerEdge-R740 cinder-volume[2349104]: ERROR cinder.cmd.volume     return import_class(import_str)(*args, **kwargs)
Jun 27 13:52:21 datacore-PowerEdge-R740 cinder-volume[2349104]: ERROR cinder.cmd.volume   File "/usr/local/lib/python3.8/dist-packages/oslo_utils/importutils.py", line 30, in import_class
Jun 27 13:52:21 datacore-PowerEdge-R740 cinder-volume[2349104]: ERROR cinder.cmd.volume     __import__(mod_str)
Jun 27 13:52:21 datacore-PowerEdge-R740 cinder-volume[2349104]: ERROR cinder.cmd.volume ModuleNotFoundError: No module named 'cinder.volume.drivers.datacore.iscsi'
Jun 27 13:52:21 datacore-PowerEdge-R740 cinder-volume[2349104]: ERROR cinder.cmd.volume 
Jun 27 13:52:21 datacore-PowerEdge-R740 cinder-volume[2349104]: ERROR cinder.cmd.volume [None req-52f82fce-b9c4-4642-ab2d-0bf2705ebc7c None None] No volume service(s) started successfully, terminating.
Jun 27 13:52:21 datacore-PowerEdge-R740 cinder-volume[2349104]: /usr/lib/python3/dist-packages/secretstorage/dhcrypto.py:15: CryptographyDeprecationWarning: int_from_bytes is deprecated, use int.from_bytes instead
Jun 27 13:52:21 datacore-PowerEdge-R740 cinder-volume[2349104]:   from cryptography.utils import int_from_bytes
Jun 27 13:52:21 datacore-PowerEdge-R740 cinder-volume[2349104]: /usr/lib/python3/dist-packages/secretstorage/util.py:19: CryptographyDeprecationWarning: int_from_bytes is deprecated, use int.from_bytes instead
Jun 27 13:52:21 datacore-PowerEdge-R740 cinder-volume[2349104]:   from cryptography.utils import int_from_bytes
Jun 27 13:52:21 datacore-PowerEdge-R740 cinder-volume[2349104]: /opt/stack/cinder/cinder/db/sqlalchemy/models.py:152: SAWarning: implicitly coercing SELECT object to scalar subquery; please use the .scalar_subquery() method to produce a scalar subquery.
Jun 27 13:52:21 datacore-PowerEdge-R740 cinder-volume[2349104]:   last_heartbeat = column_property(
Jun 27 13:52:21 datacore-PowerEdge-R740 cinder-volume[2349104]: /opt/stack/cinder/cinder/db/sqlalchemy/models.py:160: SAWarning: implicitly coercing SELECT object to scalar subquery; please use the .scalar_subquery() method to produce a scalar subquery.
Jun 27 13:52:21 datacore-PowerEdge-R740 cinder-volume[2349104]:   num_hosts = column_property(
Jun 27 13:52:21 datacore-PowerEdge-R740 cinder-volume[2349104]: /opt/stack/cinder/cinder/db/sqlalchemy/models.py:169: SAWarning: implicitly coercing SELECT object to scalar subquery; please use the .scalar_subquery() method to produce a scalar subquery.
Jun 27 13:52:21 datacore-PowerEdge-R740 cinder-volume[2349104]:   num_down_hosts = column_property(
Jun 27 13:52:21 datacore-PowerEdge-R740 systemd[1]: devstack@c-vol.service: Main process exited, code=exited, status=1/FAILURE
Jun 27 13:52:21 datacore-PowerEdge-R740 systemd[1]: devstack@c-vol.service: Failed with result 'exit-code'.
