-- Logs begin at Wed 2022-07-27 14:47:15 IST, end at Wed 2022-07-27 14:48:32 IST. --
Jul 27 14:47:16 datacore-PowerEdge-R740 sudo[827959]: pam_unix(sudo:session): session closed for user root
Jul 27 14:47:16 datacore-PowerEdge-R740 cinder-volume[827847]: DEBUG oslo_concurrency.processutils [None req-2c663754-3b1a-44d3-84b7-d1d1f27820d0 None None] CMD "sudo cinder-rootwrap /etc/cinder/rootwrap.conf lvchange -a y --yes -K stack-volumes-lvmdriver-1/stack-volumes-lvmdriver-1-pool" returned: 0 in 0.941s {{(pid=827847) execute /usr/local/lib/python3.8/dist-packages/oslo_concurrency/processutils.py:422}}
Jul 27 14:47:16 datacore-PowerEdge-R740 cinder-volume[827847]: DEBUG oslo_concurrency.processutils [None req-2c663754-3b1a-44d3-84b7-d1d1f27820d0 None None] Running cmd (subprocess): env LC_ALL=C lvm version {{(pid=827847) execute /usr/local/lib/python3.8/dist-packages/oslo_concurrency/processutils.py:384}}
Jul 27 14:47:16 datacore-PowerEdge-R740 cinder-volume[827847]: DEBUG oslo_concurrency.processutils [None req-2c663754-3b1a-44d3-84b7-d1d1f27820d0 None None] CMD "env LC_ALL=C lvm version" returned: 0 in 0.015s {{(pid=827847) execute /usr/local/lib/python3.8/dist-packages/oslo_concurrency/processutils.py:422}}
Jul 27 14:47:16 datacore-PowerEdge-R740 cinder-volume[827847]: DEBUG oslo_concurrency.processutils [None req-2c663754-3b1a-44d3-84b7-d1d1f27820d0 None None] Running cmd (subprocess): sudo cinder-rootwrap /etc/cinder/rootwrap.conf env LC_ALL=C pvs --noheadings --unit=g -o vg_name,name,size,free --separator | --nosuffix --ignoreskippedcluster {{(pid=827847) execute /usr/local/lib/python3.8/dist-packages/oslo_concurrency/processutils.py:384}}
Jul 27 14:47:16 datacore-PowerEdge-R740 sudo[828008]:    stack : TTY=unknown ; PWD=/ ; USER=root ; COMMAND=/usr/local/bin/cinder-rootwrap /etc/cinder/rootwrap.conf env LC_ALL=C pvs --noheadings --unit=g -o vg_name,name,size,free --separator | --nosuffix --ignoreskippedcluster
Jul 27 14:47:16 datacore-PowerEdge-R740 sudo[828008]: pam_unix(sudo:session): session opened for user root by (uid=0)
Jul 27 14:47:17 datacore-PowerEdge-R740 sudo[828008]: pam_unix(sudo:session): session closed for user root
Jul 27 14:47:17 datacore-PowerEdge-R740 cinder-volume[827847]: DEBUG oslo_concurrency.processutils [None req-2c663754-3b1a-44d3-84b7-d1d1f27820d0 None None] CMD "sudo cinder-rootwrap /etc/cinder/rootwrap.conf env LC_ALL=C pvs --noheadings --unit=g -o vg_name,name,size,free --separator | --nosuffix --ignoreskippedcluster" returned: 0 in 0.749s {{(pid=827847) execute /usr/local/lib/python3.8/dist-packages/oslo_concurrency/processutils.py:422}}
Jul 27 14:47:17 datacore-PowerEdge-R740 cinder-volume[827847]: DEBUG oslo_concurrency.processutils [None req-2c663754-3b1a-44d3-84b7-d1d1f27820d0 None None] Running cmd (subprocess): sudo cinder-rootwrap /etc/cinder/rootwrap.conf env LC_ALL=C vgs --noheadings --unit=g -o name,size,free,lv_count,uuid --separator : --nosuffix stack-volumes-lvmdriver-1 {{(pid=827847) execute /usr/local/lib/python3.8/dist-packages/oslo_concurrency/processutils.py:384}}
Jul 27 14:47:17 datacore-PowerEdge-R740 sudo[828084]:    stack : TTY=unknown ; PWD=/ ; USER=root ; COMMAND=/usr/local/bin/cinder-rootwrap /etc/cinder/rootwrap.conf env LC_ALL=C vgs --noheadings --unit=g -o name,size,free,lv_count,uuid --separator : --nosuffix stack-volumes-lvmdriver-1
Jul 27 14:47:17 datacore-PowerEdge-R740 sudo[828084]: pam_unix(sudo:session): session opened for user root by (uid=0)
Jul 27 14:47:17 datacore-PowerEdge-R740 sudo[828084]: pam_unix(sudo:session): session closed for user root
Jul 27 14:47:17 datacore-PowerEdge-R740 cinder-volume[827847]: DEBUG oslo_concurrency.processutils [None req-2c663754-3b1a-44d3-84b7-d1d1f27820d0 None None] CMD "sudo cinder-rootwrap /etc/cinder/rootwrap.conf env LC_ALL=C vgs --noheadings --unit=g -o name,size,free,lv_count,uuid --separator : --nosuffix stack-volumes-lvmdriver-1" returned: 0 in 0.687s {{(pid=827847) execute /usr/local/lib/python3.8/dist-packages/oslo_concurrency/processutils.py:422}}
Jul 27 14:47:17 datacore-PowerEdge-R740 cinder-volume[827847]: DEBUG oslo_concurrency.processutils [None req-2c663754-3b1a-44d3-84b7-d1d1f27820d0 None None] Running cmd (subprocess): sudo cinder-rootwrap /etc/cinder/rootwrap.conf env LC_ALL=C vgs --noheadings --unit=g -o name,size,free,lv_count,uuid --separator : --nosuffix stack-volumes-lvmdriver-1 {{(pid=827847) execute /usr/local/lib/python3.8/dist-packages/oslo_concurrency/processutils.py:384}}
Jul 27 14:47:17 datacore-PowerEdge-R740 sudo[828133]:    stack : TTY=unknown ; PWD=/ ; USER=root ; COMMAND=/usr/local/bin/cinder-rootwrap /etc/cinder/rootwrap.conf env LC_ALL=C vgs --noheadings --unit=g -o name,size,free,lv_count,uuid --separator : --nosuffix stack-volumes-lvmdriver-1
Jul 27 14:47:17 datacore-PowerEdge-R740 sudo[828133]: pam_unix(sudo:session): session opened for user root by (uid=0)
Jul 27 14:47:18 datacore-PowerEdge-R740 sudo[828133]: pam_unix(sudo:session): session closed for user root
Jul 27 14:47:18 datacore-PowerEdge-R740 cinder-volume[827847]: DEBUG oslo_concurrency.processutils [None req-2c663754-3b1a-44d3-84b7-d1d1f27820d0 None None] CMD "sudo cinder-rootwrap /etc/cinder/rootwrap.conf env LC_ALL=C vgs --noheadings --unit=g -o name,size,free,lv_count,uuid --separator : --nosuffix stack-volumes-lvmdriver-1" returned: 0 in 0.668s {{(pid=827847) execute /usr/local/lib/python3.8/dist-packages/oslo_concurrency/processutils.py:422}}
Jul 27 14:47:18 datacore-PowerEdge-R740 cinder-volume[827847]: DEBUG oslo_concurrency.processutils [None req-2c663754-3b1a-44d3-84b7-d1d1f27820d0 None None] Running cmd (subprocess): sudo cinder-rootwrap /etc/cinder/rootwrap.conf env LC_ALL=C lvs --noheadings --unit=g -o vg_name,name,size --nosuffix --readonly stack-volumes-lvmdriver-1 {{(pid=827847) execute /usr/local/lib/python3.8/dist-packages/oslo_concurrency/processutils.py:384}}
Jul 27 14:47:18 datacore-PowerEdge-R740 sudo[828154]:    stack : TTY=unknown ; PWD=/ ; USER=root ; COMMAND=/usr/local/bin/cinder-rootwrap /etc/cinder/rootwrap.conf env LC_ALL=C lvs --noheadings --unit=g -o vg_name,name,size --nosuffix --readonly stack-volumes-lvmdriver-1
Jul 27 14:47:18 datacore-PowerEdge-R740 sudo[828154]: pam_unix(sudo:session): session opened for user root by (uid=0)
Jul 27 14:47:19 datacore-PowerEdge-R740 sudo[828154]: pam_unix(sudo:session): session closed for user root
Jul 27 14:47:19 datacore-PowerEdge-R740 cinder-volume[827847]: DEBUG oslo_concurrency.processutils [None req-2c663754-3b1a-44d3-84b7-d1d1f27820d0 None None] CMD "sudo cinder-rootwrap /etc/cinder/rootwrap.conf env LC_ALL=C lvs --noheadings --unit=g -o vg_name,name,size --nosuffix --readonly stack-volumes-lvmdriver-1" returned: 0 in 0.675s {{(pid=827847) execute /usr/local/lib/python3.8/dist-packages/oslo_concurrency/processutils.py:422}}
Jul 27 14:47:19 datacore-PowerEdge-R740 cinder-volume[827847]: DEBUG oslo_concurrency.processutils [None req-2c663754-3b1a-44d3-84b7-d1d1f27820d0 None None] Running cmd (subprocess): sudo cinder-rootwrap /etc/cinder/rootwrap.conf env LC_ALL=C lvs --noheadings --unit=g -o size,data_percent --separator : --nosuffix /dev/stack-volumes-lvmdriver-1/stack-volumes-lvmdriver-1-pool {{(pid=827847) execute /usr/local/lib/python3.8/dist-packages/oslo_concurrency/processutils.py:384}}
Jul 27 14:47:19 datacore-PowerEdge-R740 sudo[828160]:    stack : TTY=unknown ; PWD=/ ; USER=root ; COMMAND=/usr/local/bin/cinder-rootwrap /etc/cinder/rootwrap.conf env LC_ALL=C lvs --noheadings --unit=g -o size,data_percent --separator : --nosuffix /dev/stack-volumes-lvmdriver-1/stack-volumes-lvmdriver-1-pool
Jul 27 14:47:19 datacore-PowerEdge-R740 sudo[828160]: pam_unix(sudo:session): session opened for user root by (uid=0)
Jul 27 14:47:19 datacore-PowerEdge-R740 sudo[828160]: pam_unix(sudo:session): session closed for user root
Jul 27 14:47:19 datacore-PowerEdge-R740 cinder-volume[827847]: DEBUG oslo_concurrency.processutils [None req-2c663754-3b1a-44d3-84b7-d1d1f27820d0 None None] CMD "sudo cinder-rootwrap /etc/cinder/rootwrap.conf env LC_ALL=C lvs --noheadings --unit=g -o size,data_percent --separator : --nosuffix /dev/stack-volumes-lvmdriver-1/stack-volumes-lvmdriver-1-pool" returned: 0 in 0.687s {{(pid=827847) execute /usr/local/lib/python3.8/dist-packages/oslo_concurrency/processutils.py:422}}
Jul 27 14:47:19 datacore-PowerEdge-R740 cinder-volume[827847]: DEBUG oslo_concurrency.processutils [None req-2c663754-3b1a-44d3-84b7-d1d1f27820d0 None None] Running cmd (subprocess): env LC_ALL=C lvm version {{(pid=827847) execute /usr/local/lib/python3.8/dist-packages/oslo_concurrency/processutils.py:384}}
Jul 27 14:47:19 datacore-PowerEdge-R740 cinder-volume[827847]: DEBUG oslo_concurrency.processutils [None req-2c663754-3b1a-44d3-84b7-d1d1f27820d0 None None] CMD "env LC_ALL=C lvm version" returned: 0 in 0.013s {{(pid=827847) execute /usr/local/lib/python3.8/dist-packages/oslo_concurrency/processutils.py:422}}
Jul 27 14:47:19 datacore-PowerEdge-R740 cinder-volume[827847]: DEBUG oslo_concurrency.processutils [None req-2c663754-3b1a-44d3-84b7-d1d1f27820d0 None None] Running cmd (subprocess): sudo cinder-rootwrap /etc/cinder/rootwrap.conf env LC_ALL=C lvs --noheadings --unit=g -o vg_name,name,size --nosuffix --readonly stack-volumes-lvmdriver-1/stack-volumes-lvmdriver-1-pool {{(pid=827847) execute /usr/local/lib/python3.8/dist-packages/oslo_concurrency/processutils.py:384}}
Jul 27 14:47:19 datacore-PowerEdge-R740 sudo[828167]:    stack : TTY=unknown ; PWD=/ ; USER=root ; COMMAND=/usr/local/bin/cinder-rootwrap /etc/cinder/rootwrap.conf env LC_ALL=C lvs --noheadings --unit=g -o vg_name,name,size --nosuffix --readonly stack-volumes-lvmdriver-1/stack-volumes-lvmdriver-1-pool
Jul 27 14:47:19 datacore-PowerEdge-R740 sudo[828167]: pam_unix(sudo:session): session opened for user root by (uid=0)
Jul 27 14:47:20 datacore-PowerEdge-R740 sudo[828167]: pam_unix(sudo:session): session closed for user root
Jul 27 14:47:20 datacore-PowerEdge-R740 cinder-volume[827847]: DEBUG oslo_concurrency.processutils [None req-2c663754-3b1a-44d3-84b7-d1d1f27820d0 None None] CMD "sudo cinder-rootwrap /etc/cinder/rootwrap.conf env LC_ALL=C lvs --noheadings --unit=g -o vg_name,name,size --nosuffix --readonly stack-volumes-lvmdriver-1/stack-volumes-lvmdriver-1-pool" returned: 0 in 0.615s {{(pid=827847) execute /usr/local/lib/python3.8/dist-packages/oslo_concurrency/processutils.py:422}}
Jul 27 14:47:20 datacore-PowerEdge-R740 cinder-volume[827847]: INFO cinder.volume.drivers.lvm [None req-2c663754-3b1a-44d3-84b7-d1d1f27820d0 None None] Enabling LVM thin provisioning by default because a thin pool exists.
Jul 27 14:47:20 datacore-PowerEdge-R740 cinder-volume[827847]: DEBUG oslo_concurrency.processutils [None req-2c663754-3b1a-44d3-84b7-d1d1f27820d0 None None] Running cmd (subprocess): env LC_ALL=C lvm version {{(pid=827847) execute /usr/local/lib/python3.8/dist-packages/oslo_concurrency/processutils.py:384}}
Jul 27 14:47:20 datacore-PowerEdge-R740 cinder-volume[827847]: DEBUG oslo_concurrency.processutils [None req-2c663754-3b1a-44d3-84b7-d1d1f27820d0 None None] CMD "env LC_ALL=C lvm version" returned: 0 in 0.017s {{(pid=827847) execute /usr/local/lib/python3.8/dist-packages/oslo_concurrency/processutils.py:422}}
Jul 27 14:47:20 datacore-PowerEdge-R740 cinder-volume[827847]: DEBUG oslo_concurrency.processutils [None req-2c663754-3b1a-44d3-84b7-d1d1f27820d0 None None] Running cmd (subprocess): sudo cinder-rootwrap /etc/cinder/rootwrap.conf env LC_ALL=C lvs --noheadings --unit=g -o vg_name,name,size --nosuffix --readonly stack-volumes-lvmdriver-1/stack-volumes-lvmdriver-1-pool {{(pid=827847) execute /usr/local/lib/python3.8/dist-packages/oslo_concurrency/processutils.py:384}}
Jul 27 14:47:20 datacore-PowerEdge-R740 sudo[828172]:    stack : TTY=unknown ; PWD=/ ; USER=root ; COMMAND=/usr/local/bin/cinder-rootwrap /etc/cinder/rootwrap.conf env LC_ALL=C lvs --noheadings --unit=g -o vg_name,name,size --nosuffix --readonly stack-volumes-lvmdriver-1/stack-volumes-lvmdriver-1-pool
Jul 27 14:47:20 datacore-PowerEdge-R740 sudo[828172]: pam_unix(sudo:session): session opened for user root by (uid=0)
Jul 27 14:47:21 datacore-PowerEdge-R740 sudo[828172]: pam_unix(sudo:session): session closed for user root
Jul 27 14:47:21 datacore-PowerEdge-R740 cinder-volume[827847]: DEBUG oslo_concurrency.processutils [None req-2c663754-3b1a-44d3-84b7-d1d1f27820d0 None None] CMD "sudo cinder-rootwrap /etc/cinder/rootwrap.conf env LC_ALL=C lvs --noheadings --unit=g -o vg_name,name,size --nosuffix --readonly stack-volumes-lvmdriver-1/stack-volumes-lvmdriver-1-pool" returned: 0 in 0.613s {{(pid=827847) execute /usr/local/lib/python3.8/dist-packages/oslo_concurrency/processutils.py:422}}
Jul 27 14:47:21 datacore-PowerEdge-R740 cinder-volume[827847]: DEBUG cinder.volume.drivers.lvm [None req-2c663754-3b1a-44d3-84b7-d1d1f27820d0 None None] Updating volume stats {{(pid=827847) _update_volume_stats /opt/stack/cinder/cinder/volume/drivers/lvm.py:213}}
Jul 27 14:47:21 datacore-PowerEdge-R740 cinder-volume[827847]: DEBUG oslo_concurrency.processutils [None req-2c663754-3b1a-44d3-84b7-d1d1f27820d0 None None] Running cmd (subprocess): sudo cinder-rootwrap /etc/cinder/rootwrap.conf env LC_ALL=C vgs --noheadings --unit=g -o name,size,free,lv_count,uuid --separator : --nosuffix stack-volumes-lvmdriver-1 {{(pid=827847) execute /usr/local/lib/python3.8/dist-packages/oslo_concurrency/processutils.py:384}}
Jul 27 14:47:21 datacore-PowerEdge-R740 sudo[828176]:    stack : TTY=unknown ; PWD=/ ; USER=root ; COMMAND=/usr/local/bin/cinder-rootwrap /etc/cinder/rootwrap.conf env LC_ALL=C vgs --noheadings --unit=g -o name,size,free,lv_count,uuid --separator : --nosuffix stack-volumes-lvmdriver-1
Jul 27 14:47:21 datacore-PowerEdge-R740 sudo[828176]: pam_unix(sudo:session): session opened for user root by (uid=0)
Jul 27 14:47:21 datacore-PowerEdge-R740 sudo[828176]: pam_unix(sudo:session): session closed for user root
Jul 27 14:47:21 datacore-PowerEdge-R740 cinder-volume[827847]: DEBUG oslo_concurrency.processutils [None req-2c663754-3b1a-44d3-84b7-d1d1f27820d0 None None] CMD "sudo cinder-rootwrap /etc/cinder/rootwrap.conf env LC_ALL=C vgs --noheadings --unit=g -o name,size,free,lv_count,uuid --separator : --nosuffix stack-volumes-lvmdriver-1" returned: 0 in 0.646s {{(pid=827847) execute /usr/local/lib/python3.8/dist-packages/oslo_concurrency/processutils.py:422}}
Jul 27 14:47:21 datacore-PowerEdge-R740 cinder-volume[827847]: DEBUG oslo_concurrency.processutils [None req-2c663754-3b1a-44d3-84b7-d1d1f27820d0 None None] Running cmd (subprocess): sudo cinder-rootwrap /etc/cinder/rootwrap.conf env LC_ALL=C lvs --noheadings --unit=g -o vg_name,name,size --nosuffix --readonly stack-volumes-lvmdriver-1 {{(pid=827847) execute /usr/local/lib/python3.8/dist-packages/oslo_concurrency/processutils.py:384}}
Jul 27 14:47:21 datacore-PowerEdge-R740 sudo[828191]:    stack : TTY=unknown ; PWD=/ ; USER=root ; COMMAND=/usr/local/bin/cinder-rootwrap /etc/cinder/rootwrap.conf env LC_ALL=C lvs --noheadings --unit=g -o vg_name,name,size --nosuffix --readonly stack-volumes-lvmdriver-1
Jul 27 14:47:21 datacore-PowerEdge-R740 sudo[828191]: pam_unix(sudo:session): session opened for user root by (uid=0)
Jul 27 14:47:22 datacore-PowerEdge-R740 sudo[828191]: pam_unix(sudo:session): session closed for user root
Jul 27 14:47:22 datacore-PowerEdge-R740 cinder-volume[827847]: DEBUG oslo_concurrency.processutils [None req-2c663754-3b1a-44d3-84b7-d1d1f27820d0 None None] CMD "sudo cinder-rootwrap /etc/cinder/rootwrap.conf env LC_ALL=C lvs --noheadings --unit=g -o vg_name,name,size --nosuffix --readonly stack-volumes-lvmdriver-1" returned: 0 in 0.639s {{(pid=827847) execute /usr/local/lib/python3.8/dist-packages/oslo_concurrency/processutils.py:422}}
Jul 27 14:47:22 datacore-PowerEdge-R740 cinder-volume[827847]: DEBUG oslo_concurrency.processutils [None req-2c663754-3b1a-44d3-84b7-d1d1f27820d0 None None] Running cmd (subprocess): sudo cinder-rootwrap /etc/cinder/rootwrap.conf env LC_ALL=C lvs --noheadings --unit=g -o size,data_percent --separator : --nosuffix /dev/stack-volumes-lvmdriver-1/stack-volumes-lvmdriver-1-pool {{(pid=827847) execute /usr/local/lib/python3.8/dist-packages/oslo_concurrency/processutils.py:384}}
Jul 27 14:47:22 datacore-PowerEdge-R740 sudo[828197]:    stack : TTY=unknown ; PWD=/ ; USER=root ; COMMAND=/usr/local/bin/cinder-rootwrap /etc/cinder/rootwrap.conf env LC_ALL=C lvs --noheadings --unit=g -o size,data_percent --separator : --nosuffix /dev/stack-volumes-lvmdriver-1/stack-volumes-lvmdriver-1-pool
Jul 27 14:47:22 datacore-PowerEdge-R740 sudo[828197]: pam_unix(sudo:session): session opened for user root by (uid=0)
Jul 27 14:47:22 datacore-PowerEdge-R740 cinder-volume[827672]: DEBUG dbcounter [-] [827672] Writing DB stats cinder:SELECT=16,cinder:UPDATE=1 {{(pid=827672) stat_writer /usr/local/lib/python3.8/dist-packages/dbcounter.py:114}}
Jul 27 14:47:22 datacore-PowerEdge-R740 sudo[828197]: pam_unix(sudo:session): session closed for user root
Jul 27 14:47:22 datacore-PowerEdge-R740 cinder-volume[827847]: DEBUG oslo_concurrency.processutils [None req-2c663754-3b1a-44d3-84b7-d1d1f27820d0 None None] CMD "sudo cinder-rootwrap /etc/cinder/rootwrap.conf env LC_ALL=C lvs --noheadings --unit=g -o size,data_percent --separator : --nosuffix /dev/stack-volumes-lvmdriver-1/stack-volumes-lvmdriver-1-pool" returned: 0 in 0.674s {{(pid=827847) execute /usr/local/lib/python3.8/dist-packages/oslo_concurrency/processutils.py:422}}
Jul 27 14:47:22 datacore-PowerEdge-R740 cinder-volume[827847]: DEBUG oslo_concurrency.processutils [None req-2c663754-3b1a-44d3-84b7-d1d1f27820d0 None None] Running cmd (subprocess): sudo cinder-rootwrap /etc/cinder/rootwrap.conf env LC_ALL=C lvs --noheadings --unit=g -o vg_name,name,size --nosuffix --readonly stack-volumes-lvmdriver-1 {{(pid=827847) execute /usr/local/lib/python3.8/dist-packages/oslo_concurrency/processutils.py:384}}
Jul 27 14:47:23 datacore-PowerEdge-R740 sudo[828211]:    stack : TTY=unknown ; PWD=/ ; USER=root ; COMMAND=/usr/local/bin/cinder-rootwrap /etc/cinder/rootwrap.conf env LC_ALL=C lvs --noheadings --unit=g -o vg_name,name,size --nosuffix --readonly stack-volumes-lvmdriver-1
Jul 27 14:47:23 datacore-PowerEdge-R740 sudo[828211]: pam_unix(sudo:session): session opened for user root by (uid=0)
Jul 27 14:47:23 datacore-PowerEdge-R740 sudo[828211]: pam_unix(sudo:session): session closed for user root
Jul 27 14:47:23 datacore-PowerEdge-R740 cinder-volume[827847]: DEBUG oslo_concurrency.processutils [None req-2c663754-3b1a-44d3-84b7-d1d1f27820d0 None None] CMD "sudo cinder-rootwrap /etc/cinder/rootwrap.conf env LC_ALL=C lvs --noheadings --unit=g -o vg_name,name,size --nosuffix --readonly stack-volumes-lvmdriver-1" returned: 0 in 0.616s {{(pid=827847) execute /usr/local/lib/python3.8/dist-packages/oslo_concurrency/processutils.py:422}}
Jul 27 14:47:23 datacore-PowerEdge-R740 cinder-volume[827847]: INFO cinder.volume.driver [None req-2c663754-3b1a-44d3-84b7-d1d1f27820d0 None None] Driver hasn't implemented _init_vendor_properties()
Jul 27 14:47:23 datacore-PowerEdge-R740 cinder-volume[827847]: DEBUG cinder.volume.driver [None req-2c663754-3b1a-44d3-84b7-d1d1f27820d0 None None] Initialized capabilities list: {'volume_backend_name': 'lvmdriver-1', 'vendor_name': 'Open Source', 'driver_version': '3.0.0', 'storage_protocol': 'iSCSI', 'pools': [{'pool_name': 'lvmdriver-1', 'total_capacity_gb': 28.5, 'free_capacity_gb': 28.5, 'reserved_percentage': 0, 'location_info': 'LVMVolumeDriver:datacore-PowerEdge-R740:stack-volumes-lvmdriver-1:thin:0', 'QoS_support': False, 'provisioned_capacity_gb': 0.0, 'max_over_subscription_ratio': '20.0', 'thin_provisioning_support': True, 'thick_provisioning_support': False, 'total_volumes': 1, 'filter_function': None, 'goodness_function': None, 'multiattach': True, 'backend_state': 'up'}], 'shared_targets': False, 'sparse_copy_volume': True, 'properties': {'thin_provisioning': {'title': 'Thin Provisioning', 'description': 'Sets thin provisioning.', 'type': 'boolean'}, 'compression': {'title': 'Compression', 'description': 'Enables compression.', 'type': 'boolean'}, 'qos': {'title': 'QoS', 'description': 'Enables QoS.', 'type': 'boolean'}, 'replication_enabled': {'title': 'Replication', 'description': 'Enables replication.', 'type': 'boolean'}}}. {{(pid=827847) init_capabilities /opt/stack/cinder/cinder/volume/driver.py:812}}
Jul 27 14:47:23 datacore-PowerEdge-R740 cinder-volume[827847]: DEBUG oslo_db.sqlalchemy.engines [None req-2c663754-3b1a-44d3-84b7-d1d1f27820d0 None None] MySQL server mode set to STRICT_TRANS_TABLES,STRICT_ALL_TABLES,NO_ZERO_IN_DATE,NO_ZERO_DATE,ERROR_FOR_DIVISION_BY_ZERO,TRADITIONAL,NO_ENGINE_SUBSTITUTION {{(pid=827847) _check_effective_sql_mode /usr/local/lib/python3.8/dist-packages/oslo_db/sqlalchemy/engines.py:314}}
Jul 27 14:47:23 datacore-PowerEdge-R740 cinder-volume[827847]: DEBUG dbcounter [-] [827847] Writer thread running {{(pid=827847) stat_writer /usr/local/lib/python3.8/dist-packages/dbcounter.py:99}}
Jul 27 14:47:23 datacore-PowerEdge-R740 cinder-volume[827847]: DEBUG cinder.db.sqlalchemy.api [None req-2c663754-3b1a-44d3-84b7-d1d1f27820d0 None None] Building query based on filter {{(pid=827847) _process_snaps_filters /opt/stack/cinder/cinder/db/sqlalchemy/api.py:3878}}
Jul 27 14:47:23 datacore-PowerEdge-R740 cinder-volume[827847]: DEBUG cinder.image.image_utils [None req-2c663754-3b1a-44d3-84b7-d1d1f27820d0 None None] Configuration image_conversion_dir is None or the path doesn't exist. {{(pid=827847) cleanup_temporary_file /opt/stack/cinder/cinder/image/image_utils.py:991}}
Jul 27 14:47:23 datacore-PowerEdge-R740 cinder-volume[827847]: DEBUG cinder.volume.drivers.lvm [None req-2c663754-3b1a-44d3-84b7-d1d1f27820d0 None None] Updating volume stats {{(pid=827847) _update_volume_stats /opt/stack/cinder/cinder/volume/drivers/lvm.py:213}}
Jul 27 14:47:23 datacore-PowerEdge-R740 cinder-volume[827847]: DEBUG oslo_concurrency.processutils [None req-2c663754-3b1a-44d3-84b7-d1d1f27820d0 None None] Running cmd (subprocess): sudo cinder-rootwrap /etc/cinder/rootwrap.conf env LC_ALL=C vgs --noheadings --unit=g -o name,size,free,lv_count,uuid --separator : --nosuffix stack-volumes-lvmdriver-1 {{(pid=827847) execute /usr/local/lib/python3.8/dist-packages/oslo_concurrency/processutils.py:384}}
Jul 27 14:47:23 datacore-PowerEdge-R740 cinder-volume[827847]: INFO cinder.keymgr.migration [None req-04cdae7f-c6f0-4ca4-a317-69447909e0d1 None None] Not migrating encryption keys because the ConfKeyManager is still in use.
Jul 27 14:47:23 datacore-PowerEdge-R740 sudo[828220]:    stack : TTY=unknown ; PWD=/ ; USER=root ; COMMAND=/usr/local/bin/cinder-rootwrap /etc/cinder/rootwrap.conf env LC_ALL=C vgs --noheadings --unit=g -o name,size,free,lv_count,uuid --separator : --nosuffix stack-volumes-lvmdriver-1
Jul 27 14:47:23 datacore-PowerEdge-R740 sudo[828220]: pam_unix(sudo:session): session opened for user root by (uid=0)
Jul 27 14:47:24 datacore-PowerEdge-R740 sudo[828220]: pam_unix(sudo:session): session closed for user root
Jul 27 14:47:24 datacore-PowerEdge-R740 cinder-volume[827847]: DEBUG oslo_concurrency.processutils [None req-2c663754-3b1a-44d3-84b7-d1d1f27820d0 None None] CMD "sudo cinder-rootwrap /etc/cinder/rootwrap.conf env LC_ALL=C vgs --noheadings --unit=g -o name,size,free,lv_count,uuid --separator : --nosuffix stack-volumes-lvmdriver-1" returned: 0 in 0.657s {{(pid=827847) execute /usr/local/lib/python3.8/dist-packages/oslo_concurrency/processutils.py:422}}
Jul 27 14:47:24 datacore-PowerEdge-R740 cinder-volume[827847]: DEBUG oslo_concurrency.processutils [None req-2c663754-3b1a-44d3-84b7-d1d1f27820d0 None None] Running cmd (subprocess): sudo cinder-rootwrap /etc/cinder/rootwrap.conf env LC_ALL=C lvs --noheadings --unit=g -o vg_name,name,size --nosuffix --readonly stack-volumes-lvmdriver-1 {{(pid=827847) execute /usr/local/lib/python3.8/dist-packages/oslo_concurrency/processutils.py:384}}
Jul 27 14:47:24 datacore-PowerEdge-R740 sudo[828226]:    stack : TTY=unknown ; PWD=/ ; USER=root ; COMMAND=/usr/local/bin/cinder-rootwrap /etc/cinder/rootwrap.conf env LC_ALL=C lvs --noheadings --unit=g -o vg_name,name,size --nosuffix --readonly stack-volumes-lvmdriver-1
Jul 27 14:47:24 datacore-PowerEdge-R740 sudo[828226]: pam_unix(sudo:session): session opened for user root by (uid=0)
Jul 27 14:47:24 datacore-PowerEdge-R740 sudo[828226]: pam_unix(sudo:session): session closed for user root
Jul 27 14:47:24 datacore-PowerEdge-R740 cinder-volume[827847]: DEBUG oslo_concurrency.processutils [None req-2c663754-3b1a-44d3-84b7-d1d1f27820d0 None None] CMD "sudo cinder-rootwrap /etc/cinder/rootwrap.conf env LC_ALL=C lvs --noheadings --unit=g -o vg_name,name,size --nosuffix --readonly stack-volumes-lvmdriver-1" returned: 0 in 0.663s {{(pid=827847) execute /usr/local/lib/python3.8/dist-packages/oslo_concurrency/processutils.py:422}}
Jul 27 14:47:24 datacore-PowerEdge-R740 cinder-volume[827847]: DEBUG oslo_concurrency.processutils [None req-2c663754-3b1a-44d3-84b7-d1d1f27820d0 None None] Running cmd (subprocess): sudo cinder-rootwrap /etc/cinder/rootwrap.conf env LC_ALL=C lvs --noheadings --unit=g -o size,data_percent --separator : --nosuffix /dev/stack-volumes-lvmdriver-1/stack-volumes-lvmdriver-1-pool {{(pid=827847) execute /usr/local/lib/python3.8/dist-packages/oslo_concurrency/processutils.py:384}}
Jul 27 14:47:25 datacore-PowerEdge-R740 sudo[828237]:    stack : TTY=unknown ; PWD=/ ; USER=root ; COMMAND=/usr/local/bin/cinder-rootwrap /etc/cinder/rootwrap.conf env LC_ALL=C lvs --noheadings --unit=g -o size,data_percent --separator : --nosuffix /dev/stack-volumes-lvmdriver-1/stack-volumes-lvmdriver-1-pool
Jul 27 14:47:25 datacore-PowerEdge-R740 sudo[828237]: pam_unix(sudo:session): session opened for user root by (uid=0)
Jul 27 14:47:25 datacore-PowerEdge-R740 sudo[828237]: pam_unix(sudo:session): session closed for user root
Jul 27 14:47:25 datacore-PowerEdge-R740 cinder-volume[827847]: DEBUG oslo_concurrency.processutils [None req-2c663754-3b1a-44d3-84b7-d1d1f27820d0 None None] CMD "sudo cinder-rootwrap /etc/cinder/rootwrap.conf env LC_ALL=C lvs --noheadings --unit=g -o size,data_percent --separator : --nosuffix /dev/stack-volumes-lvmdriver-1/stack-volumes-lvmdriver-1-pool" returned: 0 in 0.629s {{(pid=827847) execute /usr/local/lib/python3.8/dist-packages/oslo_concurrency/processutils.py:422}}
Jul 27 14:47:25 datacore-PowerEdge-R740 cinder-volume[827847]: DEBUG oslo_concurrency.processutils [None req-2c663754-3b1a-44d3-84b7-d1d1f27820d0 None None] Running cmd (subprocess): sudo cinder-rootwrap /etc/cinder/rootwrap.conf env LC_ALL=C lvs --noheadings --unit=g -o vg_name,name,size --nosuffix --readonly stack-volumes-lvmdriver-1 {{(pid=827847) execute /usr/local/lib/python3.8/dist-packages/oslo_concurrency/processutils.py:384}}
Jul 27 14:47:25 datacore-PowerEdge-R740 sudo[828260]:    stack : TTY=unknown ; PWD=/ ; USER=root ; COMMAND=/usr/local/bin/cinder-rootwrap /etc/cinder/rootwrap.conf env LC_ALL=C lvs --noheadings --unit=g -o vg_name,name,size --nosuffix --readonly stack-volumes-lvmdriver-1
Jul 27 14:47:25 datacore-PowerEdge-R740 sudo[828260]: pam_unix(sudo:session): session opened for user root by (uid=0)
Jul 27 14:47:26 datacore-PowerEdge-R740 sudo[828260]: pam_unix(sudo:session): session closed for user root
Jul 27 14:47:26 datacore-PowerEdge-R740 cinder-volume[827847]: DEBUG oslo_concurrency.processutils [None req-2c663754-3b1a-44d3-84b7-d1d1f27820d0 None None] CMD "sudo cinder-rootwrap /etc/cinder/rootwrap.conf env LC_ALL=C lvs --noheadings --unit=g -o vg_name,name,size --nosuffix --readonly stack-volumes-lvmdriver-1" returned: 0 in 0.643s {{(pid=827847) execute /usr/local/lib/python3.8/dist-packages/oslo_concurrency/processutils.py:422}}
Jul 27 14:47:26 datacore-PowerEdge-R740 cinder-volume[827847]: DEBUG cinder.manager [None req-2c663754-3b1a-44d3-84b7-d1d1f27820d0 None None] Notifying Schedulers of capabilities ... {{(pid=827847) _publish_service_capabilities /opt/stack/cinder/cinder/manager.py:202}}
Jul 27 14:47:26 datacore-PowerEdge-R740 cinder-volume[827847]: INFO cinder.volume.manager [None req-2c663754-3b1a-44d3-84b7-d1d1f27820d0 None None] Driver initialization completed successfully.
Jul 27 14:47:26 datacore-PowerEdge-R740 cinder-volume[827847]: INFO cinder.manager [None req-2c663754-3b1a-44d3-84b7-d1d1f27820d0 None None] Initiating service 2 cleanup
Jul 27 14:47:26 datacore-PowerEdge-R740 cinder-volume[827847]: INFO cinder.manager [None req-2c663754-3b1a-44d3-84b7-d1d1f27820d0 None None] Service 2 cleanup completed.
Jul 27 14:47:26 datacore-PowerEdge-R740 cinder-volume[827847]: DEBUG cinder.service [None req-2c663754-3b1a-44d3-84b7-d1d1f27820d0 None None] Creating RPC server for service cinder-volume {{(pid=827847) start /opt/stack/cinder/cinder/service.py:231}}
Jul 27 14:47:26 datacore-PowerEdge-R740 cinder-volume[827847]: DEBUG cinder.service [None req-2c663754-3b1a-44d3-84b7-d1d1f27820d0 None None] Pinning object versions for RPC server serializer to 1.39 {{(pid=827847) start /opt/stack/cinder/cinder/service.py:237}}
Jul 27 14:47:26 datacore-PowerEdge-R740 cinder-volume[827847]: INFO cinder.volume.manager [None req-2c663754-3b1a-44d3-84b7-d1d1f27820d0 None None] Initializing RPC dependent components of volume driver LVMVolumeDriver (3.0.0)
Jul 27 14:47:26 datacore-PowerEdge-R740 cinder-volume[827847]: DEBUG cinder.volume.drivers.lvm [None req-2c663754-3b1a-44d3-84b7-d1d1f27820d0 None None] Updating volume stats {{(pid=827847) _update_volume_stats /opt/stack/cinder/cinder/volume/drivers/lvm.py:213}}
Jul 27 14:47:26 datacore-PowerEdge-R740 cinder-volume[827847]: DEBUG oslo_concurrency.processutils [None req-2c663754-3b1a-44d3-84b7-d1d1f27820d0 None None] Running cmd (subprocess): sudo cinder-rootwrap /etc/cinder/rootwrap.conf env LC_ALL=C vgs --noheadings --unit=g -o name,size,free,lv_count,uuid --separator : --nosuffix stack-volumes-lvmdriver-1 {{(pid=827847) execute /usr/local/lib/python3.8/dist-packages/oslo_concurrency/processutils.py:384}}
Jul 27 14:47:26 datacore-PowerEdge-R740 sudo[828271]:    stack : TTY=unknown ; PWD=/ ; USER=root ; COMMAND=/usr/local/bin/cinder-rootwrap /etc/cinder/rootwrap.conf env LC_ALL=C vgs --noheadings --unit=g -o name,size,free,lv_count,uuid --separator : --nosuffix stack-volumes-lvmdriver-1
Jul 27 14:47:26 datacore-PowerEdge-R740 sudo[828271]: pam_unix(sudo:session): session opened for user root by (uid=0)
Jul 27 14:47:26 datacore-PowerEdge-R740 sudo[828271]: pam_unix(sudo:session): session closed for user root
Jul 27 14:47:26 datacore-PowerEdge-R740 cinder-volume[827847]: DEBUG oslo_concurrency.processutils [None req-2c663754-3b1a-44d3-84b7-d1d1f27820d0 None None] CMD "sudo cinder-rootwrap /etc/cinder/rootwrap.conf env LC_ALL=C vgs --noheadings --unit=g -o name,size,free,lv_count,uuid --separator : --nosuffix stack-volumes-lvmdriver-1" returned: 0 in 0.646s {{(pid=827847) execute /usr/local/lib/python3.8/dist-packages/oslo_concurrency/processutils.py:422}}
Jul 27 14:47:26 datacore-PowerEdge-R740 cinder-volume[827847]: DEBUG oslo_concurrency.processutils [None req-2c663754-3b1a-44d3-84b7-d1d1f27820d0 None None] Running cmd (subprocess): sudo cinder-rootwrap /etc/cinder/rootwrap.conf env LC_ALL=C lvs --noheadings --unit=g -o vg_name,name,size --nosuffix --readonly stack-volumes-lvmdriver-1 {{(pid=827847) execute /usr/local/lib/python3.8/dist-packages/oslo_concurrency/processutils.py:384}}
Jul 27 14:47:26 datacore-PowerEdge-R740 sudo[828286]:    stack : TTY=unknown ; PWD=/ ; USER=root ; COMMAND=/usr/local/bin/cinder-rootwrap /etc/cinder/rootwrap.conf env LC_ALL=C lvs --noheadings --unit=g -o vg_name,name,size --nosuffix --readonly stack-volumes-lvmdriver-1
Jul 27 14:47:26 datacore-PowerEdge-R740 sudo[828286]: pam_unix(sudo:session): session opened for user root by (uid=0)
Jul 27 14:47:27 datacore-PowerEdge-R740 sudo[828286]: pam_unix(sudo:session): session closed for user root
Jul 27 14:47:27 datacore-PowerEdge-R740 cinder-volume[827847]: DEBUG oslo_concurrency.processutils [None req-2c663754-3b1a-44d3-84b7-d1d1f27820d0 None None] CMD "sudo cinder-rootwrap /etc/cinder/rootwrap.conf env LC_ALL=C lvs --noheadings --unit=g -o vg_name,name,size --nosuffix --readonly stack-volumes-lvmdriver-1" returned: 0 in 0.624s {{(pid=827847) execute /usr/local/lib/python3.8/dist-packages/oslo_concurrency/processutils.py:422}}
Jul 27 14:47:27 datacore-PowerEdge-R740 cinder-volume[827847]: DEBUG oslo_concurrency.processutils [None req-2c663754-3b1a-44d3-84b7-d1d1f27820d0 None None] Running cmd (subprocess): sudo cinder-rootwrap /etc/cinder/rootwrap.conf env LC_ALL=C lvs --noheadings --unit=g -o size,data_percent --separator : --nosuffix /dev/stack-volumes-lvmdriver-1/stack-volumes-lvmdriver-1-pool {{(pid=827847) execute /usr/local/lib/python3.8/dist-packages/oslo_concurrency/processutils.py:384}}
Jul 27 14:47:27 datacore-PowerEdge-R740 sudo[828297]:    stack : TTY=unknown ; PWD=/ ; USER=root ; COMMAND=/usr/local/bin/cinder-rootwrap /etc/cinder/rootwrap.conf env LC_ALL=C lvs --noheadings --unit=g -o size,data_percent --separator : --nosuffix /dev/stack-volumes-lvmdriver-1/stack-volumes-lvmdriver-1-pool
Jul 27 14:47:27 datacore-PowerEdge-R740 sudo[828297]: pam_unix(sudo:session): session opened for user root by (uid=0)
Jul 27 14:47:28 datacore-PowerEdge-R740 sudo[828297]: pam_unix(sudo:session): session closed for user root
Jul 27 14:47:28 datacore-PowerEdge-R740 cinder-volume[827847]: DEBUG oslo_concurrency.processutils [None req-2c663754-3b1a-44d3-84b7-d1d1f27820d0 None None] CMD "sudo cinder-rootwrap /etc/cinder/rootwrap.conf env LC_ALL=C lvs --noheadings --unit=g -o size,data_percent --separator : --nosuffix /dev/stack-volumes-lvmdriver-1/stack-volumes-lvmdriver-1-pool" returned: 0 in 0.643s {{(pid=827847) execute /usr/local/lib/python3.8/dist-packages/oslo_concurrency/processutils.py:422}}
Jul 27 14:47:28 datacore-PowerEdge-R740 cinder-volume[827847]: DEBUG oslo_concurrency.processutils [None req-2c663754-3b1a-44d3-84b7-d1d1f27820d0 None None] Running cmd (subprocess): sudo cinder-rootwrap /etc/cinder/rootwrap.conf env LC_ALL=C lvs --noheadings --unit=g -o vg_name,name,size --nosuffix --readonly stack-volumes-lvmdriver-1 {{(pid=827847) execute /usr/local/lib/python3.8/dist-packages/oslo_concurrency/processutils.py:384}}
Jul 27 14:47:28 datacore-PowerEdge-R740 sudo[828329]:    stack : TTY=unknown ; PWD=/ ; USER=root ; COMMAND=/usr/local/bin/cinder-rootwrap /etc/cinder/rootwrap.conf env LC_ALL=C lvs --noheadings --unit=g -o vg_name,name,size --nosuffix --readonly stack-volumes-lvmdriver-1
Jul 27 14:47:28 datacore-PowerEdge-R740 sudo[828329]: pam_unix(sudo:session): session opened for user root by (uid=0)
Jul 27 14:47:28 datacore-PowerEdge-R740 sudo[828329]: pam_unix(sudo:session): session closed for user root
Jul 27 14:47:28 datacore-PowerEdge-R740 cinder-volume[827847]: DEBUG oslo_concurrency.processutils [None req-2c663754-3b1a-44d3-84b7-d1d1f27820d0 None None] CMD "sudo cinder-rootwrap /etc/cinder/rootwrap.conf env LC_ALL=C lvs --noheadings --unit=g -o vg_name,name,size --nosuffix --readonly stack-volumes-lvmdriver-1" returned: 0 in 0.632s {{(pid=827847) execute /usr/local/lib/python3.8/dist-packages/oslo_concurrency/processutils.py:422}}
Jul 27 14:47:28 datacore-PowerEdge-R740 cinder-volume[827847]: INFO cinder.volume.manager [None req-2c663754-3b1a-44d3-84b7-d1d1f27820d0 None None] Driver post RPC initialization completed successfully.
Jul 27 14:47:29 datacore-PowerEdge-R740 systemd[1]: Stopping Devstack devstack@c-vol.service...
Jul 27 14:47:29 datacore-PowerEdge-R740 cinder-volume[827672]: INFO oslo_service.service [None req-5230a70f-3ef4-4c87-84e9-d2e2ad0e55a2 None None] Caught SIGTERM, stopping children
Jul 27 14:47:29 datacore-PowerEdge-R740 cinder-volume[827672]: DEBUG oslo_concurrency.lockutils [None req-5230a70f-3ef4-4c87-84e9-d2e2ad0e55a2 None None] Acquired lock "singleton_lock" {{(pid=827672) lock /usr/local/lib/python3.8/dist-packages/oslo_concurrency/lockutils.py:294}}
Jul 27 14:47:29 datacore-PowerEdge-R740 cinder-volume[827672]: DEBUG oslo_concurrency.lockutils [None req-5230a70f-3ef4-4c87-84e9-d2e2ad0e55a2 None None] Releasing lock "singleton_lock" {{(pid=827672) lock /usr/local/lib/python3.8/dist-packages/oslo_concurrency/lockutils.py:312}}
Jul 27 14:47:29 datacore-PowerEdge-R740 cinder-volume[827672]: DEBUG oslo_service.service [None req-5230a70f-3ef4-4c87-84e9-d2e2ad0e55a2 None None] Stop services. {{(pid=827672) stop /usr/local/lib/python3.8/dist-packages/oslo_service/service.py:695}}
Jul 27 14:47:29 datacore-PowerEdge-R740 cinder-volume[827672]: DEBUG oslo_service.service [None req-5230a70f-3ef4-4c87-84e9-d2e2ad0e55a2 None None] Killing children. {{(pid=827672) stop /usr/local/lib/python3.8/dist-packages/oslo_service/service.py:700}}
Jul 27 14:47:29 datacore-PowerEdge-R740 cinder-volume[827672]: INFO oslo_service.service [None req-5230a70f-3ef4-4c87-84e9-d2e2ad0e55a2 None None] Waiting on 1 children to exit
Jul 27 14:47:30 datacore-PowerEdge-R740 cinder-volume[827847]: DEBUG oslo_concurrency.lockutils [None req-5230a70f-3ef4-4c87-84e9-d2e2ad0e55a2 None None] Acquired lock "singleton_lock" {{(pid=827847) lock /usr/local/lib/python3.8/dist-packages/oslo_concurrency/lockutils.py:294}}
Jul 27 14:47:30 datacore-PowerEdge-R740 cinder-volume[827847]: DEBUG oslo_concurrency.lockutils [None req-5230a70f-3ef4-4c87-84e9-d2e2ad0e55a2 None None] Releasing lock "singleton_lock" {{(pid=827847) lock /usr/local/lib/python3.8/dist-packages/oslo_concurrency/lockutils.py:312}}
Jul 27 14:47:30 datacore-PowerEdge-R740 cinder-volume[827847]: WARNING amqp [None req-5230a70f-3ef4-4c87-84e9-d2e2ad0e55a2 None None] Received method (60, 30) during closing channel 1. This method will be ignored
Jul 27 14:47:30 datacore-PowerEdge-R740 cinder-volume[827847]: WARNING amqp [None req-5230a70f-3ef4-4c87-84e9-d2e2ad0e55a2 None None] Received method (60, 30) during closing channel 1. This method will be ignored
Jul 27 14:47:30 datacore-PowerEdge-R740 cinder-volume[827672]: INFO oslo_service.service [None req-5230a70f-3ef4-4c87-84e9-d2e2ad0e55a2 None None] Child 827847 exited with status 0
Jul 27 14:47:30 datacore-PowerEdge-R740 cinder-volume[827672]: /usr/lib/python3/dist-packages/secretstorage/dhcrypto.py:15: CryptographyDeprecationWarning: int_from_bytes is deprecated, use int.from_bytes instead
Jul 27 14:47:30 datacore-PowerEdge-R740 cinder-volume[827672]:   from cryptography.utils import int_from_bytes
Jul 27 14:47:30 datacore-PowerEdge-R740 cinder-volume[827672]: /usr/lib/python3/dist-packages/secretstorage/util.py:19: CryptographyDeprecationWarning: int_from_bytes is deprecated, use int.from_bytes instead
Jul 27 14:47:30 datacore-PowerEdge-R740 cinder-volume[827672]:   from cryptography.utils import int_from_bytes
Jul 27 14:47:30 datacore-PowerEdge-R740 cinder-volume[827672]: /opt/stack/cinder/cinder/db/sqlalchemy/models.py:152: SAWarning: implicitly coercing SELECT object to scalar subquery; please use the .scalar_subquery() method to produce a scalar subquery.
Jul 27 14:47:30 datacore-PowerEdge-R740 cinder-volume[827672]:   last_heartbeat = column_property(
Jul 27 14:47:30 datacore-PowerEdge-R740 cinder-volume[827672]: /opt/stack/cinder/cinder/db/sqlalchemy/models.py:160: SAWarning: implicitly coercing SELECT object to scalar subquery; please use the .scalar_subquery() method to produce a scalar subquery.
Jul 27 14:47:30 datacore-PowerEdge-R740 cinder-volume[827672]:   num_hosts = column_property(
Jul 27 14:47:30 datacore-PowerEdge-R740 cinder-volume[827672]: /opt/stack/cinder/cinder/db/sqlalchemy/models.py:169: SAWarning: implicitly coercing SELECT object to scalar subquery; please use the .scalar_subquery() method to produce a scalar subquery.
Jul 27 14:47:30 datacore-PowerEdge-R740 cinder-volume[827672]:   num_down_hosts = column_property(
Jul 27 14:47:30 datacore-PowerEdge-R740 systemd[1]: devstack@c-vol.service: Succeeded.
Jul 27 14:47:30 datacore-PowerEdge-R740 systemd[1]: Stopped Devstack devstack@c-vol.service.
Jul 27 14:47:30 datacore-PowerEdge-R740 systemd[1]: Started Devstack devstack@c-vol.service.
Jul 27 14:47:32 datacore-PowerEdge-R740 cinder-volume[828381]: DEBUG oslo_concurrency.lockutils [-] Acquired lock "singleton_lock" {{(pid=828381) lock /usr/local/lib/python3.8/dist-packages/oslo_concurrency/lockutils.py:294}}
Jul 27 14:47:32 datacore-PowerEdge-R740 cinder-volume[828381]: DEBUG oslo_concurrency.lockutils [-] Releasing lock "singleton_lock" {{(pid=828381) lock /usr/local/lib/python3.8/dist-packages/oslo_concurrency/lockutils.py:312}}
Jul 27 14:47:32 datacore-PowerEdge-R740 cinder-volume[828381]: INFO dbcounter [None req-c33ac3e6-efab-456e-93a2-ffd6d5d27ccc None None] Registered counter for database cinder
Jul 27 14:47:32 datacore-PowerEdge-R740 cinder-volume[828381]: DEBUG oslo_db.sqlalchemy.engines [None req-c33ac3e6-efab-456e-93a2-ffd6d5d27ccc None None] MySQL server mode set to STRICT_TRANS_TABLES,STRICT_ALL_TABLES,NO_ZERO_IN_DATE,NO_ZERO_DATE,ERROR_FOR_DIVISION_BY_ZERO,TRADITIONAL,NO_ENGINE_SUBSTITUTION {{(pid=828381) _check_effective_sql_mode /usr/local/lib/python3.8/dist-packages/oslo_db/sqlalchemy/engines.py:314}}
Jul 27 14:47:32 datacore-PowerEdge-R740 cinder-volume[828381]: DEBUG dbcounter [-] [828381] Writer thread running {{(pid=828381) stat_writer /usr/local/lib/python3.8/dist-packages/dbcounter.py:99}}
Jul 27 14:47:32 datacore-PowerEdge-R740 cinder-volume[828381]: INFO cinder.rpc [None req-c33ac3e6-efab-456e-93a2-ffd6d5d27ccc None None] Automatically selected cinder-scheduler objects version 1.39 as minimum service version.
Jul 27 14:47:32 datacore-PowerEdge-R740 cinder-volume[828381]: INFO cinder.rpc [None req-c33ac3e6-efab-456e-93a2-ffd6d5d27ccc None None] Automatically selected cinder-scheduler RPC version 3.12 as minimum service version.
Jul 27 14:47:32 datacore-PowerEdge-R740 cinder-volume[828381]: DEBUG oslo_db.sqlalchemy.engines [None req-c33ac3e6-efab-456e-93a2-ffd6d5d27ccc None None] MySQL server mode set to STRICT_TRANS_TABLES,STRICT_ALL_TABLES,NO_ZERO_IN_DATE,NO_ZERO_DATE,ERROR_FOR_DIVISION_BY_ZERO,TRADITIONAL,NO_ENGINE_SUBSTITUTION {{(pid=828381) _check_effective_sql_mode /usr/local/lib/python3.8/dist-packages/oslo_db/sqlalchemy/engines.py:314}}
Jul 27 14:47:33 datacore-PowerEdge-R740 cinder-volume[828381]: INFO cinder.volume.manager [None req-c33ac3e6-efab-456e-93a2-ffd6d5d27ccc None None] Determined volume DB was empty at startup.
Jul 27 14:47:33 datacore-PowerEdge-R740 cinder-volume[828381]: DEBUG cinder.volume.manager [None req-c33ac3e6-efab-456e-93a2-ffd6d5d27ccc None None] Cinder Volume DB check: vol_db_empty=True {{(pid=828381) __init__ /opt/stack/cinder/cinder/volume/manager.py:290}}
Jul 27 14:47:33 datacore-PowerEdge-R740 cinder-volume[828381]: INFO cinder.volume.manager [None req-c33ac3e6-efab-456e-93a2-ffd6d5d27ccc None None] Service not found for updating active_backend_id, assuming default for driver init.
Jul 27 14:47:33 datacore-PowerEdge-R740 cinder-volume[828381]: WARNING stevedore.named [None req-c33ac3e6-efab-456e-93a2-ffd6d5d27ccc None None] Could not load cinder.keymgr.conf_key_mgr.ConfKeyManager
Jul 27 14:47:33 datacore-PowerEdge-R740 cinder-volume[828381]: WARNING castellan.key_manager [None req-c33ac3e6-efab-456e-93a2-ffd6d5d27ccc None None] Deprecation Warning : cinder.keymgr.conf_key_mgr.ConfKeyManager is not a stevedore based driver, trying to load it as a class: stevedore.exception.NoMatches: No 'castellan.drivers' driver found, looking for 'cinder.keymgr.conf_key_mgr.ConfKeyManager'
Jul 27 14:47:33 datacore-PowerEdge-R740 cinder-volume[828381]: WARNING cinder.keymgr.conf_key_mgr [None req-c33ac3e6-efab-456e-93a2-ffd6d5d27ccc None None] This key manager is insecure and is not recommended for production deployments: stevedore.exception.NoMatches: No 'castellan.drivers' driver found, looking for 'cinder.keymgr.conf_key_mgr.ConfKeyManager'
Jul 27 14:47:33 datacore-PowerEdge-R740 cinder-volume[828381]: ERROR cinder.cmd.volume [None req-c33ac3e6-efab-456e-93a2-ffd6d5d27ccc None None] Volume service hostgroup@datacore_iscsi1 failed to start.: ModuleNotFoundError: No module named 'cinder.volume.drivers.datacore.iscsi'
Jul 27 14:47:33 datacore-PowerEdge-R740 cinder-volume[828381]: ERROR cinder.cmd.volume Traceback (most recent call last):
Jul 27 14:47:33 datacore-PowerEdge-R740 cinder-volume[828381]: ERROR cinder.cmd.volume   File "/opt/stack/cinder/cinder/cmd/volume.py", line 99, in _launch_service
Jul 27 14:47:33 datacore-PowerEdge-R740 cinder-volume[828381]: ERROR cinder.cmd.volume     server = service.Service.create(host=host,
Jul 27 14:47:33 datacore-PowerEdge-R740 cinder-volume[828381]: ERROR cinder.cmd.volume   File "/opt/stack/cinder/cinder/service.py", line 394, in create
Jul 27 14:47:33 datacore-PowerEdge-R740 cinder-volume[828381]: ERROR cinder.cmd.volume     service_obj = cls(host, binary, topic, manager,
Jul 27 14:47:33 datacore-PowerEdge-R740 cinder-volume[828381]: ERROR cinder.cmd.volume   File "/opt/stack/cinder/cinder/service.py", line 152, in __init__
Jul 27 14:47:33 datacore-PowerEdge-R740 cinder-volume[828381]: ERROR cinder.cmd.volume     self.manager = manager_class(host=self.host,
Jul 27 14:47:33 datacore-PowerEdge-R740 cinder-volume[828381]: ERROR cinder.cmd.volume   File "/opt/stack/cinder/cinder/volume/manager.py", line 313, in __init__
Jul 27 14:47:33 datacore-PowerEdge-R740 cinder-volume[828381]: ERROR cinder.cmd.volume     self.driver = importutils.import_object(
Jul 27 14:47:33 datacore-PowerEdge-R740 cinder-volume[828381]: ERROR cinder.cmd.volume   File "/usr/local/lib/python3.8/dist-packages/oslo_utils/importutils.py", line 44, in import_object
Jul 27 14:47:33 datacore-PowerEdge-R740 cinder-volume[828381]: ERROR cinder.cmd.volume     return import_class(import_str)(*args, **kwargs)
Jul 27 14:47:33 datacore-PowerEdge-R740 cinder-volume[828381]: ERROR cinder.cmd.volume   File "/usr/local/lib/python3.8/dist-packages/oslo_utils/importutils.py", line 30, in import_class
Jul 27 14:47:33 datacore-PowerEdge-R740 cinder-volume[828381]: ERROR cinder.cmd.volume     __import__(mod_str)
Jul 27 14:47:33 datacore-PowerEdge-R740 cinder-volume[828381]: ERROR cinder.cmd.volume ModuleNotFoundError: No module named 'cinder.volume.drivers.datacore.iscsi'
Jul 27 14:47:33 datacore-PowerEdge-R740 cinder-volume[828381]: ERROR cinder.cmd.volume 
Jul 27 14:47:33 datacore-PowerEdge-R740 cinder-volume[828381]: ERROR cinder.cmd.volume [None req-c33ac3e6-efab-456e-93a2-ffd6d5d27ccc None None] No volume service(s) started successfully, terminating.
Jul 27 14:47:33 datacore-PowerEdge-R740 cinder-volume[828381]: /usr/lib/python3/dist-packages/secretstorage/dhcrypto.py:15: CryptographyDeprecationWarning: int_from_bytes is deprecated, use int.from_bytes instead
Jul 27 14:47:33 datacore-PowerEdge-R740 cinder-volume[828381]:   from cryptography.utils import int_from_bytes
Jul 27 14:47:33 datacore-PowerEdge-R740 cinder-volume[828381]: /usr/lib/python3/dist-packages/secretstorage/util.py:19: CryptographyDeprecationWarning: int_from_bytes is deprecated, use int.from_bytes instead
Jul 27 14:47:33 datacore-PowerEdge-R740 cinder-volume[828381]:   from cryptography.utils import int_from_bytes
Jul 27 14:47:33 datacore-PowerEdge-R740 cinder-volume[828381]: /opt/stack/cinder/cinder/db/sqlalchemy/models.py:152: SAWarning: implicitly coercing SELECT object to scalar subquery; please use the .scalar_subquery() method to produce a scalar subquery.
Jul 27 14:47:33 datacore-PowerEdge-R740 cinder-volume[828381]:   last_heartbeat = column_property(
Jul 27 14:47:33 datacore-PowerEdge-R740 cinder-volume[828381]: /opt/stack/cinder/cinder/db/sqlalchemy/models.py:160: SAWarning: implicitly coercing SELECT object to scalar subquery; please use the .scalar_subquery() method to produce a scalar subquery.
Jul 27 14:47:33 datacore-PowerEdge-R740 cinder-volume[828381]:   num_hosts = column_property(
Jul 27 14:47:33 datacore-PowerEdge-R740 cinder-volume[828381]: /opt/stack/cinder/cinder/db/sqlalchemy/models.py:169: SAWarning: implicitly coercing SELECT object to scalar subquery; please use the .scalar_subquery() method to produce a scalar subquery.
Jul 27 14:47:33 datacore-PowerEdge-R740 cinder-volume[828381]:   num_down_hosts = column_property(
Jul 27 14:47:33 datacore-PowerEdge-R740 systemd[1]: devstack@c-vol.service: Main process exited, code=exited, status=1/FAILURE
Jul 27 14:47:33 datacore-PowerEdge-R740 systemd[1]: devstack@c-vol.service: Failed with result 'exit-code'.
