Source the openrc file
WARNING: setting legacy OS_TENANT_NAME to support cli tools.
Patch Details: GERRIT_CHANGE_NUMBER: 846171 GERRIT_PATCHSET_NUMBER: 2 GERRIT_REFSPEC: refs/changes/71/846171/2
Updating cinder code
Switched to branch 'master'
Your branch is up to date with 'origin/master'.
git checkout cinder master Success
Already up to date.
git pull Success
changeBranch: change-846171-2
From https://opendev.org/openstack/cinder
 * [new ref]             refs/changes/71/846171/2 -> change-846171-2
git fetch origin refs/changes/71/846171/2:change-846171-2 Success
Switched to branch 'change-846171-2'
git checkout change-846171-2 Success
Already up to date.
checkout patchset [ PASSED ]
Clearing logs
/tmp/ci-result-1655462986557
Starting iSCSI Test configuration
Updating cinder.conf with iSCSI driver details [ PASSED ]
Restarting devstack services
Cinder volume service [ FAILED ]
Already up to date.
Updating cinder-tempest-logs repo [ PASSED ]
