-- Logs begin at Tue 2022-06-28 16:48:12 IST, end at Tue 2022-06-28 16:52:37 IST. --
Jun 28 16:48:24 datacore-PowerEdge-R740 systemd[1]: Started Devstack devstack@c-vol.service.
Jun 28 16:48:26 datacore-PowerEdge-R740 cinder-volume[70068]: DEBUG oslo_concurrency.lockutils [-] Acquired lock "singleton_lock" {{(pid=70068) lock /usr/local/lib/python3.8/dist-packages/oslo_concurrency/lockutils.py:294}}
Jun 28 16:48:26 datacore-PowerEdge-R740 cinder-volume[70068]: DEBUG oslo_concurrency.lockutils [-] Releasing lock "singleton_lock" {{(pid=70068) lock /usr/local/lib/python3.8/dist-packages/oslo_concurrency/lockutils.py:312}}
Jun 28 16:48:26 datacore-PowerEdge-R740 cinder-volume[70068]: INFO dbcounter [None req-33c988cc-67fb-487c-ae26-2d86dc39fe1e None None] Registered counter for database cinder
Jun 28 16:48:26 datacore-PowerEdge-R740 cinder-volume[70068]: DEBUG oslo_db.sqlalchemy.engines [None req-33c988cc-67fb-487c-ae26-2d86dc39fe1e None None] MySQL server mode set to STRICT_TRANS_TABLES,STRICT_ALL_TABLES,NO_ZERO_IN_DATE,NO_ZERO_DATE,ERROR_FOR_DIVISION_BY_ZERO,TRADITIONAL,NO_ENGINE_SUBSTITUTION {{(pid=70068) _check_effective_sql_mode /usr/local/lib/python3.8/dist-packages/oslo_db/sqlalchemy/engines.py:314}}
Jun 28 16:48:26 datacore-PowerEdge-R740 cinder-volume[70068]: DEBUG dbcounter [-] [70068] Writer thread running {{(pid=70068) stat_writer /usr/local/lib/python3.8/dist-packages/dbcounter.py:99}}
Jun 28 16:48:27 datacore-PowerEdge-R740 cinder-volume[70068]: INFO cinder.rpc [None req-33c988cc-67fb-487c-ae26-2d86dc39fe1e None None] Automatically selected cinder-scheduler objects version 1.39 as minimum service version.
Jun 28 16:48:27 datacore-PowerEdge-R740 cinder-volume[70068]: INFO cinder.rpc [None req-33c988cc-67fb-487c-ae26-2d86dc39fe1e None None] Automatically selected cinder-scheduler RPC version 3.12 as minimum service version.
Jun 28 16:48:27 datacore-PowerEdge-R740 cinder-volume[70068]: DEBUG oslo_db.sqlalchemy.engines [None req-33c988cc-67fb-487c-ae26-2d86dc39fe1e None None] MySQL server mode set to STRICT_TRANS_TABLES,STRICT_ALL_TABLES,NO_ZERO_IN_DATE,NO_ZERO_DATE,ERROR_FOR_DIVISION_BY_ZERO,TRADITIONAL,NO_ENGINE_SUBSTITUTION {{(pid=70068) _check_effective_sql_mode /usr/local/lib/python3.8/dist-packages/oslo_db/sqlalchemy/engines.py:314}}
Jun 28 16:48:27 datacore-PowerEdge-R740 cinder-volume[70068]: INFO cinder.volume.manager [None req-33c988cc-67fb-487c-ae26-2d86dc39fe1e None None] Determined volume DB was empty at startup.
Jun 28 16:48:27 datacore-PowerEdge-R740 cinder-volume[70068]: DEBUG cinder.volume.manager [None req-33c988cc-67fb-487c-ae26-2d86dc39fe1e None None] Cinder Volume DB check: vol_db_empty=True {{(pid=70068) __init__ /opt/stack/cinder/cinder/volume/manager.py:290}}
Jun 28 16:48:27 datacore-PowerEdge-R740 cinder-volume[70068]: WARNING stevedore.named [None req-33c988cc-67fb-487c-ae26-2d86dc39fe1e None None] Could not load cinder.keymgr.conf_key_mgr.ConfKeyManager
Jun 28 16:48:27 datacore-PowerEdge-R740 cinder-volume[70068]: WARNING castellan.key_manager [None req-33c988cc-67fb-487c-ae26-2d86dc39fe1e None None] Deprecation Warning : cinder.keymgr.conf_key_mgr.ConfKeyManager is not a stevedore based driver, trying to load it as a class: stevedore.exception.NoMatches: No 'castellan.drivers' driver found, looking for 'cinder.keymgr.conf_key_mgr.ConfKeyManager'
Jun 28 16:48:27 datacore-PowerEdge-R740 cinder-volume[70068]: WARNING cinder.keymgr.conf_key_mgr [None req-33c988cc-67fb-487c-ae26-2d86dc39fe1e None None] This key manager is insecure and is not recommended for production deployments: stevedore.exception.NoMatches: No 'castellan.drivers' driver found, looking for 'cinder.keymgr.conf_key_mgr.ConfKeyManager'
Jun 28 16:48:27 datacore-PowerEdge-R740 cinder-volume[70068]: ERROR cinder.cmd.volume [None req-33c988cc-67fb-487c-ae26-2d86dc39fe1e None None] Volume service hostgroup@datacore_iscsi1 failed to start.: ModuleNotFoundError: No module named 'cinder.volume.drivers.datacore.iscsi'
Jun 28 16:48:27 datacore-PowerEdge-R740 cinder-volume[70068]: ERROR cinder.cmd.volume Traceback (most recent call last):
Jun 28 16:48:27 datacore-PowerEdge-R740 cinder-volume[70068]: ERROR cinder.cmd.volume   File "/opt/stack/cinder/cinder/cmd/volume.py", line 99, in _launch_service
Jun 28 16:48:27 datacore-PowerEdge-R740 cinder-volume[70068]: ERROR cinder.cmd.volume     server = service.Service.create(host=host,
Jun 28 16:48:27 datacore-PowerEdge-R740 cinder-volume[70068]: ERROR cinder.cmd.volume   File "/opt/stack/cinder/cinder/service.py", line 394, in create
Jun 28 16:48:27 datacore-PowerEdge-R740 cinder-volume[70068]: ERROR cinder.cmd.volume     service_obj = cls(host, binary, topic, manager,
Jun 28 16:48:27 datacore-PowerEdge-R740 cinder-volume[70068]: ERROR cinder.cmd.volume   File "/opt/stack/cinder/cinder/service.py", line 152, in __init__
Jun 28 16:48:27 datacore-PowerEdge-R740 cinder-volume[70068]: ERROR cinder.cmd.volume     self.manager = manager_class(host=self.host,
Jun 28 16:48:27 datacore-PowerEdge-R740 cinder-volume[70068]: ERROR cinder.cmd.volume   File "/opt/stack/cinder/cinder/volume/manager.py", line 313, in __init__
Jun 28 16:48:27 datacore-PowerEdge-R740 cinder-volume[70068]: ERROR cinder.cmd.volume     self.driver = importutils.import_object(
Jun 28 16:48:27 datacore-PowerEdge-R740 cinder-volume[70068]: ERROR cinder.cmd.volume   File "/usr/local/lib/python3.8/dist-packages/oslo_utils/importutils.py", line 44, in import_object
Jun 28 16:48:27 datacore-PowerEdge-R740 cinder-volume[70068]: ERROR cinder.cmd.volume     return import_class(import_str)(*args, **kwargs)
Jun 28 16:48:27 datacore-PowerEdge-R740 cinder-volume[70068]: ERROR cinder.cmd.volume   File "/usr/local/lib/python3.8/dist-packages/oslo_utils/importutils.py", line 30, in import_class
Jun 28 16:48:27 datacore-PowerEdge-R740 cinder-volume[70068]: ERROR cinder.cmd.volume     __import__(mod_str)
Jun 28 16:48:27 datacore-PowerEdge-R740 cinder-volume[70068]: ERROR cinder.cmd.volume ModuleNotFoundError: No module named 'cinder.volume.drivers.datacore.iscsi'
Jun 28 16:48:27 datacore-PowerEdge-R740 cinder-volume[70068]: ERROR cinder.cmd.volume 
Jun 28 16:48:27 datacore-PowerEdge-R740 cinder-volume[70068]: ERROR cinder.cmd.volume [None req-33c988cc-67fb-487c-ae26-2d86dc39fe1e None None] No volume service(s) started successfully, terminating.
Jun 28 16:48:27 datacore-PowerEdge-R740 cinder-volume[70068]: /usr/lib/python3/dist-packages/secretstorage/dhcrypto.py:15: CryptographyDeprecationWarning: int_from_bytes is deprecated, use int.from_bytes instead
Jun 28 16:48:27 datacore-PowerEdge-R740 cinder-volume[70068]:   from cryptography.utils import int_from_bytes
Jun 28 16:48:27 datacore-PowerEdge-R740 cinder-volume[70068]: /usr/lib/python3/dist-packages/secretstorage/util.py:19: CryptographyDeprecationWarning: int_from_bytes is deprecated, use int.from_bytes instead
Jun 28 16:48:27 datacore-PowerEdge-R740 cinder-volume[70068]:   from cryptography.utils import int_from_bytes
Jun 28 16:48:27 datacore-PowerEdge-R740 cinder-volume[70068]: /opt/stack/cinder/cinder/db/sqlalchemy/models.py:152: SAWarning: implicitly coercing SELECT object to scalar subquery; please use the .scalar_subquery() method to produce a scalar subquery.
Jun 28 16:48:27 datacore-PowerEdge-R740 cinder-volume[70068]:   last_heartbeat = column_property(
Jun 28 16:48:27 datacore-PowerEdge-R740 cinder-volume[70068]: /opt/stack/cinder/cinder/db/sqlalchemy/models.py:160: SAWarning: implicitly coercing SELECT object to scalar subquery; please use the .scalar_subquery() method to produce a scalar subquery.
Jun 28 16:48:27 datacore-PowerEdge-R740 cinder-volume[70068]:   num_hosts = column_property(
Jun 28 16:48:27 datacore-PowerEdge-R740 cinder-volume[70068]: /opt/stack/cinder/cinder/db/sqlalchemy/models.py:169: SAWarning: implicitly coercing SELECT object to scalar subquery; please use the .scalar_subquery() method to produce a scalar subquery.
Jun 28 16:48:27 datacore-PowerEdge-R740 cinder-volume[70068]:   num_down_hosts = column_property(
Jun 28 16:48:27 datacore-PowerEdge-R740 systemd[1]: devstack@c-vol.service: Main process exited, code=exited, status=1/FAILURE
Jun 28 16:48:27 datacore-PowerEdge-R740 systemd[1]: devstack@c-vol.service: Failed with result 'exit-code'.
Jun 28 16:51:15 datacore-PowerEdge-R740 systemd[1]: Started Devstack devstack@c-vol.service.
Jun 28 16:51:18 datacore-PowerEdge-R740 cinder-volume[71464]: DEBUG oslo_concurrency.lockutils [-] Acquired lock "singleton_lock" {{(pid=71464) lock /usr/local/lib/python3.8/dist-packages/oslo_concurrency/lockutils.py:294}}
Jun 28 16:51:18 datacore-PowerEdge-R740 cinder-volume[71464]: DEBUG oslo_concurrency.lockutils [-] Releasing lock "singleton_lock" {{(pid=71464) lock /usr/local/lib/python3.8/dist-packages/oslo_concurrency/lockutils.py:312}}
Jun 28 16:51:18 datacore-PowerEdge-R740 cinder-volume[71464]: INFO dbcounter [None req-e715a37a-cb9e-4944-a8cc-f167349ea5d8 None None] Registered counter for database cinder
Jun 28 16:51:18 datacore-PowerEdge-R740 cinder-volume[71464]: DEBUG oslo_db.sqlalchemy.engines [None req-e715a37a-cb9e-4944-a8cc-f167349ea5d8 None None] MySQL server mode set to STRICT_TRANS_TABLES,STRICT_ALL_TABLES,NO_ZERO_IN_DATE,NO_ZERO_DATE,ERROR_FOR_DIVISION_BY_ZERO,TRADITIONAL,NO_ENGINE_SUBSTITUTION {{(pid=71464) _check_effective_sql_mode /usr/local/lib/python3.8/dist-packages/oslo_db/sqlalchemy/engines.py:314}}
Jun 28 16:51:18 datacore-PowerEdge-R740 cinder-volume[71464]: DEBUG dbcounter [-] [71464] Writer thread running {{(pid=71464) stat_writer /usr/local/lib/python3.8/dist-packages/dbcounter.py:99}}
Jun 28 16:51:18 datacore-PowerEdge-R740 cinder-volume[71464]: INFO cinder.rpc [None req-e715a37a-cb9e-4944-a8cc-f167349ea5d8 None None] Automatically selected cinder-scheduler objects version 1.39 as minimum service version.
Jun 28 16:51:18 datacore-PowerEdge-R740 cinder-volume[71464]: INFO cinder.rpc [None req-e715a37a-cb9e-4944-a8cc-f167349ea5d8 None None] Automatically selected cinder-scheduler RPC version 3.12 as minimum service version.
Jun 28 16:51:18 datacore-PowerEdge-R740 cinder-volume[71464]: DEBUG oslo_db.sqlalchemy.engines [None req-e715a37a-cb9e-4944-a8cc-f167349ea5d8 None None] MySQL server mode set to STRICT_TRANS_TABLES,STRICT_ALL_TABLES,NO_ZERO_IN_DATE,NO_ZERO_DATE,ERROR_FOR_DIVISION_BY_ZERO,TRADITIONAL,NO_ENGINE_SUBSTITUTION {{(pid=71464) _check_effective_sql_mode /usr/local/lib/python3.8/dist-packages/oslo_db/sqlalchemy/engines.py:314}}
Jun 28 16:51:18 datacore-PowerEdge-R740 cinder-volume[71464]: INFO cinder.volume.manager [None req-e715a37a-cb9e-4944-a8cc-f167349ea5d8 None None] Determined volume DB was empty at startup.
Jun 28 16:51:18 datacore-PowerEdge-R740 cinder-volume[71464]: DEBUG cinder.volume.manager [None req-e715a37a-cb9e-4944-a8cc-f167349ea5d8 None None] Cinder Volume DB check: vol_db_empty=True {{(pid=71464) __init__ /opt/stack/cinder/cinder/volume/manager.py:290}}
Jun 28 16:51:18 datacore-PowerEdge-R740 cinder-volume[71464]: WARNING stevedore.named [None req-e715a37a-cb9e-4944-a8cc-f167349ea5d8 None None] Could not load cinder.keymgr.conf_key_mgr.ConfKeyManager
Jun 28 16:51:18 datacore-PowerEdge-R740 cinder-volume[71464]: WARNING castellan.key_manager [None req-e715a37a-cb9e-4944-a8cc-f167349ea5d8 None None] Deprecation Warning : cinder.keymgr.conf_key_mgr.ConfKeyManager is not a stevedore based driver, trying to load it as a class: stevedore.exception.NoMatches: No 'castellan.drivers' driver found, looking for 'cinder.keymgr.conf_key_mgr.ConfKeyManager'
Jun 28 16:51:18 datacore-PowerEdge-R740 cinder-volume[71464]: WARNING cinder.keymgr.conf_key_mgr [None req-e715a37a-cb9e-4944-a8cc-f167349ea5d8 None None] This key manager is insecure and is not recommended for production deployments: stevedore.exception.NoMatches: No 'castellan.drivers' driver found, looking for 'cinder.keymgr.conf_key_mgr.ConfKeyManager'
Jun 28 16:51:18 datacore-PowerEdge-R740 cinder-volume[71464]: ERROR cinder.cmd.volume [None req-e715a37a-cb9e-4944-a8cc-f167349ea5d8 None None] Volume service hostgroup@datacore_iscsi1 failed to start.: ModuleNotFoundError: No module named 'cinder.volume.drivers.datacore.iscsi'
Jun 28 16:51:18 datacore-PowerEdge-R740 cinder-volume[71464]: ERROR cinder.cmd.volume Traceback (most recent call last):
Jun 28 16:51:18 datacore-PowerEdge-R740 cinder-volume[71464]: ERROR cinder.cmd.volume   File "/opt/stack/cinder/cinder/cmd/volume.py", line 99, in _launch_service
Jun 28 16:51:18 datacore-PowerEdge-R740 cinder-volume[71464]: ERROR cinder.cmd.volume     server = service.Service.create(host=host,
Jun 28 16:51:18 datacore-PowerEdge-R740 cinder-volume[71464]: ERROR cinder.cmd.volume   File "/opt/stack/cinder/cinder/service.py", line 394, in create
Jun 28 16:51:18 datacore-PowerEdge-R740 cinder-volume[71464]: ERROR cinder.cmd.volume     service_obj = cls(host, binary, topic, manager,
Jun 28 16:51:18 datacore-PowerEdge-R740 cinder-volume[71464]: ERROR cinder.cmd.volume   File "/opt/stack/cinder/cinder/service.py", line 152, in __init__
Jun 28 16:51:18 datacore-PowerEdge-R740 cinder-volume[71464]: ERROR cinder.cmd.volume     self.manager = manager_class(host=self.host,
Jun 28 16:51:18 datacore-PowerEdge-R740 cinder-volume[71464]: ERROR cinder.cmd.volume   File "/opt/stack/cinder/cinder/volume/manager.py", line 313, in __init__
Jun 28 16:51:18 datacore-PowerEdge-R740 cinder-volume[71464]: ERROR cinder.cmd.volume     self.driver = importutils.import_object(
Jun 28 16:51:18 datacore-PowerEdge-R740 cinder-volume[71464]: ERROR cinder.cmd.volume   File "/usr/local/lib/python3.8/dist-packages/oslo_utils/importutils.py", line 44, in import_object
Jun 28 16:51:18 datacore-PowerEdge-R740 cinder-volume[71464]: ERROR cinder.cmd.volume     return import_class(import_str)(*args, **kwargs)
Jun 28 16:51:18 datacore-PowerEdge-R740 cinder-volume[71464]: ERROR cinder.cmd.volume   File "/usr/local/lib/python3.8/dist-packages/oslo_utils/importutils.py", line 30, in import_class
Jun 28 16:51:18 datacore-PowerEdge-R740 cinder-volume[71464]: ERROR cinder.cmd.volume     __import__(mod_str)
Jun 28 16:51:18 datacore-PowerEdge-R740 cinder-volume[71464]: ERROR cinder.cmd.volume ModuleNotFoundError: No module named 'cinder.volume.drivers.datacore.iscsi'
Jun 28 16:51:18 datacore-PowerEdge-R740 cinder-volume[71464]: ERROR cinder.cmd.volume 
Jun 28 16:51:18 datacore-PowerEdge-R740 cinder-volume[71464]: ERROR cinder.cmd.volume [None req-e715a37a-cb9e-4944-a8cc-f167349ea5d8 None None] No volume service(s) started successfully, terminating.
Jun 28 16:51:18 datacore-PowerEdge-R740 cinder-volume[71464]: /usr/lib/python3/dist-packages/secretstorage/dhcrypto.py:15: CryptographyDeprecationWarning: int_from_bytes is deprecated, use int.from_bytes instead
Jun 28 16:51:18 datacore-PowerEdge-R740 cinder-volume[71464]:   from cryptography.utils import int_from_bytes
Jun 28 16:51:18 datacore-PowerEdge-R740 cinder-volume[71464]: /usr/lib/python3/dist-packages/secretstorage/util.py:19: CryptographyDeprecationWarning: int_from_bytes is deprecated, use int.from_bytes instead
Jun 28 16:51:18 datacore-PowerEdge-R740 cinder-volume[71464]:   from cryptography.utils import int_from_bytes
Jun 28 16:51:18 datacore-PowerEdge-R740 cinder-volume[71464]: /opt/stack/cinder/cinder/db/sqlalchemy/models.py:152: SAWarning: implicitly coercing SELECT object to scalar subquery; please use the .scalar_subquery() method to produce a scalar subquery.
Jun 28 16:51:18 datacore-PowerEdge-R740 cinder-volume[71464]:   last_heartbeat = column_property(
Jun 28 16:51:18 datacore-PowerEdge-R740 cinder-volume[71464]: /opt/stack/cinder/cinder/db/sqlalchemy/models.py:160: SAWarning: implicitly coercing SELECT object to scalar subquery; please use the .scalar_subquery() method to produce a scalar subquery.
Jun 28 16:51:18 datacore-PowerEdge-R740 cinder-volume[71464]:   num_hosts = column_property(
Jun 28 16:51:18 datacore-PowerEdge-R740 cinder-volume[71464]: /opt/stack/cinder/cinder/db/sqlalchemy/models.py:169: SAWarning: implicitly coercing SELECT object to scalar subquery; please use the .scalar_subquery() method to produce a scalar subquery.
Jun 28 16:51:18 datacore-PowerEdge-R740 cinder-volume[71464]:   num_down_hosts = column_property(
Jun 28 16:51:19 datacore-PowerEdge-R740 systemd[1]: devstack@c-vol.service: Main process exited, code=exited, status=1/FAILURE
Jun 28 16:51:19 datacore-PowerEdge-R740 systemd[1]: devstack@c-vol.service: Failed with result 'exit-code'.
Jun 28 16:51:35 datacore-PowerEdge-R740 systemd[1]: Started Devstack devstack@c-vol.service.
Jun 28 16:51:37 datacore-PowerEdge-R740 cinder-volume[72077]: DEBUG oslo_concurrency.lockutils [-] Acquired lock "singleton_lock" {{(pid=72077) lock /usr/local/lib/python3.8/dist-packages/oslo_concurrency/lockutils.py:294}}
Jun 28 16:51:37 datacore-PowerEdge-R740 cinder-volume[72077]: DEBUG oslo_concurrency.lockutils [-] Releasing lock "singleton_lock" {{(pid=72077) lock /usr/local/lib/python3.8/dist-packages/oslo_concurrency/lockutils.py:312}}
Jun 28 16:51:37 datacore-PowerEdge-R740 cinder-volume[72077]: INFO dbcounter [None req-acd88a63-9a2d-42d6-83d1-01cc98dd549a None None] Registered counter for database cinder
Jun 28 16:51:37 datacore-PowerEdge-R740 cinder-volume[72077]: DEBUG oslo_db.sqlalchemy.engines [None req-acd88a63-9a2d-42d6-83d1-01cc98dd549a None None] MySQL server mode set to STRICT_TRANS_TABLES,STRICT_ALL_TABLES,NO_ZERO_IN_DATE,NO_ZERO_DATE,ERROR_FOR_DIVISION_BY_ZERO,TRADITIONAL,NO_ENGINE_SUBSTITUTION {{(pid=72077) _check_effective_sql_mode /usr/local/lib/python3.8/dist-packages/oslo_db/sqlalchemy/engines.py:314}}
Jun 28 16:51:37 datacore-PowerEdge-R740 cinder-volume[72077]: DEBUG dbcounter [-] [72077] Writer thread running {{(pid=72077) stat_writer /usr/local/lib/python3.8/dist-packages/dbcounter.py:99}}
Jun 28 16:51:38 datacore-PowerEdge-R740 cinder-volume[72077]: INFO cinder.rpc [None req-acd88a63-9a2d-42d6-83d1-01cc98dd549a None None] Automatically selected cinder-scheduler objects version 1.39 as minimum service version.
Jun 28 16:51:38 datacore-PowerEdge-R740 cinder-volume[72077]: INFO cinder.rpc [None req-acd88a63-9a2d-42d6-83d1-01cc98dd549a None None] Automatically selected cinder-scheduler RPC version 3.12 as minimum service version.
Jun 28 16:51:38 datacore-PowerEdge-R740 cinder-volume[72077]: DEBUG oslo_db.sqlalchemy.engines [None req-acd88a63-9a2d-42d6-83d1-01cc98dd549a None None] MySQL server mode set to STRICT_TRANS_TABLES,STRICT_ALL_TABLES,NO_ZERO_IN_DATE,NO_ZERO_DATE,ERROR_FOR_DIVISION_BY_ZERO,TRADITIONAL,NO_ENGINE_SUBSTITUTION {{(pid=72077) _check_effective_sql_mode /usr/local/lib/python3.8/dist-packages/oslo_db/sqlalchemy/engines.py:314}}
Jun 28 16:51:38 datacore-PowerEdge-R740 cinder-volume[72077]: INFO cinder.volume.manager [None req-acd88a63-9a2d-42d6-83d1-01cc98dd549a None None] Determined volume DB was empty at startup.
Jun 28 16:51:38 datacore-PowerEdge-R740 cinder-volume[72077]: DEBUG cinder.volume.manager [None req-acd88a63-9a2d-42d6-83d1-01cc98dd549a None None] Cinder Volume DB check: vol_db_empty=True {{(pid=72077) __init__ /opt/stack/cinder/cinder/volume/manager.py:290}}
Jun 28 16:51:38 datacore-PowerEdge-R740 cinder-volume[72077]: WARNING stevedore.named [None req-acd88a63-9a2d-42d6-83d1-01cc98dd549a None None] Could not load cinder.keymgr.conf_key_mgr.ConfKeyManager
Jun 28 16:51:38 datacore-PowerEdge-R740 cinder-volume[72077]: WARNING castellan.key_manager [None req-acd88a63-9a2d-42d6-83d1-01cc98dd549a None None] Deprecation Warning : cinder.keymgr.conf_key_mgr.ConfKeyManager is not a stevedore based driver, trying to load it as a class: stevedore.exception.NoMatches: No 'castellan.drivers' driver found, looking for 'cinder.keymgr.conf_key_mgr.ConfKeyManager'
Jun 28 16:51:38 datacore-PowerEdge-R740 cinder-volume[72077]: WARNING cinder.keymgr.conf_key_mgr [None req-acd88a63-9a2d-42d6-83d1-01cc98dd549a None None] This key manager is insecure and is not recommended for production deployments: stevedore.exception.NoMatches: No 'castellan.drivers' driver found, looking for 'cinder.keymgr.conf_key_mgr.ConfKeyManager'
Jun 28 16:51:38 datacore-PowerEdge-R740 cinder-volume[72077]: ERROR cinder.cmd.volume [None req-acd88a63-9a2d-42d6-83d1-01cc98dd549a None None] Volume service hostgroup@datacore_iscsi1 failed to start.: ModuleNotFoundError: No module named 'cinder.volume.drivers.datacore.iscsi'
Jun 28 16:51:38 datacore-PowerEdge-R740 cinder-volume[72077]: ERROR cinder.cmd.volume Traceback (most recent call last):
Jun 28 16:51:38 datacore-PowerEdge-R740 cinder-volume[72077]: ERROR cinder.cmd.volume   File "/opt/stack/cinder/cinder/cmd/volume.py", line 99, in _launch_service
Jun 28 16:51:38 datacore-PowerEdge-R740 cinder-volume[72077]: ERROR cinder.cmd.volume     server = service.Service.create(host=host,
Jun 28 16:51:38 datacore-PowerEdge-R740 cinder-volume[72077]: ERROR cinder.cmd.volume   File "/opt/stack/cinder/cinder/service.py", line 394, in create
Jun 28 16:51:38 datacore-PowerEdge-R740 cinder-volume[72077]: ERROR cinder.cmd.volume     service_obj = cls(host, binary, topic, manager,
Jun 28 16:51:38 datacore-PowerEdge-R740 cinder-volume[72077]: ERROR cinder.cmd.volume   File "/opt/stack/cinder/cinder/service.py", line 152, in __init__
Jun 28 16:51:38 datacore-PowerEdge-R740 cinder-volume[72077]: ERROR cinder.cmd.volume     self.manager = manager_class(host=self.host,
Jun 28 16:51:38 datacore-PowerEdge-R740 cinder-volume[72077]: ERROR cinder.cmd.volume   File "/opt/stack/cinder/cinder/volume/manager.py", line 313, in __init__
Jun 28 16:51:38 datacore-PowerEdge-R740 cinder-volume[72077]: ERROR cinder.cmd.volume     self.driver = importutils.import_object(
Jun 28 16:51:38 datacore-PowerEdge-R740 cinder-volume[72077]: ERROR cinder.cmd.volume   File "/usr/local/lib/python3.8/dist-packages/oslo_utils/importutils.py", line 44, in import_object
Jun 28 16:51:38 datacore-PowerEdge-R740 cinder-volume[72077]: ERROR cinder.cmd.volume     return import_class(import_str)(*args, **kwargs)
Jun 28 16:51:38 datacore-PowerEdge-R740 cinder-volume[72077]: ERROR cinder.cmd.volume   File "/usr/local/lib/python3.8/dist-packages/oslo_utils/importutils.py", line 30, in import_class
Jun 28 16:51:38 datacore-PowerEdge-R740 cinder-volume[72077]: ERROR cinder.cmd.volume     __import__(mod_str)
Jun 28 16:51:38 datacore-PowerEdge-R740 cinder-volume[72077]: ERROR cinder.cmd.volume ModuleNotFoundError: No module named 'cinder.volume.drivers.datacore.iscsi'
Jun 28 16:51:38 datacore-PowerEdge-R740 cinder-volume[72077]: ERROR cinder.cmd.volume 
Jun 28 16:51:38 datacore-PowerEdge-R740 cinder-volume[72077]: ERROR cinder.cmd.volume [None req-acd88a63-9a2d-42d6-83d1-01cc98dd549a None None] No volume service(s) started successfully, terminating.
Jun 28 16:51:38 datacore-PowerEdge-R740 cinder-volume[72077]: /usr/lib/python3/dist-packages/secretstorage/dhcrypto.py:15: CryptographyDeprecationWarning: int_from_bytes is deprecated, use int.from_bytes instead
Jun 28 16:51:38 datacore-PowerEdge-R740 cinder-volume[72077]:   from cryptography.utils import int_from_bytes
Jun 28 16:51:38 datacore-PowerEdge-R740 cinder-volume[72077]: /usr/lib/python3/dist-packages/secretstorage/util.py:19: CryptographyDeprecationWarning: int_from_bytes is deprecated, use int.from_bytes instead
Jun 28 16:51:38 datacore-PowerEdge-R740 cinder-volume[72077]:   from cryptography.utils import int_from_bytes
Jun 28 16:51:38 datacore-PowerEdge-R740 cinder-volume[72077]: /opt/stack/cinder/cinder/db/sqlalchemy/models.py:152: SAWarning: implicitly coercing SELECT object to scalar subquery; please use the .scalar_subquery() method to produce a scalar subquery.
Jun 28 16:51:38 datacore-PowerEdge-R740 cinder-volume[72077]:   last_heartbeat = column_property(
Jun 28 16:51:38 datacore-PowerEdge-R740 cinder-volume[72077]: /opt/stack/cinder/cinder/db/sqlalchemy/models.py:160: SAWarning: implicitly coercing SELECT object to scalar subquery; please use the .scalar_subquery() method to produce a scalar subquery.
Jun 28 16:51:38 datacore-PowerEdge-R740 cinder-volume[72077]:   num_hosts = column_property(
Jun 28 16:51:38 datacore-PowerEdge-R740 cinder-volume[72077]: /opt/stack/cinder/cinder/db/sqlalchemy/models.py:169: SAWarning: implicitly coercing SELECT object to scalar subquery; please use the .scalar_subquery() method to produce a scalar subquery.
Jun 28 16:51:38 datacore-PowerEdge-R740 cinder-volume[72077]:   num_down_hosts = column_property(
Jun 28 16:51:38 datacore-PowerEdge-R740 systemd[1]: devstack@c-vol.service: Main process exited, code=exited, status=1/FAILURE
Jun 28 16:51:38 datacore-PowerEdge-R740 systemd[1]: devstack@c-vol.service: Failed with result 'exit-code'.
