Source the openrc file
WARNING: setting legacy OS_TENANT_NAME to support cli tools.
Patch Details: GERRIT_CHANGE_NUMBER: 804757 GERRIT_PATCHSET_NUMBER: 29 GERRIT_REFSPEC: refs/changes/57/804757/29
Updating cinder code
Already on 'master'
Your branch is up to date with 'origin/master'.
git checkout cinder master Success
Already up to date.
git pull Success
changeBranch: change-804757-29
From https://opendev.org/openstack/cinder
 * [new ref]             refs/changes/57/804757/29 -> change-804757-29
git fetch origin refs/changes/57/804757/29:change-804757-29 Success
Switched to branch 'change-804757-29'
git checkout change-804757-29 Success
Already up to date.
checkout patchset [ PASSED ]
Clearing logs
/tmp/ci-result-1655701888179
Starting iSCSI Test configuration
Updating cinder.conf with iSCSI driver details [ PASSED ]
Restarting devstack services
Cinder volume service [ FAILED ]
Already up to date.
Updating cinder-tempest-logs repo [ PASSED ]
