Source the openrc file
WARNING: setting legacy OS_TENANT_NAME to support cli tools.
Patch Details: GERRIT_CHANGE_NUMBER: 810457 GERRIT_PATCHSET_NUMBER: 10 GERRIT_REFSPEC: refs/changes/57/810457/10
Updating cinder code
Waiting for patchset. FROM_JENKINS: 1280368FROM_JENKINS
Switched to branch 'master'
Your branch is up to date with 'origin/master'.
git checkout cinder master Success
Already up to date.
git pull Success
changeBranch: change-810457-10
From https://opendev.org/openstack/cinder
 * [new ref]             refs/changes/57/810457/10 -> change-810457-10
git fetch origin refs/changes/57/810457/10:change-810457-10 Success
Switched to branch 'change-810457-10'
git checkout change-810457-10 Success
Already up to date.
checkout patchset [ PASSED ]
Clearing logs
/tmp/ci-result-1655912773944
Starting iSCSI Test configuration
Updating cinder.conf with iSCSI driver details [ PASSED ]
Restarting devstack services
Cinder volume service [ FAILED ]
Already up to date.
Updating cinder-tempest-logs repo [ PASSED ]
