Source the openrc file
WARNING: setting legacy OS_TENANT_NAME to support cli tools.
Patch Details: GERRIT_CHANGE_NUMBER: 797608 GERRIT_PATCHSET_NUMBER: 50 GERRIT_REFSPEC: refs/changes/08/797608/50
Fetching latest cinder patch
Waiting for patchset. FROM_JENKINS: 1
Already on 'master'
Your branch is up to date with 'origin/master'.
git checkout cinder master Success
From https://opendev.org/openstack/cinder
 * [new tag]             20.0.1     -> 20.0.1
Already up to date.
git pull Success
changeBranch: change-797608-50
From https://opendev.org/openstack/cinder
 * [new ref]             refs/changes/08/797608/50 -> change-797608-50
git fetch origin refs/changes/08/797608/50:change-797608-50 Success
Switched to branch 'change-797608-50'
git checkout change-797608-50 Success
Already up to date.
checkout patchset [ PASSED ]
Updating tempest config
WARNING: setting legacy OS_TENANT_NAME to support cli tools.
/usr/lib/python3/dist-packages/secretstorage/dhcrypto.py:15: CryptographyDeprecationWarning: int_from_bytes is deprecated, use int.from_bytes instead
  from cryptography.utils import int_from_bytes
/usr/lib/python3/dist-packages/secretstorage/util.py:19: CryptographyDeprecationWarning: int_from_bytes is deprecated, use int.from_bytes instead
  from cryptography.utils import int_from_bytes
/usr/lib/python3/dist-packages/secretstorage/dhcrypto.py:15: CryptographyDeprecationWarning: int_from_bytes is deprecated, use int.from_bytes instead
  from cryptography.utils import int_from_bytes
/usr/lib/python3/dist-packages/secretstorage/util.py:19: CryptographyDeprecationWarning: int_from_bytes is deprecated, use int.from_bytes instead
  from cryptography.utils import int_from_bytes
Clearing logs
/tmp/ci-result-1657192039170
Starting iSCSI Test configuration
Updating cinder.conf with iSCSI driver details [ PASSED ]
Restarting devstack services
Cinder volume service [ FAILED ]
Already up to date.
Updating cinder-tempest-logs repo [ PASSED ]
