-- Logs begin at Tue 2022-09-27 11:07:15 IST, end at Tue 2022-09-27 11:07:25 IST. --
Sep 27 11:07:15 datacore-PowerEdge-R740 sudo[3434601]: pam_unix(sudo:session): session closed for user root
Sep 27 11:07:15 datacore-PowerEdge-R740 cinder-volume[3434476]: DEBUG oslo_concurrency.processutils [None req-51a41521-0766-48c2-9107-4987e1f778e7 None None] CMD "sudo cinder-rootwrap /etc/cinder/rootwrap.conf lvchange -a y --yes -K stack-volumes-lvmdriver-1/stack-volumes-lvmdriver-1-pool" returned: 0 in 0.820s {{(pid=3434476) execute /usr/local/lib/python3.8/dist-packages/oslo_concurrency/processutils.py:422}}
Sep 27 11:07:15 datacore-PowerEdge-R740 cinder-volume[3434476]: DEBUG oslo_concurrency.processutils [None req-51a41521-0766-48c2-9107-4987e1f778e7 None None] Running cmd (subprocess): env LC_ALL=C lvm version {{(pid=3434476) execute /usr/local/lib/python3.8/dist-packages/oslo_concurrency/processutils.py:384}}
Sep 27 11:07:15 datacore-PowerEdge-R740 cinder-volume[3434476]: DEBUG oslo_concurrency.processutils [None req-51a41521-0766-48c2-9107-4987e1f778e7 None None] CMD "env LC_ALL=C lvm version" returned: 0 in 0.016s {{(pid=3434476) execute /usr/local/lib/python3.8/dist-packages/oslo_concurrency/processutils.py:422}}
Sep 27 11:07:15 datacore-PowerEdge-R740 cinder-volume[3434476]: DEBUG oslo_concurrency.processutils [None req-51a41521-0766-48c2-9107-4987e1f778e7 None None] Running cmd (subprocess): sudo cinder-rootwrap /etc/cinder/rootwrap.conf env LC_ALL=C pvs --noheadings --unit=g -o vg_name,name,size,free --separator | --nosuffix --ignoreskippedcluster {{(pid=3434476) execute /usr/local/lib/python3.8/dist-packages/oslo_concurrency/processutils.py:384}}
Sep 27 11:07:15 datacore-PowerEdge-R740 sudo[3434704]:    stack : TTY=unknown ; PWD=/ ; USER=root ; COMMAND=/usr/local/bin/cinder-rootwrap /etc/cinder/rootwrap.conf env LC_ALL=C pvs --noheadings --unit=g -o vg_name,name,size,free --separator | --nosuffix --ignoreskippedcluster
Sep 27 11:07:15 datacore-PowerEdge-R740 sudo[3434704]: pam_unix(sudo:session): session opened for user root by (uid=0)
Sep 27 11:07:16 datacore-PowerEdge-R740 sudo[3434704]: pam_unix(sudo:session): session closed for user root
Sep 27 11:07:16 datacore-PowerEdge-R740 cinder-volume[3434476]: DEBUG oslo_concurrency.processutils [None req-51a41521-0766-48c2-9107-4987e1f778e7 None None] CMD "sudo cinder-rootwrap /etc/cinder/rootwrap.conf env LC_ALL=C pvs --noheadings --unit=g -o vg_name,name,size,free --separator | --nosuffix --ignoreskippedcluster" returned: 0 in 0.713s {{(pid=3434476) execute /usr/local/lib/python3.8/dist-packages/oslo_concurrency/processutils.py:422}}
Sep 27 11:07:16 datacore-PowerEdge-R740 cinder-volume[3434476]: DEBUG oslo_concurrency.processutils [None req-51a41521-0766-48c2-9107-4987e1f778e7 None None] Running cmd (subprocess): sudo cinder-rootwrap /etc/cinder/rootwrap.conf env LC_ALL=C vgs --noheadings --unit=g -o name,size,free,lv_count,uuid --separator : --nosuffix stack-volumes-lvmdriver-1 {{(pid=3434476) execute /usr/local/lib/python3.8/dist-packages/oslo_concurrency/processutils.py:384}}
Sep 27 11:07:16 datacore-PowerEdge-R740 sudo[3434804]:    stack : TTY=unknown ; PWD=/ ; USER=root ; COMMAND=/usr/local/bin/cinder-rootwrap /etc/cinder/rootwrap.conf env LC_ALL=C vgs --noheadings --unit=g -o name,size,free,lv_count,uuid --separator : --nosuffix stack-volumes-lvmdriver-1
Sep 27 11:07:16 datacore-PowerEdge-R740 sudo[3434804]: pam_unix(sudo:session): session opened for user root by (uid=0)
Sep 27 11:07:16 datacore-PowerEdge-R740 sudo[3434804]: pam_unix(sudo:session): session closed for user root
Sep 27 11:07:16 datacore-PowerEdge-R740 cinder-volume[3434476]: DEBUG oslo_concurrency.processutils [None req-51a41521-0766-48c2-9107-4987e1f778e7 None None] CMD "sudo cinder-rootwrap /etc/cinder/rootwrap.conf env LC_ALL=C vgs --noheadings --unit=g -o name,size,free,lv_count,uuid --separator : --nosuffix stack-volumes-lvmdriver-1" returned: 0 in 0.671s {{(pid=3434476) execute /usr/local/lib/python3.8/dist-packages/oslo_concurrency/processutils.py:422}}
Sep 27 11:07:16 datacore-PowerEdge-R740 cinder-volume[3434476]: DEBUG oslo_concurrency.processutils [None req-51a41521-0766-48c2-9107-4987e1f778e7 None None] Running cmd (subprocess): sudo cinder-rootwrap /etc/cinder/rootwrap.conf env LC_ALL=C vgs --noheadings --unit=g -o name,size,free,lv_count,uuid --separator : --nosuffix stack-volumes-lvmdriver-1 {{(pid=3434476) execute /usr/local/lib/python3.8/dist-packages/oslo_concurrency/processutils.py:384}}
Sep 27 11:07:17 datacore-PowerEdge-R740 sudo[3434813]:    stack : TTY=unknown ; PWD=/ ; USER=root ; COMMAND=/usr/local/bin/cinder-rootwrap /etc/cinder/rootwrap.conf env LC_ALL=C vgs --noheadings --unit=g -o name,size,free,lv_count,uuid --separator : --nosuffix stack-volumes-lvmdriver-1
Sep 27 11:07:17 datacore-PowerEdge-R740 sudo[3434813]: pam_unix(sudo:session): session opened for user root by (uid=0)
Sep 27 11:07:17 datacore-PowerEdge-R740 sudo[3434813]: pam_unix(sudo:session): session closed for user root
Sep 27 11:07:17 datacore-PowerEdge-R740 cinder-volume[3434476]: DEBUG oslo_concurrency.processutils [None req-51a41521-0766-48c2-9107-4987e1f778e7 None None] CMD "sudo cinder-rootwrap /etc/cinder/rootwrap.conf env LC_ALL=C vgs --noheadings --unit=g -o name,size,free,lv_count,uuid --separator : --nosuffix stack-volumes-lvmdriver-1" returned: 0 in 0.695s {{(pid=3434476) execute /usr/local/lib/python3.8/dist-packages/oslo_concurrency/processutils.py:422}}
Sep 27 11:07:17 datacore-PowerEdge-R740 cinder-volume[3434476]: DEBUG oslo_concurrency.processutils [None req-51a41521-0766-48c2-9107-4987e1f778e7 None None] Running cmd (subprocess): sudo cinder-rootwrap /etc/cinder/rootwrap.conf env LC_ALL=C lvs --noheadings --unit=g -o vg_name,name,size --nosuffix --readonly stack-volumes-lvmdriver-1 {{(pid=3434476) execute /usr/local/lib/python3.8/dist-packages/oslo_concurrency/processutils.py:384}}
Sep 27 11:07:17 datacore-PowerEdge-R740 sudo[3434817]:    stack : TTY=unknown ; PWD=/ ; USER=root ; COMMAND=/usr/local/bin/cinder-rootwrap /etc/cinder/rootwrap.conf env LC_ALL=C lvs --noheadings --unit=g -o vg_name,name,size --nosuffix --readonly stack-volumes-lvmdriver-1
Sep 27 11:07:17 datacore-PowerEdge-R740 sudo[3434817]: pam_unix(sudo:session): session opened for user root by (uid=0)
Sep 27 11:07:18 datacore-PowerEdge-R740 sudo[3434817]: pam_unix(sudo:session): session closed for user root
Sep 27 11:07:18 datacore-PowerEdge-R740 cinder-volume[3434476]: DEBUG oslo_concurrency.processutils [None req-51a41521-0766-48c2-9107-4987e1f778e7 None None] CMD "sudo cinder-rootwrap /etc/cinder/rootwrap.conf env LC_ALL=C lvs --noheadings --unit=g -o vg_name,name,size --nosuffix --readonly stack-volumes-lvmdriver-1" returned: 0 in 0.665s {{(pid=3434476) execute /usr/local/lib/python3.8/dist-packages/oslo_concurrency/processutils.py:422}}
Sep 27 11:07:18 datacore-PowerEdge-R740 cinder-volume[3434476]: DEBUG oslo_concurrency.processutils [None req-51a41521-0766-48c2-9107-4987e1f778e7 None None] Running cmd (subprocess): sudo cinder-rootwrap /etc/cinder/rootwrap.conf env LC_ALL=C lvs --noheadings --unit=g -o size,data_percent --separator : --nosuffix /dev/stack-volumes-lvmdriver-1/stack-volumes-lvmdriver-1-pool {{(pid=3434476) execute /usr/local/lib/python3.8/dist-packages/oslo_concurrency/processutils.py:384}}
Sep 27 11:07:18 datacore-PowerEdge-R740 sudo[3434821]:    stack : TTY=unknown ; PWD=/ ; USER=root ; COMMAND=/usr/local/bin/cinder-rootwrap /etc/cinder/rootwrap.conf env LC_ALL=C lvs --noheadings --unit=g -o size,data_percent --separator : --nosuffix /dev/stack-volumes-lvmdriver-1/stack-volumes-lvmdriver-1-pool
Sep 27 11:07:18 datacore-PowerEdge-R740 sudo[3434821]: pam_unix(sudo:session): session opened for user root by (uid=0)
Sep 27 11:07:18 datacore-PowerEdge-R740 sudo[3434821]: pam_unix(sudo:session): session closed for user root
Sep 27 11:07:18 datacore-PowerEdge-R740 cinder-volume[3434476]: DEBUG oslo_concurrency.processutils [None req-51a41521-0766-48c2-9107-4987e1f778e7 None None] CMD "sudo cinder-rootwrap /etc/cinder/rootwrap.conf env LC_ALL=C lvs --noheadings --unit=g -o size,data_percent --separator : --nosuffix /dev/stack-volumes-lvmdriver-1/stack-volumes-lvmdriver-1-pool" returned: 0 in 0.637s {{(pid=3434476) execute /usr/local/lib/python3.8/dist-packages/oslo_concurrency/processutils.py:422}}
Sep 27 11:07:18 datacore-PowerEdge-R740 cinder-volume[3434476]: DEBUG oslo_concurrency.processutils [None req-51a41521-0766-48c2-9107-4987e1f778e7 None None] Running cmd (subprocess): env LC_ALL=C lvm version {{(pid=3434476) execute /usr/local/lib/python3.8/dist-packages/oslo_concurrency/processutils.py:384}}
Sep 27 11:07:19 datacore-PowerEdge-R740 cinder-volume[3434476]: DEBUG oslo_concurrency.processutils [None req-51a41521-0766-48c2-9107-4987e1f778e7 None None] CMD "env LC_ALL=C lvm version" returned: 0 in 0.020s {{(pid=3434476) execute /usr/local/lib/python3.8/dist-packages/oslo_concurrency/processutils.py:422}}
Sep 27 11:07:19 datacore-PowerEdge-R740 cinder-volume[3434476]: DEBUG oslo_concurrency.processutils [None req-51a41521-0766-48c2-9107-4987e1f778e7 None None] Running cmd (subprocess): sudo cinder-rootwrap /etc/cinder/rootwrap.conf env LC_ALL=C lvs --noheadings --unit=g -o vg_name,name,size --nosuffix --readonly stack-volumes-lvmdriver-1/stack-volumes-lvmdriver-1-pool {{(pid=3434476) execute /usr/local/lib/python3.8/dist-packages/oslo_concurrency/processutils.py:384}}
Sep 27 11:07:19 datacore-PowerEdge-R740 sudo[3434826]:    stack : TTY=unknown ; PWD=/ ; USER=root ; COMMAND=/usr/local/bin/cinder-rootwrap /etc/cinder/rootwrap.conf env LC_ALL=C lvs --noheadings --unit=g -o vg_name,name,size --nosuffix --readonly stack-volumes-lvmdriver-1/stack-volumes-lvmdriver-1-pool
Sep 27 11:07:19 datacore-PowerEdge-R740 sudo[3434826]: pam_unix(sudo:session): session opened for user root by (uid=0)
Sep 27 11:07:19 datacore-PowerEdge-R740 sudo[3434826]: pam_unix(sudo:session): session closed for user root
Sep 27 11:07:19 datacore-PowerEdge-R740 cinder-volume[3434476]: DEBUG oslo_concurrency.processutils [None req-51a41521-0766-48c2-9107-4987e1f778e7 None None] CMD "sudo cinder-rootwrap /etc/cinder/rootwrap.conf env LC_ALL=C lvs --noheadings --unit=g -o vg_name,name,size --nosuffix --readonly stack-volumes-lvmdriver-1/stack-volumes-lvmdriver-1-pool" returned: 0 in 0.648s {{(pid=3434476) execute /usr/local/lib/python3.8/dist-packages/oslo_concurrency/processutils.py:422}}
Sep 27 11:07:19 datacore-PowerEdge-R740 cinder-volume[3434476]: INFO cinder.volume.drivers.lvm [None req-51a41521-0766-48c2-9107-4987e1f778e7 None None] Enabling LVM thin provisioning by default because a thin pool exists.
Sep 27 11:07:19 datacore-PowerEdge-R740 cinder-volume[3434476]: DEBUG oslo_concurrency.processutils [None req-51a41521-0766-48c2-9107-4987e1f778e7 None None] Running cmd (subprocess): env LC_ALL=C lvm version {{(pid=3434476) execute /usr/local/lib/python3.8/dist-packages/oslo_concurrency/processutils.py:384}}
Sep 27 11:07:19 datacore-PowerEdge-R740 cinder-volume[3434476]: DEBUG oslo_concurrency.processutils [None req-51a41521-0766-48c2-9107-4987e1f778e7 None None] CMD "env LC_ALL=C lvm version" returned: 0 in 0.016s {{(pid=3434476) execute /usr/local/lib/python3.8/dist-packages/oslo_concurrency/processutils.py:422}}
Sep 27 11:07:19 datacore-PowerEdge-R740 cinder-volume[3434476]: DEBUG oslo_concurrency.processutils [None req-51a41521-0766-48c2-9107-4987e1f778e7 None None] Running cmd (subprocess): sudo cinder-rootwrap /etc/cinder/rootwrap.conf env LC_ALL=C lvs --noheadings --unit=g -o vg_name,name,size --nosuffix --readonly stack-volumes-lvmdriver-1/stack-volumes-lvmdriver-1-pool {{(pid=3434476) execute /usr/local/lib/python3.8/dist-packages/oslo_concurrency/processutils.py:384}}
Sep 27 11:07:19 datacore-PowerEdge-R740 sudo[3434844]:    stack : TTY=unknown ; PWD=/ ; USER=root ; COMMAND=/usr/local/bin/cinder-rootwrap /etc/cinder/rootwrap.conf env LC_ALL=C lvs --noheadings --unit=g -o vg_name,name,size --nosuffix --readonly stack-volumes-lvmdriver-1/stack-volumes-lvmdriver-1-pool
Sep 27 11:07:19 datacore-PowerEdge-R740 sudo[3434844]: pam_unix(sudo:session): session opened for user root by (uid=0)
Sep 27 11:07:20 datacore-PowerEdge-R740 sudo[3434844]: pam_unix(sudo:session): session closed for user root
Sep 27 11:07:20 datacore-PowerEdge-R740 cinder-volume[3434476]: DEBUG oslo_concurrency.processutils [None req-51a41521-0766-48c2-9107-4987e1f778e7 None None] CMD "sudo cinder-rootwrap /etc/cinder/rootwrap.conf env LC_ALL=C lvs --noheadings --unit=g -o vg_name,name,size --nosuffix --readonly stack-volumes-lvmdriver-1/stack-volumes-lvmdriver-1-pool" returned: 0 in 0.668s {{(pid=3434476) execute /usr/local/lib/python3.8/dist-packages/oslo_concurrency/processutils.py:422}}
Sep 27 11:07:20 datacore-PowerEdge-R740 cinder-volume[3434476]: DEBUG cinder.volume.drivers.lvm [None req-51a41521-0766-48c2-9107-4987e1f778e7 None None] Updating volume stats {{(pid=3434476) _update_volume_stats /opt/stack/cinder/cinder/volume/drivers/lvm.py:213}}
Sep 27 11:07:20 datacore-PowerEdge-R740 cinder-volume[3434476]: DEBUG oslo_concurrency.processutils [None req-51a41521-0766-48c2-9107-4987e1f778e7 None None] Running cmd (subprocess): sudo cinder-rootwrap /etc/cinder/rootwrap.conf env LC_ALL=C vgs --noheadings --unit=g -o name,size,free,lv_count,uuid --separator : --nosuffix stack-volumes-lvmdriver-1 {{(pid=3434476) execute /usr/local/lib/python3.8/dist-packages/oslo_concurrency/processutils.py:384}}
Sep 27 11:07:20 datacore-PowerEdge-R740 sudo[3434848]:    stack : TTY=unknown ; PWD=/ ; USER=root ; COMMAND=/usr/local/bin/cinder-rootwrap /etc/cinder/rootwrap.conf env LC_ALL=C vgs --noheadings --unit=g -o name,size,free,lv_count,uuid --separator : --nosuffix stack-volumes-lvmdriver-1
Sep 27 11:07:20 datacore-PowerEdge-R740 sudo[3434848]: pam_unix(sudo:session): session opened for user root by (uid=0)
Sep 27 11:07:21 datacore-PowerEdge-R740 sudo[3434848]: pam_unix(sudo:session): session closed for user root
Sep 27 11:07:21 datacore-PowerEdge-R740 cinder-volume[3434476]: DEBUG oslo_concurrency.processutils [None req-51a41521-0766-48c2-9107-4987e1f778e7 None None] CMD "sudo cinder-rootwrap /etc/cinder/rootwrap.conf env LC_ALL=C vgs --noheadings --unit=g -o name,size,free,lv_count,uuid --separator : --nosuffix stack-volumes-lvmdriver-1" returned: 0 in 0.678s {{(pid=3434476) execute /usr/local/lib/python3.8/dist-packages/oslo_concurrency/processutils.py:422}}
Sep 27 11:07:21 datacore-PowerEdge-R740 cinder-volume[3434476]: DEBUG oslo_concurrency.processutils [None req-51a41521-0766-48c2-9107-4987e1f778e7 None None] Running cmd (subprocess): sudo cinder-rootwrap /etc/cinder/rootwrap.conf env LC_ALL=C lvs --noheadings --unit=g -o vg_name,name,size --nosuffix --readonly stack-volumes-lvmdriver-1 {{(pid=3434476) execute /usr/local/lib/python3.8/dist-packages/oslo_concurrency/processutils.py:384}}
Sep 27 11:07:21 datacore-PowerEdge-R740 sudo[3434856]:    stack : TTY=unknown ; PWD=/ ; USER=root ; COMMAND=/usr/local/bin/cinder-rootwrap /etc/cinder/rootwrap.conf env LC_ALL=C lvs --noheadings --unit=g -o vg_name,name,size --nosuffix --readonly stack-volumes-lvmdriver-1
Sep 27 11:07:21 datacore-PowerEdge-R740 sudo[3434856]: pam_unix(sudo:session): session opened for user root by (uid=0)
Sep 27 11:07:21 datacore-PowerEdge-R740 sudo[3434856]: pam_unix(sudo:session): session closed for user root
Sep 27 11:07:21 datacore-PowerEdge-R740 cinder-volume[3434476]: DEBUG oslo_concurrency.processutils [None req-51a41521-0766-48c2-9107-4987e1f778e7 None None] CMD "sudo cinder-rootwrap /etc/cinder/rootwrap.conf env LC_ALL=C lvs --noheadings --unit=g -o vg_name,name,size --nosuffix --readonly stack-volumes-lvmdriver-1" returned: 0 in 0.649s {{(pid=3434476) execute /usr/local/lib/python3.8/dist-packages/oslo_concurrency/processutils.py:422}}
Sep 27 11:07:21 datacore-PowerEdge-R740 cinder-volume[3434476]: DEBUG oslo_concurrency.processutils [None req-51a41521-0766-48c2-9107-4987e1f778e7 None None] Running cmd (subprocess): sudo cinder-rootwrap /etc/cinder/rootwrap.conf env LC_ALL=C lvs --noheadings --unit=g -o size,data_percent --separator : --nosuffix /dev/stack-volumes-lvmdriver-1/stack-volumes-lvmdriver-1-pool {{(pid=3434476) execute /usr/local/lib/python3.8/dist-packages/oslo_concurrency/processutils.py:384}}
Sep 27 11:07:21 datacore-PowerEdge-R740 sudo[3434864]:    stack : TTY=unknown ; PWD=/ ; USER=root ; COMMAND=/usr/local/bin/cinder-rootwrap /etc/cinder/rootwrap.conf env LC_ALL=C lvs --noheadings --unit=g -o size,data_percent --separator : --nosuffix /dev/stack-volumes-lvmdriver-1/stack-volumes-lvmdriver-1-pool
Sep 27 11:07:21 datacore-PowerEdge-R740 sudo[3434864]: pam_unix(sudo:session): session opened for user root by (uid=0)
Sep 27 11:07:22 datacore-PowerEdge-R740 sudo[3434864]: pam_unix(sudo:session): session closed for user root
Sep 27 11:07:22 datacore-PowerEdge-R740 cinder-volume[3434476]: DEBUG oslo_concurrency.processutils [None req-51a41521-0766-48c2-9107-4987e1f778e7 None None] CMD "sudo cinder-rootwrap /etc/cinder/rootwrap.conf env LC_ALL=C lvs --noheadings --unit=g -o size,data_percent --separator : --nosuffix /dev/stack-volumes-lvmdriver-1/stack-volumes-lvmdriver-1-pool" returned: 0 in 0.645s {{(pid=3434476) execute /usr/local/lib/python3.8/dist-packages/oslo_concurrency/processutils.py:422}}
Sep 27 11:07:22 datacore-PowerEdge-R740 cinder-volume[3434476]: DEBUG oslo_concurrency.processutils [None req-51a41521-0766-48c2-9107-4987e1f778e7 None None] Running cmd (subprocess): sudo cinder-rootwrap /etc/cinder/rootwrap.conf env LC_ALL=C lvs --noheadings --unit=g -o vg_name,name,size --nosuffix --readonly stack-volumes-lvmdriver-1 {{(pid=3434476) execute /usr/local/lib/python3.8/dist-packages/oslo_concurrency/processutils.py:384}}
Sep 27 11:07:22 datacore-PowerEdge-R740 sudo[3434875]:    stack : TTY=unknown ; PWD=/ ; USER=root ; COMMAND=/usr/local/bin/cinder-rootwrap /etc/cinder/rootwrap.conf env LC_ALL=C lvs --noheadings --unit=g -o vg_name,name,size --nosuffix --readonly stack-volumes-lvmdriver-1
Sep 27 11:07:22 datacore-PowerEdge-R740 sudo[3434875]: pam_unix(sudo:session): session opened for user root by (uid=0)
Sep 27 11:07:22 datacore-PowerEdge-R740 cinder-volume[3434301]: DEBUG dbcounter [-] [3434301] Writing DB stats cinder:SELECT=16,cinder:UPDATE=1 {{(pid=3434301) stat_writer /usr/local/lib/python3.8/dist-packages/dbcounter.py:114}}
Sep 27 11:07:22 datacore-PowerEdge-R740 sudo[3434875]: pam_unix(sudo:session): session closed for user root
Sep 27 11:07:22 datacore-PowerEdge-R740 cinder-volume[3434476]: DEBUG oslo_concurrency.processutils [None req-51a41521-0766-48c2-9107-4987e1f778e7 None None] CMD "sudo cinder-rootwrap /etc/cinder/rootwrap.conf env LC_ALL=C lvs --noheadings --unit=g -o vg_name,name,size --nosuffix --readonly stack-volumes-lvmdriver-1" returned: 0 in 0.643s {{(pid=3434476) execute /usr/local/lib/python3.8/dist-packages/oslo_concurrency/processutils.py:422}}
Sep 27 11:07:22 datacore-PowerEdge-R740 cinder-volume[3434476]: INFO cinder.volume.driver [None req-51a41521-0766-48c2-9107-4987e1f778e7 None None] Driver hasn't implemented _init_vendor_properties()
Sep 27 11:07:22 datacore-PowerEdge-R740 cinder-volume[3434476]: DEBUG cinder.volume.driver [None req-51a41521-0766-48c2-9107-4987e1f778e7 None None] Initialized capabilities list: {'volume_backend_name': 'lvmdriver-1', 'vendor_name': 'Open Source', 'driver_version': '3.0.0', 'storage_protocol': 'iSCSI', 'pools': [{'pool_name': 'lvmdriver-1', 'total_capacity_gb': 28.5, 'free_capacity_gb': 28.5, 'reserved_percentage': 0, 'location_info': 'LVMVolumeDriver:datacore-PowerEdge-R740:stack-volumes-lvmdriver-1:thin:0', 'QoS_support': False, 'provisioned_capacity_gb': 0.0, 'max_over_subscription_ratio': '20.0', 'thin_provisioning_support': True, 'thick_provisioning_support': False, 'total_volumes': 1, 'filter_function': None, 'goodness_function': None, 'multiattach': True, 'backend_state': 'up'}], 'shared_targets': False, 'sparse_copy_volume': True, 'properties': {'thin_provisioning': {'title': 'Thin Provisioning', 'description': 'Sets thin provisioning.', 'type': 'boolean'}, 'compression': {'title': 'Compression', 'description': 'Enables compression.', 'type': 'boolean'}, 'qos': {'title': 'QoS', 'description': 'Enables QoS.', 'type': 'boolean'}, 'replication_enabled': {'title': 'Replication', 'description': 'Enables replication.', 'type': 'boolean'}}}. {{(pid=3434476) init_capabilities /opt/stack/cinder/cinder/volume/driver.py:811}}
Sep 27 11:07:22 datacore-PowerEdge-R740 cinder-volume[3434476]: DEBUG oslo_db.sqlalchemy.engines [None req-51a41521-0766-48c2-9107-4987e1f778e7 None None] MySQL server mode set to STRICT_TRANS_TABLES,STRICT_ALL_TABLES,NO_ZERO_IN_DATE,NO_ZERO_DATE,ERROR_FOR_DIVISION_BY_ZERO,TRADITIONAL,NO_ENGINE_SUBSTITUTION {{(pid=3434476) _check_effective_sql_mode /usr/local/lib/python3.8/dist-packages/oslo_db/sqlalchemy/engines.py:314}}
Sep 27 11:07:22 datacore-PowerEdge-R740 cinder-volume[3434476]: DEBUG dbcounter [-] [3434476] Writer thread running {{(pid=3434476) stat_writer /usr/local/lib/python3.8/dist-packages/dbcounter.py:99}}
Sep 27 11:07:23 datacore-PowerEdge-R740 cinder-volume[3434476]: DEBUG cinder.db.sqlalchemy.api [None req-51a41521-0766-48c2-9107-4987e1f778e7 None None] Building query based on filter {{(pid=3434476) _process_snaps_filters /opt/stack/cinder/cinder/db/sqlalchemy/api.py:3378}}
Sep 27 11:07:23 datacore-PowerEdge-R740 cinder-volume[3434476]: DEBUG cinder.image.image_utils [None req-51a41521-0766-48c2-9107-4987e1f778e7 None None] Configuration image_conversion_dir is None or the path doesn't exist. {{(pid=3434476) cleanup_temporary_file /opt/stack/cinder/cinder/image/image_utils.py:955}}
Sep 27 11:07:23 datacore-PowerEdge-R740 cinder-volume[3434476]: DEBUG cinder.volume.drivers.lvm [None req-51a41521-0766-48c2-9107-4987e1f778e7 None None] Updating volume stats {{(pid=3434476) _update_volume_stats /opt/stack/cinder/cinder/volume/drivers/lvm.py:213}}
Sep 27 11:07:23 datacore-PowerEdge-R740 cinder-volume[3434476]: DEBUG oslo_concurrency.processutils [None req-51a41521-0766-48c2-9107-4987e1f778e7 None None] Running cmd (subprocess): sudo cinder-rootwrap /etc/cinder/rootwrap.conf env LC_ALL=C vgs --noheadings --unit=g -o name,size,free,lv_count,uuid --separator : --nosuffix stack-volumes-lvmdriver-1 {{(pid=3434476) execute /usr/local/lib/python3.8/dist-packages/oslo_concurrency/processutils.py:384}}
Sep 27 11:07:23 datacore-PowerEdge-R740 cinder-volume[3434476]: INFO cinder.keymgr.migration [None req-6c6402e4-d029-49fb-bad7-97eaabd808a7 None None] Not migrating encryption keys because the ConfKeyManager is still in use.
Sep 27 11:07:23 datacore-PowerEdge-R740 sudo[3434888]:    stack : TTY=unknown ; PWD=/ ; USER=root ; COMMAND=/usr/local/bin/cinder-rootwrap /etc/cinder/rootwrap.conf env LC_ALL=C vgs --noheadings --unit=g -o name,size,free,lv_count,uuid --separator : --nosuffix stack-volumes-lvmdriver-1
Sep 27 11:07:23 datacore-PowerEdge-R740 sudo[3434888]: pam_unix(sudo:session): session opened for user root by (uid=0)
Sep 27 11:07:23 datacore-PowerEdge-R740 sudo[3434888]: pam_unix(sudo:session): session closed for user root
Sep 27 11:07:23 datacore-PowerEdge-R740 cinder-volume[3434476]: DEBUG oslo_concurrency.processutils [None req-51a41521-0766-48c2-9107-4987e1f778e7 None None] CMD "sudo cinder-rootwrap /etc/cinder/rootwrap.conf env LC_ALL=C vgs --noheadings --unit=g -o name,size,free,lv_count,uuid --separator : --nosuffix stack-volumes-lvmdriver-1" returned: 0 in 0.651s {{(pid=3434476) execute /usr/local/lib/python3.8/dist-packages/oslo_concurrency/processutils.py:422}}
Sep 27 11:07:23 datacore-PowerEdge-R740 cinder-volume[3434476]: DEBUG oslo_concurrency.processutils [None req-51a41521-0766-48c2-9107-4987e1f778e7 None None] Running cmd (subprocess): sudo cinder-rootwrap /etc/cinder/rootwrap.conf env LC_ALL=C lvs --noheadings --unit=g -o vg_name,name,size --nosuffix --readonly stack-volumes-lvmdriver-1 {{(pid=3434476) execute /usr/local/lib/python3.8/dist-packages/oslo_concurrency/processutils.py:384}}
Sep 27 11:07:23 datacore-PowerEdge-R740 sudo[3434908]:    stack : TTY=unknown ; PWD=/ ; USER=root ; COMMAND=/usr/local/bin/cinder-rootwrap /etc/cinder/rootwrap.conf env LC_ALL=C lvs --noheadings --unit=g -o vg_name,name,size --nosuffix --readonly stack-volumes-lvmdriver-1
Sep 27 11:07:23 datacore-PowerEdge-R740 sudo[3434908]: pam_unix(sudo:session): session opened for user root by (uid=0)
Sep 27 11:07:24 datacore-PowerEdge-R740 sudo[3434908]: pam_unix(sudo:session): session closed for user root
Sep 27 11:07:24 datacore-PowerEdge-R740 cinder-volume[3434476]: DEBUG oslo_concurrency.processutils [None req-51a41521-0766-48c2-9107-4987e1f778e7 None None] CMD "sudo cinder-rootwrap /etc/cinder/rootwrap.conf env LC_ALL=C lvs --noheadings --unit=g -o vg_name,name,size --nosuffix --readonly stack-volumes-lvmdriver-1" returned: 0 in 0.637s {{(pid=3434476) execute /usr/local/lib/python3.8/dist-packages/oslo_concurrency/processutils.py:422}}
Sep 27 11:07:24 datacore-PowerEdge-R740 cinder-volume[3434476]: DEBUG oslo_concurrency.processutils [None req-51a41521-0766-48c2-9107-4987e1f778e7 None None] Running cmd (subprocess): sudo cinder-rootwrap /etc/cinder/rootwrap.conf env LC_ALL=C lvs --noheadings --unit=g -o size,data_percent --separator : --nosuffix /dev/stack-volumes-lvmdriver-1/stack-volumes-lvmdriver-1-pool {{(pid=3434476) execute /usr/local/lib/python3.8/dist-packages/oslo_concurrency/processutils.py:384}}
Sep 27 11:07:24 datacore-PowerEdge-R740 sudo[3434914]:    stack : TTY=unknown ; PWD=/ ; USER=root ; COMMAND=/usr/local/bin/cinder-rootwrap /etc/cinder/rootwrap.conf env LC_ALL=C lvs --noheadings --unit=g -o size,data_percent --separator : --nosuffix /dev/stack-volumes-lvmdriver-1/stack-volumes-lvmdriver-1-pool
Sep 27 11:07:24 datacore-PowerEdge-R740 sudo[3434914]: pam_unix(sudo:session): session opened for user root by (uid=0)
Sep 27 11:07:24 datacore-PowerEdge-R740 sudo[3434914]: pam_unix(sudo:session): session closed for user root
Sep 27 11:07:24 datacore-PowerEdge-R740 cinder-volume[3434476]: DEBUG oslo_concurrency.processutils [None req-51a41521-0766-48c2-9107-4987e1f778e7 None None] CMD "sudo cinder-rootwrap /etc/cinder/rootwrap.conf env LC_ALL=C lvs --noheadings --unit=g -o size,data_percent --separator : --nosuffix /dev/stack-volumes-lvmdriver-1/stack-volumes-lvmdriver-1-pool" returned: 0 in 0.670s {{(pid=3434476) execute /usr/local/lib/python3.8/dist-packages/oslo_concurrency/processutils.py:422}}
Sep 27 11:07:24 datacore-PowerEdge-R740 cinder-volume[3434476]: DEBUG oslo_concurrency.processutils [None req-51a41521-0766-48c2-9107-4987e1f778e7 None None] Running cmd (subprocess): sudo cinder-rootwrap /etc/cinder/rootwrap.conf env LC_ALL=C lvs --noheadings --unit=g -o vg_name,name,size --nosuffix --readonly stack-volumes-lvmdriver-1 {{(pid=3434476) execute /usr/local/lib/python3.8/dist-packages/oslo_concurrency/processutils.py:384}}
Sep 27 11:07:24 datacore-PowerEdge-R740 sudo[3434929]:    stack : TTY=unknown ; PWD=/ ; USER=root ; COMMAND=/usr/local/bin/cinder-rootwrap /etc/cinder/rootwrap.conf env LC_ALL=C lvs --noheadings --unit=g -o vg_name,name,size --nosuffix --readonly stack-volumes-lvmdriver-1
Sep 27 11:07:24 datacore-PowerEdge-R740 sudo[3434929]: pam_unix(sudo:session): session opened for user root by (uid=0)
