-- Logs begin at Tue 2022-06-28 04:33:21 IST, end at Tue 2022-06-28 04:49:03 IST. --
Jun 28 04:33:22 datacore-PowerEdge-R740 cinder-volume[2493764]: DEBUG oslo_concurrency.lockutils [-] Acquired lock "singleton_lock" {{(pid=2493764) lock /usr/local/lib/python3.8/dist-packages/oslo_concurrency/lockutils.py:294}}
Jun 28 04:33:22 datacore-PowerEdge-R740 cinder-volume[2493764]: DEBUG oslo_concurrency.lockutils [-] Releasing lock "singleton_lock" {{(pid=2493764) lock /usr/local/lib/python3.8/dist-packages/oslo_concurrency/lockutils.py:312}}
Jun 28 04:33:22 datacore-PowerEdge-R740 cinder-volume[2493764]: INFO dbcounter [None req-4444a41b-eb21-41c0-bb9b-4988ca3a8ae4 None None] Registered counter for database cinder
Jun 28 04:33:22 datacore-PowerEdge-R740 cinder-volume[2493764]: DEBUG oslo_db.sqlalchemy.engines [None req-4444a41b-eb21-41c0-bb9b-4988ca3a8ae4 None None] MySQL server mode set to STRICT_TRANS_TABLES,STRICT_ALL_TABLES,NO_ZERO_IN_DATE,NO_ZERO_DATE,ERROR_FOR_DIVISION_BY_ZERO,TRADITIONAL,NO_ENGINE_SUBSTITUTION {{(pid=2493764) _check_effective_sql_mode /usr/local/lib/python3.8/dist-packages/oslo_db/sqlalchemy/engines.py:314}}
Jun 28 04:33:22 datacore-PowerEdge-R740 cinder-volume[2493764]: DEBUG dbcounter [-] [2493764] Writer thread running {{(pid=2493764) stat_writer /usr/local/lib/python3.8/dist-packages/dbcounter.py:99}}
Jun 28 04:33:22 datacore-PowerEdge-R740 cinder-volume[2493764]: INFO cinder.rpc [None req-4444a41b-eb21-41c0-bb9b-4988ca3a8ae4 None None] Automatically selected cinder-scheduler objects version 1.39 as minimum service version.
Jun 28 04:33:22 datacore-PowerEdge-R740 cinder-volume[2493764]: INFO cinder.rpc [None req-4444a41b-eb21-41c0-bb9b-4988ca3a8ae4 None None] Automatically selected cinder-scheduler RPC version 3.12 as minimum service version.
Jun 28 04:33:22 datacore-PowerEdge-R740 cinder-volume[2493764]: DEBUG oslo_db.sqlalchemy.engines [None req-4444a41b-eb21-41c0-bb9b-4988ca3a8ae4 None None] MySQL server mode set to STRICT_TRANS_TABLES,STRICT_ALL_TABLES,NO_ZERO_IN_DATE,NO_ZERO_DATE,ERROR_FOR_DIVISION_BY_ZERO,TRADITIONAL,NO_ENGINE_SUBSTITUTION {{(pid=2493764) _check_effective_sql_mode /usr/local/lib/python3.8/dist-packages/oslo_db/sqlalchemy/engines.py:314}}
Jun 28 04:33:22 datacore-PowerEdge-R740 cinder-volume[2493764]: INFO cinder.volume.manager [None req-4444a41b-eb21-41c0-bb9b-4988ca3a8ae4 None None] Determined volume DB was not empty at startup.
Jun 28 04:33:22 datacore-PowerEdge-R740 cinder-volume[2493764]: DEBUG cinder.volume.manager [None req-4444a41b-eb21-41c0-bb9b-4988ca3a8ae4 None None] Cinder Volume DB check: vol_db_empty=False {{(pid=2493764) __init__ /opt/stack/cinder/cinder/volume/manager.py:286}}
Jun 28 04:33:22 datacore-PowerEdge-R740 cinder-volume[2493764]: WARNING stevedore.named [None req-4444a41b-eb21-41c0-bb9b-4988ca3a8ae4 None None] Could not load cinder.keymgr.conf_key_mgr.ConfKeyManager
Jun 28 04:33:22 datacore-PowerEdge-R740 cinder-volume[2493764]: WARNING castellan.key_manager [None req-4444a41b-eb21-41c0-bb9b-4988ca3a8ae4 None None] Deprecation Warning : cinder.keymgr.conf_key_mgr.ConfKeyManager is not a stevedore based driver, trying to load it as a class: stevedore.exception.NoMatches: No 'castellan.drivers' driver found, looking for 'cinder.keymgr.conf_key_mgr.ConfKeyManager'
Jun 28 04:33:22 datacore-PowerEdge-R740 cinder-volume[2493764]: WARNING cinder.keymgr.conf_key_mgr [None req-4444a41b-eb21-41c0-bb9b-4988ca3a8ae4 None None] This key manager is insecure and is not recommended for production deployments: stevedore.exception.NoMatches: No 'castellan.drivers' driver found, looking for 'cinder.keymgr.conf_key_mgr.ConfKeyManager'
Jun 28 04:33:22 datacore-PowerEdge-R740 cinder-volume[2493764]: ERROR cinder.cmd.volume [None req-4444a41b-eb21-41c0-bb9b-4988ca3a8ae4 None None] Volume service hostgroup@datacore_iscsi1 failed to start.: ModuleNotFoundError: No module named 'cinder.volume.drivers.datacore.iscsi'
Jun 28 04:33:22 datacore-PowerEdge-R740 cinder-volume[2493764]: ERROR cinder.cmd.volume Traceback (most recent call last):
Jun 28 04:33:22 datacore-PowerEdge-R740 cinder-volume[2493764]: ERROR cinder.cmd.volume   File "/opt/stack/cinder/cinder/cmd/volume.py", line 99, in _launch_service
Jun 28 04:33:22 datacore-PowerEdge-R740 cinder-volume[2493764]: ERROR cinder.cmd.volume     server = service.Service.create(host=host,
Jun 28 04:33:22 datacore-PowerEdge-R740 cinder-volume[2493764]: ERROR cinder.cmd.volume   File "/opt/stack/cinder/cinder/service.py", line 394, in create
Jun 28 04:33:22 datacore-PowerEdge-R740 cinder-volume[2493764]: ERROR cinder.cmd.volume     service_obj = cls(host, binary, topic, manager,
Jun 28 04:33:22 datacore-PowerEdge-R740 cinder-volume[2493764]: ERROR cinder.cmd.volume   File "/opt/stack/cinder/cinder/service.py", line 152, in __init__
Jun 28 04:33:22 datacore-PowerEdge-R740 cinder-volume[2493764]: ERROR cinder.cmd.volume     self.manager = manager_class(host=self.host,
Jun 28 04:33:22 datacore-PowerEdge-R740 cinder-volume[2493764]: ERROR cinder.cmd.volume   File "/opt/stack/cinder/cinder/volume/manager.py", line 309, in __init__
Jun 28 04:33:22 datacore-PowerEdge-R740 cinder-volume[2493764]: ERROR cinder.cmd.volume     self.driver = importutils.import_object(
Jun 28 04:33:22 datacore-PowerEdge-R740 cinder-volume[2493764]: ERROR cinder.cmd.volume   File "/usr/local/lib/python3.8/dist-packages/oslo_utils/importutils.py", line 44, in import_object
Jun 28 04:33:22 datacore-PowerEdge-R740 cinder-volume[2493764]: ERROR cinder.cmd.volume     return import_class(import_str)(*args, **kwargs)
Jun 28 04:33:22 datacore-PowerEdge-R740 cinder-volume[2493764]: ERROR cinder.cmd.volume   File "/usr/local/lib/python3.8/dist-packages/oslo_utils/importutils.py", line 30, in import_class
Jun 28 04:33:22 datacore-PowerEdge-R740 cinder-volume[2493764]: ERROR cinder.cmd.volume     __import__(mod_str)
Jun 28 04:33:22 datacore-PowerEdge-R740 cinder-volume[2493764]: ERROR cinder.cmd.volume ModuleNotFoundError: No module named 'cinder.volume.drivers.datacore.iscsi'
Jun 28 04:33:22 datacore-PowerEdge-R740 cinder-volume[2493764]: ERROR cinder.cmd.volume 
Jun 28 04:33:22 datacore-PowerEdge-R740 cinder-volume[2493764]: ERROR cinder.cmd.volume [None req-4444a41b-eb21-41c0-bb9b-4988ca3a8ae4 None None] No volume service(s) started successfully, terminating.
Jun 28 04:33:22 datacore-PowerEdge-R740 cinder-volume[2493764]: /usr/lib/python3/dist-packages/secretstorage/dhcrypto.py:15: CryptographyDeprecationWarning: int_from_bytes is deprecated, use int.from_bytes instead
Jun 28 04:33:22 datacore-PowerEdge-R740 cinder-volume[2493764]:   from cryptography.utils import int_from_bytes
Jun 28 04:33:22 datacore-PowerEdge-R740 cinder-volume[2493764]: /usr/lib/python3/dist-packages/secretstorage/util.py:19: CryptographyDeprecationWarning: int_from_bytes is deprecated, use int.from_bytes instead
Jun 28 04:33:22 datacore-PowerEdge-R740 cinder-volume[2493764]:   from cryptography.utils import int_from_bytes
Jun 28 04:33:22 datacore-PowerEdge-R740 cinder-volume[2493764]: /opt/stack/cinder/cinder/db/sqlalchemy/models.py:152: SAWarning: implicitly coercing SELECT object to scalar subquery; please use the .scalar_subquery() method to produce a scalar subquery.
Jun 28 04:33:22 datacore-PowerEdge-R740 cinder-volume[2493764]:   last_heartbeat = column_property(
Jun 28 04:33:22 datacore-PowerEdge-R740 cinder-volume[2493764]: /opt/stack/cinder/cinder/db/sqlalchemy/models.py:160: SAWarning: implicitly coercing SELECT object to scalar subquery; please use the .scalar_subquery() method to produce a scalar subquery.
Jun 28 04:33:22 datacore-PowerEdge-R740 cinder-volume[2493764]:   num_hosts = column_property(
Jun 28 04:33:22 datacore-PowerEdge-R740 cinder-volume[2493764]: /opt/stack/cinder/cinder/db/sqlalchemy/models.py:169: SAWarning: implicitly coercing SELECT object to scalar subquery; please use the .scalar_subquery() method to produce a scalar subquery.
Jun 28 04:33:22 datacore-PowerEdge-R740 cinder-volume[2493764]:   num_down_hosts = column_property(
Jun 28 04:33:23 datacore-PowerEdge-R740 systemd[1]: devstack@c-vol.service: Main process exited, code=exited, status=1/FAILURE
Jun 28 04:33:23 datacore-PowerEdge-R740 systemd[1]: devstack@c-vol.service: Failed with result 'exit-code'.
Jun 28 04:47:45 datacore-PowerEdge-R740 systemd[1]: Started Devstack devstack@c-vol.service.
Jun 28 04:47:48 datacore-PowerEdge-R740 cinder-volume[2496589]: DEBUG oslo_concurrency.lockutils [-] Acquired lock "singleton_lock" {{(pid=2496589) lock /usr/local/lib/python3.8/dist-packages/oslo_concurrency/lockutils.py:294}}
Jun 28 04:47:48 datacore-PowerEdge-R740 cinder-volume[2496589]: DEBUG oslo_concurrency.lockutils [-] Releasing lock "singleton_lock" {{(pid=2496589) lock /usr/local/lib/python3.8/dist-packages/oslo_concurrency/lockutils.py:312}}
Jun 28 04:47:48 datacore-PowerEdge-R740 cinder-volume[2496589]: INFO dbcounter [None req-43a0a0f0-4f77-4a49-9d2e-8cfc7f412629 None None] Registered counter for database cinder
Jun 28 04:47:48 datacore-PowerEdge-R740 cinder-volume[2496589]: DEBUG oslo_db.sqlalchemy.engines [None req-43a0a0f0-4f77-4a49-9d2e-8cfc7f412629 None None] MySQL server mode set to STRICT_TRANS_TABLES,STRICT_ALL_TABLES,NO_ZERO_IN_DATE,NO_ZERO_DATE,ERROR_FOR_DIVISION_BY_ZERO,TRADITIONAL,NO_ENGINE_SUBSTITUTION {{(pid=2496589) _check_effective_sql_mode /usr/local/lib/python3.8/dist-packages/oslo_db/sqlalchemy/engines.py:314}}
Jun 28 04:47:48 datacore-PowerEdge-R740 cinder-volume[2496589]: DEBUG dbcounter [-] [2496589] Writer thread running {{(pid=2496589) stat_writer /usr/local/lib/python3.8/dist-packages/dbcounter.py:99}}
Jun 28 04:47:48 datacore-PowerEdge-R740 cinder-volume[2496589]: INFO cinder.rpc [None req-43a0a0f0-4f77-4a49-9d2e-8cfc7f412629 None None] Automatically selected cinder-scheduler objects version 1.39 as minimum service version.
Jun 28 04:47:48 datacore-PowerEdge-R740 cinder-volume[2496589]: INFO cinder.rpc [None req-43a0a0f0-4f77-4a49-9d2e-8cfc7f412629 None None] Automatically selected cinder-scheduler RPC version 3.12 as minimum service version.
Jun 28 04:47:48 datacore-PowerEdge-R740 cinder-volume[2496589]: DEBUG oslo_db.sqlalchemy.engines [None req-43a0a0f0-4f77-4a49-9d2e-8cfc7f412629 None None] MySQL server mode set to STRICT_TRANS_TABLES,STRICT_ALL_TABLES,NO_ZERO_IN_DATE,NO_ZERO_DATE,ERROR_FOR_DIVISION_BY_ZERO,TRADITIONAL,NO_ENGINE_SUBSTITUTION {{(pid=2496589) _check_effective_sql_mode /usr/local/lib/python3.8/dist-packages/oslo_db/sqlalchemy/engines.py:314}}
Jun 28 04:47:48 datacore-PowerEdge-R740 cinder-volume[2496589]: INFO cinder.volume.manager [None req-43a0a0f0-4f77-4a49-9d2e-8cfc7f412629 None None] Determined volume DB was not empty at startup.
Jun 28 04:47:48 datacore-PowerEdge-R740 cinder-volume[2496589]: DEBUG cinder.volume.manager [None req-43a0a0f0-4f77-4a49-9d2e-8cfc7f412629 None None] Cinder Volume DB check: vol_db_empty=False {{(pid=2496589) __init__ /opt/stack/cinder/cinder/volume/manager.py:290}}
Jun 28 04:47:48 datacore-PowerEdge-R740 cinder-volume[2496589]: WARNING stevedore.named [None req-43a0a0f0-4f77-4a49-9d2e-8cfc7f412629 None None] Could not load cinder.keymgr.conf_key_mgr.ConfKeyManager
Jun 28 04:47:48 datacore-PowerEdge-R740 cinder-volume[2496589]: WARNING castellan.key_manager [None req-43a0a0f0-4f77-4a49-9d2e-8cfc7f412629 None None] Deprecation Warning : cinder.keymgr.conf_key_mgr.ConfKeyManager is not a stevedore based driver, trying to load it as a class: stevedore.exception.NoMatches: No 'castellan.drivers' driver found, looking for 'cinder.keymgr.conf_key_mgr.ConfKeyManager'
Jun 28 04:47:48 datacore-PowerEdge-R740 cinder-volume[2496589]: WARNING cinder.keymgr.conf_key_mgr [None req-43a0a0f0-4f77-4a49-9d2e-8cfc7f412629 None None] This key manager is insecure and is not recommended for production deployments: stevedore.exception.NoMatches: No 'castellan.drivers' driver found, looking for 'cinder.keymgr.conf_key_mgr.ConfKeyManager'
Jun 28 04:47:48 datacore-PowerEdge-R740 cinder-volume[2496589]: ERROR cinder.cmd.volume [None req-43a0a0f0-4f77-4a49-9d2e-8cfc7f412629 None None] Volume service hostgroup@datacore_iscsi1 failed to start.: ModuleNotFoundError: No module named 'cinder.volume.drivers.datacore.iscsi'
Jun 28 04:47:48 datacore-PowerEdge-R740 cinder-volume[2496589]: ERROR cinder.cmd.volume Traceback (most recent call last):
Jun 28 04:47:48 datacore-PowerEdge-R740 cinder-volume[2496589]: ERROR cinder.cmd.volume   File "/opt/stack/cinder/cinder/cmd/volume.py", line 99, in _launch_service
Jun 28 04:47:48 datacore-PowerEdge-R740 cinder-volume[2496589]: ERROR cinder.cmd.volume     server = service.Service.create(host=host,
Jun 28 04:47:48 datacore-PowerEdge-R740 cinder-volume[2496589]: ERROR cinder.cmd.volume   File "/opt/stack/cinder/cinder/service.py", line 394, in create
Jun 28 04:47:48 datacore-PowerEdge-R740 cinder-volume[2496589]: ERROR cinder.cmd.volume     service_obj = cls(host, binary, topic, manager,
Jun 28 04:47:48 datacore-PowerEdge-R740 cinder-volume[2496589]: ERROR cinder.cmd.volume   File "/opt/stack/cinder/cinder/service.py", line 152, in __init__
Jun 28 04:47:48 datacore-PowerEdge-R740 cinder-volume[2496589]: ERROR cinder.cmd.volume     self.manager = manager_class(host=self.host,
Jun 28 04:47:48 datacore-PowerEdge-R740 cinder-volume[2496589]: ERROR cinder.cmd.volume   File "/opt/stack/cinder/cinder/volume/manager.py", line 313, in __init__
Jun 28 04:47:48 datacore-PowerEdge-R740 cinder-volume[2496589]: ERROR cinder.cmd.volume     self.driver = importutils.import_object(
Jun 28 04:47:48 datacore-PowerEdge-R740 cinder-volume[2496589]: ERROR cinder.cmd.volume   File "/usr/local/lib/python3.8/dist-packages/oslo_utils/importutils.py", line 44, in import_object
Jun 28 04:47:48 datacore-PowerEdge-R740 cinder-volume[2496589]: ERROR cinder.cmd.volume     return import_class(import_str)(*args, **kwargs)
Jun 28 04:47:48 datacore-PowerEdge-R740 cinder-volume[2496589]: ERROR cinder.cmd.volume   File "/usr/local/lib/python3.8/dist-packages/oslo_utils/importutils.py", line 30, in import_class
Jun 28 04:47:48 datacore-PowerEdge-R740 cinder-volume[2496589]: ERROR cinder.cmd.volume     __import__(mod_str)
Jun 28 04:47:48 datacore-PowerEdge-R740 cinder-volume[2496589]: ERROR cinder.cmd.volume ModuleNotFoundError: No module named 'cinder.volume.drivers.datacore.iscsi'
Jun 28 04:47:48 datacore-PowerEdge-R740 cinder-volume[2496589]: ERROR cinder.cmd.volume 
Jun 28 04:47:48 datacore-PowerEdge-R740 cinder-volume[2496589]: ERROR cinder.cmd.volume [None req-43a0a0f0-4f77-4a49-9d2e-8cfc7f412629 None None] No volume service(s) started successfully, terminating.
Jun 28 04:47:48 datacore-PowerEdge-R740 cinder-volume[2496589]: /usr/lib/python3/dist-packages/secretstorage/dhcrypto.py:15: CryptographyDeprecationWarning: int_from_bytes is deprecated, use int.from_bytes instead
Jun 28 04:47:48 datacore-PowerEdge-R740 cinder-volume[2496589]:   from cryptography.utils import int_from_bytes
Jun 28 04:47:48 datacore-PowerEdge-R740 cinder-volume[2496589]: /usr/lib/python3/dist-packages/secretstorage/util.py:19: CryptographyDeprecationWarning: int_from_bytes is deprecated, use int.from_bytes instead
Jun 28 04:47:48 datacore-PowerEdge-R740 cinder-volume[2496589]:   from cryptography.utils import int_from_bytes
Jun 28 04:47:48 datacore-PowerEdge-R740 cinder-volume[2496589]: /opt/stack/cinder/cinder/db/sqlalchemy/models.py:152: SAWarning: implicitly coercing SELECT object to scalar subquery; please use the .scalar_subquery() method to produce a scalar subquery.
Jun 28 04:47:48 datacore-PowerEdge-R740 cinder-volume[2496589]:   last_heartbeat = column_property(
Jun 28 04:47:48 datacore-PowerEdge-R740 cinder-volume[2496589]: /opt/stack/cinder/cinder/db/sqlalchemy/models.py:160: SAWarning: implicitly coercing SELECT object to scalar subquery; please use the .scalar_subquery() method to produce a scalar subquery.
Jun 28 04:47:48 datacore-PowerEdge-R740 cinder-volume[2496589]:   num_hosts = column_property(
Jun 28 04:47:48 datacore-PowerEdge-R740 cinder-volume[2496589]: /opt/stack/cinder/cinder/db/sqlalchemy/models.py:169: SAWarning: implicitly coercing SELECT object to scalar subquery; please use the .scalar_subquery() method to produce a scalar subquery.
Jun 28 04:47:48 datacore-PowerEdge-R740 cinder-volume[2496589]:   num_down_hosts = column_property(
Jun 28 04:47:49 datacore-PowerEdge-R740 systemd[1]: devstack@c-vol.service: Main process exited, code=exited, status=1/FAILURE
Jun 28 04:47:49 datacore-PowerEdge-R740 systemd[1]: devstack@c-vol.service: Failed with result 'exit-code'.
Jun 28 04:48:00 datacore-PowerEdge-R740 systemd[1]: Started Devstack devstack@c-vol.service.
Jun 28 04:48:02 datacore-PowerEdge-R740 cinder-volume[2497161]: DEBUG oslo_concurrency.lockutils [-] Acquired lock "singleton_lock" {{(pid=2497161) lock /usr/local/lib/python3.8/dist-packages/oslo_concurrency/lockutils.py:294}}
Jun 28 04:48:02 datacore-PowerEdge-R740 cinder-volume[2497161]: DEBUG oslo_concurrency.lockutils [-] Releasing lock "singleton_lock" {{(pid=2497161) lock /usr/local/lib/python3.8/dist-packages/oslo_concurrency/lockutils.py:312}}
Jun 28 04:48:03 datacore-PowerEdge-R740 cinder-volume[2497161]: INFO dbcounter [None req-953c8628-ebbe-491b-a3f5-27e64da2f2c7 None None] Registered counter for database cinder
Jun 28 04:48:03 datacore-PowerEdge-R740 cinder-volume[2497161]: DEBUG oslo_db.sqlalchemy.engines [None req-953c8628-ebbe-491b-a3f5-27e64da2f2c7 None None] MySQL server mode set to STRICT_TRANS_TABLES,STRICT_ALL_TABLES,NO_ZERO_IN_DATE,NO_ZERO_DATE,ERROR_FOR_DIVISION_BY_ZERO,TRADITIONAL,NO_ENGINE_SUBSTITUTION {{(pid=2497161) _check_effective_sql_mode /usr/local/lib/python3.8/dist-packages/oslo_db/sqlalchemy/engines.py:314}}
Jun 28 04:48:03 datacore-PowerEdge-R740 cinder-volume[2497161]: DEBUG dbcounter [-] [2497161] Writer thread running {{(pid=2497161) stat_writer /usr/local/lib/python3.8/dist-packages/dbcounter.py:99}}
Jun 28 04:48:03 datacore-PowerEdge-R740 cinder-volume[2497161]: INFO cinder.rpc [None req-953c8628-ebbe-491b-a3f5-27e64da2f2c7 None None] Automatically selected cinder-scheduler objects version 1.39 as minimum service version.
Jun 28 04:48:03 datacore-PowerEdge-R740 cinder-volume[2497161]: INFO cinder.rpc [None req-953c8628-ebbe-491b-a3f5-27e64da2f2c7 None None] Automatically selected cinder-scheduler RPC version 3.12 as minimum service version.
Jun 28 04:48:03 datacore-PowerEdge-R740 cinder-volume[2497161]: DEBUG oslo_db.sqlalchemy.engines [None req-953c8628-ebbe-491b-a3f5-27e64da2f2c7 None None] MySQL server mode set to STRICT_TRANS_TABLES,STRICT_ALL_TABLES,NO_ZERO_IN_DATE,NO_ZERO_DATE,ERROR_FOR_DIVISION_BY_ZERO,TRADITIONAL,NO_ENGINE_SUBSTITUTION {{(pid=2497161) _check_effective_sql_mode /usr/local/lib/python3.8/dist-packages/oslo_db/sqlalchemy/engines.py:314}}
Jun 28 04:48:03 datacore-PowerEdge-R740 cinder-volume[2497161]: INFO cinder.volume.manager [None req-953c8628-ebbe-491b-a3f5-27e64da2f2c7 None None] Determined volume DB was not empty at startup.
Jun 28 04:48:03 datacore-PowerEdge-R740 cinder-volume[2497161]: DEBUG cinder.volume.manager [None req-953c8628-ebbe-491b-a3f5-27e64da2f2c7 None None] Cinder Volume DB check: vol_db_empty=False {{(pid=2497161) __init__ /opt/stack/cinder/cinder/volume/manager.py:290}}
Jun 28 04:48:03 datacore-PowerEdge-R740 cinder-volume[2497161]: WARNING stevedore.named [None req-953c8628-ebbe-491b-a3f5-27e64da2f2c7 None None] Could not load cinder.keymgr.conf_key_mgr.ConfKeyManager
Jun 28 04:48:03 datacore-PowerEdge-R740 cinder-volume[2497161]: WARNING castellan.key_manager [None req-953c8628-ebbe-491b-a3f5-27e64da2f2c7 None None] Deprecation Warning : cinder.keymgr.conf_key_mgr.ConfKeyManager is not a stevedore based driver, trying to load it as a class: stevedore.exception.NoMatches: No 'castellan.drivers' driver found, looking for 'cinder.keymgr.conf_key_mgr.ConfKeyManager'
Jun 28 04:48:03 datacore-PowerEdge-R740 cinder-volume[2497161]: WARNING cinder.keymgr.conf_key_mgr [None req-953c8628-ebbe-491b-a3f5-27e64da2f2c7 None None] This key manager is insecure and is not recommended for production deployments: stevedore.exception.NoMatches: No 'castellan.drivers' driver found, looking for 'cinder.keymgr.conf_key_mgr.ConfKeyManager'
Jun 28 04:48:03 datacore-PowerEdge-R740 cinder-volume[2497161]: ERROR cinder.cmd.volume [None req-953c8628-ebbe-491b-a3f5-27e64da2f2c7 None None] Volume service hostgroup@datacore_iscsi1 failed to start.: ModuleNotFoundError: No module named 'cinder.volume.drivers.datacore.iscsi'
Jun 28 04:48:03 datacore-PowerEdge-R740 cinder-volume[2497161]: ERROR cinder.cmd.volume Traceback (most recent call last):
Jun 28 04:48:03 datacore-PowerEdge-R740 cinder-volume[2497161]: ERROR cinder.cmd.volume   File "/opt/stack/cinder/cinder/cmd/volume.py", line 99, in _launch_service
Jun 28 04:48:03 datacore-PowerEdge-R740 cinder-volume[2497161]: ERROR cinder.cmd.volume     server = service.Service.create(host=host,
Jun 28 04:48:03 datacore-PowerEdge-R740 cinder-volume[2497161]: ERROR cinder.cmd.volume   File "/opt/stack/cinder/cinder/service.py", line 394, in create
Jun 28 04:48:03 datacore-PowerEdge-R740 cinder-volume[2497161]: ERROR cinder.cmd.volume     service_obj = cls(host, binary, topic, manager,
Jun 28 04:48:03 datacore-PowerEdge-R740 cinder-volume[2497161]: ERROR cinder.cmd.volume   File "/opt/stack/cinder/cinder/service.py", line 152, in __init__
Jun 28 04:48:03 datacore-PowerEdge-R740 cinder-volume[2497161]: ERROR cinder.cmd.volume     self.manager = manager_class(host=self.host,
Jun 28 04:48:03 datacore-PowerEdge-R740 cinder-volume[2497161]: ERROR cinder.cmd.volume   File "/opt/stack/cinder/cinder/volume/manager.py", line 313, in __init__
Jun 28 04:48:03 datacore-PowerEdge-R740 cinder-volume[2497161]: ERROR cinder.cmd.volume     self.driver = importutils.import_object(
Jun 28 04:48:03 datacore-PowerEdge-R740 cinder-volume[2497161]: ERROR cinder.cmd.volume   File "/usr/local/lib/python3.8/dist-packages/oslo_utils/importutils.py", line 44, in import_object
Jun 28 04:48:03 datacore-PowerEdge-R740 cinder-volume[2497161]: ERROR cinder.cmd.volume     return import_class(import_str)(*args, **kwargs)
Jun 28 04:48:03 datacore-PowerEdge-R740 cinder-volume[2497161]: ERROR cinder.cmd.volume   File "/usr/local/lib/python3.8/dist-packages/oslo_utils/importutils.py", line 30, in import_class
Jun 28 04:48:03 datacore-PowerEdge-R740 cinder-volume[2497161]: ERROR cinder.cmd.volume     __import__(mod_str)
Jun 28 04:48:03 datacore-PowerEdge-R740 cinder-volume[2497161]: ERROR cinder.cmd.volume ModuleNotFoundError: No module named 'cinder.volume.drivers.datacore.iscsi'
Jun 28 04:48:03 datacore-PowerEdge-R740 cinder-volume[2497161]: ERROR cinder.cmd.volume 
Jun 28 04:48:03 datacore-PowerEdge-R740 cinder-volume[2497161]: ERROR cinder.cmd.volume [None req-953c8628-ebbe-491b-a3f5-27e64da2f2c7 None None] No volume service(s) started successfully, terminating.
Jun 28 04:48:03 datacore-PowerEdge-R740 cinder-volume[2497161]: /usr/lib/python3/dist-packages/secretstorage/dhcrypto.py:15: CryptographyDeprecationWarning: int_from_bytes is deprecated, use int.from_bytes instead
Jun 28 04:48:03 datacore-PowerEdge-R740 cinder-volume[2497161]:   from cryptography.utils import int_from_bytes
Jun 28 04:48:03 datacore-PowerEdge-R740 cinder-volume[2497161]: /usr/lib/python3/dist-packages/secretstorage/util.py:19: CryptographyDeprecationWarning: int_from_bytes is deprecated, use int.from_bytes instead
Jun 28 04:48:03 datacore-PowerEdge-R740 cinder-volume[2497161]:   from cryptography.utils import int_from_bytes
Jun 28 04:48:03 datacore-PowerEdge-R740 cinder-volume[2497161]: /opt/stack/cinder/cinder/db/sqlalchemy/models.py:152: SAWarning: implicitly coercing SELECT object to scalar subquery; please use the .scalar_subquery() method to produce a scalar subquery.
Jun 28 04:48:03 datacore-PowerEdge-R740 cinder-volume[2497161]:   last_heartbeat = column_property(
Jun 28 04:48:03 datacore-PowerEdge-R740 cinder-volume[2497161]: /opt/stack/cinder/cinder/db/sqlalchemy/models.py:160: SAWarning: implicitly coercing SELECT object to scalar subquery; please use the .scalar_subquery() method to produce a scalar subquery.
Jun 28 04:48:03 datacore-PowerEdge-R740 cinder-volume[2497161]:   num_hosts = column_property(
Jun 28 04:48:03 datacore-PowerEdge-R740 cinder-volume[2497161]: /opt/stack/cinder/cinder/db/sqlalchemy/models.py:169: SAWarning: implicitly coercing SELECT object to scalar subquery; please use the .scalar_subquery() method to produce a scalar subquery.
Jun 28 04:48:03 datacore-PowerEdge-R740 cinder-volume[2497161]:   num_down_hosts = column_property(
Jun 28 04:48:04 datacore-PowerEdge-R740 systemd[1]: devstack@c-vol.service: Main process exited, code=exited, status=1/FAILURE
Jun 28 04:48:04 datacore-PowerEdge-R740 systemd[1]: devstack@c-vol.service: Failed with result 'exit-code'.
