Source the openrc file
WARNING: setting legacy OS_TENANT_NAME to support cli tools.
Patch Details: GERRIT_CHANGE_NUMBER: 836996 GERRIT_PATCHSET_NUMBER: 33 GERRIT_REFSPEC: refs/changes/96/836996/33
Updating cinder code
Your branch is up to date with 'origin/master'.
git checkout cinder master Success
Already up to date.
git pull Success
changeBranch: change-836996-33
git fetch origin refs/changes/96/836996/33:change-836996-33 Success
git checkout change-836996-33 Success
Already up to date.
checkout patchset [ PASSED ]
Clearing logs
/tmp/ci-result-1655438515889
Starting iSCSI Test configuration
Updating cinder.conf with iSCSI driver details [ PASSED ]
Restarting devstack services
Cinder volume service [ PASSED ]
Starting tempest for iSCSI driver
Updating tempest.conf with iSCSI driver details [ PASSED ]
Running tempest
Tempest DataCore iSCSI Driver [ FAILED ]
Starting Fiber Channel Test configuration
Updating cinder.conf with Fiber Channel driver details [ PASSED ]
Restarting devstack services
Cinder volume service [ PASSED ]
Starting tempest for Fiber Channel driver
Updating tempest.conf with Fiber Channel driver details [ PASSED ]
Running tempest
Tempest DataCore Fiber Channel Driver [ PASSED ]
Already up to date.
Updating cinder-tempest-logs repo [ PASSED ]
Copying logs to cinder-tempest-logs repo [ PASSED ]
ci-result-1653909624530
rm 'ci-result-1653909624530/cinder_volume.log'
rm 'ci-result-1653909624530/fc_cinder.conf'
rm 'ci-result-1653909624530/fc_driver_test.log'
rm 'ci-result-1653909624530/fc_tempest.conf'
rm 'ci-result-1653909624530/iscsi_cinder.conf'
rm 'ci-result-1653909624530/iscsi_driver_test.log'
rm 'ci-result-1653909624530/iscsi_tempest.conf'
rm 'ci-result-1653909624530/test_details'
Adding logs to cinder-tempest-logs repo [ PASSED ]
[main fbde63b] tempest log
 13 files changed, 4538 insertions(+), 27138 deletions(-)
 delete mode 100644 ci-result-1653909624530/cinder_volume.log
 delete mode 100644 ci-result-1653909624530/fc_driver_test.log
 delete mode 100644 ci-result-1653909624530/iscsi_driver_test.log
 delete mode 100644 ci-result-1653909624530/test_details
 create mode 100644 ci-result-1655438515889/cinder_volume.log
 create mode 100644 ci-result-1655438515889/console.log
 rename {ci-result-1653909624530 => ci-result-1655438515889}/fc_cinder.conf (93%)
 create mode 100644 ci-result-1655438515889/fc_driver_test.log
 rename {ci-result-1653909624530 => ci-result-1655438515889}/fc_tempest.conf (95%)
 rename {ci-result-1653909624530 => ci-result-1655438515889}/iscsi_cinder.conf (93%)
 create mode 100644 ci-result-1655438515889/iscsi_driver_test.log
 rename {ci-result-1653909624530 => ci-result-1655438515889}/iscsi_tempest.conf (95%)
 create mode 100644 ci-result-1655438515889/test_details
Git commit [ PASSED ]
Git push [ PASSED ]
