-- Logs begin at Thu 2022-10-06 01:26:53 IST, end at Thu 2022-10-06 01:27:02 IST. --
Oct 06 01:26:53 datacore-PowerEdge-R740 sudo[1070884]: pam_unix(sudo:session): session closed for user root
Oct 06 01:26:53 datacore-PowerEdge-R740 cinder-volume[1070782]: DEBUG oslo_concurrency.processutils [None req-a24f447b-b215-49c2-af8f-05c98c0d3f9a None None] CMD "sudo cinder-rootwrap /etc/cinder/rootwrap.conf lvchange -a y --yes -K stack-volumes-lvmdriver-1/stack-volumes-lvmdriver-1-pool" returned: 0 in 0.764s {{(pid=1070782) execute /usr/local/lib/python3.8/dist-packages/oslo_concurrency/processutils.py:422}}
Oct 06 01:26:53 datacore-PowerEdge-R740 cinder-volume[1070782]: DEBUG oslo_concurrency.processutils [None req-a24f447b-b215-49c2-af8f-05c98c0d3f9a None None] Running cmd (subprocess): env LC_ALL=C lvm version {{(pid=1070782) execute /usr/local/lib/python3.8/dist-packages/oslo_concurrency/processutils.py:384}}
Oct 06 01:26:53 datacore-PowerEdge-R740 cinder-volume[1070782]: DEBUG oslo_concurrency.processutils [None req-a24f447b-b215-49c2-af8f-05c98c0d3f9a None None] CMD "env LC_ALL=C lvm version" returned: 0 in 0.016s {{(pid=1070782) execute /usr/local/lib/python3.8/dist-packages/oslo_concurrency/processutils.py:422}}
Oct 06 01:26:53 datacore-PowerEdge-R740 cinder-volume[1070782]: DEBUG oslo_concurrency.processutils [None req-a24f447b-b215-49c2-af8f-05c98c0d3f9a None None] Running cmd (subprocess): sudo cinder-rootwrap /etc/cinder/rootwrap.conf env LC_ALL=C pvs --noheadings --unit=g -o vg_name,name,size,free --separator | --nosuffix --ignoreskippedcluster {{(pid=1070782) execute /usr/local/lib/python3.8/dist-packages/oslo_concurrency/processutils.py:384}}
Oct 06 01:26:53 datacore-PowerEdge-R740 sudo[1070992]:    stack : TTY=unknown ; PWD=/ ; USER=root ; COMMAND=/usr/local/bin/cinder-rootwrap /etc/cinder/rootwrap.conf env LC_ALL=C pvs --noheadings --unit=g -o vg_name,name,size,free --separator | --nosuffix --ignoreskippedcluster
Oct 06 01:26:53 datacore-PowerEdge-R740 sudo[1070992]: pam_unix(sudo:session): session opened for user root by (uid=0)
Oct 06 01:26:53 datacore-PowerEdge-R740 sudo[1070992]: pam_unix(sudo:session): session closed for user root
Oct 06 01:26:53 datacore-PowerEdge-R740 cinder-volume[1070782]: DEBUG oslo_concurrency.processutils [None req-a24f447b-b215-49c2-af8f-05c98c0d3f9a None None] CMD "sudo cinder-rootwrap /etc/cinder/rootwrap.conf env LC_ALL=C pvs --noheadings --unit=g -o vg_name,name,size,free --separator | --nosuffix --ignoreskippedcluster" returned: 0 in 0.725s {{(pid=1070782) execute /usr/local/lib/python3.8/dist-packages/oslo_concurrency/processutils.py:422}}
Oct 06 01:26:53 datacore-PowerEdge-R740 cinder-volume[1070782]: DEBUG oslo_concurrency.processutils [None req-a24f447b-b215-49c2-af8f-05c98c0d3f9a None None] Running cmd (subprocess): sudo cinder-rootwrap /etc/cinder/rootwrap.conf env LC_ALL=C vgs --noheadings --unit=g -o name,size,free,lv_count,uuid --separator : --nosuffix stack-volumes-lvmdriver-1 {{(pid=1070782) execute /usr/local/lib/python3.8/dist-packages/oslo_concurrency/processutils.py:384}}
Oct 06 01:26:53 datacore-PowerEdge-R740 sudo[1071049]:    stack : TTY=unknown ; PWD=/ ; USER=root ; COMMAND=/usr/local/bin/cinder-rootwrap /etc/cinder/rootwrap.conf env LC_ALL=C vgs --noheadings --unit=g -o name,size,free,lv_count,uuid --separator : --nosuffix stack-volumes-lvmdriver-1
Oct 06 01:26:53 datacore-PowerEdge-R740 sudo[1071049]: pam_unix(sudo:session): session opened for user root by (uid=0)
Oct 06 01:26:54 datacore-PowerEdge-R740 sudo[1071049]: pam_unix(sudo:session): session closed for user root
Oct 06 01:26:54 datacore-PowerEdge-R740 cinder-volume[1070782]: DEBUG oslo_concurrency.processutils [None req-a24f447b-b215-49c2-af8f-05c98c0d3f9a None None] CMD "sudo cinder-rootwrap /etc/cinder/rootwrap.conf env LC_ALL=C vgs --noheadings --unit=g -o name,size,free,lv_count,uuid --separator : --nosuffix stack-volumes-lvmdriver-1" returned: 0 in 0.637s {{(pid=1070782) execute /usr/local/lib/python3.8/dist-packages/oslo_concurrency/processutils.py:422}}
Oct 06 01:26:54 datacore-PowerEdge-R740 cinder-volume[1070782]: DEBUG oslo_concurrency.processutils [None req-a24f447b-b215-49c2-af8f-05c98c0d3f9a None None] Running cmd (subprocess): sudo cinder-rootwrap /etc/cinder/rootwrap.conf env LC_ALL=C vgs --noheadings --unit=g -o name,size,free,lv_count,uuid --separator : --nosuffix stack-volumes-lvmdriver-1 {{(pid=1070782) execute /usr/local/lib/python3.8/dist-packages/oslo_concurrency/processutils.py:384}}
Oct 06 01:26:54 datacore-PowerEdge-R740 sudo[1071057]:    stack : TTY=unknown ; PWD=/ ; USER=root ; COMMAND=/usr/local/bin/cinder-rootwrap /etc/cinder/rootwrap.conf env LC_ALL=C vgs --noheadings --unit=g -o name,size,free,lv_count,uuid --separator : --nosuffix stack-volumes-lvmdriver-1
Oct 06 01:26:54 datacore-PowerEdge-R740 sudo[1071057]: pam_unix(sudo:session): session opened for user root by (uid=0)
Oct 06 01:26:55 datacore-PowerEdge-R740 sudo[1071057]: pam_unix(sudo:session): session closed for user root
Oct 06 01:26:55 datacore-PowerEdge-R740 cinder-volume[1070782]: DEBUG oslo_concurrency.processutils [None req-a24f447b-b215-49c2-af8f-05c98c0d3f9a None None] CMD "sudo cinder-rootwrap /etc/cinder/rootwrap.conf env LC_ALL=C vgs --noheadings --unit=g -o name,size,free,lv_count,uuid --separator : --nosuffix stack-volumes-lvmdriver-1" returned: 0 in 0.668s {{(pid=1070782) execute /usr/local/lib/python3.8/dist-packages/oslo_concurrency/processutils.py:422}}
Oct 06 01:26:55 datacore-PowerEdge-R740 cinder-volume[1070782]: DEBUG oslo_concurrency.processutils [None req-a24f447b-b215-49c2-af8f-05c98c0d3f9a None None] Running cmd (subprocess): sudo cinder-rootwrap /etc/cinder/rootwrap.conf env LC_ALL=C lvs --noheadings --unit=g -o vg_name,name,size --nosuffix --readonly stack-volumes-lvmdriver-1 {{(pid=1070782) execute /usr/local/lib/python3.8/dist-packages/oslo_concurrency/processutils.py:384}}
Oct 06 01:26:55 datacore-PowerEdge-R740 sudo[1071074]:    stack : TTY=unknown ; PWD=/ ; USER=root ; COMMAND=/usr/local/bin/cinder-rootwrap /etc/cinder/rootwrap.conf env LC_ALL=C lvs --noheadings --unit=g -o vg_name,name,size --nosuffix --readonly stack-volumes-lvmdriver-1
Oct 06 01:26:55 datacore-PowerEdge-R740 sudo[1071074]: pam_unix(sudo:session): session opened for user root by (uid=0)
Oct 06 01:26:55 datacore-PowerEdge-R740 sudo[1071074]: pam_unix(sudo:session): session closed for user root
Oct 06 01:26:55 datacore-PowerEdge-R740 cinder-volume[1070782]: DEBUG oslo_concurrency.processutils [None req-a24f447b-b215-49c2-af8f-05c98c0d3f9a None None] CMD "sudo cinder-rootwrap /etc/cinder/rootwrap.conf env LC_ALL=C lvs --noheadings --unit=g -o vg_name,name,size --nosuffix --readonly stack-volumes-lvmdriver-1" returned: 0 in 0.618s {{(pid=1070782) execute /usr/local/lib/python3.8/dist-packages/oslo_concurrency/processutils.py:422}}
Oct 06 01:26:55 datacore-PowerEdge-R740 cinder-volume[1070782]: DEBUG oslo_concurrency.processutils [None req-a24f447b-b215-49c2-af8f-05c98c0d3f9a None None] Running cmd (subprocess): sudo cinder-rootwrap /etc/cinder/rootwrap.conf env LC_ALL=C lvs --noheadings --unit=g -o size,data_percent --separator : --nosuffix /dev/stack-volumes-lvmdriver-1/stack-volumes-lvmdriver-1-pool {{(pid=1070782) execute /usr/local/lib/python3.8/dist-packages/oslo_concurrency/processutils.py:384}}
Oct 06 01:26:55 datacore-PowerEdge-R740 sudo[1071078]:    stack : TTY=unknown ; PWD=/ ; USER=root ; COMMAND=/usr/local/bin/cinder-rootwrap /etc/cinder/rootwrap.conf env LC_ALL=C lvs --noheadings --unit=g -o size,data_percent --separator : --nosuffix /dev/stack-volumes-lvmdriver-1/stack-volumes-lvmdriver-1-pool
Oct 06 01:26:55 datacore-PowerEdge-R740 sudo[1071078]: pam_unix(sudo:session): session opened for user root by (uid=0)
Oct 06 01:26:56 datacore-PowerEdge-R740 sudo[1071078]: pam_unix(sudo:session): session closed for user root
Oct 06 01:26:56 datacore-PowerEdge-R740 cinder-volume[1070782]: DEBUG oslo_concurrency.processutils [None req-a24f447b-b215-49c2-af8f-05c98c0d3f9a None None] CMD "sudo cinder-rootwrap /etc/cinder/rootwrap.conf env LC_ALL=C lvs --noheadings --unit=g -o size,data_percent --separator : --nosuffix /dev/stack-volumes-lvmdriver-1/stack-volumes-lvmdriver-1-pool" returned: 0 in 0.625s {{(pid=1070782) execute /usr/local/lib/python3.8/dist-packages/oslo_concurrency/processutils.py:422}}
Oct 06 01:26:56 datacore-PowerEdge-R740 cinder-volume[1070782]: DEBUG oslo_concurrency.processutils [None req-a24f447b-b215-49c2-af8f-05c98c0d3f9a None None] Running cmd (subprocess): env LC_ALL=C lvm version {{(pid=1070782) execute /usr/local/lib/python3.8/dist-packages/oslo_concurrency/processutils.py:384}}
Oct 06 01:26:56 datacore-PowerEdge-R740 cinder-volume[1070782]: DEBUG oslo_concurrency.processutils [None req-a24f447b-b215-49c2-af8f-05c98c0d3f9a None None] CMD "env LC_ALL=C lvm version" returned: 0 in 0.018s {{(pid=1070782) execute /usr/local/lib/python3.8/dist-packages/oslo_concurrency/processutils.py:422}}
Oct 06 01:26:56 datacore-PowerEdge-R740 cinder-volume[1070782]: DEBUG oslo_concurrency.processutils [None req-a24f447b-b215-49c2-af8f-05c98c0d3f9a None None] Running cmd (subprocess): sudo cinder-rootwrap /etc/cinder/rootwrap.conf env LC_ALL=C lvs --noheadings --unit=g -o vg_name,name,size --nosuffix --readonly stack-volumes-lvmdriver-1/stack-volumes-lvmdriver-1-pool {{(pid=1070782) execute /usr/local/lib/python3.8/dist-packages/oslo_concurrency/processutils.py:384}}
Oct 06 01:26:56 datacore-PowerEdge-R740 sudo[1071083]:    stack : TTY=unknown ; PWD=/ ; USER=root ; COMMAND=/usr/local/bin/cinder-rootwrap /etc/cinder/rootwrap.conf env LC_ALL=C lvs --noheadings --unit=g -o vg_name,name,size --nosuffix --readonly stack-volumes-lvmdriver-1/stack-volumes-lvmdriver-1-pool
Oct 06 01:26:56 datacore-PowerEdge-R740 sudo[1071083]: pam_unix(sudo:session): session opened for user root by (uid=0)
Oct 06 01:26:57 datacore-PowerEdge-R740 sudo[1071083]: pam_unix(sudo:session): session closed for user root
Oct 06 01:26:57 datacore-PowerEdge-R740 cinder-volume[1070782]: DEBUG oslo_concurrency.processutils [None req-a24f447b-b215-49c2-af8f-05c98c0d3f9a None None] CMD "sudo cinder-rootwrap /etc/cinder/rootwrap.conf env LC_ALL=C lvs --noheadings --unit=g -o vg_name,name,size --nosuffix --readonly stack-volumes-lvmdriver-1/stack-volumes-lvmdriver-1-pool" returned: 0 in 0.651s {{(pid=1070782) execute /usr/local/lib/python3.8/dist-packages/oslo_concurrency/processutils.py:422}}
Oct 06 01:26:57 datacore-PowerEdge-R740 cinder-volume[1070782]: INFO cinder.volume.drivers.lvm [None req-a24f447b-b215-49c2-af8f-05c98c0d3f9a None None] Enabling LVM thin provisioning by default because a thin pool exists.
Oct 06 01:26:57 datacore-PowerEdge-R740 cinder-volume[1070782]: DEBUG oslo_concurrency.processutils [None req-a24f447b-b215-49c2-af8f-05c98c0d3f9a None None] Running cmd (subprocess): env LC_ALL=C lvm version {{(pid=1070782) execute /usr/local/lib/python3.8/dist-packages/oslo_concurrency/processutils.py:384}}
Oct 06 01:26:57 datacore-PowerEdge-R740 cinder-volume[1070782]: DEBUG oslo_concurrency.processutils [None req-a24f447b-b215-49c2-af8f-05c98c0d3f9a None None] CMD "env LC_ALL=C lvm version" returned: 0 in 0.016s {{(pid=1070782) execute /usr/local/lib/python3.8/dist-packages/oslo_concurrency/processutils.py:422}}
Oct 06 01:26:57 datacore-PowerEdge-R740 cinder-volume[1070782]: DEBUG oslo_concurrency.processutils [None req-a24f447b-b215-49c2-af8f-05c98c0d3f9a None None] Running cmd (subprocess): sudo cinder-rootwrap /etc/cinder/rootwrap.conf env LC_ALL=C lvs --noheadings --unit=g -o vg_name,name,size --nosuffix --readonly stack-volumes-lvmdriver-1/stack-volumes-lvmdriver-1-pool {{(pid=1070782) execute /usr/local/lib/python3.8/dist-packages/oslo_concurrency/processutils.py:384}}
Oct 06 01:26:57 datacore-PowerEdge-R740 sudo[1071101]:    stack : TTY=unknown ; PWD=/ ; USER=root ; COMMAND=/usr/local/bin/cinder-rootwrap /etc/cinder/rootwrap.conf env LC_ALL=C lvs --noheadings --unit=g -o vg_name,name,size --nosuffix --readonly stack-volumes-lvmdriver-1/stack-volumes-lvmdriver-1-pool
Oct 06 01:26:57 datacore-PowerEdge-R740 sudo[1071101]: pam_unix(sudo:session): session opened for user root by (uid=0)
Oct 06 01:26:57 datacore-PowerEdge-R740 sudo[1071101]: pam_unix(sudo:session): session closed for user root
Oct 06 01:26:57 datacore-PowerEdge-R740 cinder-volume[1070782]: DEBUG oslo_concurrency.processutils [None req-a24f447b-b215-49c2-af8f-05c98c0d3f9a None None] CMD "sudo cinder-rootwrap /etc/cinder/rootwrap.conf env LC_ALL=C lvs --noheadings --unit=g -o vg_name,name,size --nosuffix --readonly stack-volumes-lvmdriver-1/stack-volumes-lvmdriver-1-pool" returned: 0 in 0.645s {{(pid=1070782) execute /usr/local/lib/python3.8/dist-packages/oslo_concurrency/processutils.py:422}}
Oct 06 01:26:57 datacore-PowerEdge-R740 cinder-volume[1070782]: DEBUG cinder.volume.drivers.lvm [None req-a24f447b-b215-49c2-af8f-05c98c0d3f9a None None] Updating volume stats {{(pid=1070782) _update_volume_stats /opt/stack/cinder/cinder/volume/drivers/lvm.py:213}}
Oct 06 01:26:57 datacore-PowerEdge-R740 cinder-volume[1070782]: DEBUG oslo_concurrency.processutils [None req-a24f447b-b215-49c2-af8f-05c98c0d3f9a None None] Running cmd (subprocess): sudo cinder-rootwrap /etc/cinder/rootwrap.conf env LC_ALL=C vgs --noheadings --unit=g -o name,size,free,lv_count,uuid --separator : --nosuffix stack-volumes-lvmdriver-1 {{(pid=1070782) execute /usr/local/lib/python3.8/dist-packages/oslo_concurrency/processutils.py:384}}
Oct 06 01:26:57 datacore-PowerEdge-R740 sudo[1071105]:    stack : TTY=unknown ; PWD=/ ; USER=root ; COMMAND=/usr/local/bin/cinder-rootwrap /etc/cinder/rootwrap.conf env LC_ALL=C vgs --noheadings --unit=g -o name,size,free,lv_count,uuid --separator : --nosuffix stack-volumes-lvmdriver-1
Oct 06 01:26:57 datacore-PowerEdge-R740 sudo[1071105]: pam_unix(sudo:session): session opened for user root by (uid=0)
Oct 06 01:26:58 datacore-PowerEdge-R740 sudo[1071105]: pam_unix(sudo:session): session closed for user root
Oct 06 01:26:58 datacore-PowerEdge-R740 cinder-volume[1070782]: DEBUG oslo_concurrency.processutils [None req-a24f447b-b215-49c2-af8f-05c98c0d3f9a None None] CMD "sudo cinder-rootwrap /etc/cinder/rootwrap.conf env LC_ALL=C vgs --noheadings --unit=g -o name,size,free,lv_count,uuid --separator : --nosuffix stack-volumes-lvmdriver-1" returned: 0 in 0.703s {{(pid=1070782) execute /usr/local/lib/python3.8/dist-packages/oslo_concurrency/processutils.py:422}}
Oct 06 01:26:58 datacore-PowerEdge-R740 cinder-volume[1070782]: DEBUG oslo_concurrency.processutils [None req-a24f447b-b215-49c2-af8f-05c98c0d3f9a None None] Running cmd (subprocess): sudo cinder-rootwrap /etc/cinder/rootwrap.conf env LC_ALL=C lvs --noheadings --unit=g -o vg_name,name,size --nosuffix --readonly stack-volumes-lvmdriver-1 {{(pid=1070782) execute /usr/local/lib/python3.8/dist-packages/oslo_concurrency/processutils.py:384}}
Oct 06 01:26:58 datacore-PowerEdge-R740 sudo[1071113]:    stack : TTY=unknown ; PWD=/ ; USER=root ; COMMAND=/usr/local/bin/cinder-rootwrap /etc/cinder/rootwrap.conf env LC_ALL=C lvs --noheadings --unit=g -o vg_name,name,size --nosuffix --readonly stack-volumes-lvmdriver-1
Oct 06 01:26:58 datacore-PowerEdge-R740 sudo[1071113]: pam_unix(sudo:session): session opened for user root by (uid=0)
Oct 06 01:26:59 datacore-PowerEdge-R740 sudo[1071113]: pam_unix(sudo:session): session closed for user root
Oct 06 01:26:59 datacore-PowerEdge-R740 cinder-volume[1070782]: DEBUG oslo_concurrency.processutils [None req-a24f447b-b215-49c2-af8f-05c98c0d3f9a None None] CMD "sudo cinder-rootwrap /etc/cinder/rootwrap.conf env LC_ALL=C lvs --noheadings --unit=g -o vg_name,name,size --nosuffix --readonly stack-volumes-lvmdriver-1" returned: 0 in 0.653s {{(pid=1070782) execute /usr/local/lib/python3.8/dist-packages/oslo_concurrency/processutils.py:422}}
Oct 06 01:26:59 datacore-PowerEdge-R740 cinder-volume[1070782]: DEBUG oslo_concurrency.processutils [None req-a24f447b-b215-49c2-af8f-05c98c0d3f9a None None] Running cmd (subprocess): sudo cinder-rootwrap /etc/cinder/rootwrap.conf env LC_ALL=C lvs --noheadings --unit=g -o size,data_percent --separator : --nosuffix /dev/stack-volumes-lvmdriver-1/stack-volumes-lvmdriver-1-pool {{(pid=1070782) execute /usr/local/lib/python3.8/dist-packages/oslo_concurrency/processutils.py:384}}
Oct 06 01:26:59 datacore-PowerEdge-R740 sudo[1071122]:    stack : TTY=unknown ; PWD=/ ; USER=root ; COMMAND=/usr/local/bin/cinder-rootwrap /etc/cinder/rootwrap.conf env LC_ALL=C lvs --noheadings --unit=g -o size,data_percent --separator : --nosuffix /dev/stack-volumes-lvmdriver-1/stack-volumes-lvmdriver-1-pool
Oct 06 01:26:59 datacore-PowerEdge-R740 sudo[1071122]: pam_unix(sudo:session): session opened for user root by (uid=0)
Oct 06 01:26:59 datacore-PowerEdge-R740 sudo[1071122]: pam_unix(sudo:session): session closed for user root
Oct 06 01:26:59 datacore-PowerEdge-R740 cinder-volume[1070782]: DEBUG oslo_concurrency.processutils [None req-a24f447b-b215-49c2-af8f-05c98c0d3f9a None None] CMD "sudo cinder-rootwrap /etc/cinder/rootwrap.conf env LC_ALL=C lvs --noheadings --unit=g -o size,data_percent --separator : --nosuffix /dev/stack-volumes-lvmdriver-1/stack-volumes-lvmdriver-1-pool" returned: 0 in 0.621s {{(pid=1070782) execute /usr/local/lib/python3.8/dist-packages/oslo_concurrency/processutils.py:422}}
Oct 06 01:26:59 datacore-PowerEdge-R740 cinder-volume[1070782]: DEBUG oslo_concurrency.processutils [None req-a24f447b-b215-49c2-af8f-05c98c0d3f9a None None] Running cmd (subprocess): sudo cinder-rootwrap /etc/cinder/rootwrap.conf env LC_ALL=C lvs --noheadings --unit=g -o vg_name,name,size --nosuffix --readonly stack-volumes-lvmdriver-1 {{(pid=1070782) execute /usr/local/lib/python3.8/dist-packages/oslo_concurrency/processutils.py:384}}
Oct 06 01:26:59 datacore-PowerEdge-R740 sudo[1071130]:    stack : TTY=unknown ; PWD=/ ; USER=root ; COMMAND=/usr/local/bin/cinder-rootwrap /etc/cinder/rootwrap.conf env LC_ALL=C lvs --noheadings --unit=g -o vg_name,name,size --nosuffix --readonly stack-volumes-lvmdriver-1
Oct 06 01:26:59 datacore-PowerEdge-R740 sudo[1071130]: pam_unix(sudo:session): session opened for user root by (uid=0)
Oct 06 01:27:00 datacore-PowerEdge-R740 cinder-volume[1070564]: DEBUG dbcounter [-] [1070564] Writing DB stats cinder:SELECT=16,cinder:UPDATE=1 {{(pid=1070564) stat_writer /usr/local/lib/python3.8/dist-packages/dbcounter.py:114}}
Oct 06 01:27:00 datacore-PowerEdge-R740 sudo[1071130]: pam_unix(sudo:session): session closed for user root
Oct 06 01:27:00 datacore-PowerEdge-R740 cinder-volume[1070782]: DEBUG oslo_concurrency.processutils [None req-a24f447b-b215-49c2-af8f-05c98c0d3f9a None None] CMD "sudo cinder-rootwrap /etc/cinder/rootwrap.conf env LC_ALL=C lvs --noheadings --unit=g -o vg_name,name,size --nosuffix --readonly stack-volumes-lvmdriver-1" returned: 0 in 0.665s {{(pid=1070782) execute /usr/local/lib/python3.8/dist-packages/oslo_concurrency/processutils.py:422}}
Oct 06 01:27:00 datacore-PowerEdge-R740 cinder-volume[1070782]: INFO cinder.volume.driver [None req-a24f447b-b215-49c2-af8f-05c98c0d3f9a None None] Driver hasn't implemented _init_vendor_properties()
Oct 06 01:27:00 datacore-PowerEdge-R740 cinder-volume[1070782]: DEBUG cinder.volume.driver [None req-a24f447b-b215-49c2-af8f-05c98c0d3f9a None None] Initialized capabilities list: {'volume_backend_name': 'lvmdriver-1', 'vendor_name': 'Open Source', 'driver_version': '3.0.0', 'storage_protocol': 'iSCSI', 'pools': [{'pool_name': 'lvmdriver-1', 'total_capacity_gb': 28.5, 'free_capacity_gb': 28.5, 'reserved_percentage': 0, 'location_info': 'LVMVolumeDriver:datacore-PowerEdge-R740:stack-volumes-lvmdriver-1:thin:0', 'QoS_support': False, 'provisioned_capacity_gb': 0.0, 'max_over_subscription_ratio': '20.0', 'thin_provisioning_support': True, 'thick_provisioning_support': False, 'total_volumes': 1, 'filter_function': None, 'goodness_function': None, 'multiattach': True, 'backend_state': 'up'}], 'shared_targets': False, 'sparse_copy_volume': True, 'properties': {'thin_provisioning': {'title': 'Thin Provisioning', 'description': 'Sets thin provisioning.', 'type': 'boolean'}, 'compression': {'title': 'Compression', 'description': 'Enables compression.', 'type': 'boolean'}, 'qos': {'title': 'QoS', 'description': 'Enables QoS.', 'type': 'boolean'}, 'replication_enabled': {'title': 'Replication', 'description': 'Enables replication.', 'type': 'boolean'}}}. {{(pid=1070782) init_capabilities /opt/stack/cinder/cinder/volume/driver.py:820}}
Oct 06 01:27:00 datacore-PowerEdge-R740 cinder-volume[1070782]: DEBUG oslo_db.sqlalchemy.engines [None req-a24f447b-b215-49c2-af8f-05c98c0d3f9a None None] MySQL server mode set to STRICT_TRANS_TABLES,STRICT_ALL_TABLES,NO_ZERO_IN_DATE,NO_ZERO_DATE,ERROR_FOR_DIVISION_BY_ZERO,TRADITIONAL,NO_ENGINE_SUBSTITUTION {{(pid=1070782) _check_effective_sql_mode /usr/local/lib/python3.8/dist-packages/oslo_db/sqlalchemy/engines.py:314}}
Oct 06 01:27:00 datacore-PowerEdge-R740 cinder-volume[1070782]: DEBUG dbcounter [-] [1070782] Writer thread running {{(pid=1070782) stat_writer /usr/local/lib/python3.8/dist-packages/dbcounter.py:99}}
Oct 06 01:27:00 datacore-PowerEdge-R740 cinder-volume[1070782]: DEBUG cinder.db.sqlalchemy.api [None req-a24f447b-b215-49c2-af8f-05c98c0d3f9a None None] Building query based on filter {{(pid=1070782) _process_snaps_filters /opt/stack/cinder/cinder/db/sqlalchemy/api.py:3156}}
Oct 06 01:27:00 datacore-PowerEdge-R740 cinder-volume[1070782]: DEBUG cinder.image.image_utils [None req-a24f447b-b215-49c2-af8f-05c98c0d3f9a None None] Configuration image_conversion_dir is None or the path doesn't exist. {{(pid=1070782) cleanup_temporary_file /opt/stack/cinder/cinder/image/image_utils.py:955}}
Oct 06 01:27:00 datacore-PowerEdge-R740 cinder-volume[1070782]: DEBUG cinder.volume.drivers.lvm [None req-a24f447b-b215-49c2-af8f-05c98c0d3f9a None None] Updating volume stats {{(pid=1070782) _update_volume_stats /opt/stack/cinder/cinder/volume/drivers/lvm.py:213}}
Oct 06 01:27:00 datacore-PowerEdge-R740 cinder-volume[1070782]: DEBUG oslo_concurrency.processutils [None req-a24f447b-b215-49c2-af8f-05c98c0d3f9a None None] Running cmd (subprocess): sudo cinder-rootwrap /etc/cinder/rootwrap.conf env LC_ALL=C vgs --noheadings --unit=g -o name,size,free,lv_count,uuid --separator : --nosuffix stack-volumes-lvmdriver-1 {{(pid=1070782) execute /usr/local/lib/python3.8/dist-packages/oslo_concurrency/processutils.py:384}}
Oct 06 01:27:00 datacore-PowerEdge-R740 sudo[1071142]:    stack : TTY=unknown ; PWD=/ ; USER=root ; COMMAND=/usr/local/bin/cinder-rootwrap /etc/cinder/rootwrap.conf env LC_ALL=C vgs --noheadings --unit=g -o name,size,free,lv_count,uuid --separator : --nosuffix stack-volumes-lvmdriver-1
Oct 06 01:27:00 datacore-PowerEdge-R740 sudo[1071142]: pam_unix(sudo:session): session opened for user root by (uid=0)
Oct 06 01:27:00 datacore-PowerEdge-R740 cinder-volume[1070782]: INFO cinder.keymgr.migration [None req-cd1cc569-9aed-46c5-9639-f32891f4af22 None None] Not migrating encryption keys because the ConfKeyManager is still in use.
Oct 06 01:27:01 datacore-PowerEdge-R740 sudo[1071142]: pam_unix(sudo:session): session closed for user root
Oct 06 01:27:01 datacore-PowerEdge-R740 cinder-volume[1070782]: DEBUG oslo_concurrency.processutils [None req-a24f447b-b215-49c2-af8f-05c98c0d3f9a None None] CMD "sudo cinder-rootwrap /etc/cinder/rootwrap.conf env LC_ALL=C vgs --noheadings --unit=g -o name,size,free,lv_count,uuid --separator : --nosuffix stack-volumes-lvmdriver-1" returned: 0 in 0.679s {{(pid=1070782) execute /usr/local/lib/python3.8/dist-packages/oslo_concurrency/processutils.py:422}}
Oct 06 01:27:01 datacore-PowerEdge-R740 cinder-volume[1070782]: DEBUG oslo_concurrency.processutils [None req-a24f447b-b215-49c2-af8f-05c98c0d3f9a None None] Running cmd (subprocess): sudo cinder-rootwrap /etc/cinder/rootwrap.conf env LC_ALL=C lvs --noheadings --unit=g -o vg_name,name,size --nosuffix --readonly stack-volumes-lvmdriver-1 {{(pid=1070782) execute /usr/local/lib/python3.8/dist-packages/oslo_concurrency/processutils.py:384}}
Oct 06 01:27:01 datacore-PowerEdge-R740 sudo[1071162]:    stack : TTY=unknown ; PWD=/ ; USER=root ; COMMAND=/usr/local/bin/cinder-rootwrap /etc/cinder/rootwrap.conf env LC_ALL=C lvs --noheadings --unit=g -o vg_name,name,size --nosuffix --readonly stack-volumes-lvmdriver-1
Oct 06 01:27:01 datacore-PowerEdge-R740 sudo[1071162]: pam_unix(sudo:session): session opened for user root by (uid=0)
Oct 06 01:27:01 datacore-PowerEdge-R740 sudo[1071162]: pam_unix(sudo:session): session closed for user root
Oct 06 01:27:01 datacore-PowerEdge-R740 cinder-volume[1070782]: DEBUG oslo_concurrency.processutils [None req-a24f447b-b215-49c2-af8f-05c98c0d3f9a None None] CMD "sudo cinder-rootwrap /etc/cinder/rootwrap.conf env LC_ALL=C lvs --noheadings --unit=g -o vg_name,name,size --nosuffix --readonly stack-volumes-lvmdriver-1" returned: 0 in 0.664s {{(pid=1070782) execute /usr/local/lib/python3.8/dist-packages/oslo_concurrency/processutils.py:422}}
Oct 06 01:27:01 datacore-PowerEdge-R740 cinder-volume[1070782]: DEBUG oslo_concurrency.processutils [None req-a24f447b-b215-49c2-af8f-05c98c0d3f9a None None] Running cmd (subprocess): sudo cinder-rootwrap /etc/cinder/rootwrap.conf env LC_ALL=C lvs --noheadings --unit=g -o size,data_percent --separator : --nosuffix /dev/stack-volumes-lvmdriver-1/stack-volumes-lvmdriver-1-pool {{(pid=1070782) execute /usr/local/lib/python3.8/dist-packages/oslo_concurrency/processutils.py:384}}
Oct 06 01:27:01 datacore-PowerEdge-R740 sudo[1071167]:    stack : TTY=unknown ; PWD=/ ; USER=root ; COMMAND=/usr/local/bin/cinder-rootwrap /etc/cinder/rootwrap.conf env LC_ALL=C lvs --noheadings --unit=g -o size,data_percent --separator : --nosuffix /dev/stack-volumes-lvmdriver-1/stack-volumes-lvmdriver-1-pool
Oct 06 01:27:01 datacore-PowerEdge-R740 sudo[1071167]: pam_unix(sudo:session): session opened for user root by (uid=0)
Oct 06 01:27:02 datacore-PowerEdge-R740 sudo[1071167]: pam_unix(sudo:session): session closed for user root
Oct 06 01:27:02 datacore-PowerEdge-R740 cinder-volume[1070782]: DEBUG oslo_concurrency.processutils [None req-a24f447b-b215-49c2-af8f-05c98c0d3f9a None None] CMD "sudo cinder-rootwrap /etc/cinder/rootwrap.conf env LC_ALL=C lvs --noheadings --unit=g -o size,data_percent --separator : --nosuffix /dev/stack-volumes-lvmdriver-1/stack-volumes-lvmdriver-1-pool" returned: 0 in 0.656s {{(pid=1070782) execute /usr/local/lib/python3.8/dist-packages/oslo_concurrency/processutils.py:422}}
Oct 06 01:27:02 datacore-PowerEdge-R740 cinder-volume[1070782]: DEBUG oslo_concurrency.processutils [None req-a24f447b-b215-49c2-af8f-05c98c0d3f9a None None] Running cmd (subprocess): sudo cinder-rootwrap /etc/cinder/rootwrap.conf env LC_ALL=C lvs --noheadings --unit=g -o vg_name,name,size --nosuffix --readonly stack-volumes-lvmdriver-1 {{(pid=1070782) execute /usr/local/lib/python3.8/dist-packages/oslo_concurrency/processutils.py:384}}
Oct 06 01:27:02 datacore-PowerEdge-R740 sudo[1071173]:    stack : TTY=unknown ; PWD=/ ; USER=root ; COMMAND=/usr/local/bin/cinder-rootwrap /etc/cinder/rootwrap.conf env LC_ALL=C lvs --noheadings --unit=g -o vg_name,name,size --nosuffix --readonly stack-volumes-lvmdriver-1
Oct 06 01:27:02 datacore-PowerEdge-R740 sudo[1071173]: pam_unix(sudo:session): session opened for user root by (uid=0)
