-- Logs begin at Wed 2022-06-29 03:48:12 IST, end at Wed 2022-06-29 07:56:09 IST. --
Jun 29 07:54:48 datacore-PowerEdge-R740 systemd[1]: Started Devstack devstack@c-vol.service.
Jun 29 07:54:50 datacore-PowerEdge-R740 cinder-volume[211220]: DEBUG oslo_concurrency.lockutils [-] Acquired lock "singleton_lock" {{(pid=211220) lock /usr/local/lib/python3.8/dist-packages/oslo_concurrency/lockutils.py:294}}
Jun 29 07:54:50 datacore-PowerEdge-R740 cinder-volume[211220]: DEBUG oslo_concurrency.lockutils [-] Releasing lock "singleton_lock" {{(pid=211220) lock /usr/local/lib/python3.8/dist-packages/oslo_concurrency/lockutils.py:312}}
Jun 29 07:54:51 datacore-PowerEdge-R740 cinder-volume[211220]: INFO dbcounter [None req-c22a4a22-7599-4799-9bcc-998ecf904fc9 None None] Registered counter for database cinder
Jun 29 07:54:51 datacore-PowerEdge-R740 cinder-volume[211220]: DEBUG oslo_db.sqlalchemy.engines [None req-c22a4a22-7599-4799-9bcc-998ecf904fc9 None None] MySQL server mode set to STRICT_TRANS_TABLES,STRICT_ALL_TABLES,NO_ZERO_IN_DATE,NO_ZERO_DATE,ERROR_FOR_DIVISION_BY_ZERO,TRADITIONAL,NO_ENGINE_SUBSTITUTION {{(pid=211220) _check_effective_sql_mode /usr/local/lib/python3.8/dist-packages/oslo_db/sqlalchemy/engines.py:314}}
Jun 29 07:54:51 datacore-PowerEdge-R740 cinder-volume[211220]: DEBUG dbcounter [-] [211220] Writer thread running {{(pid=211220) stat_writer /usr/local/lib/python3.8/dist-packages/dbcounter.py:99}}
Jun 29 07:54:51 datacore-PowerEdge-R740 cinder-volume[211220]: INFO cinder.rpc [None req-c22a4a22-7599-4799-9bcc-998ecf904fc9 None None] Automatically selected cinder-scheduler objects version 1.39 as minimum service version.
Jun 29 07:54:51 datacore-PowerEdge-R740 cinder-volume[211220]: INFO cinder.rpc [None req-c22a4a22-7599-4799-9bcc-998ecf904fc9 None None] Automatically selected cinder-scheduler RPC version 3.12 as minimum service version.
Jun 29 07:54:51 datacore-PowerEdge-R740 cinder-volume[211220]: DEBUG oslo_db.sqlalchemy.engines [None req-c22a4a22-7599-4799-9bcc-998ecf904fc9 None None] MySQL server mode set to STRICT_TRANS_TABLES,STRICT_ALL_TABLES,NO_ZERO_IN_DATE,NO_ZERO_DATE,ERROR_FOR_DIVISION_BY_ZERO,TRADITIONAL,NO_ENGINE_SUBSTITUTION {{(pid=211220) _check_effective_sql_mode /usr/local/lib/python3.8/dist-packages/oslo_db/sqlalchemy/engines.py:314}}
Jun 29 07:54:51 datacore-PowerEdge-R740 cinder-volume[211220]: INFO cinder.volume.manager [None req-c22a4a22-7599-4799-9bcc-998ecf904fc9 None None] Determined volume DB was empty at startup.
Jun 29 07:54:51 datacore-PowerEdge-R740 cinder-volume[211220]: DEBUG cinder.volume.manager [None req-c22a4a22-7599-4799-9bcc-998ecf904fc9 None None] Cinder Volume DB check: vol_db_empty=True {{(pid=211220) __init__ /opt/stack/cinder/cinder/volume/manager.py:290}}
Jun 29 07:54:51 datacore-PowerEdge-R740 cinder-volume[211220]: WARNING stevedore.named [None req-c22a4a22-7599-4799-9bcc-998ecf904fc9 None None] Could not load cinder.keymgr.conf_key_mgr.ConfKeyManager
Jun 29 07:54:51 datacore-PowerEdge-R740 cinder-volume[211220]: WARNING castellan.key_manager [None req-c22a4a22-7599-4799-9bcc-998ecf904fc9 None None] Deprecation Warning : cinder.keymgr.conf_key_mgr.ConfKeyManager is not a stevedore based driver, trying to load it as a class: stevedore.exception.NoMatches: No 'castellan.drivers' driver found, looking for 'cinder.keymgr.conf_key_mgr.ConfKeyManager'
Jun 29 07:54:51 datacore-PowerEdge-R740 cinder-volume[211220]: WARNING cinder.keymgr.conf_key_mgr [None req-c22a4a22-7599-4799-9bcc-998ecf904fc9 None None] This key manager is insecure and is not recommended for production deployments: stevedore.exception.NoMatches: No 'castellan.drivers' driver found, looking for 'cinder.keymgr.conf_key_mgr.ConfKeyManager'
Jun 29 07:54:51 datacore-PowerEdge-R740 cinder-volume[211220]: ERROR cinder.cmd.volume [None req-c22a4a22-7599-4799-9bcc-998ecf904fc9 None None] Volume service hostgroup@datacore_iscsi1 failed to start.: ModuleNotFoundError: No module named 'cinder.volume.drivers.datacore.iscsi'
Jun 29 07:54:51 datacore-PowerEdge-R740 cinder-volume[211220]: ERROR cinder.cmd.volume Traceback (most recent call last):
Jun 29 07:54:51 datacore-PowerEdge-R740 cinder-volume[211220]: ERROR cinder.cmd.volume   File "/opt/stack/cinder/cinder/cmd/volume.py", line 99, in _launch_service
Jun 29 07:54:51 datacore-PowerEdge-R740 cinder-volume[211220]: ERROR cinder.cmd.volume     server = service.Service.create(host=host,
Jun 29 07:54:51 datacore-PowerEdge-R740 cinder-volume[211220]: ERROR cinder.cmd.volume   File "/opt/stack/cinder/cinder/service.py", line 394, in create
Jun 29 07:54:51 datacore-PowerEdge-R740 cinder-volume[211220]: ERROR cinder.cmd.volume     service_obj = cls(host, binary, topic, manager,
Jun 29 07:54:51 datacore-PowerEdge-R740 cinder-volume[211220]: ERROR cinder.cmd.volume   File "/opt/stack/cinder/cinder/service.py", line 152, in __init__
Jun 29 07:54:51 datacore-PowerEdge-R740 cinder-volume[211220]: ERROR cinder.cmd.volume     self.manager = manager_class(host=self.host,
Jun 29 07:54:51 datacore-PowerEdge-R740 cinder-volume[211220]: ERROR cinder.cmd.volume   File "/opt/stack/cinder/cinder/volume/manager.py", line 313, in __init__
Jun 29 07:54:51 datacore-PowerEdge-R740 cinder-volume[211220]: ERROR cinder.cmd.volume     self.driver = importutils.import_object(
Jun 29 07:54:51 datacore-PowerEdge-R740 cinder-volume[211220]: ERROR cinder.cmd.volume   File "/usr/local/lib/python3.8/dist-packages/oslo_utils/importutils.py", line 44, in import_object
Jun 29 07:54:51 datacore-PowerEdge-R740 cinder-volume[211220]: ERROR cinder.cmd.volume     return import_class(import_str)(*args, **kwargs)
Jun 29 07:54:51 datacore-PowerEdge-R740 cinder-volume[211220]: ERROR cinder.cmd.volume   File "/usr/local/lib/python3.8/dist-packages/oslo_utils/importutils.py", line 30, in import_class
Jun 29 07:54:51 datacore-PowerEdge-R740 cinder-volume[211220]: ERROR cinder.cmd.volume     __import__(mod_str)
Jun 29 07:54:51 datacore-PowerEdge-R740 cinder-volume[211220]: ERROR cinder.cmd.volume ModuleNotFoundError: No module named 'cinder.volume.drivers.datacore.iscsi'
Jun 29 07:54:51 datacore-PowerEdge-R740 cinder-volume[211220]: ERROR cinder.cmd.volume 
Jun 29 07:54:51 datacore-PowerEdge-R740 cinder-volume[211220]: ERROR cinder.cmd.volume [None req-c22a4a22-7599-4799-9bcc-998ecf904fc9 None None] No volume service(s) started successfully, terminating.
Jun 29 07:54:51 datacore-PowerEdge-R740 cinder-volume[211220]: /usr/lib/python3/dist-packages/secretstorage/dhcrypto.py:15: CryptographyDeprecationWarning: int_from_bytes is deprecated, use int.from_bytes instead
Jun 29 07:54:51 datacore-PowerEdge-R740 cinder-volume[211220]:   from cryptography.utils import int_from_bytes
Jun 29 07:54:51 datacore-PowerEdge-R740 cinder-volume[211220]: /usr/lib/python3/dist-packages/secretstorage/util.py:19: CryptographyDeprecationWarning: int_from_bytes is deprecated, use int.from_bytes instead
Jun 29 07:54:51 datacore-PowerEdge-R740 cinder-volume[211220]:   from cryptography.utils import int_from_bytes
Jun 29 07:54:51 datacore-PowerEdge-R740 cinder-volume[211220]: /opt/stack/cinder/cinder/db/sqlalchemy/models.py:152: SAWarning: implicitly coercing SELECT object to scalar subquery; please use the .scalar_subquery() method to produce a scalar subquery.
Jun 29 07:54:51 datacore-PowerEdge-R740 cinder-volume[211220]:   last_heartbeat = column_property(
Jun 29 07:54:51 datacore-PowerEdge-R740 cinder-volume[211220]: /opt/stack/cinder/cinder/db/sqlalchemy/models.py:160: SAWarning: implicitly coercing SELECT object to scalar subquery; please use the .scalar_subquery() method to produce a scalar subquery.
Jun 29 07:54:51 datacore-PowerEdge-R740 cinder-volume[211220]:   num_hosts = column_property(
Jun 29 07:54:51 datacore-PowerEdge-R740 cinder-volume[211220]: /opt/stack/cinder/cinder/db/sqlalchemy/models.py:169: SAWarning: implicitly coercing SELECT object to scalar subquery; please use the .scalar_subquery() method to produce a scalar subquery.
Jun 29 07:54:51 datacore-PowerEdge-R740 cinder-volume[211220]:   num_down_hosts = column_property(
Jun 29 07:54:52 datacore-PowerEdge-R740 systemd[1]: devstack@c-vol.service: Main process exited, code=exited, status=1/FAILURE
Jun 29 07:54:52 datacore-PowerEdge-R740 systemd[1]: devstack@c-vol.service: Failed with result 'exit-code'.
Jun 29 07:55:07 datacore-PowerEdge-R740 systemd[1]: Started Devstack devstack@c-vol.service.
Jun 29 07:55:09 datacore-PowerEdge-R740 cinder-volume[211939]: DEBUG oslo_concurrency.lockutils [-] Acquired lock "singleton_lock" {{(pid=211939) lock /usr/local/lib/python3.8/dist-packages/oslo_concurrency/lockutils.py:294}}
Jun 29 07:55:09 datacore-PowerEdge-R740 cinder-volume[211939]: DEBUG oslo_concurrency.lockutils [-] Releasing lock "singleton_lock" {{(pid=211939) lock /usr/local/lib/python3.8/dist-packages/oslo_concurrency/lockutils.py:312}}
Jun 29 07:55:09 datacore-PowerEdge-R740 cinder-volume[211939]: INFO dbcounter [None req-b947720e-685e-4c60-b335-2c2b4913d183 None None] Registered counter for database cinder
Jun 29 07:55:09 datacore-PowerEdge-R740 cinder-volume[211939]: DEBUG oslo_db.sqlalchemy.engines [None req-b947720e-685e-4c60-b335-2c2b4913d183 None None] MySQL server mode set to STRICT_TRANS_TABLES,STRICT_ALL_TABLES,NO_ZERO_IN_DATE,NO_ZERO_DATE,ERROR_FOR_DIVISION_BY_ZERO,TRADITIONAL,NO_ENGINE_SUBSTITUTION {{(pid=211939) _check_effective_sql_mode /usr/local/lib/python3.8/dist-packages/oslo_db/sqlalchemy/engines.py:314}}
Jun 29 07:55:09 datacore-PowerEdge-R740 cinder-volume[211939]: DEBUG dbcounter [-] [211939] Writer thread running {{(pid=211939) stat_writer /usr/local/lib/python3.8/dist-packages/dbcounter.py:99}}
Jun 29 07:55:09 datacore-PowerEdge-R740 cinder-volume[211939]: INFO cinder.rpc [None req-b947720e-685e-4c60-b335-2c2b4913d183 None None] Automatically selected cinder-scheduler objects version 1.39 as minimum service version.
Jun 29 07:55:09 datacore-PowerEdge-R740 cinder-volume[211939]: INFO cinder.rpc [None req-b947720e-685e-4c60-b335-2c2b4913d183 None None] Automatically selected cinder-scheduler RPC version 3.12 as minimum service version.
Jun 29 07:55:09 datacore-PowerEdge-R740 cinder-volume[211939]: DEBUG oslo_db.sqlalchemy.engines [None req-b947720e-685e-4c60-b335-2c2b4913d183 None None] MySQL server mode set to STRICT_TRANS_TABLES,STRICT_ALL_TABLES,NO_ZERO_IN_DATE,NO_ZERO_DATE,ERROR_FOR_DIVISION_BY_ZERO,TRADITIONAL,NO_ENGINE_SUBSTITUTION {{(pid=211939) _check_effective_sql_mode /usr/local/lib/python3.8/dist-packages/oslo_db/sqlalchemy/engines.py:314}}
Jun 29 07:55:10 datacore-PowerEdge-R740 cinder-volume[211939]: INFO cinder.volume.manager [None req-b947720e-685e-4c60-b335-2c2b4913d183 None None] Determined volume DB was empty at startup.
Jun 29 07:55:10 datacore-PowerEdge-R740 cinder-volume[211939]: DEBUG cinder.volume.manager [None req-b947720e-685e-4c60-b335-2c2b4913d183 None None] Cinder Volume DB check: vol_db_empty=True {{(pid=211939) __init__ /opt/stack/cinder/cinder/volume/manager.py:290}}
Jun 29 07:55:10 datacore-PowerEdge-R740 cinder-volume[211939]: WARNING stevedore.named [None req-b947720e-685e-4c60-b335-2c2b4913d183 None None] Could not load cinder.keymgr.conf_key_mgr.ConfKeyManager
Jun 29 07:55:10 datacore-PowerEdge-R740 cinder-volume[211939]: WARNING castellan.key_manager [None req-b947720e-685e-4c60-b335-2c2b4913d183 None None] Deprecation Warning : cinder.keymgr.conf_key_mgr.ConfKeyManager is not a stevedore based driver, trying to load it as a class: stevedore.exception.NoMatches: No 'castellan.drivers' driver found, looking for 'cinder.keymgr.conf_key_mgr.ConfKeyManager'
Jun 29 07:55:10 datacore-PowerEdge-R740 cinder-volume[211939]: WARNING cinder.keymgr.conf_key_mgr [None req-b947720e-685e-4c60-b335-2c2b4913d183 None None] This key manager is insecure and is not recommended for production deployments: stevedore.exception.NoMatches: No 'castellan.drivers' driver found, looking for 'cinder.keymgr.conf_key_mgr.ConfKeyManager'
Jun 29 07:55:10 datacore-PowerEdge-R740 cinder-volume[211939]: ERROR cinder.cmd.volume [None req-b947720e-685e-4c60-b335-2c2b4913d183 None None] Volume service hostgroup@datacore_iscsi1 failed to start.: ModuleNotFoundError: No module named 'cinder.volume.drivers.datacore.iscsi'
Jun 29 07:55:10 datacore-PowerEdge-R740 cinder-volume[211939]: ERROR cinder.cmd.volume Traceback (most recent call last):
Jun 29 07:55:10 datacore-PowerEdge-R740 cinder-volume[211939]: ERROR cinder.cmd.volume   File "/opt/stack/cinder/cinder/cmd/volume.py", line 99, in _launch_service
Jun 29 07:55:10 datacore-PowerEdge-R740 cinder-volume[211939]: ERROR cinder.cmd.volume     server = service.Service.create(host=host,
Jun 29 07:55:10 datacore-PowerEdge-R740 cinder-volume[211939]: ERROR cinder.cmd.volume   File "/opt/stack/cinder/cinder/service.py", line 394, in create
Jun 29 07:55:10 datacore-PowerEdge-R740 cinder-volume[211939]: ERROR cinder.cmd.volume     service_obj = cls(host, binary, topic, manager,
Jun 29 07:55:10 datacore-PowerEdge-R740 cinder-volume[211939]: ERROR cinder.cmd.volume   File "/opt/stack/cinder/cinder/service.py", line 152, in __init__
Jun 29 07:55:10 datacore-PowerEdge-R740 cinder-volume[211939]: ERROR cinder.cmd.volume     self.manager = manager_class(host=self.host,
Jun 29 07:55:10 datacore-PowerEdge-R740 cinder-volume[211939]: ERROR cinder.cmd.volume   File "/opt/stack/cinder/cinder/volume/manager.py", line 313, in __init__
Jun 29 07:55:10 datacore-PowerEdge-R740 cinder-volume[211939]: ERROR cinder.cmd.volume     self.driver = importutils.import_object(
Jun 29 07:55:10 datacore-PowerEdge-R740 cinder-volume[211939]: ERROR cinder.cmd.volume   File "/usr/local/lib/python3.8/dist-packages/oslo_utils/importutils.py", line 44, in import_object
Jun 29 07:55:10 datacore-PowerEdge-R740 cinder-volume[211939]: ERROR cinder.cmd.volume     return import_class(import_str)(*args, **kwargs)
Jun 29 07:55:10 datacore-PowerEdge-R740 cinder-volume[211939]: ERROR cinder.cmd.volume   File "/usr/local/lib/python3.8/dist-packages/oslo_utils/importutils.py", line 30, in import_class
Jun 29 07:55:10 datacore-PowerEdge-R740 cinder-volume[211939]: ERROR cinder.cmd.volume     __import__(mod_str)
Jun 29 07:55:10 datacore-PowerEdge-R740 cinder-volume[211939]: ERROR cinder.cmd.volume ModuleNotFoundError: No module named 'cinder.volume.drivers.datacore.iscsi'
Jun 29 07:55:10 datacore-PowerEdge-R740 cinder-volume[211939]: ERROR cinder.cmd.volume 
Jun 29 07:55:10 datacore-PowerEdge-R740 cinder-volume[211939]: ERROR cinder.cmd.volume [None req-b947720e-685e-4c60-b335-2c2b4913d183 None None] No volume service(s) started successfully, terminating.
Jun 29 07:55:10 datacore-PowerEdge-R740 cinder-volume[211939]: /usr/lib/python3/dist-packages/secretstorage/dhcrypto.py:15: CryptographyDeprecationWarning: int_from_bytes is deprecated, use int.from_bytes instead
Jun 29 07:55:10 datacore-PowerEdge-R740 cinder-volume[211939]:   from cryptography.utils import int_from_bytes
Jun 29 07:55:10 datacore-PowerEdge-R740 cinder-volume[211939]: /usr/lib/python3/dist-packages/secretstorage/util.py:19: CryptographyDeprecationWarning: int_from_bytes is deprecated, use int.from_bytes instead
Jun 29 07:55:10 datacore-PowerEdge-R740 cinder-volume[211939]:   from cryptography.utils import int_from_bytes
Jun 29 07:55:10 datacore-PowerEdge-R740 cinder-volume[211939]: /opt/stack/cinder/cinder/db/sqlalchemy/models.py:152: SAWarning: implicitly coercing SELECT object to scalar subquery; please use the .scalar_subquery() method to produce a scalar subquery.
Jun 29 07:55:10 datacore-PowerEdge-R740 cinder-volume[211939]:   last_heartbeat = column_property(
Jun 29 07:55:10 datacore-PowerEdge-R740 cinder-volume[211939]: /opt/stack/cinder/cinder/db/sqlalchemy/models.py:160: SAWarning: implicitly coercing SELECT object to scalar subquery; please use the .scalar_subquery() method to produce a scalar subquery.
Jun 29 07:55:10 datacore-PowerEdge-R740 cinder-volume[211939]:   num_hosts = column_property(
Jun 29 07:55:10 datacore-PowerEdge-R740 cinder-volume[211939]: /opt/stack/cinder/cinder/db/sqlalchemy/models.py:169: SAWarning: implicitly coercing SELECT object to scalar subquery; please use the .scalar_subquery() method to produce a scalar subquery.
Jun 29 07:55:10 datacore-PowerEdge-R740 cinder-volume[211939]:   num_down_hosts = column_property(
Jun 29 07:55:10 datacore-PowerEdge-R740 systemd[1]: devstack@c-vol.service: Main process exited, code=exited, status=1/FAILURE
Jun 29 07:55:10 datacore-PowerEdge-R740 systemd[1]: devstack@c-vol.service: Failed with result 'exit-code'.
