Source the openrc file
WARNING: setting legacy OS_TENANT_NAME to support cli tools.
Patch Details: GERRIT_CHANGE_NUMBER: 846842 GERRIT_PATCHSET_NUMBER: 6 GERRIT_REFSPEC: refs/changes/42/846842/6
Fetching latest cinder patch
Waiting for patchset. FROM_JENKINS: 1
Switched to branch 'master'
Your branch is up to date with 'origin/master'.
git checkout cinder master Success
From https://opendev.org/openstack/cinder
   031f10ce9..db95ad277  master     -> origin/master
Updating 031f10ce9..db95ad277
Fast-forward
 cinder/backup/manager.py                           |  6 +-
 cinder/tests/fixtures.py                           | 81 +++++++++++++++++++++-
 cinder/tests/unit/backup/test_backup.py            |  6 +-
 .../volume/drivers/dell_emc/unity/test_adapter.py  |  4 +-
 .../drivers/netapp/dataontap/client/test_api.py    |  9 +--
 .../volume/drivers/solidfire/test_solidfire.py     | 30 --------
 cinder/tests/unit/volume/drivers/test_kaminario.py |  2 +
 cinder/volume/drivers/dell_emc/unity/adapter.py    |  4 +-
 cinder/volume/drivers/ibm/flashsystem_common.py    |  4 +-
 .../volume/drivers/kaminario/kaminario_common.py   |  8 ++-
 .../volume/drivers/netapp/dataontap/client/api.py  |  2 +-
 cinder/volume/drivers/solidfire.py                 | 33 ---------
 cinder/volume/flows/manager/create_volume.py       |  9 ++-
 ...th-issue-in-netapp-driver-e92eaa431d6fcbac.yaml |  7 ++
 .../use-multipath-everywhere-3707593eebdaf9eb.yaml | 14 ++++
 tox.ini                                            | 26 ++++---
 16 files changed, 152 insertions(+), 93 deletions(-)
 create mode 100644 releasenotes/notes/bug-1914639-fix-chap-auth-issue-in-netapp-driver-e92eaa431d6fcbac.yaml
 create mode 100644 releasenotes/notes/use-multipath-everywhere-3707593eebdaf9eb.yaml
git pull Success
changeBranch: change-846842-6
From https://opendev.org/openstack/cinder
 * [new ref]             refs/changes/42/846842/6 -> change-846842-6
git fetch origin refs/changes/42/846842/6:change-846842-6 Success
Switched to branch 'change-846842-6'
git checkout change-846842-6 Success
From https://opendev.org/openstack/tempest
   04de8ab3f..c3d76bdf5  master     -> origin/master
Updating 04de8ab3f..c3d76bdf5
Fast-forward
 tempest/lib/common/rest_client.py            | 13 +++++++++++--
 tempest/tests/lib/common/test_rest_client.py | 20 ++++++++++++++++++++
 2 files changed, 31 insertions(+), 2 deletions(-)
checkout patchset [ PASSED ]
Updating tempest config
WARNING: setting legacy OS_TENANT_NAME to support cli tools.
/usr/lib/python3/dist-packages/secretstorage/dhcrypto.py:15: CryptographyDeprecationWarning: int_from_bytes is deprecated, use int.from_bytes instead
  from cryptography.utils import int_from_bytes
/usr/lib/python3/dist-packages/secretstorage/util.py:19: CryptographyDeprecationWarning: int_from_bytes is deprecated, use int.from_bytes instead
  from cryptography.utils import int_from_bytes
/usr/lib/python3/dist-packages/secretstorage/dhcrypto.py:15: CryptographyDeprecationWarning: int_from_bytes is deprecated, use int.from_bytes instead
  from cryptography.utils import int_from_bytes
/usr/lib/python3/dist-packages/secretstorage/util.py:19: CryptographyDeprecationWarning: int_from_bytes is deprecated, use int.from_bytes instead
  from cryptography.utils import int_from_bytes
Clearing logs
/tmp/ci-result-1656469139407
Starting iSCSI Test configuration
Updating cinder.conf with iSCSI driver details [ PASSED ]
Restarting devstack services
Cinder volume service [ FAILED ]
Already up to date.
Updating cinder-tempest-logs repo [ PASSED ]
