-- Logs begin at Wed 2022-08-24 22:33:56 IST, end at Wed 2022-08-24 22:35:11 IST. --
Aug 24 22:33:57 datacore-PowerEdge-R740 sudo[1681496]: pam_unix(sudo:session): session closed for user root
Aug 24 22:33:57 datacore-PowerEdge-R740 cinder-volume[1681378]: DEBUG oslo_concurrency.processutils [None req-f3b34127-6dc0-4059-bc50-304c59eb935c None None] CMD "sudo cinder-rootwrap /etc/cinder/rootwrap.conf env LC_ALL=C pvs --noheadings --unit=g -o vg_name,name,size,free --separator | --nosuffix --ignoreskippedcluster" returned: 0 in 1.130s {{(pid=1681378) execute /usr/local/lib/python3.8/dist-packages/oslo_concurrency/processutils.py:422}}
Aug 24 22:33:57 datacore-PowerEdge-R740 cinder-volume[1681378]: DEBUG oslo_concurrency.processutils [None req-f3b34127-6dc0-4059-bc50-304c59eb935c None None] Running cmd (subprocess): sudo cinder-rootwrap /etc/cinder/rootwrap.conf env LC_ALL=C vgs --noheadings --unit=g -o name,size,free,lv_count,uuid --separator : --nosuffix stack-volumes-lvmdriver-1 {{(pid=1681378) execute /usr/local/lib/python3.8/dist-packages/oslo_concurrency/processutils.py:384}}
Aug 24 22:33:57 datacore-PowerEdge-R740 sudo[1681611]:    stack : TTY=unknown ; PWD=/ ; USER=root ; COMMAND=/usr/local/bin/cinder-rootwrap /etc/cinder/rootwrap.conf env LC_ALL=C vgs --noheadings --unit=g -o name,size,free,lv_count,uuid --separator : --nosuffix stack-volumes-lvmdriver-1
Aug 24 22:33:57 datacore-PowerEdge-R740 sudo[1681611]: pam_unix(sudo:session): session opened for user root by (uid=0)
Aug 24 22:33:58 datacore-PowerEdge-R740 sudo[1681611]: pam_unix(sudo:session): session closed for user root
Aug 24 22:33:58 datacore-PowerEdge-R740 cinder-volume[1681378]: DEBUG oslo_concurrency.processutils [None req-f3b34127-6dc0-4059-bc50-304c59eb935c None None] CMD "sudo cinder-rootwrap /etc/cinder/rootwrap.conf env LC_ALL=C vgs --noheadings --unit=g -o name,size,free,lv_count,uuid --separator : --nosuffix stack-volumes-lvmdriver-1" returned: 0 in 0.863s {{(pid=1681378) execute /usr/local/lib/python3.8/dist-packages/oslo_concurrency/processutils.py:422}}
Aug 24 22:33:58 datacore-PowerEdge-R740 cinder-volume[1681378]: DEBUG oslo_concurrency.processutils [None req-f3b34127-6dc0-4059-bc50-304c59eb935c None None] Running cmd (subprocess): sudo cinder-rootwrap /etc/cinder/rootwrap.conf env LC_ALL=C vgs --noheadings --unit=g -o name,size,free,lv_count,uuid --separator : --nosuffix stack-volumes-lvmdriver-1 {{(pid=1681378) execute /usr/local/lib/python3.8/dist-packages/oslo_concurrency/processutils.py:384}}
Aug 24 22:33:58 datacore-PowerEdge-R740 sudo[1681717]:    stack : TTY=unknown ; PWD=/ ; USER=root ; COMMAND=/usr/local/bin/cinder-rootwrap /etc/cinder/rootwrap.conf env LC_ALL=C vgs --noheadings --unit=g -o name,size,free,lv_count,uuid --separator : --nosuffix stack-volumes-lvmdriver-1
Aug 24 22:33:58 datacore-PowerEdge-R740 sudo[1681717]: pam_unix(sudo:session): session opened for user root by (uid=0)
Aug 24 22:33:58 datacore-PowerEdge-R740 sudo[1681717]: pam_unix(sudo:session): session closed for user root
Aug 24 22:33:58 datacore-PowerEdge-R740 cinder-volume[1681378]: DEBUG oslo_concurrency.processutils [None req-f3b34127-6dc0-4059-bc50-304c59eb935c None None] CMD "sudo cinder-rootwrap /etc/cinder/rootwrap.conf env LC_ALL=C vgs --noheadings --unit=g -o name,size,free,lv_count,uuid --separator : --nosuffix stack-volumes-lvmdriver-1" returned: 0 in 0.642s {{(pid=1681378) execute /usr/local/lib/python3.8/dist-packages/oslo_concurrency/processutils.py:422}}
Aug 24 22:33:58 datacore-PowerEdge-R740 cinder-volume[1681378]: DEBUG oslo_concurrency.processutils [None req-f3b34127-6dc0-4059-bc50-304c59eb935c None None] Running cmd (subprocess): sudo cinder-rootwrap /etc/cinder/rootwrap.conf env LC_ALL=C lvs --noheadings --unit=g -o vg_name,name,size --nosuffix --readonly stack-volumes-lvmdriver-1 {{(pid=1681378) execute /usr/local/lib/python3.8/dist-packages/oslo_concurrency/processutils.py:384}}
Aug 24 22:33:58 datacore-PowerEdge-R740 sudo[1681723]:    stack : TTY=unknown ; PWD=/ ; USER=root ; COMMAND=/usr/local/bin/cinder-rootwrap /etc/cinder/rootwrap.conf env LC_ALL=C lvs --noheadings --unit=g -o vg_name,name,size --nosuffix --readonly stack-volumes-lvmdriver-1
Aug 24 22:33:58 datacore-PowerEdge-R740 sudo[1681723]: pam_unix(sudo:session): session opened for user root by (uid=0)
Aug 24 22:33:59 datacore-PowerEdge-R740 sudo[1681723]: pam_unix(sudo:session): session closed for user root
Aug 24 22:33:59 datacore-PowerEdge-R740 cinder-volume[1681378]: DEBUG oslo_concurrency.processutils [None req-f3b34127-6dc0-4059-bc50-304c59eb935c None None] CMD "sudo cinder-rootwrap /etc/cinder/rootwrap.conf env LC_ALL=C lvs --noheadings --unit=g -o vg_name,name,size --nosuffix --readonly stack-volumes-lvmdriver-1" returned: 0 in 0.637s {{(pid=1681378) execute /usr/local/lib/python3.8/dist-packages/oslo_concurrency/processutils.py:422}}
Aug 24 22:33:59 datacore-PowerEdge-R740 cinder-volume[1681378]: DEBUG oslo_concurrency.processutils [None req-f3b34127-6dc0-4059-bc50-304c59eb935c None None] Running cmd (subprocess): sudo cinder-rootwrap /etc/cinder/rootwrap.conf env LC_ALL=C lvs --noheadings --unit=g -o size,data_percent --separator : --nosuffix /dev/stack-volumes-lvmdriver-1/stack-volumes-lvmdriver-1-pool {{(pid=1681378) execute /usr/local/lib/python3.8/dist-packages/oslo_concurrency/processutils.py:384}}
Aug 24 22:33:59 datacore-PowerEdge-R740 sudo[1681733]:    stack : TTY=unknown ; PWD=/ ; USER=root ; COMMAND=/usr/local/bin/cinder-rootwrap /etc/cinder/rootwrap.conf env LC_ALL=C lvs --noheadings --unit=g -o size,data_percent --separator : --nosuffix /dev/stack-volumes-lvmdriver-1/stack-volumes-lvmdriver-1-pool
Aug 24 22:33:59 datacore-PowerEdge-R740 sudo[1681733]: pam_unix(sudo:session): session opened for user root by (uid=0)
Aug 24 22:34:00 datacore-PowerEdge-R740 sudo[1681733]: pam_unix(sudo:session): session closed for user root
Aug 24 22:34:00 datacore-PowerEdge-R740 cinder-volume[1681378]: DEBUG oslo_concurrency.processutils [None req-f3b34127-6dc0-4059-bc50-304c59eb935c None None] CMD "sudo cinder-rootwrap /etc/cinder/rootwrap.conf env LC_ALL=C lvs --noheadings --unit=g -o size,data_percent --separator : --nosuffix /dev/stack-volumes-lvmdriver-1/stack-volumes-lvmdriver-1-pool" returned: 0 in 0.627s {{(pid=1681378) execute /usr/local/lib/python3.8/dist-packages/oslo_concurrency/processutils.py:422}}
Aug 24 22:34:00 datacore-PowerEdge-R740 cinder-volume[1681378]: DEBUG oslo_concurrency.processutils [None req-f3b34127-6dc0-4059-bc50-304c59eb935c None None] Running cmd (subprocess): env LC_ALL=C lvm version {{(pid=1681378) execute /usr/local/lib/python3.8/dist-packages/oslo_concurrency/processutils.py:384}}
Aug 24 22:34:00 datacore-PowerEdge-R740 cinder-volume[1681378]: DEBUG oslo_concurrency.processutils [None req-f3b34127-6dc0-4059-bc50-304c59eb935c None None] CMD "env LC_ALL=C lvm version" returned: 0 in 0.018s {{(pid=1681378) execute /usr/local/lib/python3.8/dist-packages/oslo_concurrency/processutils.py:422}}
Aug 24 22:34:00 datacore-PowerEdge-R740 cinder-volume[1681378]: DEBUG oslo_concurrency.processutils [None req-f3b34127-6dc0-4059-bc50-304c59eb935c None None] Running cmd (subprocess): sudo cinder-rootwrap /etc/cinder/rootwrap.conf env LC_ALL=C lvs --noheadings --unit=g -o vg_name,name,size --nosuffix --readonly stack-volumes-lvmdriver-1/stack-volumes-lvmdriver-1-pool {{(pid=1681378) execute /usr/local/lib/python3.8/dist-packages/oslo_concurrency/processutils.py:384}}
Aug 24 22:34:00 datacore-PowerEdge-R740 sudo[1681840]:    stack : TTY=unknown ; PWD=/ ; USER=root ; COMMAND=/usr/local/bin/cinder-rootwrap /etc/cinder/rootwrap.conf env LC_ALL=C lvs --noheadings --unit=g -o vg_name,name,size --nosuffix --readonly stack-volumes-lvmdriver-1/stack-volumes-lvmdriver-1-pool
Aug 24 22:34:00 datacore-PowerEdge-R740 sudo[1681840]: pam_unix(sudo:session): session opened for user root by (uid=0)
Aug 24 22:34:00 datacore-PowerEdge-R740 sudo[1681840]: pam_unix(sudo:session): session closed for user root
Aug 24 22:34:00 datacore-PowerEdge-R740 cinder-volume[1681378]: DEBUG oslo_concurrency.processutils [None req-f3b34127-6dc0-4059-bc50-304c59eb935c None None] CMD "sudo cinder-rootwrap /etc/cinder/rootwrap.conf env LC_ALL=C lvs --noheadings --unit=g -o vg_name,name,size --nosuffix --readonly stack-volumes-lvmdriver-1/stack-volumes-lvmdriver-1-pool" returned: 0 in 0.612s {{(pid=1681378) execute /usr/local/lib/python3.8/dist-packages/oslo_concurrency/processutils.py:422}}
Aug 24 22:34:00 datacore-PowerEdge-R740 cinder-volume[1681378]: INFO cinder.volume.drivers.lvm [None req-f3b34127-6dc0-4059-bc50-304c59eb935c None None] Enabling LVM thin provisioning by default because a thin pool exists.
Aug 24 22:34:00 datacore-PowerEdge-R740 cinder-volume[1681378]: DEBUG oslo_concurrency.processutils [None req-f3b34127-6dc0-4059-bc50-304c59eb935c None None] Running cmd (subprocess): env LC_ALL=C lvm version {{(pid=1681378) execute /usr/local/lib/python3.8/dist-packages/oslo_concurrency/processutils.py:384}}
Aug 24 22:34:00 datacore-PowerEdge-R740 cinder-volume[1681378]: DEBUG oslo_concurrency.processutils [None req-f3b34127-6dc0-4059-bc50-304c59eb935c None None] CMD "env LC_ALL=C lvm version" returned: 0 in 0.020s {{(pid=1681378) execute /usr/local/lib/python3.8/dist-packages/oslo_concurrency/processutils.py:422}}
Aug 24 22:34:00 datacore-PowerEdge-R740 cinder-volume[1681378]: DEBUG oslo_concurrency.processutils [None req-f3b34127-6dc0-4059-bc50-304c59eb935c None None] Running cmd (subprocess): sudo cinder-rootwrap /etc/cinder/rootwrap.conf env LC_ALL=C lvs --noheadings --unit=g -o vg_name,name,size --nosuffix --readonly stack-volumes-lvmdriver-1/stack-volumes-lvmdriver-1-pool {{(pid=1681378) execute /usr/local/lib/python3.8/dist-packages/oslo_concurrency/processutils.py:384}}
Aug 24 22:34:00 datacore-PowerEdge-R740 sudo[1681845]:    stack : TTY=unknown ; PWD=/ ; USER=root ; COMMAND=/usr/local/bin/cinder-rootwrap /etc/cinder/rootwrap.conf env LC_ALL=C lvs --noheadings --unit=g -o vg_name,name,size --nosuffix --readonly stack-volumes-lvmdriver-1/stack-volumes-lvmdriver-1-pool
Aug 24 22:34:00 datacore-PowerEdge-R740 sudo[1681845]: pam_unix(sudo:session): session opened for user root by (uid=0)
Aug 24 22:34:01 datacore-PowerEdge-R740 sudo[1681845]: pam_unix(sudo:session): session closed for user root
Aug 24 22:34:01 datacore-PowerEdge-R740 cinder-volume[1681378]: DEBUG oslo_concurrency.processutils [None req-f3b34127-6dc0-4059-bc50-304c59eb935c None None] CMD "sudo cinder-rootwrap /etc/cinder/rootwrap.conf env LC_ALL=C lvs --noheadings --unit=g -o vg_name,name,size --nosuffix --readonly stack-volumes-lvmdriver-1/stack-volumes-lvmdriver-1-pool" returned: 0 in 0.623s {{(pid=1681378) execute /usr/local/lib/python3.8/dist-packages/oslo_concurrency/processutils.py:422}}
Aug 24 22:34:01 datacore-PowerEdge-R740 cinder-volume[1681378]: DEBUG cinder.volume.drivers.lvm [None req-f3b34127-6dc0-4059-bc50-304c59eb935c None None] Updating volume stats {{(pid=1681378) _update_volume_stats /opt/stack/cinder/cinder/volume/drivers/lvm.py:213}}
Aug 24 22:34:01 datacore-PowerEdge-R740 cinder-volume[1681378]: DEBUG oslo_concurrency.processutils [None req-f3b34127-6dc0-4059-bc50-304c59eb935c None None] Running cmd (subprocess): sudo cinder-rootwrap /etc/cinder/rootwrap.conf env LC_ALL=C vgs --noheadings --unit=g -o name,size,free,lv_count,uuid --separator : --nosuffix stack-volumes-lvmdriver-1 {{(pid=1681378) execute /usr/local/lib/python3.8/dist-packages/oslo_concurrency/processutils.py:384}}
Aug 24 22:34:01 datacore-PowerEdge-R740 sudo[1681862]:    stack : TTY=unknown ; PWD=/ ; USER=root ; COMMAND=/usr/local/bin/cinder-rootwrap /etc/cinder/rootwrap.conf env LC_ALL=C vgs --noheadings --unit=g -o name,size,free,lv_count,uuid --separator : --nosuffix stack-volumes-lvmdriver-1
Aug 24 22:34:01 datacore-PowerEdge-R740 sudo[1681862]: pam_unix(sudo:session): session opened for user root by (uid=0)
Aug 24 22:34:01 datacore-PowerEdge-R740 sudo[1681862]: pam_unix(sudo:session): session closed for user root
Aug 24 22:34:01 datacore-PowerEdge-R740 cinder-volume[1681378]: DEBUG oslo_concurrency.processutils [None req-f3b34127-6dc0-4059-bc50-304c59eb935c None None] CMD "sudo cinder-rootwrap /etc/cinder/rootwrap.conf env LC_ALL=C vgs --noheadings --unit=g -o name,size,free,lv_count,uuid --separator : --nosuffix stack-volumes-lvmdriver-1" returned: 0 in 0.628s {{(pid=1681378) execute /usr/local/lib/python3.8/dist-packages/oslo_concurrency/processutils.py:422}}
Aug 24 22:34:01 datacore-PowerEdge-R740 cinder-volume[1681378]: DEBUG oslo_concurrency.processutils [None req-f3b34127-6dc0-4059-bc50-304c59eb935c None None] Running cmd (subprocess): sudo cinder-rootwrap /etc/cinder/rootwrap.conf env LC_ALL=C lvs --noheadings --unit=g -o vg_name,name,size --nosuffix --readonly stack-volumes-lvmdriver-1 {{(pid=1681378) execute /usr/local/lib/python3.8/dist-packages/oslo_concurrency/processutils.py:384}}
Aug 24 22:34:01 datacore-PowerEdge-R740 sudo[1681866]:    stack : TTY=unknown ; PWD=/ ; USER=root ; COMMAND=/usr/local/bin/cinder-rootwrap /etc/cinder/rootwrap.conf env LC_ALL=C lvs --noheadings --unit=g -o vg_name,name,size --nosuffix --readonly stack-volumes-lvmdriver-1
Aug 24 22:34:01 datacore-PowerEdge-R740 sudo[1681866]: pam_unix(sudo:session): session opened for user root by (uid=0)
Aug 24 22:34:02 datacore-PowerEdge-R740 sudo[1681866]: pam_unix(sudo:session): session closed for user root
Aug 24 22:34:02 datacore-PowerEdge-R740 cinder-volume[1681378]: DEBUG oslo_concurrency.processutils [None req-f3b34127-6dc0-4059-bc50-304c59eb935c None None] CMD "sudo cinder-rootwrap /etc/cinder/rootwrap.conf env LC_ALL=C lvs --noheadings --unit=g -o vg_name,name,size --nosuffix --readonly stack-volumes-lvmdriver-1" returned: 0 in 0.633s {{(pid=1681378) execute /usr/local/lib/python3.8/dist-packages/oslo_concurrency/processutils.py:422}}
Aug 24 22:34:02 datacore-PowerEdge-R740 cinder-volume[1681378]: DEBUG oslo_concurrency.processutils [None req-f3b34127-6dc0-4059-bc50-304c59eb935c None None] Running cmd (subprocess): sudo cinder-rootwrap /etc/cinder/rootwrap.conf env LC_ALL=C lvs --noheadings --unit=g -o size,data_percent --separator : --nosuffix /dev/stack-volumes-lvmdriver-1/stack-volumes-lvmdriver-1-pool {{(pid=1681378) execute /usr/local/lib/python3.8/dist-packages/oslo_concurrency/processutils.py:384}}
Aug 24 22:34:02 datacore-PowerEdge-R740 cinder-volume[1681158]: DEBUG dbcounter [-] [1681158] Writing DB stats cinder:SELECT=16,cinder:UPDATE=1 {{(pid=1681158) stat_writer /usr/local/lib/python3.8/dist-packages/dbcounter.py:114}}
Aug 24 22:34:02 datacore-PowerEdge-R740 sudo[1681874]:    stack : TTY=unknown ; PWD=/ ; USER=root ; COMMAND=/usr/local/bin/cinder-rootwrap /etc/cinder/rootwrap.conf env LC_ALL=C lvs --noheadings --unit=g -o size,data_percent --separator : --nosuffix /dev/stack-volumes-lvmdriver-1/stack-volumes-lvmdriver-1-pool
Aug 24 22:34:02 datacore-PowerEdge-R740 sudo[1681874]: pam_unix(sudo:session): session opened for user root by (uid=0)
Aug 24 22:34:03 datacore-PowerEdge-R740 sudo[1681874]: pam_unix(sudo:session): session closed for user root
Aug 24 22:34:03 datacore-PowerEdge-R740 cinder-volume[1681378]: DEBUG oslo_concurrency.processutils [None req-f3b34127-6dc0-4059-bc50-304c59eb935c None None] CMD "sudo cinder-rootwrap /etc/cinder/rootwrap.conf env LC_ALL=C lvs --noheadings --unit=g -o size,data_percent --separator : --nosuffix /dev/stack-volumes-lvmdriver-1/stack-volumes-lvmdriver-1-pool" returned: 0 in 0.658s {{(pid=1681378) execute /usr/local/lib/python3.8/dist-packages/oslo_concurrency/processutils.py:422}}
Aug 24 22:34:03 datacore-PowerEdge-R740 cinder-volume[1681378]: DEBUG oslo_concurrency.processutils [None req-f3b34127-6dc0-4059-bc50-304c59eb935c None None] Running cmd (subprocess): sudo cinder-rootwrap /etc/cinder/rootwrap.conf env LC_ALL=C lvs --noheadings --unit=g -o vg_name,name,size --nosuffix --readonly stack-volumes-lvmdriver-1 {{(pid=1681378) execute /usr/local/lib/python3.8/dist-packages/oslo_concurrency/processutils.py:384}}
Aug 24 22:34:03 datacore-PowerEdge-R740 sudo[1681886]:    stack : TTY=unknown ; PWD=/ ; USER=root ; COMMAND=/usr/local/bin/cinder-rootwrap /etc/cinder/rootwrap.conf env LC_ALL=C lvs --noheadings --unit=g -o vg_name,name,size --nosuffix --readonly stack-volumes-lvmdriver-1
Aug 24 22:34:03 datacore-PowerEdge-R740 sudo[1681886]: pam_unix(sudo:session): session opened for user root by (uid=0)
Aug 24 22:34:03 datacore-PowerEdge-R740 sudo[1681886]: pam_unix(sudo:session): session closed for user root
Aug 24 22:34:03 datacore-PowerEdge-R740 cinder-volume[1681378]: DEBUG oslo_concurrency.processutils [None req-f3b34127-6dc0-4059-bc50-304c59eb935c None None] CMD "sudo cinder-rootwrap /etc/cinder/rootwrap.conf env LC_ALL=C lvs --noheadings --unit=g -o vg_name,name,size --nosuffix --readonly stack-volumes-lvmdriver-1" returned: 0 in 0.650s {{(pid=1681378) execute /usr/local/lib/python3.8/dist-packages/oslo_concurrency/processutils.py:422}}
Aug 24 22:34:03 datacore-PowerEdge-R740 cinder-volume[1681378]: INFO cinder.volume.driver [None req-f3b34127-6dc0-4059-bc50-304c59eb935c None None] Driver hasn't implemented _init_vendor_properties()
Aug 24 22:34:03 datacore-PowerEdge-R740 cinder-volume[1681378]: DEBUG cinder.volume.driver [None req-f3b34127-6dc0-4059-bc50-304c59eb935c None None] Initialized capabilities list: {'volume_backend_name': 'lvmdriver-1', 'vendor_name': 'Open Source', 'driver_version': '3.0.0', 'storage_protocol': 'iSCSI', 'pools': [{'pool_name': 'lvmdriver-1', 'total_capacity_gb': 28.5, 'free_capacity_gb': 28.5, 'reserved_percentage': 0, 'location_info': 'LVMVolumeDriver:datacore-PowerEdge-R740:stack-volumes-lvmdriver-1:thin:0', 'QoS_support': False, 'provisioned_capacity_gb': 0.0, 'max_over_subscription_ratio': '20.0', 'thin_provisioning_support': True, 'thick_provisioning_support': False, 'total_volumes': 1, 'filter_function': None, 'goodness_function': None, 'multiattach': True, 'backend_state': 'up'}], 'shared_targets': False, 'sparse_copy_volume': True, 'properties': {'thin_provisioning': {'title': 'Thin Provisioning', 'description': 'Sets thin provisioning.', 'type': 'boolean'}, 'compression': {'title': 'Compression', 'description': 'Enables compression.', 'type': 'boolean'}, 'qos': {'title': 'QoS', 'description': 'Enables QoS.', 'type': 'boolean'}, 'replication_enabled': {'title': 'Replication', 'description': 'Enables replication.', 'type': 'boolean'}}}. {{(pid=1681378) init_capabilities /opt/stack/cinder/cinder/volume/driver.py:812}}
Aug 24 22:34:03 datacore-PowerEdge-R740 cinder-volume[1681378]: DEBUG oslo_db.sqlalchemy.engines [None req-f3b34127-6dc0-4059-bc50-304c59eb935c None None] MySQL server mode set to STRICT_TRANS_TABLES,STRICT_ALL_TABLES,NO_ZERO_IN_DATE,NO_ZERO_DATE,ERROR_FOR_DIVISION_BY_ZERO,TRADITIONAL,NO_ENGINE_SUBSTITUTION {{(pid=1681378) _check_effective_sql_mode /usr/local/lib/python3.8/dist-packages/oslo_db/sqlalchemy/engines.py:314}}
Aug 24 22:34:03 datacore-PowerEdge-R740 cinder-volume[1681378]: DEBUG dbcounter [-] [1681378] Writer thread running {{(pid=1681378) stat_writer /usr/local/lib/python3.8/dist-packages/dbcounter.py:99}}
Aug 24 22:34:03 datacore-PowerEdge-R740 cinder-volume[1681378]: DEBUG cinder.db.sqlalchemy.api [None req-f3b34127-6dc0-4059-bc50-304c59eb935c None None] Building query based on filter {{(pid=1681378) _process_snaps_filters /opt/stack/cinder/cinder/db/sqlalchemy/api.py:3878}}
Aug 24 22:34:03 datacore-PowerEdge-R740 cinder-volume[1681378]: DEBUG cinder.image.image_utils [None req-f3b34127-6dc0-4059-bc50-304c59eb935c None None] Configuration image_conversion_dir is None or the path doesn't exist. {{(pid=1681378) cleanup_temporary_file /opt/stack/cinder/cinder/image/image_utils.py:991}}
Aug 24 22:34:03 datacore-PowerEdge-R740 cinder-volume[1681378]: DEBUG cinder.volume.drivers.lvm [None req-f3b34127-6dc0-4059-bc50-304c59eb935c None None] Updating volume stats {{(pid=1681378) _update_volume_stats /opt/stack/cinder/cinder/volume/drivers/lvm.py:213}}
Aug 24 22:34:03 datacore-PowerEdge-R740 cinder-volume[1681378]: DEBUG oslo_concurrency.processutils [None req-f3b34127-6dc0-4059-bc50-304c59eb935c None None] Running cmd (subprocess): sudo cinder-rootwrap /etc/cinder/rootwrap.conf env LC_ALL=C vgs --noheadings --unit=g -o name,size,free,lv_count,uuid --separator : --nosuffix stack-volumes-lvmdriver-1 {{(pid=1681378) execute /usr/local/lib/python3.8/dist-packages/oslo_concurrency/processutils.py:384}}
Aug 24 22:34:03 datacore-PowerEdge-R740 cinder-volume[1681378]: INFO cinder.keymgr.migration [None req-6ab51d70-98fd-4247-98c5-9a011720a777 None None] Not migrating encryption keys because the ConfKeyManager is still in use.
Aug 24 22:34:03 datacore-PowerEdge-R740 sudo[1681896]:    stack : TTY=unknown ; PWD=/ ; USER=root ; COMMAND=/usr/local/bin/cinder-rootwrap /etc/cinder/rootwrap.conf env LC_ALL=C vgs --noheadings --unit=g -o name,size,free,lv_count,uuid --separator : --nosuffix stack-volumes-lvmdriver-1
Aug 24 22:34:03 datacore-PowerEdge-R740 sudo[1681896]: pam_unix(sudo:session): session opened for user root by (uid=0)
Aug 24 22:34:04 datacore-PowerEdge-R740 sudo[1681896]: pam_unix(sudo:session): session closed for user root
Aug 24 22:34:04 datacore-PowerEdge-R740 cinder-volume[1681378]: DEBUG oslo_concurrency.processutils [None req-f3b34127-6dc0-4059-bc50-304c59eb935c None None] CMD "sudo cinder-rootwrap /etc/cinder/rootwrap.conf env LC_ALL=C vgs --noheadings --unit=g -o name,size,free,lv_count,uuid --separator : --nosuffix stack-volumes-lvmdriver-1" returned: 0 in 0.657s {{(pid=1681378) execute /usr/local/lib/python3.8/dist-packages/oslo_concurrency/processutils.py:422}}
Aug 24 22:34:04 datacore-PowerEdge-R740 cinder-volume[1681378]: DEBUG oslo_concurrency.processutils [None req-f3b34127-6dc0-4059-bc50-304c59eb935c None None] Running cmd (subprocess): sudo cinder-rootwrap /etc/cinder/rootwrap.conf env LC_ALL=C lvs --noheadings --unit=g -o vg_name,name,size --nosuffix --readonly stack-volumes-lvmdriver-1 {{(pid=1681378) execute /usr/local/lib/python3.8/dist-packages/oslo_concurrency/processutils.py:384}}
Aug 24 22:34:04 datacore-PowerEdge-R740 sudo[1681904]:    stack : TTY=unknown ; PWD=/ ; USER=root ; COMMAND=/usr/local/bin/cinder-rootwrap /etc/cinder/rootwrap.conf env LC_ALL=C lvs --noheadings --unit=g -o vg_name,name,size --nosuffix --readonly stack-volumes-lvmdriver-1
Aug 24 22:34:04 datacore-PowerEdge-R740 sudo[1681904]: pam_unix(sudo:session): session opened for user root by (uid=0)
Aug 24 22:34:05 datacore-PowerEdge-R740 sudo[1681904]: pam_unix(sudo:session): session closed for user root
Aug 24 22:34:05 datacore-PowerEdge-R740 cinder-volume[1681378]: DEBUG oslo_concurrency.processutils [None req-f3b34127-6dc0-4059-bc50-304c59eb935c None None] CMD "sudo cinder-rootwrap /etc/cinder/rootwrap.conf env LC_ALL=C lvs --noheadings --unit=g -o vg_name,name,size --nosuffix --readonly stack-volumes-lvmdriver-1" returned: 0 in 0.670s {{(pid=1681378) execute /usr/local/lib/python3.8/dist-packages/oslo_concurrency/processutils.py:422}}
Aug 24 22:34:05 datacore-PowerEdge-R740 cinder-volume[1681378]: DEBUG oslo_concurrency.processutils [None req-f3b34127-6dc0-4059-bc50-304c59eb935c None None] Running cmd (subprocess): sudo cinder-rootwrap /etc/cinder/rootwrap.conf env LC_ALL=C lvs --noheadings --unit=g -o size,data_percent --separator : --nosuffix /dev/stack-volumes-lvmdriver-1/stack-volumes-lvmdriver-1-pool {{(pid=1681378) execute /usr/local/lib/python3.8/dist-packages/oslo_concurrency/processutils.py:384}}
Aug 24 22:34:05 datacore-PowerEdge-R740 sudo[1681924]:    stack : TTY=unknown ; PWD=/ ; USER=root ; COMMAND=/usr/local/bin/cinder-rootwrap /etc/cinder/rootwrap.conf env LC_ALL=C lvs --noheadings --unit=g -o size,data_percent --separator : --nosuffix /dev/stack-volumes-lvmdriver-1/stack-volumes-lvmdriver-1-pool
Aug 24 22:34:05 datacore-PowerEdge-R740 sudo[1681924]: pam_unix(sudo:session): session opened for user root by (uid=0)
Aug 24 22:34:05 datacore-PowerEdge-R740 sudo[1681924]: pam_unix(sudo:session): session closed for user root
Aug 24 22:34:05 datacore-PowerEdge-R740 cinder-volume[1681378]: DEBUG oslo_concurrency.processutils [None req-f3b34127-6dc0-4059-bc50-304c59eb935c None None] CMD "sudo cinder-rootwrap /etc/cinder/rootwrap.conf env LC_ALL=C lvs --noheadings --unit=g -o size,data_percent --separator : --nosuffix /dev/stack-volumes-lvmdriver-1/stack-volumes-lvmdriver-1-pool" returned: 0 in 0.649s {{(pid=1681378) execute /usr/local/lib/python3.8/dist-packages/oslo_concurrency/processutils.py:422}}
Aug 24 22:34:05 datacore-PowerEdge-R740 cinder-volume[1681378]: DEBUG oslo_concurrency.processutils [None req-f3b34127-6dc0-4059-bc50-304c59eb935c None None] Running cmd (subprocess): sudo cinder-rootwrap /etc/cinder/rootwrap.conf env LC_ALL=C lvs --noheadings --unit=g -o vg_name,name,size --nosuffix --readonly stack-volumes-lvmdriver-1 {{(pid=1681378) execute /usr/local/lib/python3.8/dist-packages/oslo_concurrency/processutils.py:384}}
Aug 24 22:34:05 datacore-PowerEdge-R740 sudo[1681931]:    stack : TTY=unknown ; PWD=/ ; USER=root ; COMMAND=/usr/local/bin/cinder-rootwrap /etc/cinder/rootwrap.conf env LC_ALL=C lvs --noheadings --unit=g -o vg_name,name,size --nosuffix --readonly stack-volumes-lvmdriver-1
Aug 24 22:34:05 datacore-PowerEdge-R740 sudo[1681931]: pam_unix(sudo:session): session opened for user root by (uid=0)
Aug 24 22:34:06 datacore-PowerEdge-R740 sudo[1681931]: pam_unix(sudo:session): session closed for user root
Aug 24 22:34:06 datacore-PowerEdge-R740 cinder-volume[1681378]: DEBUG oslo_concurrency.processutils [None req-f3b34127-6dc0-4059-bc50-304c59eb935c None None] CMD "sudo cinder-rootwrap /etc/cinder/rootwrap.conf env LC_ALL=C lvs --noheadings --unit=g -o vg_name,name,size --nosuffix --readonly stack-volumes-lvmdriver-1" returned: 0 in 0.622s {{(pid=1681378) execute /usr/local/lib/python3.8/dist-packages/oslo_concurrency/processutils.py:422}}
Aug 24 22:34:06 datacore-PowerEdge-R740 cinder-volume[1681378]: DEBUG cinder.manager [None req-f3b34127-6dc0-4059-bc50-304c59eb935c None None] Notifying Schedulers of capabilities ... {{(pid=1681378) _publish_service_capabilities /opt/stack/cinder/cinder/manager.py:202}}
Aug 24 22:34:06 datacore-PowerEdge-R740 cinder-volume[1681378]: INFO cinder.volume.manager [None req-f3b34127-6dc0-4059-bc50-304c59eb935c None None] Driver initialization completed successfully.
Aug 24 22:34:06 datacore-PowerEdge-R740 cinder-volume[1681378]: INFO cinder.manager [None req-f3b34127-6dc0-4059-bc50-304c59eb935c None None] Initiating service 2 cleanup
Aug 24 22:34:06 datacore-PowerEdge-R740 cinder-volume[1681378]: INFO cinder.manager [None req-f3b34127-6dc0-4059-bc50-304c59eb935c None None] Service 2 cleanup completed.
Aug 24 22:34:06 datacore-PowerEdge-R740 cinder-volume[1681378]: DEBUG cinder.service [None req-f3b34127-6dc0-4059-bc50-304c59eb935c None None] Creating RPC server for service cinder-volume {{(pid=1681378) start /opt/stack/cinder/cinder/service.py:231}}
Aug 24 22:34:06 datacore-PowerEdge-R740 cinder-volume[1681378]: DEBUG cinder.service [None req-f3b34127-6dc0-4059-bc50-304c59eb935c None None] Pinning object versions for RPC server serializer to 1.39 {{(pid=1681378) start /opt/stack/cinder/cinder/service.py:237}}
Aug 24 22:34:06 datacore-PowerEdge-R740 cinder-volume[1681378]: INFO cinder.volume.manager [None req-f3b34127-6dc0-4059-bc50-304c59eb935c None None] Initializing RPC dependent components of volume driver LVMVolumeDriver (3.0.0)
Aug 24 22:34:06 datacore-PowerEdge-R740 cinder-volume[1681378]: DEBUG cinder.volume.drivers.lvm [None req-f3b34127-6dc0-4059-bc50-304c59eb935c None None] Updating volume stats {{(pid=1681378) _update_volume_stats /opt/stack/cinder/cinder/volume/drivers/lvm.py:213}}
Aug 24 22:34:06 datacore-PowerEdge-R740 cinder-volume[1681378]: DEBUG oslo_concurrency.processutils [None req-f3b34127-6dc0-4059-bc50-304c59eb935c None None] Running cmd (subprocess): sudo cinder-rootwrap /etc/cinder/rootwrap.conf env LC_ALL=C vgs --noheadings --unit=g -o name,size,free,lv_count,uuid --separator : --nosuffix stack-volumes-lvmdriver-1 {{(pid=1681378) execute /usr/local/lib/python3.8/dist-packages/oslo_concurrency/processutils.py:384}}
Aug 24 22:34:06 datacore-PowerEdge-R740 sudo[1681941]:    stack : TTY=unknown ; PWD=/ ; USER=root ; COMMAND=/usr/local/bin/cinder-rootwrap /etc/cinder/rootwrap.conf env LC_ALL=C vgs --noheadings --unit=g -o name,size,free,lv_count,uuid --separator : --nosuffix stack-volumes-lvmdriver-1
Aug 24 22:34:06 datacore-PowerEdge-R740 sudo[1681941]: pam_unix(sudo:session): session opened for user root by (uid=0)
Aug 24 22:34:07 datacore-PowerEdge-R740 sudo[1681941]: pam_unix(sudo:session): session closed for user root
Aug 24 22:34:07 datacore-PowerEdge-R740 cinder-volume[1681378]: DEBUG oslo_concurrency.processutils [None req-f3b34127-6dc0-4059-bc50-304c59eb935c None None] CMD "sudo cinder-rootwrap /etc/cinder/rootwrap.conf env LC_ALL=C vgs --noheadings --unit=g -o name,size,free,lv_count,uuid --separator : --nosuffix stack-volumes-lvmdriver-1" returned: 0 in 0.667s {{(pid=1681378) execute /usr/local/lib/python3.8/dist-packages/oslo_concurrency/processutils.py:422}}
Aug 24 22:34:07 datacore-PowerEdge-R740 cinder-volume[1681378]: DEBUG oslo_concurrency.processutils [None req-f3b34127-6dc0-4059-bc50-304c59eb935c None None] Running cmd (subprocess): sudo cinder-rootwrap /etc/cinder/rootwrap.conf env LC_ALL=C lvs --noheadings --unit=g -o vg_name,name,size --nosuffix --readonly stack-volumes-lvmdriver-1 {{(pid=1681378) execute /usr/local/lib/python3.8/dist-packages/oslo_concurrency/processutils.py:384}}
Aug 24 22:34:07 datacore-PowerEdge-R740 sudo[1681970]:    stack : TTY=unknown ; PWD=/ ; USER=root ; COMMAND=/usr/local/bin/cinder-rootwrap /etc/cinder/rootwrap.conf env LC_ALL=C lvs --noheadings --unit=g -o vg_name,name,size --nosuffix --readonly stack-volumes-lvmdriver-1
Aug 24 22:34:07 datacore-PowerEdge-R740 sudo[1681970]: pam_unix(sudo:session): session opened for user root by (uid=0)
Aug 24 22:34:07 datacore-PowerEdge-R740 sudo[1681970]: pam_unix(sudo:session): session closed for user root
Aug 24 22:34:07 datacore-PowerEdge-R740 cinder-volume[1681378]: DEBUG oslo_concurrency.processutils [None req-f3b34127-6dc0-4059-bc50-304c59eb935c None None] CMD "sudo cinder-rootwrap /etc/cinder/rootwrap.conf env LC_ALL=C lvs --noheadings --unit=g -o vg_name,name,size --nosuffix --readonly stack-volumes-lvmdriver-1" returned: 0 in 0.693s {{(pid=1681378) execute /usr/local/lib/python3.8/dist-packages/oslo_concurrency/processutils.py:422}}
Aug 24 22:34:07 datacore-PowerEdge-R740 cinder-volume[1681378]: DEBUG oslo_concurrency.processutils [None req-f3b34127-6dc0-4059-bc50-304c59eb935c None None] Running cmd (subprocess): sudo cinder-rootwrap /etc/cinder/rootwrap.conf env LC_ALL=C lvs --noheadings --unit=g -o size,data_percent --separator : --nosuffix /dev/stack-volumes-lvmdriver-1/stack-volumes-lvmdriver-1-pool {{(pid=1681378) execute /usr/local/lib/python3.8/dist-packages/oslo_concurrency/processutils.py:384}}
Aug 24 22:34:07 datacore-PowerEdge-R740 sudo[1681995]:    stack : TTY=unknown ; PWD=/ ; USER=root ; COMMAND=/usr/local/bin/cinder-rootwrap /etc/cinder/rootwrap.conf env LC_ALL=C lvs --noheadings --unit=g -o size,data_percent --separator : --nosuffix /dev/stack-volumes-lvmdriver-1/stack-volumes-lvmdriver-1-pool
Aug 24 22:34:07 datacore-PowerEdge-R740 sudo[1681995]: pam_unix(sudo:session): session opened for user root by (uid=0)
Aug 24 22:34:08 datacore-PowerEdge-R740 sudo[1681995]: pam_unix(sudo:session): session closed for user root
Aug 24 22:34:08 datacore-PowerEdge-R740 cinder-volume[1681378]: DEBUG oslo_concurrency.processutils [None req-f3b34127-6dc0-4059-bc50-304c59eb935c None None] CMD "sudo cinder-rootwrap /etc/cinder/rootwrap.conf env LC_ALL=C lvs --noheadings --unit=g -o size,data_percent --separator : --nosuffix /dev/stack-volumes-lvmdriver-1/stack-volumes-lvmdriver-1-pool" returned: 0 in 0.662s {{(pid=1681378) execute /usr/local/lib/python3.8/dist-packages/oslo_concurrency/processutils.py:422}}
Aug 24 22:34:08 datacore-PowerEdge-R740 cinder-volume[1681378]: DEBUG oslo_concurrency.processutils [None req-f3b34127-6dc0-4059-bc50-304c59eb935c None None] Running cmd (subprocess): sudo cinder-rootwrap /etc/cinder/rootwrap.conf env LC_ALL=C lvs --noheadings --unit=g -o vg_name,name,size --nosuffix --readonly stack-volumes-lvmdriver-1 {{(pid=1681378) execute /usr/local/lib/python3.8/dist-packages/oslo_concurrency/processutils.py:384}}
Aug 24 22:34:08 datacore-PowerEdge-R740 sudo[1682003]:    stack : TTY=unknown ; PWD=/ ; USER=root ; COMMAND=/usr/local/bin/cinder-rootwrap /etc/cinder/rootwrap.conf env LC_ALL=C lvs --noheadings --unit=g -o vg_name,name,size --nosuffix --readonly stack-volumes-lvmdriver-1
Aug 24 22:34:08 datacore-PowerEdge-R740 sudo[1682003]: pam_unix(sudo:session): session opened for user root by (uid=0)
Aug 24 22:34:09 datacore-PowerEdge-R740 sudo[1682003]: pam_unix(sudo:session): session closed for user root
Aug 24 22:34:09 datacore-PowerEdge-R740 cinder-volume[1681378]: DEBUG oslo_concurrency.processutils [None req-f3b34127-6dc0-4059-bc50-304c59eb935c None None] CMD "sudo cinder-rootwrap /etc/cinder/rootwrap.conf env LC_ALL=C lvs --noheadings --unit=g -o vg_name,name,size --nosuffix --readonly stack-volumes-lvmdriver-1" returned: 0 in 0.642s {{(pid=1681378) execute /usr/local/lib/python3.8/dist-packages/oslo_concurrency/processutils.py:422}}
Aug 24 22:34:09 datacore-PowerEdge-R740 cinder-volume[1681378]: INFO cinder.volume.manager [None req-f3b34127-6dc0-4059-bc50-304c59eb935c None None] Driver post RPC initialization completed successfully.
Aug 24 22:34:09 datacore-PowerEdge-R740 systemd[1]: Stopping Devstack devstack@c-vol.service...
Aug 24 22:34:09 datacore-PowerEdge-R740 cinder-volume[1681158]: INFO oslo_service.service [None req-a544a8cb-ab4b-4dc2-9d06-44d8bac08280 None None] Caught SIGTERM, stopping children
Aug 24 22:34:09 datacore-PowerEdge-R740 cinder-volume[1681158]: DEBUG oslo_concurrency.lockutils [None req-a544a8cb-ab4b-4dc2-9d06-44d8bac08280 None None] Acquiring lock "singleton_lock" {{(pid=1681158) lock /usr/local/lib/python3.8/dist-packages/oslo_concurrency/lockutils.py:293}}
Aug 24 22:34:09 datacore-PowerEdge-R740 cinder-volume[1681158]: DEBUG oslo_concurrency.lockutils [None req-a544a8cb-ab4b-4dc2-9d06-44d8bac08280 None None] Acquired lock "singleton_lock" {{(pid=1681158) lock /usr/local/lib/python3.8/dist-packages/oslo_concurrency/lockutils.py:296}}
Aug 24 22:34:09 datacore-PowerEdge-R740 cinder-volume[1681158]: DEBUG oslo_concurrency.lockutils [None req-a544a8cb-ab4b-4dc2-9d06-44d8bac08280 None None] Releasing lock "singleton_lock" {{(pid=1681158) lock /usr/local/lib/python3.8/dist-packages/oslo_concurrency/lockutils.py:314}}
Aug 24 22:34:09 datacore-PowerEdge-R740 cinder-volume[1681158]: DEBUG oslo_service.service [None req-a544a8cb-ab4b-4dc2-9d06-44d8bac08280 None None] Stop services. {{(pid=1681158) stop /usr/local/lib/python3.8/dist-packages/oslo_service/service.py:695}}
Aug 24 22:34:09 datacore-PowerEdge-R740 cinder-volume[1681158]: DEBUG oslo_service.service [None req-a544a8cb-ab4b-4dc2-9d06-44d8bac08280 None None] Killing children. {{(pid=1681158) stop /usr/local/lib/python3.8/dist-packages/oslo_service/service.py:700}}
Aug 24 22:34:09 datacore-PowerEdge-R740 cinder-volume[1681158]: INFO oslo_service.service [None req-a544a8cb-ab4b-4dc2-9d06-44d8bac08280 None None] Waiting on 1 children to exit
Aug 24 22:34:10 datacore-PowerEdge-R740 cinder-volume[1681378]: DEBUG oslo_concurrency.lockutils [None req-a544a8cb-ab4b-4dc2-9d06-44d8bac08280 None None] Acquiring lock "singleton_lock" {{(pid=1681378) lock /usr/local/lib/python3.8/dist-packages/oslo_concurrency/lockutils.py:293}}
Aug 24 22:34:10 datacore-PowerEdge-R740 cinder-volume[1681378]: DEBUG oslo_concurrency.lockutils [None req-a544a8cb-ab4b-4dc2-9d06-44d8bac08280 None None] Acquired lock "singleton_lock" {{(pid=1681378) lock /usr/local/lib/python3.8/dist-packages/oslo_concurrency/lockutils.py:296}}
Aug 24 22:34:10 datacore-PowerEdge-R740 cinder-volume[1681378]: DEBUG oslo_concurrency.lockutils [None req-a544a8cb-ab4b-4dc2-9d06-44d8bac08280 None None] Releasing lock "singleton_lock" {{(pid=1681378) lock /usr/local/lib/python3.8/dist-packages/oslo_concurrency/lockutils.py:314}}
Aug 24 22:34:10 datacore-PowerEdge-R740 cinder-volume[1681378]: WARNING amqp [None req-a544a8cb-ab4b-4dc2-9d06-44d8bac08280 None None] Received method (60, 30) during closing channel 1. This method will be ignored
Aug 24 22:34:10 datacore-PowerEdge-R740 cinder-volume[1681378]: WARNING amqp [None req-a544a8cb-ab4b-4dc2-9d06-44d8bac08280 None None] Received method (60, 30) during closing channel 1. This method will be ignored
Aug 24 22:34:10 datacore-PowerEdge-R740 cinder-volume[1681158]: INFO oslo_service.service [None req-a544a8cb-ab4b-4dc2-9d06-44d8bac08280 None None] Child 1681378 exited with status 0
Aug 24 22:34:10 datacore-PowerEdge-R740 cinder-volume[1681158]: /usr/lib/python3/dist-packages/secretstorage/dhcrypto.py:15: CryptographyDeprecationWarning: int_from_bytes is deprecated, use int.from_bytes instead
Aug 24 22:34:10 datacore-PowerEdge-R740 cinder-volume[1681158]:   from cryptography.utils import int_from_bytes
Aug 24 22:34:10 datacore-PowerEdge-R740 cinder-volume[1681158]: /usr/lib/python3/dist-packages/secretstorage/util.py:19: CryptographyDeprecationWarning: int_from_bytes is deprecated, use int.from_bytes instead
Aug 24 22:34:10 datacore-PowerEdge-R740 cinder-volume[1681158]:   from cryptography.utils import int_from_bytes
Aug 24 22:34:10 datacore-PowerEdge-R740 cinder-volume[1681158]: /opt/stack/cinder/cinder/db/sqlalchemy/models.py:152: SAWarning: implicitly coercing SELECT object to scalar subquery; please use the .scalar_subquery() method to produce a scalar subquery.
Aug 24 22:34:10 datacore-PowerEdge-R740 cinder-volume[1681158]:   last_heartbeat = column_property(
Aug 24 22:34:10 datacore-PowerEdge-R740 cinder-volume[1681158]: /opt/stack/cinder/cinder/db/sqlalchemy/models.py:160: SAWarning: implicitly coercing SELECT object to scalar subquery; please use the .scalar_subquery() method to produce a scalar subquery.
Aug 24 22:34:10 datacore-PowerEdge-R740 cinder-volume[1681158]:   num_hosts = column_property(
Aug 24 22:34:10 datacore-PowerEdge-R740 cinder-volume[1681158]: /opt/stack/cinder/cinder/db/sqlalchemy/models.py:169: SAWarning: implicitly coercing SELECT object to scalar subquery; please use the .scalar_subquery() method to produce a scalar subquery.
Aug 24 22:34:10 datacore-PowerEdge-R740 cinder-volume[1681158]:   num_down_hosts = column_property(
Aug 24 22:34:10 datacore-PowerEdge-R740 systemd[1]: devstack@c-vol.service: Succeeded.
Aug 24 22:34:10 datacore-PowerEdge-R740 systemd[1]: Stopped Devstack devstack@c-vol.service.
Aug 24 22:34:10 datacore-PowerEdge-R740 systemd[1]: Started Devstack devstack@c-vol.service.
Aug 24 22:34:12 datacore-PowerEdge-R740 cinder-volume[1682047]: DEBUG oslo_concurrency.lockutils [-] Acquiring lock "singleton_lock" {{(pid=1682047) lock /usr/local/lib/python3.8/dist-packages/oslo_concurrency/lockutils.py:293}}
Aug 24 22:34:12 datacore-PowerEdge-R740 cinder-volume[1682047]: DEBUG oslo_concurrency.lockutils [-] Acquired lock "singleton_lock" {{(pid=1682047) lock /usr/local/lib/python3.8/dist-packages/oslo_concurrency/lockutils.py:296}}
Aug 24 22:34:12 datacore-PowerEdge-R740 cinder-volume[1682047]: DEBUG oslo_concurrency.lockutils [-] Releasing lock "singleton_lock" {{(pid=1682047) lock /usr/local/lib/python3.8/dist-packages/oslo_concurrency/lockutils.py:314}}
Aug 24 22:34:12 datacore-PowerEdge-R740 cinder-volume[1682047]: INFO dbcounter [None req-a6b4ae51-8820-4811-a320-5e95d0dde7e7 None None] Registered counter for database cinder
Aug 24 22:34:12 datacore-PowerEdge-R740 cinder-volume[1682047]: DEBUG oslo_db.sqlalchemy.engines [None req-a6b4ae51-8820-4811-a320-5e95d0dde7e7 None None] MySQL server mode set to STRICT_TRANS_TABLES,STRICT_ALL_TABLES,NO_ZERO_IN_DATE,NO_ZERO_DATE,ERROR_FOR_DIVISION_BY_ZERO,TRADITIONAL,NO_ENGINE_SUBSTITUTION {{(pid=1682047) _check_effective_sql_mode /usr/local/lib/python3.8/dist-packages/oslo_db/sqlalchemy/engines.py:314}}
Aug 24 22:34:12 datacore-PowerEdge-R740 cinder-volume[1682047]: DEBUG dbcounter [-] [1682047] Writer thread running {{(pid=1682047) stat_writer /usr/local/lib/python3.8/dist-packages/dbcounter.py:99}}
Aug 24 22:34:13 datacore-PowerEdge-R740 cinder-volume[1682047]: INFO cinder.rpc [None req-a6b4ae51-8820-4811-a320-5e95d0dde7e7 None None] Automatically selected cinder-scheduler objects version 1.39 as minimum service version.
Aug 24 22:34:13 datacore-PowerEdge-R740 cinder-volume[1682047]: INFO cinder.rpc [None req-a6b4ae51-8820-4811-a320-5e95d0dde7e7 None None] Automatically selected cinder-scheduler RPC version 3.12 as minimum service version.
Aug 24 22:34:13 datacore-PowerEdge-R740 cinder-volume[1682047]: DEBUG oslo_db.sqlalchemy.engines [None req-a6b4ae51-8820-4811-a320-5e95d0dde7e7 None None] MySQL server mode set to STRICT_TRANS_TABLES,STRICT_ALL_TABLES,NO_ZERO_IN_DATE,NO_ZERO_DATE,ERROR_FOR_DIVISION_BY_ZERO,TRADITIONAL,NO_ENGINE_SUBSTITUTION {{(pid=1682047) _check_effective_sql_mode /usr/local/lib/python3.8/dist-packages/oslo_db/sqlalchemy/engines.py:314}}
Aug 24 22:34:13 datacore-PowerEdge-R740 cinder-volume[1682047]: INFO cinder.volume.manager [None req-a6b4ae51-8820-4811-a320-5e95d0dde7e7 None None] Determined volume DB was empty at startup.
Aug 24 22:34:13 datacore-PowerEdge-R740 cinder-volume[1682047]: DEBUG cinder.volume.manager [None req-a6b4ae51-8820-4811-a320-5e95d0dde7e7 None None] Cinder Volume DB check: vol_db_empty=True {{(pid=1682047) __init__ /opt/stack/cinder/cinder/volume/manager.py:290}}
Aug 24 22:34:13 datacore-PowerEdge-R740 cinder-volume[1682047]: INFO cinder.volume.manager [None req-a6b4ae51-8820-4811-a320-5e95d0dde7e7 None None] Service not found for updating active_backend_id, assuming default for driver init.
Aug 24 22:34:13 datacore-PowerEdge-R740 cinder-volume[1682047]: WARNING stevedore.named [None req-a6b4ae51-8820-4811-a320-5e95d0dde7e7 None None] Could not load cinder.keymgr.conf_key_mgr.ConfKeyManager
Aug 24 22:34:13 datacore-PowerEdge-R740 cinder-volume[1682047]: WARNING castellan.key_manager [None req-a6b4ae51-8820-4811-a320-5e95d0dde7e7 None None] Deprecation Warning : cinder.keymgr.conf_key_mgr.ConfKeyManager is not a stevedore based driver, trying to load it as a class: stevedore.exception.NoMatches: No 'castellan.drivers' driver found, looking for 'cinder.keymgr.conf_key_mgr.ConfKeyManager'
Aug 24 22:34:13 datacore-PowerEdge-R740 cinder-volume[1682047]: WARNING cinder.keymgr.conf_key_mgr [None req-a6b4ae51-8820-4811-a320-5e95d0dde7e7 None None] This key manager is insecure and is not recommended for production deployments: stevedore.exception.NoMatches: No 'castellan.drivers' driver found, looking for 'cinder.keymgr.conf_key_mgr.ConfKeyManager'
Aug 24 22:34:13 datacore-PowerEdge-R740 cinder-volume[1682047]: ERROR cinder.cmd.volume [None req-a6b4ae51-8820-4811-a320-5e95d0dde7e7 None None] Volume service hostgroup@datacore_iscsi1 failed to start.: ModuleNotFoundError: No module named 'cinder.volume.drivers.datacore.iscsi'
Aug 24 22:34:13 datacore-PowerEdge-R740 cinder-volume[1682047]: ERROR cinder.cmd.volume Traceback (most recent call last):
Aug 24 22:34:13 datacore-PowerEdge-R740 cinder-volume[1682047]: ERROR cinder.cmd.volume   File "/opt/stack/cinder/cinder/cmd/volume.py", line 99, in _launch_service
Aug 24 22:34:13 datacore-PowerEdge-R740 cinder-volume[1682047]: ERROR cinder.cmd.volume     server = service.Service.create(host=host,
Aug 24 22:34:13 datacore-PowerEdge-R740 cinder-volume[1682047]: ERROR cinder.cmd.volume   File "/opt/stack/cinder/cinder/service.py", line 394, in create
Aug 24 22:34:13 datacore-PowerEdge-R740 cinder-volume[1682047]: ERROR cinder.cmd.volume     service_obj = cls(host, binary, topic, manager,
Aug 24 22:34:13 datacore-PowerEdge-R740 cinder-volume[1682047]: ERROR cinder.cmd.volume   File "/opt/stack/cinder/cinder/service.py", line 152, in __init__
Aug 24 22:34:13 datacore-PowerEdge-R740 cinder-volume[1682047]: ERROR cinder.cmd.volume     self.manager = manager_class(host=self.host,
Aug 24 22:34:13 datacore-PowerEdge-R740 cinder-volume[1682047]: ERROR cinder.cmd.volume   File "/opt/stack/cinder/cinder/volume/manager.py", line 313, in __init__
Aug 24 22:34:13 datacore-PowerEdge-R740 cinder-volume[1682047]: ERROR cinder.cmd.volume     self.driver = importutils.import_object(
Aug 24 22:34:13 datacore-PowerEdge-R740 cinder-volume[1682047]: ERROR cinder.cmd.volume   File "/usr/local/lib/python3.8/dist-packages/oslo_utils/importutils.py", line 44, in import_object
Aug 24 22:34:13 datacore-PowerEdge-R740 cinder-volume[1682047]: ERROR cinder.cmd.volume     return import_class(import_str)(*args, **kwargs)
Aug 24 22:34:13 datacore-PowerEdge-R740 cinder-volume[1682047]: ERROR cinder.cmd.volume   File "/usr/local/lib/python3.8/dist-packages/oslo_utils/importutils.py", line 30, in import_class
Aug 24 22:34:13 datacore-PowerEdge-R740 cinder-volume[1682047]: ERROR cinder.cmd.volume     __import__(mod_str)
Aug 24 22:34:13 datacore-PowerEdge-R740 cinder-volume[1682047]: ERROR cinder.cmd.volume ModuleNotFoundError: No module named 'cinder.volume.drivers.datacore.iscsi'
Aug 24 22:34:13 datacore-PowerEdge-R740 cinder-volume[1682047]: ERROR cinder.cmd.volume 
Aug 24 22:34:13 datacore-PowerEdge-R740 cinder-volume[1682047]: ERROR cinder.cmd.volume [None req-a6b4ae51-8820-4811-a320-5e95d0dde7e7 None None] No volume service(s) started successfully, terminating.
Aug 24 22:34:13 datacore-PowerEdge-R740 cinder-volume[1682047]: /usr/lib/python3/dist-packages/secretstorage/dhcrypto.py:15: CryptographyDeprecationWarning: int_from_bytes is deprecated, use int.from_bytes instead
Aug 24 22:34:13 datacore-PowerEdge-R740 cinder-volume[1682047]:   from cryptography.utils import int_from_bytes
Aug 24 22:34:13 datacore-PowerEdge-R740 cinder-volume[1682047]: /usr/lib/python3/dist-packages/secretstorage/util.py:19: CryptographyDeprecationWarning: int_from_bytes is deprecated, use int.from_bytes instead
Aug 24 22:34:13 datacore-PowerEdge-R740 cinder-volume[1682047]:   from cryptography.utils import int_from_bytes
Aug 24 22:34:13 datacore-PowerEdge-R740 cinder-volume[1682047]: /opt/stack/cinder/cinder/db/sqlalchemy/models.py:152: SAWarning: implicitly coercing SELECT object to scalar subquery; please use the .scalar_subquery() method to produce a scalar subquery.
Aug 24 22:34:13 datacore-PowerEdge-R740 cinder-volume[1682047]:   last_heartbeat = column_property(
Aug 24 22:34:13 datacore-PowerEdge-R740 cinder-volume[1682047]: /opt/stack/cinder/cinder/db/sqlalchemy/models.py:160: SAWarning: implicitly coercing SELECT object to scalar subquery; please use the .scalar_subquery() method to produce a scalar subquery.
Aug 24 22:34:13 datacore-PowerEdge-R740 cinder-volume[1682047]:   num_hosts = column_property(
Aug 24 22:34:13 datacore-PowerEdge-R740 cinder-volume[1682047]: /opt/stack/cinder/cinder/db/sqlalchemy/models.py:169: SAWarning: implicitly coercing SELECT object to scalar subquery; please use the .scalar_subquery() method to produce a scalar subquery.
Aug 24 22:34:13 datacore-PowerEdge-R740 cinder-volume[1682047]:   num_down_hosts = column_property(
Aug 24 22:34:13 datacore-PowerEdge-R740 systemd[1]: devstack@c-vol.service: Main process exited, code=exited, status=1/FAILURE
Aug 24 22:34:13 datacore-PowerEdge-R740 systemd[1]: devstack@c-vol.service: Failed with result 'exit-code'.
