-- Logs begin at Sun 2022-06-26 06:49:52 IST, end at Sun 2022-06-26 07:48:36 IST. --
Jun 26 07:47:18 datacore-PowerEdge-R740 systemd[1]: Started Devstack devstack@c-vol.service.
Jun 26 07:47:20 datacore-PowerEdge-R740 cinder-volume[2085693]: DEBUG oslo_concurrency.lockutils [-] Acquired lock "singleton_lock" {{(pid=2085693) lock /usr/local/lib/python3.8/dist-packages/oslo_concurrency/lockutils.py:294}}
Jun 26 07:47:20 datacore-PowerEdge-R740 cinder-volume[2085693]: DEBUG oslo_concurrency.lockutils [-] Releasing lock "singleton_lock" {{(pid=2085693) lock /usr/local/lib/python3.8/dist-packages/oslo_concurrency/lockutils.py:312}}
Jun 26 07:47:20 datacore-PowerEdge-R740 cinder-volume[2085693]: INFO dbcounter [None req-c26dd591-8ec8-4d25-8fa3-af7031b06906 None None] Registered counter for database cinder
Jun 26 07:47:20 datacore-PowerEdge-R740 cinder-volume[2085693]: DEBUG oslo_db.sqlalchemy.engines [None req-c26dd591-8ec8-4d25-8fa3-af7031b06906 None None] MySQL server mode set to STRICT_TRANS_TABLES,STRICT_ALL_TABLES,NO_ZERO_IN_DATE,NO_ZERO_DATE,ERROR_FOR_DIVISION_BY_ZERO,TRADITIONAL,NO_ENGINE_SUBSTITUTION {{(pid=2085693) _check_effective_sql_mode /usr/local/lib/python3.8/dist-packages/oslo_db/sqlalchemy/engines.py:314}}
Jun 26 07:47:20 datacore-PowerEdge-R740 cinder-volume[2085693]: DEBUG dbcounter [-] [2085693] Writer thread running {{(pid=2085693) stat_writer /usr/local/lib/python3.8/dist-packages/dbcounter.py:99}}
Jun 26 07:47:21 datacore-PowerEdge-R740 cinder-volume[2085693]: INFO cinder.rpc [None req-c26dd591-8ec8-4d25-8fa3-af7031b06906 None None] Automatically selected cinder-scheduler objects version 1.39 as minimum service version.
Jun 26 07:47:21 datacore-PowerEdge-R740 cinder-volume[2085693]: INFO cinder.rpc [None req-c26dd591-8ec8-4d25-8fa3-af7031b06906 None None] Automatically selected cinder-scheduler RPC version 3.12 as minimum service version.
Jun 26 07:47:21 datacore-PowerEdge-R740 cinder-volume[2085693]: DEBUG oslo_db.sqlalchemy.engines [None req-c26dd591-8ec8-4d25-8fa3-af7031b06906 None None] MySQL server mode set to STRICT_TRANS_TABLES,STRICT_ALL_TABLES,NO_ZERO_IN_DATE,NO_ZERO_DATE,ERROR_FOR_DIVISION_BY_ZERO,TRADITIONAL,NO_ENGINE_SUBSTITUTION {{(pid=2085693) _check_effective_sql_mode /usr/local/lib/python3.8/dist-packages/oslo_db/sqlalchemy/engines.py:314}}
Jun 26 07:47:21 datacore-PowerEdge-R740 cinder-volume[2085693]: INFO cinder.volume.manager [None req-c26dd591-8ec8-4d25-8fa3-af7031b06906 None None] Determined volume DB was not empty at startup.
Jun 26 07:47:21 datacore-PowerEdge-R740 cinder-volume[2085693]: DEBUG cinder.volume.manager [None req-c26dd591-8ec8-4d25-8fa3-af7031b06906 None None] Cinder Volume DB check: vol_db_empty=False {{(pid=2085693) __init__ /opt/stack/cinder/cinder/volume/manager.py:290}}
Jun 26 07:47:21 datacore-PowerEdge-R740 cinder-volume[2085693]: WARNING stevedore.named [None req-c26dd591-8ec8-4d25-8fa3-af7031b06906 None None] Could not load cinder.keymgr.conf_key_mgr.ConfKeyManager
Jun 26 07:47:21 datacore-PowerEdge-R740 cinder-volume[2085693]: WARNING castellan.key_manager [None req-c26dd591-8ec8-4d25-8fa3-af7031b06906 None None] Deprecation Warning : cinder.keymgr.conf_key_mgr.ConfKeyManager is not a stevedore based driver, trying to load it as a class: stevedore.exception.NoMatches: No 'castellan.drivers' driver found, looking for 'cinder.keymgr.conf_key_mgr.ConfKeyManager'
Jun 26 07:47:21 datacore-PowerEdge-R740 cinder-volume[2085693]: WARNING cinder.keymgr.conf_key_mgr [None req-c26dd591-8ec8-4d25-8fa3-af7031b06906 None None] This key manager is insecure and is not recommended for production deployments: stevedore.exception.NoMatches: No 'castellan.drivers' driver found, looking for 'cinder.keymgr.conf_key_mgr.ConfKeyManager'
Jun 26 07:47:21 datacore-PowerEdge-R740 cinder-volume[2085693]: ERROR cinder.cmd.volume [None req-c26dd591-8ec8-4d25-8fa3-af7031b06906 None None] Volume service hostgroup@datacore_iscsi1 failed to start.: ModuleNotFoundError: No module named 'cinder.volume.drivers.datacore.iscsi'
Jun 26 07:47:21 datacore-PowerEdge-R740 cinder-volume[2085693]: ERROR cinder.cmd.volume Traceback (most recent call last):
Jun 26 07:47:21 datacore-PowerEdge-R740 cinder-volume[2085693]: ERROR cinder.cmd.volume   File "/opt/stack/cinder/cinder/cmd/volume.py", line 99, in _launch_service
Jun 26 07:47:21 datacore-PowerEdge-R740 cinder-volume[2085693]: ERROR cinder.cmd.volume     server = service.Service.create(host=host,
Jun 26 07:47:21 datacore-PowerEdge-R740 cinder-volume[2085693]: ERROR cinder.cmd.volume   File "/opt/stack/cinder/cinder/service.py", line 394, in create
Jun 26 07:47:21 datacore-PowerEdge-R740 cinder-volume[2085693]: ERROR cinder.cmd.volume     service_obj = cls(host, binary, topic, manager,
Jun 26 07:47:21 datacore-PowerEdge-R740 cinder-volume[2085693]: ERROR cinder.cmd.volume   File "/opt/stack/cinder/cinder/service.py", line 152, in __init__
Jun 26 07:47:21 datacore-PowerEdge-R740 cinder-volume[2085693]: ERROR cinder.cmd.volume     self.manager = manager_class(host=self.host,
Jun 26 07:47:21 datacore-PowerEdge-R740 cinder-volume[2085693]: ERROR cinder.cmd.volume   File "/opt/stack/cinder/cinder/volume/manager.py", line 313, in __init__
Jun 26 07:47:21 datacore-PowerEdge-R740 cinder-volume[2085693]: ERROR cinder.cmd.volume     self.driver = importutils.import_object(
Jun 26 07:47:21 datacore-PowerEdge-R740 cinder-volume[2085693]: ERROR cinder.cmd.volume   File "/usr/local/lib/python3.8/dist-packages/oslo_utils/importutils.py", line 44, in import_object
Jun 26 07:47:21 datacore-PowerEdge-R740 cinder-volume[2085693]: ERROR cinder.cmd.volume     return import_class(import_str)(*args, **kwargs)
Jun 26 07:47:21 datacore-PowerEdge-R740 cinder-volume[2085693]: ERROR cinder.cmd.volume   File "/usr/local/lib/python3.8/dist-packages/oslo_utils/importutils.py", line 30, in import_class
Jun 26 07:47:21 datacore-PowerEdge-R740 cinder-volume[2085693]: ERROR cinder.cmd.volume     __import__(mod_str)
Jun 26 07:47:21 datacore-PowerEdge-R740 cinder-volume[2085693]: ERROR cinder.cmd.volume ModuleNotFoundError: No module named 'cinder.volume.drivers.datacore.iscsi'
Jun 26 07:47:21 datacore-PowerEdge-R740 cinder-volume[2085693]: ERROR cinder.cmd.volume 
Jun 26 07:47:21 datacore-PowerEdge-R740 cinder-volume[2085693]: ERROR cinder.cmd.volume [None req-c26dd591-8ec8-4d25-8fa3-af7031b06906 None None] No volume service(s) started successfully, terminating.
Jun 26 07:47:21 datacore-PowerEdge-R740 cinder-volume[2085693]: /usr/lib/python3/dist-packages/secretstorage/dhcrypto.py:15: CryptographyDeprecationWarning: int_from_bytes is deprecated, use int.from_bytes instead
Jun 26 07:47:21 datacore-PowerEdge-R740 cinder-volume[2085693]:   from cryptography.utils import int_from_bytes
Jun 26 07:47:21 datacore-PowerEdge-R740 cinder-volume[2085693]: /usr/lib/python3/dist-packages/secretstorage/util.py:19: CryptographyDeprecationWarning: int_from_bytes is deprecated, use int.from_bytes instead
Jun 26 07:47:21 datacore-PowerEdge-R740 cinder-volume[2085693]:   from cryptography.utils import int_from_bytes
Jun 26 07:47:21 datacore-PowerEdge-R740 cinder-volume[2085693]: /opt/stack/cinder/cinder/db/sqlalchemy/models.py:152: SAWarning: implicitly coercing SELECT object to scalar subquery; please use the .scalar_subquery() method to produce a scalar subquery.
Jun 26 07:47:21 datacore-PowerEdge-R740 cinder-volume[2085693]:   last_heartbeat = column_property(
Jun 26 07:47:21 datacore-PowerEdge-R740 cinder-volume[2085693]: /opt/stack/cinder/cinder/db/sqlalchemy/models.py:160: SAWarning: implicitly coercing SELECT object to scalar subquery; please use the .scalar_subquery() method to produce a scalar subquery.
Jun 26 07:47:21 datacore-PowerEdge-R740 cinder-volume[2085693]:   num_hosts = column_property(
Jun 26 07:47:21 datacore-PowerEdge-R740 cinder-volume[2085693]: /opt/stack/cinder/cinder/db/sqlalchemy/models.py:169: SAWarning: implicitly coercing SELECT object to scalar subquery; please use the .scalar_subquery() method to produce a scalar subquery.
Jun 26 07:47:21 datacore-PowerEdge-R740 cinder-volume[2085693]:   num_down_hosts = column_property(
Jun 26 07:47:21 datacore-PowerEdge-R740 systemd[1]: devstack@c-vol.service: Main process exited, code=exited, status=1/FAILURE
Jun 26 07:47:21 datacore-PowerEdge-R740 systemd[1]: devstack@c-vol.service: Failed with result 'exit-code'.
Jun 26 07:47:34 datacore-PowerEdge-R740 systemd[1]: Started Devstack devstack@c-vol.service.
Jun 26 07:47:36 datacore-PowerEdge-R740 cinder-volume[2086269]: DEBUG oslo_concurrency.lockutils [-] Acquired lock "singleton_lock" {{(pid=2086269) lock /usr/local/lib/python3.8/dist-packages/oslo_concurrency/lockutils.py:294}}
Jun 26 07:47:36 datacore-PowerEdge-R740 cinder-volume[2086269]: DEBUG oslo_concurrency.lockutils [-] Releasing lock "singleton_lock" {{(pid=2086269) lock /usr/local/lib/python3.8/dist-packages/oslo_concurrency/lockutils.py:312}}
Jun 26 07:47:36 datacore-PowerEdge-R740 cinder-volume[2086269]: INFO dbcounter [None req-6b76206a-6c09-40f0-871a-ff55c0dae1a4 None None] Registered counter for database cinder
Jun 26 07:47:36 datacore-PowerEdge-R740 cinder-volume[2086269]: DEBUG oslo_db.sqlalchemy.engines [None req-6b76206a-6c09-40f0-871a-ff55c0dae1a4 None None] MySQL server mode set to STRICT_TRANS_TABLES,STRICT_ALL_TABLES,NO_ZERO_IN_DATE,NO_ZERO_DATE,ERROR_FOR_DIVISION_BY_ZERO,TRADITIONAL,NO_ENGINE_SUBSTITUTION {{(pid=2086269) _check_effective_sql_mode /usr/local/lib/python3.8/dist-packages/oslo_db/sqlalchemy/engines.py:314}}
Jun 26 07:47:36 datacore-PowerEdge-R740 cinder-volume[2086269]: DEBUG dbcounter [-] [2086269] Writer thread running {{(pid=2086269) stat_writer /usr/local/lib/python3.8/dist-packages/dbcounter.py:99}}
Jun 26 07:47:36 datacore-PowerEdge-R740 cinder-volume[2086269]: INFO cinder.rpc [None req-6b76206a-6c09-40f0-871a-ff55c0dae1a4 None None] Automatically selected cinder-scheduler objects version 1.39 as minimum service version.
Jun 26 07:47:36 datacore-PowerEdge-R740 cinder-volume[2086269]: INFO cinder.rpc [None req-6b76206a-6c09-40f0-871a-ff55c0dae1a4 None None] Automatically selected cinder-scheduler RPC version 3.12 as minimum service version.
Jun 26 07:47:36 datacore-PowerEdge-R740 cinder-volume[2086269]: DEBUG oslo_db.sqlalchemy.engines [None req-6b76206a-6c09-40f0-871a-ff55c0dae1a4 None None] MySQL server mode set to STRICT_TRANS_TABLES,STRICT_ALL_TABLES,NO_ZERO_IN_DATE,NO_ZERO_DATE,ERROR_FOR_DIVISION_BY_ZERO,TRADITIONAL,NO_ENGINE_SUBSTITUTION {{(pid=2086269) _check_effective_sql_mode /usr/local/lib/python3.8/dist-packages/oslo_db/sqlalchemy/engines.py:314}}
Jun 26 07:47:36 datacore-PowerEdge-R740 cinder-volume[2086269]: INFO cinder.volume.manager [None req-6b76206a-6c09-40f0-871a-ff55c0dae1a4 None None] Determined volume DB was not empty at startup.
Jun 26 07:47:36 datacore-PowerEdge-R740 cinder-volume[2086269]: DEBUG cinder.volume.manager [None req-6b76206a-6c09-40f0-871a-ff55c0dae1a4 None None] Cinder Volume DB check: vol_db_empty=False {{(pid=2086269) __init__ /opt/stack/cinder/cinder/volume/manager.py:290}}
Jun 26 07:47:36 datacore-PowerEdge-R740 cinder-volume[2086269]: WARNING stevedore.named [None req-6b76206a-6c09-40f0-871a-ff55c0dae1a4 None None] Could not load cinder.keymgr.conf_key_mgr.ConfKeyManager
Jun 26 07:47:36 datacore-PowerEdge-R740 cinder-volume[2086269]: WARNING castellan.key_manager [None req-6b76206a-6c09-40f0-871a-ff55c0dae1a4 None None] Deprecation Warning : cinder.keymgr.conf_key_mgr.ConfKeyManager is not a stevedore based driver, trying to load it as a class: stevedore.exception.NoMatches: No 'castellan.drivers' driver found, looking for 'cinder.keymgr.conf_key_mgr.ConfKeyManager'
Jun 26 07:47:36 datacore-PowerEdge-R740 cinder-volume[2086269]: WARNING cinder.keymgr.conf_key_mgr [None req-6b76206a-6c09-40f0-871a-ff55c0dae1a4 None None] This key manager is insecure and is not recommended for production deployments: stevedore.exception.NoMatches: No 'castellan.drivers' driver found, looking for 'cinder.keymgr.conf_key_mgr.ConfKeyManager'
Jun 26 07:47:37 datacore-PowerEdge-R740 cinder-volume[2086269]: ERROR cinder.cmd.volume [None req-6b76206a-6c09-40f0-871a-ff55c0dae1a4 None None] Volume service hostgroup@datacore_iscsi1 failed to start.: ModuleNotFoundError: No module named 'cinder.volume.drivers.datacore.iscsi'
Jun 26 07:47:37 datacore-PowerEdge-R740 cinder-volume[2086269]: ERROR cinder.cmd.volume Traceback (most recent call last):
Jun 26 07:47:37 datacore-PowerEdge-R740 cinder-volume[2086269]: ERROR cinder.cmd.volume   File "/opt/stack/cinder/cinder/cmd/volume.py", line 99, in _launch_service
Jun 26 07:47:37 datacore-PowerEdge-R740 cinder-volume[2086269]: ERROR cinder.cmd.volume     server = service.Service.create(host=host,
Jun 26 07:47:37 datacore-PowerEdge-R740 cinder-volume[2086269]: ERROR cinder.cmd.volume   File "/opt/stack/cinder/cinder/service.py", line 394, in create
Jun 26 07:47:37 datacore-PowerEdge-R740 cinder-volume[2086269]: ERROR cinder.cmd.volume     service_obj = cls(host, binary, topic, manager,
Jun 26 07:47:37 datacore-PowerEdge-R740 cinder-volume[2086269]: ERROR cinder.cmd.volume   File "/opt/stack/cinder/cinder/service.py", line 152, in __init__
Jun 26 07:47:37 datacore-PowerEdge-R740 cinder-volume[2086269]: ERROR cinder.cmd.volume     self.manager = manager_class(host=self.host,
Jun 26 07:47:37 datacore-PowerEdge-R740 cinder-volume[2086269]: ERROR cinder.cmd.volume   File "/opt/stack/cinder/cinder/volume/manager.py", line 313, in __init__
Jun 26 07:47:37 datacore-PowerEdge-R740 cinder-volume[2086269]: ERROR cinder.cmd.volume     self.driver = importutils.import_object(
Jun 26 07:47:37 datacore-PowerEdge-R740 cinder-volume[2086269]: ERROR cinder.cmd.volume   File "/usr/local/lib/python3.8/dist-packages/oslo_utils/importutils.py", line 44, in import_object
Jun 26 07:47:37 datacore-PowerEdge-R740 cinder-volume[2086269]: ERROR cinder.cmd.volume     return import_class(import_str)(*args, **kwargs)
Jun 26 07:47:37 datacore-PowerEdge-R740 cinder-volume[2086269]: ERROR cinder.cmd.volume   File "/usr/local/lib/python3.8/dist-packages/oslo_utils/importutils.py", line 30, in import_class
Jun 26 07:47:37 datacore-PowerEdge-R740 cinder-volume[2086269]: ERROR cinder.cmd.volume     __import__(mod_str)
Jun 26 07:47:37 datacore-PowerEdge-R740 cinder-volume[2086269]: ERROR cinder.cmd.volume ModuleNotFoundError: No module named 'cinder.volume.drivers.datacore.iscsi'
Jun 26 07:47:37 datacore-PowerEdge-R740 cinder-volume[2086269]: ERROR cinder.cmd.volume 
Jun 26 07:47:37 datacore-PowerEdge-R740 cinder-volume[2086269]: ERROR cinder.cmd.volume [None req-6b76206a-6c09-40f0-871a-ff55c0dae1a4 None None] No volume service(s) started successfully, terminating.
Jun 26 07:47:37 datacore-PowerEdge-R740 cinder-volume[2086269]: /usr/lib/python3/dist-packages/secretstorage/dhcrypto.py:15: CryptographyDeprecationWarning: int_from_bytes is deprecated, use int.from_bytes instead
Jun 26 07:47:37 datacore-PowerEdge-R740 cinder-volume[2086269]:   from cryptography.utils import int_from_bytes
Jun 26 07:47:37 datacore-PowerEdge-R740 cinder-volume[2086269]: /usr/lib/python3/dist-packages/secretstorage/util.py:19: CryptographyDeprecationWarning: int_from_bytes is deprecated, use int.from_bytes instead
Jun 26 07:47:37 datacore-PowerEdge-R740 cinder-volume[2086269]:   from cryptography.utils import int_from_bytes
Jun 26 07:47:37 datacore-PowerEdge-R740 cinder-volume[2086269]: /opt/stack/cinder/cinder/db/sqlalchemy/models.py:152: SAWarning: implicitly coercing SELECT object to scalar subquery; please use the .scalar_subquery() method to produce a scalar subquery.
Jun 26 07:47:37 datacore-PowerEdge-R740 cinder-volume[2086269]:   last_heartbeat = column_property(
Jun 26 07:47:37 datacore-PowerEdge-R740 cinder-volume[2086269]: /opt/stack/cinder/cinder/db/sqlalchemy/models.py:160: SAWarning: implicitly coercing SELECT object to scalar subquery; please use the .scalar_subquery() method to produce a scalar subquery.
Jun 26 07:47:37 datacore-PowerEdge-R740 cinder-volume[2086269]:   num_hosts = column_property(
Jun 26 07:47:37 datacore-PowerEdge-R740 cinder-volume[2086269]: /opt/stack/cinder/cinder/db/sqlalchemy/models.py:169: SAWarning: implicitly coercing SELECT object to scalar subquery; please use the .scalar_subquery() method to produce a scalar subquery.
Jun 26 07:47:37 datacore-PowerEdge-R740 cinder-volume[2086269]:   num_down_hosts = column_property(
Jun 26 07:47:37 datacore-PowerEdge-R740 systemd[1]: devstack@c-vol.service: Main process exited, code=exited, status=1/FAILURE
Jun 26 07:47:37 datacore-PowerEdge-R740 systemd[1]: devstack@c-vol.service: Failed with result 'exit-code'.
