-- Logs begin at Wed 2022-06-22 15:04:11 IST, end at Wed 2022-06-22 16:35:13 IST. --
Jun 22 16:33:56 datacore-PowerEdge-R740 systemd[1]: Started Devstack devstack@c-vol.service.
Jun 22 16:33:58 datacore-PowerEdge-R740 cinder-volume[1237504]: DEBUG oslo_concurrency.lockutils [-] Acquired lock "singleton_lock" {{(pid=1237504) lock /usr/local/lib/python3.8/dist-packages/oslo_concurrency/lockutils.py:294}}
Jun 22 16:33:58 datacore-PowerEdge-R740 cinder-volume[1237504]: DEBUG oslo_concurrency.lockutils [-] Releasing lock "singleton_lock" {{(pid=1237504) lock /usr/local/lib/python3.8/dist-packages/oslo_concurrency/lockutils.py:312}}
Jun 22 16:33:58 datacore-PowerEdge-R740 cinder-volume[1237504]: INFO dbcounter [None req-e4448234-1c03-427e-bd26-f679841d3b34 None None] Registered counter for database cinder
Jun 22 16:33:58 datacore-PowerEdge-R740 cinder-volume[1237504]: DEBUG oslo_db.sqlalchemy.engines [None req-e4448234-1c03-427e-bd26-f679841d3b34 None None] MySQL server mode set to STRICT_TRANS_TABLES,STRICT_ALL_TABLES,NO_ZERO_IN_DATE,NO_ZERO_DATE,ERROR_FOR_DIVISION_BY_ZERO,TRADITIONAL,NO_ENGINE_SUBSTITUTION {{(pid=1237504) _check_effective_sql_mode /usr/local/lib/python3.8/dist-packages/oslo_db/sqlalchemy/engines.py:314}}
Jun 22 16:33:59 datacore-PowerEdge-R740 cinder-volume[1237504]: DEBUG dbcounter [-] [1237504] Writer thread running {{(pid=1237504) stat_writer /usr/local/lib/python3.8/dist-packages/dbcounter.py:99}}
Jun 22 16:33:59 datacore-PowerEdge-R740 cinder-volume[1237504]: INFO cinder.rpc [None req-e4448234-1c03-427e-bd26-f679841d3b34 None None] Automatically selected cinder-scheduler objects version 1.39 as minimum service version.
Jun 22 16:33:59 datacore-PowerEdge-R740 cinder-volume[1237504]: INFO cinder.rpc [None req-e4448234-1c03-427e-bd26-f679841d3b34 None None] Automatically selected cinder-scheduler RPC version 3.12 as minimum service version.
Jun 22 16:33:59 datacore-PowerEdge-R740 cinder-volume[1237504]: DEBUG oslo_db.sqlalchemy.engines [None req-e4448234-1c03-427e-bd26-f679841d3b34 None None] MySQL server mode set to STRICT_TRANS_TABLES,STRICT_ALL_TABLES,NO_ZERO_IN_DATE,NO_ZERO_DATE,ERROR_FOR_DIVISION_BY_ZERO,TRADITIONAL,NO_ENGINE_SUBSTITUTION {{(pid=1237504) _check_effective_sql_mode /usr/local/lib/python3.8/dist-packages/oslo_db/sqlalchemy/engines.py:314}}
Jun 22 16:33:59 datacore-PowerEdge-R740 cinder-volume[1237504]: INFO cinder.volume.manager [None req-e4448234-1c03-427e-bd26-f679841d3b34 None None] Determined volume DB was not empty at startup.
Jun 22 16:33:59 datacore-PowerEdge-R740 cinder-volume[1237504]: DEBUG cinder.volume.manager [None req-e4448234-1c03-427e-bd26-f679841d3b34 None None] Cinder Volume DB check: vol_db_empty=False {{(pid=1237504) __init__ /opt/stack/cinder/cinder/volume/manager.py:286}}
Jun 22 16:33:59 datacore-PowerEdge-R740 cinder-volume[1237504]: WARNING stevedore.named [None req-e4448234-1c03-427e-bd26-f679841d3b34 None None] Could not load cinder.keymgr.conf_key_mgr.ConfKeyManager
Jun 22 16:33:59 datacore-PowerEdge-R740 cinder-volume[1237504]: WARNING castellan.key_manager [None req-e4448234-1c03-427e-bd26-f679841d3b34 None None] Deprecation Warning : cinder.keymgr.conf_key_mgr.ConfKeyManager is not a stevedore based driver, trying to load it as a class: stevedore.exception.NoMatches: No 'castellan.drivers' driver found, looking for 'cinder.keymgr.conf_key_mgr.ConfKeyManager'
Jun 22 16:33:59 datacore-PowerEdge-R740 cinder-volume[1237504]: WARNING cinder.keymgr.conf_key_mgr [None req-e4448234-1c03-427e-bd26-f679841d3b34 None None] This key manager is insecure and is not recommended for production deployments: stevedore.exception.NoMatches: No 'castellan.drivers' driver found, looking for 'cinder.keymgr.conf_key_mgr.ConfKeyManager'
Jun 22 16:33:59 datacore-PowerEdge-R740 cinder-volume[1237504]: ERROR cinder.cmd.volume [None req-e4448234-1c03-427e-bd26-f679841d3b34 None None] Volume service hostgroup@datacore_iscsi1 failed to start.: ModuleNotFoundError: No module named 'cinder.volume.drivers.datacore.iscsi'
Jun 22 16:33:59 datacore-PowerEdge-R740 cinder-volume[1237504]: ERROR cinder.cmd.volume Traceback (most recent call last):
Jun 22 16:33:59 datacore-PowerEdge-R740 cinder-volume[1237504]: ERROR cinder.cmd.volume   File "/opt/stack/cinder/cinder/cmd/volume.py", line 99, in _launch_service
Jun 22 16:33:59 datacore-PowerEdge-R740 cinder-volume[1237504]: ERROR cinder.cmd.volume     server = service.Service.create(host=host,
Jun 22 16:33:59 datacore-PowerEdge-R740 cinder-volume[1237504]: ERROR cinder.cmd.volume   File "/opt/stack/cinder/cinder/service.py", line 394, in create
Jun 22 16:33:59 datacore-PowerEdge-R740 cinder-volume[1237504]: ERROR cinder.cmd.volume     service_obj = cls(host, binary, topic, manager,
Jun 22 16:33:59 datacore-PowerEdge-R740 cinder-volume[1237504]: ERROR cinder.cmd.volume   File "/opt/stack/cinder/cinder/service.py", line 152, in __init__
Jun 22 16:33:59 datacore-PowerEdge-R740 cinder-volume[1237504]: ERROR cinder.cmd.volume     self.manager = manager_class(host=self.host,
Jun 22 16:33:59 datacore-PowerEdge-R740 cinder-volume[1237504]: ERROR cinder.cmd.volume   File "/opt/stack/cinder/cinder/volume/manager.py", line 309, in __init__
Jun 22 16:33:59 datacore-PowerEdge-R740 cinder-volume[1237504]: ERROR cinder.cmd.volume     self.driver = importutils.import_object(
Jun 22 16:33:59 datacore-PowerEdge-R740 cinder-volume[1237504]: ERROR cinder.cmd.volume   File "/usr/local/lib/python3.8/dist-packages/oslo_utils/importutils.py", line 44, in import_object
Jun 22 16:33:59 datacore-PowerEdge-R740 cinder-volume[1237504]: ERROR cinder.cmd.volume     return import_class(import_str)(*args, **kwargs)
Jun 22 16:33:59 datacore-PowerEdge-R740 cinder-volume[1237504]: ERROR cinder.cmd.volume   File "/usr/local/lib/python3.8/dist-packages/oslo_utils/importutils.py", line 30, in import_class
Jun 22 16:33:59 datacore-PowerEdge-R740 cinder-volume[1237504]: ERROR cinder.cmd.volume     __import__(mod_str)
Jun 22 16:33:59 datacore-PowerEdge-R740 cinder-volume[1237504]: ERROR cinder.cmd.volume ModuleNotFoundError: No module named 'cinder.volume.drivers.datacore.iscsi'
Jun 22 16:33:59 datacore-PowerEdge-R740 cinder-volume[1237504]: ERROR cinder.cmd.volume 
Jun 22 16:33:59 datacore-PowerEdge-R740 cinder-volume[1237504]: ERROR cinder.cmd.volume [None req-e4448234-1c03-427e-bd26-f679841d3b34 None None] No volume service(s) started successfully, terminating.
Jun 22 16:33:59 datacore-PowerEdge-R740 cinder-volume[1237504]: /usr/lib/python3/dist-packages/secretstorage/dhcrypto.py:15: CryptographyDeprecationWarning: int_from_bytes is deprecated, use int.from_bytes instead
Jun 22 16:33:59 datacore-PowerEdge-R740 cinder-volume[1237504]:   from cryptography.utils import int_from_bytes
Jun 22 16:33:59 datacore-PowerEdge-R740 cinder-volume[1237504]: /usr/lib/python3/dist-packages/secretstorage/util.py:19: CryptographyDeprecationWarning: int_from_bytes is deprecated, use int.from_bytes instead
Jun 22 16:33:59 datacore-PowerEdge-R740 cinder-volume[1237504]:   from cryptography.utils import int_from_bytes
Jun 22 16:33:59 datacore-PowerEdge-R740 cinder-volume[1237504]: /opt/stack/cinder/cinder/db/sqlalchemy/models.py:152: SAWarning: implicitly coercing SELECT object to scalar subquery; please use the .scalar_subquery() method to produce a scalar subquery.
Jun 22 16:33:59 datacore-PowerEdge-R740 cinder-volume[1237504]:   last_heartbeat = column_property(
Jun 22 16:33:59 datacore-PowerEdge-R740 cinder-volume[1237504]: /opt/stack/cinder/cinder/db/sqlalchemy/models.py:160: SAWarning: implicitly coercing SELECT object to scalar subquery; please use the .scalar_subquery() method to produce a scalar subquery.
Jun 22 16:33:59 datacore-PowerEdge-R740 cinder-volume[1237504]:   num_hosts = column_property(
Jun 22 16:33:59 datacore-PowerEdge-R740 cinder-volume[1237504]: /opt/stack/cinder/cinder/db/sqlalchemy/models.py:169: SAWarning: implicitly coercing SELECT object to scalar subquery; please use the .scalar_subquery() method to produce a scalar subquery.
Jun 22 16:33:59 datacore-PowerEdge-R740 cinder-volume[1237504]:   num_down_hosts = column_property(
Jun 22 16:33:59 datacore-PowerEdge-R740 systemd[1]: devstack@c-vol.service: Main process exited, code=exited, status=1/FAILURE
Jun 22 16:33:59 datacore-PowerEdge-R740 systemd[1]: devstack@c-vol.service: Failed with result 'exit-code'.
Jun 22 16:34:11 datacore-PowerEdge-R740 systemd[1]: Started Devstack devstack@c-vol.service.
Jun 22 16:34:13 datacore-PowerEdge-R740 cinder-volume[1238196]: DEBUG oslo_concurrency.lockutils [-] Acquired lock "singleton_lock" {{(pid=1238196) lock /usr/local/lib/python3.8/dist-packages/oslo_concurrency/lockutils.py:294}}
Jun 22 16:34:13 datacore-PowerEdge-R740 cinder-volume[1238196]: DEBUG oslo_concurrency.lockutils [-] Releasing lock "singleton_lock" {{(pid=1238196) lock /usr/local/lib/python3.8/dist-packages/oslo_concurrency/lockutils.py:312}}
Jun 22 16:34:14 datacore-PowerEdge-R740 cinder-volume[1238196]: INFO dbcounter [None req-bde22c5d-6487-49d0-8948-b4e53eb49ea2 None None] Registered counter for database cinder
Jun 22 16:34:14 datacore-PowerEdge-R740 cinder-volume[1238196]: DEBUG oslo_db.sqlalchemy.engines [None req-bde22c5d-6487-49d0-8948-b4e53eb49ea2 None None] MySQL server mode set to STRICT_TRANS_TABLES,STRICT_ALL_TABLES,NO_ZERO_IN_DATE,NO_ZERO_DATE,ERROR_FOR_DIVISION_BY_ZERO,TRADITIONAL,NO_ENGINE_SUBSTITUTION {{(pid=1238196) _check_effective_sql_mode /usr/local/lib/python3.8/dist-packages/oslo_db/sqlalchemy/engines.py:314}}
Jun 22 16:34:14 datacore-PowerEdge-R740 cinder-volume[1238196]: DEBUG dbcounter [-] [1238196] Writer thread running {{(pid=1238196) stat_writer /usr/local/lib/python3.8/dist-packages/dbcounter.py:99}}
Jun 22 16:34:14 datacore-PowerEdge-R740 cinder-volume[1238196]: INFO cinder.rpc [None req-bde22c5d-6487-49d0-8948-b4e53eb49ea2 None None] Automatically selected cinder-scheduler objects version 1.39 as minimum service version.
Jun 22 16:34:14 datacore-PowerEdge-R740 cinder-volume[1238196]: INFO cinder.rpc [None req-bde22c5d-6487-49d0-8948-b4e53eb49ea2 None None] Automatically selected cinder-scheduler RPC version 3.12 as minimum service version.
Jun 22 16:34:14 datacore-PowerEdge-R740 cinder-volume[1238196]: DEBUG oslo_db.sqlalchemy.engines [None req-bde22c5d-6487-49d0-8948-b4e53eb49ea2 None None] MySQL server mode set to STRICT_TRANS_TABLES,STRICT_ALL_TABLES,NO_ZERO_IN_DATE,NO_ZERO_DATE,ERROR_FOR_DIVISION_BY_ZERO,TRADITIONAL,NO_ENGINE_SUBSTITUTION {{(pid=1238196) _check_effective_sql_mode /usr/local/lib/python3.8/dist-packages/oslo_db/sqlalchemy/engines.py:314}}
Jun 22 16:34:14 datacore-PowerEdge-R740 cinder-volume[1238196]: INFO cinder.volume.manager [None req-bde22c5d-6487-49d0-8948-b4e53eb49ea2 None None] Determined volume DB was not empty at startup.
Jun 22 16:34:14 datacore-PowerEdge-R740 cinder-volume[1238196]: DEBUG cinder.volume.manager [None req-bde22c5d-6487-49d0-8948-b4e53eb49ea2 None None] Cinder Volume DB check: vol_db_empty=False {{(pid=1238196) __init__ /opt/stack/cinder/cinder/volume/manager.py:286}}
Jun 22 16:34:14 datacore-PowerEdge-R740 cinder-volume[1238196]: WARNING stevedore.named [None req-bde22c5d-6487-49d0-8948-b4e53eb49ea2 None None] Could not load cinder.keymgr.conf_key_mgr.ConfKeyManager
Jun 22 16:34:14 datacore-PowerEdge-R740 cinder-volume[1238196]: WARNING castellan.key_manager [None req-bde22c5d-6487-49d0-8948-b4e53eb49ea2 None None] Deprecation Warning : cinder.keymgr.conf_key_mgr.ConfKeyManager is not a stevedore based driver, trying to load it as a class: stevedore.exception.NoMatches: No 'castellan.drivers' driver found, looking for 'cinder.keymgr.conf_key_mgr.ConfKeyManager'
Jun 22 16:34:14 datacore-PowerEdge-R740 cinder-volume[1238196]: WARNING cinder.keymgr.conf_key_mgr [None req-bde22c5d-6487-49d0-8948-b4e53eb49ea2 None None] This key manager is insecure and is not recommended for production deployments: stevedore.exception.NoMatches: No 'castellan.drivers' driver found, looking for 'cinder.keymgr.conf_key_mgr.ConfKeyManager'
Jun 22 16:34:14 datacore-PowerEdge-R740 cinder-volume[1238196]: ERROR cinder.cmd.volume [None req-bde22c5d-6487-49d0-8948-b4e53eb49ea2 None None] Volume service hostgroup@datacore_iscsi1 failed to start.: ModuleNotFoundError: No module named 'cinder.volume.drivers.datacore.iscsi'
Jun 22 16:34:14 datacore-PowerEdge-R740 cinder-volume[1238196]: ERROR cinder.cmd.volume Traceback (most recent call last):
Jun 22 16:34:14 datacore-PowerEdge-R740 cinder-volume[1238196]: ERROR cinder.cmd.volume   File "/opt/stack/cinder/cinder/cmd/volume.py", line 99, in _launch_service
Jun 22 16:34:14 datacore-PowerEdge-R740 cinder-volume[1238196]: ERROR cinder.cmd.volume     server = service.Service.create(host=host,
Jun 22 16:34:14 datacore-PowerEdge-R740 cinder-volume[1238196]: ERROR cinder.cmd.volume   File "/opt/stack/cinder/cinder/service.py", line 394, in create
Jun 22 16:34:14 datacore-PowerEdge-R740 cinder-volume[1238196]: ERROR cinder.cmd.volume     service_obj = cls(host, binary, topic, manager,
Jun 22 16:34:14 datacore-PowerEdge-R740 cinder-volume[1238196]: ERROR cinder.cmd.volume   File "/opt/stack/cinder/cinder/service.py", line 152, in __init__
Jun 22 16:34:14 datacore-PowerEdge-R740 cinder-volume[1238196]: ERROR cinder.cmd.volume     self.manager = manager_class(host=self.host,
Jun 22 16:34:14 datacore-PowerEdge-R740 cinder-volume[1238196]: ERROR cinder.cmd.volume   File "/opt/stack/cinder/cinder/volume/manager.py", line 309, in __init__
Jun 22 16:34:14 datacore-PowerEdge-R740 cinder-volume[1238196]: ERROR cinder.cmd.volume     self.driver = importutils.import_object(
Jun 22 16:34:14 datacore-PowerEdge-R740 cinder-volume[1238196]: ERROR cinder.cmd.volume   File "/usr/local/lib/python3.8/dist-packages/oslo_utils/importutils.py", line 44, in import_object
Jun 22 16:34:14 datacore-PowerEdge-R740 cinder-volume[1238196]: ERROR cinder.cmd.volume     return import_class(import_str)(*args, **kwargs)
Jun 22 16:34:14 datacore-PowerEdge-R740 cinder-volume[1238196]: ERROR cinder.cmd.volume   File "/usr/local/lib/python3.8/dist-packages/oslo_utils/importutils.py", line 30, in import_class
Jun 22 16:34:14 datacore-PowerEdge-R740 cinder-volume[1238196]: ERROR cinder.cmd.volume     __import__(mod_str)
Jun 22 16:34:14 datacore-PowerEdge-R740 cinder-volume[1238196]: ERROR cinder.cmd.volume ModuleNotFoundError: No module named 'cinder.volume.drivers.datacore.iscsi'
Jun 22 16:34:14 datacore-PowerEdge-R740 cinder-volume[1238196]: ERROR cinder.cmd.volume 
Jun 22 16:34:14 datacore-PowerEdge-R740 cinder-volume[1238196]: ERROR cinder.cmd.volume [None req-bde22c5d-6487-49d0-8948-b4e53eb49ea2 None None] No volume service(s) started successfully, terminating.
Jun 22 16:34:14 datacore-PowerEdge-R740 cinder-volume[1238196]: /usr/lib/python3/dist-packages/secretstorage/dhcrypto.py:15: CryptographyDeprecationWarning: int_from_bytes is deprecated, use int.from_bytes instead
Jun 22 16:34:14 datacore-PowerEdge-R740 cinder-volume[1238196]:   from cryptography.utils import int_from_bytes
Jun 22 16:34:14 datacore-PowerEdge-R740 cinder-volume[1238196]: /usr/lib/python3/dist-packages/secretstorage/util.py:19: CryptographyDeprecationWarning: int_from_bytes is deprecated, use int.from_bytes instead
Jun 22 16:34:14 datacore-PowerEdge-R740 cinder-volume[1238196]:   from cryptography.utils import int_from_bytes
Jun 22 16:34:14 datacore-PowerEdge-R740 cinder-volume[1238196]: /opt/stack/cinder/cinder/db/sqlalchemy/models.py:152: SAWarning: implicitly coercing SELECT object to scalar subquery; please use the .scalar_subquery() method to produce a scalar subquery.
Jun 22 16:34:14 datacore-PowerEdge-R740 cinder-volume[1238196]:   last_heartbeat = column_property(
Jun 22 16:34:14 datacore-PowerEdge-R740 cinder-volume[1238196]: /opt/stack/cinder/cinder/db/sqlalchemy/models.py:160: SAWarning: implicitly coercing SELECT object to scalar subquery; please use the .scalar_subquery() method to produce a scalar subquery.
Jun 22 16:34:14 datacore-PowerEdge-R740 cinder-volume[1238196]:   num_hosts = column_property(
Jun 22 16:34:14 datacore-PowerEdge-R740 cinder-volume[1238196]: /opt/stack/cinder/cinder/db/sqlalchemy/models.py:169: SAWarning: implicitly coercing SELECT object to scalar subquery; please use the .scalar_subquery() method to produce a scalar subquery.
Jun 22 16:34:14 datacore-PowerEdge-R740 cinder-volume[1238196]:   num_down_hosts = column_property(
Jun 22 16:34:14 datacore-PowerEdge-R740 systemd[1]: devstack@c-vol.service: Main process exited, code=exited, status=1/FAILURE
Jun 22 16:34:14 datacore-PowerEdge-R740 systemd[1]: devstack@c-vol.service: Failed with result 'exit-code'.
