Source the openrc file
WARNING: setting legacy OS_TENANT_NAME to support cli tools.
Patch Details: GERRIT_CHANGE_NUMBER: 836973 GERRIT_PATCHSET_NUMBER: 9 GERRIT_REFSPEC: refs/changes/73/836973/9
Updating cinder code
Waiting for patchset. FROM_JENKINS: 1237242FROM_JENKINS
Switched to branch 'master'
Your branch is up to date with 'origin/master'.
git checkout cinder master Success
Already up to date.
git pull Success
changeBranch: change-836973-9
From https://opendev.org/openstack/cinder
 * [new ref]             refs/changes/73/836973/9 -> change-836973-9
git fetch origin refs/changes/73/836973/9:change-836973-9 Success
Switched to branch 'change-836973-9'
git checkout change-836973-9 Success
Already up to date.
checkout patchset [ PASSED ]
Clearing logs
/tmp/ci-result-1655895738479
Starting iSCSI Test configuration
Updating cinder.conf with iSCSI driver details [ PASSED ]
Restarting devstack services
Cinder volume service [ FAILED ]
Already up to date.
Updating cinder-tempest-logs repo [ PASSED ]
