-- Logs begin at Fri 2022-06-17 16:39:15 IST, end at Fri 2022-06-17 16:40:24 IST. --
Jun 17 16:39:22 datacore-PowerEdge-R740 systemd[1]: Started Devstack devstack@c-vol.service.
Jun 17 16:39:24 datacore-PowerEdge-R740 cinder-volume[3887301]: DEBUG oslo_concurrency.lockutils [-] Acquired lock "singleton_lock" {{(pid=3887301) lock /usr/local/lib/python3.8/dist-packages/oslo_concurrency/lockutils.py:294}}
Jun 17 16:39:24 datacore-PowerEdge-R740 cinder-volume[3887301]: DEBUG oslo_concurrency.lockutils [-] Releasing lock "singleton_lock" {{(pid=3887301) lock /usr/local/lib/python3.8/dist-packages/oslo_concurrency/lockutils.py:312}}
Jun 17 16:39:25 datacore-PowerEdge-R740 cinder-volume[3887301]: INFO dbcounter [None req-4d6c73eb-43a0-47db-a266-aa24ea5e3d38 None None] Registered counter for database cinder
Jun 17 16:39:25 datacore-PowerEdge-R740 cinder-volume[3887301]: DEBUG oslo_db.sqlalchemy.engines [None req-4d6c73eb-43a0-47db-a266-aa24ea5e3d38 None None] MySQL server mode set to STRICT_TRANS_TABLES,STRICT_ALL_TABLES,NO_ZERO_IN_DATE,NO_ZERO_DATE,ERROR_FOR_DIVISION_BY_ZERO,TRADITIONAL,NO_ENGINE_SUBSTITUTION {{(pid=3887301) _check_effective_sql_mode /usr/local/lib/python3.8/dist-packages/oslo_db/sqlalchemy/engines.py:314}}
Jun 17 16:39:25 datacore-PowerEdge-R740 cinder-volume[3887301]: DEBUG dbcounter [-] [3887301] Writer thread running {{(pid=3887301) stat_writer /usr/local/lib/python3.8/dist-packages/dbcounter.py:99}}
Jun 17 16:39:25 datacore-PowerEdge-R740 cinder-volume[3887301]: INFO cinder.rpc [None req-4d6c73eb-43a0-47db-a266-aa24ea5e3d38 None None] Automatically selected cinder-scheduler objects version 1.39 as minimum service version.
Jun 17 16:39:25 datacore-PowerEdge-R740 cinder-volume[3887301]: INFO cinder.rpc [None req-4d6c73eb-43a0-47db-a266-aa24ea5e3d38 None None] Automatically selected cinder-scheduler RPC version 3.12 as minimum service version.
Jun 17 16:39:25 datacore-PowerEdge-R740 cinder-volume[3887301]: DEBUG oslo_db.sqlalchemy.engines [None req-4d6c73eb-43a0-47db-a266-aa24ea5e3d38 None None] MySQL server mode set to STRICT_TRANS_TABLES,STRICT_ALL_TABLES,NO_ZERO_IN_DATE,NO_ZERO_DATE,ERROR_FOR_DIVISION_BY_ZERO,TRADITIONAL,NO_ENGINE_SUBSTITUTION {{(pid=3887301) _check_effective_sql_mode /usr/local/lib/python3.8/dist-packages/oslo_db/sqlalchemy/engines.py:314}}
Jun 17 16:39:26 datacore-PowerEdge-R740 cinder-volume[3887301]: INFO cinder.volume.manager [None req-4d6c73eb-43a0-47db-a266-aa24ea5e3d38 None None] Determined volume DB was not empty at startup.
Jun 17 16:39:26 datacore-PowerEdge-R740 cinder-volume[3887301]: DEBUG cinder.volume.manager [None req-4d6c73eb-43a0-47db-a266-aa24ea5e3d38 None None] Cinder Volume DB check: vol_db_empty=False {{(pid=3887301) __init__ /opt/stack/cinder/cinder/volume/manager.py:290}}
Jun 17 16:39:26 datacore-PowerEdge-R740 cinder-volume[3887301]: WARNING stevedore.named [None req-4d6c73eb-43a0-47db-a266-aa24ea5e3d38 None None] Could not load cinder.keymgr.conf_key_mgr.ConfKeyManager
Jun 17 16:39:26 datacore-PowerEdge-R740 cinder-volume[3887301]: WARNING castellan.key_manager [None req-4d6c73eb-43a0-47db-a266-aa24ea5e3d38 None None] Deprecation Warning : cinder.keymgr.conf_key_mgr.ConfKeyManager is not a stevedore based driver, trying to load it as a class: stevedore.exception.NoMatches: No 'castellan.drivers' driver found, looking for 'cinder.keymgr.conf_key_mgr.ConfKeyManager'
Jun 17 16:39:26 datacore-PowerEdge-R740 cinder-volume[3887301]: WARNING cinder.keymgr.conf_key_mgr [None req-4d6c73eb-43a0-47db-a266-aa24ea5e3d38 None None] This key manager is insecure and is not recommended for production deployments: stevedore.exception.NoMatches: No 'castellan.drivers' driver found, looking for 'cinder.keymgr.conf_key_mgr.ConfKeyManager'
Jun 17 16:39:26 datacore-PowerEdge-R740 cinder-volume[3887301]: ERROR cinder.cmd.volume [None req-4d6c73eb-43a0-47db-a266-aa24ea5e3d38 None None] Volume service hostgroup@datacore_iscsi1 failed to start.: ModuleNotFoundError: No module named 'cinder.volume.drivers.datacore.iscsi'
Jun 17 16:39:26 datacore-PowerEdge-R740 cinder-volume[3887301]: ERROR cinder.cmd.volume Traceback (most recent call last):
Jun 17 16:39:26 datacore-PowerEdge-R740 cinder-volume[3887301]: ERROR cinder.cmd.volume   File "/opt/stack/cinder/cinder/cmd/volume.py", line 99, in _launch_service
Jun 17 16:39:26 datacore-PowerEdge-R740 cinder-volume[3887301]: ERROR cinder.cmd.volume     server = service.Service.create(host=host,
Jun 17 16:39:26 datacore-PowerEdge-R740 cinder-volume[3887301]: ERROR cinder.cmd.volume   File "/opt/stack/cinder/cinder/service.py", line 394, in create
Jun 17 16:39:26 datacore-PowerEdge-R740 cinder-volume[3887301]: ERROR cinder.cmd.volume     service_obj = cls(host, binary, topic, manager,
Jun 17 16:39:26 datacore-PowerEdge-R740 cinder-volume[3887301]: ERROR cinder.cmd.volume   File "/opt/stack/cinder/cinder/service.py", line 152, in __init__
Jun 17 16:39:26 datacore-PowerEdge-R740 cinder-volume[3887301]: ERROR cinder.cmd.volume     self.manager = manager_class(host=self.host,
Jun 17 16:39:26 datacore-PowerEdge-R740 cinder-volume[3887301]: ERROR cinder.cmd.volume   File "/opt/stack/cinder/cinder/volume/manager.py", line 313, in __init__
Jun 17 16:39:26 datacore-PowerEdge-R740 cinder-volume[3887301]: ERROR cinder.cmd.volume     self.driver = importutils.import_object(
Jun 17 16:39:26 datacore-PowerEdge-R740 cinder-volume[3887301]: ERROR cinder.cmd.volume   File "/usr/local/lib/python3.8/dist-packages/oslo_utils/importutils.py", line 44, in import_object
Jun 17 16:39:26 datacore-PowerEdge-R740 cinder-volume[3887301]: ERROR cinder.cmd.volume     return import_class(import_str)(*args, **kwargs)
Jun 17 16:39:26 datacore-PowerEdge-R740 cinder-volume[3887301]: ERROR cinder.cmd.volume   File "/usr/local/lib/python3.8/dist-packages/oslo_utils/importutils.py", line 30, in import_class
Jun 17 16:39:26 datacore-PowerEdge-R740 cinder-volume[3887301]: ERROR cinder.cmd.volume     __import__(mod_str)
Jun 17 16:39:26 datacore-PowerEdge-R740 cinder-volume[3887301]: ERROR cinder.cmd.volume ModuleNotFoundError: No module named 'cinder.volume.drivers.datacore.iscsi'
Jun 17 16:39:26 datacore-PowerEdge-R740 cinder-volume[3887301]: ERROR cinder.cmd.volume 
Jun 17 16:39:26 datacore-PowerEdge-R740 cinder-volume[3887301]: ERROR cinder.cmd.volume [None req-4d6c73eb-43a0-47db-a266-aa24ea5e3d38 None None] No volume service(s) started successfully, terminating.
Jun 17 16:39:26 datacore-PowerEdge-R740 cinder-volume[3887301]: /usr/lib/python3/dist-packages/secretstorage/dhcrypto.py:15: CryptographyDeprecationWarning: int_from_bytes is deprecated, use int.from_bytes instead
Jun 17 16:39:26 datacore-PowerEdge-R740 cinder-volume[3887301]:   from cryptography.utils import int_from_bytes
Jun 17 16:39:26 datacore-PowerEdge-R740 cinder-volume[3887301]: /usr/lib/python3/dist-packages/secretstorage/util.py:19: CryptographyDeprecationWarning: int_from_bytes is deprecated, use int.from_bytes instead
Jun 17 16:39:26 datacore-PowerEdge-R740 cinder-volume[3887301]:   from cryptography.utils import int_from_bytes
Jun 17 16:39:26 datacore-PowerEdge-R740 systemd[1]: devstack@c-vol.service: Main process exited, code=exited, status=1/FAILURE
Jun 17 16:39:26 datacore-PowerEdge-R740 systemd[1]: devstack@c-vol.service: Failed with result 'exit-code'.
