Source the openrc file
WARNING: setting legacy OS_TENANT_NAME to support cli tools.
Patch Details: GERRIT_CHANGE_NUMBER: 813229 GERRIT_PATCHSET_NUMBER: 11 GERRIT_REFSPEC: refs/changes/29/813229/11
Updating cinder code
Switched to branch 'master'
Your branch is up to date with 'origin/master'.
git checkout cinder master Success
Already up to date.
git pull Success
changeBranch: change-813229-11
From https://opendev.org/openstack/cinder
 * [new ref]             refs/changes/29/813229/11 -> change-813229-11
git fetch origin refs/changes/29/813229/11:change-813229-11 Success
Switched to branch 'change-813229-11'
git checkout change-813229-11 Success
Already up to date.
checkout patchset [ PASSED ]
Clearing logs
/tmp/ci-result-1655463131733
Starting iSCSI Test configuration
Updating cinder.conf with iSCSI driver details [ PASSED ]
Restarting devstack services
Cinder volume service [ FAILED ]
Already up to date.
Updating cinder-tempest-logs repo [ PASSED ]
