-- Logs begin at Wed 2022-06-29 14:14:16 IST, end at Wed 2022-06-29 14:45:01 IST. --
Jun 29 14:14:27 datacore-PowerEdge-R740 systemd[1]: Started Devstack devstack@c-vol.service.
Jun 29 14:14:29 datacore-PowerEdge-R740 cinder-volume[271831]: DEBUG oslo_concurrency.lockutils [-] Acquired lock "singleton_lock" {{(pid=271831) lock /usr/local/lib/python3.8/dist-packages/oslo_concurrency/lockutils.py:294}}
Jun 29 14:14:29 datacore-PowerEdge-R740 cinder-volume[271831]: DEBUG oslo_concurrency.lockutils [-] Releasing lock "singleton_lock" {{(pid=271831) lock /usr/local/lib/python3.8/dist-packages/oslo_concurrency/lockutils.py:312}}
Jun 29 14:14:29 datacore-PowerEdge-R740 cinder-volume[271831]: INFO dbcounter [None req-3e587862-8bfe-4094-abff-30595c1e2d1a None None] Registered counter for database cinder
Jun 29 14:14:29 datacore-PowerEdge-R740 cinder-volume[271831]: DEBUG oslo_db.sqlalchemy.engines [None req-3e587862-8bfe-4094-abff-30595c1e2d1a None None] MySQL server mode set to STRICT_TRANS_TABLES,STRICT_ALL_TABLES,NO_ZERO_IN_DATE,NO_ZERO_DATE,ERROR_FOR_DIVISION_BY_ZERO,TRADITIONAL,NO_ENGINE_SUBSTITUTION {{(pid=271831) _check_effective_sql_mode /usr/local/lib/python3.8/dist-packages/oslo_db/sqlalchemy/engines.py:314}}
Jun 29 14:14:29 datacore-PowerEdge-R740 cinder-volume[271831]: DEBUG dbcounter [-] [271831] Writer thread running {{(pid=271831) stat_writer /usr/local/lib/python3.8/dist-packages/dbcounter.py:99}}
Jun 29 14:14:29 datacore-PowerEdge-R740 cinder-volume[271831]: INFO cinder.rpc [None req-3e587862-8bfe-4094-abff-30595c1e2d1a None None] Automatically selected cinder-scheduler objects version 1.39 as minimum service version.
Jun 29 14:14:29 datacore-PowerEdge-R740 cinder-volume[271831]: INFO cinder.rpc [None req-3e587862-8bfe-4094-abff-30595c1e2d1a None None] Automatically selected cinder-scheduler RPC version 3.12 as minimum service version.
Jun 29 14:14:29 datacore-PowerEdge-R740 cinder-volume[271831]: DEBUG oslo_db.sqlalchemy.engines [None req-3e587862-8bfe-4094-abff-30595c1e2d1a None None] MySQL server mode set to STRICT_TRANS_TABLES,STRICT_ALL_TABLES,NO_ZERO_IN_DATE,NO_ZERO_DATE,ERROR_FOR_DIVISION_BY_ZERO,TRADITIONAL,NO_ENGINE_SUBSTITUTION {{(pid=271831) _check_effective_sql_mode /usr/local/lib/python3.8/dist-packages/oslo_db/sqlalchemy/engines.py:314}}
Jun 29 14:14:30 datacore-PowerEdge-R740 cinder-volume[271831]: INFO cinder.volume.manager [None req-3e587862-8bfe-4094-abff-30595c1e2d1a None None] Determined volume DB was empty at startup.
Jun 29 14:14:30 datacore-PowerEdge-R740 cinder-volume[271831]: DEBUG cinder.volume.manager [None req-3e587862-8bfe-4094-abff-30595c1e2d1a None None] Cinder Volume DB check: vol_db_empty=True {{(pid=271831) __init__ /opt/stack/cinder/cinder/volume/manager.py:290}}
Jun 29 14:14:30 datacore-PowerEdge-R740 cinder-volume[271831]: WARNING stevedore.named [None req-3e587862-8bfe-4094-abff-30595c1e2d1a None None] Could not load cinder.keymgr.conf_key_mgr.ConfKeyManager
Jun 29 14:14:30 datacore-PowerEdge-R740 cinder-volume[271831]: WARNING castellan.key_manager [None req-3e587862-8bfe-4094-abff-30595c1e2d1a None None] Deprecation Warning : cinder.keymgr.conf_key_mgr.ConfKeyManager is not a stevedore based driver, trying to load it as a class: stevedore.exception.NoMatches: No 'castellan.drivers' driver found, looking for 'cinder.keymgr.conf_key_mgr.ConfKeyManager'
Jun 29 14:14:30 datacore-PowerEdge-R740 cinder-volume[271831]: WARNING cinder.keymgr.conf_key_mgr [None req-3e587862-8bfe-4094-abff-30595c1e2d1a None None] This key manager is insecure and is not recommended for production deployments: stevedore.exception.NoMatches: No 'castellan.drivers' driver found, looking for 'cinder.keymgr.conf_key_mgr.ConfKeyManager'
Jun 29 14:14:30 datacore-PowerEdge-R740 cinder-volume[271831]: ERROR cinder.cmd.volume [None req-3e587862-8bfe-4094-abff-30595c1e2d1a None None] Volume service hostgroup@datacore_iscsi1 failed to start.: ModuleNotFoundError: No module named 'cinder.volume.drivers.datacore.iscsi'
Jun 29 14:14:30 datacore-PowerEdge-R740 cinder-volume[271831]: ERROR cinder.cmd.volume Traceback (most recent call last):
Jun 29 14:14:30 datacore-PowerEdge-R740 cinder-volume[271831]: ERROR cinder.cmd.volume   File "/opt/stack/cinder/cinder/cmd/volume.py", line 99, in _launch_service
Jun 29 14:14:30 datacore-PowerEdge-R740 cinder-volume[271831]: ERROR cinder.cmd.volume     server = service.Service.create(host=host,
Jun 29 14:14:30 datacore-PowerEdge-R740 cinder-volume[271831]: ERROR cinder.cmd.volume   File "/opt/stack/cinder/cinder/service.py", line 394, in create
Jun 29 14:14:30 datacore-PowerEdge-R740 cinder-volume[271831]: ERROR cinder.cmd.volume     service_obj = cls(host, binary, topic, manager,
Jun 29 14:14:30 datacore-PowerEdge-R740 cinder-volume[271831]: ERROR cinder.cmd.volume   File "/opt/stack/cinder/cinder/service.py", line 152, in __init__
Jun 29 14:14:30 datacore-PowerEdge-R740 cinder-volume[271831]: ERROR cinder.cmd.volume     self.manager = manager_class(host=self.host,
Jun 29 14:14:30 datacore-PowerEdge-R740 cinder-volume[271831]: ERROR cinder.cmd.volume   File "/opt/stack/cinder/cinder/volume/manager.py", line 313, in __init__
Jun 29 14:14:30 datacore-PowerEdge-R740 cinder-volume[271831]: ERROR cinder.cmd.volume     self.driver = importutils.import_object(
Jun 29 14:14:30 datacore-PowerEdge-R740 cinder-volume[271831]: ERROR cinder.cmd.volume   File "/usr/local/lib/python3.8/dist-packages/oslo_utils/importutils.py", line 44, in import_object
Jun 29 14:14:30 datacore-PowerEdge-R740 cinder-volume[271831]: ERROR cinder.cmd.volume     return import_class(import_str)(*args, **kwargs)
Jun 29 14:14:30 datacore-PowerEdge-R740 cinder-volume[271831]: ERROR cinder.cmd.volume   File "/usr/local/lib/python3.8/dist-packages/oslo_utils/importutils.py", line 30, in import_class
Jun 29 14:14:30 datacore-PowerEdge-R740 cinder-volume[271831]: ERROR cinder.cmd.volume     __import__(mod_str)
Jun 29 14:14:30 datacore-PowerEdge-R740 cinder-volume[271831]: ERROR cinder.cmd.volume ModuleNotFoundError: No module named 'cinder.volume.drivers.datacore.iscsi'
Jun 29 14:14:30 datacore-PowerEdge-R740 cinder-volume[271831]: ERROR cinder.cmd.volume 
Jun 29 14:14:30 datacore-PowerEdge-R740 cinder-volume[271831]: ERROR cinder.cmd.volume [None req-3e587862-8bfe-4094-abff-30595c1e2d1a None None] No volume service(s) started successfully, terminating.
Jun 29 14:14:30 datacore-PowerEdge-R740 cinder-volume[271831]: /usr/lib/python3/dist-packages/secretstorage/dhcrypto.py:15: CryptographyDeprecationWarning: int_from_bytes is deprecated, use int.from_bytes instead
Jun 29 14:14:30 datacore-PowerEdge-R740 cinder-volume[271831]:   from cryptography.utils import int_from_bytes
Jun 29 14:14:30 datacore-PowerEdge-R740 cinder-volume[271831]: /usr/lib/python3/dist-packages/secretstorage/util.py:19: CryptographyDeprecationWarning: int_from_bytes is deprecated, use int.from_bytes instead
Jun 29 14:14:30 datacore-PowerEdge-R740 cinder-volume[271831]:   from cryptography.utils import int_from_bytes
Jun 29 14:14:30 datacore-PowerEdge-R740 cinder-volume[271831]: /opt/stack/cinder/cinder/db/sqlalchemy/models.py:152: SAWarning: implicitly coercing SELECT object to scalar subquery; please use the .scalar_subquery() method to produce a scalar subquery.
Jun 29 14:14:30 datacore-PowerEdge-R740 cinder-volume[271831]:   last_heartbeat = column_property(
Jun 29 14:14:30 datacore-PowerEdge-R740 cinder-volume[271831]: /opt/stack/cinder/cinder/db/sqlalchemy/models.py:160: SAWarning: implicitly coercing SELECT object to scalar subquery; please use the .scalar_subquery() method to produce a scalar subquery.
Jun 29 14:14:30 datacore-PowerEdge-R740 cinder-volume[271831]:   num_hosts = column_property(
Jun 29 14:14:30 datacore-PowerEdge-R740 cinder-volume[271831]: /opt/stack/cinder/cinder/db/sqlalchemy/models.py:169: SAWarning: implicitly coercing SELECT object to scalar subquery; please use the .scalar_subquery() method to produce a scalar subquery.
Jun 29 14:14:30 datacore-PowerEdge-R740 cinder-volume[271831]:   num_down_hosts = column_property(
Jun 29 14:14:30 datacore-PowerEdge-R740 systemd[1]: devstack@c-vol.service: Main process exited, code=exited, status=1/FAILURE
Jun 29 14:14:30 datacore-PowerEdge-R740 systemd[1]: devstack@c-vol.service: Failed with result 'exit-code'.
Jun 29 14:43:41 datacore-PowerEdge-R740 systemd[1]: Started Devstack devstack@c-vol.service.
Jun 29 14:43:43 datacore-PowerEdge-R740 cinder-volume[277006]: DEBUG oslo_concurrency.lockutils [-] Acquired lock "singleton_lock" {{(pid=277006) lock /usr/local/lib/python3.8/dist-packages/oslo_concurrency/lockutils.py:294}}
Jun 29 14:43:43 datacore-PowerEdge-R740 cinder-volume[277006]: DEBUG oslo_concurrency.lockutils [-] Releasing lock "singleton_lock" {{(pid=277006) lock /usr/local/lib/python3.8/dist-packages/oslo_concurrency/lockutils.py:312}}
Jun 29 14:43:43 datacore-PowerEdge-R740 cinder-volume[277006]: INFO dbcounter [None req-a05cb52a-4d03-45da-ab41-6daca104eae2 None None] Registered counter for database cinder
Jun 29 14:43:43 datacore-PowerEdge-R740 cinder-volume[277006]: DEBUG oslo_db.sqlalchemy.engines [None req-a05cb52a-4d03-45da-ab41-6daca104eae2 None None] MySQL server mode set to STRICT_TRANS_TABLES,STRICT_ALL_TABLES,NO_ZERO_IN_DATE,NO_ZERO_DATE,ERROR_FOR_DIVISION_BY_ZERO,TRADITIONAL,NO_ENGINE_SUBSTITUTION {{(pid=277006) _check_effective_sql_mode /usr/local/lib/python3.8/dist-packages/oslo_db/sqlalchemy/engines.py:314}}
Jun 29 14:43:43 datacore-PowerEdge-R740 cinder-volume[277006]: DEBUG dbcounter [-] [277006] Writer thread running {{(pid=277006) stat_writer /usr/local/lib/python3.8/dist-packages/dbcounter.py:99}}
Jun 29 14:43:43 datacore-PowerEdge-R740 cinder-volume[277006]: INFO cinder.rpc [None req-a05cb52a-4d03-45da-ab41-6daca104eae2 None None] Automatically selected cinder-scheduler objects version 1.39 as minimum service version.
Jun 29 14:43:43 datacore-PowerEdge-R740 cinder-volume[277006]: INFO cinder.rpc [None req-a05cb52a-4d03-45da-ab41-6daca104eae2 None None] Automatically selected cinder-scheduler RPC version 3.12 as minimum service version.
Jun 29 14:43:43 datacore-PowerEdge-R740 cinder-volume[277006]: DEBUG oslo_db.sqlalchemy.engines [None req-a05cb52a-4d03-45da-ab41-6daca104eae2 None None] MySQL server mode set to STRICT_TRANS_TABLES,STRICT_ALL_TABLES,NO_ZERO_IN_DATE,NO_ZERO_DATE,ERROR_FOR_DIVISION_BY_ZERO,TRADITIONAL,NO_ENGINE_SUBSTITUTION {{(pid=277006) _check_effective_sql_mode /usr/local/lib/python3.8/dist-packages/oslo_db/sqlalchemy/engines.py:314}}
Jun 29 14:43:43 datacore-PowerEdge-R740 cinder-volume[277006]: INFO cinder.volume.manager [None req-a05cb52a-4d03-45da-ab41-6daca104eae2 None None] Determined volume DB was empty at startup.
Jun 29 14:43:43 datacore-PowerEdge-R740 cinder-volume[277006]: DEBUG cinder.volume.manager [None req-a05cb52a-4d03-45da-ab41-6daca104eae2 None None] Cinder Volume DB check: vol_db_empty=True {{(pid=277006) __init__ /opt/stack/cinder/cinder/volume/manager.py:290}}
Jun 29 14:43:43 datacore-PowerEdge-R740 cinder-volume[277006]: WARNING stevedore.named [None req-a05cb52a-4d03-45da-ab41-6daca104eae2 None None] Could not load cinder.keymgr.conf_key_mgr.ConfKeyManager
Jun 29 14:43:43 datacore-PowerEdge-R740 cinder-volume[277006]: WARNING castellan.key_manager [None req-a05cb52a-4d03-45da-ab41-6daca104eae2 None None] Deprecation Warning : cinder.keymgr.conf_key_mgr.ConfKeyManager is not a stevedore based driver, trying to load it as a class: stevedore.exception.NoMatches: No 'castellan.drivers' driver found, looking for 'cinder.keymgr.conf_key_mgr.ConfKeyManager'
Jun 29 14:43:43 datacore-PowerEdge-R740 cinder-volume[277006]: WARNING cinder.keymgr.conf_key_mgr [None req-a05cb52a-4d03-45da-ab41-6daca104eae2 None None] This key manager is insecure and is not recommended for production deployments: stevedore.exception.NoMatches: No 'castellan.drivers' driver found, looking for 'cinder.keymgr.conf_key_mgr.ConfKeyManager'
Jun 29 14:43:43 datacore-PowerEdge-R740 cinder-volume[277006]: ERROR cinder.cmd.volume [None req-a05cb52a-4d03-45da-ab41-6daca104eae2 None None] Volume service hostgroup@datacore_iscsi1 failed to start.: ModuleNotFoundError: No module named 'cinder.volume.drivers.datacore.iscsi'
Jun 29 14:43:43 datacore-PowerEdge-R740 cinder-volume[277006]: ERROR cinder.cmd.volume Traceback (most recent call last):
Jun 29 14:43:43 datacore-PowerEdge-R740 cinder-volume[277006]: ERROR cinder.cmd.volume   File "/opt/stack/cinder/cinder/cmd/volume.py", line 99, in _launch_service
Jun 29 14:43:43 datacore-PowerEdge-R740 cinder-volume[277006]: ERROR cinder.cmd.volume     server = service.Service.create(host=host,
Jun 29 14:43:43 datacore-PowerEdge-R740 cinder-volume[277006]: ERROR cinder.cmd.volume   File "/opt/stack/cinder/cinder/service.py", line 394, in create
Jun 29 14:43:43 datacore-PowerEdge-R740 cinder-volume[277006]: ERROR cinder.cmd.volume     service_obj = cls(host, binary, topic, manager,
Jun 29 14:43:43 datacore-PowerEdge-R740 cinder-volume[277006]: ERROR cinder.cmd.volume   File "/opt/stack/cinder/cinder/service.py", line 152, in __init__
Jun 29 14:43:43 datacore-PowerEdge-R740 cinder-volume[277006]: ERROR cinder.cmd.volume     self.manager = manager_class(host=self.host,
Jun 29 14:43:43 datacore-PowerEdge-R740 cinder-volume[277006]: ERROR cinder.cmd.volume   File "/opt/stack/cinder/cinder/volume/manager.py", line 313, in __init__
Jun 29 14:43:43 datacore-PowerEdge-R740 cinder-volume[277006]: ERROR cinder.cmd.volume     self.driver = importutils.import_object(
Jun 29 14:43:43 datacore-PowerEdge-R740 cinder-volume[277006]: ERROR cinder.cmd.volume   File "/usr/local/lib/python3.8/dist-packages/oslo_utils/importutils.py", line 44, in import_object
Jun 29 14:43:43 datacore-PowerEdge-R740 cinder-volume[277006]: ERROR cinder.cmd.volume     return import_class(import_str)(*args, **kwargs)
Jun 29 14:43:43 datacore-PowerEdge-R740 cinder-volume[277006]: ERROR cinder.cmd.volume   File "/usr/local/lib/python3.8/dist-packages/oslo_utils/importutils.py", line 30, in import_class
Jun 29 14:43:43 datacore-PowerEdge-R740 cinder-volume[277006]: ERROR cinder.cmd.volume     __import__(mod_str)
Jun 29 14:43:43 datacore-PowerEdge-R740 cinder-volume[277006]: ERROR cinder.cmd.volume ModuleNotFoundError: No module named 'cinder.volume.drivers.datacore.iscsi'
Jun 29 14:43:43 datacore-PowerEdge-R740 cinder-volume[277006]: ERROR cinder.cmd.volume 
Jun 29 14:43:43 datacore-PowerEdge-R740 cinder-volume[277006]: ERROR cinder.cmd.volume [None req-a05cb52a-4d03-45da-ab41-6daca104eae2 None None] No volume service(s) started successfully, terminating.
Jun 29 14:43:43 datacore-PowerEdge-R740 cinder-volume[277006]: /usr/lib/python3/dist-packages/secretstorage/dhcrypto.py:15: CryptographyDeprecationWarning: int_from_bytes is deprecated, use int.from_bytes instead
Jun 29 14:43:43 datacore-PowerEdge-R740 cinder-volume[277006]:   from cryptography.utils import int_from_bytes
Jun 29 14:43:43 datacore-PowerEdge-R740 cinder-volume[277006]: /usr/lib/python3/dist-packages/secretstorage/util.py:19: CryptographyDeprecationWarning: int_from_bytes is deprecated, use int.from_bytes instead
Jun 29 14:43:43 datacore-PowerEdge-R740 cinder-volume[277006]:   from cryptography.utils import int_from_bytes
Jun 29 14:43:43 datacore-PowerEdge-R740 cinder-volume[277006]: /opt/stack/cinder/cinder/db/sqlalchemy/models.py:152: SAWarning: implicitly coercing SELECT object to scalar subquery; please use the .scalar_subquery() method to produce a scalar subquery.
Jun 29 14:43:43 datacore-PowerEdge-R740 cinder-volume[277006]:   last_heartbeat = column_property(
Jun 29 14:43:43 datacore-PowerEdge-R740 cinder-volume[277006]: /opt/stack/cinder/cinder/db/sqlalchemy/models.py:160: SAWarning: implicitly coercing SELECT object to scalar subquery; please use the .scalar_subquery() method to produce a scalar subquery.
Jun 29 14:43:43 datacore-PowerEdge-R740 cinder-volume[277006]:   num_hosts = column_property(
Jun 29 14:43:43 datacore-PowerEdge-R740 cinder-volume[277006]: /opt/stack/cinder/cinder/db/sqlalchemy/models.py:169: SAWarning: implicitly coercing SELECT object to scalar subquery; please use the .scalar_subquery() method to produce a scalar subquery.
Jun 29 14:43:43 datacore-PowerEdge-R740 cinder-volume[277006]:   num_down_hosts = column_property(
Jun 29 14:43:44 datacore-PowerEdge-R740 systemd[1]: devstack@c-vol.service: Main process exited, code=exited, status=1/FAILURE
Jun 29 14:43:44 datacore-PowerEdge-R740 systemd[1]: devstack@c-vol.service: Failed with result 'exit-code'.
Jun 29 14:43:59 datacore-PowerEdge-R740 systemd[1]: Started Devstack devstack@c-vol.service.
Jun 29 14:44:01 datacore-PowerEdge-R740 cinder-volume[277610]: DEBUG oslo_concurrency.lockutils [-] Acquired lock "singleton_lock" {{(pid=277610) lock /usr/local/lib/python3.8/dist-packages/oslo_concurrency/lockutils.py:294}}
Jun 29 14:44:01 datacore-PowerEdge-R740 cinder-volume[277610]: DEBUG oslo_concurrency.lockutils [-] Releasing lock "singleton_lock" {{(pid=277610) lock /usr/local/lib/python3.8/dist-packages/oslo_concurrency/lockutils.py:312}}
Jun 29 14:44:01 datacore-PowerEdge-R740 cinder-volume[277610]: INFO dbcounter [None req-d1120765-5541-42b4-9039-cc93e3a86019 None None] Registered counter for database cinder
Jun 29 14:44:01 datacore-PowerEdge-R740 cinder-volume[277610]: DEBUG oslo_db.sqlalchemy.engines [None req-d1120765-5541-42b4-9039-cc93e3a86019 None None] MySQL server mode set to STRICT_TRANS_TABLES,STRICT_ALL_TABLES,NO_ZERO_IN_DATE,NO_ZERO_DATE,ERROR_FOR_DIVISION_BY_ZERO,TRADITIONAL,NO_ENGINE_SUBSTITUTION {{(pid=277610) _check_effective_sql_mode /usr/local/lib/python3.8/dist-packages/oslo_db/sqlalchemy/engines.py:314}}
Jun 29 14:44:01 datacore-PowerEdge-R740 cinder-volume[277610]: DEBUG dbcounter [-] [277610] Writer thread running {{(pid=277610) stat_writer /usr/local/lib/python3.8/dist-packages/dbcounter.py:99}}
Jun 29 14:44:01 datacore-PowerEdge-R740 cinder-volume[277610]: INFO cinder.rpc [None req-d1120765-5541-42b4-9039-cc93e3a86019 None None] Automatically selected cinder-scheduler objects version 1.39 as minimum service version.
Jun 29 14:44:01 datacore-PowerEdge-R740 cinder-volume[277610]: INFO cinder.rpc [None req-d1120765-5541-42b4-9039-cc93e3a86019 None None] Automatically selected cinder-scheduler RPC version 3.12 as minimum service version.
Jun 29 14:44:01 datacore-PowerEdge-R740 cinder-volume[277610]: DEBUG oslo_db.sqlalchemy.engines [None req-d1120765-5541-42b4-9039-cc93e3a86019 None None] MySQL server mode set to STRICT_TRANS_TABLES,STRICT_ALL_TABLES,NO_ZERO_IN_DATE,NO_ZERO_DATE,ERROR_FOR_DIVISION_BY_ZERO,TRADITIONAL,NO_ENGINE_SUBSTITUTION {{(pid=277610) _check_effective_sql_mode /usr/local/lib/python3.8/dist-packages/oslo_db/sqlalchemy/engines.py:314}}
Jun 29 14:44:01 datacore-PowerEdge-R740 cinder-volume[277610]: INFO cinder.volume.manager [None req-d1120765-5541-42b4-9039-cc93e3a86019 None None] Determined volume DB was empty at startup.
Jun 29 14:44:01 datacore-PowerEdge-R740 cinder-volume[277610]: DEBUG cinder.volume.manager [None req-d1120765-5541-42b4-9039-cc93e3a86019 None None] Cinder Volume DB check: vol_db_empty=True {{(pid=277610) __init__ /opt/stack/cinder/cinder/volume/manager.py:290}}
Jun 29 14:44:01 datacore-PowerEdge-R740 cinder-volume[277610]: WARNING stevedore.named [None req-d1120765-5541-42b4-9039-cc93e3a86019 None None] Could not load cinder.keymgr.conf_key_mgr.ConfKeyManager
Jun 29 14:44:01 datacore-PowerEdge-R740 cinder-volume[277610]: WARNING castellan.key_manager [None req-d1120765-5541-42b4-9039-cc93e3a86019 None None] Deprecation Warning : cinder.keymgr.conf_key_mgr.ConfKeyManager is not a stevedore based driver, trying to load it as a class: stevedore.exception.NoMatches: No 'castellan.drivers' driver found, looking for 'cinder.keymgr.conf_key_mgr.ConfKeyManager'
Jun 29 14:44:01 datacore-PowerEdge-R740 cinder-volume[277610]: WARNING cinder.keymgr.conf_key_mgr [None req-d1120765-5541-42b4-9039-cc93e3a86019 None None] This key manager is insecure and is not recommended for production deployments: stevedore.exception.NoMatches: No 'castellan.drivers' driver found, looking for 'cinder.keymgr.conf_key_mgr.ConfKeyManager'
Jun 29 14:44:01 datacore-PowerEdge-R740 cinder-volume[277610]: ERROR cinder.cmd.volume [None req-d1120765-5541-42b4-9039-cc93e3a86019 None None] Volume service hostgroup@datacore_iscsi1 failed to start.: ModuleNotFoundError: No module named 'cinder.volume.drivers.datacore.iscsi'
Jun 29 14:44:01 datacore-PowerEdge-R740 cinder-volume[277610]: ERROR cinder.cmd.volume Traceback (most recent call last):
Jun 29 14:44:01 datacore-PowerEdge-R740 cinder-volume[277610]: ERROR cinder.cmd.volume   File "/opt/stack/cinder/cinder/cmd/volume.py", line 99, in _launch_service
Jun 29 14:44:01 datacore-PowerEdge-R740 cinder-volume[277610]: ERROR cinder.cmd.volume     server = service.Service.create(host=host,
Jun 29 14:44:01 datacore-PowerEdge-R740 cinder-volume[277610]: ERROR cinder.cmd.volume   File "/opt/stack/cinder/cinder/service.py", line 394, in create
Jun 29 14:44:01 datacore-PowerEdge-R740 cinder-volume[277610]: ERROR cinder.cmd.volume     service_obj = cls(host, binary, topic, manager,
Jun 29 14:44:01 datacore-PowerEdge-R740 cinder-volume[277610]: ERROR cinder.cmd.volume   File "/opt/stack/cinder/cinder/service.py", line 152, in __init__
Jun 29 14:44:01 datacore-PowerEdge-R740 cinder-volume[277610]: ERROR cinder.cmd.volume     self.manager = manager_class(host=self.host,
Jun 29 14:44:01 datacore-PowerEdge-R740 cinder-volume[277610]: ERROR cinder.cmd.volume   File "/opt/stack/cinder/cinder/volume/manager.py", line 313, in __init__
Jun 29 14:44:01 datacore-PowerEdge-R740 cinder-volume[277610]: ERROR cinder.cmd.volume     self.driver = importutils.import_object(
Jun 29 14:44:01 datacore-PowerEdge-R740 cinder-volume[277610]: ERROR cinder.cmd.volume   File "/usr/local/lib/python3.8/dist-packages/oslo_utils/importutils.py", line 44, in import_object
Jun 29 14:44:01 datacore-PowerEdge-R740 cinder-volume[277610]: ERROR cinder.cmd.volume     return import_class(import_str)(*args, **kwargs)
Jun 29 14:44:01 datacore-PowerEdge-R740 cinder-volume[277610]: ERROR cinder.cmd.volume   File "/usr/local/lib/python3.8/dist-packages/oslo_utils/importutils.py", line 30, in import_class
Jun 29 14:44:01 datacore-PowerEdge-R740 cinder-volume[277610]: ERROR cinder.cmd.volume     __import__(mod_str)
Jun 29 14:44:01 datacore-PowerEdge-R740 cinder-volume[277610]: ERROR cinder.cmd.volume ModuleNotFoundError: No module named 'cinder.volume.drivers.datacore.iscsi'
Jun 29 14:44:01 datacore-PowerEdge-R740 cinder-volume[277610]: ERROR cinder.cmd.volume 
Jun 29 14:44:01 datacore-PowerEdge-R740 cinder-volume[277610]: ERROR cinder.cmd.volume [None req-d1120765-5541-42b4-9039-cc93e3a86019 None None] No volume service(s) started successfully, terminating.
Jun 29 14:44:01 datacore-PowerEdge-R740 cinder-volume[277610]: /usr/lib/python3/dist-packages/secretstorage/dhcrypto.py:15: CryptographyDeprecationWarning: int_from_bytes is deprecated, use int.from_bytes instead
Jun 29 14:44:01 datacore-PowerEdge-R740 cinder-volume[277610]:   from cryptography.utils import int_from_bytes
Jun 29 14:44:01 datacore-PowerEdge-R740 cinder-volume[277610]: /usr/lib/python3/dist-packages/secretstorage/util.py:19: CryptographyDeprecationWarning: int_from_bytes is deprecated, use int.from_bytes instead
Jun 29 14:44:01 datacore-PowerEdge-R740 cinder-volume[277610]:   from cryptography.utils import int_from_bytes
Jun 29 14:44:01 datacore-PowerEdge-R740 cinder-volume[277610]: /opt/stack/cinder/cinder/db/sqlalchemy/models.py:152: SAWarning: implicitly coercing SELECT object to scalar subquery; please use the .scalar_subquery() method to produce a scalar subquery.
Jun 29 14:44:01 datacore-PowerEdge-R740 cinder-volume[277610]:   last_heartbeat = column_property(
Jun 29 14:44:01 datacore-PowerEdge-R740 cinder-volume[277610]: /opt/stack/cinder/cinder/db/sqlalchemy/models.py:160: SAWarning: implicitly coercing SELECT object to scalar subquery; please use the .scalar_subquery() method to produce a scalar subquery.
Jun 29 14:44:01 datacore-PowerEdge-R740 cinder-volume[277610]:   num_hosts = column_property(
Jun 29 14:44:01 datacore-PowerEdge-R740 cinder-volume[277610]: /opt/stack/cinder/cinder/db/sqlalchemy/models.py:169: SAWarning: implicitly coercing SELECT object to scalar subquery; please use the .scalar_subquery() method to produce a scalar subquery.
Jun 29 14:44:01 datacore-PowerEdge-R740 cinder-volume[277610]:   num_down_hosts = column_property(
Jun 29 14:44:02 datacore-PowerEdge-R740 systemd[1]: devstack@c-vol.service: Main process exited, code=exited, status=1/FAILURE
Jun 29 14:44:02 datacore-PowerEdge-R740 systemd[1]: devstack@c-vol.service: Failed with result 'exit-code'.
