-- Logs begin at Mon 2022-10-17 17:14:13 IST, end at Mon 2022-10-17 17:14:25 IST. --
Oct 17 17:14:14 datacore-PowerEdge-R740 sudo[1624446]: pam_unix(sudo:session): session closed for user root
Oct 17 17:14:14 datacore-PowerEdge-R740 cinder-volume[1624439]: DEBUG oslo_concurrency.processutils [None req-8da58e4f-4636-4b24-b0a1-1834cdd75a6e None None] CMD "sudo cinder-rootwrap /etc/cinder/rootwrap.conf env LC_ALL=C vgs --noheadings -o name stack-volumes-lvmdriver-1" returned: 0 in 1.125s {{(pid=1624439) execute /usr/local/lib/python3.8/dist-packages/oslo_concurrency/processutils.py:422}}
Oct 17 17:14:14 datacore-PowerEdge-R740 cinder-volume[1624439]: DEBUG oslo_concurrency.processutils [None req-8da58e4f-4636-4b24-b0a1-1834cdd75a6e None None] Running cmd (subprocess): sudo cinder-rootwrap /etc/cinder/rootwrap.conf env LC_ALL=C lvs --noheadings --unit=g -o vg_name,name,size --nosuffix --readonly stack-volumes-lvmdriver-1/stack-volumes-lvmdriver-1-pool {{(pid=1624439) execute /usr/local/lib/python3.8/dist-packages/oslo_concurrency/processutils.py:384}}
Oct 17 17:14:14 datacore-PowerEdge-R740 sudo[1624490]:    stack : TTY=unknown ; PWD=/ ; USER=root ; COMMAND=/usr/local/bin/cinder-rootwrap /etc/cinder/rootwrap.conf env LC_ALL=C lvs --noheadings --unit=g -o vg_name,name,size --nosuffix --readonly stack-volumes-lvmdriver-1/stack-volumes-lvmdriver-1-pool
Oct 17 17:14:14 datacore-PowerEdge-R740 sudo[1624490]: pam_unix(sudo:session): session opened for user root by (uid=0)
Oct 17 17:14:15 datacore-PowerEdge-R740 sudo[1624490]: pam_unix(sudo:session): session closed for user root
Oct 17 17:14:15 datacore-PowerEdge-R740 cinder-volume[1624439]: DEBUG oslo_concurrency.processutils [None req-8da58e4f-4636-4b24-b0a1-1834cdd75a6e None None] CMD "sudo cinder-rootwrap /etc/cinder/rootwrap.conf env LC_ALL=C lvs --noheadings --unit=g -o vg_name,name,size --nosuffix --readonly stack-volumes-lvmdriver-1/stack-volumes-lvmdriver-1-pool" returned: 0 in 1.075s {{(pid=1624439) execute /usr/local/lib/python3.8/dist-packages/oslo_concurrency/processutils.py:422}}
Oct 17 17:14:15 datacore-PowerEdge-R740 cinder-volume[1624439]: DEBUG oslo_concurrency.processutils [None req-8da58e4f-4636-4b24-b0a1-1834cdd75a6e None None] Running cmd (subprocess): env LC_ALL=C lvm version {{(pid=1624439) execute /usr/local/lib/python3.8/dist-packages/oslo_concurrency/processutils.py:384}}
Oct 17 17:14:15 datacore-PowerEdge-R740 cinder-volume[1624439]: DEBUG oslo_concurrency.processutils [None req-8da58e4f-4636-4b24-b0a1-1834cdd75a6e None None] CMD "env LC_ALL=C lvm version" returned: 0 in 0.018s {{(pid=1624439) execute /usr/local/lib/python3.8/dist-packages/oslo_concurrency/processutils.py:422}}
Oct 17 17:14:15 datacore-PowerEdge-R740 cinder-volume[1624439]: DEBUG oslo_concurrency.processutils [None req-8da58e4f-4636-4b24-b0a1-1834cdd75a6e None None] Running cmd (subprocess): sudo cinder-rootwrap /etc/cinder/rootwrap.conf lvchange -a y --yes -K stack-volumes-lvmdriver-1/stack-volumes-lvmdriver-1-pool {{(pid=1624439) execute /usr/local/lib/python3.8/dist-packages/oslo_concurrency/processutils.py:384}}
Oct 17 17:14:15 datacore-PowerEdge-R740 sudo[1624543]:    stack : TTY=unknown ; PWD=/ ; USER=root ; COMMAND=/usr/local/bin/cinder-rootwrap /etc/cinder/rootwrap.conf lvchange -a y --yes -K stack-volumes-lvmdriver-1/stack-volumes-lvmdriver-1-pool
Oct 17 17:14:15 datacore-PowerEdge-R740 sudo[1624543]: pam_unix(sudo:session): session opened for user root by (uid=0)
Oct 17 17:14:16 datacore-PowerEdge-R740 sudo[1624543]: pam_unix(sudo:session): session closed for user root
Oct 17 17:14:16 datacore-PowerEdge-R740 cinder-volume[1624439]: DEBUG oslo_concurrency.processutils [None req-8da58e4f-4636-4b24-b0a1-1834cdd75a6e None None] CMD "sudo cinder-rootwrap /etc/cinder/rootwrap.conf lvchange -a y --yes -K stack-volumes-lvmdriver-1/stack-volumes-lvmdriver-1-pool" returned: 0 in 0.868s {{(pid=1624439) execute /usr/local/lib/python3.8/dist-packages/oslo_concurrency/processutils.py:422}}
Oct 17 17:14:16 datacore-PowerEdge-R740 cinder-volume[1624439]: DEBUG oslo_concurrency.processutils [None req-8da58e4f-4636-4b24-b0a1-1834cdd75a6e None None] Running cmd (subprocess): env LC_ALL=C lvm version {{(pid=1624439) execute /usr/local/lib/python3.8/dist-packages/oslo_concurrency/processutils.py:384}}
Oct 17 17:14:16 datacore-PowerEdge-R740 cinder-volume[1624439]: DEBUG oslo_concurrency.processutils [None req-8da58e4f-4636-4b24-b0a1-1834cdd75a6e None None] CMD "env LC_ALL=C lvm version" returned: 0 in 0.017s {{(pid=1624439) execute /usr/local/lib/python3.8/dist-packages/oslo_concurrency/processutils.py:422}}
Oct 17 17:14:16 datacore-PowerEdge-R740 cinder-volume[1624439]: DEBUG oslo_concurrency.processutils [None req-8da58e4f-4636-4b24-b0a1-1834cdd75a6e None None] Running cmd (subprocess): sudo cinder-rootwrap /etc/cinder/rootwrap.conf env LC_ALL=C pvs --noheadings --unit=g -o vg_name,name,size,free --separator | --nosuffix --ignoreskippedcluster {{(pid=1624439) execute /usr/local/lib/python3.8/dist-packages/oslo_concurrency/processutils.py:384}}
Oct 17 17:14:16 datacore-PowerEdge-R740 sudo[1624681]:    stack : TTY=unknown ; PWD=/ ; USER=root ; COMMAND=/usr/local/bin/cinder-rootwrap /etc/cinder/rootwrap.conf env LC_ALL=C pvs --noheadings --unit=g -o vg_name,name,size,free --separator | --nosuffix --ignoreskippedcluster
Oct 17 17:14:16 datacore-PowerEdge-R740 sudo[1624681]: pam_unix(sudo:session): session opened for user root by (uid=0)
Oct 17 17:14:16 datacore-PowerEdge-R740 sudo[1624681]: pam_unix(sudo:session): session closed for user root
Oct 17 17:14:16 datacore-PowerEdge-R740 cinder-volume[1624439]: DEBUG oslo_concurrency.processutils [None req-8da58e4f-4636-4b24-b0a1-1834cdd75a6e None None] CMD "sudo cinder-rootwrap /etc/cinder/rootwrap.conf env LC_ALL=C pvs --noheadings --unit=g -o vg_name,name,size,free --separator | --nosuffix --ignoreskippedcluster" returned: 0 in 0.688s {{(pid=1624439) execute /usr/local/lib/python3.8/dist-packages/oslo_concurrency/processutils.py:422}}
Oct 17 17:14:16 datacore-PowerEdge-R740 cinder-volume[1624439]: DEBUG oslo_concurrency.processutils [None req-8da58e4f-4636-4b24-b0a1-1834cdd75a6e None None] Running cmd (subprocess): sudo cinder-rootwrap /etc/cinder/rootwrap.conf env LC_ALL=C vgs --noheadings --unit=g -o name,size,free,lv_count,uuid --separator : --nosuffix stack-volumes-lvmdriver-1 {{(pid=1624439) execute /usr/local/lib/python3.8/dist-packages/oslo_concurrency/processutils.py:384}}
Oct 17 17:14:16 datacore-PowerEdge-R740 sudo[1624722]:    stack : TTY=unknown ; PWD=/ ; USER=root ; COMMAND=/usr/local/bin/cinder-rootwrap /etc/cinder/rootwrap.conf env LC_ALL=C vgs --noheadings --unit=g -o name,size,free,lv_count,uuid --separator : --nosuffix stack-volumes-lvmdriver-1
Oct 17 17:14:16 datacore-PowerEdge-R740 sudo[1624722]: pam_unix(sudo:session): session opened for user root by (uid=0)
Oct 17 17:14:17 datacore-PowerEdge-R740 sudo[1624722]: pam_unix(sudo:session): session closed for user root
Oct 17 17:14:17 datacore-PowerEdge-R740 cinder-volume[1624439]: DEBUG oslo_concurrency.processutils [None req-8da58e4f-4636-4b24-b0a1-1834cdd75a6e None None] CMD "sudo cinder-rootwrap /etc/cinder/rootwrap.conf env LC_ALL=C vgs --noheadings --unit=g -o name,size,free,lv_count,uuid --separator : --nosuffix stack-volumes-lvmdriver-1" returned: 0 in 0.692s {{(pid=1624439) execute /usr/local/lib/python3.8/dist-packages/oslo_concurrency/processutils.py:422}}
Oct 17 17:14:17 datacore-PowerEdge-R740 cinder-volume[1624439]: DEBUG oslo_concurrency.processutils [None req-8da58e4f-4636-4b24-b0a1-1834cdd75a6e None None] Running cmd (subprocess): sudo cinder-rootwrap /etc/cinder/rootwrap.conf env LC_ALL=C vgs --noheadings --unit=g -o name,size,free,lv_count,uuid --separator : --nosuffix stack-volumes-lvmdriver-1 {{(pid=1624439) execute /usr/local/lib/python3.8/dist-packages/oslo_concurrency/processutils.py:384}}
Oct 17 17:14:17 datacore-PowerEdge-R740 sudo[1624761]:    stack : TTY=unknown ; PWD=/ ; USER=root ; COMMAND=/usr/local/bin/cinder-rootwrap /etc/cinder/rootwrap.conf env LC_ALL=C vgs --noheadings --unit=g -o name,size,free,lv_count,uuid --separator : --nosuffix stack-volumes-lvmdriver-1
Oct 17 17:14:17 datacore-PowerEdge-R740 sudo[1624761]: pam_unix(sudo:session): session opened for user root by (uid=0)
Oct 17 17:14:18 datacore-PowerEdge-R740 sudo[1624761]: pam_unix(sudo:session): session closed for user root
Oct 17 17:14:18 datacore-PowerEdge-R740 cinder-volume[1624439]: DEBUG oslo_concurrency.processutils [None req-8da58e4f-4636-4b24-b0a1-1834cdd75a6e None None] CMD "sudo cinder-rootwrap /etc/cinder/rootwrap.conf env LC_ALL=C vgs --noheadings --unit=g -o name,size,free,lv_count,uuid --separator : --nosuffix stack-volumes-lvmdriver-1" returned: 0 in 0.643s {{(pid=1624439) execute /usr/local/lib/python3.8/dist-packages/oslo_concurrency/processutils.py:422}}
Oct 17 17:14:18 datacore-PowerEdge-R740 cinder-volume[1624439]: DEBUG oslo_concurrency.processutils [None req-8da58e4f-4636-4b24-b0a1-1834cdd75a6e None None] Running cmd (subprocess): sudo cinder-rootwrap /etc/cinder/rootwrap.conf env LC_ALL=C lvs --noheadings --unit=g -o vg_name,name,size --nosuffix --readonly stack-volumes-lvmdriver-1 {{(pid=1624439) execute /usr/local/lib/python3.8/dist-packages/oslo_concurrency/processutils.py:384}}
Oct 17 17:14:18 datacore-PowerEdge-R740 sudo[1624767]:    stack : TTY=unknown ; PWD=/ ; USER=root ; COMMAND=/usr/local/bin/cinder-rootwrap /etc/cinder/rootwrap.conf env LC_ALL=C lvs --noheadings --unit=g -o vg_name,name,size --nosuffix --readonly stack-volumes-lvmdriver-1
Oct 17 17:14:18 datacore-PowerEdge-R740 sudo[1624767]: pam_unix(sudo:session): session opened for user root by (uid=0)
Oct 17 17:14:18 datacore-PowerEdge-R740 sudo[1624767]: pam_unix(sudo:session): session closed for user root
Oct 17 17:14:18 datacore-PowerEdge-R740 cinder-volume[1624439]: DEBUG oslo_concurrency.processutils [None req-8da58e4f-4636-4b24-b0a1-1834cdd75a6e None None] CMD "sudo cinder-rootwrap /etc/cinder/rootwrap.conf env LC_ALL=C lvs --noheadings --unit=g -o vg_name,name,size --nosuffix --readonly stack-volumes-lvmdriver-1" returned: 0 in 0.621s {{(pid=1624439) execute /usr/local/lib/python3.8/dist-packages/oslo_concurrency/processutils.py:422}}
Oct 17 17:14:18 datacore-PowerEdge-R740 cinder-volume[1624439]: DEBUG oslo_concurrency.processutils [None req-8da58e4f-4636-4b24-b0a1-1834cdd75a6e None None] Running cmd (subprocess): sudo cinder-rootwrap /etc/cinder/rootwrap.conf env LC_ALL=C lvs --noheadings --unit=g -o size,data_percent --separator : --nosuffix /dev/stack-volumes-lvmdriver-1/stack-volumes-lvmdriver-1-pool {{(pid=1624439) execute /usr/local/lib/python3.8/dist-packages/oslo_concurrency/processutils.py:384}}
Oct 17 17:14:18 datacore-PowerEdge-R740 sudo[1624771]:    stack : TTY=unknown ; PWD=/ ; USER=root ; COMMAND=/usr/local/bin/cinder-rootwrap /etc/cinder/rootwrap.conf env LC_ALL=C lvs --noheadings --unit=g -o size,data_percent --separator : --nosuffix /dev/stack-volumes-lvmdriver-1/stack-volumes-lvmdriver-1-pool
Oct 17 17:14:18 datacore-PowerEdge-R740 sudo[1624771]: pam_unix(sudo:session): session opened for user root by (uid=0)
Oct 17 17:14:19 datacore-PowerEdge-R740 sudo[1624771]: pam_unix(sudo:session): session closed for user root
Oct 17 17:14:19 datacore-PowerEdge-R740 cinder-volume[1624439]: DEBUG oslo_concurrency.processutils [None req-8da58e4f-4636-4b24-b0a1-1834cdd75a6e None None] CMD "sudo cinder-rootwrap /etc/cinder/rootwrap.conf env LC_ALL=C lvs --noheadings --unit=g -o size,data_percent --separator : --nosuffix /dev/stack-volumes-lvmdriver-1/stack-volumes-lvmdriver-1-pool" returned: 0 in 0.614s {{(pid=1624439) execute /usr/local/lib/python3.8/dist-packages/oslo_concurrency/processutils.py:422}}
Oct 17 17:14:19 datacore-PowerEdge-R740 cinder-volume[1624439]: DEBUG oslo_concurrency.processutils [None req-8da58e4f-4636-4b24-b0a1-1834cdd75a6e None None] Running cmd (subprocess): env LC_ALL=C lvm version {{(pid=1624439) execute /usr/local/lib/python3.8/dist-packages/oslo_concurrency/processutils.py:384}}
Oct 17 17:14:19 datacore-PowerEdge-R740 cinder-volume[1624439]: DEBUG oslo_concurrency.processutils [None req-8da58e4f-4636-4b24-b0a1-1834cdd75a6e None None] CMD "env LC_ALL=C lvm version" returned: 0 in 0.018s {{(pid=1624439) execute /usr/local/lib/python3.8/dist-packages/oslo_concurrency/processutils.py:422}}
Oct 17 17:14:19 datacore-PowerEdge-R740 cinder-volume[1624439]: DEBUG oslo_concurrency.processutils [None req-8da58e4f-4636-4b24-b0a1-1834cdd75a6e None None] Running cmd (subprocess): sudo cinder-rootwrap /etc/cinder/rootwrap.conf env LC_ALL=C lvs --noheadings --unit=g -o vg_name,name,size --nosuffix --readonly stack-volumes-lvmdriver-1/stack-volumes-lvmdriver-1-pool {{(pid=1624439) execute /usr/local/lib/python3.8/dist-packages/oslo_concurrency/processutils.py:384}}
Oct 17 17:14:19 datacore-PowerEdge-R740 sudo[1624776]:    stack : TTY=unknown ; PWD=/ ; USER=root ; COMMAND=/usr/local/bin/cinder-rootwrap /etc/cinder/rootwrap.conf env LC_ALL=C lvs --noheadings --unit=g -o vg_name,name,size --nosuffix --readonly stack-volumes-lvmdriver-1/stack-volumes-lvmdriver-1-pool
Oct 17 17:14:19 datacore-PowerEdge-R740 sudo[1624776]: pam_unix(sudo:session): session opened for user root by (uid=0)
Oct 17 17:14:20 datacore-PowerEdge-R740 sudo[1624776]: pam_unix(sudo:session): session closed for user root
Oct 17 17:14:20 datacore-PowerEdge-R740 cinder-volume[1624439]: DEBUG oslo_concurrency.processutils [None req-8da58e4f-4636-4b24-b0a1-1834cdd75a6e None None] CMD "sudo cinder-rootwrap /etc/cinder/rootwrap.conf env LC_ALL=C lvs --noheadings --unit=g -o vg_name,name,size --nosuffix --readonly stack-volumes-lvmdriver-1/stack-volumes-lvmdriver-1-pool" returned: 0 in 0.601s {{(pid=1624439) execute /usr/local/lib/python3.8/dist-packages/oslo_concurrency/processutils.py:422}}
Oct 17 17:14:20 datacore-PowerEdge-R740 cinder-volume[1624439]: INFO cinder.volume.drivers.lvm [None req-8da58e4f-4636-4b24-b0a1-1834cdd75a6e None None] Enabling LVM thin provisioning by default because a thin pool exists.
Oct 17 17:14:20 datacore-PowerEdge-R740 cinder-volume[1624439]: DEBUG oslo_concurrency.processutils [None req-8da58e4f-4636-4b24-b0a1-1834cdd75a6e None None] Running cmd (subprocess): env LC_ALL=C lvm version {{(pid=1624439) execute /usr/local/lib/python3.8/dist-packages/oslo_concurrency/processutils.py:384}}
Oct 17 17:14:20 datacore-PowerEdge-R740 cinder-volume[1624439]: DEBUG oslo_concurrency.processutils [None req-8da58e4f-4636-4b24-b0a1-1834cdd75a6e None None] CMD "env LC_ALL=C lvm version" returned: 0 in 0.019s {{(pid=1624439) execute /usr/local/lib/python3.8/dist-packages/oslo_concurrency/processutils.py:422}}
Oct 17 17:14:20 datacore-PowerEdge-R740 cinder-volume[1624439]: DEBUG oslo_concurrency.processutils [None req-8da58e4f-4636-4b24-b0a1-1834cdd75a6e None None] Running cmd (subprocess): sudo cinder-rootwrap /etc/cinder/rootwrap.conf env LC_ALL=C lvs --noheadings --unit=g -o vg_name,name,size --nosuffix --readonly stack-volumes-lvmdriver-1/stack-volumes-lvmdriver-1-pool {{(pid=1624439) execute /usr/local/lib/python3.8/dist-packages/oslo_concurrency/processutils.py:384}}
Oct 17 17:14:20 datacore-PowerEdge-R740 sudo[1624781]:    stack : TTY=unknown ; PWD=/ ; USER=root ; COMMAND=/usr/local/bin/cinder-rootwrap /etc/cinder/rootwrap.conf env LC_ALL=C lvs --noheadings --unit=g -o vg_name,name,size --nosuffix --readonly stack-volumes-lvmdriver-1/stack-volumes-lvmdriver-1-pool
Oct 17 17:14:20 datacore-PowerEdge-R740 sudo[1624781]: pam_unix(sudo:session): session opened for user root by (uid=0)
Oct 17 17:14:20 datacore-PowerEdge-R740 sudo[1624781]: pam_unix(sudo:session): session closed for user root
Oct 17 17:14:20 datacore-PowerEdge-R740 cinder-volume[1624439]: DEBUG oslo_concurrency.processutils [None req-8da58e4f-4636-4b24-b0a1-1834cdd75a6e None None] CMD "sudo cinder-rootwrap /etc/cinder/rootwrap.conf env LC_ALL=C lvs --noheadings --unit=g -o vg_name,name,size --nosuffix --readonly stack-volumes-lvmdriver-1/stack-volumes-lvmdriver-1-pool" returned: 0 in 0.613s {{(pid=1624439) execute /usr/local/lib/python3.8/dist-packages/oslo_concurrency/processutils.py:422}}
Oct 17 17:14:20 datacore-PowerEdge-R740 cinder-volume[1624439]: DEBUG cinder.volume.drivers.lvm [None req-8da58e4f-4636-4b24-b0a1-1834cdd75a6e None None] Updating volume stats {{(pid=1624439) _update_volume_stats /opt/stack/cinder/cinder/volume/drivers/lvm.py:213}}
Oct 17 17:14:20 datacore-PowerEdge-R740 cinder-volume[1624439]: DEBUG oslo_concurrency.processutils [None req-8da58e4f-4636-4b24-b0a1-1834cdd75a6e None None] Running cmd (subprocess): sudo cinder-rootwrap /etc/cinder/rootwrap.conf env LC_ALL=C vgs --noheadings --unit=g -o name,size,free,lv_count,uuid --separator : --nosuffix stack-volumes-lvmdriver-1 {{(pid=1624439) execute /usr/local/lib/python3.8/dist-packages/oslo_concurrency/processutils.py:384}}
Oct 17 17:14:20 datacore-PowerEdge-R740 sudo[1624796]:    stack : TTY=unknown ; PWD=/ ; USER=root ; COMMAND=/usr/local/bin/cinder-rootwrap /etc/cinder/rootwrap.conf env LC_ALL=C vgs --noheadings --unit=g -o name,size,free,lv_count,uuid --separator : --nosuffix stack-volumes-lvmdriver-1
Oct 17 17:14:20 datacore-PowerEdge-R740 sudo[1624796]: pam_unix(sudo:session): session opened for user root by (uid=0)
Oct 17 17:14:21 datacore-PowerEdge-R740 sudo[1624796]: pam_unix(sudo:session): session closed for user root
Oct 17 17:14:21 datacore-PowerEdge-R740 cinder-volume[1624439]: DEBUG oslo_concurrency.processutils [None req-8da58e4f-4636-4b24-b0a1-1834cdd75a6e None None] CMD "sudo cinder-rootwrap /etc/cinder/rootwrap.conf env LC_ALL=C vgs --noheadings --unit=g -o name,size,free,lv_count,uuid --separator : --nosuffix stack-volumes-lvmdriver-1" returned: 0 in 0.649s {{(pid=1624439) execute /usr/local/lib/python3.8/dist-packages/oslo_concurrency/processutils.py:422}}
Oct 17 17:14:21 datacore-PowerEdge-R740 cinder-volume[1624439]: DEBUG oslo_concurrency.processutils [None req-8da58e4f-4636-4b24-b0a1-1834cdd75a6e None None] Running cmd (subprocess): sudo cinder-rootwrap /etc/cinder/rootwrap.conf env LC_ALL=C lvs --noheadings --unit=g -o vg_name,name,size --nosuffix --readonly stack-volumes-lvmdriver-1 {{(pid=1624439) execute /usr/local/lib/python3.8/dist-packages/oslo_concurrency/processutils.py:384}}
Oct 17 17:14:21 datacore-PowerEdge-R740 sudo[1624803]:    stack : TTY=unknown ; PWD=/ ; USER=root ; COMMAND=/usr/local/bin/cinder-rootwrap /etc/cinder/rootwrap.conf env LC_ALL=C lvs --noheadings --unit=g -o vg_name,name,size --nosuffix --readonly stack-volumes-lvmdriver-1
Oct 17 17:14:21 datacore-PowerEdge-R740 sudo[1624803]: pam_unix(sudo:session): session opened for user root by (uid=0)
Oct 17 17:14:21 datacore-PowerEdge-R740 sudo[1624803]: pam_unix(sudo:session): session closed for user root
Oct 17 17:14:21 datacore-PowerEdge-R740 cinder-volume[1624439]: DEBUG oslo_concurrency.processutils [None req-8da58e4f-4636-4b24-b0a1-1834cdd75a6e None None] CMD "sudo cinder-rootwrap /etc/cinder/rootwrap.conf env LC_ALL=C lvs --noheadings --unit=g -o vg_name,name,size --nosuffix --readonly stack-volumes-lvmdriver-1" returned: 0 in 0.634s {{(pid=1624439) execute /usr/local/lib/python3.8/dist-packages/oslo_concurrency/processutils.py:422}}
Oct 17 17:14:21 datacore-PowerEdge-R740 cinder-volume[1624439]: DEBUG oslo_concurrency.processutils [None req-8da58e4f-4636-4b24-b0a1-1834cdd75a6e None None] Running cmd (subprocess): sudo cinder-rootwrap /etc/cinder/rootwrap.conf env LC_ALL=C lvs --noheadings --unit=g -o size,data_percent --separator : --nosuffix /dev/stack-volumes-lvmdriver-1/stack-volumes-lvmdriver-1-pool {{(pid=1624439) execute /usr/local/lib/python3.8/dist-packages/oslo_concurrency/processutils.py:384}}
Oct 17 17:14:21 datacore-PowerEdge-R740 sudo[1624814]:    stack : TTY=unknown ; PWD=/ ; USER=root ; COMMAND=/usr/local/bin/cinder-rootwrap /etc/cinder/rootwrap.conf env LC_ALL=C lvs --noheadings --unit=g -o size,data_percent --separator : --nosuffix /dev/stack-volumes-lvmdriver-1/stack-volumes-lvmdriver-1-pool
Oct 17 17:14:21 datacore-PowerEdge-R740 sudo[1624814]: pam_unix(sudo:session): session opened for user root by (uid=0)
Oct 17 17:14:22 datacore-PowerEdge-R740 sudo[1624814]: pam_unix(sudo:session): session closed for user root
Oct 17 17:14:22 datacore-PowerEdge-R740 cinder-volume[1624439]: DEBUG oslo_concurrency.processutils [None req-8da58e4f-4636-4b24-b0a1-1834cdd75a6e None None] CMD "sudo cinder-rootwrap /etc/cinder/rootwrap.conf env LC_ALL=C lvs --noheadings --unit=g -o size,data_percent --separator : --nosuffix /dev/stack-volumes-lvmdriver-1/stack-volumes-lvmdriver-1-pool" returned: 0 in 0.631s {{(pid=1624439) execute /usr/local/lib/python3.8/dist-packages/oslo_concurrency/processutils.py:422}}
Oct 17 17:14:22 datacore-PowerEdge-R740 cinder-volume[1624439]: DEBUG oslo_concurrency.processutils [None req-8da58e4f-4636-4b24-b0a1-1834cdd75a6e None None] Running cmd (subprocess): sudo cinder-rootwrap /etc/cinder/rootwrap.conf env LC_ALL=C lvs --noheadings --unit=g -o vg_name,name,size --nosuffix --readonly stack-volumes-lvmdriver-1 {{(pid=1624439) execute /usr/local/lib/python3.8/dist-packages/oslo_concurrency/processutils.py:384}}
Oct 17 17:14:22 datacore-PowerEdge-R740 sudo[1624822]:    stack : TTY=unknown ; PWD=/ ; USER=root ; COMMAND=/usr/local/bin/cinder-rootwrap /etc/cinder/rootwrap.conf env LC_ALL=C lvs --noheadings --unit=g -o vg_name,name,size --nosuffix --readonly stack-volumes-lvmdriver-1
Oct 17 17:14:22 datacore-PowerEdge-R740 sudo[1624822]: pam_unix(sudo:session): session opened for user root by (uid=0)
Oct 17 17:14:22 datacore-PowerEdge-R740 cinder-volume[1624269]: DEBUG dbcounter [-] [1624269] Writing DB stats cinder:SELECT=16,cinder:UPDATE=1 {{(pid=1624269) stat_writer /usr/local/lib/python3.8/dist-packages/dbcounter.py:114}}
Oct 17 17:14:23 datacore-PowerEdge-R740 sudo[1624822]: pam_unix(sudo:session): session closed for user root
Oct 17 17:14:23 datacore-PowerEdge-R740 cinder-volume[1624439]: DEBUG oslo_concurrency.processutils [None req-8da58e4f-4636-4b24-b0a1-1834cdd75a6e None None] CMD "sudo cinder-rootwrap /etc/cinder/rootwrap.conf env LC_ALL=C lvs --noheadings --unit=g -o vg_name,name,size --nosuffix --readonly stack-volumes-lvmdriver-1" returned: 0 in 0.650s {{(pid=1624439) execute /usr/local/lib/python3.8/dist-packages/oslo_concurrency/processutils.py:422}}
Oct 17 17:14:23 datacore-PowerEdge-R740 cinder-volume[1624439]: INFO cinder.volume.driver [None req-8da58e4f-4636-4b24-b0a1-1834cdd75a6e None None] Driver hasn't implemented _init_vendor_properties()
Oct 17 17:14:23 datacore-PowerEdge-R740 cinder-volume[1624439]: DEBUG cinder.volume.driver [None req-8da58e4f-4636-4b24-b0a1-1834cdd75a6e None None] Initialized capabilities list: {'volume_backend_name': 'lvmdriver-1', 'vendor_name': 'Open Source', 'driver_version': '3.0.0', 'storage_protocol': 'iSCSI', 'pools': [{'pool_name': 'lvmdriver-1', 'total_capacity_gb': 28.5, 'free_capacity_gb': 28.5, 'reserved_percentage': 0, 'location_info': 'LVMVolumeDriver:datacore-PowerEdge-R740:stack-volumes-lvmdriver-1:thin:0', 'QoS_support': False, 'provisioned_capacity_gb': 0.0, 'max_over_subscription_ratio': '20.0', 'thin_provisioning_support': True, 'thick_provisioning_support': False, 'total_volumes': 1, 'filter_function': None, 'goodness_function': None, 'multiattach': True, 'backend_state': 'up'}], 'shared_targets': False, 'sparse_copy_volume': True, 'properties': {'thin_provisioning': {'title': 'Thin Provisioning', 'description': 'Sets thin provisioning.', 'type': 'boolean'}, 'compression': {'title': 'Compression', 'description': 'Enables compression.', 'type': 'boolean'}, 'qos': {'title': 'QoS', 'description': 'Enables QoS.', 'type': 'boolean'}, 'replication_enabled': {'title': 'Replication', 'description': 'Enables replication.', 'type': 'boolean'}}}. {{(pid=1624439) init_capabilities /opt/stack/cinder/cinder/volume/driver.py:811}}
Oct 17 17:14:23 datacore-PowerEdge-R740 cinder-volume[1624439]: DEBUG oslo_db.sqlalchemy.engines [None req-8da58e4f-4636-4b24-b0a1-1834cdd75a6e None None] MySQL server mode set to STRICT_TRANS_TABLES,STRICT_ALL_TABLES,NO_ZERO_IN_DATE,NO_ZERO_DATE,ERROR_FOR_DIVISION_BY_ZERO,TRADITIONAL,NO_ENGINE_SUBSTITUTION {{(pid=1624439) _check_effective_sql_mode /usr/local/lib/python3.8/dist-packages/oslo_db/sqlalchemy/engines.py:314}}
Oct 17 17:14:23 datacore-PowerEdge-R740 cinder-volume[1624439]: DEBUG dbcounter [-] [1624439] Writer thread running {{(pid=1624439) stat_writer /usr/local/lib/python3.8/dist-packages/dbcounter.py:99}}
Oct 17 17:14:23 datacore-PowerEdge-R740 cinder-volume[1624439]: DEBUG cinder.db.sqlalchemy.api [None req-8da58e4f-4636-4b24-b0a1-1834cdd75a6e None None] Building query based on filter {{(pid=1624439) _process_snaps_filters /opt/stack/cinder/cinder/db/sqlalchemy/api.py:3378}}
Oct 17 17:14:23 datacore-PowerEdge-R740 cinder-volume[1624439]: DEBUG cinder.image.image_utils [None req-8da58e4f-4636-4b24-b0a1-1834cdd75a6e None None] Configuration image_conversion_dir is None or the path doesn't exist. {{(pid=1624439) cleanup_temporary_file /opt/stack/cinder/cinder/image/image_utils.py:955}}
Oct 17 17:14:23 datacore-PowerEdge-R740 cinder-volume[1624439]: DEBUG cinder.volume.drivers.lvm [None req-8da58e4f-4636-4b24-b0a1-1834cdd75a6e None None] Updating volume stats {{(pid=1624439) _update_volume_stats /opt/stack/cinder/cinder/volume/drivers/lvm.py:213}}
Oct 17 17:14:23 datacore-PowerEdge-R740 cinder-volume[1624439]: DEBUG oslo_concurrency.processutils [None req-8da58e4f-4636-4b24-b0a1-1834cdd75a6e None None] Running cmd (subprocess): sudo cinder-rootwrap /etc/cinder/rootwrap.conf env LC_ALL=C vgs --noheadings --unit=g -o name,size,free,lv_count,uuid --separator : --nosuffix stack-volumes-lvmdriver-1 {{(pid=1624439) execute /usr/local/lib/python3.8/dist-packages/oslo_concurrency/processutils.py:384}}
Oct 17 17:14:23 datacore-PowerEdge-R740 cinder-volume[1624439]: INFO cinder.keymgr.migration [None req-de37faf8-d17f-4a9a-8d68-f6026c9f625b None None] Not migrating encryption keys because the ConfKeyManager is still in use.
Oct 17 17:14:23 datacore-PowerEdge-R740 sudo[1624837]:    stack : TTY=unknown ; PWD=/ ; USER=root ; COMMAND=/usr/local/bin/cinder-rootwrap /etc/cinder/rootwrap.conf env LC_ALL=C vgs --noheadings --unit=g -o name,size,free,lv_count,uuid --separator : --nosuffix stack-volumes-lvmdriver-1
Oct 17 17:14:23 datacore-PowerEdge-R740 sudo[1624837]: pam_unix(sudo:session): session opened for user root by (uid=0)
Oct 17 17:14:23 datacore-PowerEdge-R740 sudo[1624837]: pam_unix(sudo:session): session closed for user root
Oct 17 17:14:23 datacore-PowerEdge-R740 cinder-volume[1624439]: DEBUG oslo_concurrency.processutils [None req-8da58e4f-4636-4b24-b0a1-1834cdd75a6e None None] CMD "sudo cinder-rootwrap /etc/cinder/rootwrap.conf env LC_ALL=C vgs --noheadings --unit=g -o name,size,free,lv_count,uuid --separator : --nosuffix stack-volumes-lvmdriver-1" returned: 0 in 0.621s {{(pid=1624439) execute /usr/local/lib/python3.8/dist-packages/oslo_concurrency/processutils.py:422}}
Oct 17 17:14:23 datacore-PowerEdge-R740 cinder-volume[1624439]: DEBUG oslo_concurrency.processutils [None req-8da58e4f-4636-4b24-b0a1-1834cdd75a6e None None] Running cmd (subprocess): sudo cinder-rootwrap /etc/cinder/rootwrap.conf env LC_ALL=C lvs --noheadings --unit=g -o vg_name,name,size --nosuffix --readonly stack-volumes-lvmdriver-1 {{(pid=1624439) execute /usr/local/lib/python3.8/dist-packages/oslo_concurrency/processutils.py:384}}
Oct 17 17:14:23 datacore-PowerEdge-R740 sudo[1624852]:    stack : TTY=unknown ; PWD=/ ; USER=root ; COMMAND=/usr/local/bin/cinder-rootwrap /etc/cinder/rootwrap.conf env LC_ALL=C lvs --noheadings --unit=g -o vg_name,name,size --nosuffix --readonly stack-volumes-lvmdriver-1
Oct 17 17:14:23 datacore-PowerEdge-R740 sudo[1624852]: pam_unix(sudo:session): session opened for user root by (uid=0)
Oct 17 17:14:24 datacore-PowerEdge-R740 sudo[1624852]: pam_unix(sudo:session): session closed for user root
Oct 17 17:14:24 datacore-PowerEdge-R740 cinder-volume[1624439]: DEBUG oslo_concurrency.processutils [None req-8da58e4f-4636-4b24-b0a1-1834cdd75a6e None None] CMD "sudo cinder-rootwrap /etc/cinder/rootwrap.conf env LC_ALL=C lvs --noheadings --unit=g -o vg_name,name,size --nosuffix --readonly stack-volumes-lvmdriver-1" returned: 0 in 0.645s {{(pid=1624439) execute /usr/local/lib/python3.8/dist-packages/oslo_concurrency/processutils.py:422}}
Oct 17 17:14:24 datacore-PowerEdge-R740 cinder-volume[1624439]: DEBUG oslo_concurrency.processutils [None req-8da58e4f-4636-4b24-b0a1-1834cdd75a6e None None] Running cmd (subprocess): sudo cinder-rootwrap /etc/cinder/rootwrap.conf env LC_ALL=C lvs --noheadings --unit=g -o size,data_percent --separator : --nosuffix /dev/stack-volumes-lvmdriver-1/stack-volumes-lvmdriver-1-pool {{(pid=1624439) execute /usr/local/lib/python3.8/dist-packages/oslo_concurrency/processutils.py:384}}
Oct 17 17:14:24 datacore-PowerEdge-R740 sudo[1624860]:    stack : TTY=unknown ; PWD=/ ; USER=root ; COMMAND=/usr/local/bin/cinder-rootwrap /etc/cinder/rootwrap.conf env LC_ALL=C lvs --noheadings --unit=g -o size,data_percent --separator : --nosuffix /dev/stack-volumes-lvmdriver-1/stack-volumes-lvmdriver-1-pool
Oct 17 17:14:24 datacore-PowerEdge-R740 sudo[1624860]: pam_unix(sudo:session): session opened for user root by (uid=0)
Oct 17 17:14:25 datacore-PowerEdge-R740 sudo[1624860]: pam_unix(sudo:session): session closed for user root
Oct 17 17:14:25 datacore-PowerEdge-R740 cinder-volume[1624439]: DEBUG oslo_concurrency.processutils [None req-8da58e4f-4636-4b24-b0a1-1834cdd75a6e None None] CMD "sudo cinder-rootwrap /etc/cinder/rootwrap.conf env LC_ALL=C lvs --noheadings --unit=g -o size,data_percent --separator : --nosuffix /dev/stack-volumes-lvmdriver-1/stack-volumes-lvmdriver-1-pool" returned: 0 in 0.646s {{(pid=1624439) execute /usr/local/lib/python3.8/dist-packages/oslo_concurrency/processutils.py:422}}
Oct 17 17:14:25 datacore-PowerEdge-R740 cinder-volume[1624439]: DEBUG oslo_concurrency.processutils [None req-8da58e4f-4636-4b24-b0a1-1834cdd75a6e None None] Running cmd (subprocess): sudo cinder-rootwrap /etc/cinder/rootwrap.conf env LC_ALL=C lvs --noheadings --unit=g -o vg_name,name,size --nosuffix --readonly stack-volumes-lvmdriver-1 {{(pid=1624439) execute /usr/local/lib/python3.8/dist-packages/oslo_concurrency/processutils.py:384}}
Oct 17 17:14:25 datacore-PowerEdge-R740 sudo[1624865]:    stack : TTY=unknown ; PWD=/ ; USER=root ; COMMAND=/usr/local/bin/cinder-rootwrap /etc/cinder/rootwrap.conf env LC_ALL=C lvs --noheadings --unit=g -o vg_name,name,size --nosuffix --readonly stack-volumes-lvmdriver-1
Oct 17 17:14:25 datacore-PowerEdge-R740 sudo[1624865]: pam_unix(sudo:session): session opened for user root by (uid=0)
