-- Logs begin at Fri 2022-06-17 16:28:20 IST, end at Fri 2022-06-17 16:31:25 IST. --
Jun 17 16:30:09 datacore-PowerEdge-R740 systemd[1]: Started Devstack devstack@c-vol.service.
Jun 17 16:30:12 datacore-PowerEdge-R740 cinder-volume[3878985]: DEBUG oslo_concurrency.lockutils [-] Acquired lock "singleton_lock" {{(pid=3878985) lock /usr/local/lib/python3.8/dist-packages/oslo_concurrency/lockutils.py:294}}
Jun 17 16:30:12 datacore-PowerEdge-R740 cinder-volume[3878985]: DEBUG oslo_concurrency.lockutils [-] Releasing lock "singleton_lock" {{(pid=3878985) lock /usr/local/lib/python3.8/dist-packages/oslo_concurrency/lockutils.py:312}}
Jun 17 16:30:13 datacore-PowerEdge-R740 cinder-volume[3878985]: INFO dbcounter [None req-282797a2-1e83-4002-823a-a64df31bd5e1 None None] Registered counter for database cinder
Jun 17 16:30:13 datacore-PowerEdge-R740 cinder-volume[3878985]: DEBUG oslo_db.sqlalchemy.engines [None req-282797a2-1e83-4002-823a-a64df31bd5e1 None None] MySQL server mode set to STRICT_TRANS_TABLES,STRICT_ALL_TABLES,NO_ZERO_IN_DATE,NO_ZERO_DATE,ERROR_FOR_DIVISION_BY_ZERO,TRADITIONAL,NO_ENGINE_SUBSTITUTION {{(pid=3878985) _check_effective_sql_mode /usr/local/lib/python3.8/dist-packages/oslo_db/sqlalchemy/engines.py:314}}
Jun 17 16:30:13 datacore-PowerEdge-R740 cinder-volume[3878985]: DEBUG dbcounter [-] [3878985] Writer thread running {{(pid=3878985) stat_writer /usr/local/lib/python3.8/dist-packages/dbcounter.py:99}}
Jun 17 16:30:13 datacore-PowerEdge-R740 cinder-volume[3878985]: INFO cinder.rpc [None req-282797a2-1e83-4002-823a-a64df31bd5e1 None None] Automatically selected cinder-scheduler objects version 1.39 as minimum service version.
Jun 17 16:30:13 datacore-PowerEdge-R740 cinder-volume[3878985]: INFO cinder.rpc [None req-282797a2-1e83-4002-823a-a64df31bd5e1 None None] Automatically selected cinder-scheduler RPC version 3.12 as minimum service version.
Jun 17 16:30:13 datacore-PowerEdge-R740 cinder-volume[3878985]: DEBUG oslo_db.sqlalchemy.engines [None req-282797a2-1e83-4002-823a-a64df31bd5e1 None None] MySQL server mode set to STRICT_TRANS_TABLES,STRICT_ALL_TABLES,NO_ZERO_IN_DATE,NO_ZERO_DATE,ERROR_FOR_DIVISION_BY_ZERO,TRADITIONAL,NO_ENGINE_SUBSTITUTION {{(pid=3878985) _check_effective_sql_mode /usr/local/lib/python3.8/dist-packages/oslo_db/sqlalchemy/engines.py:314}}
Jun 17 16:30:13 datacore-PowerEdge-R740 cinder-volume[3878985]: INFO cinder.volume.manager [None req-282797a2-1e83-4002-823a-a64df31bd5e1 None None] Determined volume DB was not empty at startup.
Jun 17 16:30:13 datacore-PowerEdge-R740 cinder-volume[3878985]: DEBUG cinder.volume.manager [None req-282797a2-1e83-4002-823a-a64df31bd5e1 None None] Cinder Volume DB check: vol_db_empty=False {{(pid=3878985) __init__ /opt/stack/cinder/cinder/volume/manager.py:290}}
Jun 17 16:30:13 datacore-PowerEdge-R740 cinder-volume[3878985]: WARNING stevedore.named [None req-282797a2-1e83-4002-823a-a64df31bd5e1 None None] Could not load cinder.keymgr.conf_key_mgr.ConfKeyManager
Jun 17 16:30:13 datacore-PowerEdge-R740 cinder-volume[3878985]: WARNING castellan.key_manager [None req-282797a2-1e83-4002-823a-a64df31bd5e1 None None] Deprecation Warning : cinder.keymgr.conf_key_mgr.ConfKeyManager is not a stevedore based driver, trying to load it as a class: stevedore.exception.NoMatches: No 'castellan.drivers' driver found, looking for 'cinder.keymgr.conf_key_mgr.ConfKeyManager'
Jun 17 16:30:13 datacore-PowerEdge-R740 cinder-volume[3878985]: WARNING cinder.keymgr.conf_key_mgr [None req-282797a2-1e83-4002-823a-a64df31bd5e1 None None] This key manager is insecure and is not recommended for production deployments: stevedore.exception.NoMatches: No 'castellan.drivers' driver found, looking for 'cinder.keymgr.conf_key_mgr.ConfKeyManager'
Jun 17 16:30:13 datacore-PowerEdge-R740 cinder-volume[3878985]: ERROR cinder.cmd.volume [None req-282797a2-1e83-4002-823a-a64df31bd5e1 None None] Volume service hostgroup@datacore_iscsi1 failed to start.: ModuleNotFoundError: No module named 'cinder.volume.drivers.datacore.iscsi'
Jun 17 16:30:13 datacore-PowerEdge-R740 cinder-volume[3878985]: ERROR cinder.cmd.volume Traceback (most recent call last):
Jun 17 16:30:13 datacore-PowerEdge-R740 cinder-volume[3878985]: ERROR cinder.cmd.volume   File "/opt/stack/cinder/cinder/cmd/volume.py", line 99, in _launch_service
Jun 17 16:30:13 datacore-PowerEdge-R740 cinder-volume[3878985]: ERROR cinder.cmd.volume     server = service.Service.create(host=host,
Jun 17 16:30:13 datacore-PowerEdge-R740 cinder-volume[3878985]: ERROR cinder.cmd.volume   File "/opt/stack/cinder/cinder/service.py", line 394, in create
Jun 17 16:30:13 datacore-PowerEdge-R740 cinder-volume[3878985]: ERROR cinder.cmd.volume     service_obj = cls(host, binary, topic, manager,
Jun 17 16:30:13 datacore-PowerEdge-R740 cinder-volume[3878985]: ERROR cinder.cmd.volume   File "/opt/stack/cinder/cinder/service.py", line 152, in __init__
Jun 17 16:30:13 datacore-PowerEdge-R740 cinder-volume[3878985]: ERROR cinder.cmd.volume     self.manager = manager_class(host=self.host,
Jun 17 16:30:13 datacore-PowerEdge-R740 cinder-volume[3878985]: ERROR cinder.cmd.volume   File "/opt/stack/cinder/cinder/volume/manager.py", line 313, in __init__
Jun 17 16:30:13 datacore-PowerEdge-R740 cinder-volume[3878985]: ERROR cinder.cmd.volume     self.driver = importutils.import_object(
Jun 17 16:30:13 datacore-PowerEdge-R740 cinder-volume[3878985]: ERROR cinder.cmd.volume   File "/usr/local/lib/python3.8/dist-packages/oslo_utils/importutils.py", line 44, in import_object
Jun 17 16:30:13 datacore-PowerEdge-R740 cinder-volume[3878985]: ERROR cinder.cmd.volume     return import_class(import_str)(*args, **kwargs)
Jun 17 16:30:13 datacore-PowerEdge-R740 cinder-volume[3878985]: ERROR cinder.cmd.volume   File "/usr/local/lib/python3.8/dist-packages/oslo_utils/importutils.py", line 30, in import_class
Jun 17 16:30:13 datacore-PowerEdge-R740 cinder-volume[3878985]: ERROR cinder.cmd.volume     __import__(mod_str)
Jun 17 16:30:13 datacore-PowerEdge-R740 cinder-volume[3878985]: ERROR cinder.cmd.volume ModuleNotFoundError: No module named 'cinder.volume.drivers.datacore.iscsi'
Jun 17 16:30:13 datacore-PowerEdge-R740 cinder-volume[3878985]: ERROR cinder.cmd.volume 
Jun 17 16:30:13 datacore-PowerEdge-R740 cinder-volume[3878985]: ERROR cinder.cmd.volume [None req-282797a2-1e83-4002-823a-a64df31bd5e1 None None] No volume service(s) started successfully, terminating.
Jun 17 16:30:13 datacore-PowerEdge-R740 cinder-volume[3878985]: /usr/lib/python3/dist-packages/secretstorage/dhcrypto.py:15: CryptographyDeprecationWarning: int_from_bytes is deprecated, use int.from_bytes instead
Jun 17 16:30:13 datacore-PowerEdge-R740 cinder-volume[3878985]:   from cryptography.utils import int_from_bytes
Jun 17 16:30:13 datacore-PowerEdge-R740 cinder-volume[3878985]: /usr/lib/python3/dist-packages/secretstorage/util.py:19: CryptographyDeprecationWarning: int_from_bytes is deprecated, use int.from_bytes instead
Jun 17 16:30:13 datacore-PowerEdge-R740 cinder-volume[3878985]:   from cryptography.utils import int_from_bytes
Jun 17 16:30:15 datacore-PowerEdge-R740 systemd[1]: devstack@c-vol.service: Main process exited, code=exited, status=1/FAILURE
Jun 17 16:30:15 datacore-PowerEdge-R740 systemd[1]: devstack@c-vol.service: Failed with result 'exit-code'.
Jun 17 16:30:23 datacore-PowerEdge-R740 systemd[1]: Started Devstack devstack@c-vol.service.
Jun 17 16:30:25 datacore-PowerEdge-R740 cinder-volume[3879620]: DEBUG oslo_concurrency.lockutils [-] Acquired lock "singleton_lock" {{(pid=3879620) lock /usr/local/lib/python3.8/dist-packages/oslo_concurrency/lockutils.py:294}}
Jun 17 16:30:25 datacore-PowerEdge-R740 cinder-volume[3879620]: DEBUG oslo_concurrency.lockutils [-] Releasing lock "singleton_lock" {{(pid=3879620) lock /usr/local/lib/python3.8/dist-packages/oslo_concurrency/lockutils.py:312}}
Jun 17 16:30:26 datacore-PowerEdge-R740 cinder-volume[3879620]: INFO dbcounter [None req-2b6518f9-5bd2-41e5-80e4-93d2fd825da5 None None] Registered counter for database cinder
Jun 17 16:30:26 datacore-PowerEdge-R740 cinder-volume[3879620]: DEBUG oslo_db.sqlalchemy.engines [None req-2b6518f9-5bd2-41e5-80e4-93d2fd825da5 None None] MySQL server mode set to STRICT_TRANS_TABLES,STRICT_ALL_TABLES,NO_ZERO_IN_DATE,NO_ZERO_DATE,ERROR_FOR_DIVISION_BY_ZERO,TRADITIONAL,NO_ENGINE_SUBSTITUTION {{(pid=3879620) _check_effective_sql_mode /usr/local/lib/python3.8/dist-packages/oslo_db/sqlalchemy/engines.py:314}}
Jun 17 16:30:26 datacore-PowerEdge-R740 cinder-volume[3879620]: DEBUG dbcounter [-] [3879620] Writer thread running {{(pid=3879620) stat_writer /usr/local/lib/python3.8/dist-packages/dbcounter.py:99}}
Jun 17 16:30:26 datacore-PowerEdge-R740 cinder-volume[3879620]: INFO cinder.rpc [None req-2b6518f9-5bd2-41e5-80e4-93d2fd825da5 None None] Automatically selected cinder-scheduler objects version 1.39 as minimum service version.
Jun 17 16:30:26 datacore-PowerEdge-R740 cinder-volume[3879620]: INFO cinder.rpc [None req-2b6518f9-5bd2-41e5-80e4-93d2fd825da5 None None] Automatically selected cinder-scheduler RPC version 3.12 as minimum service version.
Jun 17 16:30:26 datacore-PowerEdge-R740 cinder-volume[3879620]: DEBUG oslo_db.sqlalchemy.engines [None req-2b6518f9-5bd2-41e5-80e4-93d2fd825da5 None None] MySQL server mode set to STRICT_TRANS_TABLES,STRICT_ALL_TABLES,NO_ZERO_IN_DATE,NO_ZERO_DATE,ERROR_FOR_DIVISION_BY_ZERO,TRADITIONAL,NO_ENGINE_SUBSTITUTION {{(pid=3879620) _check_effective_sql_mode /usr/local/lib/python3.8/dist-packages/oslo_db/sqlalchemy/engines.py:314}}
Jun 17 16:30:26 datacore-PowerEdge-R740 cinder-volume[3879620]: INFO cinder.volume.manager [None req-2b6518f9-5bd2-41e5-80e4-93d2fd825da5 None None] Determined volume DB was not empty at startup.
Jun 17 16:30:26 datacore-PowerEdge-R740 cinder-volume[3879620]: DEBUG cinder.volume.manager [None req-2b6518f9-5bd2-41e5-80e4-93d2fd825da5 None None] Cinder Volume DB check: vol_db_empty=False {{(pid=3879620) __init__ /opt/stack/cinder/cinder/volume/manager.py:290}}
Jun 17 16:30:26 datacore-PowerEdge-R740 cinder-volume[3879620]: WARNING stevedore.named [None req-2b6518f9-5bd2-41e5-80e4-93d2fd825da5 None None] Could not load cinder.keymgr.conf_key_mgr.ConfKeyManager
Jun 17 16:30:26 datacore-PowerEdge-R740 cinder-volume[3879620]: WARNING castellan.key_manager [None req-2b6518f9-5bd2-41e5-80e4-93d2fd825da5 None None] Deprecation Warning : cinder.keymgr.conf_key_mgr.ConfKeyManager is not a stevedore based driver, trying to load it as a class: stevedore.exception.NoMatches: No 'castellan.drivers' driver found, looking for 'cinder.keymgr.conf_key_mgr.ConfKeyManager'
Jun 17 16:30:26 datacore-PowerEdge-R740 cinder-volume[3879620]: WARNING cinder.keymgr.conf_key_mgr [None req-2b6518f9-5bd2-41e5-80e4-93d2fd825da5 None None] This key manager is insecure and is not recommended for production deployments: stevedore.exception.NoMatches: No 'castellan.drivers' driver found, looking for 'cinder.keymgr.conf_key_mgr.ConfKeyManager'
Jun 17 16:30:26 datacore-PowerEdge-R740 cinder-volume[3879620]: ERROR cinder.cmd.volume [None req-2b6518f9-5bd2-41e5-80e4-93d2fd825da5 None None] Volume service hostgroup@datacore_iscsi1 failed to start.: ModuleNotFoundError: No module named 'cinder.volume.drivers.datacore.iscsi'
Jun 17 16:30:26 datacore-PowerEdge-R740 cinder-volume[3879620]: ERROR cinder.cmd.volume Traceback (most recent call last):
Jun 17 16:30:26 datacore-PowerEdge-R740 cinder-volume[3879620]: ERROR cinder.cmd.volume   File "/opt/stack/cinder/cinder/cmd/volume.py", line 99, in _launch_service
Jun 17 16:30:26 datacore-PowerEdge-R740 cinder-volume[3879620]: ERROR cinder.cmd.volume     server = service.Service.create(host=host,
Jun 17 16:30:26 datacore-PowerEdge-R740 cinder-volume[3879620]: ERROR cinder.cmd.volume   File "/opt/stack/cinder/cinder/service.py", line 394, in create
Jun 17 16:30:26 datacore-PowerEdge-R740 cinder-volume[3879620]: ERROR cinder.cmd.volume     service_obj = cls(host, binary, topic, manager,
Jun 17 16:30:26 datacore-PowerEdge-R740 cinder-volume[3879620]: ERROR cinder.cmd.volume   File "/opt/stack/cinder/cinder/service.py", line 152, in __init__
Jun 17 16:30:26 datacore-PowerEdge-R740 cinder-volume[3879620]: ERROR cinder.cmd.volume     self.manager = manager_class(host=self.host,
Jun 17 16:30:26 datacore-PowerEdge-R740 cinder-volume[3879620]: ERROR cinder.cmd.volume   File "/opt/stack/cinder/cinder/volume/manager.py", line 313, in __init__
Jun 17 16:30:26 datacore-PowerEdge-R740 cinder-volume[3879620]: ERROR cinder.cmd.volume     self.driver = importutils.import_object(
Jun 17 16:30:26 datacore-PowerEdge-R740 cinder-volume[3879620]: ERROR cinder.cmd.volume   File "/usr/local/lib/python3.8/dist-packages/oslo_utils/importutils.py", line 44, in import_object
Jun 17 16:30:26 datacore-PowerEdge-R740 cinder-volume[3879620]: ERROR cinder.cmd.volume     return import_class(import_str)(*args, **kwargs)
Jun 17 16:30:26 datacore-PowerEdge-R740 cinder-volume[3879620]: ERROR cinder.cmd.volume   File "/usr/local/lib/python3.8/dist-packages/oslo_utils/importutils.py", line 30, in import_class
Jun 17 16:30:26 datacore-PowerEdge-R740 cinder-volume[3879620]: ERROR cinder.cmd.volume     __import__(mod_str)
Jun 17 16:30:26 datacore-PowerEdge-R740 cinder-volume[3879620]: ERROR cinder.cmd.volume ModuleNotFoundError: No module named 'cinder.volume.drivers.datacore.iscsi'
Jun 17 16:30:26 datacore-PowerEdge-R740 cinder-volume[3879620]: ERROR cinder.cmd.volume 
Jun 17 16:30:26 datacore-PowerEdge-R740 cinder-volume[3879620]: ERROR cinder.cmd.volume [None req-2b6518f9-5bd2-41e5-80e4-93d2fd825da5 None None] No volume service(s) started successfully, terminating.
Jun 17 16:30:26 datacore-PowerEdge-R740 cinder-volume[3879620]: /usr/lib/python3/dist-packages/secretstorage/dhcrypto.py:15: CryptographyDeprecationWarning: int_from_bytes is deprecated, use int.from_bytes instead
Jun 17 16:30:26 datacore-PowerEdge-R740 cinder-volume[3879620]:   from cryptography.utils import int_from_bytes
Jun 17 16:30:26 datacore-PowerEdge-R740 cinder-volume[3879620]: /usr/lib/python3/dist-packages/secretstorage/util.py:19: CryptographyDeprecationWarning: int_from_bytes is deprecated, use int.from_bytes instead
Jun 17 16:30:26 datacore-PowerEdge-R740 cinder-volume[3879620]:   from cryptography.utils import int_from_bytes
Jun 17 16:30:27 datacore-PowerEdge-R740 systemd[1]: devstack@c-vol.service: Main process exited, code=exited, status=1/FAILURE
Jun 17 16:30:27 datacore-PowerEdge-R740 systemd[1]: devstack@c-vol.service: Failed with result 'exit-code'.
