-- Logs begin at Mon 2022-06-20 17:03:28 IST, end at Mon 2022-06-20 19:41:05 IST. --
Jun 20 17:03:34 datacore-PowerEdge-R740 systemd[1]: Started Devstack devstack@c-vol.service.
Jun 20 17:03:36 datacore-PowerEdge-R740 cinder-volume[767917]: DEBUG oslo_concurrency.lockutils [-] Acquired lock "singleton_lock" {{(pid=767917) lock /usr/local/lib/python3.8/dist-packages/oslo_concurrency/lockutils.py:294}}
Jun 20 17:03:36 datacore-PowerEdge-R740 cinder-volume[767917]: DEBUG oslo_concurrency.lockutils [-] Releasing lock "singleton_lock" {{(pid=767917) lock /usr/local/lib/python3.8/dist-packages/oslo_concurrency/lockutils.py:312}}
Jun 20 17:03:36 datacore-PowerEdge-R740 cinder-volume[767917]: INFO dbcounter [None req-b8d27514-f7fc-43c7-ae81-11c48fbb2bbd None None] Registered counter for database cinder
Jun 20 17:03:36 datacore-PowerEdge-R740 cinder-volume[767917]: DEBUG oslo_db.sqlalchemy.engines [None req-b8d27514-f7fc-43c7-ae81-11c48fbb2bbd None None] MySQL server mode set to STRICT_TRANS_TABLES,STRICT_ALL_TABLES,NO_ZERO_IN_DATE,NO_ZERO_DATE,ERROR_FOR_DIVISION_BY_ZERO,TRADITIONAL,NO_ENGINE_SUBSTITUTION {{(pid=767917) _check_effective_sql_mode /usr/local/lib/python3.8/dist-packages/oslo_db/sqlalchemy/engines.py:314}}
Jun 20 17:03:36 datacore-PowerEdge-R740 cinder-volume[767917]: DEBUG dbcounter [-] [767917] Writer thread running {{(pid=767917) stat_writer /usr/local/lib/python3.8/dist-packages/dbcounter.py:99}}
Jun 20 17:03:36 datacore-PowerEdge-R740 cinder-volume[767917]: INFO cinder.rpc [None req-b8d27514-f7fc-43c7-ae81-11c48fbb2bbd None None] Automatically selected cinder-scheduler objects version 1.39 as minimum service version.
Jun 20 17:03:36 datacore-PowerEdge-R740 cinder-volume[767917]: INFO cinder.rpc [None req-b8d27514-f7fc-43c7-ae81-11c48fbb2bbd None None] Automatically selected cinder-scheduler RPC version 3.12 as minimum service version.
Jun 20 17:03:36 datacore-PowerEdge-R740 cinder-volume[767917]: DEBUG oslo_db.sqlalchemy.engines [None req-b8d27514-f7fc-43c7-ae81-11c48fbb2bbd None None] MySQL server mode set to STRICT_TRANS_TABLES,STRICT_ALL_TABLES,NO_ZERO_IN_DATE,NO_ZERO_DATE,ERROR_FOR_DIVISION_BY_ZERO,TRADITIONAL,NO_ENGINE_SUBSTITUTION {{(pid=767917) _check_effective_sql_mode /usr/local/lib/python3.8/dist-packages/oslo_db/sqlalchemy/engines.py:314}}
Jun 20 17:03:36 datacore-PowerEdge-R740 cinder-volume[767917]: INFO cinder.volume.manager [None req-b8d27514-f7fc-43c7-ae81-11c48fbb2bbd None None] Determined volume DB was not empty at startup.
Jun 20 17:03:36 datacore-PowerEdge-R740 cinder-volume[767917]: DEBUG cinder.volume.manager [None req-b8d27514-f7fc-43c7-ae81-11c48fbb2bbd None None] Cinder Volume DB check: vol_db_empty=False {{(pid=767917) __init__ /opt/stack/cinder/cinder/volume/manager.py:286}}
Jun 20 17:03:36 datacore-PowerEdge-R740 cinder-volume[767917]: WARNING stevedore.named [None req-b8d27514-f7fc-43c7-ae81-11c48fbb2bbd None None] Could not load cinder.keymgr.conf_key_mgr.ConfKeyManager
Jun 20 17:03:36 datacore-PowerEdge-R740 cinder-volume[767917]: WARNING castellan.key_manager [None req-b8d27514-f7fc-43c7-ae81-11c48fbb2bbd None None] Deprecation Warning : cinder.keymgr.conf_key_mgr.ConfKeyManager is not a stevedore based driver, trying to load it as a class: stevedore.exception.NoMatches: No 'castellan.drivers' driver found, looking for 'cinder.keymgr.conf_key_mgr.ConfKeyManager'
Jun 20 17:03:36 datacore-PowerEdge-R740 cinder-volume[767917]: WARNING cinder.keymgr.conf_key_mgr [None req-b8d27514-f7fc-43c7-ae81-11c48fbb2bbd None None] This key manager is insecure and is not recommended for production deployments: stevedore.exception.NoMatches: No 'castellan.drivers' driver found, looking for 'cinder.keymgr.conf_key_mgr.ConfKeyManager'
Jun 20 17:03:36 datacore-PowerEdge-R740 cinder-volume[767917]: ERROR cinder.cmd.volume [None req-b8d27514-f7fc-43c7-ae81-11c48fbb2bbd None None] Volume service hostgroup@datacore_iscsi1 failed to start.: ModuleNotFoundError: No module named 'cinder.volume.drivers.datacore.iscsi'
Jun 20 17:03:36 datacore-PowerEdge-R740 cinder-volume[767917]: ERROR cinder.cmd.volume Traceback (most recent call last):
Jun 20 17:03:36 datacore-PowerEdge-R740 cinder-volume[767917]: ERROR cinder.cmd.volume   File "/opt/stack/cinder/cinder/cmd/volume.py", line 99, in _launch_service
Jun 20 17:03:36 datacore-PowerEdge-R740 cinder-volume[767917]: ERROR cinder.cmd.volume     server = service.Service.create(host=host,
Jun 20 17:03:36 datacore-PowerEdge-R740 cinder-volume[767917]: ERROR cinder.cmd.volume   File "/opt/stack/cinder/cinder/service.py", line 394, in create
Jun 20 17:03:36 datacore-PowerEdge-R740 cinder-volume[767917]: ERROR cinder.cmd.volume     service_obj = cls(host, binary, topic, manager,
Jun 20 17:03:36 datacore-PowerEdge-R740 cinder-volume[767917]: ERROR cinder.cmd.volume   File "/opt/stack/cinder/cinder/service.py", line 152, in __init__
Jun 20 17:03:36 datacore-PowerEdge-R740 cinder-volume[767917]: ERROR cinder.cmd.volume     self.manager = manager_class(host=self.host,
Jun 20 17:03:36 datacore-PowerEdge-R740 cinder-volume[767917]: ERROR cinder.cmd.volume   File "/opt/stack/cinder/cinder/volume/manager.py", line 309, in __init__
Jun 20 17:03:36 datacore-PowerEdge-R740 cinder-volume[767917]: ERROR cinder.cmd.volume     self.driver = importutils.import_object(
Jun 20 17:03:36 datacore-PowerEdge-R740 cinder-volume[767917]: ERROR cinder.cmd.volume   File "/usr/local/lib/python3.8/dist-packages/oslo_utils/importutils.py", line 44, in import_object
Jun 20 17:03:36 datacore-PowerEdge-R740 cinder-volume[767917]: ERROR cinder.cmd.volume     return import_class(import_str)(*args, **kwargs)
Jun 20 17:03:36 datacore-PowerEdge-R740 cinder-volume[767917]: ERROR cinder.cmd.volume   File "/usr/local/lib/python3.8/dist-packages/oslo_utils/importutils.py", line 30, in import_class
Jun 20 17:03:36 datacore-PowerEdge-R740 cinder-volume[767917]: ERROR cinder.cmd.volume     __import__(mod_str)
Jun 20 17:03:36 datacore-PowerEdge-R740 cinder-volume[767917]: ERROR cinder.cmd.volume ModuleNotFoundError: No module named 'cinder.volume.drivers.datacore.iscsi'
Jun 20 17:03:36 datacore-PowerEdge-R740 cinder-volume[767917]: ERROR cinder.cmd.volume 
Jun 20 17:03:36 datacore-PowerEdge-R740 cinder-volume[767917]: ERROR cinder.cmd.volume [None req-b8d27514-f7fc-43c7-ae81-11c48fbb2bbd None None] No volume service(s) started successfully, terminating.
Jun 20 17:03:36 datacore-PowerEdge-R740 cinder-volume[767917]: /usr/lib/python3/dist-packages/secretstorage/dhcrypto.py:15: CryptographyDeprecationWarning: int_from_bytes is deprecated, use int.from_bytes instead
Jun 20 17:03:36 datacore-PowerEdge-R740 cinder-volume[767917]:   from cryptography.utils import int_from_bytes
Jun 20 17:03:36 datacore-PowerEdge-R740 cinder-volume[767917]: /usr/lib/python3/dist-packages/secretstorage/util.py:19: CryptographyDeprecationWarning: int_from_bytes is deprecated, use int.from_bytes instead
Jun 20 17:03:36 datacore-PowerEdge-R740 cinder-volume[767917]:   from cryptography.utils import int_from_bytes
Jun 20 17:03:36 datacore-PowerEdge-R740 cinder-volume[767917]: /opt/stack/cinder/cinder/db/sqlalchemy/models.py:152: SAWarning: implicitly coercing SELECT object to scalar subquery; please use the .scalar_subquery() method to produce a scalar subquery.
Jun 20 17:03:36 datacore-PowerEdge-R740 cinder-volume[767917]:   last_heartbeat = column_property(
Jun 20 17:03:36 datacore-PowerEdge-R740 cinder-volume[767917]: /opt/stack/cinder/cinder/db/sqlalchemy/models.py:160: SAWarning: implicitly coercing SELECT object to scalar subquery; please use the .scalar_subquery() method to produce a scalar subquery.
Jun 20 17:03:36 datacore-PowerEdge-R740 cinder-volume[767917]:   num_hosts = column_property(
Jun 20 17:03:36 datacore-PowerEdge-R740 cinder-volume[767917]: /opt/stack/cinder/cinder/db/sqlalchemy/models.py:169: SAWarning: implicitly coercing SELECT object to scalar subquery; please use the .scalar_subquery() method to produce a scalar subquery.
Jun 20 17:03:36 datacore-PowerEdge-R740 cinder-volume[767917]:   num_down_hosts = column_property(
Jun 20 17:03:37 datacore-PowerEdge-R740 systemd[1]: devstack@c-vol.service: Main process exited, code=exited, status=1/FAILURE
Jun 20 17:03:37 datacore-PowerEdge-R740 systemd[1]: devstack@c-vol.service: Failed with result 'exit-code'.
Jun 20 19:39:48 datacore-PowerEdge-R740 systemd[1]: Started Devstack devstack@c-vol.service.
Jun 20 19:39:50 datacore-PowerEdge-R740 cinder-volume[790953]: DEBUG oslo_concurrency.lockutils [-] Acquired lock "singleton_lock" {{(pid=790953) lock /usr/local/lib/python3.8/dist-packages/oslo_concurrency/lockutils.py:294}}
Jun 20 19:39:50 datacore-PowerEdge-R740 cinder-volume[790953]: DEBUG oslo_concurrency.lockutils [-] Releasing lock "singleton_lock" {{(pid=790953) lock /usr/local/lib/python3.8/dist-packages/oslo_concurrency/lockutils.py:312}}
Jun 20 19:39:51 datacore-PowerEdge-R740 cinder-volume[790953]: INFO dbcounter [None req-bc23c413-780b-4c90-81de-e4abe80fa734 None None] Registered counter for database cinder
Jun 20 19:39:51 datacore-PowerEdge-R740 cinder-volume[790953]: DEBUG oslo_db.sqlalchemy.engines [None req-bc23c413-780b-4c90-81de-e4abe80fa734 None None] MySQL server mode set to STRICT_TRANS_TABLES,STRICT_ALL_TABLES,NO_ZERO_IN_DATE,NO_ZERO_DATE,ERROR_FOR_DIVISION_BY_ZERO,TRADITIONAL,NO_ENGINE_SUBSTITUTION {{(pid=790953) _check_effective_sql_mode /usr/local/lib/python3.8/dist-packages/oslo_db/sqlalchemy/engines.py:314}}
Jun 20 19:39:51 datacore-PowerEdge-R740 cinder-volume[790953]: DEBUG dbcounter [-] [790953] Writer thread running {{(pid=790953) stat_writer /usr/local/lib/python3.8/dist-packages/dbcounter.py:99}}
Jun 20 19:39:51 datacore-PowerEdge-R740 cinder-volume[790953]: INFO cinder.rpc [None req-bc23c413-780b-4c90-81de-e4abe80fa734 None None] Automatically selected cinder-scheduler objects version 1.39 as minimum service version.
Jun 20 19:39:51 datacore-PowerEdge-R740 cinder-volume[790953]: INFO cinder.rpc [None req-bc23c413-780b-4c90-81de-e4abe80fa734 None None] Automatically selected cinder-scheduler RPC version 3.12 as minimum service version.
Jun 20 19:39:51 datacore-PowerEdge-R740 cinder-volume[790953]: DEBUG oslo_db.sqlalchemy.engines [None req-bc23c413-780b-4c90-81de-e4abe80fa734 None None] MySQL server mode set to STRICT_TRANS_TABLES,STRICT_ALL_TABLES,NO_ZERO_IN_DATE,NO_ZERO_DATE,ERROR_FOR_DIVISION_BY_ZERO,TRADITIONAL,NO_ENGINE_SUBSTITUTION {{(pid=790953) _check_effective_sql_mode /usr/local/lib/python3.8/dist-packages/oslo_db/sqlalchemy/engines.py:314}}
Jun 20 19:39:51 datacore-PowerEdge-R740 cinder-volume[790953]: INFO cinder.volume.manager [None req-bc23c413-780b-4c90-81de-e4abe80fa734 None None] Determined volume DB was not empty at startup.
Jun 20 19:39:51 datacore-PowerEdge-R740 cinder-volume[790953]: DEBUG cinder.volume.manager [None req-bc23c413-780b-4c90-81de-e4abe80fa734 None None] Cinder Volume DB check: vol_db_empty=False {{(pid=790953) __init__ /opt/stack/cinder/cinder/volume/manager.py:286}}
Jun 20 19:39:51 datacore-PowerEdge-R740 cinder-volume[790953]: WARNING stevedore.named [None req-bc23c413-780b-4c90-81de-e4abe80fa734 None None] Could not load cinder.keymgr.conf_key_mgr.ConfKeyManager
Jun 20 19:39:51 datacore-PowerEdge-R740 cinder-volume[790953]: WARNING castellan.key_manager [None req-bc23c413-780b-4c90-81de-e4abe80fa734 None None] Deprecation Warning : cinder.keymgr.conf_key_mgr.ConfKeyManager is not a stevedore based driver, trying to load it as a class: stevedore.exception.NoMatches: No 'castellan.drivers' driver found, looking for 'cinder.keymgr.conf_key_mgr.ConfKeyManager'
Jun 20 19:39:51 datacore-PowerEdge-R740 cinder-volume[790953]: WARNING cinder.keymgr.conf_key_mgr [None req-bc23c413-780b-4c90-81de-e4abe80fa734 None None] This key manager is insecure and is not recommended for production deployments: stevedore.exception.NoMatches: No 'castellan.drivers' driver found, looking for 'cinder.keymgr.conf_key_mgr.ConfKeyManager'
Jun 20 19:39:51 datacore-PowerEdge-R740 cinder-volume[790953]: ERROR cinder.cmd.volume [None req-bc23c413-780b-4c90-81de-e4abe80fa734 None None] Volume service hostgroup@datacore_iscsi1 failed to start.: ModuleNotFoundError: No module named 'cinder.volume.drivers.datacore.iscsi'
Jun 20 19:39:51 datacore-PowerEdge-R740 cinder-volume[790953]: ERROR cinder.cmd.volume Traceback (most recent call last):
Jun 20 19:39:51 datacore-PowerEdge-R740 cinder-volume[790953]: ERROR cinder.cmd.volume   File "/opt/stack/cinder/cinder/cmd/volume.py", line 99, in _launch_service
Jun 20 19:39:51 datacore-PowerEdge-R740 cinder-volume[790953]: ERROR cinder.cmd.volume     server = service.Service.create(host=host,
Jun 20 19:39:51 datacore-PowerEdge-R740 cinder-volume[790953]: ERROR cinder.cmd.volume   File "/opt/stack/cinder/cinder/service.py", line 394, in create
Jun 20 19:39:51 datacore-PowerEdge-R740 cinder-volume[790953]: ERROR cinder.cmd.volume     service_obj = cls(host, binary, topic, manager,
Jun 20 19:39:51 datacore-PowerEdge-R740 cinder-volume[790953]: ERROR cinder.cmd.volume   File "/opt/stack/cinder/cinder/service.py", line 152, in __init__
Jun 20 19:39:51 datacore-PowerEdge-R740 cinder-volume[790953]: ERROR cinder.cmd.volume     self.manager = manager_class(host=self.host,
Jun 20 19:39:51 datacore-PowerEdge-R740 cinder-volume[790953]: ERROR cinder.cmd.volume   File "/opt/stack/cinder/cinder/volume/manager.py", line 309, in __init__
Jun 20 19:39:51 datacore-PowerEdge-R740 cinder-volume[790953]: ERROR cinder.cmd.volume     self.driver = importutils.import_object(
Jun 20 19:39:51 datacore-PowerEdge-R740 cinder-volume[790953]: ERROR cinder.cmd.volume   File "/usr/local/lib/python3.8/dist-packages/oslo_utils/importutils.py", line 44, in import_object
Jun 20 19:39:51 datacore-PowerEdge-R740 cinder-volume[790953]: ERROR cinder.cmd.volume     return import_class(import_str)(*args, **kwargs)
Jun 20 19:39:51 datacore-PowerEdge-R740 cinder-volume[790953]: ERROR cinder.cmd.volume   File "/usr/local/lib/python3.8/dist-packages/oslo_utils/importutils.py", line 30, in import_class
Jun 20 19:39:51 datacore-PowerEdge-R740 cinder-volume[790953]: ERROR cinder.cmd.volume     __import__(mod_str)
Jun 20 19:39:51 datacore-PowerEdge-R740 cinder-volume[790953]: ERROR cinder.cmd.volume ModuleNotFoundError: No module named 'cinder.volume.drivers.datacore.iscsi'
Jun 20 19:39:51 datacore-PowerEdge-R740 cinder-volume[790953]: ERROR cinder.cmd.volume 
Jun 20 19:39:51 datacore-PowerEdge-R740 cinder-volume[790953]: ERROR cinder.cmd.volume [None req-bc23c413-780b-4c90-81de-e4abe80fa734 None None] No volume service(s) started successfully, terminating.
Jun 20 19:39:51 datacore-PowerEdge-R740 cinder-volume[790953]: /usr/lib/python3/dist-packages/secretstorage/dhcrypto.py:15: CryptographyDeprecationWarning: int_from_bytes is deprecated, use int.from_bytes instead
Jun 20 19:39:51 datacore-PowerEdge-R740 cinder-volume[790953]:   from cryptography.utils import int_from_bytes
Jun 20 19:39:51 datacore-PowerEdge-R740 cinder-volume[790953]: /usr/lib/python3/dist-packages/secretstorage/util.py:19: CryptographyDeprecationWarning: int_from_bytes is deprecated, use int.from_bytes instead
Jun 20 19:39:51 datacore-PowerEdge-R740 cinder-volume[790953]:   from cryptography.utils import int_from_bytes
Jun 20 19:39:51 datacore-PowerEdge-R740 cinder-volume[790953]: /opt/stack/cinder/cinder/db/sqlalchemy/models.py:152: SAWarning: implicitly coercing SELECT object to scalar subquery; please use the .scalar_subquery() method to produce a scalar subquery.
Jun 20 19:39:51 datacore-PowerEdge-R740 cinder-volume[790953]:   last_heartbeat = column_property(
Jun 20 19:39:51 datacore-PowerEdge-R740 cinder-volume[790953]: /opt/stack/cinder/cinder/db/sqlalchemy/models.py:160: SAWarning: implicitly coercing SELECT object to scalar subquery; please use the .scalar_subquery() method to produce a scalar subquery.
Jun 20 19:39:51 datacore-PowerEdge-R740 cinder-volume[790953]:   num_hosts = column_property(
Jun 20 19:39:51 datacore-PowerEdge-R740 cinder-volume[790953]: /opt/stack/cinder/cinder/db/sqlalchemy/models.py:169: SAWarning: implicitly coercing SELECT object to scalar subquery; please use the .scalar_subquery() method to produce a scalar subquery.
Jun 20 19:39:51 datacore-PowerEdge-R740 cinder-volume[790953]:   num_down_hosts = column_property(
Jun 20 19:39:52 datacore-PowerEdge-R740 systemd[1]: devstack@c-vol.service: Main process exited, code=exited, status=1/FAILURE
Jun 20 19:39:52 datacore-PowerEdge-R740 systemd[1]: devstack@c-vol.service: Failed with result 'exit-code'.
Jun 20 19:40:03 datacore-PowerEdge-R740 systemd[1]: Started Devstack devstack@c-vol.service.
Jun 20 19:40:05 datacore-PowerEdge-R740 cinder-volume[791514]: DEBUG oslo_concurrency.lockutils [-] Acquired lock "singleton_lock" {{(pid=791514) lock /usr/local/lib/python3.8/dist-packages/oslo_concurrency/lockutils.py:294}}
Jun 20 19:40:05 datacore-PowerEdge-R740 cinder-volume[791514]: DEBUG oslo_concurrency.lockutils [-] Releasing lock "singleton_lock" {{(pid=791514) lock /usr/local/lib/python3.8/dist-packages/oslo_concurrency/lockutils.py:312}}
Jun 20 19:40:05 datacore-PowerEdge-R740 cinder-volume[791514]: INFO dbcounter [None req-b7a27690-6c95-4389-919d-2eb5c5382f05 None None] Registered counter for database cinder
Jun 20 19:40:05 datacore-PowerEdge-R740 cinder-volume[791514]: DEBUG oslo_db.sqlalchemy.engines [None req-b7a27690-6c95-4389-919d-2eb5c5382f05 None None] MySQL server mode set to STRICT_TRANS_TABLES,STRICT_ALL_TABLES,NO_ZERO_IN_DATE,NO_ZERO_DATE,ERROR_FOR_DIVISION_BY_ZERO,TRADITIONAL,NO_ENGINE_SUBSTITUTION {{(pid=791514) _check_effective_sql_mode /usr/local/lib/python3.8/dist-packages/oslo_db/sqlalchemy/engines.py:314}}
Jun 20 19:40:05 datacore-PowerEdge-R740 cinder-volume[791514]: DEBUG dbcounter [-] [791514] Writer thread running {{(pid=791514) stat_writer /usr/local/lib/python3.8/dist-packages/dbcounter.py:99}}
Jun 20 19:40:06 datacore-PowerEdge-R740 cinder-volume[791514]: INFO cinder.rpc [None req-b7a27690-6c95-4389-919d-2eb5c5382f05 None None] Automatically selected cinder-scheduler objects version 1.39 as minimum service version.
Jun 20 19:40:06 datacore-PowerEdge-R740 cinder-volume[791514]: INFO cinder.rpc [None req-b7a27690-6c95-4389-919d-2eb5c5382f05 None None] Automatically selected cinder-scheduler RPC version 3.12 as minimum service version.
Jun 20 19:40:06 datacore-PowerEdge-R740 cinder-volume[791514]: DEBUG oslo_db.sqlalchemy.engines [None req-b7a27690-6c95-4389-919d-2eb5c5382f05 None None] MySQL server mode set to STRICT_TRANS_TABLES,STRICT_ALL_TABLES,NO_ZERO_IN_DATE,NO_ZERO_DATE,ERROR_FOR_DIVISION_BY_ZERO,TRADITIONAL,NO_ENGINE_SUBSTITUTION {{(pid=791514) _check_effective_sql_mode /usr/local/lib/python3.8/dist-packages/oslo_db/sqlalchemy/engines.py:314}}
Jun 20 19:40:06 datacore-PowerEdge-R740 cinder-volume[791514]: INFO cinder.volume.manager [None req-b7a27690-6c95-4389-919d-2eb5c5382f05 None None] Determined volume DB was not empty at startup.
Jun 20 19:40:06 datacore-PowerEdge-R740 cinder-volume[791514]: DEBUG cinder.volume.manager [None req-b7a27690-6c95-4389-919d-2eb5c5382f05 None None] Cinder Volume DB check: vol_db_empty=False {{(pid=791514) __init__ /opt/stack/cinder/cinder/volume/manager.py:286}}
Jun 20 19:40:06 datacore-PowerEdge-R740 cinder-volume[791514]: WARNING stevedore.named [None req-b7a27690-6c95-4389-919d-2eb5c5382f05 None None] Could not load cinder.keymgr.conf_key_mgr.ConfKeyManager
Jun 20 19:40:06 datacore-PowerEdge-R740 cinder-volume[791514]: WARNING castellan.key_manager [None req-b7a27690-6c95-4389-919d-2eb5c5382f05 None None] Deprecation Warning : cinder.keymgr.conf_key_mgr.ConfKeyManager is not a stevedore based driver, trying to load it as a class: stevedore.exception.NoMatches: No 'castellan.drivers' driver found, looking for 'cinder.keymgr.conf_key_mgr.ConfKeyManager'
Jun 20 19:40:06 datacore-PowerEdge-R740 cinder-volume[791514]: WARNING cinder.keymgr.conf_key_mgr [None req-b7a27690-6c95-4389-919d-2eb5c5382f05 None None] This key manager is insecure and is not recommended for production deployments: stevedore.exception.NoMatches: No 'castellan.drivers' driver found, looking for 'cinder.keymgr.conf_key_mgr.ConfKeyManager'
Jun 20 19:40:06 datacore-PowerEdge-R740 cinder-volume[791514]: ERROR cinder.cmd.volume [None req-b7a27690-6c95-4389-919d-2eb5c5382f05 None None] Volume service hostgroup@datacore_iscsi1 failed to start.: ModuleNotFoundError: No module named 'cinder.volume.drivers.datacore.iscsi'
Jun 20 19:40:06 datacore-PowerEdge-R740 cinder-volume[791514]: ERROR cinder.cmd.volume Traceback (most recent call last):
Jun 20 19:40:06 datacore-PowerEdge-R740 cinder-volume[791514]: ERROR cinder.cmd.volume   File "/opt/stack/cinder/cinder/cmd/volume.py", line 99, in _launch_service
Jun 20 19:40:06 datacore-PowerEdge-R740 cinder-volume[791514]: ERROR cinder.cmd.volume     server = service.Service.create(host=host,
Jun 20 19:40:06 datacore-PowerEdge-R740 cinder-volume[791514]: ERROR cinder.cmd.volume   File "/opt/stack/cinder/cinder/service.py", line 394, in create
Jun 20 19:40:06 datacore-PowerEdge-R740 cinder-volume[791514]: ERROR cinder.cmd.volume     service_obj = cls(host, binary, topic, manager,
Jun 20 19:40:06 datacore-PowerEdge-R740 cinder-volume[791514]: ERROR cinder.cmd.volume   File "/opt/stack/cinder/cinder/service.py", line 152, in __init__
Jun 20 19:40:06 datacore-PowerEdge-R740 cinder-volume[791514]: ERROR cinder.cmd.volume     self.manager = manager_class(host=self.host,
Jun 20 19:40:06 datacore-PowerEdge-R740 cinder-volume[791514]: ERROR cinder.cmd.volume   File "/opt/stack/cinder/cinder/volume/manager.py", line 309, in __init__
Jun 20 19:40:06 datacore-PowerEdge-R740 cinder-volume[791514]: ERROR cinder.cmd.volume     self.driver = importutils.import_object(
Jun 20 19:40:06 datacore-PowerEdge-R740 cinder-volume[791514]: ERROR cinder.cmd.volume   File "/usr/local/lib/python3.8/dist-packages/oslo_utils/importutils.py", line 44, in import_object
Jun 20 19:40:06 datacore-PowerEdge-R740 cinder-volume[791514]: ERROR cinder.cmd.volume     return import_class(import_str)(*args, **kwargs)
Jun 20 19:40:06 datacore-PowerEdge-R740 cinder-volume[791514]: ERROR cinder.cmd.volume   File "/usr/local/lib/python3.8/dist-packages/oslo_utils/importutils.py", line 30, in import_class
Jun 20 19:40:06 datacore-PowerEdge-R740 cinder-volume[791514]: ERROR cinder.cmd.volume     __import__(mod_str)
Jun 20 19:40:06 datacore-PowerEdge-R740 cinder-volume[791514]: ERROR cinder.cmd.volume ModuleNotFoundError: No module named 'cinder.volume.drivers.datacore.iscsi'
Jun 20 19:40:06 datacore-PowerEdge-R740 cinder-volume[791514]: ERROR cinder.cmd.volume 
Jun 20 19:40:06 datacore-PowerEdge-R740 cinder-volume[791514]: ERROR cinder.cmd.volume [None req-b7a27690-6c95-4389-919d-2eb5c5382f05 None None] No volume service(s) started successfully, terminating.
Jun 20 19:40:06 datacore-PowerEdge-R740 cinder-volume[791514]: /usr/lib/python3/dist-packages/secretstorage/dhcrypto.py:15: CryptographyDeprecationWarning: int_from_bytes is deprecated, use int.from_bytes instead
Jun 20 19:40:06 datacore-PowerEdge-R740 cinder-volume[791514]:   from cryptography.utils import int_from_bytes
Jun 20 19:40:06 datacore-PowerEdge-R740 cinder-volume[791514]: /usr/lib/python3/dist-packages/secretstorage/util.py:19: CryptographyDeprecationWarning: int_from_bytes is deprecated, use int.from_bytes instead
Jun 20 19:40:06 datacore-PowerEdge-R740 cinder-volume[791514]:   from cryptography.utils import int_from_bytes
Jun 20 19:40:06 datacore-PowerEdge-R740 cinder-volume[791514]: /opt/stack/cinder/cinder/db/sqlalchemy/models.py:152: SAWarning: implicitly coercing SELECT object to scalar subquery; please use the .scalar_subquery() method to produce a scalar subquery.
Jun 20 19:40:06 datacore-PowerEdge-R740 cinder-volume[791514]:   last_heartbeat = column_property(
Jun 20 19:40:06 datacore-PowerEdge-R740 cinder-volume[791514]: /opt/stack/cinder/cinder/db/sqlalchemy/models.py:160: SAWarning: implicitly coercing SELECT object to scalar subquery; please use the .scalar_subquery() method to produce a scalar subquery.
Jun 20 19:40:06 datacore-PowerEdge-R740 cinder-volume[791514]:   num_hosts = column_property(
Jun 20 19:40:06 datacore-PowerEdge-R740 cinder-volume[791514]: /opt/stack/cinder/cinder/db/sqlalchemy/models.py:169: SAWarning: implicitly coercing SELECT object to scalar subquery; please use the .scalar_subquery() method to produce a scalar subquery.
Jun 20 19:40:06 datacore-PowerEdge-R740 cinder-volume[791514]:   num_down_hosts = column_property(
Jun 20 19:40:06 datacore-PowerEdge-R740 systemd[1]: devstack@c-vol.service: Main process exited, code=exited, status=1/FAILURE
Jun 20 19:40:06 datacore-PowerEdge-R740 systemd[1]: devstack@c-vol.service: Failed with result 'exit-code'.
