-- Logs begin at Wed 2022-07-27 00:03:14 IST, end at Wed 2022-07-27 00:04:31 IST. --
Jul 27 00:03:15 datacore-PowerEdge-R740 sudo[35129]: pam_unix(sudo:session): session closed for user root
Jul 27 00:03:15 datacore-PowerEdge-R740 cinder-volume[35081]: DEBUG oslo_concurrency.processutils [None req-e74a4caf-ca4e-4658-8d81-d14e38abc9b1 None None] CMD "sudo cinder-rootwrap /etc/cinder/rootwrap.conf env LC_ALL=C lvs --noheadings --unit=g -o vg_name,name,size --nosuffix --readonly stack-volumes-lvmdriver-1/stack-volumes-lvmdriver-1-pool" returned: 0 in 1.073s {{(pid=35081) execute /usr/local/lib/python3.8/dist-packages/oslo_concurrency/processutils.py:422}}
Jul 27 00:03:15 datacore-PowerEdge-R740 cinder-volume[35081]: DEBUG oslo_concurrency.processutils [None req-e74a4caf-ca4e-4658-8d81-d14e38abc9b1 None None] Running cmd (subprocess): env LC_ALL=C lvm version {{(pid=35081) execute /usr/local/lib/python3.8/dist-packages/oslo_concurrency/processutils.py:384}}
Jul 27 00:03:15 datacore-PowerEdge-R740 cinder-volume[35081]: DEBUG oslo_concurrency.processutils [None req-e74a4caf-ca4e-4658-8d81-d14e38abc9b1 None None] CMD "env LC_ALL=C lvm version" returned: 0 in 0.015s {{(pid=35081) execute /usr/local/lib/python3.8/dist-packages/oslo_concurrency/processutils.py:422}}
Jul 27 00:03:15 datacore-PowerEdge-R740 cinder-volume[35081]: DEBUG oslo_concurrency.processutils [None req-e74a4caf-ca4e-4658-8d81-d14e38abc9b1 None None] Running cmd (subprocess): sudo cinder-rootwrap /etc/cinder/rootwrap.conf lvchange -a y --yes -K stack-volumes-lvmdriver-1/stack-volumes-lvmdriver-1-pool {{(pid=35081) execute /usr/local/lib/python3.8/dist-packages/oslo_concurrency/processutils.py:384}}
Jul 27 00:03:15 datacore-PowerEdge-R740 sudo[35184]:    stack : TTY=unknown ; PWD=/ ; USER=root ; COMMAND=/usr/local/bin/cinder-rootwrap /etc/cinder/rootwrap.conf lvchange -a y --yes -K stack-volumes-lvmdriver-1/stack-volumes-lvmdriver-1-pool
Jul 27 00:03:15 datacore-PowerEdge-R740 sudo[35184]: pam_unix(sudo:session): session opened for user root by (uid=0)
Jul 27 00:03:16 datacore-PowerEdge-R740 sudo[35184]: pam_unix(sudo:session): session closed for user root
Jul 27 00:03:16 datacore-PowerEdge-R740 cinder-volume[35081]: DEBUG oslo_concurrency.processutils [None req-e74a4caf-ca4e-4658-8d81-d14e38abc9b1 None None] CMD "sudo cinder-rootwrap /etc/cinder/rootwrap.conf lvchange -a y --yes -K stack-volumes-lvmdriver-1/stack-volumes-lvmdriver-1-pool" returned: 0 in 0.967s {{(pid=35081) execute /usr/local/lib/python3.8/dist-packages/oslo_concurrency/processutils.py:422}}
Jul 27 00:03:16 datacore-PowerEdge-R740 cinder-volume[35081]: DEBUG oslo_concurrency.processutils [None req-e74a4caf-ca4e-4658-8d81-d14e38abc9b1 None None] Running cmd (subprocess): env LC_ALL=C lvm version {{(pid=35081) execute /usr/local/lib/python3.8/dist-packages/oslo_concurrency/processutils.py:384}}
Jul 27 00:03:16 datacore-PowerEdge-R740 cinder-volume[35081]: DEBUG oslo_concurrency.processutils [None req-e74a4caf-ca4e-4658-8d81-d14e38abc9b1 None None] CMD "env LC_ALL=C lvm version" returned: 0 in 0.018s {{(pid=35081) execute /usr/local/lib/python3.8/dist-packages/oslo_concurrency/processutils.py:422}}
Jul 27 00:03:16 datacore-PowerEdge-R740 cinder-volume[35081]: DEBUG oslo_concurrency.processutils [None req-e74a4caf-ca4e-4658-8d81-d14e38abc9b1 None None] Running cmd (subprocess): sudo cinder-rootwrap /etc/cinder/rootwrap.conf env LC_ALL=C pvs --noheadings --unit=g -o vg_name,name,size,free --separator | --nosuffix --ignoreskippedcluster {{(pid=35081) execute /usr/local/lib/python3.8/dist-packages/oslo_concurrency/processutils.py:384}}
Jul 27 00:03:16 datacore-PowerEdge-R740 sudo[35263]:    stack : TTY=unknown ; PWD=/ ; USER=root ; COMMAND=/usr/local/bin/cinder-rootwrap /etc/cinder/rootwrap.conf env LC_ALL=C pvs --noheadings --unit=g -o vg_name,name,size,free --separator | --nosuffix --ignoreskippedcluster
Jul 27 00:03:16 datacore-PowerEdge-R740 sudo[35263]: pam_unix(sudo:session): session opened for user root by (uid=0)
Jul 27 00:03:17 datacore-PowerEdge-R740 sudo[35263]: pam_unix(sudo:session): session closed for user root
Jul 27 00:03:17 datacore-PowerEdge-R740 cinder-volume[35081]: DEBUG oslo_concurrency.processutils [None req-e74a4caf-ca4e-4658-8d81-d14e38abc9b1 None None] CMD "sudo cinder-rootwrap /etc/cinder/rootwrap.conf env LC_ALL=C pvs --noheadings --unit=g -o vg_name,name,size,free --separator | --nosuffix --ignoreskippedcluster" returned: 0 in 0.664s {{(pid=35081) execute /usr/local/lib/python3.8/dist-packages/oslo_concurrency/processutils.py:422}}
Jul 27 00:03:17 datacore-PowerEdge-R740 cinder-volume[35081]: DEBUG oslo_concurrency.processutils [None req-e74a4caf-ca4e-4658-8d81-d14e38abc9b1 None None] Running cmd (subprocess): sudo cinder-rootwrap /etc/cinder/rootwrap.conf env LC_ALL=C vgs --noheadings --unit=g -o name,size,free,lv_count,uuid --separator : --nosuffix stack-volumes-lvmdriver-1 {{(pid=35081) execute /usr/local/lib/python3.8/dist-packages/oslo_concurrency/processutils.py:384}}
Jul 27 00:03:17 datacore-PowerEdge-R740 sudo[35310]:    stack : TTY=unknown ; PWD=/ ; USER=root ; COMMAND=/usr/local/bin/cinder-rootwrap /etc/cinder/rootwrap.conf env LC_ALL=C vgs --noheadings --unit=g -o name,size,free,lv_count,uuid --separator : --nosuffix stack-volumes-lvmdriver-1
Jul 27 00:03:17 datacore-PowerEdge-R740 sudo[35310]: pam_unix(sudo:session): session opened for user root by (uid=0)
Jul 27 00:03:18 datacore-PowerEdge-R740 sudo[35310]: pam_unix(sudo:session): session closed for user root
Jul 27 00:03:18 datacore-PowerEdge-R740 cinder-volume[35081]: DEBUG oslo_concurrency.processutils [None req-e74a4caf-ca4e-4658-8d81-d14e38abc9b1 None None] CMD "sudo cinder-rootwrap /etc/cinder/rootwrap.conf env LC_ALL=C vgs --noheadings --unit=g -o name,size,free,lv_count,uuid --separator : --nosuffix stack-volumes-lvmdriver-1" returned: 0 in 0.731s {{(pid=35081) execute /usr/local/lib/python3.8/dist-packages/oslo_concurrency/processutils.py:422}}
Jul 27 00:03:18 datacore-PowerEdge-R740 cinder-volume[35081]: DEBUG oslo_concurrency.processutils [None req-e74a4caf-ca4e-4658-8d81-d14e38abc9b1 None None] Running cmd (subprocess): sudo cinder-rootwrap /etc/cinder/rootwrap.conf env LC_ALL=C vgs --noheadings --unit=g -o name,size,free,lv_count,uuid --separator : --nosuffix stack-volumes-lvmdriver-1 {{(pid=35081) execute /usr/local/lib/python3.8/dist-packages/oslo_concurrency/processutils.py:384}}
Jul 27 00:03:18 datacore-PowerEdge-R740 sudo[35359]:    stack : TTY=unknown ; PWD=/ ; USER=root ; COMMAND=/usr/local/bin/cinder-rootwrap /etc/cinder/rootwrap.conf env LC_ALL=C vgs --noheadings --unit=g -o name,size,free,lv_count,uuid --separator : --nosuffix stack-volumes-lvmdriver-1
Jul 27 00:03:18 datacore-PowerEdge-R740 sudo[35359]: pam_unix(sudo:session): session opened for user root by (uid=0)
Jul 27 00:03:18 datacore-PowerEdge-R740 sudo[35359]: pam_unix(sudo:session): session closed for user root
Jul 27 00:03:18 datacore-PowerEdge-R740 cinder-volume[35081]: DEBUG oslo_concurrency.processutils [None req-e74a4caf-ca4e-4658-8d81-d14e38abc9b1 None None] CMD "sudo cinder-rootwrap /etc/cinder/rootwrap.conf env LC_ALL=C vgs --noheadings --unit=g -o name,size,free,lv_count,uuid --separator : --nosuffix stack-volumes-lvmdriver-1" returned: 0 in 0.639s {{(pid=35081) execute /usr/local/lib/python3.8/dist-packages/oslo_concurrency/processutils.py:422}}
Jul 27 00:03:18 datacore-PowerEdge-R740 cinder-volume[35081]: DEBUG oslo_concurrency.processutils [None req-e74a4caf-ca4e-4658-8d81-d14e38abc9b1 None None] Running cmd (subprocess): sudo cinder-rootwrap /etc/cinder/rootwrap.conf env LC_ALL=C lvs --noheadings --unit=g -o vg_name,name,size --nosuffix --readonly stack-volumes-lvmdriver-1 {{(pid=35081) execute /usr/local/lib/python3.8/dist-packages/oslo_concurrency/processutils.py:384}}
Jul 27 00:03:18 datacore-PowerEdge-R740 sudo[35367]:    stack : TTY=unknown ; PWD=/ ; USER=root ; COMMAND=/usr/local/bin/cinder-rootwrap /etc/cinder/rootwrap.conf env LC_ALL=C lvs --noheadings --unit=g -o vg_name,name,size --nosuffix --readonly stack-volumes-lvmdriver-1
Jul 27 00:03:18 datacore-PowerEdge-R740 sudo[35367]: pam_unix(sudo:session): session opened for user root by (uid=0)
Jul 27 00:03:19 datacore-PowerEdge-R740 sudo[35367]: pam_unix(sudo:session): session closed for user root
Jul 27 00:03:19 datacore-PowerEdge-R740 cinder-volume[35081]: DEBUG oslo_concurrency.processutils [None req-e74a4caf-ca4e-4658-8d81-d14e38abc9b1 None None] CMD "sudo cinder-rootwrap /etc/cinder/rootwrap.conf env LC_ALL=C lvs --noheadings --unit=g -o vg_name,name,size --nosuffix --readonly stack-volumes-lvmdriver-1" returned: 0 in 0.703s {{(pid=35081) execute /usr/local/lib/python3.8/dist-packages/oslo_concurrency/processutils.py:422}}
Jul 27 00:03:19 datacore-PowerEdge-R740 cinder-volume[35081]: DEBUG oslo_concurrency.processutils [None req-e74a4caf-ca4e-4658-8d81-d14e38abc9b1 None None] Running cmd (subprocess): sudo cinder-rootwrap /etc/cinder/rootwrap.conf env LC_ALL=C lvs --noheadings --unit=g -o size,data_percent --separator : --nosuffix /dev/stack-volumes-lvmdriver-1/stack-volumes-lvmdriver-1-pool {{(pid=35081) execute /usr/local/lib/python3.8/dist-packages/oslo_concurrency/processutils.py:384}}
Jul 27 00:03:19 datacore-PowerEdge-R740 sudo[35388]:    stack : TTY=unknown ; PWD=/ ; USER=root ; COMMAND=/usr/local/bin/cinder-rootwrap /etc/cinder/rootwrap.conf env LC_ALL=C lvs --noheadings --unit=g -o size,data_percent --separator : --nosuffix /dev/stack-volumes-lvmdriver-1/stack-volumes-lvmdriver-1-pool
Jul 27 00:03:19 datacore-PowerEdge-R740 sudo[35388]: pam_unix(sudo:session): session opened for user root by (uid=0)
Jul 27 00:03:20 datacore-PowerEdge-R740 sudo[35388]: pam_unix(sudo:session): session closed for user root
Jul 27 00:03:20 datacore-PowerEdge-R740 cinder-volume[35081]: DEBUG oslo_concurrency.processutils [None req-e74a4caf-ca4e-4658-8d81-d14e38abc9b1 None None] CMD "sudo cinder-rootwrap /etc/cinder/rootwrap.conf env LC_ALL=C lvs --noheadings --unit=g -o size,data_percent --separator : --nosuffix /dev/stack-volumes-lvmdriver-1/stack-volumes-lvmdriver-1-pool" returned: 0 in 0.673s {{(pid=35081) execute /usr/local/lib/python3.8/dist-packages/oslo_concurrency/processutils.py:422}}
Jul 27 00:03:20 datacore-PowerEdge-R740 cinder-volume[35081]: DEBUG oslo_concurrency.processutils [None req-e74a4caf-ca4e-4658-8d81-d14e38abc9b1 None None] Running cmd (subprocess): env LC_ALL=C lvm version {{(pid=35081) execute /usr/local/lib/python3.8/dist-packages/oslo_concurrency/processutils.py:384}}
Jul 27 00:03:20 datacore-PowerEdge-R740 cinder-volume[35081]: DEBUG oslo_concurrency.processutils [None req-e74a4caf-ca4e-4658-8d81-d14e38abc9b1 None None] CMD "env LC_ALL=C lvm version" returned: 0 in 0.017s {{(pid=35081) execute /usr/local/lib/python3.8/dist-packages/oslo_concurrency/processutils.py:422}}
Jul 27 00:03:20 datacore-PowerEdge-R740 cinder-volume[35081]: DEBUG oslo_concurrency.processutils [None req-e74a4caf-ca4e-4658-8d81-d14e38abc9b1 None None] Running cmd (subprocess): sudo cinder-rootwrap /etc/cinder/rootwrap.conf env LC_ALL=C lvs --noheadings --unit=g -o vg_name,name,size --nosuffix --readonly stack-volumes-lvmdriver-1/stack-volumes-lvmdriver-1-pool {{(pid=35081) execute /usr/local/lib/python3.8/dist-packages/oslo_concurrency/processutils.py:384}}
Jul 27 00:03:20 datacore-PowerEdge-R740 sudo[35395]:    stack : TTY=unknown ; PWD=/ ; USER=root ; COMMAND=/usr/local/bin/cinder-rootwrap /etc/cinder/rootwrap.conf env LC_ALL=C lvs --noheadings --unit=g -o vg_name,name,size --nosuffix --readonly stack-volumes-lvmdriver-1/stack-volumes-lvmdriver-1-pool
Jul 27 00:03:20 datacore-PowerEdge-R740 sudo[35395]: pam_unix(sudo:session): session opened for user root by (uid=0)
Jul 27 00:03:20 datacore-PowerEdge-R740 sudo[35395]: pam_unix(sudo:session): session closed for user root
Jul 27 00:03:20 datacore-PowerEdge-R740 cinder-volume[35081]: DEBUG oslo_concurrency.processutils [None req-e74a4caf-ca4e-4658-8d81-d14e38abc9b1 None None] CMD "sudo cinder-rootwrap /etc/cinder/rootwrap.conf env LC_ALL=C lvs --noheadings --unit=g -o vg_name,name,size --nosuffix --readonly stack-volumes-lvmdriver-1/stack-volumes-lvmdriver-1-pool" returned: 0 in 0.619s {{(pid=35081) execute /usr/local/lib/python3.8/dist-packages/oslo_concurrency/processutils.py:422}}
Jul 27 00:03:20 datacore-PowerEdge-R740 cinder-volume[35081]: INFO cinder.volume.drivers.lvm [None req-e74a4caf-ca4e-4658-8d81-d14e38abc9b1 None None] Enabling LVM thin provisioning by default because a thin pool exists.
Jul 27 00:03:20 datacore-PowerEdge-R740 cinder-volume[35081]: DEBUG oslo_concurrency.processutils [None req-e74a4caf-ca4e-4658-8d81-d14e38abc9b1 None None] Running cmd (subprocess): env LC_ALL=C lvm version {{(pid=35081) execute /usr/local/lib/python3.8/dist-packages/oslo_concurrency/processutils.py:384}}
Jul 27 00:03:20 datacore-PowerEdge-R740 cinder-volume[35081]: DEBUG oslo_concurrency.processutils [None req-e74a4caf-ca4e-4658-8d81-d14e38abc9b1 None None] CMD "env LC_ALL=C lvm version" returned: 0 in 0.018s {{(pid=35081) execute /usr/local/lib/python3.8/dist-packages/oslo_concurrency/processutils.py:422}}
Jul 27 00:03:20 datacore-PowerEdge-R740 cinder-volume[35081]: DEBUG oslo_concurrency.processutils [None req-e74a4caf-ca4e-4658-8d81-d14e38abc9b1 None None] Running cmd (subprocess): sudo cinder-rootwrap /etc/cinder/rootwrap.conf env LC_ALL=C lvs --noheadings --unit=g -o vg_name,name,size --nosuffix --readonly stack-volumes-lvmdriver-1/stack-volumes-lvmdriver-1-pool {{(pid=35081) execute /usr/local/lib/python3.8/dist-packages/oslo_concurrency/processutils.py:384}}
Jul 27 00:03:20 datacore-PowerEdge-R740 sudo[35402]:    stack : TTY=unknown ; PWD=/ ; USER=root ; COMMAND=/usr/local/bin/cinder-rootwrap /etc/cinder/rootwrap.conf env LC_ALL=C lvs --noheadings --unit=g -o vg_name,name,size --nosuffix --readonly stack-volumes-lvmdriver-1/stack-volumes-lvmdriver-1-pool
Jul 27 00:03:20 datacore-PowerEdge-R740 sudo[35402]: pam_unix(sudo:session): session opened for user root by (uid=0)
Jul 27 00:03:21 datacore-PowerEdge-R740 sudo[35402]: pam_unix(sudo:session): session closed for user root
Jul 27 00:03:21 datacore-PowerEdge-R740 cinder-volume[35081]: DEBUG oslo_concurrency.processutils [None req-e74a4caf-ca4e-4658-8d81-d14e38abc9b1 None None] CMD "sudo cinder-rootwrap /etc/cinder/rootwrap.conf env LC_ALL=C lvs --noheadings --unit=g -o vg_name,name,size --nosuffix --readonly stack-volumes-lvmdriver-1/stack-volumes-lvmdriver-1-pool" returned: 0 in 0.651s {{(pid=35081) execute /usr/local/lib/python3.8/dist-packages/oslo_concurrency/processutils.py:422}}
Jul 27 00:03:21 datacore-PowerEdge-R740 cinder-volume[35081]: DEBUG cinder.volume.drivers.lvm [None req-e74a4caf-ca4e-4658-8d81-d14e38abc9b1 None None] Updating volume stats {{(pid=35081) _update_volume_stats /opt/stack/cinder/cinder/volume/drivers/lvm.py:213}}
Jul 27 00:03:21 datacore-PowerEdge-R740 cinder-volume[35081]: DEBUG oslo_concurrency.processutils [None req-e74a4caf-ca4e-4658-8d81-d14e38abc9b1 None None] Running cmd (subprocess): sudo cinder-rootwrap /etc/cinder/rootwrap.conf env LC_ALL=C vgs --noheadings --unit=g -o name,size,free,lv_count,uuid --separator : --nosuffix stack-volumes-lvmdriver-1 {{(pid=35081) execute /usr/local/lib/python3.8/dist-packages/oslo_concurrency/processutils.py:384}}
Jul 27 00:03:21 datacore-PowerEdge-R740 sudo[35417]:    stack : TTY=unknown ; PWD=/ ; USER=root ; COMMAND=/usr/local/bin/cinder-rootwrap /etc/cinder/rootwrap.conf env LC_ALL=C vgs --noheadings --unit=g -o name,size,free,lv_count,uuid --separator : --nosuffix stack-volumes-lvmdriver-1
Jul 27 00:03:21 datacore-PowerEdge-R740 sudo[35417]: pam_unix(sudo:session): session opened for user root by (uid=0)
Jul 27 00:03:22 datacore-PowerEdge-R740 sudo[35417]: pam_unix(sudo:session): session closed for user root
Jul 27 00:03:22 datacore-PowerEdge-R740 cinder-volume[35081]: DEBUG oslo_concurrency.processutils [None req-e74a4caf-ca4e-4658-8d81-d14e38abc9b1 None None] CMD "sudo cinder-rootwrap /etc/cinder/rootwrap.conf env LC_ALL=C vgs --noheadings --unit=g -o name,size,free,lv_count,uuid --separator : --nosuffix stack-volumes-lvmdriver-1" returned: 0 in 0.666s {{(pid=35081) execute /usr/local/lib/python3.8/dist-packages/oslo_concurrency/processutils.py:422}}
Jul 27 00:03:22 datacore-PowerEdge-R740 cinder-volume[35081]: DEBUG oslo_concurrency.processutils [None req-e74a4caf-ca4e-4658-8d81-d14e38abc9b1 None None] Running cmd (subprocess): sudo cinder-rootwrap /etc/cinder/rootwrap.conf env LC_ALL=C lvs --noheadings --unit=g -o vg_name,name,size --nosuffix --readonly stack-volumes-lvmdriver-1 {{(pid=35081) execute /usr/local/lib/python3.8/dist-packages/oslo_concurrency/processutils.py:384}}
Jul 27 00:03:22 datacore-PowerEdge-R740 sudo[35421]:    stack : TTY=unknown ; PWD=/ ; USER=root ; COMMAND=/usr/local/bin/cinder-rootwrap /etc/cinder/rootwrap.conf env LC_ALL=C lvs --noheadings --unit=g -o vg_name,name,size --nosuffix --readonly stack-volumes-lvmdriver-1
Jul 27 00:03:22 datacore-PowerEdge-R740 sudo[35421]: pam_unix(sudo:session): session opened for user root by (uid=0)
Jul 27 00:03:22 datacore-PowerEdge-R740 sudo[35421]: pam_unix(sudo:session): session closed for user root
Jul 27 00:03:22 datacore-PowerEdge-R740 cinder-volume[35081]: DEBUG oslo_concurrency.processutils [None req-e74a4caf-ca4e-4658-8d81-d14e38abc9b1 None None] CMD "sudo cinder-rootwrap /etc/cinder/rootwrap.conf env LC_ALL=C lvs --noheadings --unit=g -o vg_name,name,size --nosuffix --readonly stack-volumes-lvmdriver-1" returned: 0 in 0.662s {{(pid=35081) execute /usr/local/lib/python3.8/dist-packages/oslo_concurrency/processutils.py:422}}
Jul 27 00:03:22 datacore-PowerEdge-R740 cinder-volume[35081]: DEBUG oslo_concurrency.processutils [None req-e74a4caf-ca4e-4658-8d81-d14e38abc9b1 None None] Running cmd (subprocess): sudo cinder-rootwrap /etc/cinder/rootwrap.conf env LC_ALL=C lvs --noheadings --unit=g -o size,data_percent --separator : --nosuffix /dev/stack-volumes-lvmdriver-1/stack-volumes-lvmdriver-1-pool {{(pid=35081) execute /usr/local/lib/python3.8/dist-packages/oslo_concurrency/processutils.py:384}}
Jul 27 00:03:22 datacore-PowerEdge-R740 sudo[35432]:    stack : TTY=unknown ; PWD=/ ; USER=root ; COMMAND=/usr/local/bin/cinder-rootwrap /etc/cinder/rootwrap.conf env LC_ALL=C lvs --noheadings --unit=g -o size,data_percent --separator : --nosuffix /dev/stack-volumes-lvmdriver-1/stack-volumes-lvmdriver-1-pool
Jul 27 00:03:22 datacore-PowerEdge-R740 sudo[35432]: pam_unix(sudo:session): session opened for user root by (uid=0)
Jul 27 00:03:23 datacore-PowerEdge-R740 cinder-volume[34897]: DEBUG dbcounter [-] [34897] Writing DB stats cinder:SELECT=16,cinder:UPDATE=1 {{(pid=34897) stat_writer /usr/local/lib/python3.8/dist-packages/dbcounter.py:114}}
Jul 27 00:03:23 datacore-PowerEdge-R740 sudo[35432]: pam_unix(sudo:session): session closed for user root
Jul 27 00:03:23 datacore-PowerEdge-R740 cinder-volume[35081]: DEBUG oslo_concurrency.processutils [None req-e74a4caf-ca4e-4658-8d81-d14e38abc9b1 None None] CMD "sudo cinder-rootwrap /etc/cinder/rootwrap.conf env LC_ALL=C lvs --noheadings --unit=g -o size,data_percent --separator : --nosuffix /dev/stack-volumes-lvmdriver-1/stack-volumes-lvmdriver-1-pool" returned: 0 in 0.627s {{(pid=35081) execute /usr/local/lib/python3.8/dist-packages/oslo_concurrency/processutils.py:422}}
Jul 27 00:03:23 datacore-PowerEdge-R740 cinder-volume[35081]: DEBUG oslo_concurrency.processutils [None req-e74a4caf-ca4e-4658-8d81-d14e38abc9b1 None None] Running cmd (subprocess): sudo cinder-rootwrap /etc/cinder/rootwrap.conf env LC_ALL=C lvs --noheadings --unit=g -o vg_name,name,size --nosuffix --readonly stack-volumes-lvmdriver-1 {{(pid=35081) execute /usr/local/lib/python3.8/dist-packages/oslo_concurrency/processutils.py:384}}
Jul 27 00:03:23 datacore-PowerEdge-R740 sudo[35441]:    stack : TTY=unknown ; PWD=/ ; USER=root ; COMMAND=/usr/local/bin/cinder-rootwrap /etc/cinder/rootwrap.conf env LC_ALL=C lvs --noheadings --unit=g -o vg_name,name,size --nosuffix --readonly stack-volumes-lvmdriver-1
Jul 27 00:03:23 datacore-PowerEdge-R740 sudo[35441]: pam_unix(sudo:session): session opened for user root by (uid=0)
Jul 27 00:03:24 datacore-PowerEdge-R740 sudo[35441]: pam_unix(sudo:session): session closed for user root
Jul 27 00:03:24 datacore-PowerEdge-R740 cinder-volume[35081]: DEBUG oslo_concurrency.processutils [None req-e74a4caf-ca4e-4658-8d81-d14e38abc9b1 None None] CMD "sudo cinder-rootwrap /etc/cinder/rootwrap.conf env LC_ALL=C lvs --noheadings --unit=g -o vg_name,name,size --nosuffix --readonly stack-volumes-lvmdriver-1" returned: 0 in 0.668s {{(pid=35081) execute /usr/local/lib/python3.8/dist-packages/oslo_concurrency/processutils.py:422}}
Jul 27 00:03:24 datacore-PowerEdge-R740 cinder-volume[35081]: INFO cinder.volume.driver [None req-e74a4caf-ca4e-4658-8d81-d14e38abc9b1 None None] Driver hasn't implemented _init_vendor_properties()
Jul 27 00:03:24 datacore-PowerEdge-R740 cinder-volume[35081]: DEBUG cinder.volume.driver [None req-e74a4caf-ca4e-4658-8d81-d14e38abc9b1 None None] Initialized capabilities list: {'volume_backend_name': 'lvmdriver-1', 'vendor_name': 'Open Source', 'driver_version': '3.0.0', 'storage_protocol': 'iSCSI', 'pools': [{'pool_name': 'lvmdriver-1', 'total_capacity_gb': 28.5, 'free_capacity_gb': 28.5, 'reserved_percentage': 0, 'location_info': 'LVMVolumeDriver:datacore-PowerEdge-R740:stack-volumes-lvmdriver-1:thin:0', 'QoS_support': False, 'provisioned_capacity_gb': 0.0, 'max_over_subscription_ratio': '20.0', 'thin_provisioning_support': True, 'thick_provisioning_support': False, 'total_volumes': 1, 'filter_function': None, 'goodness_function': None, 'multiattach': True, 'backend_state': 'up'}], 'shared_targets': False, 'sparse_copy_volume': True, 'properties': {'thin_provisioning': {'title': 'Thin Provisioning', 'description': 'Sets thin provisioning.', 'type': 'boolean'}, 'compression': {'title': 'Compression', 'description': 'Enables compression.', 'type': 'boolean'}, 'qos': {'title': 'QoS', 'description': 'Enables QoS.', 'type': 'boolean'}, 'replication_enabled': {'title': 'Replication', 'description': 'Enables replication.', 'type': 'boolean'}}}. {{(pid=35081) init_capabilities /opt/stack/cinder/cinder/volume/driver.py:812}}
Jul 27 00:03:24 datacore-PowerEdge-R740 cinder-volume[35081]: DEBUG oslo_db.sqlalchemy.engines [None req-e74a4caf-ca4e-4658-8d81-d14e38abc9b1 None None] MySQL server mode set to STRICT_TRANS_TABLES,STRICT_ALL_TABLES,NO_ZERO_IN_DATE,NO_ZERO_DATE,ERROR_FOR_DIVISION_BY_ZERO,TRADITIONAL,NO_ENGINE_SUBSTITUTION {{(pid=35081) _check_effective_sql_mode /usr/local/lib/python3.8/dist-packages/oslo_db/sqlalchemy/engines.py:314}}
Jul 27 00:03:24 datacore-PowerEdge-R740 cinder-volume[35081]: DEBUG dbcounter [-] [35081] Writer thread running {{(pid=35081) stat_writer /usr/local/lib/python3.8/dist-packages/dbcounter.py:99}}
Jul 27 00:03:24 datacore-PowerEdge-R740 cinder-volume[35081]: DEBUG cinder.db.sqlalchemy.api [None req-e74a4caf-ca4e-4658-8d81-d14e38abc9b1 None None] Building query based on filter {{(pid=35081) _process_snaps_filters /opt/stack/cinder/cinder/db/sqlalchemy/api.py:3773}}
Jul 27 00:03:24 datacore-PowerEdge-R740 cinder-volume[35081]: DEBUG cinder.image.image_utils [None req-e74a4caf-ca4e-4658-8d81-d14e38abc9b1 None None] Configuration image_conversion_dir is None or the path doesn't exist. {{(pid=35081) cleanup_temporary_file /opt/stack/cinder/cinder/image/image_utils.py:955}}
Jul 27 00:03:24 datacore-PowerEdge-R740 cinder-volume[35081]: DEBUG cinder.volume.drivers.lvm [None req-e74a4caf-ca4e-4658-8d81-d14e38abc9b1 None None] Updating volume stats {{(pid=35081) _update_volume_stats /opt/stack/cinder/cinder/volume/drivers/lvm.py:213}}
Jul 27 00:03:24 datacore-PowerEdge-R740 cinder-volume[35081]: DEBUG oslo_concurrency.processutils [None req-e74a4caf-ca4e-4658-8d81-d14e38abc9b1 None None] Running cmd (subprocess): sudo cinder-rootwrap /etc/cinder/rootwrap.conf env LC_ALL=C vgs --noheadings --unit=g -o name,size,free,lv_count,uuid --separator : --nosuffix stack-volumes-lvmdriver-1 {{(pid=35081) execute /usr/local/lib/python3.8/dist-packages/oslo_concurrency/processutils.py:384}}
Jul 27 00:03:24 datacore-PowerEdge-R740 sudo[35453]:    stack : TTY=unknown ; PWD=/ ; USER=root ; COMMAND=/usr/local/bin/cinder-rootwrap /etc/cinder/rootwrap.conf env LC_ALL=C vgs --noheadings --unit=g -o name,size,free,lv_count,uuid --separator : --nosuffix stack-volumes-lvmdriver-1
Jul 27 00:03:24 datacore-PowerEdge-R740 cinder-volume[35081]: INFO cinder.keymgr.migration [None req-bdec5465-f8f3-47b9-a4a3-5f2141e76c5f None None] Not migrating encryption keys because the ConfKeyManager is still in use.
Jul 27 00:03:24 datacore-PowerEdge-R740 sudo[35453]: pam_unix(sudo:session): session opened for user root by (uid=0)
Jul 27 00:03:24 datacore-PowerEdge-R740 sudo[35453]: pam_unix(sudo:session): session closed for user root
Jul 27 00:03:24 datacore-PowerEdge-R740 cinder-volume[35081]: DEBUG oslo_concurrency.processutils [None req-e74a4caf-ca4e-4658-8d81-d14e38abc9b1 None None] CMD "sudo cinder-rootwrap /etc/cinder/rootwrap.conf env LC_ALL=C vgs --noheadings --unit=g -o name,size,free,lv_count,uuid --separator : --nosuffix stack-volumes-lvmdriver-1" returned: 0 in 0.635s {{(pid=35081) execute /usr/local/lib/python3.8/dist-packages/oslo_concurrency/processutils.py:422}}
Jul 27 00:03:24 datacore-PowerEdge-R740 cinder-volume[35081]: DEBUG oslo_concurrency.processutils [None req-e74a4caf-ca4e-4658-8d81-d14e38abc9b1 None None] Running cmd (subprocess): sudo cinder-rootwrap /etc/cinder/rootwrap.conf env LC_ALL=C lvs --noheadings --unit=g -o vg_name,name,size --nosuffix --readonly stack-volumes-lvmdriver-1 {{(pid=35081) execute /usr/local/lib/python3.8/dist-packages/oslo_concurrency/processutils.py:384}}
Jul 27 00:03:24 datacore-PowerEdge-R740 sudo[35458]:    stack : TTY=unknown ; PWD=/ ; USER=root ; COMMAND=/usr/local/bin/cinder-rootwrap /etc/cinder/rootwrap.conf env LC_ALL=C lvs --noheadings --unit=g -o vg_name,name,size --nosuffix --readonly stack-volumes-lvmdriver-1
Jul 27 00:03:24 datacore-PowerEdge-R740 sudo[35458]: pam_unix(sudo:session): session opened for user root by (uid=0)
Jul 27 00:03:25 datacore-PowerEdge-R740 sudo[35458]: pam_unix(sudo:session): session closed for user root
Jul 27 00:03:25 datacore-PowerEdge-R740 cinder-volume[35081]: DEBUG oslo_concurrency.processutils [None req-e74a4caf-ca4e-4658-8d81-d14e38abc9b1 None None] CMD "sudo cinder-rootwrap /etc/cinder/rootwrap.conf env LC_ALL=C lvs --noheadings --unit=g -o vg_name,name,size --nosuffix --readonly stack-volumes-lvmdriver-1" returned: 0 in 0.637s {{(pid=35081) execute /usr/local/lib/python3.8/dist-packages/oslo_concurrency/processutils.py:422}}
Jul 27 00:03:25 datacore-PowerEdge-R740 cinder-volume[35081]: DEBUG oslo_concurrency.processutils [None req-e74a4caf-ca4e-4658-8d81-d14e38abc9b1 None None] Running cmd (subprocess): sudo cinder-rootwrap /etc/cinder/rootwrap.conf env LC_ALL=C lvs --noheadings --unit=g -o size,data_percent --separator : --nosuffix /dev/stack-volumes-lvmdriver-1/stack-volumes-lvmdriver-1-pool {{(pid=35081) execute /usr/local/lib/python3.8/dist-packages/oslo_concurrency/processutils.py:384}}
Jul 27 00:03:25 datacore-PowerEdge-R740 sudo[35481]:    stack : TTY=unknown ; PWD=/ ; USER=root ; COMMAND=/usr/local/bin/cinder-rootwrap /etc/cinder/rootwrap.conf env LC_ALL=C lvs --noheadings --unit=g -o size,data_percent --separator : --nosuffix /dev/stack-volumes-lvmdriver-1/stack-volumes-lvmdriver-1-pool
Jul 27 00:03:25 datacore-PowerEdge-R740 sudo[35481]: pam_unix(sudo:session): session opened for user root by (uid=0)
Jul 27 00:03:26 datacore-PowerEdge-R740 sudo[35481]: pam_unix(sudo:session): session closed for user root
Jul 27 00:03:26 datacore-PowerEdge-R740 cinder-volume[35081]: DEBUG oslo_concurrency.processutils [None req-e74a4caf-ca4e-4658-8d81-d14e38abc9b1 None None] CMD "sudo cinder-rootwrap /etc/cinder/rootwrap.conf env LC_ALL=C lvs --noheadings --unit=g -o size,data_percent --separator : --nosuffix /dev/stack-volumes-lvmdriver-1/stack-volumes-lvmdriver-1-pool" returned: 0 in 0.642s {{(pid=35081) execute /usr/local/lib/python3.8/dist-packages/oslo_concurrency/processutils.py:422}}
Jul 27 00:03:26 datacore-PowerEdge-R740 cinder-volume[35081]: DEBUG oslo_concurrency.processutils [None req-e74a4caf-ca4e-4658-8d81-d14e38abc9b1 None None] Running cmd (subprocess): sudo cinder-rootwrap /etc/cinder/rootwrap.conf env LC_ALL=C lvs --noheadings --unit=g -o vg_name,name,size --nosuffix --readonly stack-volumes-lvmdriver-1 {{(pid=35081) execute /usr/local/lib/python3.8/dist-packages/oslo_concurrency/processutils.py:384}}
Jul 27 00:03:26 datacore-PowerEdge-R740 sudo[35494]:    stack : TTY=unknown ; PWD=/ ; USER=root ; COMMAND=/usr/local/bin/cinder-rootwrap /etc/cinder/rootwrap.conf env LC_ALL=C lvs --noheadings --unit=g -o vg_name,name,size --nosuffix --readonly stack-volumes-lvmdriver-1
Jul 27 00:03:26 datacore-PowerEdge-R740 sudo[35494]: pam_unix(sudo:session): session opened for user root by (uid=0)
Jul 27 00:03:26 datacore-PowerEdge-R740 sudo[35494]: pam_unix(sudo:session): session closed for user root
Jul 27 00:03:26 datacore-PowerEdge-R740 cinder-volume[35081]: DEBUG oslo_concurrency.processutils [None req-e74a4caf-ca4e-4658-8d81-d14e38abc9b1 None None] CMD "sudo cinder-rootwrap /etc/cinder/rootwrap.conf env LC_ALL=C lvs --noheadings --unit=g -o vg_name,name,size --nosuffix --readonly stack-volumes-lvmdriver-1" returned: 0 in 0.656s {{(pid=35081) execute /usr/local/lib/python3.8/dist-packages/oslo_concurrency/processutils.py:422}}
Jul 27 00:03:26 datacore-PowerEdge-R740 cinder-volume[35081]: DEBUG cinder.manager [None req-e74a4caf-ca4e-4658-8d81-d14e38abc9b1 None None] Notifying Schedulers of capabilities ... {{(pid=35081) _publish_service_capabilities /opt/stack/cinder/cinder/manager.py:202}}
Jul 27 00:03:26 datacore-PowerEdge-R740 cinder-volume[35081]: INFO cinder.volume.manager [None req-e74a4caf-ca4e-4658-8d81-d14e38abc9b1 None None] Driver initialization completed successfully.
Jul 27 00:03:26 datacore-PowerEdge-R740 cinder-volume[35081]: INFO cinder.manager [None req-e74a4caf-ca4e-4658-8d81-d14e38abc9b1 None None] Initiating service 2 cleanup
Jul 27 00:03:26 datacore-PowerEdge-R740 cinder-volume[35081]: INFO cinder.manager [None req-e74a4caf-ca4e-4658-8d81-d14e38abc9b1 None None] Service 2 cleanup completed.
Jul 27 00:03:26 datacore-PowerEdge-R740 cinder-volume[35081]: DEBUG cinder.service [None req-e74a4caf-ca4e-4658-8d81-d14e38abc9b1 None None] Creating RPC server for service cinder-volume {{(pid=35081) start /opt/stack/cinder/cinder/service.py:231}}
Jul 27 00:03:26 datacore-PowerEdge-R740 cinder-volume[35081]: DEBUG cinder.service [None req-e74a4caf-ca4e-4658-8d81-d14e38abc9b1 None None] Pinning object versions for RPC server serializer to 1.39 {{(pid=35081) start /opt/stack/cinder/cinder/service.py:237}}
Jul 27 00:03:26 datacore-PowerEdge-R740 cinder-volume[35081]: INFO cinder.volume.manager [None req-e74a4caf-ca4e-4658-8d81-d14e38abc9b1 None None] Initializing RPC dependent components of volume driver LVMVolumeDriver (3.0.0)
Jul 27 00:03:26 datacore-PowerEdge-R740 cinder-volume[35081]: DEBUG cinder.volume.drivers.lvm [None req-e74a4caf-ca4e-4658-8d81-d14e38abc9b1 None None] Updating volume stats {{(pid=35081) _update_volume_stats /opt/stack/cinder/cinder/volume/drivers/lvm.py:213}}
Jul 27 00:03:26 datacore-PowerEdge-R740 cinder-volume[35081]: DEBUG oslo_concurrency.processutils [None req-e74a4caf-ca4e-4658-8d81-d14e38abc9b1 None None] Running cmd (subprocess): sudo cinder-rootwrap /etc/cinder/rootwrap.conf env LC_ALL=C vgs --noheadings --unit=g -o name,size,free,lv_count,uuid --separator : --nosuffix stack-volumes-lvmdriver-1 {{(pid=35081) execute /usr/local/lib/python3.8/dist-packages/oslo_concurrency/processutils.py:384}}
Jul 27 00:03:26 datacore-PowerEdge-R740 sudo[35508]:    stack : TTY=unknown ; PWD=/ ; USER=root ; COMMAND=/usr/local/bin/cinder-rootwrap /etc/cinder/rootwrap.conf env LC_ALL=C vgs --noheadings --unit=g -o name,size,free,lv_count,uuid --separator : --nosuffix stack-volumes-lvmdriver-1
Jul 27 00:03:26 datacore-PowerEdge-R740 sudo[35508]: pam_unix(sudo:session): session opened for user root by (uid=0)
Jul 27 00:03:27 datacore-PowerEdge-R740 sudo[35508]: pam_unix(sudo:session): session closed for user root
Jul 27 00:03:27 datacore-PowerEdge-R740 cinder-volume[35081]: DEBUG oslo_concurrency.processutils [None req-e74a4caf-ca4e-4658-8d81-d14e38abc9b1 None None] CMD "sudo cinder-rootwrap /etc/cinder/rootwrap.conf env LC_ALL=C vgs --noheadings --unit=g -o name,size,free,lv_count,uuid --separator : --nosuffix stack-volumes-lvmdriver-1" returned: 0 in 0.651s {{(pid=35081) execute /usr/local/lib/python3.8/dist-packages/oslo_concurrency/processutils.py:422}}
Jul 27 00:03:27 datacore-PowerEdge-R740 cinder-volume[35081]: DEBUG oslo_concurrency.processutils [None req-e74a4caf-ca4e-4658-8d81-d14e38abc9b1 None None] Running cmd (subprocess): sudo cinder-rootwrap /etc/cinder/rootwrap.conf env LC_ALL=C lvs --noheadings --unit=g -o vg_name,name,size --nosuffix --readonly stack-volumes-lvmdriver-1 {{(pid=35081) execute /usr/local/lib/python3.8/dist-packages/oslo_concurrency/processutils.py:384}}
Jul 27 00:03:27 datacore-PowerEdge-R740 sudo[35516]:    stack : TTY=unknown ; PWD=/ ; USER=root ; COMMAND=/usr/local/bin/cinder-rootwrap /etc/cinder/rootwrap.conf env LC_ALL=C lvs --noheadings --unit=g -o vg_name,name,size --nosuffix --readonly stack-volumes-lvmdriver-1
Jul 27 00:03:27 datacore-PowerEdge-R740 sudo[35516]: pam_unix(sudo:session): session opened for user root by (uid=0)
Jul 27 00:03:28 datacore-PowerEdge-R740 sudo[35516]: pam_unix(sudo:session): session closed for user root
Jul 27 00:03:28 datacore-PowerEdge-R740 cinder-volume[35081]: DEBUG oslo_concurrency.processutils [None req-e74a4caf-ca4e-4658-8d81-d14e38abc9b1 None None] CMD "sudo cinder-rootwrap /etc/cinder/rootwrap.conf env LC_ALL=C lvs --noheadings --unit=g -o vg_name,name,size --nosuffix --readonly stack-volumes-lvmdriver-1" returned: 0 in 0.645s {{(pid=35081) execute /usr/local/lib/python3.8/dist-packages/oslo_concurrency/processutils.py:422}}
Jul 27 00:03:28 datacore-PowerEdge-R740 cinder-volume[35081]: DEBUG oslo_concurrency.processutils [None req-e74a4caf-ca4e-4658-8d81-d14e38abc9b1 None None] Running cmd (subprocess): sudo cinder-rootwrap /etc/cinder/rootwrap.conf env LC_ALL=C lvs --noheadings --unit=g -o size,data_percent --separator : --nosuffix /dev/stack-volumes-lvmdriver-1/stack-volumes-lvmdriver-1-pool {{(pid=35081) execute /usr/local/lib/python3.8/dist-packages/oslo_concurrency/processutils.py:384}}
Jul 27 00:03:28 datacore-PowerEdge-R740 sudo[35538]:    stack : TTY=unknown ; PWD=/ ; USER=root ; COMMAND=/usr/local/bin/cinder-rootwrap /etc/cinder/rootwrap.conf env LC_ALL=C lvs --noheadings --unit=g -o size,data_percent --separator : --nosuffix /dev/stack-volumes-lvmdriver-1/stack-volumes-lvmdriver-1-pool
Jul 27 00:03:28 datacore-PowerEdge-R740 sudo[35538]: pam_unix(sudo:session): session opened for user root by (uid=0)
Jul 27 00:03:28 datacore-PowerEdge-R740 sudo[35538]: pam_unix(sudo:session): session closed for user root
Jul 27 00:03:28 datacore-PowerEdge-R740 cinder-volume[35081]: DEBUG oslo_concurrency.processutils [None req-e74a4caf-ca4e-4658-8d81-d14e38abc9b1 None None] CMD "sudo cinder-rootwrap /etc/cinder/rootwrap.conf env LC_ALL=C lvs --noheadings --unit=g -o size,data_percent --separator : --nosuffix /dev/stack-volumes-lvmdriver-1/stack-volumes-lvmdriver-1-pool" returned: 0 in 0.637s {{(pid=35081) execute /usr/local/lib/python3.8/dist-packages/oslo_concurrency/processutils.py:422}}
Jul 27 00:03:28 datacore-PowerEdge-R740 cinder-volume[35081]: DEBUG oslo_concurrency.processutils [None req-e74a4caf-ca4e-4658-8d81-d14e38abc9b1 None None] Running cmd (subprocess): sudo cinder-rootwrap /etc/cinder/rootwrap.conf env LC_ALL=C lvs --noheadings --unit=g -o vg_name,name,size --nosuffix --readonly stack-volumes-lvmdriver-1 {{(pid=35081) execute /usr/local/lib/python3.8/dist-packages/oslo_concurrency/processutils.py:384}}
Jul 27 00:03:28 datacore-PowerEdge-R740 sudo[35545]:    stack : TTY=unknown ; PWD=/ ; USER=root ; COMMAND=/usr/local/bin/cinder-rootwrap /etc/cinder/rootwrap.conf env LC_ALL=C lvs --noheadings --unit=g -o vg_name,name,size --nosuffix --readonly stack-volumes-lvmdriver-1
Jul 27 00:03:28 datacore-PowerEdge-R740 sudo[35545]: pam_unix(sudo:session): session opened for user root by (uid=0)
Jul 27 00:03:29 datacore-PowerEdge-R740 sudo[35545]: pam_unix(sudo:session): session closed for user root
Jul 27 00:03:29 datacore-PowerEdge-R740 cinder-volume[35081]: DEBUG oslo_concurrency.processutils [None req-e74a4caf-ca4e-4658-8d81-d14e38abc9b1 None None] CMD "sudo cinder-rootwrap /etc/cinder/rootwrap.conf env LC_ALL=C lvs --noheadings --unit=g -o vg_name,name,size --nosuffix --readonly stack-volumes-lvmdriver-1" returned: 0 in 0.656s {{(pid=35081) execute /usr/local/lib/python3.8/dist-packages/oslo_concurrency/processutils.py:422}}
Jul 27 00:03:29 datacore-PowerEdge-R740 cinder-volume[35081]: INFO cinder.volume.manager [None req-e74a4caf-ca4e-4658-8d81-d14e38abc9b1 None None] Driver post RPC initialization completed successfully.
Jul 27 00:03:29 datacore-PowerEdge-R740 systemd[1]: Stopping Devstack devstack@c-vol.service...
Jul 27 00:03:29 datacore-PowerEdge-R740 cinder-volume[34897]: INFO oslo_service.service [None req-5a17dc03-5a18-49c9-a7b5-b699be3a2581 None None] Caught SIGTERM, stopping children
Jul 27 00:03:29 datacore-PowerEdge-R740 cinder-volume[34897]: DEBUG oslo_concurrency.lockutils [None req-5a17dc03-5a18-49c9-a7b5-b699be3a2581 None None] Acquired lock "singleton_lock" {{(pid=34897) lock /usr/local/lib/python3.8/dist-packages/oslo_concurrency/lockutils.py:294}}
Jul 27 00:03:29 datacore-PowerEdge-R740 cinder-volume[34897]: DEBUG oslo_concurrency.lockutils [None req-5a17dc03-5a18-49c9-a7b5-b699be3a2581 None None] Releasing lock "singleton_lock" {{(pid=34897) lock /usr/local/lib/python3.8/dist-packages/oslo_concurrency/lockutils.py:312}}
Jul 27 00:03:29 datacore-PowerEdge-R740 cinder-volume[34897]: DEBUG oslo_service.service [None req-5a17dc03-5a18-49c9-a7b5-b699be3a2581 None None] Stop services. {{(pid=34897) stop /usr/local/lib/python3.8/dist-packages/oslo_service/service.py:695}}
Jul 27 00:03:29 datacore-PowerEdge-R740 cinder-volume[34897]: DEBUG oslo_service.service [None req-5a17dc03-5a18-49c9-a7b5-b699be3a2581 None None] Killing children. {{(pid=34897) stop /usr/local/lib/python3.8/dist-packages/oslo_service/service.py:700}}
Jul 27 00:03:29 datacore-PowerEdge-R740 cinder-volume[34897]: INFO oslo_service.service [None req-5a17dc03-5a18-49c9-a7b5-b699be3a2581 None None] Waiting on 1 children to exit
Jul 27 00:03:29 datacore-PowerEdge-R740 cinder-volume[35081]: DEBUG oslo_concurrency.lockutils [None req-5a17dc03-5a18-49c9-a7b5-b699be3a2581 None None] Acquired lock "singleton_lock" {{(pid=35081) lock /usr/local/lib/python3.8/dist-packages/oslo_concurrency/lockutils.py:294}}
Jul 27 00:03:29 datacore-PowerEdge-R740 cinder-volume[35081]: DEBUG oslo_concurrency.lockutils [None req-5a17dc03-5a18-49c9-a7b5-b699be3a2581 None None] Releasing lock "singleton_lock" {{(pid=35081) lock /usr/local/lib/python3.8/dist-packages/oslo_concurrency/lockutils.py:312}}
Jul 27 00:03:29 datacore-PowerEdge-R740 cinder-volume[35081]: WARNING amqp [None req-5a17dc03-5a18-49c9-a7b5-b699be3a2581 None None] Received method (60, 30) during closing channel 1. This method will be ignored
Jul 27 00:03:29 datacore-PowerEdge-R740 cinder-volume[35081]: WARNING amqp [None req-5a17dc03-5a18-49c9-a7b5-b699be3a2581 None None] Received method (60, 30) during closing channel 1. This method will be ignored
Jul 27 00:03:29 datacore-PowerEdge-R740 cinder-volume[34897]: INFO oslo_service.service [None req-5a17dc03-5a18-49c9-a7b5-b699be3a2581 None None] Child 35081 exited with status 0
Jul 27 00:03:29 datacore-PowerEdge-R740 cinder-volume[34897]: /usr/lib/python3/dist-packages/secretstorage/dhcrypto.py:15: CryptographyDeprecationWarning: int_from_bytes is deprecated, use int.from_bytes instead
Jul 27 00:03:29 datacore-PowerEdge-R740 cinder-volume[34897]:   from cryptography.utils import int_from_bytes
Jul 27 00:03:29 datacore-PowerEdge-R740 cinder-volume[34897]: /usr/lib/python3/dist-packages/secretstorage/util.py:19: CryptographyDeprecationWarning: int_from_bytes is deprecated, use int.from_bytes instead
Jul 27 00:03:29 datacore-PowerEdge-R740 cinder-volume[34897]:   from cryptography.utils import int_from_bytes
Jul 27 00:03:29 datacore-PowerEdge-R740 cinder-volume[34897]: /opt/stack/cinder/cinder/db/sqlalchemy/models.py:152: SAWarning: implicitly coercing SELECT object to scalar subquery; please use the .scalar_subquery() method to produce a scalar subquery.
Jul 27 00:03:29 datacore-PowerEdge-R740 cinder-volume[34897]:   last_heartbeat = column_property(
Jul 27 00:03:29 datacore-PowerEdge-R740 cinder-volume[34897]: /opt/stack/cinder/cinder/db/sqlalchemy/models.py:160: SAWarning: implicitly coercing SELECT object to scalar subquery; please use the .scalar_subquery() method to produce a scalar subquery.
Jul 27 00:03:29 datacore-PowerEdge-R740 cinder-volume[34897]:   num_hosts = column_property(
Jul 27 00:03:29 datacore-PowerEdge-R740 cinder-volume[34897]: /opt/stack/cinder/cinder/db/sqlalchemy/models.py:169: SAWarning: implicitly coercing SELECT object to scalar subquery; please use the .scalar_subquery() method to produce a scalar subquery.
Jul 27 00:03:29 datacore-PowerEdge-R740 cinder-volume[34897]:   num_down_hosts = column_property(
Jul 27 00:03:29 datacore-PowerEdge-R740 systemd[1]: devstack@c-vol.service: Succeeded.
Jul 27 00:03:29 datacore-PowerEdge-R740 systemd[1]: Stopped Devstack devstack@c-vol.service.
Jul 27 00:03:29 datacore-PowerEdge-R740 systemd[1]: Started Devstack devstack@c-vol.service.
Jul 27 00:03:32 datacore-PowerEdge-R740 cinder-volume[35592]: DEBUG oslo_concurrency.lockutils [-] Acquired lock "singleton_lock" {{(pid=35592) lock /usr/local/lib/python3.8/dist-packages/oslo_concurrency/lockutils.py:294}}
Jul 27 00:03:32 datacore-PowerEdge-R740 cinder-volume[35592]: DEBUG oslo_concurrency.lockutils [-] Releasing lock "singleton_lock" {{(pid=35592) lock /usr/local/lib/python3.8/dist-packages/oslo_concurrency/lockutils.py:312}}
Jul 27 00:03:32 datacore-PowerEdge-R740 cinder-volume[35592]: INFO dbcounter [None req-327bea37-0405-4a74-8273-8e85e532753e None None] Registered counter for database cinder
Jul 27 00:03:32 datacore-PowerEdge-R740 cinder-volume[35592]: DEBUG oslo_db.sqlalchemy.engines [None req-327bea37-0405-4a74-8273-8e85e532753e None None] MySQL server mode set to STRICT_TRANS_TABLES,STRICT_ALL_TABLES,NO_ZERO_IN_DATE,NO_ZERO_DATE,ERROR_FOR_DIVISION_BY_ZERO,TRADITIONAL,NO_ENGINE_SUBSTITUTION {{(pid=35592) _check_effective_sql_mode /usr/local/lib/python3.8/dist-packages/oslo_db/sqlalchemy/engines.py:314}}
Jul 27 00:03:32 datacore-PowerEdge-R740 cinder-volume[35592]: DEBUG dbcounter [-] [35592] Writer thread running {{(pid=35592) stat_writer /usr/local/lib/python3.8/dist-packages/dbcounter.py:99}}
Jul 27 00:03:32 datacore-PowerEdge-R740 cinder-volume[35592]: INFO cinder.rpc [None req-327bea37-0405-4a74-8273-8e85e532753e None None] Automatically selected cinder-scheduler objects version 1.39 as minimum service version.
Jul 27 00:03:32 datacore-PowerEdge-R740 cinder-volume[35592]: INFO cinder.rpc [None req-327bea37-0405-4a74-8273-8e85e532753e None None] Automatically selected cinder-scheduler RPC version 3.12 as minimum service version.
Jul 27 00:03:32 datacore-PowerEdge-R740 cinder-volume[35592]: DEBUG oslo_db.sqlalchemy.engines [None req-327bea37-0405-4a74-8273-8e85e532753e None None] MySQL server mode set to STRICT_TRANS_TABLES,STRICT_ALL_TABLES,NO_ZERO_IN_DATE,NO_ZERO_DATE,ERROR_FOR_DIVISION_BY_ZERO,TRADITIONAL,NO_ENGINE_SUBSTITUTION {{(pid=35592) _check_effective_sql_mode /usr/local/lib/python3.8/dist-packages/oslo_db/sqlalchemy/engines.py:314}}
Jul 27 00:03:32 datacore-PowerEdge-R740 cinder-volume[35592]: INFO cinder.volume.manager [None req-327bea37-0405-4a74-8273-8e85e532753e None None] Determined volume DB was empty at startup.
Jul 27 00:03:32 datacore-PowerEdge-R740 cinder-volume[35592]: DEBUG cinder.volume.manager [None req-327bea37-0405-4a74-8273-8e85e532753e None None] Cinder Volume DB check: vol_db_empty=True {{(pid=35592) __init__ /opt/stack/cinder/cinder/volume/manager.py:288}}
Jul 27 00:03:32 datacore-PowerEdge-R740 cinder-volume[35592]: INFO cinder.volume.manager [None req-327bea37-0405-4a74-8273-8e85e532753e None None] Service not found for updating active_backend_id, assuming default for driver init.
Jul 27 00:03:32 datacore-PowerEdge-R740 cinder-volume[35592]: WARNING stevedore.named [None req-327bea37-0405-4a74-8273-8e85e532753e None None] Could not load cinder.keymgr.conf_key_mgr.ConfKeyManager
Jul 27 00:03:32 datacore-PowerEdge-R740 cinder-volume[35592]: WARNING castellan.key_manager [None req-327bea37-0405-4a74-8273-8e85e532753e None None] Deprecation Warning : cinder.keymgr.conf_key_mgr.ConfKeyManager is not a stevedore based driver, trying to load it as a class: stevedore.exception.NoMatches: No 'castellan.drivers' driver found, looking for 'cinder.keymgr.conf_key_mgr.ConfKeyManager'
Jul 27 00:03:32 datacore-PowerEdge-R740 cinder-volume[35592]: WARNING cinder.keymgr.conf_key_mgr [None req-327bea37-0405-4a74-8273-8e85e532753e None None] This key manager is insecure and is not recommended for production deployments: stevedore.exception.NoMatches: No 'castellan.drivers' driver found, looking for 'cinder.keymgr.conf_key_mgr.ConfKeyManager'
Jul 27 00:03:32 datacore-PowerEdge-R740 cinder-volume[35592]: ERROR cinder.cmd.volume [None req-327bea37-0405-4a74-8273-8e85e532753e None None] Volume service hostgroup@datacore_iscsi1 failed to start.: ModuleNotFoundError: No module named 'cinder.volume.drivers.datacore.iscsi'
Jul 27 00:03:32 datacore-PowerEdge-R740 cinder-volume[35592]: ERROR cinder.cmd.volume Traceback (most recent call last):
Jul 27 00:03:32 datacore-PowerEdge-R740 cinder-volume[35592]: ERROR cinder.cmd.volume   File "/opt/stack/cinder/cinder/cmd/volume.py", line 99, in _launch_service
Jul 27 00:03:32 datacore-PowerEdge-R740 cinder-volume[35592]: ERROR cinder.cmd.volume     server = service.Service.create(host=host,
Jul 27 00:03:32 datacore-PowerEdge-R740 cinder-volume[35592]: ERROR cinder.cmd.volume   File "/opt/stack/cinder/cinder/service.py", line 394, in create
Jul 27 00:03:32 datacore-PowerEdge-R740 cinder-volume[35592]: ERROR cinder.cmd.volume     service_obj = cls(host, binary, topic, manager,
Jul 27 00:03:32 datacore-PowerEdge-R740 cinder-volume[35592]: ERROR cinder.cmd.volume   File "/opt/stack/cinder/cinder/service.py", line 152, in __init__
Jul 27 00:03:32 datacore-PowerEdge-R740 cinder-volume[35592]: ERROR cinder.cmd.volume     self.manager = manager_class(host=self.host,
Jul 27 00:03:32 datacore-PowerEdge-R740 cinder-volume[35592]: ERROR cinder.cmd.volume   File "/opt/stack/cinder/cinder/volume/manager.py", line 311, in __init__
Jul 27 00:03:32 datacore-PowerEdge-R740 cinder-volume[35592]: ERROR cinder.cmd.volume     self.driver = importutils.import_object(
Jul 27 00:03:32 datacore-PowerEdge-R740 cinder-volume[35592]: ERROR cinder.cmd.volume   File "/usr/local/lib/python3.8/dist-packages/oslo_utils/importutils.py", line 44, in import_object
Jul 27 00:03:32 datacore-PowerEdge-R740 cinder-volume[35592]: ERROR cinder.cmd.volume     return import_class(import_str)(*args, **kwargs)
Jul 27 00:03:32 datacore-PowerEdge-R740 cinder-volume[35592]: ERROR cinder.cmd.volume   File "/usr/local/lib/python3.8/dist-packages/oslo_utils/importutils.py", line 30, in import_class
Jul 27 00:03:32 datacore-PowerEdge-R740 cinder-volume[35592]: ERROR cinder.cmd.volume     __import__(mod_str)
Jul 27 00:03:32 datacore-PowerEdge-R740 cinder-volume[35592]: ERROR cinder.cmd.volume ModuleNotFoundError: No module named 'cinder.volume.drivers.datacore.iscsi'
Jul 27 00:03:32 datacore-PowerEdge-R740 cinder-volume[35592]: ERROR cinder.cmd.volume 
Jul 27 00:03:32 datacore-PowerEdge-R740 cinder-volume[35592]: ERROR cinder.cmd.volume [None req-327bea37-0405-4a74-8273-8e85e532753e None None] No volume service(s) started successfully, terminating.
Jul 27 00:03:32 datacore-PowerEdge-R740 cinder-volume[35592]: /usr/lib/python3/dist-packages/secretstorage/dhcrypto.py:15: CryptographyDeprecationWarning: int_from_bytes is deprecated, use int.from_bytes instead
Jul 27 00:03:32 datacore-PowerEdge-R740 cinder-volume[35592]:   from cryptography.utils import int_from_bytes
Jul 27 00:03:32 datacore-PowerEdge-R740 cinder-volume[35592]: /usr/lib/python3/dist-packages/secretstorage/util.py:19: CryptographyDeprecationWarning: int_from_bytes is deprecated, use int.from_bytes instead
Jul 27 00:03:32 datacore-PowerEdge-R740 cinder-volume[35592]:   from cryptography.utils import int_from_bytes
Jul 27 00:03:32 datacore-PowerEdge-R740 cinder-volume[35592]: /opt/stack/cinder/cinder/db/sqlalchemy/models.py:152: SAWarning: implicitly coercing SELECT object to scalar subquery; please use the .scalar_subquery() method to produce a scalar subquery.
Jul 27 00:03:32 datacore-PowerEdge-R740 cinder-volume[35592]:   last_heartbeat = column_property(
Jul 27 00:03:32 datacore-PowerEdge-R740 cinder-volume[35592]: /opt/stack/cinder/cinder/db/sqlalchemy/models.py:160: SAWarning: implicitly coercing SELECT object to scalar subquery; please use the .scalar_subquery() method to produce a scalar subquery.
Jul 27 00:03:32 datacore-PowerEdge-R740 cinder-volume[35592]:   num_hosts = column_property(
Jul 27 00:03:32 datacore-PowerEdge-R740 cinder-volume[35592]: /opt/stack/cinder/cinder/db/sqlalchemy/models.py:169: SAWarning: implicitly coercing SELECT object to scalar subquery; please use the .scalar_subquery() method to produce a scalar subquery.
Jul 27 00:03:32 datacore-PowerEdge-R740 cinder-volume[35592]:   num_down_hosts = column_property(
Jul 27 00:03:33 datacore-PowerEdge-R740 systemd[1]: devstack@c-vol.service: Main process exited, code=exited, status=1/FAILURE
Jul 27 00:03:33 datacore-PowerEdge-R740 systemd[1]: devstack@c-vol.service: Failed with result 'exit-code'.
