-- Logs begin at Tue 2022-07-19 05:49:38 IST, end at Tue 2022-07-19 05:50:52 IST. --
Jul 19 05:49:39 datacore-PowerEdge-R740 sudo[2053874]: pam_unix(sudo:session): session closed for user root
Jul 19 05:49:39 datacore-PowerEdge-R740 cinder-volume[2053623]: DEBUG oslo_concurrency.processutils [None req-2c1bbf2e-39ae-43cb-ac78-8211eabf84ea None None] CMD "sudo cinder-rootwrap /etc/cinder/rootwrap.conf env LC_ALL=C pvs --noheadings --unit=g -o vg_name,name,size,free --separator | --nosuffix --ignoreskippedcluster" returned: 0 in 0.699s {{(pid=2053623) execute /usr/local/lib/python3.8/dist-packages/oslo_concurrency/processutils.py:422}}
Jul 19 05:49:39 datacore-PowerEdge-R740 cinder-volume[2053623]: DEBUG oslo_concurrency.processutils [None req-2c1bbf2e-39ae-43cb-ac78-8211eabf84ea None None] Running cmd (subprocess): sudo cinder-rootwrap /etc/cinder/rootwrap.conf env LC_ALL=C vgs --noheadings --unit=g -o name,size,free,lv_count,uuid --separator : --nosuffix stack-volumes-lvmdriver-1 {{(pid=2053623) execute /usr/local/lib/python3.8/dist-packages/oslo_concurrency/processutils.py:384}}
Jul 19 05:49:39 datacore-PowerEdge-R740 sudo[2053914]:    stack : TTY=unknown ; PWD=/ ; USER=root ; COMMAND=/usr/local/bin/cinder-rootwrap /etc/cinder/rootwrap.conf env LC_ALL=C vgs --noheadings --unit=g -o name,size,free,lv_count,uuid --separator : --nosuffix stack-volumes-lvmdriver-1
Jul 19 05:49:39 datacore-PowerEdge-R740 sudo[2053914]: pam_unix(sudo:session): session opened for user root by (uid=0)
Jul 19 05:49:39 datacore-PowerEdge-R740 sudo[2053914]: pam_unix(sudo:session): session closed for user root
Jul 19 05:49:39 datacore-PowerEdge-R740 cinder-volume[2053623]: DEBUG oslo_concurrency.processutils [None req-2c1bbf2e-39ae-43cb-ac78-8211eabf84ea None None] CMD "sudo cinder-rootwrap /etc/cinder/rootwrap.conf env LC_ALL=C vgs --noheadings --unit=g -o name,size,free,lv_count,uuid --separator : --nosuffix stack-volumes-lvmdriver-1" returned: 0 in 0.678s {{(pid=2053623) execute /usr/local/lib/python3.8/dist-packages/oslo_concurrency/processutils.py:422}}
Jul 19 05:49:39 datacore-PowerEdge-R740 cinder-volume[2053623]: DEBUG oslo_concurrency.processutils [None req-2c1bbf2e-39ae-43cb-ac78-8211eabf84ea None None] Running cmd (subprocess): sudo cinder-rootwrap /etc/cinder/rootwrap.conf env LC_ALL=C vgs --noheadings --unit=g -o name,size,free,lv_count,uuid --separator : --nosuffix stack-volumes-lvmdriver-1 {{(pid=2053623) execute /usr/local/lib/python3.8/dist-packages/oslo_concurrency/processutils.py:384}}
Jul 19 05:49:39 datacore-PowerEdge-R740 sudo[2053920]:    stack : TTY=unknown ; PWD=/ ; USER=root ; COMMAND=/usr/local/bin/cinder-rootwrap /etc/cinder/rootwrap.conf env LC_ALL=C vgs --noheadings --unit=g -o name,size,free,lv_count,uuid --separator : --nosuffix stack-volumes-lvmdriver-1
Jul 19 05:49:39 datacore-PowerEdge-R740 sudo[2053920]: pam_unix(sudo:session): session opened for user root by (uid=0)
Jul 19 05:49:40 datacore-PowerEdge-R740 sudo[2053920]: pam_unix(sudo:session): session closed for user root
Jul 19 05:49:40 datacore-PowerEdge-R740 cinder-volume[2053623]: DEBUG oslo_concurrency.processutils [None req-2c1bbf2e-39ae-43cb-ac78-8211eabf84ea None None] CMD "sudo cinder-rootwrap /etc/cinder/rootwrap.conf env LC_ALL=C vgs --noheadings --unit=g -o name,size,free,lv_count,uuid --separator : --nosuffix stack-volumes-lvmdriver-1" returned: 0 in 0.659s {{(pid=2053623) execute /usr/local/lib/python3.8/dist-packages/oslo_concurrency/processutils.py:422}}
Jul 19 05:49:40 datacore-PowerEdge-R740 cinder-volume[2053623]: DEBUG oslo_concurrency.processutils [None req-2c1bbf2e-39ae-43cb-ac78-8211eabf84ea None None] Running cmd (subprocess): sudo cinder-rootwrap /etc/cinder/rootwrap.conf env LC_ALL=C lvs --noheadings --unit=g -o vg_name,name,size --nosuffix --readonly stack-volumes-lvmdriver-1 {{(pid=2053623) execute /usr/local/lib/python3.8/dist-packages/oslo_concurrency/processutils.py:384}}
Jul 19 05:49:40 datacore-PowerEdge-R740 sudo[2053926]:    stack : TTY=unknown ; PWD=/ ; USER=root ; COMMAND=/usr/local/bin/cinder-rootwrap /etc/cinder/rootwrap.conf env LC_ALL=C lvs --noheadings --unit=g -o vg_name,name,size --nosuffix --readonly stack-volumes-lvmdriver-1
Jul 19 05:49:40 datacore-PowerEdge-R740 sudo[2053926]: pam_unix(sudo:session): session opened for user root by (uid=0)
Jul 19 05:49:41 datacore-PowerEdge-R740 sudo[2053926]: pam_unix(sudo:session): session closed for user root
Jul 19 05:49:41 datacore-PowerEdge-R740 cinder-volume[2053623]: DEBUG oslo_concurrency.processutils [None req-2c1bbf2e-39ae-43cb-ac78-8211eabf84ea None None] CMD "sudo cinder-rootwrap /etc/cinder/rootwrap.conf env LC_ALL=C lvs --noheadings --unit=g -o vg_name,name,size --nosuffix --readonly stack-volumes-lvmdriver-1" returned: 0 in 0.653s {{(pid=2053623) execute /usr/local/lib/python3.8/dist-packages/oslo_concurrency/processutils.py:422}}
Jul 19 05:49:41 datacore-PowerEdge-R740 cinder-volume[2053623]: DEBUG oslo_concurrency.processutils [None req-2c1bbf2e-39ae-43cb-ac78-8211eabf84ea None None] Running cmd (subprocess): sudo cinder-rootwrap /etc/cinder/rootwrap.conf env LC_ALL=C lvs --noheadings --unit=g -o size,data_percent --separator : --nosuffix /dev/stack-volumes-lvmdriver-1/stack-volumes-lvmdriver-1-pool {{(pid=2053623) execute /usr/local/lib/python3.8/dist-packages/oslo_concurrency/processutils.py:384}}
Jul 19 05:49:41 datacore-PowerEdge-R740 sudo[2053930]:    stack : TTY=unknown ; PWD=/ ; USER=root ; COMMAND=/usr/local/bin/cinder-rootwrap /etc/cinder/rootwrap.conf env LC_ALL=C lvs --noheadings --unit=g -o size,data_percent --separator : --nosuffix /dev/stack-volumes-lvmdriver-1/stack-volumes-lvmdriver-1-pool
Jul 19 05:49:41 datacore-PowerEdge-R740 sudo[2053930]: pam_unix(sudo:session): session opened for user root by (uid=0)
Jul 19 05:49:41 datacore-PowerEdge-R740 sudo[2053930]: pam_unix(sudo:session): session closed for user root
Jul 19 05:49:41 datacore-PowerEdge-R740 cinder-volume[2053623]: DEBUG oslo_concurrency.processutils [None req-2c1bbf2e-39ae-43cb-ac78-8211eabf84ea None None] CMD "sudo cinder-rootwrap /etc/cinder/rootwrap.conf env LC_ALL=C lvs --noheadings --unit=g -o size,data_percent --separator : --nosuffix /dev/stack-volumes-lvmdriver-1/stack-volumes-lvmdriver-1-pool" returned: 0 in 0.652s {{(pid=2053623) execute /usr/local/lib/python3.8/dist-packages/oslo_concurrency/processutils.py:422}}
Jul 19 05:49:41 datacore-PowerEdge-R740 cinder-volume[2053623]: DEBUG oslo_concurrency.processutils [None req-2c1bbf2e-39ae-43cb-ac78-8211eabf84ea None None] Running cmd (subprocess): env LC_ALL=C lvm version {{(pid=2053623) execute /usr/local/lib/python3.8/dist-packages/oslo_concurrency/processutils.py:384}}
Jul 19 05:49:41 datacore-PowerEdge-R740 cinder-volume[2053623]: DEBUG oslo_concurrency.processutils [None req-2c1bbf2e-39ae-43cb-ac78-8211eabf84ea None None] CMD "env LC_ALL=C lvm version" returned: 0 in 0.016s {{(pid=2053623) execute /usr/local/lib/python3.8/dist-packages/oslo_concurrency/processutils.py:422}}
Jul 19 05:49:41 datacore-PowerEdge-R740 cinder-volume[2053623]: DEBUG oslo_concurrency.processutils [None req-2c1bbf2e-39ae-43cb-ac78-8211eabf84ea None None] Running cmd (subprocess): sudo cinder-rootwrap /etc/cinder/rootwrap.conf env LC_ALL=C lvs --noheadings --unit=g -o vg_name,name,size --nosuffix --readonly stack-volumes-lvmdriver-1/stack-volumes-lvmdriver-1-pool {{(pid=2053623) execute /usr/local/lib/python3.8/dist-packages/oslo_concurrency/processutils.py:384}}
Jul 19 05:49:41 datacore-PowerEdge-R740 sudo[2053946]:    stack : TTY=unknown ; PWD=/ ; USER=root ; COMMAND=/usr/local/bin/cinder-rootwrap /etc/cinder/rootwrap.conf env LC_ALL=C lvs --noheadings --unit=g -o vg_name,name,size --nosuffix --readonly stack-volumes-lvmdriver-1/stack-volumes-lvmdriver-1-pool
Jul 19 05:49:41 datacore-PowerEdge-R740 sudo[2053946]: pam_unix(sudo:session): session opened for user root by (uid=0)
Jul 19 05:49:42 datacore-PowerEdge-R740 sudo[2053946]: pam_unix(sudo:session): session closed for user root
Jul 19 05:49:42 datacore-PowerEdge-R740 cinder-volume[2053623]: DEBUG oslo_concurrency.processutils [None req-2c1bbf2e-39ae-43cb-ac78-8211eabf84ea None None] CMD "sudo cinder-rootwrap /etc/cinder/rootwrap.conf env LC_ALL=C lvs --noheadings --unit=g -o vg_name,name,size --nosuffix --readonly stack-volumes-lvmdriver-1/stack-volumes-lvmdriver-1-pool" returned: 0 in 0.647s {{(pid=2053623) execute /usr/local/lib/python3.8/dist-packages/oslo_concurrency/processutils.py:422}}
Jul 19 05:49:42 datacore-PowerEdge-R740 cinder-volume[2053623]: INFO cinder.volume.drivers.lvm [None req-2c1bbf2e-39ae-43cb-ac78-8211eabf84ea None None] Enabling LVM thin provisioning by default because a thin pool exists.
Jul 19 05:49:42 datacore-PowerEdge-R740 cinder-volume[2053623]: DEBUG oslo_concurrency.processutils [None req-2c1bbf2e-39ae-43cb-ac78-8211eabf84ea None None] Running cmd (subprocess): env LC_ALL=C lvm version {{(pid=2053623) execute /usr/local/lib/python3.8/dist-packages/oslo_concurrency/processutils.py:384}}
Jul 19 05:49:42 datacore-PowerEdge-R740 cinder-volume[2053623]: DEBUG oslo_concurrency.processutils [None req-2c1bbf2e-39ae-43cb-ac78-8211eabf84ea None None] CMD "env LC_ALL=C lvm version" returned: 0 in 0.020s {{(pid=2053623) execute /usr/local/lib/python3.8/dist-packages/oslo_concurrency/processutils.py:422}}
Jul 19 05:49:42 datacore-PowerEdge-R740 cinder-volume[2053623]: DEBUG oslo_concurrency.processutils [None req-2c1bbf2e-39ae-43cb-ac78-8211eabf84ea None None] Running cmd (subprocess): sudo cinder-rootwrap /etc/cinder/rootwrap.conf env LC_ALL=C lvs --noheadings --unit=g -o vg_name,name,size --nosuffix --readonly stack-volumes-lvmdriver-1/stack-volumes-lvmdriver-1-pool {{(pid=2053623) execute /usr/local/lib/python3.8/dist-packages/oslo_concurrency/processutils.py:384}}
Jul 19 05:49:42 datacore-PowerEdge-R740 sudo[2053951]:    stack : TTY=unknown ; PWD=/ ; USER=root ; COMMAND=/usr/local/bin/cinder-rootwrap /etc/cinder/rootwrap.conf env LC_ALL=C lvs --noheadings --unit=g -o vg_name,name,size --nosuffix --readonly stack-volumes-lvmdriver-1/stack-volumes-lvmdriver-1-pool
Jul 19 05:49:42 datacore-PowerEdge-R740 sudo[2053951]: pam_unix(sudo:session): session opened for user root by (uid=0)
Jul 19 05:49:43 datacore-PowerEdge-R740 sudo[2053951]: pam_unix(sudo:session): session closed for user root
Jul 19 05:49:43 datacore-PowerEdge-R740 cinder-volume[2053623]: DEBUG oslo_concurrency.processutils [None req-2c1bbf2e-39ae-43cb-ac78-8211eabf84ea None None] CMD "sudo cinder-rootwrap /etc/cinder/rootwrap.conf env LC_ALL=C lvs --noheadings --unit=g -o vg_name,name,size --nosuffix --readonly stack-volumes-lvmdriver-1/stack-volumes-lvmdriver-1-pool" returned: 0 in 0.651s {{(pid=2053623) execute /usr/local/lib/python3.8/dist-packages/oslo_concurrency/processutils.py:422}}
Jul 19 05:49:43 datacore-PowerEdge-R740 cinder-volume[2053623]: DEBUG cinder.volume.drivers.lvm [None req-2c1bbf2e-39ae-43cb-ac78-8211eabf84ea None None] Updating volume stats {{(pid=2053623) _update_volume_stats /opt/stack/cinder/cinder/volume/drivers/lvm.py:213}}
Jul 19 05:49:43 datacore-PowerEdge-R740 cinder-volume[2053623]: DEBUG oslo_concurrency.processutils [None req-2c1bbf2e-39ae-43cb-ac78-8211eabf84ea None None] Running cmd (subprocess): sudo cinder-rootwrap /etc/cinder/rootwrap.conf env LC_ALL=C vgs --noheadings --unit=g -o name,size,free,lv_count,uuid --separator : --nosuffix stack-volumes-lvmdriver-1 {{(pid=2053623) execute /usr/local/lib/python3.8/dist-packages/oslo_concurrency/processutils.py:384}}
Jul 19 05:49:43 datacore-PowerEdge-R740 sudo[2053961]:    stack : TTY=unknown ; PWD=/ ; USER=root ; COMMAND=/usr/local/bin/cinder-rootwrap /etc/cinder/rootwrap.conf env LC_ALL=C vgs --noheadings --unit=g -o name,size,free,lv_count,uuid --separator : --nosuffix stack-volumes-lvmdriver-1
Jul 19 05:49:43 datacore-PowerEdge-R740 sudo[2053961]: pam_unix(sudo:session): session opened for user root by (uid=0)
Jul 19 05:49:43 datacore-PowerEdge-R740 sudo[2053961]: pam_unix(sudo:session): session closed for user root
Jul 19 05:49:43 datacore-PowerEdge-R740 cinder-volume[2053623]: DEBUG oslo_concurrency.processutils [None req-2c1bbf2e-39ae-43cb-ac78-8211eabf84ea None None] CMD "sudo cinder-rootwrap /etc/cinder/rootwrap.conf env LC_ALL=C vgs --noheadings --unit=g -o name,size,free,lv_count,uuid --separator : --nosuffix stack-volumes-lvmdriver-1" returned: 0 in 0.662s {{(pid=2053623) execute /usr/local/lib/python3.8/dist-packages/oslo_concurrency/processutils.py:422}}
Jul 19 05:49:43 datacore-PowerEdge-R740 cinder-volume[2053623]: DEBUG oslo_concurrency.processutils [None req-2c1bbf2e-39ae-43cb-ac78-8211eabf84ea None None] Running cmd (subprocess): sudo cinder-rootwrap /etc/cinder/rootwrap.conf env LC_ALL=C lvs --noheadings --unit=g -o vg_name,name,size --nosuffix --readonly stack-volumes-lvmdriver-1 {{(pid=2053623) execute /usr/local/lib/python3.8/dist-packages/oslo_concurrency/processutils.py:384}}
Jul 19 05:49:43 datacore-PowerEdge-R740 sudo[2053971]:    stack : TTY=unknown ; PWD=/ ; USER=root ; COMMAND=/usr/local/bin/cinder-rootwrap /etc/cinder/rootwrap.conf env LC_ALL=C lvs --noheadings --unit=g -o vg_name,name,size --nosuffix --readonly stack-volumes-lvmdriver-1
Jul 19 05:49:43 datacore-PowerEdge-R740 sudo[2053971]: pam_unix(sudo:session): session opened for user root by (uid=0)
Jul 19 05:49:44 datacore-PowerEdge-R740 sudo[2053971]: pam_unix(sudo:session): session closed for user root
Jul 19 05:49:44 datacore-PowerEdge-R740 cinder-volume[2053623]: DEBUG oslo_concurrency.processutils [None req-2c1bbf2e-39ae-43cb-ac78-8211eabf84ea None None] CMD "sudo cinder-rootwrap /etc/cinder/rootwrap.conf env LC_ALL=C lvs --noheadings --unit=g -o vg_name,name,size --nosuffix --readonly stack-volumes-lvmdriver-1" returned: 0 in 0.656s {{(pid=2053623) execute /usr/local/lib/python3.8/dist-packages/oslo_concurrency/processutils.py:422}}
Jul 19 05:49:44 datacore-PowerEdge-R740 cinder-volume[2053623]: DEBUG oslo_concurrency.processutils [None req-2c1bbf2e-39ae-43cb-ac78-8211eabf84ea None None] Running cmd (subprocess): sudo cinder-rootwrap /etc/cinder/rootwrap.conf env LC_ALL=C lvs --noheadings --unit=g -o size,data_percent --separator : --nosuffix /dev/stack-volumes-lvmdriver-1/stack-volumes-lvmdriver-1-pool {{(pid=2053623) execute /usr/local/lib/python3.8/dist-packages/oslo_concurrency/processutils.py:384}}
Jul 19 05:49:44 datacore-PowerEdge-R740 sudo[2053976]:    stack : TTY=unknown ; PWD=/ ; USER=root ; COMMAND=/usr/local/bin/cinder-rootwrap /etc/cinder/rootwrap.conf env LC_ALL=C lvs --noheadings --unit=g -o size,data_percent --separator : --nosuffix /dev/stack-volumes-lvmdriver-1/stack-volumes-lvmdriver-1-pool
Jul 19 05:49:44 datacore-PowerEdge-R740 sudo[2053976]: pam_unix(sudo:session): session opened for user root by (uid=0)
Jul 19 05:49:45 datacore-PowerEdge-R740 sudo[2053976]: pam_unix(sudo:session): session closed for user root
Jul 19 05:49:45 datacore-PowerEdge-R740 cinder-volume[2053623]: DEBUG oslo_concurrency.processutils [None req-2c1bbf2e-39ae-43cb-ac78-8211eabf84ea None None] CMD "sudo cinder-rootwrap /etc/cinder/rootwrap.conf env LC_ALL=C lvs --noheadings --unit=g -o size,data_percent --separator : --nosuffix /dev/stack-volumes-lvmdriver-1/stack-volumes-lvmdriver-1-pool" returned: 0 in 0.640s {{(pid=2053623) execute /usr/local/lib/python3.8/dist-packages/oslo_concurrency/processutils.py:422}}
Jul 19 05:49:45 datacore-PowerEdge-R740 cinder-volume[2053623]: DEBUG oslo_concurrency.processutils [None req-2c1bbf2e-39ae-43cb-ac78-8211eabf84ea None None] Running cmd (subprocess): sudo cinder-rootwrap /etc/cinder/rootwrap.conf env LC_ALL=C lvs --noheadings --unit=g -o vg_name,name,size --nosuffix --readonly stack-volumes-lvmdriver-1 {{(pid=2053623) execute /usr/local/lib/python3.8/dist-packages/oslo_concurrency/processutils.py:384}}
Jul 19 05:49:45 datacore-PowerEdge-R740 sudo[2053984]:    stack : TTY=unknown ; PWD=/ ; USER=root ; COMMAND=/usr/local/bin/cinder-rootwrap /etc/cinder/rootwrap.conf env LC_ALL=C lvs --noheadings --unit=g -o vg_name,name,size --nosuffix --readonly stack-volumes-lvmdriver-1
Jul 19 05:49:45 datacore-PowerEdge-R740 sudo[2053984]: pam_unix(sudo:session): session opened for user root by (uid=0)
Jul 19 05:49:45 datacore-PowerEdge-R740 cinder-volume[2053515]: DEBUG dbcounter [-] [2053515] Writing DB stats cinder:SELECT=16,cinder:UPDATE=1 {{(pid=2053515) stat_writer /usr/local/lib/python3.8/dist-packages/dbcounter.py:114}}
Jul 19 05:49:45 datacore-PowerEdge-R740 sudo[2053984]: pam_unix(sudo:session): session closed for user root
Jul 19 05:49:45 datacore-PowerEdge-R740 cinder-volume[2053623]: DEBUG oslo_concurrency.processutils [None req-2c1bbf2e-39ae-43cb-ac78-8211eabf84ea None None] CMD "sudo cinder-rootwrap /etc/cinder/rootwrap.conf env LC_ALL=C lvs --noheadings --unit=g -o vg_name,name,size --nosuffix --readonly stack-volumes-lvmdriver-1" returned: 0 in 0.639s {{(pid=2053623) execute /usr/local/lib/python3.8/dist-packages/oslo_concurrency/processutils.py:422}}
Jul 19 05:49:45 datacore-PowerEdge-R740 cinder-volume[2053623]: INFO cinder.volume.driver [None req-2c1bbf2e-39ae-43cb-ac78-8211eabf84ea None None] Driver hasn't implemented _init_vendor_properties()
Jul 19 05:49:45 datacore-PowerEdge-R740 cinder-volume[2053623]: DEBUG cinder.volume.driver [None req-2c1bbf2e-39ae-43cb-ac78-8211eabf84ea None None] Initialized capabilities list: {'volume_backend_name': 'lvmdriver-1', 'vendor_name': 'Open Source', 'driver_version': '3.0.0', 'storage_protocol': 'iSCSI', 'pools': [{'pool_name': 'lvmdriver-1', 'total_capacity_gb': 28.5, 'free_capacity_gb': 28.5, 'reserved_percentage': 0, 'location_info': 'LVMVolumeDriver:datacore-PowerEdge-R740:stack-volumes-lvmdriver-1:thin:0', 'QoS_support': False, 'provisioned_capacity_gb': 0.0, 'max_over_subscription_ratio': '20.0', 'thin_provisioning_support': True, 'thick_provisioning_support': False, 'total_volumes': 1, 'filter_function': None, 'goodness_function': None, 'multiattach': True, 'backend_state': 'up'}], 'shared_targets': False, 'sparse_copy_volume': True, 'properties': {'thin_provisioning': {'title': 'Thin Provisioning', 'description': 'Sets thin provisioning.', 'type': 'boolean'}, 'compression': {'title': 'Compression', 'description': 'Enables compression.', 'type': 'boolean'}, 'qos': {'title': 'QoS', 'description': 'Enables QoS.', 'type': 'boolean'}, 'replication_enabled': {'title': 'Replication', 'description': 'Enables replication.', 'type': 'boolean'}}}. {{(pid=2053623) init_capabilities /opt/stack/cinder/cinder/volume/driver.py:811}}
Jul 19 05:49:45 datacore-PowerEdge-R740 cinder-volume[2053623]: DEBUG oslo_db.sqlalchemy.engines [None req-2c1bbf2e-39ae-43cb-ac78-8211eabf84ea None None] MySQL server mode set to STRICT_TRANS_TABLES,STRICT_ALL_TABLES,NO_ZERO_IN_DATE,NO_ZERO_DATE,ERROR_FOR_DIVISION_BY_ZERO,TRADITIONAL,NO_ENGINE_SUBSTITUTION {{(pid=2053623) _check_effective_sql_mode /usr/local/lib/python3.8/dist-packages/oslo_db/sqlalchemy/engines.py:314}}
Jul 19 05:49:45 datacore-PowerEdge-R740 cinder-volume[2053623]: DEBUG dbcounter [-] [2053623] Writer thread running {{(pid=2053623) stat_writer /usr/local/lib/python3.8/dist-packages/dbcounter.py:99}}
Jul 19 05:49:45 datacore-PowerEdge-R740 cinder-volume[2053623]: DEBUG cinder.db.sqlalchemy.api [None req-2c1bbf2e-39ae-43cb-ac78-8211eabf84ea None None] Building query based on filter {{(pid=2053623) _process_snaps_filters /opt/stack/cinder/cinder/db/sqlalchemy/api.py:3378}}
Jul 19 05:49:45 datacore-PowerEdge-R740 cinder-volume[2053623]: DEBUG cinder.image.image_utils [None req-2c1bbf2e-39ae-43cb-ac78-8211eabf84ea None None] Configuration image_conversion_dir is None or the path doesn't exist. {{(pid=2053623) cleanup_temporary_file /opt/stack/cinder/cinder/image/image_utils.py:955}}
Jul 19 05:49:45 datacore-PowerEdge-R740 cinder-volume[2053623]: DEBUG cinder.volume.drivers.lvm [None req-2c1bbf2e-39ae-43cb-ac78-8211eabf84ea None None] Updating volume stats {{(pid=2053623) _update_volume_stats /opt/stack/cinder/cinder/volume/drivers/lvm.py:213}}
Jul 19 05:49:45 datacore-PowerEdge-R740 cinder-volume[2053623]: DEBUG oslo_concurrency.processutils [None req-2c1bbf2e-39ae-43cb-ac78-8211eabf84ea None None] Running cmd (subprocess): sudo cinder-rootwrap /etc/cinder/rootwrap.conf env LC_ALL=C vgs --noheadings --unit=g -o name,size,free,lv_count,uuid --separator : --nosuffix stack-volumes-lvmdriver-1 {{(pid=2053623) execute /usr/local/lib/python3.8/dist-packages/oslo_concurrency/processutils.py:384}}
Jul 19 05:49:45 datacore-PowerEdge-R740 sudo[2054010]:    stack : TTY=unknown ; PWD=/ ; USER=root ; COMMAND=/usr/local/bin/cinder-rootwrap /etc/cinder/rootwrap.conf env LC_ALL=C vgs --noheadings --unit=g -o name,size,free,lv_count,uuid --separator : --nosuffix stack-volumes-lvmdriver-1
Jul 19 05:49:45 datacore-PowerEdge-R740 sudo[2054010]: pam_unix(sudo:session): session opened for user root by (uid=0)
Jul 19 05:49:45 datacore-PowerEdge-R740 cinder-volume[2053623]: INFO cinder.keymgr.migration [None req-60fb26fe-babb-492f-8956-a71191ac9ce2 None None] Not migrating encryption keys because the ConfKeyManager is still in use.
Jul 19 05:49:46 datacore-PowerEdge-R740 sudo[2054010]: pam_unix(sudo:session): session closed for user root
Jul 19 05:49:46 datacore-PowerEdge-R740 cinder-volume[2053623]: DEBUG oslo_concurrency.processutils [None req-2c1bbf2e-39ae-43cb-ac78-8211eabf84ea None None] CMD "sudo cinder-rootwrap /etc/cinder/rootwrap.conf env LC_ALL=C vgs --noheadings --unit=g -o name,size,free,lv_count,uuid --separator : --nosuffix stack-volumes-lvmdriver-1" returned: 0 in 0.643s {{(pid=2053623) execute /usr/local/lib/python3.8/dist-packages/oslo_concurrency/processutils.py:422}}
Jul 19 05:49:46 datacore-PowerEdge-R740 cinder-volume[2053623]: DEBUG oslo_concurrency.processutils [None req-2c1bbf2e-39ae-43cb-ac78-8211eabf84ea None None] Running cmd (subprocess): sudo cinder-rootwrap /etc/cinder/rootwrap.conf env LC_ALL=C lvs --noheadings --unit=g -o vg_name,name,size --nosuffix --readonly stack-volumes-lvmdriver-1 {{(pid=2053623) execute /usr/local/lib/python3.8/dist-packages/oslo_concurrency/processutils.py:384}}
Jul 19 05:49:46 datacore-PowerEdge-R740 sudo[2054017]:    stack : TTY=unknown ; PWD=/ ; USER=root ; COMMAND=/usr/local/bin/cinder-rootwrap /etc/cinder/rootwrap.conf env LC_ALL=C lvs --noheadings --unit=g -o vg_name,name,size --nosuffix --readonly stack-volumes-lvmdriver-1
Jul 19 05:49:46 datacore-PowerEdge-R740 sudo[2054017]: pam_unix(sudo:session): session opened for user root by (uid=0)
Jul 19 05:49:47 datacore-PowerEdge-R740 sudo[2054017]: pam_unix(sudo:session): session closed for user root
Jul 19 05:49:47 datacore-PowerEdge-R740 cinder-volume[2053623]: DEBUG oslo_concurrency.processutils [None req-2c1bbf2e-39ae-43cb-ac78-8211eabf84ea None None] CMD "sudo cinder-rootwrap /etc/cinder/rootwrap.conf env LC_ALL=C lvs --noheadings --unit=g -o vg_name,name,size --nosuffix --readonly stack-volumes-lvmdriver-1" returned: 0 in 0.644s {{(pid=2053623) execute /usr/local/lib/python3.8/dist-packages/oslo_concurrency/processutils.py:422}}
Jul 19 05:49:47 datacore-PowerEdge-R740 cinder-volume[2053623]: DEBUG oslo_concurrency.processutils [None req-2c1bbf2e-39ae-43cb-ac78-8211eabf84ea None None] Running cmd (subprocess): sudo cinder-rootwrap /etc/cinder/rootwrap.conf env LC_ALL=C lvs --noheadings --unit=g -o size,data_percent --separator : --nosuffix /dev/stack-volumes-lvmdriver-1/stack-volumes-lvmdriver-1-pool {{(pid=2053623) execute /usr/local/lib/python3.8/dist-packages/oslo_concurrency/processutils.py:384}}
Jul 19 05:49:47 datacore-PowerEdge-R740 sudo[2054025]:    stack : TTY=unknown ; PWD=/ ; USER=root ; COMMAND=/usr/local/bin/cinder-rootwrap /etc/cinder/rootwrap.conf env LC_ALL=C lvs --noheadings --unit=g -o size,data_percent --separator : --nosuffix /dev/stack-volumes-lvmdriver-1/stack-volumes-lvmdriver-1-pool
Jul 19 05:49:47 datacore-PowerEdge-R740 sudo[2054025]: pam_unix(sudo:session): session opened for user root by (uid=0)
Jul 19 05:49:47 datacore-PowerEdge-R740 sudo[2054025]: pam_unix(sudo:session): session closed for user root
Jul 19 05:49:47 datacore-PowerEdge-R740 cinder-volume[2053623]: DEBUG oslo_concurrency.processutils [None req-2c1bbf2e-39ae-43cb-ac78-8211eabf84ea None None] CMD "sudo cinder-rootwrap /etc/cinder/rootwrap.conf env LC_ALL=C lvs --noheadings --unit=g -o size,data_percent --separator : --nosuffix /dev/stack-volumes-lvmdriver-1/stack-volumes-lvmdriver-1-pool" returned: 0 in 0.646s {{(pid=2053623) execute /usr/local/lib/python3.8/dist-packages/oslo_concurrency/processutils.py:422}}
Jul 19 05:49:47 datacore-PowerEdge-R740 cinder-volume[2053623]: DEBUG oslo_concurrency.processutils [None req-2c1bbf2e-39ae-43cb-ac78-8211eabf84ea None None] Running cmd (subprocess): sudo cinder-rootwrap /etc/cinder/rootwrap.conf env LC_ALL=C lvs --noheadings --unit=g -o vg_name,name,size --nosuffix --readonly stack-volumes-lvmdriver-1 {{(pid=2053623) execute /usr/local/lib/python3.8/dist-packages/oslo_concurrency/processutils.py:384}}
Jul 19 05:49:47 datacore-PowerEdge-R740 sudo[2054047]:    stack : TTY=unknown ; PWD=/ ; USER=root ; COMMAND=/usr/local/bin/cinder-rootwrap /etc/cinder/rootwrap.conf env LC_ALL=C lvs --noheadings --unit=g -o vg_name,name,size --nosuffix --readonly stack-volumes-lvmdriver-1
Jul 19 05:49:47 datacore-PowerEdge-R740 sudo[2054047]: pam_unix(sudo:session): session opened for user root by (uid=0)
Jul 19 05:49:48 datacore-PowerEdge-R740 sudo[2054047]: pam_unix(sudo:session): session closed for user root
Jul 19 05:49:48 datacore-PowerEdge-R740 cinder-volume[2053623]: DEBUG oslo_concurrency.processutils [None req-2c1bbf2e-39ae-43cb-ac78-8211eabf84ea None None] CMD "sudo cinder-rootwrap /etc/cinder/rootwrap.conf env LC_ALL=C lvs --noheadings --unit=g -o vg_name,name,size --nosuffix --readonly stack-volumes-lvmdriver-1" returned: 0 in 0.634s {{(pid=2053623) execute /usr/local/lib/python3.8/dist-packages/oslo_concurrency/processutils.py:422}}
Jul 19 05:49:48 datacore-PowerEdge-R740 cinder-volume[2053623]: DEBUG cinder.manager [None req-2c1bbf2e-39ae-43cb-ac78-8211eabf84ea None None] Notifying Schedulers of capabilities ... {{(pid=2053623) _publish_service_capabilities /opt/stack/cinder/cinder/manager.py:202}}
Jul 19 05:49:48 datacore-PowerEdge-R740 cinder-volume[2053623]: INFO cinder.volume.manager [None req-2c1bbf2e-39ae-43cb-ac78-8211eabf84ea None None] Driver initialization completed successfully.
Jul 19 05:49:48 datacore-PowerEdge-R740 cinder-volume[2053623]: INFO cinder.manager [None req-2c1bbf2e-39ae-43cb-ac78-8211eabf84ea None None] Initiating service 2 cleanup
Jul 19 05:49:48 datacore-PowerEdge-R740 cinder-volume[2053623]: INFO cinder.manager [None req-2c1bbf2e-39ae-43cb-ac78-8211eabf84ea None None] Service 2 cleanup completed.
Jul 19 05:49:48 datacore-PowerEdge-R740 cinder-volume[2053623]: DEBUG cinder.service [None req-2c1bbf2e-39ae-43cb-ac78-8211eabf84ea None None] Creating RPC server for service cinder-volume {{(pid=2053623) start /opt/stack/cinder/cinder/service.py:231}}
Jul 19 05:49:48 datacore-PowerEdge-R740 cinder-volume[2053623]: DEBUG cinder.service [None req-2c1bbf2e-39ae-43cb-ac78-8211eabf84ea None None] Pinning object versions for RPC server serializer to 1.39 {{(pid=2053623) start /opt/stack/cinder/cinder/service.py:237}}
Jul 19 05:49:48 datacore-PowerEdge-R740 cinder-volume[2053623]: INFO cinder.volume.manager [None req-2c1bbf2e-39ae-43cb-ac78-8211eabf84ea None None] Initializing RPC dependent components of volume driver LVMVolumeDriver (3.0.0)
Jul 19 05:49:48 datacore-PowerEdge-R740 cinder-volume[2053623]: DEBUG cinder.volume.drivers.lvm [None req-2c1bbf2e-39ae-43cb-ac78-8211eabf84ea None None] Updating volume stats {{(pid=2053623) _update_volume_stats /opt/stack/cinder/cinder/volume/drivers/lvm.py:213}}
Jul 19 05:49:48 datacore-PowerEdge-R740 cinder-volume[2053623]: DEBUG oslo_concurrency.processutils [None req-2c1bbf2e-39ae-43cb-ac78-8211eabf84ea None None] Running cmd (subprocess): sudo cinder-rootwrap /etc/cinder/rootwrap.conf env LC_ALL=C vgs --noheadings --unit=g -o name,size,free,lv_count,uuid --separator : --nosuffix stack-volumes-lvmdriver-1 {{(pid=2053623) execute /usr/local/lib/python3.8/dist-packages/oslo_concurrency/processutils.py:384}}
Jul 19 05:49:48 datacore-PowerEdge-R740 sudo[2054081]:    stack : TTY=unknown ; PWD=/ ; USER=root ; COMMAND=/usr/local/bin/cinder-rootwrap /etc/cinder/rootwrap.conf env LC_ALL=C vgs --noheadings --unit=g -o name,size,free,lv_count,uuid --separator : --nosuffix stack-volumes-lvmdriver-1
Jul 19 05:49:48 datacore-PowerEdge-R740 sudo[2054081]: pam_unix(sudo:session): session opened for user root by (uid=0)
Jul 19 05:49:49 datacore-PowerEdge-R740 sudo[2054081]: pam_unix(sudo:session): session closed for user root
Jul 19 05:49:49 datacore-PowerEdge-R740 cinder-volume[2053623]: DEBUG oslo_concurrency.processutils [None req-2c1bbf2e-39ae-43cb-ac78-8211eabf84ea None None] CMD "sudo cinder-rootwrap /etc/cinder/rootwrap.conf env LC_ALL=C vgs --noheadings --unit=g -o name,size,free,lv_count,uuid --separator : --nosuffix stack-volumes-lvmdriver-1" returned: 0 in 0.659s {{(pid=2053623) execute /usr/local/lib/python3.8/dist-packages/oslo_concurrency/processutils.py:422}}
Jul 19 05:49:49 datacore-PowerEdge-R740 cinder-volume[2053623]: DEBUG oslo_concurrency.processutils [None req-2c1bbf2e-39ae-43cb-ac78-8211eabf84ea None None] Running cmd (subprocess): sudo cinder-rootwrap /etc/cinder/rootwrap.conf env LC_ALL=C lvs --noheadings --unit=g -o vg_name,name,size --nosuffix --readonly stack-volumes-lvmdriver-1 {{(pid=2053623) execute /usr/local/lib/python3.8/dist-packages/oslo_concurrency/processutils.py:384}}
Jul 19 05:49:49 datacore-PowerEdge-R740 sudo[2054100]:    stack : TTY=unknown ; PWD=/ ; USER=root ; COMMAND=/usr/local/bin/cinder-rootwrap /etc/cinder/rootwrap.conf env LC_ALL=C lvs --noheadings --unit=g -o vg_name,name,size --nosuffix --readonly stack-volumes-lvmdriver-1
Jul 19 05:49:49 datacore-PowerEdge-R740 sudo[2054100]: pam_unix(sudo:session): session opened for user root by (uid=0)
Jul 19 05:49:49 datacore-PowerEdge-R740 sudo[2054100]: pam_unix(sudo:session): session closed for user root
Jul 19 05:49:49 datacore-PowerEdge-R740 cinder-volume[2053623]: DEBUG oslo_concurrency.processutils [None req-2c1bbf2e-39ae-43cb-ac78-8211eabf84ea None None] CMD "sudo cinder-rootwrap /etc/cinder/rootwrap.conf env LC_ALL=C lvs --noheadings --unit=g -o vg_name,name,size --nosuffix --readonly stack-volumes-lvmdriver-1" returned: 0 in 0.646s {{(pid=2053623) execute /usr/local/lib/python3.8/dist-packages/oslo_concurrency/processutils.py:422}}
Jul 19 05:49:49 datacore-PowerEdge-R740 cinder-volume[2053623]: DEBUG oslo_concurrency.processutils [None req-2c1bbf2e-39ae-43cb-ac78-8211eabf84ea None None] Running cmd (subprocess): sudo cinder-rootwrap /etc/cinder/rootwrap.conf env LC_ALL=C lvs --noheadings --unit=g -o size,data_percent --separator : --nosuffix /dev/stack-volumes-lvmdriver-1/stack-volumes-lvmdriver-1-pool {{(pid=2053623) execute /usr/local/lib/python3.8/dist-packages/oslo_concurrency/processutils.py:384}}
Jul 19 05:49:49 datacore-PowerEdge-R740 sudo[2054109]:    stack : TTY=unknown ; PWD=/ ; USER=root ; COMMAND=/usr/local/bin/cinder-rootwrap /etc/cinder/rootwrap.conf env LC_ALL=C lvs --noheadings --unit=g -o size,data_percent --separator : --nosuffix /dev/stack-volumes-lvmdriver-1/stack-volumes-lvmdriver-1-pool
Jul 19 05:49:49 datacore-PowerEdge-R740 sudo[2054109]: pam_unix(sudo:session): session opened for user root by (uid=0)
Jul 19 05:49:49 datacore-PowerEdge-R740 systemd[1]: Stopping Devstack devstack@c-vol.service...
Jul 19 05:49:49 datacore-PowerEdge-R740 cinder-volume[2053515]: INFO oslo_service.service [None req-4e7e05f9-b9b2-415c-90e3-51c69cd9d7ec None None] Caught SIGTERM, stopping children
Jul 19 05:49:49 datacore-PowerEdge-R740 cinder-volume[2053515]: DEBUG oslo_concurrency.lockutils [None req-4e7e05f9-b9b2-415c-90e3-51c69cd9d7ec None None] Acquired lock "singleton_lock" {{(pid=2053515) lock /usr/local/lib/python3.8/dist-packages/oslo_concurrency/lockutils.py:294}}
Jul 19 05:49:49 datacore-PowerEdge-R740 cinder-volume[2053515]: DEBUG oslo_concurrency.lockutils [None req-4e7e05f9-b9b2-415c-90e3-51c69cd9d7ec None None] Releasing lock "singleton_lock" {{(pid=2053515) lock /usr/local/lib/python3.8/dist-packages/oslo_concurrency/lockutils.py:312}}
Jul 19 05:49:49 datacore-PowerEdge-R740 cinder-volume[2053515]: DEBUG oslo_service.service [None req-4e7e05f9-b9b2-415c-90e3-51c69cd9d7ec None None] Stop services. {{(pid=2053515) stop /usr/local/lib/python3.8/dist-packages/oslo_service/service.py:695}}
Jul 19 05:49:49 datacore-PowerEdge-R740 cinder-volume[2053515]: DEBUG oslo_service.service [None req-4e7e05f9-b9b2-415c-90e3-51c69cd9d7ec None None] Killing children. {{(pid=2053515) stop /usr/local/lib/python3.8/dist-packages/oslo_service/service.py:700}}
Jul 19 05:49:49 datacore-PowerEdge-R740 cinder-volume[2053515]: INFO oslo_service.service [None req-4e7e05f9-b9b2-415c-90e3-51c69cd9d7ec None None] Waiting on 1 children to exit
Jul 19 05:49:50 datacore-PowerEdge-R740 cinder-volume[2053623]: DEBUG oslo_concurrency.processutils [None req-2c1bbf2e-39ae-43cb-ac78-8211eabf84ea None None] CMD "sudo cinder-rootwrap /etc/cinder/rootwrap.conf env LC_ALL=C lvs --noheadings --unit=g -o size,data_percent --separator : --nosuffix /dev/stack-volumes-lvmdriver-1/stack-volumes-lvmdriver-1-pool" returned: 0 in 1.112s {{(pid=2053623) execute /usr/local/lib/python3.8/dist-packages/oslo_concurrency/processutils.py:422}}
Jul 19 05:49:50 datacore-PowerEdge-R740 sudo[2054109]: pam_unix(sudo:session): session closed for user root
Jul 19 05:49:50 datacore-PowerEdge-R740 cinder-volume[2053623]: DEBUG oslo_concurrency.processutils [None req-2c1bbf2e-39ae-43cb-ac78-8211eabf84ea None None] Running cmd (subprocess): sudo cinder-rootwrap /etc/cinder/rootwrap.conf env LC_ALL=C lvs --noheadings --unit=g -o vg_name,name,size --nosuffix --readonly stack-volumes-lvmdriver-1 {{(pid=2053623) execute /usr/local/lib/python3.8/dist-packages/oslo_concurrency/processutils.py:384}}
Jul 19 05:49:50 datacore-PowerEdge-R740 sudo[2054163]:    stack : TTY=unknown ; PWD=/ ; USER=root ; COMMAND=/usr/local/bin/cinder-rootwrap /etc/cinder/rootwrap.conf env LC_ALL=C lvs --noheadings --unit=g -o vg_name,name,size --nosuffix --readonly stack-volumes-lvmdriver-1
Jul 19 05:49:50 datacore-PowerEdge-R740 sudo[2054163]: pam_unix(sudo:session): session opened for user root by (uid=0)
Jul 19 05:49:51 datacore-PowerEdge-R740 cinder-volume[2053623]: DEBUG oslo_concurrency.lockutils [None req-4e7e05f9-b9b2-415c-90e3-51c69cd9d7ec None None] Acquired lock "singleton_lock" {{(pid=2053623) lock /usr/local/lib/python3.8/dist-packages/oslo_concurrency/lockutils.py:294}}
Jul 19 05:49:51 datacore-PowerEdge-R740 cinder-volume[2053623]: DEBUG oslo_concurrency.lockutils [None req-4e7e05f9-b9b2-415c-90e3-51c69cd9d7ec None None] Releasing lock "singleton_lock" {{(pid=2053623) lock /usr/local/lib/python3.8/dist-packages/oslo_concurrency/lockutils.py:312}}
Jul 19 05:49:51 datacore-PowerEdge-R740 cinder-volume[2053623]: WARNING amqp [None req-4e7e05f9-b9b2-415c-90e3-51c69cd9d7ec None None] Received method (60, 30) during closing channel 1. This method will be ignored
Jul 19 05:49:51 datacore-PowerEdge-R740 cinder-volume[2053623]: WARNING amqp [None req-4e7e05f9-b9b2-415c-90e3-51c69cd9d7ec None None] Received method (60, 30) during closing channel 1. This method will be ignored
Jul 19 05:49:51 datacore-PowerEdge-R740 cinder-volume[2053515]: INFO oslo_service.service [None req-4e7e05f9-b9b2-415c-90e3-51c69cd9d7ec None None] Child 2053623 exited with status 0
Jul 19 05:49:51 datacore-PowerEdge-R740 cinder-volume[2053515]: /usr/lib/python3/dist-packages/secretstorage/dhcrypto.py:15: CryptographyDeprecationWarning: int_from_bytes is deprecated, use int.from_bytes instead
Jul 19 05:49:51 datacore-PowerEdge-R740 cinder-volume[2053515]:   from cryptography.utils import int_from_bytes
Jul 19 05:49:51 datacore-PowerEdge-R740 cinder-volume[2053515]: /usr/lib/python3/dist-packages/secretstorage/util.py:19: CryptographyDeprecationWarning: int_from_bytes is deprecated, use int.from_bytes instead
Jul 19 05:49:51 datacore-PowerEdge-R740 cinder-volume[2053515]:   from cryptography.utils import int_from_bytes
Jul 19 05:49:51 datacore-PowerEdge-R740 cinder-volume[2053515]: /opt/stack/cinder/cinder/db/sqlalchemy/models.py:152: SAWarning: implicitly coercing SELECT object to scalar subquery; please use the .scalar_subquery() method to produce a scalar subquery.
Jul 19 05:49:51 datacore-PowerEdge-R740 cinder-volume[2053515]:   last_heartbeat = column_property(
Jul 19 05:49:51 datacore-PowerEdge-R740 cinder-volume[2053515]: /opt/stack/cinder/cinder/db/sqlalchemy/models.py:160: SAWarning: implicitly coercing SELECT object to scalar subquery; please use the .scalar_subquery() method to produce a scalar subquery.
Jul 19 05:49:51 datacore-PowerEdge-R740 cinder-volume[2053515]:   num_hosts = column_property(
Jul 19 05:49:51 datacore-PowerEdge-R740 cinder-volume[2053515]: /opt/stack/cinder/cinder/db/sqlalchemy/models.py:169: SAWarning: implicitly coercing SELECT object to scalar subquery; please use the .scalar_subquery() method to produce a scalar subquery.
Jul 19 05:49:51 datacore-PowerEdge-R740 cinder-volume[2053515]:   num_down_hosts = column_property(
Jul 19 05:49:51 datacore-PowerEdge-R740 systemd[1]: devstack@c-vol.service: Succeeded.
Jul 19 05:49:51 datacore-PowerEdge-R740 systemd[1]: Stopped Devstack devstack@c-vol.service.
Jul 19 05:49:51 datacore-PowerEdge-R740 systemd[1]: devstack@c-vol.service: Found left-over process 2054163 (sudo) in control group while starting unit. Ignoring.
Jul 19 05:49:51 datacore-PowerEdge-R740 systemd[1]: This usually indicates unclean termination of a previous run, or service implementation deficiencies.
Jul 19 05:49:51 datacore-PowerEdge-R740 systemd[1]: devstack@c-vol.service: Found left-over process 2054164 (cinder-rootwrap) in control group while starting unit. Ignoring.
Jul 19 05:49:51 datacore-PowerEdge-R740 systemd[1]: This usually indicates unclean termination of a previous run, or service implementation deficiencies.
Jul 19 05:49:51 datacore-PowerEdge-R740 systemd[1]: Started Devstack devstack@c-vol.service.
Jul 19 05:49:51 datacore-PowerEdge-R740 sudo[2054163]: pam_unix(sudo:session): session closed for user root
Jul 19 05:49:53 datacore-PowerEdge-R740 cinder-volume[2054181]: DEBUG oslo_concurrency.lockutils [-] Acquired lock "singleton_lock" {{(pid=2054181) lock /usr/local/lib/python3.8/dist-packages/oslo_concurrency/lockutils.py:294}}
Jul 19 05:49:53 datacore-PowerEdge-R740 cinder-volume[2054181]: DEBUG oslo_concurrency.lockutils [-] Releasing lock "singleton_lock" {{(pid=2054181) lock /usr/local/lib/python3.8/dist-packages/oslo_concurrency/lockutils.py:312}}
Jul 19 05:49:54 datacore-PowerEdge-R740 cinder-volume[2054181]: INFO dbcounter [None req-ad15627b-9da5-4cc8-9dda-607a0a108905 None None] Registered counter for database cinder
Jul 19 05:49:54 datacore-PowerEdge-R740 cinder-volume[2054181]: DEBUG oslo_db.sqlalchemy.engines [None req-ad15627b-9da5-4cc8-9dda-607a0a108905 None None] MySQL server mode set to STRICT_TRANS_TABLES,STRICT_ALL_TABLES,NO_ZERO_IN_DATE,NO_ZERO_DATE,ERROR_FOR_DIVISION_BY_ZERO,TRADITIONAL,NO_ENGINE_SUBSTITUTION {{(pid=2054181) _check_effective_sql_mode /usr/local/lib/python3.8/dist-packages/oslo_db/sqlalchemy/engines.py:314}}
Jul 19 05:49:54 datacore-PowerEdge-R740 cinder-volume[2054181]: DEBUG dbcounter [-] [2054181] Writer thread running {{(pid=2054181) stat_writer /usr/local/lib/python3.8/dist-packages/dbcounter.py:99}}
Jul 19 05:49:54 datacore-PowerEdge-R740 cinder-volume[2054181]: INFO cinder.rpc [None req-ad15627b-9da5-4cc8-9dda-607a0a108905 None None] Automatically selected cinder-scheduler objects version 1.39 as minimum service version.
Jul 19 05:49:54 datacore-PowerEdge-R740 cinder-volume[2054181]: INFO cinder.rpc [None req-ad15627b-9da5-4cc8-9dda-607a0a108905 None None] Automatically selected cinder-scheduler RPC version 3.12 as minimum service version.
Jul 19 05:49:54 datacore-PowerEdge-R740 cinder-volume[2054181]: DEBUG oslo_db.sqlalchemy.engines [None req-ad15627b-9da5-4cc8-9dda-607a0a108905 None None] MySQL server mode set to STRICT_TRANS_TABLES,STRICT_ALL_TABLES,NO_ZERO_IN_DATE,NO_ZERO_DATE,ERROR_FOR_DIVISION_BY_ZERO,TRADITIONAL,NO_ENGINE_SUBSTITUTION {{(pid=2054181) _check_effective_sql_mode /usr/local/lib/python3.8/dist-packages/oslo_db/sqlalchemy/engines.py:314}}
Jul 19 05:49:54 datacore-PowerEdge-R740 cinder-volume[2054181]: INFO cinder.volume.manager [None req-ad15627b-9da5-4cc8-9dda-607a0a108905 None None] Determined volume DB was empty at startup.
Jul 19 05:49:54 datacore-PowerEdge-R740 cinder-volume[2054181]: DEBUG cinder.volume.manager [None req-ad15627b-9da5-4cc8-9dda-607a0a108905 None None] Cinder Volume DB check: vol_db_empty=True {{(pid=2054181) __init__ /opt/stack/cinder/cinder/volume/manager.py:286}}
Jul 19 05:49:54 datacore-PowerEdge-R740 cinder-volume[2054181]: INFO cinder.volume.manager [None req-ad15627b-9da5-4cc8-9dda-607a0a108905 None None] Service not found for updating active_backend_id, assuming default for driver init.
Jul 19 05:49:54 datacore-PowerEdge-R740 cinder-volume[2054181]: WARNING stevedore.named [None req-ad15627b-9da5-4cc8-9dda-607a0a108905 None None] Could not load cinder.keymgr.conf_key_mgr.ConfKeyManager
Jul 19 05:49:54 datacore-PowerEdge-R740 cinder-volume[2054181]: WARNING castellan.key_manager [None req-ad15627b-9da5-4cc8-9dda-607a0a108905 None None] Deprecation Warning : cinder.keymgr.conf_key_mgr.ConfKeyManager is not a stevedore based driver, trying to load it as a class: stevedore.exception.NoMatches: No 'castellan.drivers' driver found, looking for 'cinder.keymgr.conf_key_mgr.ConfKeyManager'
Jul 19 05:49:54 datacore-PowerEdge-R740 cinder-volume[2054181]: WARNING cinder.keymgr.conf_key_mgr [None req-ad15627b-9da5-4cc8-9dda-607a0a108905 None None] This key manager is insecure and is not recommended for production deployments: stevedore.exception.NoMatches: No 'castellan.drivers' driver found, looking for 'cinder.keymgr.conf_key_mgr.ConfKeyManager'
Jul 19 05:49:54 datacore-PowerEdge-R740 cinder-volume[2054181]: ERROR cinder.cmd.volume [None req-ad15627b-9da5-4cc8-9dda-607a0a108905 None None] Volume service hostgroup@datacore_iscsi1 failed to start.: ModuleNotFoundError: No module named 'cinder.volume.drivers.datacore.iscsi'
Jul 19 05:49:54 datacore-PowerEdge-R740 cinder-volume[2054181]: ERROR cinder.cmd.volume Traceback (most recent call last):
Jul 19 05:49:54 datacore-PowerEdge-R740 cinder-volume[2054181]: ERROR cinder.cmd.volume   File "/opt/stack/cinder/cinder/cmd/volume.py", line 99, in _launch_service
Jul 19 05:49:54 datacore-PowerEdge-R740 cinder-volume[2054181]: ERROR cinder.cmd.volume     server = service.Service.create(host=host,
Jul 19 05:49:54 datacore-PowerEdge-R740 cinder-volume[2054181]: ERROR cinder.cmd.volume   File "/opt/stack/cinder/cinder/service.py", line 394, in create
Jul 19 05:49:54 datacore-PowerEdge-R740 cinder-volume[2054181]: ERROR cinder.cmd.volume     service_obj = cls(host, binary, topic, manager,
Jul 19 05:49:54 datacore-PowerEdge-R740 cinder-volume[2054181]: ERROR cinder.cmd.volume   File "/opt/stack/cinder/cinder/service.py", line 152, in __init__
Jul 19 05:49:54 datacore-PowerEdge-R740 cinder-volume[2054181]: ERROR cinder.cmd.volume     self.manager = manager_class(host=self.host,
Jul 19 05:49:54 datacore-PowerEdge-R740 cinder-volume[2054181]: ERROR cinder.cmd.volume   File "/opt/stack/cinder/cinder/volume/manager.py", line 309, in __init__
Jul 19 05:49:54 datacore-PowerEdge-R740 cinder-volume[2054181]: ERROR cinder.cmd.volume     self.driver = importutils.import_object(
Jul 19 05:49:54 datacore-PowerEdge-R740 cinder-volume[2054181]: ERROR cinder.cmd.volume   File "/usr/local/lib/python3.8/dist-packages/oslo_utils/importutils.py", line 44, in import_object
Jul 19 05:49:54 datacore-PowerEdge-R740 cinder-volume[2054181]: ERROR cinder.cmd.volume     return import_class(import_str)(*args, **kwargs)
Jul 19 05:49:54 datacore-PowerEdge-R740 cinder-volume[2054181]: ERROR cinder.cmd.volume   File "/usr/local/lib/python3.8/dist-packages/oslo_utils/importutils.py", line 30, in import_class
Jul 19 05:49:54 datacore-PowerEdge-R740 cinder-volume[2054181]: ERROR cinder.cmd.volume     __import__(mod_str)
Jul 19 05:49:54 datacore-PowerEdge-R740 cinder-volume[2054181]: ERROR cinder.cmd.volume ModuleNotFoundError: No module named 'cinder.volume.drivers.datacore.iscsi'
Jul 19 05:49:54 datacore-PowerEdge-R740 cinder-volume[2054181]: ERROR cinder.cmd.volume 
Jul 19 05:49:54 datacore-PowerEdge-R740 cinder-volume[2054181]: ERROR cinder.cmd.volume [None req-ad15627b-9da5-4cc8-9dda-607a0a108905 None None] No volume service(s) started successfully, terminating.
Jul 19 05:49:54 datacore-PowerEdge-R740 cinder-volume[2054181]: /usr/lib/python3/dist-packages/secretstorage/dhcrypto.py:15: CryptographyDeprecationWarning: int_from_bytes is deprecated, use int.from_bytes instead
Jul 19 05:49:54 datacore-PowerEdge-R740 cinder-volume[2054181]:   from cryptography.utils import int_from_bytes
Jul 19 05:49:54 datacore-PowerEdge-R740 cinder-volume[2054181]: /usr/lib/python3/dist-packages/secretstorage/util.py:19: CryptographyDeprecationWarning: int_from_bytes is deprecated, use int.from_bytes instead
Jul 19 05:49:54 datacore-PowerEdge-R740 cinder-volume[2054181]:   from cryptography.utils import int_from_bytes
Jul 19 05:49:54 datacore-PowerEdge-R740 cinder-volume[2054181]: /opt/stack/cinder/cinder/db/sqlalchemy/models.py:152: SAWarning: implicitly coercing SELECT object to scalar subquery; please use the .scalar_subquery() method to produce a scalar subquery.
Jul 19 05:49:54 datacore-PowerEdge-R740 cinder-volume[2054181]:   last_heartbeat = column_property(
Jul 19 05:49:54 datacore-PowerEdge-R740 cinder-volume[2054181]: /opt/stack/cinder/cinder/db/sqlalchemy/models.py:160: SAWarning: implicitly coercing SELECT object to scalar subquery; please use the .scalar_subquery() method to produce a scalar subquery.
Jul 19 05:49:54 datacore-PowerEdge-R740 cinder-volume[2054181]:   num_hosts = column_property(
Jul 19 05:49:54 datacore-PowerEdge-R740 cinder-volume[2054181]: /opt/stack/cinder/cinder/db/sqlalchemy/models.py:169: SAWarning: implicitly coercing SELECT object to scalar subquery; please use the .scalar_subquery() method to produce a scalar subquery.
Jul 19 05:49:54 datacore-PowerEdge-R740 cinder-volume[2054181]:   num_down_hosts = column_property(
Jul 19 05:49:54 datacore-PowerEdge-R740 systemd[1]: devstack@c-vol.service: Main process exited, code=exited, status=1/FAILURE
Jul 19 05:49:54 datacore-PowerEdge-R740 systemd[1]: devstack@c-vol.service: Failed with result 'exit-code'.
