-- Logs begin at Wed 2022-07-06 19:42:21 IST, end at Wed 2022-07-06 19:43:31 IST. --
Jul 06 19:42:29 datacore-PowerEdge-R740 systemd[1]: Started Devstack devstack@c-vol.service.
Jul 06 19:42:31 datacore-PowerEdge-R740 cinder-volume[2050126]: DEBUG oslo_concurrency.lockutils [-] Acquired lock "singleton_lock" {{(pid=2050126) lock /usr/local/lib/python3.8/dist-packages/oslo_concurrency/lockutils.py:294}}
Jul 06 19:42:31 datacore-PowerEdge-R740 cinder-volume[2050126]: DEBUG oslo_concurrency.lockutils [-] Releasing lock "singleton_lock" {{(pid=2050126) lock /usr/local/lib/python3.8/dist-packages/oslo_concurrency/lockutils.py:312}}
Jul 06 19:42:32 datacore-PowerEdge-R740 cinder-volume[2050126]: INFO dbcounter [None req-fedf7c7a-938e-47bd-bd25-d7b2f1db0d5f None None] Registered counter for database cinder
Jul 06 19:42:32 datacore-PowerEdge-R740 cinder-volume[2050126]: DEBUG oslo_db.sqlalchemy.engines [None req-fedf7c7a-938e-47bd-bd25-d7b2f1db0d5f None None] MySQL server mode set to STRICT_TRANS_TABLES,STRICT_ALL_TABLES,NO_ZERO_IN_DATE,NO_ZERO_DATE,ERROR_FOR_DIVISION_BY_ZERO,TRADITIONAL,NO_ENGINE_SUBSTITUTION {{(pid=2050126) _check_effective_sql_mode /usr/local/lib/python3.8/dist-packages/oslo_db/sqlalchemy/engines.py:314}}
Jul 06 19:42:32 datacore-PowerEdge-R740 cinder-volume[2050126]: DEBUG dbcounter [-] [2050126] Writer thread running {{(pid=2050126) stat_writer /usr/local/lib/python3.8/dist-packages/dbcounter.py:99}}
Jul 06 19:42:32 datacore-PowerEdge-R740 cinder-volume[2050126]: INFO cinder.rpc [None req-fedf7c7a-938e-47bd-bd25-d7b2f1db0d5f None None] Automatically selected cinder-scheduler objects version 1.39 as minimum service version.
Jul 06 19:42:32 datacore-PowerEdge-R740 cinder-volume[2050126]: INFO cinder.rpc [None req-fedf7c7a-938e-47bd-bd25-d7b2f1db0d5f None None] Automatically selected cinder-scheduler RPC version 3.12 as minimum service version.
Jul 06 19:42:32 datacore-PowerEdge-R740 cinder-volume[2050126]: DEBUG oslo_db.sqlalchemy.engines [None req-fedf7c7a-938e-47bd-bd25-d7b2f1db0d5f None None] MySQL server mode set to STRICT_TRANS_TABLES,STRICT_ALL_TABLES,NO_ZERO_IN_DATE,NO_ZERO_DATE,ERROR_FOR_DIVISION_BY_ZERO,TRADITIONAL,NO_ENGINE_SUBSTITUTION {{(pid=2050126) _check_effective_sql_mode /usr/local/lib/python3.8/dist-packages/oslo_db/sqlalchemy/engines.py:314}}
Jul 06 19:42:32 datacore-PowerEdge-R740 cinder-volume[2050126]: INFO cinder.volume.manager [None req-fedf7c7a-938e-47bd-bd25-d7b2f1db0d5f None None] Determined volume DB was empty at startup.
Jul 06 19:42:32 datacore-PowerEdge-R740 cinder-volume[2050126]: DEBUG cinder.volume.manager [None req-fedf7c7a-938e-47bd-bd25-d7b2f1db0d5f None None] Cinder Volume DB check: vol_db_empty=True {{(pid=2050126) __init__ /opt/stack/cinder/cinder/volume/manager.py:290}}
Jul 06 19:42:32 datacore-PowerEdge-R740 cinder-volume[2050126]: WARNING stevedore.named [None req-fedf7c7a-938e-47bd-bd25-d7b2f1db0d5f None None] Could not load cinder.keymgr.conf_key_mgr.ConfKeyManager
Jul 06 19:42:32 datacore-PowerEdge-R740 cinder-volume[2050126]: WARNING castellan.key_manager [None req-fedf7c7a-938e-47bd-bd25-d7b2f1db0d5f None None] Deprecation Warning : cinder.keymgr.conf_key_mgr.ConfKeyManager is not a stevedore based driver, trying to load it as a class: stevedore.exception.NoMatches: No 'castellan.drivers' driver found, looking for 'cinder.keymgr.conf_key_mgr.ConfKeyManager'
Jul 06 19:42:32 datacore-PowerEdge-R740 cinder-volume[2050126]: WARNING cinder.keymgr.conf_key_mgr [None req-fedf7c7a-938e-47bd-bd25-d7b2f1db0d5f None None] This key manager is insecure and is not recommended for production deployments: stevedore.exception.NoMatches: No 'castellan.drivers' driver found, looking for 'cinder.keymgr.conf_key_mgr.ConfKeyManager'
Jul 06 19:42:32 datacore-PowerEdge-R740 cinder-volume[2050126]: ERROR cinder.cmd.volume [None req-fedf7c7a-938e-47bd-bd25-d7b2f1db0d5f None None] Volume service hostgroup@datacore_iscsi1 failed to start.: ModuleNotFoundError: No module named 'cinder.volume.drivers.datacore.iscsi'
Jul 06 19:42:32 datacore-PowerEdge-R740 cinder-volume[2050126]: ERROR cinder.cmd.volume Traceback (most recent call last):
Jul 06 19:42:32 datacore-PowerEdge-R740 cinder-volume[2050126]: ERROR cinder.cmd.volume   File "/opt/stack/cinder/cinder/cmd/volume.py", line 99, in _launch_service
Jul 06 19:42:32 datacore-PowerEdge-R740 cinder-volume[2050126]: ERROR cinder.cmd.volume     server = service.Service.create(host=host,
Jul 06 19:42:32 datacore-PowerEdge-R740 cinder-volume[2050126]: ERROR cinder.cmd.volume   File "/opt/stack/cinder/cinder/service.py", line 394, in create
Jul 06 19:42:32 datacore-PowerEdge-R740 cinder-volume[2050126]: ERROR cinder.cmd.volume     service_obj = cls(host, binary, topic, manager,
Jul 06 19:42:32 datacore-PowerEdge-R740 cinder-volume[2050126]: ERROR cinder.cmd.volume   File "/opt/stack/cinder/cinder/service.py", line 152, in __init__
Jul 06 19:42:32 datacore-PowerEdge-R740 cinder-volume[2050126]: ERROR cinder.cmd.volume     self.manager = manager_class(host=self.host,
Jul 06 19:42:32 datacore-PowerEdge-R740 cinder-volume[2050126]: ERROR cinder.cmd.volume   File "/opt/stack/cinder/cinder/volume/manager.py", line 313, in __init__
Jul 06 19:42:32 datacore-PowerEdge-R740 cinder-volume[2050126]: ERROR cinder.cmd.volume     self.driver = importutils.import_object(
Jul 06 19:42:32 datacore-PowerEdge-R740 cinder-volume[2050126]: ERROR cinder.cmd.volume   File "/usr/local/lib/python3.8/dist-packages/oslo_utils/importutils.py", line 44, in import_object
Jul 06 19:42:32 datacore-PowerEdge-R740 cinder-volume[2050126]: ERROR cinder.cmd.volume     return import_class(import_str)(*args, **kwargs)
Jul 06 19:42:32 datacore-PowerEdge-R740 cinder-volume[2050126]: ERROR cinder.cmd.volume   File "/usr/local/lib/python3.8/dist-packages/oslo_utils/importutils.py", line 30, in import_class
Jul 06 19:42:32 datacore-PowerEdge-R740 cinder-volume[2050126]: ERROR cinder.cmd.volume     __import__(mod_str)
Jul 06 19:42:32 datacore-PowerEdge-R740 cinder-volume[2050126]: ERROR cinder.cmd.volume ModuleNotFoundError: No module named 'cinder.volume.drivers.datacore.iscsi'
Jul 06 19:42:32 datacore-PowerEdge-R740 cinder-volume[2050126]: ERROR cinder.cmd.volume 
Jul 06 19:42:32 datacore-PowerEdge-R740 cinder-volume[2050126]: ERROR cinder.cmd.volume [None req-fedf7c7a-938e-47bd-bd25-d7b2f1db0d5f None None] No volume service(s) started successfully, terminating.
Jul 06 19:42:32 datacore-PowerEdge-R740 cinder-volume[2050126]: /usr/lib/python3/dist-packages/secretstorage/dhcrypto.py:15: CryptographyDeprecationWarning: int_from_bytes is deprecated, use int.from_bytes instead
Jul 06 19:42:32 datacore-PowerEdge-R740 cinder-volume[2050126]:   from cryptography.utils import int_from_bytes
Jul 06 19:42:32 datacore-PowerEdge-R740 cinder-volume[2050126]: /usr/lib/python3/dist-packages/secretstorage/util.py:19: CryptographyDeprecationWarning: int_from_bytes is deprecated, use int.from_bytes instead
Jul 06 19:42:32 datacore-PowerEdge-R740 cinder-volume[2050126]:   from cryptography.utils import int_from_bytes
Jul 06 19:42:32 datacore-PowerEdge-R740 cinder-volume[2050126]: /opt/stack/cinder/cinder/db/sqlalchemy/models.py:152: SAWarning: implicitly coercing SELECT object to scalar subquery; please use the .scalar_subquery() method to produce a scalar subquery.
Jul 06 19:42:32 datacore-PowerEdge-R740 cinder-volume[2050126]:   last_heartbeat = column_property(
Jul 06 19:42:32 datacore-PowerEdge-R740 cinder-volume[2050126]: /opt/stack/cinder/cinder/db/sqlalchemy/models.py:160: SAWarning: implicitly coercing SELECT object to scalar subquery; please use the .scalar_subquery() method to produce a scalar subquery.
Jul 06 19:42:32 datacore-PowerEdge-R740 cinder-volume[2050126]:   num_hosts = column_property(
Jul 06 19:42:32 datacore-PowerEdge-R740 cinder-volume[2050126]: /opt/stack/cinder/cinder/db/sqlalchemy/models.py:169: SAWarning: implicitly coercing SELECT object to scalar subquery; please use the .scalar_subquery() method to produce a scalar subquery.
Jul 06 19:42:32 datacore-PowerEdge-R740 cinder-volume[2050126]:   num_down_hosts = column_property(
Jul 06 19:42:32 datacore-PowerEdge-R740 systemd[1]: devstack@c-vol.service: Main process exited, code=exited, status=1/FAILURE
Jul 06 19:42:32 datacore-PowerEdge-R740 systemd[1]: devstack@c-vol.service: Failed with result 'exit-code'.
