-- Logs begin at Mon 2022-07-25 17:42:08 IST, end at Mon 2022-07-25 17:43:23 IST. --
Jul 25 17:42:08 datacore-PowerEdge-R740 sudo[1426245]: pam_unix(sudo:session): session closed for user root
Jul 25 17:42:08 datacore-PowerEdge-R740 cinder-volume[1426105]: DEBUG oslo_concurrency.processutils [None req-aaf3a645-e6e0-46a1-9185-6ec23ac54ebd None None] CMD "sudo cinder-rootwrap /etc/cinder/rootwrap.conf env LC_ALL=C vgs --noheadings --unit=g -o name,size,free,lv_count,uuid --separator : --nosuffix stack-volumes-lvmdriver-1" returned: 0 in 0.839s {{(pid=1426105) execute /usr/local/lib/python3.8/dist-packages/oslo_concurrency/processutils.py:422}}
Jul 25 17:42:08 datacore-PowerEdge-R740 cinder-volume[1426105]: DEBUG oslo_concurrency.processutils [None req-aaf3a645-e6e0-46a1-9185-6ec23ac54ebd None None] Running cmd (subprocess): sudo cinder-rootwrap /etc/cinder/rootwrap.conf env LC_ALL=C vgs --noheadings --unit=g -o name,size,free,lv_count,uuid --separator : --nosuffix stack-volumes-lvmdriver-1 {{(pid=1426105) execute /usr/local/lib/python3.8/dist-packages/oslo_concurrency/processutils.py:384}}
Jul 25 17:42:08 datacore-PowerEdge-R740 sudo[1426306]:    stack : TTY=unknown ; PWD=/ ; USER=root ; COMMAND=/usr/local/bin/cinder-rootwrap /etc/cinder/rootwrap.conf env LC_ALL=C vgs --noheadings --unit=g -o name,size,free,lv_count,uuid --separator : --nosuffix stack-volumes-lvmdriver-1
Jul 25 17:42:08 datacore-PowerEdge-R740 sudo[1426306]: pam_unix(sudo:session): session opened for user root by (uid=0)
Jul 25 17:42:08 datacore-PowerEdge-R740 sudo[1426306]: pam_unix(sudo:session): session closed for user root
Jul 25 17:42:08 datacore-PowerEdge-R740 cinder-volume[1426105]: DEBUG oslo_concurrency.processutils [None req-aaf3a645-e6e0-46a1-9185-6ec23ac54ebd None None] CMD "sudo cinder-rootwrap /etc/cinder/rootwrap.conf env LC_ALL=C vgs --noheadings --unit=g -o name,size,free,lv_count,uuid --separator : --nosuffix stack-volumes-lvmdriver-1" returned: 0 in 0.745s {{(pid=1426105) execute /usr/local/lib/python3.8/dist-packages/oslo_concurrency/processutils.py:422}}
Jul 25 17:42:08 datacore-PowerEdge-R740 cinder-volume[1426105]: DEBUG oslo_concurrency.processutils [None req-aaf3a645-e6e0-46a1-9185-6ec23ac54ebd None None] Running cmd (subprocess): sudo cinder-rootwrap /etc/cinder/rootwrap.conf env LC_ALL=C lvs --noheadings --unit=g -o vg_name,name,size --nosuffix --readonly stack-volumes-lvmdriver-1 {{(pid=1426105) execute /usr/local/lib/python3.8/dist-packages/oslo_concurrency/processutils.py:384}}
Jul 25 17:42:08 datacore-PowerEdge-R740 sudo[1426398]:    stack : TTY=unknown ; PWD=/ ; USER=root ; COMMAND=/usr/local/bin/cinder-rootwrap /etc/cinder/rootwrap.conf env LC_ALL=C lvs --noheadings --unit=g -o vg_name,name,size --nosuffix --readonly stack-volumes-lvmdriver-1
Jul 25 17:42:08 datacore-PowerEdge-R740 sudo[1426398]: pam_unix(sudo:session): session opened for user root by (uid=0)
Jul 25 17:42:09 datacore-PowerEdge-R740 sudo[1426398]: pam_unix(sudo:session): session closed for user root
Jul 25 17:42:09 datacore-PowerEdge-R740 cinder-volume[1426105]: DEBUG oslo_concurrency.processutils [None req-aaf3a645-e6e0-46a1-9185-6ec23ac54ebd None None] CMD "sudo cinder-rootwrap /etc/cinder/rootwrap.conf env LC_ALL=C lvs --noheadings --unit=g -o vg_name,name,size --nosuffix --readonly stack-volumes-lvmdriver-1" returned: 0 in 0.677s {{(pid=1426105) execute /usr/local/lib/python3.8/dist-packages/oslo_concurrency/processutils.py:422}}
Jul 25 17:42:09 datacore-PowerEdge-R740 cinder-volume[1426105]: DEBUG oslo_concurrency.processutils [None req-aaf3a645-e6e0-46a1-9185-6ec23ac54ebd None None] Running cmd (subprocess): sudo cinder-rootwrap /etc/cinder/rootwrap.conf env LC_ALL=C lvs --noheadings --unit=g -o size,data_percent --separator : --nosuffix /dev/stack-volumes-lvmdriver-1/stack-volumes-lvmdriver-1-pool {{(pid=1426105) execute /usr/local/lib/python3.8/dist-packages/oslo_concurrency/processutils.py:384}}
Jul 25 17:42:09 datacore-PowerEdge-R740 sudo[1426439]:    stack : TTY=unknown ; PWD=/ ; USER=root ; COMMAND=/usr/local/bin/cinder-rootwrap /etc/cinder/rootwrap.conf env LC_ALL=C lvs --noheadings --unit=g -o size,data_percent --separator : --nosuffix /dev/stack-volumes-lvmdriver-1/stack-volumes-lvmdriver-1-pool
Jul 25 17:42:09 datacore-PowerEdge-R740 sudo[1426439]: pam_unix(sudo:session): session opened for user root by (uid=0)
Jul 25 17:42:10 datacore-PowerEdge-R740 sudo[1426439]: pam_unix(sudo:session): session closed for user root
Jul 25 17:42:10 datacore-PowerEdge-R740 cinder-volume[1426105]: DEBUG oslo_concurrency.processutils [None req-aaf3a645-e6e0-46a1-9185-6ec23ac54ebd None None] CMD "sudo cinder-rootwrap /etc/cinder/rootwrap.conf env LC_ALL=C lvs --noheadings --unit=g -o size,data_percent --separator : --nosuffix /dev/stack-volumes-lvmdriver-1/stack-volumes-lvmdriver-1-pool" returned: 0 in 0.681s {{(pid=1426105) execute /usr/local/lib/python3.8/dist-packages/oslo_concurrency/processutils.py:422}}
Jul 25 17:42:10 datacore-PowerEdge-R740 cinder-volume[1426105]: DEBUG oslo_concurrency.processutils [None req-aaf3a645-e6e0-46a1-9185-6ec23ac54ebd None None] Running cmd (subprocess): env LC_ALL=C lvm version {{(pid=1426105) execute /usr/local/lib/python3.8/dist-packages/oslo_concurrency/processutils.py:384}}
Jul 25 17:42:10 datacore-PowerEdge-R740 cinder-volume[1426105]: DEBUG oslo_concurrency.processutils [None req-aaf3a645-e6e0-46a1-9185-6ec23ac54ebd None None] CMD "env LC_ALL=C lvm version" returned: 0 in 0.016s {{(pid=1426105) execute /usr/local/lib/python3.8/dist-packages/oslo_concurrency/processutils.py:422}}
Jul 25 17:42:10 datacore-PowerEdge-R740 cinder-volume[1426105]: DEBUG oslo_concurrency.processutils [None req-aaf3a645-e6e0-46a1-9185-6ec23ac54ebd None None] Running cmd (subprocess): sudo cinder-rootwrap /etc/cinder/rootwrap.conf env LC_ALL=C lvs --noheadings --unit=g -o vg_name,name,size --nosuffix --readonly stack-volumes-lvmdriver-1/stack-volumes-lvmdriver-1-pool {{(pid=1426105) execute /usr/local/lib/python3.8/dist-packages/oslo_concurrency/processutils.py:384}}
Jul 25 17:42:10 datacore-PowerEdge-R740 sudo[1426449]:    stack : TTY=unknown ; PWD=/ ; USER=root ; COMMAND=/usr/local/bin/cinder-rootwrap /etc/cinder/rootwrap.conf env LC_ALL=C lvs --noheadings --unit=g -o vg_name,name,size --nosuffix --readonly stack-volumes-lvmdriver-1/stack-volumes-lvmdriver-1-pool
Jul 25 17:42:10 datacore-PowerEdge-R740 sudo[1426449]: pam_unix(sudo:session): session opened for user root by (uid=0)
Jul 25 17:42:10 datacore-PowerEdge-R740 sudo[1426449]: pam_unix(sudo:session): session closed for user root
Jul 25 17:42:10 datacore-PowerEdge-R740 cinder-volume[1426105]: DEBUG oslo_concurrency.processutils [None req-aaf3a645-e6e0-46a1-9185-6ec23ac54ebd None None] CMD "sudo cinder-rootwrap /etc/cinder/rootwrap.conf env LC_ALL=C lvs --noheadings --unit=g -o vg_name,name,size --nosuffix --readonly stack-volumes-lvmdriver-1/stack-volumes-lvmdriver-1-pool" returned: 0 in 0.622s {{(pid=1426105) execute /usr/local/lib/python3.8/dist-packages/oslo_concurrency/processutils.py:422}}
Jul 25 17:42:10 datacore-PowerEdge-R740 cinder-volume[1426105]: INFO cinder.volume.drivers.lvm [None req-aaf3a645-e6e0-46a1-9185-6ec23ac54ebd None None] Enabling LVM thin provisioning by default because a thin pool exists.
Jul 25 17:42:10 datacore-PowerEdge-R740 cinder-volume[1426105]: DEBUG oslo_concurrency.processutils [None req-aaf3a645-e6e0-46a1-9185-6ec23ac54ebd None None] Running cmd (subprocess): env LC_ALL=C lvm version {{(pid=1426105) execute /usr/local/lib/python3.8/dist-packages/oslo_concurrency/processutils.py:384}}
Jul 25 17:42:10 datacore-PowerEdge-R740 cinder-volume[1426105]: DEBUG oslo_concurrency.processutils [None req-aaf3a645-e6e0-46a1-9185-6ec23ac54ebd None None] CMD "env LC_ALL=C lvm version" returned: 0 in 0.012s {{(pid=1426105) execute /usr/local/lib/python3.8/dist-packages/oslo_concurrency/processutils.py:422}}
Jul 25 17:42:10 datacore-PowerEdge-R740 cinder-volume[1426105]: DEBUG oslo_concurrency.processutils [None req-aaf3a645-e6e0-46a1-9185-6ec23ac54ebd None None] Running cmd (subprocess): sudo cinder-rootwrap /etc/cinder/rootwrap.conf env LC_ALL=C lvs --noheadings --unit=g -o vg_name,name,size --nosuffix --readonly stack-volumes-lvmdriver-1/stack-volumes-lvmdriver-1-pool {{(pid=1426105) execute /usr/local/lib/python3.8/dist-packages/oslo_concurrency/processutils.py:384}}
Jul 25 17:42:10 datacore-PowerEdge-R740 sudo[1426456]:    stack : TTY=unknown ; PWD=/ ; USER=root ; COMMAND=/usr/local/bin/cinder-rootwrap /etc/cinder/rootwrap.conf env LC_ALL=C lvs --noheadings --unit=g -o vg_name,name,size --nosuffix --readonly stack-volumes-lvmdriver-1/stack-volumes-lvmdriver-1-pool
Jul 25 17:42:10 datacore-PowerEdge-R740 sudo[1426456]: pam_unix(sudo:session): session opened for user root by (uid=0)
Jul 25 17:42:11 datacore-PowerEdge-R740 sudo[1426456]: pam_unix(sudo:session): session closed for user root
Jul 25 17:42:11 datacore-PowerEdge-R740 cinder-volume[1426105]: DEBUG oslo_concurrency.processutils [None req-aaf3a645-e6e0-46a1-9185-6ec23ac54ebd None None] CMD "sudo cinder-rootwrap /etc/cinder/rootwrap.conf env LC_ALL=C lvs --noheadings --unit=g -o vg_name,name,size --nosuffix --readonly stack-volumes-lvmdriver-1/stack-volumes-lvmdriver-1-pool" returned: 0 in 0.626s {{(pid=1426105) execute /usr/local/lib/python3.8/dist-packages/oslo_concurrency/processutils.py:422}}
Jul 25 17:42:11 datacore-PowerEdge-R740 cinder-volume[1426105]: DEBUG cinder.volume.drivers.lvm [None req-aaf3a645-e6e0-46a1-9185-6ec23ac54ebd None None] Updating volume stats {{(pid=1426105) _update_volume_stats /opt/stack/cinder/cinder/volume/drivers/lvm.py:213}}
Jul 25 17:42:11 datacore-PowerEdge-R740 cinder-volume[1426105]: DEBUG oslo_concurrency.processutils [None req-aaf3a645-e6e0-46a1-9185-6ec23ac54ebd None None] Running cmd (subprocess): sudo cinder-rootwrap /etc/cinder/rootwrap.conf env LC_ALL=C vgs --noheadings --unit=g -o name,size,free,lv_count,uuid --separator : --nosuffix stack-volumes-lvmdriver-1 {{(pid=1426105) execute /usr/local/lib/python3.8/dist-packages/oslo_concurrency/processutils.py:384}}
Jul 25 17:42:11 datacore-PowerEdge-R740 sudo[1426462]:    stack : TTY=unknown ; PWD=/ ; USER=root ; COMMAND=/usr/local/bin/cinder-rootwrap /etc/cinder/rootwrap.conf env LC_ALL=C vgs --noheadings --unit=g -o name,size,free,lv_count,uuid --separator : --nosuffix stack-volumes-lvmdriver-1
Jul 25 17:42:11 datacore-PowerEdge-R740 sudo[1426462]: pam_unix(sudo:session): session opened for user root by (uid=0)
Jul 25 17:42:12 datacore-PowerEdge-R740 sudo[1426462]: pam_unix(sudo:session): session closed for user root
Jul 25 17:42:12 datacore-PowerEdge-R740 cinder-volume[1426105]: DEBUG oslo_concurrency.processutils [None req-aaf3a645-e6e0-46a1-9185-6ec23ac54ebd None None] CMD "sudo cinder-rootwrap /etc/cinder/rootwrap.conf env LC_ALL=C vgs --noheadings --unit=g -o name,size,free,lv_count,uuid --separator : --nosuffix stack-volumes-lvmdriver-1" returned: 0 in 0.635s {{(pid=1426105) execute /usr/local/lib/python3.8/dist-packages/oslo_concurrency/processutils.py:422}}
Jul 25 17:42:12 datacore-PowerEdge-R740 cinder-volume[1426105]: DEBUG oslo_concurrency.processutils [None req-aaf3a645-e6e0-46a1-9185-6ec23ac54ebd None None] Running cmd (subprocess): sudo cinder-rootwrap /etc/cinder/rootwrap.conf env LC_ALL=C lvs --noheadings --unit=g -o vg_name,name,size --nosuffix --readonly stack-volumes-lvmdriver-1 {{(pid=1426105) execute /usr/local/lib/python3.8/dist-packages/oslo_concurrency/processutils.py:384}}
Jul 25 17:42:12 datacore-PowerEdge-R740 sudo[1426466]:    stack : TTY=unknown ; PWD=/ ; USER=root ; COMMAND=/usr/local/bin/cinder-rootwrap /etc/cinder/rootwrap.conf env LC_ALL=C lvs --noheadings --unit=g -o vg_name,name,size --nosuffix --readonly stack-volumes-lvmdriver-1
Jul 25 17:42:12 datacore-PowerEdge-R740 sudo[1426466]: pam_unix(sudo:session): session opened for user root by (uid=0)
Jul 25 17:42:12 datacore-PowerEdge-R740 cinder-volume[1425887]: DEBUG dbcounter [-] [1425887] Writing DB stats cinder:SELECT=16,cinder:UPDATE=1 {{(pid=1425887) stat_writer /usr/local/lib/python3.8/dist-packages/dbcounter.py:114}}
Jul 25 17:42:12 datacore-PowerEdge-R740 sudo[1426466]: pam_unix(sudo:session): session closed for user root
Jul 25 17:42:12 datacore-PowerEdge-R740 cinder-volume[1426105]: DEBUG oslo_concurrency.processutils [None req-aaf3a645-e6e0-46a1-9185-6ec23ac54ebd None None] CMD "sudo cinder-rootwrap /etc/cinder/rootwrap.conf env LC_ALL=C lvs --noheadings --unit=g -o vg_name,name,size --nosuffix --readonly stack-volumes-lvmdriver-1" returned: 0 in 0.656s {{(pid=1426105) execute /usr/local/lib/python3.8/dist-packages/oslo_concurrency/processutils.py:422}}
Jul 25 17:42:12 datacore-PowerEdge-R740 cinder-volume[1426105]: DEBUG oslo_concurrency.processutils [None req-aaf3a645-e6e0-46a1-9185-6ec23ac54ebd None None] Running cmd (subprocess): sudo cinder-rootwrap /etc/cinder/rootwrap.conf env LC_ALL=C lvs --noheadings --unit=g -o size,data_percent --separator : --nosuffix /dev/stack-volumes-lvmdriver-1/stack-volumes-lvmdriver-1-pool {{(pid=1426105) execute /usr/local/lib/python3.8/dist-packages/oslo_concurrency/processutils.py:384}}
Jul 25 17:42:12 datacore-PowerEdge-R740 sudo[1426482]:    stack : TTY=unknown ; PWD=/ ; USER=root ; COMMAND=/usr/local/bin/cinder-rootwrap /etc/cinder/rootwrap.conf env LC_ALL=C lvs --noheadings --unit=g -o size,data_percent --separator : --nosuffix /dev/stack-volumes-lvmdriver-1/stack-volumes-lvmdriver-1-pool
Jul 25 17:42:12 datacore-PowerEdge-R740 sudo[1426482]: pam_unix(sudo:session): session opened for user root by (uid=0)
Jul 25 17:42:13 datacore-PowerEdge-R740 sudo[1426482]: pam_unix(sudo:session): session closed for user root
Jul 25 17:42:13 datacore-PowerEdge-R740 cinder-volume[1426105]: DEBUG oslo_concurrency.processutils [None req-aaf3a645-e6e0-46a1-9185-6ec23ac54ebd None None] CMD "sudo cinder-rootwrap /etc/cinder/rootwrap.conf env LC_ALL=C lvs --noheadings --unit=g -o size,data_percent --separator : --nosuffix /dev/stack-volumes-lvmdriver-1/stack-volumes-lvmdriver-1-pool" returned: 0 in 0.649s {{(pid=1426105) execute /usr/local/lib/python3.8/dist-packages/oslo_concurrency/processutils.py:422}}
Jul 25 17:42:13 datacore-PowerEdge-R740 cinder-volume[1426105]: DEBUG oslo_concurrency.processutils [None req-aaf3a645-e6e0-46a1-9185-6ec23ac54ebd None None] Running cmd (subprocess): sudo cinder-rootwrap /etc/cinder/rootwrap.conf env LC_ALL=C lvs --noheadings --unit=g -o vg_name,name,size --nosuffix --readonly stack-volumes-lvmdriver-1 {{(pid=1426105) execute /usr/local/lib/python3.8/dist-packages/oslo_concurrency/processutils.py:384}}
Jul 25 17:42:13 datacore-PowerEdge-R740 sudo[1426486]:    stack : TTY=unknown ; PWD=/ ; USER=root ; COMMAND=/usr/local/bin/cinder-rootwrap /etc/cinder/rootwrap.conf env LC_ALL=C lvs --noheadings --unit=g -o vg_name,name,size --nosuffix --readonly stack-volumes-lvmdriver-1
Jul 25 17:42:13 datacore-PowerEdge-R740 sudo[1426486]: pam_unix(sudo:session): session opened for user root by (uid=0)
Jul 25 17:42:14 datacore-PowerEdge-R740 sudo[1426486]: pam_unix(sudo:session): session closed for user root
Jul 25 17:42:14 datacore-PowerEdge-R740 cinder-volume[1426105]: DEBUG oslo_concurrency.processutils [None req-aaf3a645-e6e0-46a1-9185-6ec23ac54ebd None None] CMD "sudo cinder-rootwrap /etc/cinder/rootwrap.conf env LC_ALL=C lvs --noheadings --unit=g -o vg_name,name,size --nosuffix --readonly stack-volumes-lvmdriver-1" returned: 0 in 0.633s {{(pid=1426105) execute /usr/local/lib/python3.8/dist-packages/oslo_concurrency/processutils.py:422}}
Jul 25 17:42:14 datacore-PowerEdge-R740 cinder-volume[1426105]: INFO cinder.volume.driver [None req-aaf3a645-e6e0-46a1-9185-6ec23ac54ebd None None] Driver hasn't implemented _init_vendor_properties()
Jul 25 17:42:14 datacore-PowerEdge-R740 cinder-volume[1426105]: DEBUG cinder.volume.driver [None req-aaf3a645-e6e0-46a1-9185-6ec23ac54ebd None None] Initialized capabilities list: {'volume_backend_name': 'lvmdriver-1', 'vendor_name': 'Open Source', 'driver_version': '3.0.0', 'storage_protocol': 'iSCSI', 'pools': [{'pool_name': 'lvmdriver-1', 'total_capacity_gb': 28.5, 'free_capacity_gb': 28.5, 'reserved_percentage': 0, 'location_info': 'LVMVolumeDriver:datacore-PowerEdge-R740:stack-volumes-lvmdriver-1:thin:0', 'QoS_support': False, 'provisioned_capacity_gb': 0.0, 'max_over_subscription_ratio': '20.0', 'thin_provisioning_support': True, 'thick_provisioning_support': False, 'total_volumes': 1, 'filter_function': None, 'goodness_function': None, 'multiattach': True, 'backend_state': 'up'}], 'shared_targets': False, 'sparse_copy_volume': True, 'properties': {'thin_provisioning': {'title': 'Thin Provisioning', 'description': 'Sets thin provisioning.', 'type': 'boolean'}, 'compression': {'title': 'Compression', 'description': 'Enables compression.', 'type': 'boolean'}, 'qos': {'title': 'QoS', 'description': 'Enables QoS.', 'type': 'boolean'}, 'replication_enabled': {'title': 'Replication', 'description': 'Enables replication.', 'type': 'boolean'}}}. {{(pid=1426105) init_capabilities /opt/stack/cinder/cinder/volume/driver.py:812}}
Jul 25 17:42:14 datacore-PowerEdge-R740 cinder-volume[1426105]: DEBUG oslo_db.sqlalchemy.engines [None req-aaf3a645-e6e0-46a1-9185-6ec23ac54ebd None None] MySQL server mode set to STRICT_TRANS_TABLES,STRICT_ALL_TABLES,NO_ZERO_IN_DATE,NO_ZERO_DATE,ERROR_FOR_DIVISION_BY_ZERO,TRADITIONAL,NO_ENGINE_SUBSTITUTION {{(pid=1426105) _check_effective_sql_mode /usr/local/lib/python3.8/dist-packages/oslo_db/sqlalchemy/engines.py:314}}
Jul 25 17:42:14 datacore-PowerEdge-R740 cinder-volume[1426105]: DEBUG dbcounter [-] [1426105] Writer thread running {{(pid=1426105) stat_writer /usr/local/lib/python3.8/dist-packages/dbcounter.py:99}}
Jul 25 17:42:14 datacore-PowerEdge-R740 cinder-volume[1426105]: DEBUG cinder.db.sqlalchemy.api [None req-aaf3a645-e6e0-46a1-9185-6ec23ac54ebd None None] Building query based on filter {{(pid=1426105) _process_snaps_filters /opt/stack/cinder/cinder/db/sqlalchemy/api.py:3773}}
Jul 25 17:42:14 datacore-PowerEdge-R740 cinder-volume[1426105]: DEBUG cinder.image.image_utils [None req-aaf3a645-e6e0-46a1-9185-6ec23ac54ebd None None] Configuration image_conversion_dir is None or the path doesn't exist. {{(pid=1426105) cleanup_temporary_file /opt/stack/cinder/cinder/image/image_utils.py:955}}
Jul 25 17:42:14 datacore-PowerEdge-R740 cinder-volume[1426105]: DEBUG cinder.volume.drivers.lvm [None req-aaf3a645-e6e0-46a1-9185-6ec23ac54ebd None None] Updating volume stats {{(pid=1426105) _update_volume_stats /opt/stack/cinder/cinder/volume/drivers/lvm.py:213}}
Jul 25 17:42:14 datacore-PowerEdge-R740 cinder-volume[1426105]: DEBUG oslo_concurrency.processutils [None req-aaf3a645-e6e0-46a1-9185-6ec23ac54ebd None None] Running cmd (subprocess): sudo cinder-rootwrap /etc/cinder/rootwrap.conf env LC_ALL=C vgs --noheadings --unit=g -o name,size,free,lv_count,uuid --separator : --nosuffix stack-volumes-lvmdriver-1 {{(pid=1426105) execute /usr/local/lib/python3.8/dist-packages/oslo_concurrency/processutils.py:384}}
Jul 25 17:42:14 datacore-PowerEdge-R740 cinder-volume[1426105]: INFO cinder.keymgr.migration [None req-0e26fcf5-29e6-4e51-8be5-750e0c95bba4 None None] Not migrating encryption keys because the ConfKeyManager is still in use.
Jul 25 17:42:14 datacore-PowerEdge-R740 sudo[1426498]:    stack : TTY=unknown ; PWD=/ ; USER=root ; COMMAND=/usr/local/bin/cinder-rootwrap /etc/cinder/rootwrap.conf env LC_ALL=C vgs --noheadings --unit=g -o name,size,free,lv_count,uuid --separator : --nosuffix stack-volumes-lvmdriver-1
Jul 25 17:42:14 datacore-PowerEdge-R740 sudo[1426498]: pam_unix(sudo:session): session opened for user root by (uid=0)
Jul 25 17:42:14 datacore-PowerEdge-R740 sudo[1426498]: pam_unix(sudo:session): session closed for user root
Jul 25 17:42:14 datacore-PowerEdge-R740 cinder-volume[1426105]: DEBUG oslo_concurrency.processutils [None req-aaf3a645-e6e0-46a1-9185-6ec23ac54ebd None None] CMD "sudo cinder-rootwrap /etc/cinder/rootwrap.conf env LC_ALL=C vgs --noheadings --unit=g -o name,size,free,lv_count,uuid --separator : --nosuffix stack-volumes-lvmdriver-1" returned: 0 in 0.643s {{(pid=1426105) execute /usr/local/lib/python3.8/dist-packages/oslo_concurrency/processutils.py:422}}
Jul 25 17:42:14 datacore-PowerEdge-R740 cinder-volume[1426105]: DEBUG oslo_concurrency.processutils [None req-aaf3a645-e6e0-46a1-9185-6ec23ac54ebd None None] Running cmd (subprocess): sudo cinder-rootwrap /etc/cinder/rootwrap.conf env LC_ALL=C lvs --noheadings --unit=g -o vg_name,name,size --nosuffix --readonly stack-volumes-lvmdriver-1 {{(pid=1426105) execute /usr/local/lib/python3.8/dist-packages/oslo_concurrency/processutils.py:384}}
Jul 25 17:42:14 datacore-PowerEdge-R740 sudo[1426510]:    stack : TTY=unknown ; PWD=/ ; USER=root ; COMMAND=/usr/local/bin/cinder-rootwrap /etc/cinder/rootwrap.conf env LC_ALL=C lvs --noheadings --unit=g -o vg_name,name,size --nosuffix --readonly stack-volumes-lvmdriver-1
Jul 25 17:42:14 datacore-PowerEdge-R740 sudo[1426510]: pam_unix(sudo:session): session opened for user root by (uid=0)
Jul 25 17:42:15 datacore-PowerEdge-R740 sudo[1426510]: pam_unix(sudo:session): session closed for user root
Jul 25 17:42:15 datacore-PowerEdge-R740 cinder-volume[1426105]: DEBUG oslo_concurrency.processutils [None req-aaf3a645-e6e0-46a1-9185-6ec23ac54ebd None None] CMD "sudo cinder-rootwrap /etc/cinder/rootwrap.conf env LC_ALL=C lvs --noheadings --unit=g -o vg_name,name,size --nosuffix --readonly stack-volumes-lvmdriver-1" returned: 0 in 0.632s {{(pid=1426105) execute /usr/local/lib/python3.8/dist-packages/oslo_concurrency/processutils.py:422}}
Jul 25 17:42:15 datacore-PowerEdge-R740 cinder-volume[1426105]: DEBUG oslo_concurrency.processutils [None req-aaf3a645-e6e0-46a1-9185-6ec23ac54ebd None None] Running cmd (subprocess): sudo cinder-rootwrap /etc/cinder/rootwrap.conf env LC_ALL=C lvs --noheadings --unit=g -o size,data_percent --separator : --nosuffix /dev/stack-volumes-lvmdriver-1/stack-volumes-lvmdriver-1-pool {{(pid=1426105) execute /usr/local/lib/python3.8/dist-packages/oslo_concurrency/processutils.py:384}}
Jul 25 17:42:15 datacore-PowerEdge-R740 sudo[1426516]:    stack : TTY=unknown ; PWD=/ ; USER=root ; COMMAND=/usr/local/bin/cinder-rootwrap /etc/cinder/rootwrap.conf env LC_ALL=C lvs --noheadings --unit=g -o size,data_percent --separator : --nosuffix /dev/stack-volumes-lvmdriver-1/stack-volumes-lvmdriver-1-pool
Jul 25 17:42:15 datacore-PowerEdge-R740 sudo[1426516]: pam_unix(sudo:session): session opened for user root by (uid=0)
Jul 25 17:42:16 datacore-PowerEdge-R740 sudo[1426516]: pam_unix(sudo:session): session closed for user root
Jul 25 17:42:16 datacore-PowerEdge-R740 cinder-volume[1426105]: DEBUG oslo_concurrency.processutils [None req-aaf3a645-e6e0-46a1-9185-6ec23ac54ebd None None] CMD "sudo cinder-rootwrap /etc/cinder/rootwrap.conf env LC_ALL=C lvs --noheadings --unit=g -o size,data_percent --separator : --nosuffix /dev/stack-volumes-lvmdriver-1/stack-volumes-lvmdriver-1-pool" returned: 0 in 0.650s {{(pid=1426105) execute /usr/local/lib/python3.8/dist-packages/oslo_concurrency/processutils.py:422}}
Jul 25 17:42:16 datacore-PowerEdge-R740 cinder-volume[1426105]: DEBUG oslo_concurrency.processutils [None req-aaf3a645-e6e0-46a1-9185-6ec23ac54ebd None None] Running cmd (subprocess): sudo cinder-rootwrap /etc/cinder/rootwrap.conf env LC_ALL=C lvs --noheadings --unit=g -o vg_name,name,size --nosuffix --readonly stack-volumes-lvmdriver-1 {{(pid=1426105) execute /usr/local/lib/python3.8/dist-packages/oslo_concurrency/processutils.py:384}}
Jul 25 17:42:16 datacore-PowerEdge-R740 sudo[1426522]:    stack : TTY=unknown ; PWD=/ ; USER=root ; COMMAND=/usr/local/bin/cinder-rootwrap /etc/cinder/rootwrap.conf env LC_ALL=C lvs --noheadings --unit=g -o vg_name,name,size --nosuffix --readonly stack-volumes-lvmdriver-1
Jul 25 17:42:16 datacore-PowerEdge-R740 sudo[1426522]: pam_unix(sudo:session): session opened for user root by (uid=0)
Jul 25 17:42:16 datacore-PowerEdge-R740 sudo[1426522]: pam_unix(sudo:session): session closed for user root
Jul 25 17:42:16 datacore-PowerEdge-R740 cinder-volume[1426105]: DEBUG oslo_concurrency.processutils [None req-aaf3a645-e6e0-46a1-9185-6ec23ac54ebd None None] CMD "sudo cinder-rootwrap /etc/cinder/rootwrap.conf env LC_ALL=C lvs --noheadings --unit=g -o vg_name,name,size --nosuffix --readonly stack-volumes-lvmdriver-1" returned: 0 in 0.659s {{(pid=1426105) execute /usr/local/lib/python3.8/dist-packages/oslo_concurrency/processutils.py:422}}
Jul 25 17:42:16 datacore-PowerEdge-R740 cinder-volume[1426105]: DEBUG cinder.manager [None req-aaf3a645-e6e0-46a1-9185-6ec23ac54ebd None None] Notifying Schedulers of capabilities ... {{(pid=1426105) _publish_service_capabilities /opt/stack/cinder/cinder/manager.py:202}}
Jul 25 17:42:16 datacore-PowerEdge-R740 cinder-volume[1426105]: INFO cinder.volume.manager [None req-aaf3a645-e6e0-46a1-9185-6ec23ac54ebd None None] Driver initialization completed successfully.
Jul 25 17:42:16 datacore-PowerEdge-R740 cinder-volume[1426105]: INFO cinder.manager [None req-aaf3a645-e6e0-46a1-9185-6ec23ac54ebd None None] Initiating service 2 cleanup
Jul 25 17:42:16 datacore-PowerEdge-R740 cinder-volume[1426105]: INFO cinder.manager [None req-aaf3a645-e6e0-46a1-9185-6ec23ac54ebd None None] Service 2 cleanup completed.
Jul 25 17:42:16 datacore-PowerEdge-R740 cinder-volume[1426105]: DEBUG cinder.service [None req-aaf3a645-e6e0-46a1-9185-6ec23ac54ebd None None] Creating RPC server for service cinder-volume {{(pid=1426105) start /opt/stack/cinder/cinder/service.py:231}}
Jul 25 17:42:16 datacore-PowerEdge-R740 cinder-volume[1426105]: DEBUG cinder.service [None req-aaf3a645-e6e0-46a1-9185-6ec23ac54ebd None None] Pinning object versions for RPC server serializer to 1.39 {{(pid=1426105) start /opt/stack/cinder/cinder/service.py:237}}
Jul 25 17:42:16 datacore-PowerEdge-R740 cinder-volume[1426105]: INFO cinder.volume.manager [None req-aaf3a645-e6e0-46a1-9185-6ec23ac54ebd None None] Initializing RPC dependent components of volume driver LVMVolumeDriver (3.0.0)
Jul 25 17:42:16 datacore-PowerEdge-R740 cinder-volume[1426105]: DEBUG cinder.volume.drivers.lvm [None req-aaf3a645-e6e0-46a1-9185-6ec23ac54ebd None None] Updating volume stats {{(pid=1426105) _update_volume_stats /opt/stack/cinder/cinder/volume/drivers/lvm.py:213}}
Jul 25 17:42:16 datacore-PowerEdge-R740 cinder-volume[1426105]: DEBUG oslo_concurrency.processutils [None req-aaf3a645-e6e0-46a1-9185-6ec23ac54ebd None None] Running cmd (subprocess): sudo cinder-rootwrap /etc/cinder/rootwrap.conf env LC_ALL=C vgs --noheadings --unit=g -o name,size,free,lv_count,uuid --separator : --nosuffix stack-volumes-lvmdriver-1 {{(pid=1426105) execute /usr/local/lib/python3.8/dist-packages/oslo_concurrency/processutils.py:384}}
Jul 25 17:42:16 datacore-PowerEdge-R740 sudo[1426548]:    stack : TTY=unknown ; PWD=/ ; USER=root ; COMMAND=/usr/local/bin/cinder-rootwrap /etc/cinder/rootwrap.conf env LC_ALL=C vgs --noheadings --unit=g -o name,size,free,lv_count,uuid --separator : --nosuffix stack-volumes-lvmdriver-1
Jul 25 17:42:16 datacore-PowerEdge-R740 sudo[1426548]: pam_unix(sudo:session): session opened for user root by (uid=0)
Jul 25 17:42:17 datacore-PowerEdge-R740 sudo[1426548]: pam_unix(sudo:session): session closed for user root
Jul 25 17:42:17 datacore-PowerEdge-R740 cinder-volume[1426105]: DEBUG oslo_concurrency.processutils [None req-aaf3a645-e6e0-46a1-9185-6ec23ac54ebd None None] CMD "sudo cinder-rootwrap /etc/cinder/rootwrap.conf env LC_ALL=C vgs --noheadings --unit=g -o name,size,free,lv_count,uuid --separator : --nosuffix stack-volumes-lvmdriver-1" returned: 0 in 0.652s {{(pid=1426105) execute /usr/local/lib/python3.8/dist-packages/oslo_concurrency/processutils.py:422}}
Jul 25 17:42:17 datacore-PowerEdge-R740 cinder-volume[1426105]: DEBUG oslo_concurrency.processutils [None req-aaf3a645-e6e0-46a1-9185-6ec23ac54ebd None None] Running cmd (subprocess): sudo cinder-rootwrap /etc/cinder/rootwrap.conf env LC_ALL=C lvs --noheadings --unit=g -o vg_name,name,size --nosuffix --readonly stack-volumes-lvmdriver-1 {{(pid=1426105) execute /usr/local/lib/python3.8/dist-packages/oslo_concurrency/processutils.py:384}}
Jul 25 17:42:17 datacore-PowerEdge-R740 sudo[1426560]:    stack : TTY=unknown ; PWD=/ ; USER=root ; COMMAND=/usr/local/bin/cinder-rootwrap /etc/cinder/rootwrap.conf env LC_ALL=C lvs --noheadings --unit=g -o vg_name,name,size --nosuffix --readonly stack-volumes-lvmdriver-1
Jul 25 17:42:17 datacore-PowerEdge-R740 sudo[1426560]: pam_unix(sudo:session): session opened for user root by (uid=0)
Jul 25 17:42:18 datacore-PowerEdge-R740 sudo[1426560]: pam_unix(sudo:session): session closed for user root
Jul 25 17:42:18 datacore-PowerEdge-R740 cinder-volume[1426105]: DEBUG oslo_concurrency.processutils [None req-aaf3a645-e6e0-46a1-9185-6ec23ac54ebd None None] CMD "sudo cinder-rootwrap /etc/cinder/rootwrap.conf env LC_ALL=C lvs --noheadings --unit=g -o vg_name,name,size --nosuffix --readonly stack-volumes-lvmdriver-1" returned: 0 in 0.622s {{(pid=1426105) execute /usr/local/lib/python3.8/dist-packages/oslo_concurrency/processutils.py:422}}
Jul 25 17:42:18 datacore-PowerEdge-R740 cinder-volume[1426105]: DEBUG oslo_concurrency.processutils [None req-aaf3a645-e6e0-46a1-9185-6ec23ac54ebd None None] Running cmd (subprocess): sudo cinder-rootwrap /etc/cinder/rootwrap.conf env LC_ALL=C lvs --noheadings --unit=g -o size,data_percent --separator : --nosuffix /dev/stack-volumes-lvmdriver-1/stack-volumes-lvmdriver-1-pool {{(pid=1426105) execute /usr/local/lib/python3.8/dist-packages/oslo_concurrency/processutils.py:384}}
Jul 25 17:42:18 datacore-PowerEdge-R740 sudo[1426569]:    stack : TTY=unknown ; PWD=/ ; USER=root ; COMMAND=/usr/local/bin/cinder-rootwrap /etc/cinder/rootwrap.conf env LC_ALL=C lvs --noheadings --unit=g -o size,data_percent --separator : --nosuffix /dev/stack-volumes-lvmdriver-1/stack-volumes-lvmdriver-1-pool
Jul 25 17:42:18 datacore-PowerEdge-R740 sudo[1426569]: pam_unix(sudo:session): session opened for user root by (uid=0)
Jul 25 17:42:18 datacore-PowerEdge-R740 sudo[1426569]: pam_unix(sudo:session): session closed for user root
Jul 25 17:42:18 datacore-PowerEdge-R740 cinder-volume[1426105]: DEBUG oslo_concurrency.processutils [None req-aaf3a645-e6e0-46a1-9185-6ec23ac54ebd None None] CMD "sudo cinder-rootwrap /etc/cinder/rootwrap.conf env LC_ALL=C lvs --noheadings --unit=g -o size,data_percent --separator : --nosuffix /dev/stack-volumes-lvmdriver-1/stack-volumes-lvmdriver-1-pool" returned: 0 in 0.636s {{(pid=1426105) execute /usr/local/lib/python3.8/dist-packages/oslo_concurrency/processutils.py:422}}
Jul 25 17:42:18 datacore-PowerEdge-R740 cinder-volume[1426105]: DEBUG oslo_concurrency.processutils [None req-aaf3a645-e6e0-46a1-9185-6ec23ac54ebd None None] Running cmd (subprocess): sudo cinder-rootwrap /etc/cinder/rootwrap.conf env LC_ALL=C lvs --noheadings --unit=g -o vg_name,name,size --nosuffix --readonly stack-volumes-lvmdriver-1 {{(pid=1426105) execute /usr/local/lib/python3.8/dist-packages/oslo_concurrency/processutils.py:384}}
Jul 25 17:42:18 datacore-PowerEdge-R740 sudo[1426583]:    stack : TTY=unknown ; PWD=/ ; USER=root ; COMMAND=/usr/local/bin/cinder-rootwrap /etc/cinder/rootwrap.conf env LC_ALL=C lvs --noheadings --unit=g -o vg_name,name,size --nosuffix --readonly stack-volumes-lvmdriver-1
Jul 25 17:42:18 datacore-PowerEdge-R740 sudo[1426583]: pam_unix(sudo:session): session opened for user root by (uid=0)
Jul 25 17:42:19 datacore-PowerEdge-R740 sudo[1426583]: pam_unix(sudo:session): session closed for user root
Jul 25 17:42:19 datacore-PowerEdge-R740 cinder-volume[1426105]: DEBUG oslo_concurrency.processutils [None req-aaf3a645-e6e0-46a1-9185-6ec23ac54ebd None None] CMD "sudo cinder-rootwrap /etc/cinder/rootwrap.conf env LC_ALL=C lvs --noheadings --unit=g -o vg_name,name,size --nosuffix --readonly stack-volumes-lvmdriver-1" returned: 0 in 0.629s {{(pid=1426105) execute /usr/local/lib/python3.8/dist-packages/oslo_concurrency/processutils.py:422}}
Jul 25 17:42:19 datacore-PowerEdge-R740 cinder-volume[1426105]: INFO cinder.volume.manager [None req-aaf3a645-e6e0-46a1-9185-6ec23ac54ebd None None] Driver post RPC initialization completed successfully.
Jul 25 17:42:20 datacore-PowerEdge-R740 systemd[1]: Stopping Devstack devstack@c-vol.service...
Jul 25 17:42:20 datacore-PowerEdge-R740 cinder-volume[1425887]: INFO oslo_service.service [None req-f797490d-076d-4eea-8f19-98ba93764be0 None None] Caught SIGTERM, stopping children
Jul 25 17:42:20 datacore-PowerEdge-R740 cinder-volume[1425887]: DEBUG oslo_concurrency.lockutils [None req-f797490d-076d-4eea-8f19-98ba93764be0 None None] Acquired lock "singleton_lock" {{(pid=1425887) lock /usr/local/lib/python3.8/dist-packages/oslo_concurrency/lockutils.py:294}}
Jul 25 17:42:20 datacore-PowerEdge-R740 cinder-volume[1425887]: DEBUG oslo_concurrency.lockutils [None req-f797490d-076d-4eea-8f19-98ba93764be0 None None] Releasing lock "singleton_lock" {{(pid=1425887) lock /usr/local/lib/python3.8/dist-packages/oslo_concurrency/lockutils.py:312}}
Jul 25 17:42:20 datacore-PowerEdge-R740 cinder-volume[1425887]: DEBUG oslo_service.service [None req-f797490d-076d-4eea-8f19-98ba93764be0 None None] Stop services. {{(pid=1425887) stop /usr/local/lib/python3.8/dist-packages/oslo_service/service.py:695}}
Jul 25 17:42:20 datacore-PowerEdge-R740 cinder-volume[1425887]: DEBUG oslo_service.service [None req-f797490d-076d-4eea-8f19-98ba93764be0 None None] Killing children. {{(pid=1425887) stop /usr/local/lib/python3.8/dist-packages/oslo_service/service.py:700}}
Jul 25 17:42:20 datacore-PowerEdge-R740 cinder-volume[1425887]: INFO oslo_service.service [None req-f797490d-076d-4eea-8f19-98ba93764be0 None None] Waiting on 1 children to exit
Jul 25 17:42:21 datacore-PowerEdge-R740 cinder-volume[1426105]: DEBUG oslo_concurrency.lockutils [None req-f797490d-076d-4eea-8f19-98ba93764be0 None None] Acquired lock "singleton_lock" {{(pid=1426105) lock /usr/local/lib/python3.8/dist-packages/oslo_concurrency/lockutils.py:294}}
Jul 25 17:42:21 datacore-PowerEdge-R740 cinder-volume[1426105]: DEBUG oslo_concurrency.lockutils [None req-f797490d-076d-4eea-8f19-98ba93764be0 None None] Releasing lock "singleton_lock" {{(pid=1426105) lock /usr/local/lib/python3.8/dist-packages/oslo_concurrency/lockutils.py:312}}
Jul 25 17:42:21 datacore-PowerEdge-R740 cinder-volume[1426105]: WARNING amqp [None req-f797490d-076d-4eea-8f19-98ba93764be0 None None] Received method (60, 30) during closing channel 1. This method will be ignored
Jul 25 17:42:21 datacore-PowerEdge-R740 cinder-volume[1426105]: WARNING amqp [None req-f797490d-076d-4eea-8f19-98ba93764be0 None None] Received method (60, 30) during closing channel 1. This method will be ignored
Jul 25 17:42:21 datacore-PowerEdge-R740 cinder-volume[1425887]: INFO oslo_service.service [None req-f797490d-076d-4eea-8f19-98ba93764be0 None None] Child 1426105 exited with status 0
Jul 25 17:42:21 datacore-PowerEdge-R740 cinder-volume[1425887]: /usr/lib/python3/dist-packages/secretstorage/dhcrypto.py:15: CryptographyDeprecationWarning: int_from_bytes is deprecated, use int.from_bytes instead
Jul 25 17:42:21 datacore-PowerEdge-R740 cinder-volume[1425887]:   from cryptography.utils import int_from_bytes
Jul 25 17:42:21 datacore-PowerEdge-R740 cinder-volume[1425887]: /usr/lib/python3/dist-packages/secretstorage/util.py:19: CryptographyDeprecationWarning: int_from_bytes is deprecated, use int.from_bytes instead
Jul 25 17:42:21 datacore-PowerEdge-R740 cinder-volume[1425887]:   from cryptography.utils import int_from_bytes
Jul 25 17:42:21 datacore-PowerEdge-R740 cinder-volume[1425887]: /opt/stack/cinder/cinder/db/sqlalchemy/models.py:152: SAWarning: implicitly coercing SELECT object to scalar subquery; please use the .scalar_subquery() method to produce a scalar subquery.
Jul 25 17:42:21 datacore-PowerEdge-R740 cinder-volume[1425887]:   last_heartbeat = column_property(
Jul 25 17:42:21 datacore-PowerEdge-R740 cinder-volume[1425887]: /opt/stack/cinder/cinder/db/sqlalchemy/models.py:160: SAWarning: implicitly coercing SELECT object to scalar subquery; please use the .scalar_subquery() method to produce a scalar subquery.
Jul 25 17:42:21 datacore-PowerEdge-R740 cinder-volume[1425887]:   num_hosts = column_property(
Jul 25 17:42:21 datacore-PowerEdge-R740 cinder-volume[1425887]: /opt/stack/cinder/cinder/db/sqlalchemy/models.py:169: SAWarning: implicitly coercing SELECT object to scalar subquery; please use the .scalar_subquery() method to produce a scalar subquery.
Jul 25 17:42:21 datacore-PowerEdge-R740 cinder-volume[1425887]:   num_down_hosts = column_property(
Jul 25 17:42:21 datacore-PowerEdge-R740 systemd[1]: devstack@c-vol.service: Succeeded.
Jul 25 17:42:21 datacore-PowerEdge-R740 systemd[1]: Stopped Devstack devstack@c-vol.service.
Jul 25 17:42:21 datacore-PowerEdge-R740 systemd[1]: Started Devstack devstack@c-vol.service.
Jul 25 17:42:23 datacore-PowerEdge-R740 cinder-volume[1426769]: DEBUG oslo_concurrency.lockutils [-] Acquired lock "singleton_lock" {{(pid=1426769) lock /usr/local/lib/python3.8/dist-packages/oslo_concurrency/lockutils.py:294}}
Jul 25 17:42:23 datacore-PowerEdge-R740 cinder-volume[1426769]: DEBUG oslo_concurrency.lockutils [-] Releasing lock "singleton_lock" {{(pid=1426769) lock /usr/local/lib/python3.8/dist-packages/oslo_concurrency/lockutils.py:312}}
Jul 25 17:42:24 datacore-PowerEdge-R740 cinder-volume[1426769]: INFO dbcounter [None req-b3ba8af5-c479-4e12-bfb7-4998265e6607 None None] Registered counter for database cinder
Jul 25 17:42:24 datacore-PowerEdge-R740 cinder-volume[1426769]: DEBUG oslo_db.sqlalchemy.engines [None req-b3ba8af5-c479-4e12-bfb7-4998265e6607 None None] MySQL server mode set to STRICT_TRANS_TABLES,STRICT_ALL_TABLES,NO_ZERO_IN_DATE,NO_ZERO_DATE,ERROR_FOR_DIVISION_BY_ZERO,TRADITIONAL,NO_ENGINE_SUBSTITUTION {{(pid=1426769) _check_effective_sql_mode /usr/local/lib/python3.8/dist-packages/oslo_db/sqlalchemy/engines.py:314}}
Jul 25 17:42:24 datacore-PowerEdge-R740 cinder-volume[1426769]: DEBUG dbcounter [-] [1426769] Writer thread running {{(pid=1426769) stat_writer /usr/local/lib/python3.8/dist-packages/dbcounter.py:99}}
Jul 25 17:42:24 datacore-PowerEdge-R740 cinder-volume[1426769]: INFO cinder.rpc [None req-b3ba8af5-c479-4e12-bfb7-4998265e6607 None None] Automatically selected cinder-scheduler objects version 1.39 as minimum service version.
Jul 25 17:42:24 datacore-PowerEdge-R740 cinder-volume[1426769]: INFO cinder.rpc [None req-b3ba8af5-c479-4e12-bfb7-4998265e6607 None None] Automatically selected cinder-scheduler RPC version 3.12 as minimum service version.
Jul 25 17:42:24 datacore-PowerEdge-R740 cinder-volume[1426769]: DEBUG oslo_db.sqlalchemy.engines [None req-b3ba8af5-c479-4e12-bfb7-4998265e6607 None None] MySQL server mode set to STRICT_TRANS_TABLES,STRICT_ALL_TABLES,NO_ZERO_IN_DATE,NO_ZERO_DATE,ERROR_FOR_DIVISION_BY_ZERO,TRADITIONAL,NO_ENGINE_SUBSTITUTION {{(pid=1426769) _check_effective_sql_mode /usr/local/lib/python3.8/dist-packages/oslo_db/sqlalchemy/engines.py:314}}
Jul 25 17:42:24 datacore-PowerEdge-R740 cinder-volume[1426769]: INFO cinder.volume.manager [None req-b3ba8af5-c479-4e12-bfb7-4998265e6607 None None] Determined volume DB was empty at startup.
Jul 25 17:42:24 datacore-PowerEdge-R740 cinder-volume[1426769]: DEBUG cinder.volume.manager [None req-b3ba8af5-c479-4e12-bfb7-4998265e6607 None None] Cinder Volume DB check: vol_db_empty=True {{(pid=1426769) __init__ /opt/stack/cinder/cinder/volume/manager.py:288}}
Jul 25 17:42:24 datacore-PowerEdge-R740 cinder-volume[1426769]: INFO cinder.volume.manager [None req-b3ba8af5-c479-4e12-bfb7-4998265e6607 None None] Service not found for updating active_backend_id, assuming default for driver init.
Jul 25 17:42:24 datacore-PowerEdge-R740 cinder-volume[1426769]: WARNING stevedore.named [None req-b3ba8af5-c479-4e12-bfb7-4998265e6607 None None] Could not load cinder.keymgr.conf_key_mgr.ConfKeyManager
Jul 25 17:42:24 datacore-PowerEdge-R740 cinder-volume[1426769]: WARNING castellan.key_manager [None req-b3ba8af5-c479-4e12-bfb7-4998265e6607 None None] Deprecation Warning : cinder.keymgr.conf_key_mgr.ConfKeyManager is not a stevedore based driver, trying to load it as a class: stevedore.exception.NoMatches: No 'castellan.drivers' driver found, looking for 'cinder.keymgr.conf_key_mgr.ConfKeyManager'
Jul 25 17:42:24 datacore-PowerEdge-R740 cinder-volume[1426769]: WARNING cinder.keymgr.conf_key_mgr [None req-b3ba8af5-c479-4e12-bfb7-4998265e6607 None None] This key manager is insecure and is not recommended for production deployments: stevedore.exception.NoMatches: No 'castellan.drivers' driver found, looking for 'cinder.keymgr.conf_key_mgr.ConfKeyManager'
Jul 25 17:42:24 datacore-PowerEdge-R740 cinder-volume[1426769]: ERROR cinder.cmd.volume [None req-b3ba8af5-c479-4e12-bfb7-4998265e6607 None None] Volume service hostgroup@datacore_iscsi1 failed to start.: ModuleNotFoundError: No module named 'cinder.volume.drivers.datacore.iscsi'
Jul 25 17:42:24 datacore-PowerEdge-R740 cinder-volume[1426769]: ERROR cinder.cmd.volume Traceback (most recent call last):
Jul 25 17:42:24 datacore-PowerEdge-R740 cinder-volume[1426769]: ERROR cinder.cmd.volume   File "/opt/stack/cinder/cinder/cmd/volume.py", line 99, in _launch_service
Jul 25 17:42:24 datacore-PowerEdge-R740 cinder-volume[1426769]: ERROR cinder.cmd.volume     server = service.Service.create(host=host,
Jul 25 17:42:24 datacore-PowerEdge-R740 cinder-volume[1426769]: ERROR cinder.cmd.volume   File "/opt/stack/cinder/cinder/service.py", line 394, in create
Jul 25 17:42:24 datacore-PowerEdge-R740 cinder-volume[1426769]: ERROR cinder.cmd.volume     service_obj = cls(host, binary, topic, manager,
Jul 25 17:42:24 datacore-PowerEdge-R740 cinder-volume[1426769]: ERROR cinder.cmd.volume   File "/opt/stack/cinder/cinder/service.py", line 152, in __init__
Jul 25 17:42:24 datacore-PowerEdge-R740 cinder-volume[1426769]: ERROR cinder.cmd.volume     self.manager = manager_class(host=self.host,
Jul 25 17:42:24 datacore-PowerEdge-R740 cinder-volume[1426769]: ERROR cinder.cmd.volume   File "/opt/stack/cinder/cinder/volume/manager.py", line 311, in __init__
Jul 25 17:42:24 datacore-PowerEdge-R740 cinder-volume[1426769]: ERROR cinder.cmd.volume     self.driver = importutils.import_object(
Jul 25 17:42:24 datacore-PowerEdge-R740 cinder-volume[1426769]: ERROR cinder.cmd.volume   File "/usr/local/lib/python3.8/dist-packages/oslo_utils/importutils.py", line 44, in import_object
Jul 25 17:42:24 datacore-PowerEdge-R740 cinder-volume[1426769]: ERROR cinder.cmd.volume     return import_class(import_str)(*args, **kwargs)
Jul 25 17:42:24 datacore-PowerEdge-R740 cinder-volume[1426769]: ERROR cinder.cmd.volume   File "/usr/local/lib/python3.8/dist-packages/oslo_utils/importutils.py", line 30, in import_class
Jul 25 17:42:24 datacore-PowerEdge-R740 cinder-volume[1426769]: ERROR cinder.cmd.volume     __import__(mod_str)
Jul 25 17:42:24 datacore-PowerEdge-R740 cinder-volume[1426769]: ERROR cinder.cmd.volume ModuleNotFoundError: No module named 'cinder.volume.drivers.datacore.iscsi'
Jul 25 17:42:24 datacore-PowerEdge-R740 cinder-volume[1426769]: ERROR cinder.cmd.volume 
Jul 25 17:42:24 datacore-PowerEdge-R740 cinder-volume[1426769]: ERROR cinder.cmd.volume [None req-b3ba8af5-c479-4e12-bfb7-4998265e6607 None None] No volume service(s) started successfully, terminating.
Jul 25 17:42:24 datacore-PowerEdge-R740 cinder-volume[1426769]: /usr/lib/python3/dist-packages/secretstorage/dhcrypto.py:15: CryptographyDeprecationWarning: int_from_bytes is deprecated, use int.from_bytes instead
Jul 25 17:42:24 datacore-PowerEdge-R740 cinder-volume[1426769]:   from cryptography.utils import int_from_bytes
Jul 25 17:42:24 datacore-PowerEdge-R740 cinder-volume[1426769]: /usr/lib/python3/dist-packages/secretstorage/util.py:19: CryptographyDeprecationWarning: int_from_bytes is deprecated, use int.from_bytes instead
Jul 25 17:42:24 datacore-PowerEdge-R740 cinder-volume[1426769]:   from cryptography.utils import int_from_bytes
Jul 25 17:42:24 datacore-PowerEdge-R740 cinder-volume[1426769]: /opt/stack/cinder/cinder/db/sqlalchemy/models.py:152: SAWarning: implicitly coercing SELECT object to scalar subquery; please use the .scalar_subquery() method to produce a scalar subquery.
Jul 25 17:42:24 datacore-PowerEdge-R740 cinder-volume[1426769]:   last_heartbeat = column_property(
Jul 25 17:42:24 datacore-PowerEdge-R740 cinder-volume[1426769]: /opt/stack/cinder/cinder/db/sqlalchemy/models.py:160: SAWarning: implicitly coercing SELECT object to scalar subquery; please use the .scalar_subquery() method to produce a scalar subquery.
Jul 25 17:42:24 datacore-PowerEdge-R740 cinder-volume[1426769]:   num_hosts = column_property(
Jul 25 17:42:24 datacore-PowerEdge-R740 cinder-volume[1426769]: /opt/stack/cinder/cinder/db/sqlalchemy/models.py:169: SAWarning: implicitly coercing SELECT object to scalar subquery; please use the .scalar_subquery() method to produce a scalar subquery.
Jul 25 17:42:24 datacore-PowerEdge-R740 cinder-volume[1426769]:   num_down_hosts = column_property(
Jul 25 17:42:24 datacore-PowerEdge-R740 systemd[1]: devstack@c-vol.service: Main process exited, code=exited, status=1/FAILURE
Jul 25 17:42:24 datacore-PowerEdge-R740 systemd[1]: devstack@c-vol.service: Failed with result 'exit-code'.
