Source the openrc file
WARNING: setting legacy OS_TENANT_NAME to support cli tools.
Patch Details: GERRIT_CHANGE_NUMBER: 844601 GERRIT_PATCHSET_NUMBER: 4 GERRIT_REFSPEC: refs/changes/01/844601/4
Updating cinder code
Waiting for patchset. FROM_JENKINS: 1044405FROM_JENKINS
Switched to branch 'master'
Your branch is up to date with 'origin/master'.
git checkout cinder master Success
Already up to date.
git pull Success
changeBranch: change-844601-4
From https://opendev.org/openstack/cinder
 * [new ref]             refs/changes/01/844601/4 -> change-844601-4
git fetch origin refs/changes/01/844601/4:change-844601-4 Success
Switched to branch 'change-844601-4'
git checkout change-844601-4 Success
Already up to date.
checkout patchset [ PASSED ]
Clearing logs
/tmp/ci-result-1655831516664
Starting iSCSI Test configuration
Updating cinder.conf with iSCSI driver details [ PASSED ]
Restarting devstack services
Cinder volume service [ FAILED ]
Already up to date.
Updating cinder-tempest-logs repo [ PASSED ]
