Source the openrc file
WARNING: setting legacy OS_TENANT_NAME to support cli tools.
Patch Details: GERRIT_CHANGE_NUMBER: 847864 GERRIT_PATCHSET_NUMBER: 2 GERRIT_REFSPEC: refs/changes/64/847864/2
Updating cinder code
Waiting for patchset. FROM_JENKINS: 1
Switched to branch 'master'
Your branch is up to date with 'origin/master'.
git checkout cinder master Success
From https://opendev.org/openstack/cinder
   9a473fdf0..eb2720645  stable/wallaby -> origin/stable/wallaby
Already up to date.
git pull Success
changeBranch: change-847864-2
From https://opendev.org/openstack/cinder
 * [new ref]             refs/changes/64/847864/2 -> change-847864-2
git fetch origin refs/changes/64/847864/2:change-847864-2 Success
Switched to branch 'change-847864-2'
git checkout change-847864-2 Success
Already up to date.
checkout patchset [ PASSED ]
Clearing logs
/tmp/ci-result-1656370861531
Starting iSCSI Test configuration
Updating cinder.conf with iSCSI driver details [ PASSED ]
Restarting devstack services
Cinder volume service [ FAILED ]
Already up to date.
Updating cinder-tempest-logs repo [ PASSED ]
