Source the openrc file
WARNING: setting legacy OS_TENANT_NAME to support cli tools.
Patch Details: GERRIT_CHANGE_NUMBER: 848418 GERRIT_PATCHSET_NUMBER: 1 GERRIT_REFSPEC: refs/changes/18/848418/1
Fetching latest cinder patch
Waiting for patchset. FROM_JENKINS: 1
Switched to branch 'master'
Your branch is up to date with 'origin/master'.
git checkout cinder master Success
From https://opendev.org/openstack/cinder
   441ad3c5a..ce4d53170  master     -> origin/master
Updating 441ad3c5a..ce4d53170
Fast-forward
 .../dell_emc/powermax/test_powermax_common.py      | 53 ++++++++++++++++++++++
 cinder/volume/drivers/dell_emc/powermax/common.py  | 16 ++++++-
 releasenotes/notes/diff-srps-674f2c0cc893db4b.yaml |  8 ++++
 3 files changed, 76 insertions(+), 1 deletion(-)
 create mode 100644 releasenotes/notes/diff-srps-674f2c0cc893db4b.yaml
git pull Success
changeBranch: change-848418-1
From https://opendev.org/openstack/cinder
 * [new ref]             refs/changes/18/848418/1 -> change-848418-1
git fetch origin refs/changes/18/848418/1:change-848418-1 Success
Switched to branch 'change-848418-1'
git checkout change-848418-1 Success
Already up to date.
checkout patchset [ PASSED ]
Updating tempest config
WARNING: setting legacy OS_TENANT_NAME to support cli tools.
/usr/lib/python3/dist-packages/secretstorage/dhcrypto.py:15: CryptographyDeprecationWarning: int_from_bytes is deprecated, use int.from_bytes instead
  from cryptography.utils import int_from_bytes
/usr/lib/python3/dist-packages/secretstorage/util.py:19: CryptographyDeprecationWarning: int_from_bytes is deprecated, use int.from_bytes instead
  from cryptography.utils import int_from_bytes
/usr/lib/python3/dist-packages/secretstorage/dhcrypto.py:15: CryptographyDeprecationWarning: int_from_bytes is deprecated, use int.from_bytes instead
  from cryptography.utils import int_from_bytes
/usr/lib/python3/dist-packages/secretstorage/util.py:19: CryptographyDeprecationWarning: int_from_bytes is deprecated, use int.from_bytes instead
  from cryptography.utils import int_from_bytes
Clearing logs
/tmp/ci-result-1656926813508
Starting iSCSI Test configuration
Updating cinder.conf with iSCSI driver details [ PASSED ]
Restarting devstack services
Cinder volume service [ FAILED ]
Already up to date.
Updating cinder-tempest-logs repo [ PASSED ]
