-- Logs begin at Wed 2022-06-29 07:55:16 IST, end at Wed 2022-06-29 13:52:32 IST. --
Jun 29 13:51:12 datacore-PowerEdge-R740 systemd[1]: Started Devstack devstack@c-vol.service.
Jun 29 13:51:14 datacore-PowerEdge-R740 cinder-volume[264634]: DEBUG oslo_concurrency.lockutils [-] Acquired lock "singleton_lock" {{(pid=264634) lock /usr/local/lib/python3.8/dist-packages/oslo_concurrency/lockutils.py:294}}
Jun 29 13:51:14 datacore-PowerEdge-R740 cinder-volume[264634]: DEBUG oslo_concurrency.lockutils [-] Releasing lock "singleton_lock" {{(pid=264634) lock /usr/local/lib/python3.8/dist-packages/oslo_concurrency/lockutils.py:312}}
Jun 29 13:51:14 datacore-PowerEdge-R740 cinder-volume[264634]: INFO dbcounter [None req-bb141c6f-56e2-4d55-bf70-9b07ec62345c None None] Registered counter for database cinder
Jun 29 13:51:14 datacore-PowerEdge-R740 cinder-volume[264634]: DEBUG oslo_db.sqlalchemy.engines [None req-bb141c6f-56e2-4d55-bf70-9b07ec62345c None None] MySQL server mode set to STRICT_TRANS_TABLES,STRICT_ALL_TABLES,NO_ZERO_IN_DATE,NO_ZERO_DATE,ERROR_FOR_DIVISION_BY_ZERO,TRADITIONAL,NO_ENGINE_SUBSTITUTION {{(pid=264634) _check_effective_sql_mode /usr/local/lib/python3.8/dist-packages/oslo_db/sqlalchemy/engines.py:314}}
Jun 29 13:51:14 datacore-PowerEdge-R740 cinder-volume[264634]: DEBUG dbcounter [-] [264634] Writer thread running {{(pid=264634) stat_writer /usr/local/lib/python3.8/dist-packages/dbcounter.py:99}}
Jun 29 13:51:15 datacore-PowerEdge-R740 cinder-volume[264634]: INFO cinder.rpc [None req-bb141c6f-56e2-4d55-bf70-9b07ec62345c None None] Automatically selected cinder-scheduler objects version 1.39 as minimum service version.
Jun 29 13:51:15 datacore-PowerEdge-R740 cinder-volume[264634]: INFO cinder.rpc [None req-bb141c6f-56e2-4d55-bf70-9b07ec62345c None None] Automatically selected cinder-scheduler RPC version 3.12 as minimum service version.
Jun 29 13:51:15 datacore-PowerEdge-R740 cinder-volume[264634]: DEBUG oslo_db.sqlalchemy.engines [None req-bb141c6f-56e2-4d55-bf70-9b07ec62345c None None] MySQL server mode set to STRICT_TRANS_TABLES,STRICT_ALL_TABLES,NO_ZERO_IN_DATE,NO_ZERO_DATE,ERROR_FOR_DIVISION_BY_ZERO,TRADITIONAL,NO_ENGINE_SUBSTITUTION {{(pid=264634) _check_effective_sql_mode /usr/local/lib/python3.8/dist-packages/oslo_db/sqlalchemy/engines.py:314}}
Jun 29 13:51:15 datacore-PowerEdge-R740 cinder-volume[264634]: INFO cinder.volume.manager [None req-bb141c6f-56e2-4d55-bf70-9b07ec62345c None None] Determined volume DB was empty at startup.
Jun 29 13:51:15 datacore-PowerEdge-R740 cinder-volume[264634]: DEBUG cinder.volume.manager [None req-bb141c6f-56e2-4d55-bf70-9b07ec62345c None None] Cinder Volume DB check: vol_db_empty=True {{(pid=264634) __init__ /opt/stack/cinder/cinder/volume/manager.py:286}}
Jun 29 13:51:15 datacore-PowerEdge-R740 cinder-volume[264634]: WARNING stevedore.named [None req-bb141c6f-56e2-4d55-bf70-9b07ec62345c None None] Could not load cinder.keymgr.conf_key_mgr.ConfKeyManager
Jun 29 13:51:15 datacore-PowerEdge-R740 cinder-volume[264634]: WARNING castellan.key_manager [None req-bb141c6f-56e2-4d55-bf70-9b07ec62345c None None] Deprecation Warning : cinder.keymgr.conf_key_mgr.ConfKeyManager is not a stevedore based driver, trying to load it as a class: stevedore.exception.NoMatches: No 'castellan.drivers' driver found, looking for 'cinder.keymgr.conf_key_mgr.ConfKeyManager'
Jun 29 13:51:15 datacore-PowerEdge-R740 cinder-volume[264634]: WARNING cinder.keymgr.conf_key_mgr [None req-bb141c6f-56e2-4d55-bf70-9b07ec62345c None None] This key manager is insecure and is not recommended for production deployments: stevedore.exception.NoMatches: No 'castellan.drivers' driver found, looking for 'cinder.keymgr.conf_key_mgr.ConfKeyManager'
Jun 29 13:51:15 datacore-PowerEdge-R740 cinder-volume[264634]: ERROR cinder.cmd.volume [None req-bb141c6f-56e2-4d55-bf70-9b07ec62345c None None] Volume service hostgroup@datacore_iscsi1 failed to start.: ModuleNotFoundError: No module named 'cinder.volume.drivers.datacore.iscsi'
Jun 29 13:51:15 datacore-PowerEdge-R740 cinder-volume[264634]: ERROR cinder.cmd.volume Traceback (most recent call last):
Jun 29 13:51:15 datacore-PowerEdge-R740 cinder-volume[264634]: ERROR cinder.cmd.volume   File "/opt/stack/cinder/cinder/cmd/volume.py", line 99, in _launch_service
Jun 29 13:51:15 datacore-PowerEdge-R740 cinder-volume[264634]: ERROR cinder.cmd.volume     server = service.Service.create(host=host,
Jun 29 13:51:15 datacore-PowerEdge-R740 cinder-volume[264634]: ERROR cinder.cmd.volume   File "/opt/stack/cinder/cinder/service.py", line 394, in create
Jun 29 13:51:15 datacore-PowerEdge-R740 cinder-volume[264634]: ERROR cinder.cmd.volume     service_obj = cls(host, binary, topic, manager,
Jun 29 13:51:15 datacore-PowerEdge-R740 cinder-volume[264634]: ERROR cinder.cmd.volume   File "/opt/stack/cinder/cinder/service.py", line 152, in __init__
Jun 29 13:51:15 datacore-PowerEdge-R740 cinder-volume[264634]: ERROR cinder.cmd.volume     self.manager = manager_class(host=self.host,
Jun 29 13:51:15 datacore-PowerEdge-R740 cinder-volume[264634]: ERROR cinder.cmd.volume   File "/opt/stack/cinder/cinder/volume/manager.py", line 309, in __init__
Jun 29 13:51:15 datacore-PowerEdge-R740 cinder-volume[264634]: ERROR cinder.cmd.volume     self.driver = importutils.import_object(
Jun 29 13:51:15 datacore-PowerEdge-R740 cinder-volume[264634]: ERROR cinder.cmd.volume   File "/usr/local/lib/python3.8/dist-packages/oslo_utils/importutils.py", line 44, in import_object
Jun 29 13:51:15 datacore-PowerEdge-R740 cinder-volume[264634]: ERROR cinder.cmd.volume     return import_class(import_str)(*args, **kwargs)
Jun 29 13:51:15 datacore-PowerEdge-R740 cinder-volume[264634]: ERROR cinder.cmd.volume   File "/usr/local/lib/python3.8/dist-packages/oslo_utils/importutils.py", line 30, in import_class
Jun 29 13:51:15 datacore-PowerEdge-R740 cinder-volume[264634]: ERROR cinder.cmd.volume     __import__(mod_str)
Jun 29 13:51:15 datacore-PowerEdge-R740 cinder-volume[264634]: ERROR cinder.cmd.volume ModuleNotFoundError: No module named 'cinder.volume.drivers.datacore.iscsi'
Jun 29 13:51:15 datacore-PowerEdge-R740 cinder-volume[264634]: ERROR cinder.cmd.volume 
Jun 29 13:51:15 datacore-PowerEdge-R740 cinder-volume[264634]: ERROR cinder.cmd.volume [None req-bb141c6f-56e2-4d55-bf70-9b07ec62345c None None] No volume service(s) started successfully, terminating.
Jun 29 13:51:15 datacore-PowerEdge-R740 cinder-volume[264634]: /usr/lib/python3/dist-packages/secretstorage/dhcrypto.py:15: CryptographyDeprecationWarning: int_from_bytes is deprecated, use int.from_bytes instead
Jun 29 13:51:15 datacore-PowerEdge-R740 cinder-volume[264634]:   from cryptography.utils import int_from_bytes
Jun 29 13:51:15 datacore-PowerEdge-R740 cinder-volume[264634]: /usr/lib/python3/dist-packages/secretstorage/util.py:19: CryptographyDeprecationWarning: int_from_bytes is deprecated, use int.from_bytes instead
Jun 29 13:51:15 datacore-PowerEdge-R740 cinder-volume[264634]:   from cryptography.utils import int_from_bytes
Jun 29 13:51:15 datacore-PowerEdge-R740 cinder-volume[264634]: /opt/stack/cinder/cinder/db/sqlalchemy/models.py:152: SAWarning: implicitly coercing SELECT object to scalar subquery; please use the .scalar_subquery() method to produce a scalar subquery.
Jun 29 13:51:15 datacore-PowerEdge-R740 cinder-volume[264634]:   last_heartbeat = column_property(
Jun 29 13:51:15 datacore-PowerEdge-R740 cinder-volume[264634]: /opt/stack/cinder/cinder/db/sqlalchemy/models.py:160: SAWarning: implicitly coercing SELECT object to scalar subquery; please use the .scalar_subquery() method to produce a scalar subquery.
Jun 29 13:51:15 datacore-PowerEdge-R740 cinder-volume[264634]:   num_hosts = column_property(
Jun 29 13:51:15 datacore-PowerEdge-R740 cinder-volume[264634]: /opt/stack/cinder/cinder/db/sqlalchemy/models.py:169: SAWarning: implicitly coercing SELECT object to scalar subquery; please use the .scalar_subquery() method to produce a scalar subquery.
Jun 29 13:51:15 datacore-PowerEdge-R740 cinder-volume[264634]:   num_down_hosts = column_property(
Jun 29 13:51:15 datacore-PowerEdge-R740 systemd[1]: devstack@c-vol.service: Main process exited, code=exited, status=1/FAILURE
Jun 29 13:51:15 datacore-PowerEdge-R740 systemd[1]: devstack@c-vol.service: Failed with result 'exit-code'.
Jun 29 13:51:30 datacore-PowerEdge-R740 systemd[1]: Started Devstack devstack@c-vol.service.
Jun 29 13:51:32 datacore-PowerEdge-R740 cinder-volume[265254]: DEBUG oslo_concurrency.lockutils [-] Acquired lock "singleton_lock" {{(pid=265254) lock /usr/local/lib/python3.8/dist-packages/oslo_concurrency/lockutils.py:294}}
Jun 29 13:51:32 datacore-PowerEdge-R740 cinder-volume[265254]: DEBUG oslo_concurrency.lockutils [-] Releasing lock "singleton_lock" {{(pid=265254) lock /usr/local/lib/python3.8/dist-packages/oslo_concurrency/lockutils.py:312}}
Jun 29 13:51:33 datacore-PowerEdge-R740 cinder-volume[265254]: INFO dbcounter [None req-adc56314-a252-480d-96a2-a027462f3f22 None None] Registered counter for database cinder
Jun 29 13:51:33 datacore-PowerEdge-R740 cinder-volume[265254]: DEBUG oslo_db.sqlalchemy.engines [None req-adc56314-a252-480d-96a2-a027462f3f22 None None] MySQL server mode set to STRICT_TRANS_TABLES,STRICT_ALL_TABLES,NO_ZERO_IN_DATE,NO_ZERO_DATE,ERROR_FOR_DIVISION_BY_ZERO,TRADITIONAL,NO_ENGINE_SUBSTITUTION {{(pid=265254) _check_effective_sql_mode /usr/local/lib/python3.8/dist-packages/oslo_db/sqlalchemy/engines.py:314}}
Jun 29 13:51:33 datacore-PowerEdge-R740 cinder-volume[265254]: DEBUG dbcounter [-] [265254] Writer thread running {{(pid=265254) stat_writer /usr/local/lib/python3.8/dist-packages/dbcounter.py:99}}
Jun 29 13:51:33 datacore-PowerEdge-R740 cinder-volume[265254]: INFO cinder.rpc [None req-adc56314-a252-480d-96a2-a027462f3f22 None None] Automatically selected cinder-scheduler objects version 1.39 as minimum service version.
Jun 29 13:51:33 datacore-PowerEdge-R740 cinder-volume[265254]: INFO cinder.rpc [None req-adc56314-a252-480d-96a2-a027462f3f22 None None] Automatically selected cinder-scheduler RPC version 3.12 as minimum service version.
Jun 29 13:51:33 datacore-PowerEdge-R740 cinder-volume[265254]: DEBUG oslo_db.sqlalchemy.engines [None req-adc56314-a252-480d-96a2-a027462f3f22 None None] MySQL server mode set to STRICT_TRANS_TABLES,STRICT_ALL_TABLES,NO_ZERO_IN_DATE,NO_ZERO_DATE,ERROR_FOR_DIVISION_BY_ZERO,TRADITIONAL,NO_ENGINE_SUBSTITUTION {{(pid=265254) _check_effective_sql_mode /usr/local/lib/python3.8/dist-packages/oslo_db/sqlalchemy/engines.py:314}}
Jun 29 13:51:33 datacore-PowerEdge-R740 cinder-volume[265254]: INFO cinder.volume.manager [None req-adc56314-a252-480d-96a2-a027462f3f22 None None] Determined volume DB was empty at startup.
Jun 29 13:51:33 datacore-PowerEdge-R740 cinder-volume[265254]: DEBUG cinder.volume.manager [None req-adc56314-a252-480d-96a2-a027462f3f22 None None] Cinder Volume DB check: vol_db_empty=True {{(pid=265254) __init__ /opt/stack/cinder/cinder/volume/manager.py:286}}
Jun 29 13:51:33 datacore-PowerEdge-R740 cinder-volume[265254]: WARNING stevedore.named [None req-adc56314-a252-480d-96a2-a027462f3f22 None None] Could not load cinder.keymgr.conf_key_mgr.ConfKeyManager
Jun 29 13:51:33 datacore-PowerEdge-R740 cinder-volume[265254]: WARNING castellan.key_manager [None req-adc56314-a252-480d-96a2-a027462f3f22 None None] Deprecation Warning : cinder.keymgr.conf_key_mgr.ConfKeyManager is not a stevedore based driver, trying to load it as a class: stevedore.exception.NoMatches: No 'castellan.drivers' driver found, looking for 'cinder.keymgr.conf_key_mgr.ConfKeyManager'
Jun 29 13:51:33 datacore-PowerEdge-R740 cinder-volume[265254]: WARNING cinder.keymgr.conf_key_mgr [None req-adc56314-a252-480d-96a2-a027462f3f22 None None] This key manager is insecure and is not recommended for production deployments: stevedore.exception.NoMatches: No 'castellan.drivers' driver found, looking for 'cinder.keymgr.conf_key_mgr.ConfKeyManager'
Jun 29 13:51:33 datacore-PowerEdge-R740 cinder-volume[265254]: ERROR cinder.cmd.volume [None req-adc56314-a252-480d-96a2-a027462f3f22 None None] Volume service hostgroup@datacore_iscsi1 failed to start.: ModuleNotFoundError: No module named 'cinder.volume.drivers.datacore.iscsi'
Jun 29 13:51:33 datacore-PowerEdge-R740 cinder-volume[265254]: ERROR cinder.cmd.volume Traceback (most recent call last):
Jun 29 13:51:33 datacore-PowerEdge-R740 cinder-volume[265254]: ERROR cinder.cmd.volume   File "/opt/stack/cinder/cinder/cmd/volume.py", line 99, in _launch_service
Jun 29 13:51:33 datacore-PowerEdge-R740 cinder-volume[265254]: ERROR cinder.cmd.volume     server = service.Service.create(host=host,
Jun 29 13:51:33 datacore-PowerEdge-R740 cinder-volume[265254]: ERROR cinder.cmd.volume   File "/opt/stack/cinder/cinder/service.py", line 394, in create
Jun 29 13:51:33 datacore-PowerEdge-R740 cinder-volume[265254]: ERROR cinder.cmd.volume     service_obj = cls(host, binary, topic, manager,
Jun 29 13:51:33 datacore-PowerEdge-R740 cinder-volume[265254]: ERROR cinder.cmd.volume   File "/opt/stack/cinder/cinder/service.py", line 152, in __init__
Jun 29 13:51:33 datacore-PowerEdge-R740 cinder-volume[265254]: ERROR cinder.cmd.volume     self.manager = manager_class(host=self.host,
Jun 29 13:51:33 datacore-PowerEdge-R740 cinder-volume[265254]: ERROR cinder.cmd.volume   File "/opt/stack/cinder/cinder/volume/manager.py", line 309, in __init__
Jun 29 13:51:33 datacore-PowerEdge-R740 cinder-volume[265254]: ERROR cinder.cmd.volume     self.driver = importutils.import_object(
Jun 29 13:51:33 datacore-PowerEdge-R740 cinder-volume[265254]: ERROR cinder.cmd.volume   File "/usr/local/lib/python3.8/dist-packages/oslo_utils/importutils.py", line 44, in import_object
Jun 29 13:51:33 datacore-PowerEdge-R740 cinder-volume[265254]: ERROR cinder.cmd.volume     return import_class(import_str)(*args, **kwargs)
Jun 29 13:51:33 datacore-PowerEdge-R740 cinder-volume[265254]: ERROR cinder.cmd.volume   File "/usr/local/lib/python3.8/dist-packages/oslo_utils/importutils.py", line 30, in import_class
Jun 29 13:51:33 datacore-PowerEdge-R740 cinder-volume[265254]: ERROR cinder.cmd.volume     __import__(mod_str)
Jun 29 13:51:33 datacore-PowerEdge-R740 cinder-volume[265254]: ERROR cinder.cmd.volume ModuleNotFoundError: No module named 'cinder.volume.drivers.datacore.iscsi'
Jun 29 13:51:33 datacore-PowerEdge-R740 cinder-volume[265254]: ERROR cinder.cmd.volume 
Jun 29 13:51:33 datacore-PowerEdge-R740 cinder-volume[265254]: ERROR cinder.cmd.volume [None req-adc56314-a252-480d-96a2-a027462f3f22 None None] No volume service(s) started successfully, terminating.
Jun 29 13:51:33 datacore-PowerEdge-R740 cinder-volume[265254]: /usr/lib/python3/dist-packages/secretstorage/dhcrypto.py:15: CryptographyDeprecationWarning: int_from_bytes is deprecated, use int.from_bytes instead
Jun 29 13:51:33 datacore-PowerEdge-R740 cinder-volume[265254]:   from cryptography.utils import int_from_bytes
Jun 29 13:51:33 datacore-PowerEdge-R740 cinder-volume[265254]: /usr/lib/python3/dist-packages/secretstorage/util.py:19: CryptographyDeprecationWarning: int_from_bytes is deprecated, use int.from_bytes instead
Jun 29 13:51:33 datacore-PowerEdge-R740 cinder-volume[265254]:   from cryptography.utils import int_from_bytes
Jun 29 13:51:33 datacore-PowerEdge-R740 cinder-volume[265254]: /opt/stack/cinder/cinder/db/sqlalchemy/models.py:152: SAWarning: implicitly coercing SELECT object to scalar subquery; please use the .scalar_subquery() method to produce a scalar subquery.
Jun 29 13:51:33 datacore-PowerEdge-R740 cinder-volume[265254]:   last_heartbeat = column_property(
Jun 29 13:51:33 datacore-PowerEdge-R740 cinder-volume[265254]: /opt/stack/cinder/cinder/db/sqlalchemy/models.py:160: SAWarning: implicitly coercing SELECT object to scalar subquery; please use the .scalar_subquery() method to produce a scalar subquery.
Jun 29 13:51:33 datacore-PowerEdge-R740 cinder-volume[265254]:   num_hosts = column_property(
Jun 29 13:51:33 datacore-PowerEdge-R740 cinder-volume[265254]: /opt/stack/cinder/cinder/db/sqlalchemy/models.py:169: SAWarning: implicitly coercing SELECT object to scalar subquery; please use the .scalar_subquery() method to produce a scalar subquery.
Jun 29 13:51:33 datacore-PowerEdge-R740 cinder-volume[265254]:   num_down_hosts = column_property(
Jun 29 13:51:34 datacore-PowerEdge-R740 systemd[1]: devstack@c-vol.service: Main process exited, code=exited, status=1/FAILURE
Jun 29 13:51:34 datacore-PowerEdge-R740 systemd[1]: devstack@c-vol.service: Failed with result 'exit-code'.
