-- Logs begin at Mon 2022-06-20 16:30:42 IST, end at Mon 2022-06-20 17:01:33 IST. --
Jun 20 17:00:15 datacore-PowerEdge-R740 systemd[1]: Started Devstack devstack@c-vol.service.
Jun 20 17:00:17 datacore-PowerEdge-R740 cinder-volume[765289]: DEBUG oslo_concurrency.lockutils [-] Acquired lock "singleton_lock" {{(pid=765289) lock /usr/local/lib/python3.8/dist-packages/oslo_concurrency/lockutils.py:294}}
Jun 20 17:00:17 datacore-PowerEdge-R740 cinder-volume[765289]: DEBUG oslo_concurrency.lockutils [-] Releasing lock "singleton_lock" {{(pid=765289) lock /usr/local/lib/python3.8/dist-packages/oslo_concurrency/lockutils.py:312}}
Jun 20 17:00:18 datacore-PowerEdge-R740 cinder-volume[765289]: INFO dbcounter [None req-55f6e5b5-1b9b-4112-aac9-6fff2a0facc0 None None] Registered counter for database cinder
Jun 20 17:00:18 datacore-PowerEdge-R740 cinder-volume[765289]: DEBUG oslo_db.sqlalchemy.engines [None req-55f6e5b5-1b9b-4112-aac9-6fff2a0facc0 None None] MySQL server mode set to STRICT_TRANS_TABLES,STRICT_ALL_TABLES,NO_ZERO_IN_DATE,NO_ZERO_DATE,ERROR_FOR_DIVISION_BY_ZERO,TRADITIONAL,NO_ENGINE_SUBSTITUTION {{(pid=765289) _check_effective_sql_mode /usr/local/lib/python3.8/dist-packages/oslo_db/sqlalchemy/engines.py:314}}
Jun 20 17:00:18 datacore-PowerEdge-R740 cinder-volume[765289]: DEBUG dbcounter [-] [765289] Writer thread running {{(pid=765289) stat_writer /usr/local/lib/python3.8/dist-packages/dbcounter.py:99}}
Jun 20 17:00:18 datacore-PowerEdge-R740 cinder-volume[765289]: INFO cinder.rpc [None req-55f6e5b5-1b9b-4112-aac9-6fff2a0facc0 None None] Automatically selected cinder-scheduler objects version 1.39 as minimum service version.
Jun 20 17:00:18 datacore-PowerEdge-R740 cinder-volume[765289]: INFO cinder.rpc [None req-55f6e5b5-1b9b-4112-aac9-6fff2a0facc0 None None] Automatically selected cinder-scheduler RPC version 3.12 as minimum service version.
Jun 20 17:00:18 datacore-PowerEdge-R740 cinder-volume[765289]: DEBUG oslo_db.sqlalchemy.engines [None req-55f6e5b5-1b9b-4112-aac9-6fff2a0facc0 None None] MySQL server mode set to STRICT_TRANS_TABLES,STRICT_ALL_TABLES,NO_ZERO_IN_DATE,NO_ZERO_DATE,ERROR_FOR_DIVISION_BY_ZERO,TRADITIONAL,NO_ENGINE_SUBSTITUTION {{(pid=765289) _check_effective_sql_mode /usr/local/lib/python3.8/dist-packages/oslo_db/sqlalchemy/engines.py:314}}
Jun 20 17:00:18 datacore-PowerEdge-R740 cinder-volume[765289]: INFO cinder.volume.manager [None req-55f6e5b5-1b9b-4112-aac9-6fff2a0facc0 None None] Determined volume DB was not empty at startup.
Jun 20 17:00:18 datacore-PowerEdge-R740 cinder-volume[765289]: DEBUG cinder.volume.manager [None req-55f6e5b5-1b9b-4112-aac9-6fff2a0facc0 None None] Cinder Volume DB check: vol_db_empty=False {{(pid=765289) __init__ /opt/stack/cinder/cinder/volume/manager.py:286}}
Jun 20 17:00:18 datacore-PowerEdge-R740 cinder-volume[765289]: WARNING stevedore.named [None req-55f6e5b5-1b9b-4112-aac9-6fff2a0facc0 None None] Could not load cinder.keymgr.conf_key_mgr.ConfKeyManager
Jun 20 17:00:18 datacore-PowerEdge-R740 cinder-volume[765289]: WARNING castellan.key_manager [None req-55f6e5b5-1b9b-4112-aac9-6fff2a0facc0 None None] Deprecation Warning : cinder.keymgr.conf_key_mgr.ConfKeyManager is not a stevedore based driver, trying to load it as a class: stevedore.exception.NoMatches: No 'castellan.drivers' driver found, looking for 'cinder.keymgr.conf_key_mgr.ConfKeyManager'
Jun 20 17:00:18 datacore-PowerEdge-R740 cinder-volume[765289]: WARNING cinder.keymgr.conf_key_mgr [None req-55f6e5b5-1b9b-4112-aac9-6fff2a0facc0 None None] This key manager is insecure and is not recommended for production deployments: stevedore.exception.NoMatches: No 'castellan.drivers' driver found, looking for 'cinder.keymgr.conf_key_mgr.ConfKeyManager'
Jun 20 17:00:18 datacore-PowerEdge-R740 cinder-volume[765289]: ERROR cinder.cmd.volume [None req-55f6e5b5-1b9b-4112-aac9-6fff2a0facc0 None None] Volume service hostgroup@datacore_iscsi1 failed to start.: ModuleNotFoundError: No module named 'cinder.volume.drivers.datacore.iscsi'
Jun 20 17:00:18 datacore-PowerEdge-R740 cinder-volume[765289]: ERROR cinder.cmd.volume Traceback (most recent call last):
Jun 20 17:00:18 datacore-PowerEdge-R740 cinder-volume[765289]: ERROR cinder.cmd.volume   File "/opt/stack/cinder/cinder/cmd/volume.py", line 99, in _launch_service
Jun 20 17:00:18 datacore-PowerEdge-R740 cinder-volume[765289]: ERROR cinder.cmd.volume     server = service.Service.create(host=host,
Jun 20 17:00:18 datacore-PowerEdge-R740 cinder-volume[765289]: ERROR cinder.cmd.volume   File "/opt/stack/cinder/cinder/service.py", line 394, in create
Jun 20 17:00:18 datacore-PowerEdge-R740 cinder-volume[765289]: ERROR cinder.cmd.volume     service_obj = cls(host, binary, topic, manager,
Jun 20 17:00:18 datacore-PowerEdge-R740 cinder-volume[765289]: ERROR cinder.cmd.volume   File "/opt/stack/cinder/cinder/service.py", line 152, in __init__
Jun 20 17:00:18 datacore-PowerEdge-R740 cinder-volume[765289]: ERROR cinder.cmd.volume     self.manager = manager_class(host=self.host,
Jun 20 17:00:18 datacore-PowerEdge-R740 cinder-volume[765289]: ERROR cinder.cmd.volume   File "/opt/stack/cinder/cinder/volume/manager.py", line 309, in __init__
Jun 20 17:00:18 datacore-PowerEdge-R740 cinder-volume[765289]: ERROR cinder.cmd.volume     self.driver = importutils.import_object(
Jun 20 17:00:18 datacore-PowerEdge-R740 cinder-volume[765289]: ERROR cinder.cmd.volume   File "/usr/local/lib/python3.8/dist-packages/oslo_utils/importutils.py", line 44, in import_object
Jun 20 17:00:18 datacore-PowerEdge-R740 cinder-volume[765289]: ERROR cinder.cmd.volume     return import_class(import_str)(*args, **kwargs)
Jun 20 17:00:18 datacore-PowerEdge-R740 cinder-volume[765289]: ERROR cinder.cmd.volume   File "/usr/local/lib/python3.8/dist-packages/oslo_utils/importutils.py", line 30, in import_class
Jun 20 17:00:18 datacore-PowerEdge-R740 cinder-volume[765289]: ERROR cinder.cmd.volume     __import__(mod_str)
Jun 20 17:00:18 datacore-PowerEdge-R740 cinder-volume[765289]: ERROR cinder.cmd.volume ModuleNotFoundError: No module named 'cinder.volume.drivers.datacore.iscsi'
Jun 20 17:00:18 datacore-PowerEdge-R740 cinder-volume[765289]: ERROR cinder.cmd.volume 
Jun 20 17:00:18 datacore-PowerEdge-R740 cinder-volume[765289]: ERROR cinder.cmd.volume [None req-55f6e5b5-1b9b-4112-aac9-6fff2a0facc0 None None] No volume service(s) started successfully, terminating.
Jun 20 17:00:18 datacore-PowerEdge-R740 cinder-volume[765289]: /usr/lib/python3/dist-packages/secretstorage/dhcrypto.py:15: CryptographyDeprecationWarning: int_from_bytes is deprecated, use int.from_bytes instead
Jun 20 17:00:18 datacore-PowerEdge-R740 cinder-volume[765289]:   from cryptography.utils import int_from_bytes
Jun 20 17:00:18 datacore-PowerEdge-R740 cinder-volume[765289]: /usr/lib/python3/dist-packages/secretstorage/util.py:19: CryptographyDeprecationWarning: int_from_bytes is deprecated, use int.from_bytes instead
Jun 20 17:00:18 datacore-PowerEdge-R740 cinder-volume[765289]:   from cryptography.utils import int_from_bytes
Jun 20 17:00:18 datacore-PowerEdge-R740 cinder-volume[765289]: /opt/stack/cinder/cinder/db/sqlalchemy/models.py:152: SAWarning: implicitly coercing SELECT object to scalar subquery; please use the .scalar_subquery() method to produce a scalar subquery.
Jun 20 17:00:18 datacore-PowerEdge-R740 cinder-volume[765289]:   last_heartbeat = column_property(
Jun 20 17:00:18 datacore-PowerEdge-R740 cinder-volume[765289]: /opt/stack/cinder/cinder/db/sqlalchemy/models.py:160: SAWarning: implicitly coercing SELECT object to scalar subquery; please use the .scalar_subquery() method to produce a scalar subquery.
Jun 20 17:00:18 datacore-PowerEdge-R740 cinder-volume[765289]:   num_hosts = column_property(
Jun 20 17:00:18 datacore-PowerEdge-R740 cinder-volume[765289]: /opt/stack/cinder/cinder/db/sqlalchemy/models.py:169: SAWarning: implicitly coercing SELECT object to scalar subquery; please use the .scalar_subquery() method to produce a scalar subquery.
Jun 20 17:00:18 datacore-PowerEdge-R740 cinder-volume[765289]:   num_down_hosts = column_property(
Jun 20 17:00:19 datacore-PowerEdge-R740 systemd[1]: devstack@c-vol.service: Main process exited, code=exited, status=1/FAILURE
Jun 20 17:00:19 datacore-PowerEdge-R740 systemd[1]: devstack@c-vol.service: Failed with result 'exit-code'.
Jun 20 17:00:31 datacore-PowerEdge-R740 systemd[1]: Started Devstack devstack@c-vol.service.
Jun 20 17:00:33 datacore-PowerEdge-R740 cinder-volume[765967]: DEBUG oslo_concurrency.lockutils [-] Acquired lock "singleton_lock" {{(pid=765967) lock /usr/local/lib/python3.8/dist-packages/oslo_concurrency/lockutils.py:294}}
Jun 20 17:00:33 datacore-PowerEdge-R740 cinder-volume[765967]: DEBUG oslo_concurrency.lockutils [-] Releasing lock "singleton_lock" {{(pid=765967) lock /usr/local/lib/python3.8/dist-packages/oslo_concurrency/lockutils.py:312}}
Jun 20 17:00:33 datacore-PowerEdge-R740 cinder-volume[765967]: INFO dbcounter [None req-e4da3086-1f52-4b97-acae-5f19f40d34da None None] Registered counter for database cinder
Jun 20 17:00:34 datacore-PowerEdge-R740 cinder-volume[765967]: DEBUG oslo_db.sqlalchemy.engines [None req-e4da3086-1f52-4b97-acae-5f19f40d34da None None] MySQL server mode set to STRICT_TRANS_TABLES,STRICT_ALL_TABLES,NO_ZERO_IN_DATE,NO_ZERO_DATE,ERROR_FOR_DIVISION_BY_ZERO,TRADITIONAL,NO_ENGINE_SUBSTITUTION {{(pid=765967) _check_effective_sql_mode /usr/local/lib/python3.8/dist-packages/oslo_db/sqlalchemy/engines.py:314}}
Jun 20 17:00:34 datacore-PowerEdge-R740 cinder-volume[765967]: DEBUG dbcounter [-] [765967] Writer thread running {{(pid=765967) stat_writer /usr/local/lib/python3.8/dist-packages/dbcounter.py:99}}
Jun 20 17:00:34 datacore-PowerEdge-R740 cinder-volume[765967]: INFO cinder.rpc [None req-e4da3086-1f52-4b97-acae-5f19f40d34da None None] Automatically selected cinder-scheduler objects version 1.39 as minimum service version.
Jun 20 17:00:34 datacore-PowerEdge-R740 cinder-volume[765967]: INFO cinder.rpc [None req-e4da3086-1f52-4b97-acae-5f19f40d34da None None] Automatically selected cinder-scheduler RPC version 3.12 as minimum service version.
Jun 20 17:00:34 datacore-PowerEdge-R740 cinder-volume[765967]: DEBUG oslo_db.sqlalchemy.engines [None req-e4da3086-1f52-4b97-acae-5f19f40d34da None None] MySQL server mode set to STRICT_TRANS_TABLES,STRICT_ALL_TABLES,NO_ZERO_IN_DATE,NO_ZERO_DATE,ERROR_FOR_DIVISION_BY_ZERO,TRADITIONAL,NO_ENGINE_SUBSTITUTION {{(pid=765967) _check_effective_sql_mode /usr/local/lib/python3.8/dist-packages/oslo_db/sqlalchemy/engines.py:314}}
Jun 20 17:00:34 datacore-PowerEdge-R740 cinder-volume[765967]: INFO cinder.volume.manager [None req-e4da3086-1f52-4b97-acae-5f19f40d34da None None] Determined volume DB was not empty at startup.
Jun 20 17:00:34 datacore-PowerEdge-R740 cinder-volume[765967]: DEBUG cinder.volume.manager [None req-e4da3086-1f52-4b97-acae-5f19f40d34da None None] Cinder Volume DB check: vol_db_empty=False {{(pid=765967) __init__ /opt/stack/cinder/cinder/volume/manager.py:286}}
Jun 20 17:00:34 datacore-PowerEdge-R740 cinder-volume[765967]: WARNING stevedore.named [None req-e4da3086-1f52-4b97-acae-5f19f40d34da None None] Could not load cinder.keymgr.conf_key_mgr.ConfKeyManager
Jun 20 17:00:34 datacore-PowerEdge-R740 cinder-volume[765967]: WARNING castellan.key_manager [None req-e4da3086-1f52-4b97-acae-5f19f40d34da None None] Deprecation Warning : cinder.keymgr.conf_key_mgr.ConfKeyManager is not a stevedore based driver, trying to load it as a class: stevedore.exception.NoMatches: No 'castellan.drivers' driver found, looking for 'cinder.keymgr.conf_key_mgr.ConfKeyManager'
Jun 20 17:00:34 datacore-PowerEdge-R740 cinder-volume[765967]: WARNING cinder.keymgr.conf_key_mgr [None req-e4da3086-1f52-4b97-acae-5f19f40d34da None None] This key manager is insecure and is not recommended for production deployments: stevedore.exception.NoMatches: No 'castellan.drivers' driver found, looking for 'cinder.keymgr.conf_key_mgr.ConfKeyManager'
Jun 20 17:00:34 datacore-PowerEdge-R740 cinder-volume[765967]: ERROR cinder.cmd.volume [None req-e4da3086-1f52-4b97-acae-5f19f40d34da None None] Volume service hostgroup@datacore_iscsi1 failed to start.: ModuleNotFoundError: No module named 'cinder.volume.drivers.datacore.iscsi'
Jun 20 17:00:34 datacore-PowerEdge-R740 cinder-volume[765967]: ERROR cinder.cmd.volume Traceback (most recent call last):
Jun 20 17:00:34 datacore-PowerEdge-R740 cinder-volume[765967]: ERROR cinder.cmd.volume   File "/opt/stack/cinder/cinder/cmd/volume.py", line 99, in _launch_service
Jun 20 17:00:34 datacore-PowerEdge-R740 cinder-volume[765967]: ERROR cinder.cmd.volume     server = service.Service.create(host=host,
Jun 20 17:00:34 datacore-PowerEdge-R740 cinder-volume[765967]: ERROR cinder.cmd.volume   File "/opt/stack/cinder/cinder/service.py", line 394, in create
Jun 20 17:00:34 datacore-PowerEdge-R740 cinder-volume[765967]: ERROR cinder.cmd.volume     service_obj = cls(host, binary, topic, manager,
Jun 20 17:00:34 datacore-PowerEdge-R740 cinder-volume[765967]: ERROR cinder.cmd.volume   File "/opt/stack/cinder/cinder/service.py", line 152, in __init__
Jun 20 17:00:34 datacore-PowerEdge-R740 cinder-volume[765967]: ERROR cinder.cmd.volume     self.manager = manager_class(host=self.host,
Jun 20 17:00:34 datacore-PowerEdge-R740 cinder-volume[765967]: ERROR cinder.cmd.volume   File "/opt/stack/cinder/cinder/volume/manager.py", line 309, in __init__
Jun 20 17:00:34 datacore-PowerEdge-R740 cinder-volume[765967]: ERROR cinder.cmd.volume     self.driver = importutils.import_object(
Jun 20 17:00:34 datacore-PowerEdge-R740 cinder-volume[765967]: ERROR cinder.cmd.volume   File "/usr/local/lib/python3.8/dist-packages/oslo_utils/importutils.py", line 44, in import_object
Jun 20 17:00:34 datacore-PowerEdge-R740 cinder-volume[765967]: ERROR cinder.cmd.volume     return import_class(import_str)(*args, **kwargs)
Jun 20 17:00:34 datacore-PowerEdge-R740 cinder-volume[765967]: ERROR cinder.cmd.volume   File "/usr/local/lib/python3.8/dist-packages/oslo_utils/importutils.py", line 30, in import_class
Jun 20 17:00:34 datacore-PowerEdge-R740 cinder-volume[765967]: ERROR cinder.cmd.volume     __import__(mod_str)
Jun 20 17:00:34 datacore-PowerEdge-R740 cinder-volume[765967]: ERROR cinder.cmd.volume ModuleNotFoundError: No module named 'cinder.volume.drivers.datacore.iscsi'
Jun 20 17:00:34 datacore-PowerEdge-R740 cinder-volume[765967]: ERROR cinder.cmd.volume 
Jun 20 17:00:34 datacore-PowerEdge-R740 cinder-volume[765967]: ERROR cinder.cmd.volume [None req-e4da3086-1f52-4b97-acae-5f19f40d34da None None] No volume service(s) started successfully, terminating.
Jun 20 17:00:34 datacore-PowerEdge-R740 cinder-volume[765967]: /usr/lib/python3/dist-packages/secretstorage/dhcrypto.py:15: CryptographyDeprecationWarning: int_from_bytes is deprecated, use int.from_bytes instead
Jun 20 17:00:34 datacore-PowerEdge-R740 cinder-volume[765967]:   from cryptography.utils import int_from_bytes
Jun 20 17:00:34 datacore-PowerEdge-R740 cinder-volume[765967]: /usr/lib/python3/dist-packages/secretstorage/util.py:19: CryptographyDeprecationWarning: int_from_bytes is deprecated, use int.from_bytes instead
Jun 20 17:00:34 datacore-PowerEdge-R740 cinder-volume[765967]:   from cryptography.utils import int_from_bytes
Jun 20 17:00:34 datacore-PowerEdge-R740 cinder-volume[765967]: /opt/stack/cinder/cinder/db/sqlalchemy/models.py:152: SAWarning: implicitly coercing SELECT object to scalar subquery; please use the .scalar_subquery() method to produce a scalar subquery.
Jun 20 17:00:34 datacore-PowerEdge-R740 cinder-volume[765967]:   last_heartbeat = column_property(
Jun 20 17:00:34 datacore-PowerEdge-R740 cinder-volume[765967]: /opt/stack/cinder/cinder/db/sqlalchemy/models.py:160: SAWarning: implicitly coercing SELECT object to scalar subquery; please use the .scalar_subquery() method to produce a scalar subquery.
Jun 20 17:00:34 datacore-PowerEdge-R740 cinder-volume[765967]:   num_hosts = column_property(
Jun 20 17:00:34 datacore-PowerEdge-R740 cinder-volume[765967]: /opt/stack/cinder/cinder/db/sqlalchemy/models.py:169: SAWarning: implicitly coercing SELECT object to scalar subquery; please use the .scalar_subquery() method to produce a scalar subquery.
Jun 20 17:00:34 datacore-PowerEdge-R740 cinder-volume[765967]:   num_down_hosts = column_property(
Jun 20 17:00:34 datacore-PowerEdge-R740 systemd[1]: devstack@c-vol.service: Main process exited, code=exited, status=1/FAILURE
Jun 20 17:00:34 datacore-PowerEdge-R740 systemd[1]: devstack@c-vol.service: Failed with result 'exit-code'.
