Source the openrc file
WARNING: setting legacy OS_TENANT_NAME to support cli tools.
Patch Details: GERRIT_CHANGE_NUMBER: 846901 GERRIT_PATCHSET_NUMBER: 1 GERRIT_REFSPEC: refs/changes/01/846901/1
Updating cinder code
Waiting for patchset. FROM_JENKINS: 930689FROM_JENKINS
Switched to branch 'master'
Your branch is up to date with 'origin/master'.
git checkout cinder master Success
Already up to date.
git pull Success
changeBranch: change-846901-1
From https://opendev.org/openstack/cinder
 * [new ref]             refs/changes/01/846901/1 -> change-846901-1
git fetch origin refs/changes/01/846901/1:change-846901-1 Success
Switched to branch 'change-846901-1'
git checkout change-846901-1 Success
Already up to date.
checkout patchset [ PASSED ]
Clearing logs
/tmp/ci-result-1655788320513
Starting iSCSI Test configuration
Updating cinder.conf with iSCSI driver details [ PASSED ]
Restarting devstack services
Cinder volume service [ FAILED ]
Already up to date.
Updating cinder-tempest-logs repo [ PASSED ]
