Source the openrc file
WARNING: setting legacy OS_TENANT_NAME to support cli tools.
Patch Details: GERRIT_CHANGE_NUMBER: 848726 GERRIT_PATCHSET_NUMBER: 1 GERRIT_REFSPEC: refs/changes/26/848726/1
Fetching latest cinder patch
Waiting for patchset. FROM_JENKINS: 1
Switched to branch 'master'
Your branch is up to date with 'origin/master'.
git checkout cinder master Success
Already up to date.
git pull Success
changeBranch: change-848726-1
From https://opendev.org/openstack/cinder
 * [new ref]             refs/changes/26/848726/1 -> change-848726-1
git fetch origin refs/changes/26/848726/1:change-848726-1 Success
Switched to branch 'change-848726-1'
git checkout change-848726-1 Success
Already up to date.
checkout patchset [ PASSED ]
Updating tempest config
WARNING: setting legacy OS_TENANT_NAME to support cli tools.
/usr/lib/python3/dist-packages/secretstorage/dhcrypto.py:15: CryptographyDeprecationWarning: int_from_bytes is deprecated, use int.from_bytes instead
  from cryptography.utils import int_from_bytes
/usr/lib/python3/dist-packages/secretstorage/util.py:19: CryptographyDeprecationWarning: int_from_bytes is deprecated, use int.from_bytes instead
  from cryptography.utils import int_from_bytes
/usr/lib/python3/dist-packages/secretstorage/dhcrypto.py:15: CryptographyDeprecationWarning: int_from_bytes is deprecated, use int.from_bytes instead
  from cryptography.utils import int_from_bytes
/usr/lib/python3/dist-packages/secretstorage/util.py:19: CryptographyDeprecationWarning: int_from_bytes is deprecated, use int.from_bytes instead
  from cryptography.utils import int_from_bytes
Clearing logs
/tmp/ci-result-1657109839059
Starting iSCSI Test configuration
Updating cinder.conf with iSCSI driver details [ PASSED ]
ERROR: Internal Server Error (HTTP 500)
ERROR: Internal Server Error (HTTP 500)
Creating datacore_iscsi1 volume type [ FAILED ]
Already up to date.
Updating cinder-tempest-logs repo [ PASSED ]
