-- Logs begin at Thu 2022-09-22 03:17:51 IST, end at Thu 2022-09-22 03:18:02 IST. --
Sep 22 03:17:51 datacore-PowerEdge-R740 sudo[3519755]: pam_unix(sudo:session): session closed for user root
Sep 22 03:17:51 datacore-PowerEdge-R740 cinder-volume[3519688]: DEBUG oslo_concurrency.processutils [None req-a1e026e0-4ad2-40ad-b811-a406d9364e9c None None] CMD "sudo cinder-rootwrap /etc/cinder/rootwrap.conf lvchange -a y --yes -K stack-volumes-lvmdriver-1/stack-volumes-lvmdriver-1-pool" returned: 0 in 1.160s {{(pid=3519688) execute /usr/local/lib/python3.8/dist-packages/oslo_concurrency/processutils.py:422}}
Sep 22 03:17:51 datacore-PowerEdge-R740 cinder-volume[3519688]: DEBUG oslo_concurrency.processutils [None req-a1e026e0-4ad2-40ad-b811-a406d9364e9c None None] Running cmd (subprocess): env LC_ALL=C lvm version {{(pid=3519688) execute /usr/local/lib/python3.8/dist-packages/oslo_concurrency/processutils.py:384}}
Sep 22 03:17:52 datacore-PowerEdge-R740 cinder-volume[3519688]: DEBUG oslo_concurrency.processutils [None req-a1e026e0-4ad2-40ad-b811-a406d9364e9c None None] CMD "env LC_ALL=C lvm version" returned: 0 in 0.022s {{(pid=3519688) execute /usr/local/lib/python3.8/dist-packages/oslo_concurrency/processutils.py:422}}
Sep 22 03:17:52 datacore-PowerEdge-R740 cinder-volume[3519688]: DEBUG oslo_concurrency.processutils [None req-a1e026e0-4ad2-40ad-b811-a406d9364e9c None None] Running cmd (subprocess): sudo cinder-rootwrap /etc/cinder/rootwrap.conf env LC_ALL=C pvs --noheadings --unit=g -o vg_name,name,size,free --separator | --nosuffix --ignoreskippedcluster {{(pid=3519688) execute /usr/local/lib/python3.8/dist-packages/oslo_concurrency/processutils.py:384}}
Sep 22 03:17:52 datacore-PowerEdge-R740 sudo[3519871]:    stack : TTY=unknown ; PWD=/ ; USER=root ; COMMAND=/usr/local/bin/cinder-rootwrap /etc/cinder/rootwrap.conf env LC_ALL=C pvs --noheadings --unit=g -o vg_name,name,size,free --separator | --nosuffix --ignoreskippedcluster
Sep 22 03:17:52 datacore-PowerEdge-R740 sudo[3519871]: pam_unix(sudo:session): session opened for user root by (uid=0)
Sep 22 03:17:52 datacore-PowerEdge-R740 sudo[3519871]: pam_unix(sudo:session): session closed for user root
Sep 22 03:17:52 datacore-PowerEdge-R740 cinder-volume[3519688]: DEBUG oslo_concurrency.processutils [None req-a1e026e0-4ad2-40ad-b811-a406d9364e9c None None] CMD "sudo cinder-rootwrap /etc/cinder/rootwrap.conf env LC_ALL=C pvs --noheadings --unit=g -o vg_name,name,size,free --separator | --nosuffix --ignoreskippedcluster" returned: 0 in 0.939s {{(pid=3519688) execute /usr/local/lib/python3.8/dist-packages/oslo_concurrency/processutils.py:422}}
Sep 22 03:17:52 datacore-PowerEdge-R740 cinder-volume[3519688]: DEBUG oslo_concurrency.processutils [None req-a1e026e0-4ad2-40ad-b811-a406d9364e9c None None] Running cmd (subprocess): sudo cinder-rootwrap /etc/cinder/rootwrap.conf env LC_ALL=C vgs --noheadings --unit=g -o name,size,free,lv_count,uuid --separator : --nosuffix stack-volumes-lvmdriver-1 {{(pid=3519688) execute /usr/local/lib/python3.8/dist-packages/oslo_concurrency/processutils.py:384}}
Sep 22 03:17:52 datacore-PowerEdge-R740 sudo[3519978]:    stack : TTY=unknown ; PWD=/ ; USER=root ; COMMAND=/usr/local/bin/cinder-rootwrap /etc/cinder/rootwrap.conf env LC_ALL=C vgs --noheadings --unit=g -o name,size,free,lv_count,uuid --separator : --nosuffix stack-volumes-lvmdriver-1
Sep 22 03:17:52 datacore-PowerEdge-R740 sudo[3519978]: pam_unix(sudo:session): session opened for user root by (uid=0)
Sep 22 03:17:53 datacore-PowerEdge-R740 sudo[3519978]: pam_unix(sudo:session): session closed for user root
Sep 22 03:17:53 datacore-PowerEdge-R740 cinder-volume[3519688]: DEBUG oslo_concurrency.processutils [None req-a1e026e0-4ad2-40ad-b811-a406d9364e9c None None] CMD "sudo cinder-rootwrap /etc/cinder/rootwrap.conf env LC_ALL=C vgs --noheadings --unit=g -o name,size,free,lv_count,uuid --separator : --nosuffix stack-volumes-lvmdriver-1" returned: 0 in 0.827s {{(pid=3519688) execute /usr/local/lib/python3.8/dist-packages/oslo_concurrency/processutils.py:422}}
Sep 22 03:17:53 datacore-PowerEdge-R740 cinder-volume[3519688]: DEBUG oslo_concurrency.processutils [None req-a1e026e0-4ad2-40ad-b811-a406d9364e9c None None] Running cmd (subprocess): sudo cinder-rootwrap /etc/cinder/rootwrap.conf env LC_ALL=C vgs --noheadings --unit=g -o name,size,free,lv_count,uuid --separator : --nosuffix stack-volumes-lvmdriver-1 {{(pid=3519688) execute /usr/local/lib/python3.8/dist-packages/oslo_concurrency/processutils.py:384}}
Sep 22 03:17:53 datacore-PowerEdge-R740 sudo[3520029]:    stack : TTY=unknown ; PWD=/ ; USER=root ; COMMAND=/usr/local/bin/cinder-rootwrap /etc/cinder/rootwrap.conf env LC_ALL=C vgs --noheadings --unit=g -o name,size,free,lv_count,uuid --separator : --nosuffix stack-volumes-lvmdriver-1
Sep 22 03:17:53 datacore-PowerEdge-R740 sudo[3520029]: pam_unix(sudo:session): session opened for user root by (uid=0)
Sep 22 03:17:54 datacore-PowerEdge-R740 sudo[3520029]: pam_unix(sudo:session): session closed for user root
Sep 22 03:17:54 datacore-PowerEdge-R740 cinder-volume[3519688]: DEBUG oslo_concurrency.processutils [None req-a1e026e0-4ad2-40ad-b811-a406d9364e9c None None] CMD "sudo cinder-rootwrap /etc/cinder/rootwrap.conf env LC_ALL=C vgs --noheadings --unit=g -o name,size,free,lv_count,uuid --separator : --nosuffix stack-volumes-lvmdriver-1" returned: 0 in 0.660s {{(pid=3519688) execute /usr/local/lib/python3.8/dist-packages/oslo_concurrency/processutils.py:422}}
Sep 22 03:17:54 datacore-PowerEdge-R740 cinder-volume[3519688]: DEBUG oslo_concurrency.processutils [None req-a1e026e0-4ad2-40ad-b811-a406d9364e9c None None] Running cmd (subprocess): sudo cinder-rootwrap /etc/cinder/rootwrap.conf env LC_ALL=C lvs --noheadings --unit=g -o vg_name,name,size --nosuffix --readonly stack-volumes-lvmdriver-1 {{(pid=3519688) execute /usr/local/lib/python3.8/dist-packages/oslo_concurrency/processutils.py:384}}
Sep 22 03:17:54 datacore-PowerEdge-R740 sudo[3520033]:    stack : TTY=unknown ; PWD=/ ; USER=root ; COMMAND=/usr/local/bin/cinder-rootwrap /etc/cinder/rootwrap.conf env LC_ALL=C lvs --noheadings --unit=g -o vg_name,name,size --nosuffix --readonly stack-volumes-lvmdriver-1
Sep 22 03:17:54 datacore-PowerEdge-R740 sudo[3520033]: pam_unix(sudo:session): session opened for user root by (uid=0)
Sep 22 03:17:55 datacore-PowerEdge-R740 sudo[3520033]: pam_unix(sudo:session): session closed for user root
Sep 22 03:17:55 datacore-PowerEdge-R740 cinder-volume[3519688]: DEBUG oslo_concurrency.processutils [None req-a1e026e0-4ad2-40ad-b811-a406d9364e9c None None] CMD "sudo cinder-rootwrap /etc/cinder/rootwrap.conf env LC_ALL=C lvs --noheadings --unit=g -o vg_name,name,size --nosuffix --readonly stack-volumes-lvmdriver-1" returned: 0 in 0.611s {{(pid=3519688) execute /usr/local/lib/python3.8/dist-packages/oslo_concurrency/processutils.py:422}}
Sep 22 03:17:55 datacore-PowerEdge-R740 cinder-volume[3519688]: DEBUG oslo_concurrency.processutils [None req-a1e026e0-4ad2-40ad-b811-a406d9364e9c None None] Running cmd (subprocess): sudo cinder-rootwrap /etc/cinder/rootwrap.conf env LC_ALL=C lvs --noheadings --unit=g -o size,data_percent --separator : --nosuffix /dev/stack-volumes-lvmdriver-1/stack-volumes-lvmdriver-1-pool {{(pid=3519688) execute /usr/local/lib/python3.8/dist-packages/oslo_concurrency/processutils.py:384}}
Sep 22 03:17:55 datacore-PowerEdge-R740 sudo[3520037]:    stack : TTY=unknown ; PWD=/ ; USER=root ; COMMAND=/usr/local/bin/cinder-rootwrap /etc/cinder/rootwrap.conf env LC_ALL=C lvs --noheadings --unit=g -o size,data_percent --separator : --nosuffix /dev/stack-volumes-lvmdriver-1/stack-volumes-lvmdriver-1-pool
Sep 22 03:17:55 datacore-PowerEdge-R740 sudo[3520037]: pam_unix(sudo:session): session opened for user root by (uid=0)
Sep 22 03:17:55 datacore-PowerEdge-R740 sudo[3520037]: pam_unix(sudo:session): session closed for user root
Sep 22 03:17:55 datacore-PowerEdge-R740 cinder-volume[3519688]: DEBUG oslo_concurrency.processutils [None req-a1e026e0-4ad2-40ad-b811-a406d9364e9c None None] CMD "sudo cinder-rootwrap /etc/cinder/rootwrap.conf env LC_ALL=C lvs --noheadings --unit=g -o size,data_percent --separator : --nosuffix /dev/stack-volumes-lvmdriver-1/stack-volumes-lvmdriver-1-pool" returned: 0 in 0.631s {{(pid=3519688) execute /usr/local/lib/python3.8/dist-packages/oslo_concurrency/processutils.py:422}}
Sep 22 03:17:55 datacore-PowerEdge-R740 cinder-volume[3519688]: DEBUG oslo_concurrency.processutils [None req-a1e026e0-4ad2-40ad-b811-a406d9364e9c None None] Running cmd (subprocess): env LC_ALL=C lvm version {{(pid=3519688) execute /usr/local/lib/python3.8/dist-packages/oslo_concurrency/processutils.py:384}}
Sep 22 03:17:55 datacore-PowerEdge-R740 cinder-volume[3519688]: DEBUG oslo_concurrency.processutils [None req-a1e026e0-4ad2-40ad-b811-a406d9364e9c None None] CMD "env LC_ALL=C lvm version" returned: 0 in 0.017s {{(pid=3519688) execute /usr/local/lib/python3.8/dist-packages/oslo_concurrency/processutils.py:422}}
Sep 22 03:17:55 datacore-PowerEdge-R740 cinder-volume[3519688]: DEBUG oslo_concurrency.processutils [None req-a1e026e0-4ad2-40ad-b811-a406d9364e9c None None] Running cmd (subprocess): sudo cinder-rootwrap /etc/cinder/rootwrap.conf env LC_ALL=C lvs --noheadings --unit=g -o vg_name,name,size --nosuffix --readonly stack-volumes-lvmdriver-1/stack-volumes-lvmdriver-1-pool {{(pid=3519688) execute /usr/local/lib/python3.8/dist-packages/oslo_concurrency/processutils.py:384}}
Sep 22 03:17:55 datacore-PowerEdge-R740 sudo[3520044]:    stack : TTY=unknown ; PWD=/ ; USER=root ; COMMAND=/usr/local/bin/cinder-rootwrap /etc/cinder/rootwrap.conf env LC_ALL=C lvs --noheadings --unit=g -o vg_name,name,size --nosuffix --readonly stack-volumes-lvmdriver-1/stack-volumes-lvmdriver-1-pool
Sep 22 03:17:55 datacore-PowerEdge-R740 sudo[3520044]: pam_unix(sudo:session): session opened for user root by (uid=0)
Sep 22 03:17:56 datacore-PowerEdge-R740 sudo[3520044]: pam_unix(sudo:session): session closed for user root
Sep 22 03:17:56 datacore-PowerEdge-R740 cinder-volume[3519688]: DEBUG oslo_concurrency.processutils [None req-a1e026e0-4ad2-40ad-b811-a406d9364e9c None None] CMD "sudo cinder-rootwrap /etc/cinder/rootwrap.conf env LC_ALL=C lvs --noheadings --unit=g -o vg_name,name,size --nosuffix --readonly stack-volumes-lvmdriver-1/stack-volumes-lvmdriver-1-pool" returned: 0 in 0.642s {{(pid=3519688) execute /usr/local/lib/python3.8/dist-packages/oslo_concurrency/processutils.py:422}}
Sep 22 03:17:56 datacore-PowerEdge-R740 cinder-volume[3519688]: INFO cinder.volume.drivers.lvm [None req-a1e026e0-4ad2-40ad-b811-a406d9364e9c None None] Enabling LVM thin provisioning by default because a thin pool exists.
Sep 22 03:17:56 datacore-PowerEdge-R740 cinder-volume[3519688]: DEBUG oslo_concurrency.processutils [None req-a1e026e0-4ad2-40ad-b811-a406d9364e9c None None] Running cmd (subprocess): env LC_ALL=C lvm version {{(pid=3519688) execute /usr/local/lib/python3.8/dist-packages/oslo_concurrency/processutils.py:384}}
Sep 22 03:17:56 datacore-PowerEdge-R740 cinder-volume[3519688]: DEBUG oslo_concurrency.processutils [None req-a1e026e0-4ad2-40ad-b811-a406d9364e9c None None] CMD "env LC_ALL=C lvm version" returned: 0 in 0.013s {{(pid=3519688) execute /usr/local/lib/python3.8/dist-packages/oslo_concurrency/processutils.py:422}}
Sep 22 03:17:56 datacore-PowerEdge-R740 cinder-volume[3519688]: DEBUG oslo_concurrency.processutils [None req-a1e026e0-4ad2-40ad-b811-a406d9364e9c None None] Running cmd (subprocess): sudo cinder-rootwrap /etc/cinder/rootwrap.conf env LC_ALL=C lvs --noheadings --unit=g -o vg_name,name,size --nosuffix --readonly stack-volumes-lvmdriver-1/stack-volumes-lvmdriver-1-pool {{(pid=3519688) execute /usr/local/lib/python3.8/dist-packages/oslo_concurrency/processutils.py:384}}
Sep 22 03:17:56 datacore-PowerEdge-R740 sudo[3520060]:    stack : TTY=unknown ; PWD=/ ; USER=root ; COMMAND=/usr/local/bin/cinder-rootwrap /etc/cinder/rootwrap.conf env LC_ALL=C lvs --noheadings --unit=g -o vg_name,name,size --nosuffix --readonly stack-volumes-lvmdriver-1/stack-volumes-lvmdriver-1-pool
Sep 22 03:17:56 datacore-PowerEdge-R740 sudo[3520060]: pam_unix(sudo:session): session opened for user root by (uid=0)
Sep 22 03:17:57 datacore-PowerEdge-R740 sudo[3520060]: pam_unix(sudo:session): session closed for user root
Sep 22 03:17:57 datacore-PowerEdge-R740 cinder-volume[3519688]: DEBUG oslo_concurrency.processutils [None req-a1e026e0-4ad2-40ad-b811-a406d9364e9c None None] CMD "sudo cinder-rootwrap /etc/cinder/rootwrap.conf env LC_ALL=C lvs --noheadings --unit=g -o vg_name,name,size --nosuffix --readonly stack-volumes-lvmdriver-1/stack-volumes-lvmdriver-1-pool" returned: 0 in 0.643s {{(pid=3519688) execute /usr/local/lib/python3.8/dist-packages/oslo_concurrency/processutils.py:422}}
Sep 22 03:17:57 datacore-PowerEdge-R740 cinder-volume[3519688]: DEBUG cinder.volume.drivers.lvm [None req-a1e026e0-4ad2-40ad-b811-a406d9364e9c None None] Updating volume stats {{(pid=3519688) _update_volume_stats /opt/stack/cinder/cinder/volume/drivers/lvm.py:213}}
Sep 22 03:17:57 datacore-PowerEdge-R740 cinder-volume[3519688]: DEBUG oslo_concurrency.processutils [None req-a1e026e0-4ad2-40ad-b811-a406d9364e9c None None] Running cmd (subprocess): sudo cinder-rootwrap /etc/cinder/rootwrap.conf env LC_ALL=C vgs --noheadings --unit=g -o name,size,free,lv_count,uuid --separator : --nosuffix stack-volumes-lvmdriver-1 {{(pid=3519688) execute /usr/local/lib/python3.8/dist-packages/oslo_concurrency/processutils.py:384}}
Sep 22 03:17:57 datacore-PowerEdge-R740 sudo[3520066]:    stack : TTY=unknown ; PWD=/ ; USER=root ; COMMAND=/usr/local/bin/cinder-rootwrap /etc/cinder/rootwrap.conf env LC_ALL=C vgs --noheadings --unit=g -o name,size,free,lv_count,uuid --separator : --nosuffix stack-volumes-lvmdriver-1
Sep 22 03:17:57 datacore-PowerEdge-R740 sudo[3520066]: pam_unix(sudo:session): session opened for user root by (uid=0)
Sep 22 03:17:57 datacore-PowerEdge-R740 sudo[3520066]: pam_unix(sudo:session): session closed for user root
Sep 22 03:17:57 datacore-PowerEdge-R740 cinder-volume[3519688]: DEBUG oslo_concurrency.processutils [None req-a1e026e0-4ad2-40ad-b811-a406d9364e9c None None] CMD "sudo cinder-rootwrap /etc/cinder/rootwrap.conf env LC_ALL=C vgs --noheadings --unit=g -o name,size,free,lv_count,uuid --separator : --nosuffix stack-volumes-lvmdriver-1" returned: 0 in 0.658s {{(pid=3519688) execute /usr/local/lib/python3.8/dist-packages/oslo_concurrency/processutils.py:422}}
Sep 22 03:17:57 datacore-PowerEdge-R740 cinder-volume[3519688]: DEBUG oslo_concurrency.processutils [None req-a1e026e0-4ad2-40ad-b811-a406d9364e9c None None] Running cmd (subprocess): sudo cinder-rootwrap /etc/cinder/rootwrap.conf env LC_ALL=C lvs --noheadings --unit=g -o vg_name,name,size --nosuffix --readonly stack-volumes-lvmdriver-1 {{(pid=3519688) execute /usr/local/lib/python3.8/dist-packages/oslo_concurrency/processutils.py:384}}
Sep 22 03:17:57 datacore-PowerEdge-R740 sudo[3520072]:    stack : TTY=unknown ; PWD=/ ; USER=root ; COMMAND=/usr/local/bin/cinder-rootwrap /etc/cinder/rootwrap.conf env LC_ALL=C lvs --noheadings --unit=g -o vg_name,name,size --nosuffix --readonly stack-volumes-lvmdriver-1
Sep 22 03:17:57 datacore-PowerEdge-R740 sudo[3520072]: pam_unix(sudo:session): session opened for user root by (uid=0)
Sep 22 03:17:58 datacore-PowerEdge-R740 sudo[3520072]: pam_unix(sudo:session): session closed for user root
Sep 22 03:17:58 datacore-PowerEdge-R740 cinder-volume[3519688]: DEBUG oslo_concurrency.processutils [None req-a1e026e0-4ad2-40ad-b811-a406d9364e9c None None] CMD "sudo cinder-rootwrap /etc/cinder/rootwrap.conf env LC_ALL=C lvs --noheadings --unit=g -o vg_name,name,size --nosuffix --readonly stack-volumes-lvmdriver-1" returned: 0 in 0.650s {{(pid=3519688) execute /usr/local/lib/python3.8/dist-packages/oslo_concurrency/processutils.py:422}}
Sep 22 03:17:58 datacore-PowerEdge-R740 cinder-volume[3519688]: DEBUG oslo_concurrency.processutils [None req-a1e026e0-4ad2-40ad-b811-a406d9364e9c None None] Running cmd (subprocess): sudo cinder-rootwrap /etc/cinder/rootwrap.conf env LC_ALL=C lvs --noheadings --unit=g -o size,data_percent --separator : --nosuffix /dev/stack-volumes-lvmdriver-1/stack-volumes-lvmdriver-1-pool {{(pid=3519688) execute /usr/local/lib/python3.8/dist-packages/oslo_concurrency/processutils.py:384}}
Sep 22 03:17:58 datacore-PowerEdge-R740 sudo[3520080]:    stack : TTY=unknown ; PWD=/ ; USER=root ; COMMAND=/usr/local/bin/cinder-rootwrap /etc/cinder/rootwrap.conf env LC_ALL=C lvs --noheadings --unit=g -o size,data_percent --separator : --nosuffix /dev/stack-volumes-lvmdriver-1/stack-volumes-lvmdriver-1-pool
Sep 22 03:17:58 datacore-PowerEdge-R740 sudo[3520080]: pam_unix(sudo:session): session opened for user root by (uid=0)
Sep 22 03:17:58 datacore-PowerEdge-R740 cinder-volume[3519460]: DEBUG dbcounter [-] [3519460] Writing DB stats cinder:SELECT=16,cinder:UPDATE=1 {{(pid=3519460) stat_writer /usr/local/lib/python3.8/dist-packages/dbcounter.py:114}}
Sep 22 03:17:58 datacore-PowerEdge-R740 sudo[3520080]: pam_unix(sudo:session): session closed for user root
Sep 22 03:17:58 datacore-PowerEdge-R740 cinder-volume[3519688]: DEBUG oslo_concurrency.processutils [None req-a1e026e0-4ad2-40ad-b811-a406d9364e9c None None] CMD "sudo cinder-rootwrap /etc/cinder/rootwrap.conf env LC_ALL=C lvs --noheadings --unit=g -o size,data_percent --separator : --nosuffix /dev/stack-volumes-lvmdriver-1/stack-volumes-lvmdriver-1-pool" returned: 0 in 0.654s {{(pid=3519688) execute /usr/local/lib/python3.8/dist-packages/oslo_concurrency/processutils.py:422}}
Sep 22 03:17:58 datacore-PowerEdge-R740 cinder-volume[3519688]: DEBUG oslo_concurrency.processutils [None req-a1e026e0-4ad2-40ad-b811-a406d9364e9c None None] Running cmd (subprocess): sudo cinder-rootwrap /etc/cinder/rootwrap.conf env LC_ALL=C lvs --noheadings --unit=g -o vg_name,name,size --nosuffix --readonly stack-volumes-lvmdriver-1 {{(pid=3519688) execute /usr/local/lib/python3.8/dist-packages/oslo_concurrency/processutils.py:384}}
Sep 22 03:17:59 datacore-PowerEdge-R740 sudo[3520090]:    stack : TTY=unknown ; PWD=/ ; USER=root ; COMMAND=/usr/local/bin/cinder-rootwrap /etc/cinder/rootwrap.conf env LC_ALL=C lvs --noheadings --unit=g -o vg_name,name,size --nosuffix --readonly stack-volumes-lvmdriver-1
Sep 22 03:17:59 datacore-PowerEdge-R740 sudo[3520090]: pam_unix(sudo:session): session opened for user root by (uid=0)
Sep 22 03:17:59 datacore-PowerEdge-R740 sudo[3520090]: pam_unix(sudo:session): session closed for user root
Sep 22 03:17:59 datacore-PowerEdge-R740 cinder-volume[3519688]: DEBUG oslo_concurrency.processutils [None req-a1e026e0-4ad2-40ad-b811-a406d9364e9c None None] CMD "sudo cinder-rootwrap /etc/cinder/rootwrap.conf env LC_ALL=C lvs --noheadings --unit=g -o vg_name,name,size --nosuffix --readonly stack-volumes-lvmdriver-1" returned: 0 in 0.650s {{(pid=3519688) execute /usr/local/lib/python3.8/dist-packages/oslo_concurrency/processutils.py:422}}
Sep 22 03:17:59 datacore-PowerEdge-R740 cinder-volume[3519688]: INFO cinder.volume.driver [None req-a1e026e0-4ad2-40ad-b811-a406d9364e9c None None] Driver hasn't implemented _init_vendor_properties()
Sep 22 03:17:59 datacore-PowerEdge-R740 cinder-volume[3519688]: DEBUG cinder.volume.driver [None req-a1e026e0-4ad2-40ad-b811-a406d9364e9c None None] Initialized capabilities list: {'volume_backend_name': 'lvmdriver-1', 'vendor_name': 'Open Source', 'driver_version': '3.0.0', 'storage_protocol': 'iSCSI', 'pools': [{'pool_name': 'lvmdriver-1', 'total_capacity_gb': 28.5, 'free_capacity_gb': 28.5, 'reserved_percentage': 0, 'location_info': 'LVMVolumeDriver:datacore-PowerEdge-R740:stack-volumes-lvmdriver-1:thin:0', 'QoS_support': False, 'provisioned_capacity_gb': 0.0, 'max_over_subscription_ratio': '20.0', 'thin_provisioning_support': True, 'thick_provisioning_support': False, 'total_volumes': 1, 'filter_function': None, 'goodness_function': None, 'multiattach': True, 'backend_state': 'up'}], 'shared_targets': False, 'sparse_copy_volume': True, 'properties': {'thin_provisioning': {'title': 'Thin Provisioning', 'description': 'Sets thin provisioning.', 'type': 'boolean'}, 'compression': {'title': 'Compression', 'description': 'Enables compression.', 'type': 'boolean'}, 'qos': {'title': 'QoS', 'description': 'Enables QoS.', 'type': 'boolean'}, 'replication_enabled': {'title': 'Replication', 'description': 'Enables replication.', 'type': 'boolean'}}}. {{(pid=3519688) init_capabilities /opt/stack/cinder/cinder/volume/driver.py:811}}
Sep 22 03:17:59 datacore-PowerEdge-R740 cinder-volume[3519688]: DEBUG oslo_db.sqlalchemy.engines [None req-a1e026e0-4ad2-40ad-b811-a406d9364e9c None None] MySQL server mode set to STRICT_TRANS_TABLES,STRICT_ALL_TABLES,NO_ZERO_IN_DATE,NO_ZERO_DATE,ERROR_FOR_DIVISION_BY_ZERO,TRADITIONAL,NO_ENGINE_SUBSTITUTION {{(pid=3519688) _check_effective_sql_mode /usr/local/lib/python3.8/dist-packages/oslo_db/sqlalchemy/engines.py:314}}
Sep 22 03:17:59 datacore-PowerEdge-R740 cinder-volume[3519688]: DEBUG dbcounter [-] [3519688] Writer thread running {{(pid=3519688) stat_writer /usr/local/lib/python3.8/dist-packages/dbcounter.py:99}}
Sep 22 03:17:59 datacore-PowerEdge-R740 cinder-volume[3519688]: DEBUG cinder.db.sqlalchemy.api [None req-a1e026e0-4ad2-40ad-b811-a406d9364e9c None None] Building query based on filter {{(pid=3519688) _process_snaps_filters /opt/stack/cinder/cinder/db/sqlalchemy/api.py:3378}}
Sep 22 03:17:59 datacore-PowerEdge-R740 cinder-volume[3519688]: DEBUG cinder.image.image_utils [None req-a1e026e0-4ad2-40ad-b811-a406d9364e9c None None] Configuration image_conversion_dir is None or the path doesn't exist. {{(pid=3519688) cleanup_temporary_file /opt/stack/cinder/cinder/image/image_utils.py:955}}
Sep 22 03:17:59 datacore-PowerEdge-R740 cinder-volume[3519688]: DEBUG cinder.volume.drivers.lvm [None req-a1e026e0-4ad2-40ad-b811-a406d9364e9c None None] Updating volume stats {{(pid=3519688) _update_volume_stats /opt/stack/cinder/cinder/volume/drivers/lvm.py:213}}
Sep 22 03:17:59 datacore-PowerEdge-R740 cinder-volume[3519688]: DEBUG oslo_concurrency.processutils [None req-a1e026e0-4ad2-40ad-b811-a406d9364e9c None None] Running cmd (subprocess): sudo cinder-rootwrap /etc/cinder/rootwrap.conf env LC_ALL=C vgs --noheadings --unit=g -o name,size,free,lv_count,uuid --separator : --nosuffix stack-volumes-lvmdriver-1 {{(pid=3519688) execute /usr/local/lib/python3.8/dist-packages/oslo_concurrency/processutils.py:384}}
Sep 22 03:17:59 datacore-PowerEdge-R740 cinder-volume[3519688]: INFO cinder.keymgr.migration [None req-3f5c5a99-b1e5-42d0-b94f-71b28b468848 None None] Not migrating encryption keys because the ConfKeyManager is still in use.
Sep 22 03:17:59 datacore-PowerEdge-R740 sudo[3520097]:    stack : TTY=unknown ; PWD=/ ; USER=root ; COMMAND=/usr/local/bin/cinder-rootwrap /etc/cinder/rootwrap.conf env LC_ALL=C vgs --noheadings --unit=g -o name,size,free,lv_count,uuid --separator : --nosuffix stack-volumes-lvmdriver-1
Sep 22 03:17:59 datacore-PowerEdge-R740 sudo[3520097]: pam_unix(sudo:session): session opened for user root by (uid=0)
Sep 22 03:18:00 datacore-PowerEdge-R740 sudo[3520097]: pam_unix(sudo:session): session closed for user root
Sep 22 03:18:00 datacore-PowerEdge-R740 cinder-volume[3519688]: DEBUG oslo_concurrency.processutils [None req-a1e026e0-4ad2-40ad-b811-a406d9364e9c None None] CMD "sudo cinder-rootwrap /etc/cinder/rootwrap.conf env LC_ALL=C vgs --noheadings --unit=g -o name,size,free,lv_count,uuid --separator : --nosuffix stack-volumes-lvmdriver-1" returned: 0 in 0.655s {{(pid=3519688) execute /usr/local/lib/python3.8/dist-packages/oslo_concurrency/processutils.py:422}}
Sep 22 03:18:00 datacore-PowerEdge-R740 cinder-volume[3519688]: DEBUG oslo_concurrency.processutils [None req-a1e026e0-4ad2-40ad-b811-a406d9364e9c None None] Running cmd (subprocess): sudo cinder-rootwrap /etc/cinder/rootwrap.conf env LC_ALL=C lvs --noheadings --unit=g -o vg_name,name,size --nosuffix --readonly stack-volumes-lvmdriver-1 {{(pid=3519688) execute /usr/local/lib/python3.8/dist-packages/oslo_concurrency/processutils.py:384}}
Sep 22 03:18:00 datacore-PowerEdge-R740 sudo[3520109]:    stack : TTY=unknown ; PWD=/ ; USER=root ; COMMAND=/usr/local/bin/cinder-rootwrap /etc/cinder/rootwrap.conf env LC_ALL=C lvs --noheadings --unit=g -o vg_name,name,size --nosuffix --readonly stack-volumes-lvmdriver-1
Sep 22 03:18:00 datacore-PowerEdge-R740 sudo[3520109]: pam_unix(sudo:session): session opened for user root by (uid=0)
Sep 22 03:18:01 datacore-PowerEdge-R740 sudo[3520109]: pam_unix(sudo:session): session closed for user root
Sep 22 03:18:01 datacore-PowerEdge-R740 cinder-volume[3519688]: DEBUG oslo_concurrency.processutils [None req-a1e026e0-4ad2-40ad-b811-a406d9364e9c None None] CMD "sudo cinder-rootwrap /etc/cinder/rootwrap.conf env LC_ALL=C lvs --noheadings --unit=g -o vg_name,name,size --nosuffix --readonly stack-volumes-lvmdriver-1" returned: 0 in 0.680s {{(pid=3519688) execute /usr/local/lib/python3.8/dist-packages/oslo_concurrency/processutils.py:422}}
Sep 22 03:18:01 datacore-PowerEdge-R740 cinder-volume[3519688]: DEBUG oslo_concurrency.processutils [None req-a1e026e0-4ad2-40ad-b811-a406d9364e9c None None] Running cmd (subprocess): sudo cinder-rootwrap /etc/cinder/rootwrap.conf env LC_ALL=C lvs --noheadings --unit=g -o size,data_percent --separator : --nosuffix /dev/stack-volumes-lvmdriver-1/stack-volumes-lvmdriver-1-pool {{(pid=3519688) execute /usr/local/lib/python3.8/dist-packages/oslo_concurrency/processutils.py:384}}
Sep 22 03:18:01 datacore-PowerEdge-R740 sudo[3520130]:    stack : TTY=unknown ; PWD=/ ; USER=root ; COMMAND=/usr/local/bin/cinder-rootwrap /etc/cinder/rootwrap.conf env LC_ALL=C lvs --noheadings --unit=g -o size,data_percent --separator : --nosuffix /dev/stack-volumes-lvmdriver-1/stack-volumes-lvmdriver-1-pool
Sep 22 03:18:01 datacore-PowerEdge-R740 sudo[3520130]: pam_unix(sudo:session): session opened for user root by (uid=0)
Sep 22 03:18:01 datacore-PowerEdge-R740 sudo[3520130]: pam_unix(sudo:session): session closed for user root
Sep 22 03:18:01 datacore-PowerEdge-R740 cinder-volume[3519688]: DEBUG oslo_concurrency.processutils [None req-a1e026e0-4ad2-40ad-b811-a406d9364e9c None None] CMD "sudo cinder-rootwrap /etc/cinder/rootwrap.conf env LC_ALL=C lvs --noheadings --unit=g -o size,data_percent --separator : --nosuffix /dev/stack-volumes-lvmdriver-1/stack-volumes-lvmdriver-1-pool" returned: 0 in 0.668s {{(pid=3519688) execute /usr/local/lib/python3.8/dist-packages/oslo_concurrency/processutils.py:422}}
Sep 22 03:18:01 datacore-PowerEdge-R740 cinder-volume[3519688]: DEBUG oslo_concurrency.processutils [None req-a1e026e0-4ad2-40ad-b811-a406d9364e9c None None] Running cmd (subprocess): sudo cinder-rootwrap /etc/cinder/rootwrap.conf env LC_ALL=C lvs --noheadings --unit=g -o vg_name,name,size --nosuffix --readonly stack-volumes-lvmdriver-1 {{(pid=3519688) execute /usr/local/lib/python3.8/dist-packages/oslo_concurrency/processutils.py:384}}
Sep 22 03:18:01 datacore-PowerEdge-R740 sudo[3520140]:    stack : TTY=unknown ; PWD=/ ; USER=root ; COMMAND=/usr/local/bin/cinder-rootwrap /etc/cinder/rootwrap.conf env LC_ALL=C lvs --noheadings --unit=g -o vg_name,name,size --nosuffix --readonly stack-volumes-lvmdriver-1
Sep 22 03:18:01 datacore-PowerEdge-R740 sudo[3520140]: pam_unix(sudo:session): session opened for user root by (uid=0)
Sep 22 03:18:02 datacore-PowerEdge-R740 sudo[3520140]: pam_unix(sudo:session): session closed for user root
Sep 22 03:18:02 datacore-PowerEdge-R740 cinder-volume[3519688]: DEBUG oslo_concurrency.processutils [None req-a1e026e0-4ad2-40ad-b811-a406d9364e9c None None] CMD "sudo cinder-rootwrap /etc/cinder/rootwrap.conf env LC_ALL=C lvs --noheadings --unit=g -o vg_name,name,size --nosuffix --readonly stack-volumes-lvmdriver-1" returned: 0 in 0.637s {{(pid=3519688) execute /usr/local/lib/python3.8/dist-packages/oslo_concurrency/processutils.py:422}}
Sep 22 03:18:02 datacore-PowerEdge-R740 cinder-volume[3519688]: DEBUG cinder.manager [None req-a1e026e0-4ad2-40ad-b811-a406d9364e9c None None] Notifying Schedulers of capabilities ... {{(pid=3519688) _publish_service_capabilities /opt/stack/cinder/cinder/manager.py:202}}
Sep 22 03:18:02 datacore-PowerEdge-R740 cinder-volume[3519688]: INFO cinder.volume.manager [None req-a1e026e0-4ad2-40ad-b811-a406d9364e9c None None] Driver initialization completed successfully.
Sep 22 03:18:02 datacore-PowerEdge-R740 cinder-volume[3519688]: INFO cinder.manager [None req-a1e026e0-4ad2-40ad-b811-a406d9364e9c None None] Initiating service 2 cleanup
Sep 22 03:18:02 datacore-PowerEdge-R740 cinder-volume[3519688]: INFO cinder.manager [None req-a1e026e0-4ad2-40ad-b811-a406d9364e9c None None] Service 2 cleanup completed.
Sep 22 03:18:02 datacore-PowerEdge-R740 cinder-volume[3519688]: DEBUG cinder.service [None req-a1e026e0-4ad2-40ad-b811-a406d9364e9c None None] Creating RPC server for service cinder-volume {{(pid=3519688) start /opt/stack/cinder/cinder/service.py:231}}
Sep 22 03:18:02 datacore-PowerEdge-R740 cinder-volume[3519688]: DEBUG cinder.service [None req-a1e026e0-4ad2-40ad-b811-a406d9364e9c None None] Pinning object versions for RPC server serializer to 1.39 {{(pid=3519688) start /opt/stack/cinder/cinder/service.py:237}}
Sep 22 03:18:02 datacore-PowerEdge-R740 cinder-volume[3519688]: INFO cinder.volume.manager [None req-a1e026e0-4ad2-40ad-b811-a406d9364e9c None None] Initializing RPC dependent components of volume driver LVMVolumeDriver (3.0.0)
Sep 22 03:18:02 datacore-PowerEdge-R740 cinder-volume[3519688]: DEBUG cinder.volume.drivers.lvm [None req-a1e026e0-4ad2-40ad-b811-a406d9364e9c None None] Updating volume stats {{(pid=3519688) _update_volume_stats /opt/stack/cinder/cinder/volume/drivers/lvm.py:213}}
Sep 22 03:18:02 datacore-PowerEdge-R740 cinder-volume[3519688]: DEBUG oslo_concurrency.processutils [None req-a1e026e0-4ad2-40ad-b811-a406d9364e9c None None] Running cmd (subprocess): sudo cinder-rootwrap /etc/cinder/rootwrap.conf env LC_ALL=C vgs --noheadings --unit=g -o name,size,free,lv_count,uuid --separator : --nosuffix stack-volumes-lvmdriver-1 {{(pid=3519688) execute /usr/local/lib/python3.8/dist-packages/oslo_concurrency/processutils.py:384}}
Sep 22 03:18:02 datacore-PowerEdge-R740 sudo[3520161]:    stack : TTY=unknown ; PWD=/ ; USER=root ; COMMAND=/usr/local/bin/cinder-rootwrap /etc/cinder/rootwrap.conf env LC_ALL=C vgs --noheadings --unit=g -o name,size,free,lv_count,uuid --separator : --nosuffix stack-volumes-lvmdriver-1
Sep 22 03:18:02 datacore-PowerEdge-R740 sudo[3520161]: pam_unix(sudo:session): session opened for user root by (uid=0)
