-- Logs begin at Mon 2022-06-20 19:40:09 IST, end at Mon 2022-06-20 23:29:46 IST. --
Jun 20 23:28:27 datacore-PowerEdge-R740 systemd[1]: Started Devstack devstack@c-vol.service.
Jun 20 23:28:29 datacore-PowerEdge-R740 cinder-volume[824915]: DEBUG oslo_concurrency.lockutils [-] Acquired lock "singleton_lock" {{(pid=824915) lock /usr/local/lib/python3.8/dist-packages/oslo_concurrency/lockutils.py:294}}
Jun 20 23:28:29 datacore-PowerEdge-R740 cinder-volume[824915]: DEBUG oslo_concurrency.lockutils [-] Releasing lock "singleton_lock" {{(pid=824915) lock /usr/local/lib/python3.8/dist-packages/oslo_concurrency/lockutils.py:312}}
Jun 20 23:28:30 datacore-PowerEdge-R740 cinder-volume[824915]: INFO dbcounter [None req-8506cff6-35ac-43ff-be55-9ccdd5ca9b9e None None] Registered counter for database cinder
Jun 20 23:28:30 datacore-PowerEdge-R740 cinder-volume[824915]: DEBUG oslo_db.sqlalchemy.engines [None req-8506cff6-35ac-43ff-be55-9ccdd5ca9b9e None None] MySQL server mode set to STRICT_TRANS_TABLES,STRICT_ALL_TABLES,NO_ZERO_IN_DATE,NO_ZERO_DATE,ERROR_FOR_DIVISION_BY_ZERO,TRADITIONAL,NO_ENGINE_SUBSTITUTION {{(pid=824915) _check_effective_sql_mode /usr/local/lib/python3.8/dist-packages/oslo_db/sqlalchemy/engines.py:314}}
Jun 20 23:28:30 datacore-PowerEdge-R740 cinder-volume[824915]: DEBUG dbcounter [-] [824915] Writer thread running {{(pid=824915) stat_writer /usr/local/lib/python3.8/dist-packages/dbcounter.py:99}}
Jun 20 23:28:30 datacore-PowerEdge-R740 cinder-volume[824915]: INFO cinder.rpc [None req-8506cff6-35ac-43ff-be55-9ccdd5ca9b9e None None] Automatically selected cinder-scheduler objects version 1.39 as minimum service version.
Jun 20 23:28:30 datacore-PowerEdge-R740 cinder-volume[824915]: INFO cinder.rpc [None req-8506cff6-35ac-43ff-be55-9ccdd5ca9b9e None None] Automatically selected cinder-scheduler RPC version 3.12 as minimum service version.
Jun 20 23:28:30 datacore-PowerEdge-R740 cinder-volume[824915]: DEBUG oslo_db.sqlalchemy.engines [None req-8506cff6-35ac-43ff-be55-9ccdd5ca9b9e None None] MySQL server mode set to STRICT_TRANS_TABLES,STRICT_ALL_TABLES,NO_ZERO_IN_DATE,NO_ZERO_DATE,ERROR_FOR_DIVISION_BY_ZERO,TRADITIONAL,NO_ENGINE_SUBSTITUTION {{(pid=824915) _check_effective_sql_mode /usr/local/lib/python3.8/dist-packages/oslo_db/sqlalchemy/engines.py:314}}
Jun 20 23:28:30 datacore-PowerEdge-R740 cinder-volume[824915]: INFO cinder.volume.manager [None req-8506cff6-35ac-43ff-be55-9ccdd5ca9b9e None None] Determined volume DB was not empty at startup.
Jun 20 23:28:30 datacore-PowerEdge-R740 cinder-volume[824915]: DEBUG cinder.volume.manager [None req-8506cff6-35ac-43ff-be55-9ccdd5ca9b9e None None] Cinder Volume DB check: vol_db_empty=False {{(pid=824915) __init__ /opt/stack/cinder/cinder/volume/manager.py:286}}
Jun 20 23:28:30 datacore-PowerEdge-R740 cinder-volume[824915]: WARNING stevedore.named [None req-8506cff6-35ac-43ff-be55-9ccdd5ca9b9e None None] Could not load cinder.keymgr.conf_key_mgr.ConfKeyManager
Jun 20 23:28:30 datacore-PowerEdge-R740 cinder-volume[824915]: WARNING castellan.key_manager [None req-8506cff6-35ac-43ff-be55-9ccdd5ca9b9e None None] Deprecation Warning : cinder.keymgr.conf_key_mgr.ConfKeyManager is not a stevedore based driver, trying to load it as a class: stevedore.exception.NoMatches: No 'castellan.drivers' driver found, looking for 'cinder.keymgr.conf_key_mgr.ConfKeyManager'
Jun 20 23:28:30 datacore-PowerEdge-R740 cinder-volume[824915]: WARNING cinder.keymgr.conf_key_mgr [None req-8506cff6-35ac-43ff-be55-9ccdd5ca9b9e None None] This key manager is insecure and is not recommended for production deployments: stevedore.exception.NoMatches: No 'castellan.drivers' driver found, looking for 'cinder.keymgr.conf_key_mgr.ConfKeyManager'
Jun 20 23:28:30 datacore-PowerEdge-R740 cinder-volume[824915]: ERROR cinder.cmd.volume [None req-8506cff6-35ac-43ff-be55-9ccdd5ca9b9e None None] Volume service hostgroup@datacore_iscsi1 failed to start.: ModuleNotFoundError: No module named 'cinder.volume.drivers.datacore.iscsi'
Jun 20 23:28:30 datacore-PowerEdge-R740 cinder-volume[824915]: ERROR cinder.cmd.volume Traceback (most recent call last):
Jun 20 23:28:30 datacore-PowerEdge-R740 cinder-volume[824915]: ERROR cinder.cmd.volume   File "/opt/stack/cinder/cinder/cmd/volume.py", line 99, in _launch_service
Jun 20 23:28:30 datacore-PowerEdge-R740 cinder-volume[824915]: ERROR cinder.cmd.volume     server = service.Service.create(host=host,
Jun 20 23:28:30 datacore-PowerEdge-R740 cinder-volume[824915]: ERROR cinder.cmd.volume   File "/opt/stack/cinder/cinder/service.py", line 394, in create
Jun 20 23:28:30 datacore-PowerEdge-R740 cinder-volume[824915]: ERROR cinder.cmd.volume     service_obj = cls(host, binary, topic, manager,
Jun 20 23:28:30 datacore-PowerEdge-R740 cinder-volume[824915]: ERROR cinder.cmd.volume   File "/opt/stack/cinder/cinder/service.py", line 152, in __init__
Jun 20 23:28:30 datacore-PowerEdge-R740 cinder-volume[824915]: ERROR cinder.cmd.volume     self.manager = manager_class(host=self.host,
Jun 20 23:28:30 datacore-PowerEdge-R740 cinder-volume[824915]: ERROR cinder.cmd.volume   File "/opt/stack/cinder/cinder/volume/manager.py", line 309, in __init__
Jun 20 23:28:30 datacore-PowerEdge-R740 cinder-volume[824915]: ERROR cinder.cmd.volume     self.driver = importutils.import_object(
Jun 20 23:28:30 datacore-PowerEdge-R740 cinder-volume[824915]: ERROR cinder.cmd.volume   File "/usr/local/lib/python3.8/dist-packages/oslo_utils/importutils.py", line 44, in import_object
Jun 20 23:28:30 datacore-PowerEdge-R740 cinder-volume[824915]: ERROR cinder.cmd.volume     return import_class(import_str)(*args, **kwargs)
Jun 20 23:28:30 datacore-PowerEdge-R740 cinder-volume[824915]: ERROR cinder.cmd.volume   File "/usr/local/lib/python3.8/dist-packages/oslo_utils/importutils.py", line 30, in import_class
Jun 20 23:28:30 datacore-PowerEdge-R740 cinder-volume[824915]: ERROR cinder.cmd.volume     __import__(mod_str)
Jun 20 23:28:30 datacore-PowerEdge-R740 cinder-volume[824915]: ERROR cinder.cmd.volume ModuleNotFoundError: No module named 'cinder.volume.drivers.datacore.iscsi'
Jun 20 23:28:30 datacore-PowerEdge-R740 cinder-volume[824915]: ERROR cinder.cmd.volume 
Jun 20 23:28:30 datacore-PowerEdge-R740 cinder-volume[824915]: ERROR cinder.cmd.volume [None req-8506cff6-35ac-43ff-be55-9ccdd5ca9b9e None None] No volume service(s) started successfully, terminating.
Jun 20 23:28:30 datacore-PowerEdge-R740 cinder-volume[824915]: /usr/lib/python3/dist-packages/secretstorage/dhcrypto.py:15: CryptographyDeprecationWarning: int_from_bytes is deprecated, use int.from_bytes instead
Jun 20 23:28:30 datacore-PowerEdge-R740 cinder-volume[824915]:   from cryptography.utils import int_from_bytes
Jun 20 23:28:30 datacore-PowerEdge-R740 cinder-volume[824915]: /usr/lib/python3/dist-packages/secretstorage/util.py:19: CryptographyDeprecationWarning: int_from_bytes is deprecated, use int.from_bytes instead
Jun 20 23:28:30 datacore-PowerEdge-R740 cinder-volume[824915]:   from cryptography.utils import int_from_bytes
Jun 20 23:28:30 datacore-PowerEdge-R740 cinder-volume[824915]: /opt/stack/cinder/cinder/db/sqlalchemy/models.py:152: SAWarning: implicitly coercing SELECT object to scalar subquery; please use the .scalar_subquery() method to produce a scalar subquery.
Jun 20 23:28:30 datacore-PowerEdge-R740 cinder-volume[824915]:   last_heartbeat = column_property(
Jun 20 23:28:30 datacore-PowerEdge-R740 cinder-volume[824915]: /opt/stack/cinder/cinder/db/sqlalchemy/models.py:160: SAWarning: implicitly coercing SELECT object to scalar subquery; please use the .scalar_subquery() method to produce a scalar subquery.
Jun 20 23:28:30 datacore-PowerEdge-R740 cinder-volume[824915]:   num_hosts = column_property(
Jun 20 23:28:30 datacore-PowerEdge-R740 cinder-volume[824915]: /opt/stack/cinder/cinder/db/sqlalchemy/models.py:169: SAWarning: implicitly coercing SELECT object to scalar subquery; please use the .scalar_subquery() method to produce a scalar subquery.
Jun 20 23:28:30 datacore-PowerEdge-R740 cinder-volume[824915]:   num_down_hosts = column_property(
Jun 20 23:28:31 datacore-PowerEdge-R740 systemd[1]: devstack@c-vol.service: Main process exited, code=exited, status=1/FAILURE
Jun 20 23:28:31 datacore-PowerEdge-R740 systemd[1]: devstack@c-vol.service: Failed with result 'exit-code'.
Jun 20 23:28:44 datacore-PowerEdge-R740 systemd[1]: Started Devstack devstack@c-vol.service.
Jun 20 23:28:46 datacore-PowerEdge-R740 cinder-volume[825582]: DEBUG oslo_concurrency.lockutils [-] Acquired lock "singleton_lock" {{(pid=825582) lock /usr/local/lib/python3.8/dist-packages/oslo_concurrency/lockutils.py:294}}
Jun 20 23:28:46 datacore-PowerEdge-R740 cinder-volume[825582]: DEBUG oslo_concurrency.lockutils [-] Releasing lock "singleton_lock" {{(pid=825582) lock /usr/local/lib/python3.8/dist-packages/oslo_concurrency/lockutils.py:312}}
Jun 20 23:28:46 datacore-PowerEdge-R740 cinder-volume[825582]: INFO dbcounter [None req-4a0418a9-bd00-4776-96c0-bfbca7a99626 None None] Registered counter for database cinder
Jun 20 23:28:46 datacore-PowerEdge-R740 cinder-volume[825582]: DEBUG oslo_db.sqlalchemy.engines [None req-4a0418a9-bd00-4776-96c0-bfbca7a99626 None None] MySQL server mode set to STRICT_TRANS_TABLES,STRICT_ALL_TABLES,NO_ZERO_IN_DATE,NO_ZERO_DATE,ERROR_FOR_DIVISION_BY_ZERO,TRADITIONAL,NO_ENGINE_SUBSTITUTION {{(pid=825582) _check_effective_sql_mode /usr/local/lib/python3.8/dist-packages/oslo_db/sqlalchemy/engines.py:314}}
Jun 20 23:28:46 datacore-PowerEdge-R740 cinder-volume[825582]: DEBUG dbcounter [-] [825582] Writer thread running {{(pid=825582) stat_writer /usr/local/lib/python3.8/dist-packages/dbcounter.py:99}}
Jun 20 23:28:46 datacore-PowerEdge-R740 cinder-volume[825582]: INFO cinder.rpc [None req-4a0418a9-bd00-4776-96c0-bfbca7a99626 None None] Automatically selected cinder-scheduler objects version 1.39 as minimum service version.
Jun 20 23:28:46 datacore-PowerEdge-R740 cinder-volume[825582]: INFO cinder.rpc [None req-4a0418a9-bd00-4776-96c0-bfbca7a99626 None None] Automatically selected cinder-scheduler RPC version 3.12 as minimum service version.
Jun 20 23:28:46 datacore-PowerEdge-R740 cinder-volume[825582]: DEBUG oslo_db.sqlalchemy.engines [None req-4a0418a9-bd00-4776-96c0-bfbca7a99626 None None] MySQL server mode set to STRICT_TRANS_TABLES,STRICT_ALL_TABLES,NO_ZERO_IN_DATE,NO_ZERO_DATE,ERROR_FOR_DIVISION_BY_ZERO,TRADITIONAL,NO_ENGINE_SUBSTITUTION {{(pid=825582) _check_effective_sql_mode /usr/local/lib/python3.8/dist-packages/oslo_db/sqlalchemy/engines.py:314}}
Jun 20 23:28:46 datacore-PowerEdge-R740 cinder-volume[825582]: INFO cinder.volume.manager [None req-4a0418a9-bd00-4776-96c0-bfbca7a99626 None None] Determined volume DB was not empty at startup.
Jun 20 23:28:46 datacore-PowerEdge-R740 cinder-volume[825582]: DEBUG cinder.volume.manager [None req-4a0418a9-bd00-4776-96c0-bfbca7a99626 None None] Cinder Volume DB check: vol_db_empty=False {{(pid=825582) __init__ /opt/stack/cinder/cinder/volume/manager.py:286}}
Jun 20 23:28:46 datacore-PowerEdge-R740 cinder-volume[825582]: WARNING stevedore.named [None req-4a0418a9-bd00-4776-96c0-bfbca7a99626 None None] Could not load cinder.keymgr.conf_key_mgr.ConfKeyManager
Jun 20 23:28:46 datacore-PowerEdge-R740 cinder-volume[825582]: WARNING castellan.key_manager [None req-4a0418a9-bd00-4776-96c0-bfbca7a99626 None None] Deprecation Warning : cinder.keymgr.conf_key_mgr.ConfKeyManager is not a stevedore based driver, trying to load it as a class: stevedore.exception.NoMatches: No 'castellan.drivers' driver found, looking for 'cinder.keymgr.conf_key_mgr.ConfKeyManager'
Jun 20 23:28:46 datacore-PowerEdge-R740 cinder-volume[825582]: WARNING cinder.keymgr.conf_key_mgr [None req-4a0418a9-bd00-4776-96c0-bfbca7a99626 None None] This key manager is insecure and is not recommended for production deployments: stevedore.exception.NoMatches: No 'castellan.drivers' driver found, looking for 'cinder.keymgr.conf_key_mgr.ConfKeyManager'
Jun 20 23:28:46 datacore-PowerEdge-R740 cinder-volume[825582]: ERROR cinder.cmd.volume [None req-4a0418a9-bd00-4776-96c0-bfbca7a99626 None None] Volume service hostgroup@datacore_iscsi1 failed to start.: ModuleNotFoundError: No module named 'cinder.volume.drivers.datacore.iscsi'
Jun 20 23:28:46 datacore-PowerEdge-R740 cinder-volume[825582]: ERROR cinder.cmd.volume Traceback (most recent call last):
Jun 20 23:28:46 datacore-PowerEdge-R740 cinder-volume[825582]: ERROR cinder.cmd.volume   File "/opt/stack/cinder/cinder/cmd/volume.py", line 99, in _launch_service
Jun 20 23:28:46 datacore-PowerEdge-R740 cinder-volume[825582]: ERROR cinder.cmd.volume     server = service.Service.create(host=host,
Jun 20 23:28:46 datacore-PowerEdge-R740 cinder-volume[825582]: ERROR cinder.cmd.volume   File "/opt/stack/cinder/cinder/service.py", line 394, in create
Jun 20 23:28:46 datacore-PowerEdge-R740 cinder-volume[825582]: ERROR cinder.cmd.volume     service_obj = cls(host, binary, topic, manager,
Jun 20 23:28:46 datacore-PowerEdge-R740 cinder-volume[825582]: ERROR cinder.cmd.volume   File "/opt/stack/cinder/cinder/service.py", line 152, in __init__
Jun 20 23:28:46 datacore-PowerEdge-R740 cinder-volume[825582]: ERROR cinder.cmd.volume     self.manager = manager_class(host=self.host,
Jun 20 23:28:46 datacore-PowerEdge-R740 cinder-volume[825582]: ERROR cinder.cmd.volume   File "/opt/stack/cinder/cinder/volume/manager.py", line 309, in __init__
Jun 20 23:28:46 datacore-PowerEdge-R740 cinder-volume[825582]: ERROR cinder.cmd.volume     self.driver = importutils.import_object(
Jun 20 23:28:46 datacore-PowerEdge-R740 cinder-volume[825582]: ERROR cinder.cmd.volume   File "/usr/local/lib/python3.8/dist-packages/oslo_utils/importutils.py", line 44, in import_object
Jun 20 23:28:46 datacore-PowerEdge-R740 cinder-volume[825582]: ERROR cinder.cmd.volume     return import_class(import_str)(*args, **kwargs)
Jun 20 23:28:46 datacore-PowerEdge-R740 cinder-volume[825582]: ERROR cinder.cmd.volume   File "/usr/local/lib/python3.8/dist-packages/oslo_utils/importutils.py", line 30, in import_class
Jun 20 23:28:46 datacore-PowerEdge-R740 cinder-volume[825582]: ERROR cinder.cmd.volume     __import__(mod_str)
Jun 20 23:28:46 datacore-PowerEdge-R740 cinder-volume[825582]: ERROR cinder.cmd.volume ModuleNotFoundError: No module named 'cinder.volume.drivers.datacore.iscsi'
Jun 20 23:28:46 datacore-PowerEdge-R740 cinder-volume[825582]: ERROR cinder.cmd.volume 
Jun 20 23:28:46 datacore-PowerEdge-R740 cinder-volume[825582]: ERROR cinder.cmd.volume [None req-4a0418a9-bd00-4776-96c0-bfbca7a99626 None None] No volume service(s) started successfully, terminating.
Jun 20 23:28:46 datacore-PowerEdge-R740 cinder-volume[825582]: /usr/lib/python3/dist-packages/secretstorage/dhcrypto.py:15: CryptographyDeprecationWarning: int_from_bytes is deprecated, use int.from_bytes instead
Jun 20 23:28:46 datacore-PowerEdge-R740 cinder-volume[825582]:   from cryptography.utils import int_from_bytes
Jun 20 23:28:46 datacore-PowerEdge-R740 cinder-volume[825582]: /usr/lib/python3/dist-packages/secretstorage/util.py:19: CryptographyDeprecationWarning: int_from_bytes is deprecated, use int.from_bytes instead
Jun 20 23:28:46 datacore-PowerEdge-R740 cinder-volume[825582]:   from cryptography.utils import int_from_bytes
Jun 20 23:28:46 datacore-PowerEdge-R740 cinder-volume[825582]: /opt/stack/cinder/cinder/db/sqlalchemy/models.py:152: SAWarning: implicitly coercing SELECT object to scalar subquery; please use the .scalar_subquery() method to produce a scalar subquery.
Jun 20 23:28:46 datacore-PowerEdge-R740 cinder-volume[825582]:   last_heartbeat = column_property(
Jun 20 23:28:46 datacore-PowerEdge-R740 cinder-volume[825582]: /opt/stack/cinder/cinder/db/sqlalchemy/models.py:160: SAWarning: implicitly coercing SELECT object to scalar subquery; please use the .scalar_subquery() method to produce a scalar subquery.
Jun 20 23:28:46 datacore-PowerEdge-R740 cinder-volume[825582]:   num_hosts = column_property(
Jun 20 23:28:46 datacore-PowerEdge-R740 cinder-volume[825582]: /opt/stack/cinder/cinder/db/sqlalchemy/models.py:169: SAWarning: implicitly coercing SELECT object to scalar subquery; please use the .scalar_subquery() method to produce a scalar subquery.
Jun 20 23:28:46 datacore-PowerEdge-R740 cinder-volume[825582]:   num_down_hosts = column_property(
Jun 20 23:28:47 datacore-PowerEdge-R740 systemd[1]: devstack@c-vol.service: Main process exited, code=exited, status=1/FAILURE
Jun 20 23:28:47 datacore-PowerEdge-R740 systemd[1]: devstack@c-vol.service: Failed with result 'exit-code'.
