-- Logs begin at Thu 2022-09-29 19:37:18 IST, end at Thu 2022-09-29 19:37:21 IST. --
Sep 29 19:37:19 datacore-PowerEdge-R740 sudo[1429782]: pam_unix(sudo:session): session closed for user root
Sep 29 19:37:19 datacore-PowerEdge-R740 cinder-volume[1429401]: DEBUG oslo_concurrency.processutils [None req-8449388c-feb0-42be-97eb-8e63194d01cd None None] CMD "sudo cinder-rootwrap /etc/cinder/rootwrap.conf env LC_ALL=C lvs --noheadings --unit=g -o size,data_percent --separator : --nosuffix /dev/stack-volumes-lvmdriver-1/stack-volumes-lvmdriver-1-pool" returned: 0 in 0.661s {{(pid=1429401) execute /usr/local/lib/python3.8/dist-packages/oslo_concurrency/processutils.py:422}}
Sep 29 19:37:19 datacore-PowerEdge-R740 cinder-volume[1429401]: DEBUG oslo_concurrency.processutils [None req-8449388c-feb0-42be-97eb-8e63194d01cd None None] Running cmd (subprocess): sudo cinder-rootwrap /etc/cinder/rootwrap.conf env LC_ALL=C lvs --noheadings --unit=g -o vg_name,name,size --nosuffix --readonly stack-volumes-lvmdriver-1 {{(pid=1429401) execute /usr/local/lib/python3.8/dist-packages/oslo_concurrency/processutils.py:384}}
Sep 29 19:37:19 datacore-PowerEdge-R740 sudo[1429792]:    stack : TTY=unknown ; PWD=/ ; USER=root ; COMMAND=/usr/local/bin/cinder-rootwrap /etc/cinder/rootwrap.conf env LC_ALL=C lvs --noheadings --unit=g -o vg_name,name,size --nosuffix --readonly stack-volumes-lvmdriver-1
Sep 29 19:37:19 datacore-PowerEdge-R740 sudo[1429792]: pam_unix(sudo:session): session opened for user root by (uid=0)
Sep 29 19:37:19 datacore-PowerEdge-R740 sudo[1429792]: pam_unix(sudo:session): session closed for user root
Sep 29 19:37:19 datacore-PowerEdge-R740 cinder-volume[1429401]: DEBUG oslo_concurrency.processutils [None req-8449388c-feb0-42be-97eb-8e63194d01cd None None] CMD "sudo cinder-rootwrap /etc/cinder/rootwrap.conf env LC_ALL=C lvs --noheadings --unit=g -o vg_name,name,size --nosuffix --readonly stack-volumes-lvmdriver-1" returned: 0 in 0.647s {{(pid=1429401) execute /usr/local/lib/python3.8/dist-packages/oslo_concurrency/processutils.py:422}}
Sep 29 19:37:19 datacore-PowerEdge-R740 cinder-volume[1429401]: DEBUG cinder.manager [None req-8449388c-feb0-42be-97eb-8e63194d01cd None None] Notifying Schedulers of capabilities ... {{(pid=1429401) _publish_service_capabilities /opt/stack/cinder/cinder/manager.py:202}}
Sep 29 19:37:19 datacore-PowerEdge-R740 cinder-volume[1429401]: INFO cinder.volume.manager [None req-8449388c-feb0-42be-97eb-8e63194d01cd None None] Driver initialization completed successfully.
Sep 29 19:37:19 datacore-PowerEdge-R740 cinder-volume[1429401]: INFO cinder.manager [None req-8449388c-feb0-42be-97eb-8e63194d01cd None None] Initiating service 2 cleanup
Sep 29 19:37:19 datacore-PowerEdge-R740 cinder-volume[1429401]: INFO cinder.manager [None req-8449388c-feb0-42be-97eb-8e63194d01cd None None] Service 2 cleanup completed.
Sep 29 19:37:19 datacore-PowerEdge-R740 cinder-volume[1429401]: DEBUG cinder.service [None req-8449388c-feb0-42be-97eb-8e63194d01cd None None] Creating RPC server for service cinder-volume {{(pid=1429401) start /opt/stack/cinder/cinder/service.py:231}}
Sep 29 19:37:19 datacore-PowerEdge-R740 cinder-volume[1429401]: DEBUG cinder.service [None req-8449388c-feb0-42be-97eb-8e63194d01cd None None] Pinning object versions for RPC server serializer to 1.39 {{(pid=1429401) start /opt/stack/cinder/cinder/service.py:237}}
Sep 29 19:37:19 datacore-PowerEdge-R740 cinder-volume[1429401]: INFO cinder.volume.manager [None req-8449388c-feb0-42be-97eb-8e63194d01cd None None] Initializing RPC dependent components of volume driver LVMVolumeDriver (3.0.0)
Sep 29 19:37:19 datacore-PowerEdge-R740 cinder-volume[1429401]: DEBUG cinder.volume.drivers.lvm [None req-8449388c-feb0-42be-97eb-8e63194d01cd None None] Updating volume stats {{(pid=1429401) _update_volume_stats /opt/stack/cinder/cinder/volume/drivers/lvm.py:213}}
Sep 29 19:37:19 datacore-PowerEdge-R740 cinder-volume[1429401]: DEBUG oslo_concurrency.processutils [None req-8449388c-feb0-42be-97eb-8e63194d01cd None None] Running cmd (subprocess): sudo cinder-rootwrap /etc/cinder/rootwrap.conf env LC_ALL=C vgs --noheadings --unit=g -o name,size,free,lv_count,uuid --separator : --nosuffix stack-volumes-lvmdriver-1 {{(pid=1429401) execute /usr/local/lib/python3.8/dist-packages/oslo_concurrency/processutils.py:384}}
Sep 29 19:37:19 datacore-PowerEdge-R740 sudo[1429821]:    stack : TTY=unknown ; PWD=/ ; USER=root ; COMMAND=/usr/local/bin/cinder-rootwrap /etc/cinder/rootwrap.conf env LC_ALL=C vgs --noheadings --unit=g -o name,size,free,lv_count,uuid --separator : --nosuffix stack-volumes-lvmdriver-1
Sep 29 19:37:19 datacore-PowerEdge-R740 sudo[1429821]: pam_unix(sudo:session): session opened for user root by (uid=0)
Sep 29 19:37:20 datacore-PowerEdge-R740 sudo[1429821]: pam_unix(sudo:session): session closed for user root
Sep 29 19:37:20 datacore-PowerEdge-R740 cinder-volume[1429401]: DEBUG oslo_concurrency.processutils [None req-8449388c-feb0-42be-97eb-8e63194d01cd None None] CMD "sudo cinder-rootwrap /etc/cinder/rootwrap.conf env LC_ALL=C vgs --noheadings --unit=g -o name,size,free,lv_count,uuid --separator : --nosuffix stack-volumes-lvmdriver-1" returned: 0 in 0.657s {{(pid=1429401) execute /usr/local/lib/python3.8/dist-packages/oslo_concurrency/processutils.py:422}}
Sep 29 19:37:20 datacore-PowerEdge-R740 cinder-volume[1429401]: DEBUG oslo_concurrency.processutils [None req-8449388c-feb0-42be-97eb-8e63194d01cd None None] Running cmd (subprocess): sudo cinder-rootwrap /etc/cinder/rootwrap.conf env LC_ALL=C lvs --noheadings --unit=g -o vg_name,name,size --nosuffix --readonly stack-volumes-lvmdriver-1 {{(pid=1429401) execute /usr/local/lib/python3.8/dist-packages/oslo_concurrency/processutils.py:384}}
Sep 29 19:37:20 datacore-PowerEdge-R740 sudo[1429830]:    stack : TTY=unknown ; PWD=/ ; USER=root ; COMMAND=/usr/local/bin/cinder-rootwrap /etc/cinder/rootwrap.conf env LC_ALL=C lvs --noheadings --unit=g -o vg_name,name,size --nosuffix --readonly stack-volumes-lvmdriver-1
Sep 29 19:37:20 datacore-PowerEdge-R740 sudo[1429830]: pam_unix(sudo:session): session opened for user root by (uid=0)
