Source the openrc file
WARNING: setting legacy OS_TENANT_NAME to support cli tools.
Patch Details: GERRIT_CHANGE_NUMBER: 844601 GERRIT_PATCHSET_NUMBER: 5 GERRIT_REFSPEC: refs/changes/01/844601/5
Updating cinder code
Waiting for patchset. FROM_JENKINS: 1
Switched to branch 'master'
Your branch is up to date with 'origin/master'.
git checkout cinder master Success
Already up to date.
git pull Success
changeBranch: change-844601-5
From https://opendev.org/openstack/cinder
 * [new ref]             refs/changes/01/844601/5 -> change-844601-5
git fetch origin refs/changes/01/844601/5:change-844601-5 Success
Switched to branch 'change-844601-5'
git checkout change-844601-5 Success
Already up to date.
checkout patchset [ PASSED ]
Clearing logs
/tmp/ci-result-1656078343486
Starting iSCSI Test configuration
Updating cinder.conf with iSCSI driver details [ PASSED ]
Restarting devstack services
Cinder volume service [ FAILED ]
Already up to date.
Updating cinder-tempest-logs repo [ PASSED ]
