-- Logs begin at Wed 2022-09-14 18:03:28 IST, end at Wed 2022-09-14 18:03:42 IST. --
Sep 14 18:03:29 datacore-PowerEdge-R740 sudo[2236261]: pam_unix(sudo:session): session closed for user root
Sep 14 18:03:29 datacore-PowerEdge-R740 cinder-volume[2236256]: DEBUG oslo_concurrency.processutils [None req-e7260056-e3f2-4049-bb10-d5e2d994c88c None None] CMD "sudo cinder-rootwrap /etc/cinder/rootwrap.conf env LC_ALL=C vgs --noheadings -o name stack-volumes-lvmdriver-1" returned: 0 in 1.163s {{(pid=2236256) execute /usr/local/lib/python3.8/dist-packages/oslo_concurrency/processutils.py:422}}
Sep 14 18:03:29 datacore-PowerEdge-R740 cinder-volume[2236256]: DEBUG oslo_concurrency.processutils [None req-e7260056-e3f2-4049-bb10-d5e2d994c88c None None] Running cmd (subprocess): sudo cinder-rootwrap /etc/cinder/rootwrap.conf env LC_ALL=C lvs --noheadings --unit=g -o vg_name,name,size --nosuffix --readonly stack-volumes-lvmdriver-1/stack-volumes-lvmdriver-1-pool {{(pid=2236256) execute /usr/local/lib/python3.8/dist-packages/oslo_concurrency/processutils.py:384}}
Sep 14 18:03:29 datacore-PowerEdge-R740 sudo[2236287]:    stack : TTY=unknown ; PWD=/ ; USER=root ; COMMAND=/usr/local/bin/cinder-rootwrap /etc/cinder/rootwrap.conf env LC_ALL=C lvs --noheadings --unit=g -o vg_name,name,size --nosuffix --readonly stack-volumes-lvmdriver-1/stack-volumes-lvmdriver-1-pool
Sep 14 18:03:29 datacore-PowerEdge-R740 sudo[2236287]: pam_unix(sudo:session): session opened for user root by (uid=0)
Sep 14 18:03:30 datacore-PowerEdge-R740 sudo[2236287]: pam_unix(sudo:session): session closed for user root
Sep 14 18:03:30 datacore-PowerEdge-R740 cinder-volume[2236256]: DEBUG oslo_concurrency.processutils [None req-e7260056-e3f2-4049-bb10-d5e2d994c88c None None] CMD "sudo cinder-rootwrap /etc/cinder/rootwrap.conf env LC_ALL=C lvs --noheadings --unit=g -o vg_name,name,size --nosuffix --readonly stack-volumes-lvmdriver-1/stack-volumes-lvmdriver-1-pool" returned: 0 in 1.082s {{(pid=2236256) execute /usr/local/lib/python3.8/dist-packages/oslo_concurrency/processutils.py:422}}
Sep 14 18:03:30 datacore-PowerEdge-R740 cinder-volume[2236256]: DEBUG oslo_concurrency.processutils [None req-e7260056-e3f2-4049-bb10-d5e2d994c88c None None] Running cmd (subprocess): env LC_ALL=C lvm version {{(pid=2236256) execute /usr/local/lib/python3.8/dist-packages/oslo_concurrency/processutils.py:384}}
Sep 14 18:03:30 datacore-PowerEdge-R740 cinder-volume[2236256]: DEBUG oslo_concurrency.processutils [None req-e7260056-e3f2-4049-bb10-d5e2d994c88c None None] CMD "env LC_ALL=C lvm version" returned: 0 in 0.016s {{(pid=2236256) execute /usr/local/lib/python3.8/dist-packages/oslo_concurrency/processutils.py:422}}
Sep 14 18:03:30 datacore-PowerEdge-R740 cinder-volume[2236256]: DEBUG oslo_concurrency.processutils [None req-e7260056-e3f2-4049-bb10-d5e2d994c88c None None] Running cmd (subprocess): sudo cinder-rootwrap /etc/cinder/rootwrap.conf lvchange -a y --yes -K stack-volumes-lvmdriver-1/stack-volumes-lvmdriver-1-pool {{(pid=2236256) execute /usr/local/lib/python3.8/dist-packages/oslo_concurrency/processutils.py:384}}
Sep 14 18:03:30 datacore-PowerEdge-R740 sudo[2236341]:    stack : TTY=unknown ; PWD=/ ; USER=root ; COMMAND=/usr/local/bin/cinder-rootwrap /etc/cinder/rootwrap.conf lvchange -a y --yes -K stack-volumes-lvmdriver-1/stack-volumes-lvmdriver-1-pool
Sep 14 18:03:30 datacore-PowerEdge-R740 sudo[2236341]: pam_unix(sudo:session): session opened for user root by (uid=0)
Sep 14 18:03:31 datacore-PowerEdge-R740 sudo[2236341]: pam_unix(sudo:session): session closed for user root
Sep 14 18:03:31 datacore-PowerEdge-R740 cinder-volume[2236256]: DEBUG oslo_concurrency.processutils [None req-e7260056-e3f2-4049-bb10-d5e2d994c88c None None] CMD "sudo cinder-rootwrap /etc/cinder/rootwrap.conf lvchange -a y --yes -K stack-volumes-lvmdriver-1/stack-volumes-lvmdriver-1-pool" returned: 0 in 0.973s {{(pid=2236256) execute /usr/local/lib/python3.8/dist-packages/oslo_concurrency/processutils.py:422}}
Sep 14 18:03:31 datacore-PowerEdge-R740 cinder-volume[2236256]: DEBUG oslo_concurrency.processutils [None req-e7260056-e3f2-4049-bb10-d5e2d994c88c None None] Running cmd (subprocess): env LC_ALL=C lvm version {{(pid=2236256) execute /usr/local/lib/python3.8/dist-packages/oslo_concurrency/processutils.py:384}}
Sep 14 18:03:31 datacore-PowerEdge-R740 cinder-volume[2236256]: DEBUG oslo_concurrency.processutils [None req-e7260056-e3f2-4049-bb10-d5e2d994c88c None None] CMD "env LC_ALL=C lvm version" returned: 0 in 0.019s {{(pid=2236256) execute /usr/local/lib/python3.8/dist-packages/oslo_concurrency/processutils.py:422}}
Sep 14 18:03:31 datacore-PowerEdge-R740 cinder-volume[2236256]: DEBUG oslo_concurrency.processutils [None req-e7260056-e3f2-4049-bb10-d5e2d994c88c None None] Running cmd (subprocess): sudo cinder-rootwrap /etc/cinder/rootwrap.conf env LC_ALL=C pvs --noheadings --unit=g -o vg_name,name,size,free --separator | --nosuffix --ignoreskippedcluster {{(pid=2236256) execute /usr/local/lib/python3.8/dist-packages/oslo_concurrency/processutils.py:384}}
Sep 14 18:03:31 datacore-PowerEdge-R740 sudo[2236456]:    stack : TTY=unknown ; PWD=/ ; USER=root ; COMMAND=/usr/local/bin/cinder-rootwrap /etc/cinder/rootwrap.conf env LC_ALL=C pvs --noheadings --unit=g -o vg_name,name,size,free --separator | --nosuffix --ignoreskippedcluster
Sep 14 18:03:31 datacore-PowerEdge-R740 sudo[2236456]: pam_unix(sudo:session): session opened for user root by (uid=0)
Sep 14 18:03:32 datacore-PowerEdge-R740 sudo[2236456]: pam_unix(sudo:session): session closed for user root
Sep 14 18:03:32 datacore-PowerEdge-R740 cinder-volume[2236256]: DEBUG oslo_concurrency.processutils [None req-e7260056-e3f2-4049-bb10-d5e2d994c88c None None] CMD "sudo cinder-rootwrap /etc/cinder/rootwrap.conf env LC_ALL=C pvs --noheadings --unit=g -o vg_name,name,size,free --separator | --nosuffix --ignoreskippedcluster" returned: 0 in 0.686s {{(pid=2236256) execute /usr/local/lib/python3.8/dist-packages/oslo_concurrency/processutils.py:422}}
Sep 14 18:03:32 datacore-PowerEdge-R740 cinder-volume[2236256]: DEBUG oslo_concurrency.processutils [None req-e7260056-e3f2-4049-bb10-d5e2d994c88c None None] Running cmd (subprocess): sudo cinder-rootwrap /etc/cinder/rootwrap.conf env LC_ALL=C vgs --noheadings --unit=g -o name,size,free,lv_count,uuid --separator : --nosuffix stack-volumes-lvmdriver-1 {{(pid=2236256) execute /usr/local/lib/python3.8/dist-packages/oslo_concurrency/processutils.py:384}}
Sep 14 18:03:32 datacore-PowerEdge-R740 sudo[2236509]:    stack : TTY=unknown ; PWD=/ ; USER=root ; COMMAND=/usr/local/bin/cinder-rootwrap /etc/cinder/rootwrap.conf env LC_ALL=C vgs --noheadings --unit=g -o name,size,free,lv_count,uuid --separator : --nosuffix stack-volumes-lvmdriver-1
Sep 14 18:03:32 datacore-PowerEdge-R740 sudo[2236509]: pam_unix(sudo:session): session opened for user root by (uid=0)
Sep 14 18:03:32 datacore-PowerEdge-R740 sudo[2236509]: pam_unix(sudo:session): session closed for user root
Sep 14 18:03:32 datacore-PowerEdge-R740 cinder-volume[2236256]: DEBUG oslo_concurrency.processutils [None req-e7260056-e3f2-4049-bb10-d5e2d994c88c None None] CMD "sudo cinder-rootwrap /etc/cinder/rootwrap.conf env LC_ALL=C vgs --noheadings --unit=g -o name,size,free,lv_count,uuid --separator : --nosuffix stack-volumes-lvmdriver-1" returned: 0 in 0.643s {{(pid=2236256) execute /usr/local/lib/python3.8/dist-packages/oslo_concurrency/processutils.py:422}}
Sep 14 18:03:32 datacore-PowerEdge-R740 cinder-volume[2236256]: DEBUG oslo_concurrency.processutils [None req-e7260056-e3f2-4049-bb10-d5e2d994c88c None None] Running cmd (subprocess): sudo cinder-rootwrap /etc/cinder/rootwrap.conf env LC_ALL=C vgs --noheadings --unit=g -o name,size,free,lv_count,uuid --separator : --nosuffix stack-volumes-lvmdriver-1 {{(pid=2236256) execute /usr/local/lib/python3.8/dist-packages/oslo_concurrency/processutils.py:384}}
Sep 14 18:03:32 datacore-PowerEdge-R740 sudo[2236535]:    stack : TTY=unknown ; PWD=/ ; USER=root ; COMMAND=/usr/local/bin/cinder-rootwrap /etc/cinder/rootwrap.conf env LC_ALL=C vgs --noheadings --unit=g -o name,size,free,lv_count,uuid --separator : --nosuffix stack-volumes-lvmdriver-1
Sep 14 18:03:32 datacore-PowerEdge-R740 sudo[2236535]: pam_unix(sudo:session): session opened for user root by (uid=0)
Sep 14 18:03:33 datacore-PowerEdge-R740 sudo[2236535]: pam_unix(sudo:session): session closed for user root
Sep 14 18:03:33 datacore-PowerEdge-R740 cinder-volume[2236256]: DEBUG oslo_concurrency.processutils [None req-e7260056-e3f2-4049-bb10-d5e2d994c88c None None] CMD "sudo cinder-rootwrap /etc/cinder/rootwrap.conf env LC_ALL=C vgs --noheadings --unit=g -o name,size,free,lv_count,uuid --separator : --nosuffix stack-volumes-lvmdriver-1" returned: 0 in 0.739s {{(pid=2236256) execute /usr/local/lib/python3.8/dist-packages/oslo_concurrency/processutils.py:422}}
Sep 14 18:03:33 datacore-PowerEdge-R740 cinder-volume[2236256]: DEBUG oslo_concurrency.processutils [None req-e7260056-e3f2-4049-bb10-d5e2d994c88c None None] Running cmd (subprocess): sudo cinder-rootwrap /etc/cinder/rootwrap.conf env LC_ALL=C lvs --noheadings --unit=g -o vg_name,name,size --nosuffix --readonly stack-volumes-lvmdriver-1 {{(pid=2236256) execute /usr/local/lib/python3.8/dist-packages/oslo_concurrency/processutils.py:384}}
Sep 14 18:03:33 datacore-PowerEdge-R740 sudo[2236542]:    stack : TTY=unknown ; PWD=/ ; USER=root ; COMMAND=/usr/local/bin/cinder-rootwrap /etc/cinder/rootwrap.conf env LC_ALL=C lvs --noheadings --unit=g -o vg_name,name,size --nosuffix --readonly stack-volumes-lvmdriver-1
Sep 14 18:03:33 datacore-PowerEdge-R740 sudo[2236542]: pam_unix(sudo:session): session opened for user root by (uid=0)
Sep 14 18:03:34 datacore-PowerEdge-R740 sudo[2236542]: pam_unix(sudo:session): session closed for user root
Sep 14 18:03:34 datacore-PowerEdge-R740 cinder-volume[2236256]: DEBUG oslo_concurrency.processutils [None req-e7260056-e3f2-4049-bb10-d5e2d994c88c None None] CMD "sudo cinder-rootwrap /etc/cinder/rootwrap.conf env LC_ALL=C lvs --noheadings --unit=g -o vg_name,name,size --nosuffix --readonly stack-volumes-lvmdriver-1" returned: 0 in 0.667s {{(pid=2236256) execute /usr/local/lib/python3.8/dist-packages/oslo_concurrency/processutils.py:422}}
Sep 14 18:03:34 datacore-PowerEdge-R740 cinder-volume[2236256]: DEBUG oslo_concurrency.processutils [None req-e7260056-e3f2-4049-bb10-d5e2d994c88c None None] Running cmd (subprocess): sudo cinder-rootwrap /etc/cinder/rootwrap.conf env LC_ALL=C lvs --noheadings --unit=g -o size,data_percent --separator : --nosuffix /dev/stack-volumes-lvmdriver-1/stack-volumes-lvmdriver-1-pool {{(pid=2236256) execute /usr/local/lib/python3.8/dist-packages/oslo_concurrency/processutils.py:384}}
Sep 14 18:03:34 datacore-PowerEdge-R740 sudo[2236559]:    stack : TTY=unknown ; PWD=/ ; USER=root ; COMMAND=/usr/local/bin/cinder-rootwrap /etc/cinder/rootwrap.conf env LC_ALL=C lvs --noheadings --unit=g -o size,data_percent --separator : --nosuffix /dev/stack-volumes-lvmdriver-1/stack-volumes-lvmdriver-1-pool
Sep 14 18:03:34 datacore-PowerEdge-R740 sudo[2236559]: pam_unix(sudo:session): session opened for user root by (uid=0)
Sep 14 18:03:34 datacore-PowerEdge-R740 sudo[2236559]: pam_unix(sudo:session): session closed for user root
Sep 14 18:03:34 datacore-PowerEdge-R740 cinder-volume[2236256]: DEBUG oslo_concurrency.processutils [None req-e7260056-e3f2-4049-bb10-d5e2d994c88c None None] CMD "sudo cinder-rootwrap /etc/cinder/rootwrap.conf env LC_ALL=C lvs --noheadings --unit=g -o size,data_percent --separator : --nosuffix /dev/stack-volumes-lvmdriver-1/stack-volumes-lvmdriver-1-pool" returned: 0 in 0.634s {{(pid=2236256) execute /usr/local/lib/python3.8/dist-packages/oslo_concurrency/processutils.py:422}}
Sep 14 18:03:34 datacore-PowerEdge-R740 cinder-volume[2236256]: DEBUG oslo_concurrency.processutils [None req-e7260056-e3f2-4049-bb10-d5e2d994c88c None None] Running cmd (subprocess): env LC_ALL=C lvm version {{(pid=2236256) execute /usr/local/lib/python3.8/dist-packages/oslo_concurrency/processutils.py:384}}
Sep 14 18:03:34 datacore-PowerEdge-R740 cinder-volume[2236256]: DEBUG oslo_concurrency.processutils [None req-e7260056-e3f2-4049-bb10-d5e2d994c88c None None] CMD "env LC_ALL=C lvm version" returned: 0 in 0.019s {{(pid=2236256) execute /usr/local/lib/python3.8/dist-packages/oslo_concurrency/processutils.py:422}}
Sep 14 18:03:34 datacore-PowerEdge-R740 cinder-volume[2236256]: DEBUG oslo_concurrency.processutils [None req-e7260056-e3f2-4049-bb10-d5e2d994c88c None None] Running cmd (subprocess): sudo cinder-rootwrap /etc/cinder/rootwrap.conf env LC_ALL=C lvs --noheadings --unit=g -o vg_name,name,size --nosuffix --readonly stack-volumes-lvmdriver-1/stack-volumes-lvmdriver-1-pool {{(pid=2236256) execute /usr/local/lib/python3.8/dist-packages/oslo_concurrency/processutils.py:384}}
Sep 14 18:03:34 datacore-PowerEdge-R740 sudo[2236566]:    stack : TTY=unknown ; PWD=/ ; USER=root ; COMMAND=/usr/local/bin/cinder-rootwrap /etc/cinder/rootwrap.conf env LC_ALL=C lvs --noheadings --unit=g -o vg_name,name,size --nosuffix --readonly stack-volumes-lvmdriver-1/stack-volumes-lvmdriver-1-pool
Sep 14 18:03:34 datacore-PowerEdge-R740 sudo[2236566]: pam_unix(sudo:session): session opened for user root by (uid=0)
Sep 14 18:03:35 datacore-PowerEdge-R740 sudo[2236566]: pam_unix(sudo:session): session closed for user root
Sep 14 18:03:35 datacore-PowerEdge-R740 cinder-volume[2236256]: DEBUG oslo_concurrency.processutils [None req-e7260056-e3f2-4049-bb10-d5e2d994c88c None None] CMD "sudo cinder-rootwrap /etc/cinder/rootwrap.conf env LC_ALL=C lvs --noheadings --unit=g -o vg_name,name,size --nosuffix --readonly stack-volumes-lvmdriver-1/stack-volumes-lvmdriver-1-pool" returned: 0 in 0.627s {{(pid=2236256) execute /usr/local/lib/python3.8/dist-packages/oslo_concurrency/processutils.py:422}}
Sep 14 18:03:35 datacore-PowerEdge-R740 cinder-volume[2236256]: INFO cinder.volume.drivers.lvm [None req-e7260056-e3f2-4049-bb10-d5e2d994c88c None None] Enabling LVM thin provisioning by default because a thin pool exists.
Sep 14 18:03:35 datacore-PowerEdge-R740 cinder-volume[2236256]: DEBUG oslo_concurrency.processutils [None req-e7260056-e3f2-4049-bb10-d5e2d994c88c None None] Running cmd (subprocess): env LC_ALL=C lvm version {{(pid=2236256) execute /usr/local/lib/python3.8/dist-packages/oslo_concurrency/processutils.py:384}}
Sep 14 18:03:35 datacore-PowerEdge-R740 cinder-volume[2236256]: DEBUG oslo_concurrency.processutils [None req-e7260056-e3f2-4049-bb10-d5e2d994c88c None None] CMD "env LC_ALL=C lvm version" returned: 0 in 0.018s {{(pid=2236256) execute /usr/local/lib/python3.8/dist-packages/oslo_concurrency/processutils.py:422}}
Sep 14 18:03:35 datacore-PowerEdge-R740 cinder-volume[2236256]: DEBUG oslo_concurrency.processutils [None req-e7260056-e3f2-4049-bb10-d5e2d994c88c None None] Running cmd (subprocess): sudo cinder-rootwrap /etc/cinder/rootwrap.conf env LC_ALL=C lvs --noheadings --unit=g -o vg_name,name,size --nosuffix --readonly stack-volumes-lvmdriver-1/stack-volumes-lvmdriver-1-pool {{(pid=2236256) execute /usr/local/lib/python3.8/dist-packages/oslo_concurrency/processutils.py:384}}
Sep 14 18:03:35 datacore-PowerEdge-R740 sudo[2236571]:    stack : TTY=unknown ; PWD=/ ; USER=root ; COMMAND=/usr/local/bin/cinder-rootwrap /etc/cinder/rootwrap.conf env LC_ALL=C lvs --noheadings --unit=g -o vg_name,name,size --nosuffix --readonly stack-volumes-lvmdriver-1/stack-volumes-lvmdriver-1-pool
Sep 14 18:03:35 datacore-PowerEdge-R740 sudo[2236571]: pam_unix(sudo:session): session opened for user root by (uid=0)
Sep 14 18:03:36 datacore-PowerEdge-R740 sudo[2236571]: pam_unix(sudo:session): session closed for user root
Sep 14 18:03:36 datacore-PowerEdge-R740 cinder-volume[2236256]: DEBUG oslo_concurrency.processutils [None req-e7260056-e3f2-4049-bb10-d5e2d994c88c None None] CMD "sudo cinder-rootwrap /etc/cinder/rootwrap.conf env LC_ALL=C lvs --noheadings --unit=g -o vg_name,name,size --nosuffix --readonly stack-volumes-lvmdriver-1/stack-volumes-lvmdriver-1-pool" returned: 0 in 0.655s {{(pid=2236256) execute /usr/local/lib/python3.8/dist-packages/oslo_concurrency/processutils.py:422}}
Sep 14 18:03:36 datacore-PowerEdge-R740 cinder-volume[2236256]: DEBUG cinder.volume.drivers.lvm [None req-e7260056-e3f2-4049-bb10-d5e2d994c88c None None] Updating volume stats {{(pid=2236256) _update_volume_stats /opt/stack/cinder/cinder/volume/drivers/lvm.py:213}}
Sep 14 18:03:36 datacore-PowerEdge-R740 cinder-volume[2236256]: DEBUG oslo_concurrency.processutils [None req-e7260056-e3f2-4049-bb10-d5e2d994c88c None None] Running cmd (subprocess): sudo cinder-rootwrap /etc/cinder/rootwrap.conf env LC_ALL=C vgs --noheadings --unit=g -o name,size,free,lv_count,uuid --separator : --nosuffix stack-volumes-lvmdriver-1 {{(pid=2236256) execute /usr/local/lib/python3.8/dist-packages/oslo_concurrency/processutils.py:384}}
Sep 14 18:03:36 datacore-PowerEdge-R740 sudo[2236583]:    stack : TTY=unknown ; PWD=/ ; USER=root ; COMMAND=/usr/local/bin/cinder-rootwrap /etc/cinder/rootwrap.conf env LC_ALL=C vgs --noheadings --unit=g -o name,size,free,lv_count,uuid --separator : --nosuffix stack-volumes-lvmdriver-1
Sep 14 18:03:36 datacore-PowerEdge-R740 sudo[2236583]: pam_unix(sudo:session): session opened for user root by (uid=0)
Sep 14 18:03:36 datacore-PowerEdge-R740 sudo[2236583]: pam_unix(sudo:session): session closed for user root
Sep 14 18:03:36 datacore-PowerEdge-R740 cinder-volume[2236256]: DEBUG oslo_concurrency.processutils [None req-e7260056-e3f2-4049-bb10-d5e2d994c88c None None] CMD "sudo cinder-rootwrap /etc/cinder/rootwrap.conf env LC_ALL=C vgs --noheadings --unit=g -o name,size,free,lv_count,uuid --separator : --nosuffix stack-volumes-lvmdriver-1" returned: 0 in 0.647s {{(pid=2236256) execute /usr/local/lib/python3.8/dist-packages/oslo_concurrency/processutils.py:422}}
Sep 14 18:03:36 datacore-PowerEdge-R740 cinder-volume[2236256]: DEBUG oslo_concurrency.processutils [None req-e7260056-e3f2-4049-bb10-d5e2d994c88c None None] Running cmd (subprocess): sudo cinder-rootwrap /etc/cinder/rootwrap.conf env LC_ALL=C lvs --noheadings --unit=g -o vg_name,name,size --nosuffix --readonly stack-volumes-lvmdriver-1 {{(pid=2236256) execute /usr/local/lib/python3.8/dist-packages/oslo_concurrency/processutils.py:384}}
Sep 14 18:03:36 datacore-PowerEdge-R740 sudo[2236592]:    stack : TTY=unknown ; PWD=/ ; USER=root ; COMMAND=/usr/local/bin/cinder-rootwrap /etc/cinder/rootwrap.conf env LC_ALL=C lvs --noheadings --unit=g -o vg_name,name,size --nosuffix --readonly stack-volumes-lvmdriver-1
Sep 14 18:03:36 datacore-PowerEdge-R740 sudo[2236592]: pam_unix(sudo:session): session opened for user root by (uid=0)
Sep 14 18:03:37 datacore-PowerEdge-R740 sudo[2236592]: pam_unix(sudo:session): session closed for user root
Sep 14 18:03:37 datacore-PowerEdge-R740 cinder-volume[2236256]: DEBUG oslo_concurrency.processutils [None req-e7260056-e3f2-4049-bb10-d5e2d994c88c None None] CMD "sudo cinder-rootwrap /etc/cinder/rootwrap.conf env LC_ALL=C lvs --noheadings --unit=g -o vg_name,name,size --nosuffix --readonly stack-volumes-lvmdriver-1" returned: 0 in 0.650s {{(pid=2236256) execute /usr/local/lib/python3.8/dist-packages/oslo_concurrency/processutils.py:422}}
Sep 14 18:03:37 datacore-PowerEdge-R740 cinder-volume[2236256]: DEBUG oslo_concurrency.processutils [None req-e7260056-e3f2-4049-bb10-d5e2d994c88c None None] Running cmd (subprocess): sudo cinder-rootwrap /etc/cinder/rootwrap.conf env LC_ALL=C lvs --noheadings --unit=g -o size,data_percent --separator : --nosuffix /dev/stack-volumes-lvmdriver-1/stack-volumes-lvmdriver-1-pool {{(pid=2236256) execute /usr/local/lib/python3.8/dist-packages/oslo_concurrency/processutils.py:384}}
Sep 14 18:03:37 datacore-PowerEdge-R740 sudo[2236599]:    stack : TTY=unknown ; PWD=/ ; USER=root ; COMMAND=/usr/local/bin/cinder-rootwrap /etc/cinder/rootwrap.conf env LC_ALL=C lvs --noheadings --unit=g -o size,data_percent --separator : --nosuffix /dev/stack-volumes-lvmdriver-1/stack-volumes-lvmdriver-1-pool
Sep 14 18:03:37 datacore-PowerEdge-R740 sudo[2236599]: pam_unix(sudo:session): session opened for user root by (uid=0)
Sep 14 18:03:38 datacore-PowerEdge-R740 cinder-volume[2236079]: DEBUG dbcounter [-] [2236079] Writing DB stats cinder:SELECT=16,cinder:UPDATE=1 {{(pid=2236079) stat_writer /usr/local/lib/python3.8/dist-packages/dbcounter.py:114}}
Sep 14 18:03:38 datacore-PowerEdge-R740 sudo[2236599]: pam_unix(sudo:session): session closed for user root
Sep 14 18:03:38 datacore-PowerEdge-R740 cinder-volume[2236256]: DEBUG oslo_concurrency.processutils [None req-e7260056-e3f2-4049-bb10-d5e2d994c88c None None] CMD "sudo cinder-rootwrap /etc/cinder/rootwrap.conf env LC_ALL=C lvs --noheadings --unit=g -o size,data_percent --separator : --nosuffix /dev/stack-volumes-lvmdriver-1/stack-volumes-lvmdriver-1-pool" returned: 0 in 0.656s {{(pid=2236256) execute /usr/local/lib/python3.8/dist-packages/oslo_concurrency/processutils.py:422}}
Sep 14 18:03:38 datacore-PowerEdge-R740 cinder-volume[2236256]: DEBUG oslo_concurrency.processutils [None req-e7260056-e3f2-4049-bb10-d5e2d994c88c None None] Running cmd (subprocess): sudo cinder-rootwrap /etc/cinder/rootwrap.conf env LC_ALL=C lvs --noheadings --unit=g -o vg_name,name,size --nosuffix --readonly stack-volumes-lvmdriver-1 {{(pid=2236256) execute /usr/local/lib/python3.8/dist-packages/oslo_concurrency/processutils.py:384}}
Sep 14 18:03:38 datacore-PowerEdge-R740 sudo[2236608]:    stack : TTY=unknown ; PWD=/ ; USER=root ; COMMAND=/usr/local/bin/cinder-rootwrap /etc/cinder/rootwrap.conf env LC_ALL=C lvs --noheadings --unit=g -o vg_name,name,size --nosuffix --readonly stack-volumes-lvmdriver-1
Sep 14 18:03:38 datacore-PowerEdge-R740 sudo[2236608]: pam_unix(sudo:session): session opened for user root by (uid=0)
Sep 14 18:03:38 datacore-PowerEdge-R740 sudo[2236608]: pam_unix(sudo:session): session closed for user root
Sep 14 18:03:38 datacore-PowerEdge-R740 cinder-volume[2236256]: DEBUG oslo_concurrency.processutils [None req-e7260056-e3f2-4049-bb10-d5e2d994c88c None None] CMD "sudo cinder-rootwrap /etc/cinder/rootwrap.conf env LC_ALL=C lvs --noheadings --unit=g -o vg_name,name,size --nosuffix --readonly stack-volumes-lvmdriver-1" returned: 0 in 0.660s {{(pid=2236256) execute /usr/local/lib/python3.8/dist-packages/oslo_concurrency/processutils.py:422}}
Sep 14 18:03:38 datacore-PowerEdge-R740 cinder-volume[2236256]: INFO cinder.volume.driver [None req-e7260056-e3f2-4049-bb10-d5e2d994c88c None None] Driver hasn't implemented _init_vendor_properties()
Sep 14 18:03:38 datacore-PowerEdge-R740 cinder-volume[2236256]: DEBUG cinder.volume.driver [None req-e7260056-e3f2-4049-bb10-d5e2d994c88c None None] Initialized capabilities list: {'volume_backend_name': 'lvmdriver-1', 'vendor_name': 'Open Source', 'driver_version': '3.0.0', 'storage_protocol': 'iSCSI', 'pools': [{'pool_name': 'lvmdriver-1', 'total_capacity_gb': 28.5, 'free_capacity_gb': 28.5, 'reserved_percentage': 0, 'location_info': 'LVMVolumeDriver:datacore-PowerEdge-R740:stack-volumes-lvmdriver-1:thin:0', 'QoS_support': False, 'provisioned_capacity_gb': 0.0, 'max_over_subscription_ratio': '20.0', 'thin_provisioning_support': True, 'thick_provisioning_support': False, 'total_volumes': 1, 'filter_function': None, 'goodness_function': None, 'multiattach': True, 'backend_state': 'up'}], 'shared_targets': False, 'sparse_copy_volume': True, 'properties': {'thin_provisioning': {'title': 'Thin Provisioning', 'description': 'Sets thin provisioning.', 'type': 'boolean'}, 'compression': {'title': 'Compression', 'description': 'Enables compression.', 'type': 'boolean'}, 'qos': {'title': 'QoS', 'description': 'Enables QoS.', 'type': 'boolean'}, 'replication_enabled': {'title': 'Replication', 'description': 'Enables replication.', 'type': 'boolean'}}}. {{(pid=2236256) init_capabilities /opt/stack/cinder/cinder/volume/driver.py:812}}
Sep 14 18:03:38 datacore-PowerEdge-R740 cinder-volume[2236256]: DEBUG oslo_db.sqlalchemy.engines [None req-e7260056-e3f2-4049-bb10-d5e2d994c88c None None] MySQL server mode set to STRICT_TRANS_TABLES,STRICT_ALL_TABLES,NO_ZERO_IN_DATE,NO_ZERO_DATE,ERROR_FOR_DIVISION_BY_ZERO,TRADITIONAL,NO_ENGINE_SUBSTITUTION {{(pid=2236256) _check_effective_sql_mode /usr/local/lib/python3.8/dist-packages/oslo_db/sqlalchemy/engines.py:314}}
Sep 14 18:03:38 datacore-PowerEdge-R740 cinder-volume[2236256]: DEBUG dbcounter [-] [2236256] Writer thread running {{(pid=2236256) stat_writer /usr/local/lib/python3.8/dist-packages/dbcounter.py:99}}
Sep 14 18:03:38 datacore-PowerEdge-R740 cinder-volume[2236256]: DEBUG cinder.db.sqlalchemy.api [None req-e7260056-e3f2-4049-bb10-d5e2d994c88c None None] Building query based on filter {{(pid=2236256) _process_snaps_filters /opt/stack/cinder/cinder/db/sqlalchemy/api.py:3885}}
Sep 14 18:03:38 datacore-PowerEdge-R740 cinder-volume[2236256]: DEBUG cinder.image.image_utils [None req-e7260056-e3f2-4049-bb10-d5e2d994c88c None None] Configuration image_conversion_dir is None or the path doesn't exist. {{(pid=2236256) cleanup_temporary_file /opt/stack/cinder/cinder/image/image_utils.py:991}}
Sep 14 18:03:38 datacore-PowerEdge-R740 cinder-volume[2236256]: DEBUG cinder.volume.drivers.lvm [None req-e7260056-e3f2-4049-bb10-d5e2d994c88c None None] Updating volume stats {{(pid=2236256) _update_volume_stats /opt/stack/cinder/cinder/volume/drivers/lvm.py:213}}
Sep 14 18:03:38 datacore-PowerEdge-R740 cinder-volume[2236256]: DEBUG oslo_concurrency.processutils [None req-e7260056-e3f2-4049-bb10-d5e2d994c88c None None] Running cmd (subprocess): sudo cinder-rootwrap /etc/cinder/rootwrap.conf env LC_ALL=C vgs --noheadings --unit=g -o name,size,free,lv_count,uuid --separator : --nosuffix stack-volumes-lvmdriver-1 {{(pid=2236256) execute /usr/local/lib/python3.8/dist-packages/oslo_concurrency/processutils.py:384}}
Sep 14 18:03:38 datacore-PowerEdge-R740 cinder-volume[2236256]: INFO cinder.keymgr.migration [None req-e9e8a784-42c8-41a9-8d72-25d5d67bbb8a None None] Not migrating encryption keys because the ConfKeyManager is still in use.
Sep 14 18:03:38 datacore-PowerEdge-R740 sudo[2236618]:    stack : TTY=unknown ; PWD=/ ; USER=root ; COMMAND=/usr/local/bin/cinder-rootwrap /etc/cinder/rootwrap.conf env LC_ALL=C vgs --noheadings --unit=g -o name,size,free,lv_count,uuid --separator : --nosuffix stack-volumes-lvmdriver-1
Sep 14 18:03:38 datacore-PowerEdge-R740 sudo[2236618]: pam_unix(sudo:session): session opened for user root by (uid=0)
Sep 14 18:03:39 datacore-PowerEdge-R740 sudo[2236618]: pam_unix(sudo:session): session closed for user root
Sep 14 18:03:39 datacore-PowerEdge-R740 cinder-volume[2236256]: DEBUG oslo_concurrency.processutils [None req-e7260056-e3f2-4049-bb10-d5e2d994c88c None None] CMD "sudo cinder-rootwrap /etc/cinder/rootwrap.conf env LC_ALL=C vgs --noheadings --unit=g -o name,size,free,lv_count,uuid --separator : --nosuffix stack-volumes-lvmdriver-1" returned: 0 in 0.615s {{(pid=2236256) execute /usr/local/lib/python3.8/dist-packages/oslo_concurrency/processutils.py:422}}
Sep 14 18:03:39 datacore-PowerEdge-R740 cinder-volume[2236256]: DEBUG oslo_concurrency.processutils [None req-e7260056-e3f2-4049-bb10-d5e2d994c88c None None] Running cmd (subprocess): sudo cinder-rootwrap /etc/cinder/rootwrap.conf env LC_ALL=C lvs --noheadings --unit=g -o vg_name,name,size --nosuffix --readonly stack-volumes-lvmdriver-1 {{(pid=2236256) execute /usr/local/lib/python3.8/dist-packages/oslo_concurrency/processutils.py:384}}
Sep 14 18:03:39 datacore-PowerEdge-R740 sudo[2236627]:    stack : TTY=unknown ; PWD=/ ; USER=root ; COMMAND=/usr/local/bin/cinder-rootwrap /etc/cinder/rootwrap.conf env LC_ALL=C lvs --noheadings --unit=g -o vg_name,name,size --nosuffix --readonly stack-volumes-lvmdriver-1
Sep 14 18:03:39 datacore-PowerEdge-R740 sudo[2236627]: pam_unix(sudo:session): session opened for user root by (uid=0)
Sep 14 18:03:40 datacore-PowerEdge-R740 sudo[2236627]: pam_unix(sudo:session): session closed for user root
Sep 14 18:03:40 datacore-PowerEdge-R740 cinder-volume[2236256]: DEBUG oslo_concurrency.processutils [None req-e7260056-e3f2-4049-bb10-d5e2d994c88c None None] CMD "sudo cinder-rootwrap /etc/cinder/rootwrap.conf env LC_ALL=C lvs --noheadings --unit=g -o vg_name,name,size --nosuffix --readonly stack-volumes-lvmdriver-1" returned: 0 in 0.646s {{(pid=2236256) execute /usr/local/lib/python3.8/dist-packages/oslo_concurrency/processutils.py:422}}
Sep 14 18:03:40 datacore-PowerEdge-R740 cinder-volume[2236256]: DEBUG oslo_concurrency.processutils [None req-e7260056-e3f2-4049-bb10-d5e2d994c88c None None] Running cmd (subprocess): sudo cinder-rootwrap /etc/cinder/rootwrap.conf env LC_ALL=C lvs --noheadings --unit=g -o size,data_percent --separator : --nosuffix /dev/stack-volumes-lvmdriver-1/stack-volumes-lvmdriver-1-pool {{(pid=2236256) execute /usr/local/lib/python3.8/dist-packages/oslo_concurrency/processutils.py:384}}
Sep 14 18:03:40 datacore-PowerEdge-R740 sudo[2236635]:    stack : TTY=unknown ; PWD=/ ; USER=root ; COMMAND=/usr/local/bin/cinder-rootwrap /etc/cinder/rootwrap.conf env LC_ALL=C lvs --noheadings --unit=g -o size,data_percent --separator : --nosuffix /dev/stack-volumes-lvmdriver-1/stack-volumes-lvmdriver-1-pool
Sep 14 18:03:40 datacore-PowerEdge-R740 sudo[2236635]: pam_unix(sudo:session): session opened for user root by (uid=0)
Sep 14 18:03:40 datacore-PowerEdge-R740 sudo[2236635]: pam_unix(sudo:session): session closed for user root
Sep 14 18:03:40 datacore-PowerEdge-R740 cinder-volume[2236256]: DEBUG oslo_concurrency.processutils [None req-e7260056-e3f2-4049-bb10-d5e2d994c88c None None] CMD "sudo cinder-rootwrap /etc/cinder/rootwrap.conf env LC_ALL=C lvs --noheadings --unit=g -o size,data_percent --separator : --nosuffix /dev/stack-volumes-lvmdriver-1/stack-volumes-lvmdriver-1-pool" returned: 0 in 0.673s {{(pid=2236256) execute /usr/local/lib/python3.8/dist-packages/oslo_concurrency/processutils.py:422}}
Sep 14 18:03:40 datacore-PowerEdge-R740 cinder-volume[2236256]: DEBUG oslo_concurrency.processutils [None req-e7260056-e3f2-4049-bb10-d5e2d994c88c None None] Running cmd (subprocess): sudo cinder-rootwrap /etc/cinder/rootwrap.conf env LC_ALL=C lvs --noheadings --unit=g -o vg_name,name,size --nosuffix --readonly stack-volumes-lvmdriver-1 {{(pid=2236256) execute /usr/local/lib/python3.8/dist-packages/oslo_concurrency/processutils.py:384}}
Sep 14 18:03:40 datacore-PowerEdge-R740 sudo[2236660]:    stack : TTY=unknown ; PWD=/ ; USER=root ; COMMAND=/usr/local/bin/cinder-rootwrap /etc/cinder/rootwrap.conf env LC_ALL=C lvs --noheadings --unit=g -o vg_name,name,size --nosuffix --readonly stack-volumes-lvmdriver-1
Sep 14 18:03:40 datacore-PowerEdge-R740 sudo[2236660]: pam_unix(sudo:session): session opened for user root by (uid=0)
Sep 14 18:03:41 datacore-PowerEdge-R740 sudo[2236660]: pam_unix(sudo:session): session closed for user root
Sep 14 18:03:41 datacore-PowerEdge-R740 cinder-volume[2236256]: DEBUG oslo_concurrency.processutils [None req-e7260056-e3f2-4049-bb10-d5e2d994c88c None None] CMD "sudo cinder-rootwrap /etc/cinder/rootwrap.conf env LC_ALL=C lvs --noheadings --unit=g -o vg_name,name,size --nosuffix --readonly stack-volumes-lvmdriver-1" returned: 0 in 0.696s {{(pid=2236256) execute /usr/local/lib/python3.8/dist-packages/oslo_concurrency/processutils.py:422}}
Sep 14 18:03:41 datacore-PowerEdge-R740 cinder-volume[2236256]: DEBUG cinder.manager [None req-e7260056-e3f2-4049-bb10-d5e2d994c88c None None] Notifying Schedulers of capabilities ... {{(pid=2236256) _publish_service_capabilities /opt/stack/cinder/cinder/manager.py:202}}
Sep 14 18:03:41 datacore-PowerEdge-R740 cinder-volume[2236256]: INFO cinder.volume.manager [None req-e7260056-e3f2-4049-bb10-d5e2d994c88c None None] Driver initialization completed successfully.
Sep 14 18:03:41 datacore-PowerEdge-R740 cinder-volume[2236256]: INFO cinder.manager [None req-e7260056-e3f2-4049-bb10-d5e2d994c88c None None] Initiating service 2 cleanup
Sep 14 18:03:41 datacore-PowerEdge-R740 cinder-volume[2236256]: INFO cinder.manager [None req-e7260056-e3f2-4049-bb10-d5e2d994c88c None None] Service 2 cleanup completed.
Sep 14 18:03:41 datacore-PowerEdge-R740 cinder-volume[2236256]: DEBUG cinder.service [None req-e7260056-e3f2-4049-bb10-d5e2d994c88c None None] Creating RPC server for service cinder-volume {{(pid=2236256) start /opt/stack/cinder/cinder/service.py:238}}
Sep 14 18:03:41 datacore-PowerEdge-R740 cinder-volume[2236256]: DEBUG cinder.service [None req-e7260056-e3f2-4049-bb10-d5e2d994c88c None None] Pinning object versions for RPC server serializer to 1.39 {{(pid=2236256) start /opt/stack/cinder/cinder/service.py:244}}
Sep 14 18:03:41 datacore-PowerEdge-R740 cinder-volume[2236256]: INFO cinder.volume.manager [None req-e7260056-e3f2-4049-bb10-d5e2d994c88c None None] Initializing RPC dependent components of volume driver LVMVolumeDriver (3.0.0)
Sep 14 18:03:41 datacore-PowerEdge-R740 cinder-volume[2236256]: DEBUG cinder.volume.drivers.lvm [None req-e7260056-e3f2-4049-bb10-d5e2d994c88c None None] Updating volume stats {{(pid=2236256) _update_volume_stats /opt/stack/cinder/cinder/volume/drivers/lvm.py:213}}
Sep 14 18:03:41 datacore-PowerEdge-R740 cinder-volume[2236256]: DEBUG oslo_concurrency.processutils [None req-e7260056-e3f2-4049-bb10-d5e2d994c88c None None] Running cmd (subprocess): sudo cinder-rootwrap /etc/cinder/rootwrap.conf env LC_ALL=C vgs --noheadings --unit=g -o name,size,free,lv_count,uuid --separator : --nosuffix stack-volumes-lvmdriver-1 {{(pid=2236256) execute /usr/local/lib/python3.8/dist-packages/oslo_concurrency/processutils.py:384}}
Sep 14 18:03:41 datacore-PowerEdge-R740 sudo[2236678]:    stack : TTY=unknown ; PWD=/ ; USER=root ; COMMAND=/usr/local/bin/cinder-rootwrap /etc/cinder/rootwrap.conf env LC_ALL=C vgs --noheadings --unit=g -o name,size,free,lv_count,uuid --separator : --nosuffix stack-volumes-lvmdriver-1
Sep 14 18:03:41 datacore-PowerEdge-R740 sudo[2236678]: pam_unix(sudo:session): session opened for user root by (uid=0)
Sep 14 18:03:42 datacore-PowerEdge-R740 sudo[2236678]: pam_unix(sudo:session): session closed for user root
Sep 14 18:03:42 datacore-PowerEdge-R740 cinder-volume[2236256]: DEBUG oslo_concurrency.processutils [None req-e7260056-e3f2-4049-bb10-d5e2d994c88c None None] CMD "sudo cinder-rootwrap /etc/cinder/rootwrap.conf env LC_ALL=C vgs --noheadings --unit=g -o name,size,free,lv_count,uuid --separator : --nosuffix stack-volumes-lvmdriver-1" returned: 0 in 0.665s {{(pid=2236256) execute /usr/local/lib/python3.8/dist-packages/oslo_concurrency/processutils.py:422}}
Sep 14 18:03:42 datacore-PowerEdge-R740 cinder-volume[2236256]: DEBUG oslo_concurrency.processutils [None req-e7260056-e3f2-4049-bb10-d5e2d994c88c None None] Running cmd (subprocess): sudo cinder-rootwrap /etc/cinder/rootwrap.conf env LC_ALL=C lvs --noheadings --unit=g -o vg_name,name,size --nosuffix --readonly stack-volumes-lvmdriver-1 {{(pid=2236256) execute /usr/local/lib/python3.8/dist-packages/oslo_concurrency/processutils.py:384}}
Sep 14 18:03:42 datacore-PowerEdge-R740 sudo[2236685]:    stack : TTY=unknown ; PWD=/ ; USER=root ; COMMAND=/usr/local/bin/cinder-rootwrap /etc/cinder/rootwrap.conf env LC_ALL=C lvs --noheadings --unit=g -o vg_name,name,size --nosuffix --readonly stack-volumes-lvmdriver-1
Sep 14 18:03:42 datacore-PowerEdge-R740 sudo[2236685]: pam_unix(sudo:session): session opened for user root by (uid=0)
