-- Logs begin at Tue 2022-07-12 14:26:19 IST, end at Tue 2022-07-12 14:55:37 IST. --
Jul 12 14:52:10 datacore-PowerEdge-R740 systemd[1]: Started Devstack devstack@c-vol.service.
Jul 12 14:52:12 datacore-PowerEdge-R740 cinder-volume[3351107]: DEBUG oslo_concurrency.lockutils [-] Acquired lock "singleton_lock" {{(pid=3351107) lock /usr/local/lib/python3.8/dist-packages/oslo_concurrency/lockutils.py:294}}
Jul 12 14:52:12 datacore-PowerEdge-R740 cinder-volume[3351107]: DEBUG oslo_concurrency.lockutils [-] Releasing lock "singleton_lock" {{(pid=3351107) lock /usr/local/lib/python3.8/dist-packages/oslo_concurrency/lockutils.py:312}}
Jul 12 14:52:13 datacore-PowerEdge-R740 cinder-volume[3351107]: INFO dbcounter [None req-0b40bafc-f9f9-4923-b6e0-cc629450fbba None None] Registered counter for database cinder
Jul 12 14:52:13 datacore-PowerEdge-R740 cinder-volume[3351107]: DEBUG oslo_db.sqlalchemy.engines [None req-0b40bafc-f9f9-4923-b6e0-cc629450fbba None None] MySQL server mode set to STRICT_TRANS_TABLES,STRICT_ALL_TABLES,NO_ZERO_IN_DATE,NO_ZERO_DATE,ERROR_FOR_DIVISION_BY_ZERO,TRADITIONAL,NO_ENGINE_SUBSTITUTION {{(pid=3351107) _check_effective_sql_mode /usr/local/lib/python3.8/dist-packages/oslo_db/sqlalchemy/engines.py:314}}
Jul 12 14:52:13 datacore-PowerEdge-R740 cinder-volume[3351107]: DEBUG dbcounter [-] [3351107] Writer thread running {{(pid=3351107) stat_writer /usr/local/lib/python3.8/dist-packages/dbcounter.py:99}}
Jul 12 14:52:13 datacore-PowerEdge-R740 cinder-volume[3351107]: INFO cinder.rpc [None req-0b40bafc-f9f9-4923-b6e0-cc629450fbba None None] Automatically selected cinder-scheduler objects version 1.39 as minimum service version.
Jul 12 14:52:13 datacore-PowerEdge-R740 cinder-volume[3351107]: INFO cinder.rpc [None req-0b40bafc-f9f9-4923-b6e0-cc629450fbba None None] Automatically selected cinder-scheduler RPC version 3.12 as minimum service version.
Jul 12 14:52:13 datacore-PowerEdge-R740 cinder-volume[3351107]: DEBUG oslo_db.sqlalchemy.engines [None req-0b40bafc-f9f9-4923-b6e0-cc629450fbba None None] MySQL server mode set to STRICT_TRANS_TABLES,STRICT_ALL_TABLES,NO_ZERO_IN_DATE,NO_ZERO_DATE,ERROR_FOR_DIVISION_BY_ZERO,TRADITIONAL,NO_ENGINE_SUBSTITUTION {{(pid=3351107) _check_effective_sql_mode /usr/local/lib/python3.8/dist-packages/oslo_db/sqlalchemy/engines.py:314}}
Jul 12 14:52:13 datacore-PowerEdge-R740 cinder-volume[3351107]: INFO cinder.volume.manager [None req-0b40bafc-f9f9-4923-b6e0-cc629450fbba None None] Determined volume DB was empty at startup.
Jul 12 14:52:13 datacore-PowerEdge-R740 cinder-volume[3351107]: DEBUG cinder.volume.manager [None req-0b40bafc-f9f9-4923-b6e0-cc629450fbba None None] Cinder Volume DB check: vol_db_empty=True {{(pid=3351107) __init__ /opt/stack/cinder/cinder/volume/manager.py:290}}
Jul 12 14:52:13 datacore-PowerEdge-R740 cinder-volume[3351107]: WARNING stevedore.named [None req-0b40bafc-f9f9-4923-b6e0-cc629450fbba None None] Could not load cinder.keymgr.conf_key_mgr.ConfKeyManager
Jul 12 14:52:13 datacore-PowerEdge-R740 cinder-volume[3351107]: WARNING castellan.key_manager [None req-0b40bafc-f9f9-4923-b6e0-cc629450fbba None None] Deprecation Warning : cinder.keymgr.conf_key_mgr.ConfKeyManager is not a stevedore based driver, trying to load it as a class: stevedore.exception.NoMatches: No 'castellan.drivers' driver found, looking for 'cinder.keymgr.conf_key_mgr.ConfKeyManager'
Jul 12 14:52:13 datacore-PowerEdge-R740 cinder-volume[3351107]: WARNING cinder.keymgr.conf_key_mgr [None req-0b40bafc-f9f9-4923-b6e0-cc629450fbba None None] This key manager is insecure and is not recommended for production deployments: stevedore.exception.NoMatches: No 'castellan.drivers' driver found, looking for 'cinder.keymgr.conf_key_mgr.ConfKeyManager'
Jul 12 14:52:13 datacore-PowerEdge-R740 cinder-volume[3351107]: ERROR cinder.cmd.volume [None req-0b40bafc-f9f9-4923-b6e0-cc629450fbba None None] Volume service hostgroup@datacore_iscsi1 failed to start.: ModuleNotFoundError: No module named 'cinder.volume.drivers.datacore.iscsi'
Jul 12 14:52:13 datacore-PowerEdge-R740 cinder-volume[3351107]: ERROR cinder.cmd.volume Traceback (most recent call last):
Jul 12 14:52:13 datacore-PowerEdge-R740 cinder-volume[3351107]: ERROR cinder.cmd.volume   File "/opt/stack/cinder/cinder/cmd/volume.py", line 99, in _launch_service
Jul 12 14:52:13 datacore-PowerEdge-R740 cinder-volume[3351107]: ERROR cinder.cmd.volume     server = service.Service.create(host=host,
Jul 12 14:52:13 datacore-PowerEdge-R740 cinder-volume[3351107]: ERROR cinder.cmd.volume   File "/opt/stack/cinder/cinder/service.py", line 394, in create
Jul 12 14:52:13 datacore-PowerEdge-R740 cinder-volume[3351107]: ERROR cinder.cmd.volume     service_obj = cls(host, binary, topic, manager,
Jul 12 14:52:13 datacore-PowerEdge-R740 cinder-volume[3351107]: ERROR cinder.cmd.volume   File "/opt/stack/cinder/cinder/service.py", line 152, in __init__
Jul 12 14:52:13 datacore-PowerEdge-R740 cinder-volume[3351107]: ERROR cinder.cmd.volume     self.manager = manager_class(host=self.host,
Jul 12 14:52:13 datacore-PowerEdge-R740 cinder-volume[3351107]: ERROR cinder.cmd.volume   File "/opt/stack/cinder/cinder/volume/manager.py", line 313, in __init__
Jul 12 14:52:13 datacore-PowerEdge-R740 cinder-volume[3351107]: ERROR cinder.cmd.volume     self.driver = importutils.import_object(
Jul 12 14:52:13 datacore-PowerEdge-R740 cinder-volume[3351107]: ERROR cinder.cmd.volume   File "/usr/local/lib/python3.8/dist-packages/oslo_utils/importutils.py", line 44, in import_object
Jul 12 14:52:13 datacore-PowerEdge-R740 cinder-volume[3351107]: ERROR cinder.cmd.volume     return import_class(import_str)(*args, **kwargs)
Jul 12 14:52:13 datacore-PowerEdge-R740 cinder-volume[3351107]: ERROR cinder.cmd.volume   File "/usr/local/lib/python3.8/dist-packages/oslo_utils/importutils.py", line 30, in import_class
Jul 12 14:52:13 datacore-PowerEdge-R740 cinder-volume[3351107]: ERROR cinder.cmd.volume     __import__(mod_str)
Jul 12 14:52:13 datacore-PowerEdge-R740 cinder-volume[3351107]: ERROR cinder.cmd.volume ModuleNotFoundError: No module named 'cinder.volume.drivers.datacore.iscsi'
Jul 12 14:52:13 datacore-PowerEdge-R740 cinder-volume[3351107]: ERROR cinder.cmd.volume 
Jul 12 14:52:13 datacore-PowerEdge-R740 cinder-volume[3351107]: ERROR cinder.cmd.volume [None req-0b40bafc-f9f9-4923-b6e0-cc629450fbba None None] No volume service(s) started successfully, terminating.
Jul 12 14:52:13 datacore-PowerEdge-R740 cinder-volume[3351107]: /usr/lib/python3/dist-packages/secretstorage/dhcrypto.py:15: CryptographyDeprecationWarning: int_from_bytes is deprecated, use int.from_bytes instead
Jul 12 14:52:13 datacore-PowerEdge-R740 cinder-volume[3351107]:   from cryptography.utils import int_from_bytes
Jul 12 14:52:13 datacore-PowerEdge-R740 cinder-volume[3351107]: /usr/lib/python3/dist-packages/secretstorage/util.py:19: CryptographyDeprecationWarning: int_from_bytes is deprecated, use int.from_bytes instead
Jul 12 14:52:13 datacore-PowerEdge-R740 cinder-volume[3351107]:   from cryptography.utils import int_from_bytes
Jul 12 14:52:13 datacore-PowerEdge-R740 cinder-volume[3351107]: /opt/stack/cinder/cinder/db/sqlalchemy/models.py:152: SAWarning: implicitly coercing SELECT object to scalar subquery; please use the .scalar_subquery() method to produce a scalar subquery.
Jul 12 14:52:13 datacore-PowerEdge-R740 cinder-volume[3351107]:   last_heartbeat = column_property(
Jul 12 14:52:13 datacore-PowerEdge-R740 cinder-volume[3351107]: /opt/stack/cinder/cinder/db/sqlalchemy/models.py:160: SAWarning: implicitly coercing SELECT object to scalar subquery; please use the .scalar_subquery() method to produce a scalar subquery.
Jul 12 14:52:13 datacore-PowerEdge-R740 cinder-volume[3351107]:   num_hosts = column_property(
Jul 12 14:52:13 datacore-PowerEdge-R740 cinder-volume[3351107]: /opt/stack/cinder/cinder/db/sqlalchemy/models.py:169: SAWarning: implicitly coercing SELECT object to scalar subquery; please use the .scalar_subquery() method to produce a scalar subquery.
Jul 12 14:52:13 datacore-PowerEdge-R740 cinder-volume[3351107]:   num_down_hosts = column_property(
Jul 12 14:52:14 datacore-PowerEdge-R740 systemd[1]: devstack@c-vol.service: Main process exited, code=exited, status=1/FAILURE
Jul 12 14:52:14 datacore-PowerEdge-R740 systemd[1]: devstack@c-vol.service: Failed with result 'exit-code'.
Jul 12 14:52:29 datacore-PowerEdge-R740 systemd[1]: Started Devstack devstack@c-vol.service.
Jul 12 14:52:31 datacore-PowerEdge-R740 cinder-volume[3351726]: DEBUG oslo_concurrency.lockutils [-] Acquired lock "singleton_lock" {{(pid=3351726) lock /usr/local/lib/python3.8/dist-packages/oslo_concurrency/lockutils.py:294}}
Jul 12 14:52:31 datacore-PowerEdge-R740 cinder-volume[3351726]: DEBUG oslo_concurrency.lockutils [-] Releasing lock "singleton_lock" {{(pid=3351726) lock /usr/local/lib/python3.8/dist-packages/oslo_concurrency/lockutils.py:312}}
Jul 12 14:52:32 datacore-PowerEdge-R740 cinder-volume[3351726]: INFO dbcounter [None req-17665a3f-9b29-4f91-8f16-e75b2b6e2148 None None] Registered counter for database cinder
Jul 12 14:52:32 datacore-PowerEdge-R740 cinder-volume[3351726]: DEBUG oslo_db.sqlalchemy.engines [None req-17665a3f-9b29-4f91-8f16-e75b2b6e2148 None None] MySQL server mode set to STRICT_TRANS_TABLES,STRICT_ALL_TABLES,NO_ZERO_IN_DATE,NO_ZERO_DATE,ERROR_FOR_DIVISION_BY_ZERO,TRADITIONAL,NO_ENGINE_SUBSTITUTION {{(pid=3351726) _check_effective_sql_mode /usr/local/lib/python3.8/dist-packages/oslo_db/sqlalchemy/engines.py:314}}
Jul 12 14:52:32 datacore-PowerEdge-R740 cinder-volume[3351726]: DEBUG dbcounter [-] [3351726] Writer thread running {{(pid=3351726) stat_writer /usr/local/lib/python3.8/dist-packages/dbcounter.py:99}}
Jul 12 14:52:32 datacore-PowerEdge-R740 cinder-volume[3351726]: INFO cinder.rpc [None req-17665a3f-9b29-4f91-8f16-e75b2b6e2148 None None] Automatically selected cinder-scheduler objects version 1.39 as minimum service version.
Jul 12 14:52:32 datacore-PowerEdge-R740 cinder-volume[3351726]: INFO cinder.rpc [None req-17665a3f-9b29-4f91-8f16-e75b2b6e2148 None None] Automatically selected cinder-scheduler RPC version 3.12 as minimum service version.
Jul 12 14:52:32 datacore-PowerEdge-R740 cinder-volume[3351726]: DEBUG oslo_db.sqlalchemy.engines [None req-17665a3f-9b29-4f91-8f16-e75b2b6e2148 None None] MySQL server mode set to STRICT_TRANS_TABLES,STRICT_ALL_TABLES,NO_ZERO_IN_DATE,NO_ZERO_DATE,ERROR_FOR_DIVISION_BY_ZERO,TRADITIONAL,NO_ENGINE_SUBSTITUTION {{(pid=3351726) _check_effective_sql_mode /usr/local/lib/python3.8/dist-packages/oslo_db/sqlalchemy/engines.py:314}}
Jul 12 14:52:32 datacore-PowerEdge-R740 cinder-volume[3351726]: INFO cinder.volume.manager [None req-17665a3f-9b29-4f91-8f16-e75b2b6e2148 None None] Determined volume DB was empty at startup.
Jul 12 14:52:32 datacore-PowerEdge-R740 cinder-volume[3351726]: DEBUG cinder.volume.manager [None req-17665a3f-9b29-4f91-8f16-e75b2b6e2148 None None] Cinder Volume DB check: vol_db_empty=True {{(pid=3351726) __init__ /opt/stack/cinder/cinder/volume/manager.py:290}}
Jul 12 14:52:32 datacore-PowerEdge-R740 cinder-volume[3351726]: WARNING stevedore.named [None req-17665a3f-9b29-4f91-8f16-e75b2b6e2148 None None] Could not load cinder.keymgr.conf_key_mgr.ConfKeyManager
Jul 12 14:52:32 datacore-PowerEdge-R740 cinder-volume[3351726]: WARNING castellan.key_manager [None req-17665a3f-9b29-4f91-8f16-e75b2b6e2148 None None] Deprecation Warning : cinder.keymgr.conf_key_mgr.ConfKeyManager is not a stevedore based driver, trying to load it as a class: stevedore.exception.NoMatches: No 'castellan.drivers' driver found, looking for 'cinder.keymgr.conf_key_mgr.ConfKeyManager'
Jul 12 14:52:32 datacore-PowerEdge-R740 cinder-volume[3351726]: WARNING cinder.keymgr.conf_key_mgr [None req-17665a3f-9b29-4f91-8f16-e75b2b6e2148 None None] This key manager is insecure and is not recommended for production deployments: stevedore.exception.NoMatches: No 'castellan.drivers' driver found, looking for 'cinder.keymgr.conf_key_mgr.ConfKeyManager'
Jul 12 14:52:32 datacore-PowerEdge-R740 cinder-volume[3351726]: ERROR cinder.cmd.volume [None req-17665a3f-9b29-4f91-8f16-e75b2b6e2148 None None] Volume service hostgroup@datacore_iscsi1 failed to start.: ModuleNotFoundError: No module named 'cinder.volume.drivers.datacore.iscsi'
Jul 12 14:52:32 datacore-PowerEdge-R740 cinder-volume[3351726]: ERROR cinder.cmd.volume Traceback (most recent call last):
Jul 12 14:52:32 datacore-PowerEdge-R740 cinder-volume[3351726]: ERROR cinder.cmd.volume   File "/opt/stack/cinder/cinder/cmd/volume.py", line 99, in _launch_service
Jul 12 14:52:32 datacore-PowerEdge-R740 cinder-volume[3351726]: ERROR cinder.cmd.volume     server = service.Service.create(host=host,
Jul 12 14:52:32 datacore-PowerEdge-R740 cinder-volume[3351726]: ERROR cinder.cmd.volume   File "/opt/stack/cinder/cinder/service.py", line 394, in create
Jul 12 14:52:32 datacore-PowerEdge-R740 cinder-volume[3351726]: ERROR cinder.cmd.volume     service_obj = cls(host, binary, topic, manager,
Jul 12 14:52:32 datacore-PowerEdge-R740 cinder-volume[3351726]: ERROR cinder.cmd.volume   File "/opt/stack/cinder/cinder/service.py", line 152, in __init__
Jul 12 14:52:32 datacore-PowerEdge-R740 cinder-volume[3351726]: ERROR cinder.cmd.volume     self.manager = manager_class(host=self.host,
Jul 12 14:52:32 datacore-PowerEdge-R740 cinder-volume[3351726]: ERROR cinder.cmd.volume   File "/opt/stack/cinder/cinder/volume/manager.py", line 313, in __init__
Jul 12 14:52:32 datacore-PowerEdge-R740 cinder-volume[3351726]: ERROR cinder.cmd.volume     self.driver = importutils.import_object(
Jul 12 14:52:32 datacore-PowerEdge-R740 cinder-volume[3351726]: ERROR cinder.cmd.volume   File "/usr/local/lib/python3.8/dist-packages/oslo_utils/importutils.py", line 44, in import_object
Jul 12 14:52:32 datacore-PowerEdge-R740 cinder-volume[3351726]: ERROR cinder.cmd.volume     return import_class(import_str)(*args, **kwargs)
Jul 12 14:52:32 datacore-PowerEdge-R740 cinder-volume[3351726]: ERROR cinder.cmd.volume   File "/usr/local/lib/python3.8/dist-packages/oslo_utils/importutils.py", line 30, in import_class
Jul 12 14:52:32 datacore-PowerEdge-R740 cinder-volume[3351726]: ERROR cinder.cmd.volume     __import__(mod_str)
Jul 12 14:52:32 datacore-PowerEdge-R740 cinder-volume[3351726]: ERROR cinder.cmd.volume ModuleNotFoundError: No module named 'cinder.volume.drivers.datacore.iscsi'
Jul 12 14:52:32 datacore-PowerEdge-R740 cinder-volume[3351726]: ERROR cinder.cmd.volume 
Jul 12 14:52:32 datacore-PowerEdge-R740 cinder-volume[3351726]: ERROR cinder.cmd.volume [None req-17665a3f-9b29-4f91-8f16-e75b2b6e2148 None None] No volume service(s) started successfully, terminating.
Jul 12 14:52:32 datacore-PowerEdge-R740 cinder-volume[3351726]: /usr/lib/python3/dist-packages/secretstorage/dhcrypto.py:15: CryptographyDeprecationWarning: int_from_bytes is deprecated, use int.from_bytes instead
Jul 12 14:52:32 datacore-PowerEdge-R740 cinder-volume[3351726]:   from cryptography.utils import int_from_bytes
Jul 12 14:52:32 datacore-PowerEdge-R740 cinder-volume[3351726]: /usr/lib/python3/dist-packages/secretstorage/util.py:19: CryptographyDeprecationWarning: int_from_bytes is deprecated, use int.from_bytes instead
Jul 12 14:52:32 datacore-PowerEdge-R740 cinder-volume[3351726]:   from cryptography.utils import int_from_bytes
Jul 12 14:52:32 datacore-PowerEdge-R740 cinder-volume[3351726]: /opt/stack/cinder/cinder/db/sqlalchemy/models.py:152: SAWarning: implicitly coercing SELECT object to scalar subquery; please use the .scalar_subquery() method to produce a scalar subquery.
Jul 12 14:52:32 datacore-PowerEdge-R740 cinder-volume[3351726]:   last_heartbeat = column_property(
Jul 12 14:52:32 datacore-PowerEdge-R740 cinder-volume[3351726]: /opt/stack/cinder/cinder/db/sqlalchemy/models.py:160: SAWarning: implicitly coercing SELECT object to scalar subquery; please use the .scalar_subquery() method to produce a scalar subquery.
Jul 12 14:52:32 datacore-PowerEdge-R740 cinder-volume[3351726]:   num_hosts = column_property(
Jul 12 14:52:32 datacore-PowerEdge-R740 cinder-volume[3351726]: /opt/stack/cinder/cinder/db/sqlalchemy/models.py:169: SAWarning: implicitly coercing SELECT object to scalar subquery; please use the .scalar_subquery() method to produce a scalar subquery.
Jul 12 14:52:32 datacore-PowerEdge-R740 cinder-volume[3351726]:   num_down_hosts = column_property(
Jul 12 14:52:33 datacore-PowerEdge-R740 systemd[1]: devstack@c-vol.service: Main process exited, code=exited, status=1/FAILURE
Jul 12 14:52:33 datacore-PowerEdge-R740 systemd[1]: devstack@c-vol.service: Failed with result 'exit-code'.
