Source the openrc file
WARNING: setting legacy OS_TENANT_NAME to support cli tools.
Patch Details: GERRIT_CHANGE_NUMBER: 835384 GERRIT_PATCHSET_NUMBER: 13 GERRIT_REFSPEC: refs/changes/84/835384/13
Fetching latest cinder patch
Waiting for patchset. FROM_JENKINS: 1
Switched to branch 'master'
Your branch is up to date with 'origin/master'.
git checkout cinder master Success
From https://opendev.org/openstack/cinder
   ce4d53170..2fb06f13f  master     -> origin/master
Updating ce4d53170..2fb06f13f
Fast-forward
 cinder/tests/unit/api/test_versions.py | 39 ++++++++++++++++++++++++++++++++--
 1 file changed, 37 insertions(+), 2 deletions(-)
git pull Success
changeBranch: change-835384-13
From https://opendev.org/openstack/cinder
 * [new ref]             refs/changes/84/835384/13 -> change-835384-13
git fetch origin refs/changes/84/835384/13:change-835384-13 Success
Switched to branch 'change-835384-13'
git checkout change-835384-13 Success
Already up to date.
checkout patchset [ PASSED ]
Updating tempest config
WARNING: setting legacy OS_TENANT_NAME to support cli tools.
/usr/lib/python3/dist-packages/secretstorage/dhcrypto.py:15: CryptographyDeprecationWarning: int_from_bytes is deprecated, use int.from_bytes instead
  from cryptography.utils import int_from_bytes
/usr/lib/python3/dist-packages/secretstorage/util.py:19: CryptographyDeprecationWarning: int_from_bytes is deprecated, use int.from_bytes instead
  from cryptography.utils import int_from_bytes
/usr/lib/python3/dist-packages/secretstorage/dhcrypto.py:15: CryptographyDeprecationWarning: int_from_bytes is deprecated, use int.from_bytes instead
  from cryptography.utils import int_from_bytes
/usr/lib/python3/dist-packages/secretstorage/util.py:19: CryptographyDeprecationWarning: int_from_bytes is deprecated, use int.from_bytes instead
  from cryptography.utils import int_from_bytes
Clearing logs
/tmp/ci-result-1657117089250
Starting iSCSI Test configuration
Updating cinder.conf with iSCSI driver details [ PASSED ]
Restarting devstack services
Cinder volume service [ FAILED ]
Already up to date.
Updating cinder-tempest-logs repo [ PASSED ]
