Source the openrc file
WARNING: setting legacy OS_TENANT_NAME to support cli tools.
Patch Details: GERRIT_CHANGE_NUMBER: 799871 GERRIT_PATCHSET_NUMBER: 20 GERRIT_REFSPEC: refs/changes/71/799871/20
Updating cinder code
Waiting for patchset. FROM_JENKINS: 1012785FROM_JENKINS
Switched to branch 'master'
Your branch is up to date with 'origin/master'.
git checkout cinder master Success
Already up to date.
git pull Success
changeBranch: change-799871-20
From https://opendev.org/openstack/cinder
 * [new ref]             refs/changes/71/799871/20 -> change-799871-20
git fetch origin refs/changes/71/799871/20:change-799871-20 Success
Switched to branch 'change-799871-20'
git checkout change-799871-20 Success
Already up to date.
checkout patchset [ PASSED ]
Clearing logs
/tmp/ci-result-1655820976386
Starting iSCSI Test configuration
Updating cinder.conf with iSCSI driver details [ PASSED ]
Restarting devstack services
Cinder volume service [ FAILED ]
Already up to date.
Updating cinder-tempest-logs repo [ PASSED ]
