-- Logs begin at Tue 2022-07-12 12:02:36 IST, end at Tue 2022-07-12 13:27:50 IST. --
Jul 12 12:02:45 datacore-PowerEdge-R740 systemd[1]: Started Devstack devstack@c-vol.service.
Jul 12 12:02:47 datacore-PowerEdge-R740 cinder-volume[3322226]: DEBUG oslo_concurrency.lockutils [-] Acquired lock "singleton_lock" {{(pid=3322226) lock /usr/local/lib/python3.8/dist-packages/oslo_concurrency/lockutils.py:294}}
Jul 12 12:02:47 datacore-PowerEdge-R740 cinder-volume[3322226]: DEBUG oslo_concurrency.lockutils [-] Releasing lock "singleton_lock" {{(pid=3322226) lock /usr/local/lib/python3.8/dist-packages/oslo_concurrency/lockutils.py:312}}
Jul 12 12:02:47 datacore-PowerEdge-R740 cinder-volume[3322226]: INFO dbcounter [None req-3fa97017-897c-446e-a6ee-8bbef42bfd51 None None] Registered counter for database cinder
Jul 12 12:02:47 datacore-PowerEdge-R740 cinder-volume[3322226]: DEBUG oslo_db.sqlalchemy.engines [None req-3fa97017-897c-446e-a6ee-8bbef42bfd51 None None] MySQL server mode set to STRICT_TRANS_TABLES,STRICT_ALL_TABLES,NO_ZERO_IN_DATE,NO_ZERO_DATE,ERROR_FOR_DIVISION_BY_ZERO,TRADITIONAL,NO_ENGINE_SUBSTITUTION {{(pid=3322226) _check_effective_sql_mode /usr/local/lib/python3.8/dist-packages/oslo_db/sqlalchemy/engines.py:314}}
Jul 12 12:02:47 datacore-PowerEdge-R740 cinder-volume[3322226]: DEBUG dbcounter [-] [3322226] Writer thread running {{(pid=3322226) stat_writer /usr/local/lib/python3.8/dist-packages/dbcounter.py:99}}
Jul 12 12:02:48 datacore-PowerEdge-R740 cinder-volume[3322226]: INFO cinder.rpc [None req-3fa97017-897c-446e-a6ee-8bbef42bfd51 None None] Automatically selected cinder-scheduler objects version 1.39 as minimum service version.
Jul 12 12:02:48 datacore-PowerEdge-R740 cinder-volume[3322226]: INFO cinder.rpc [None req-3fa97017-897c-446e-a6ee-8bbef42bfd51 None None] Automatically selected cinder-scheduler RPC version 3.12 as minimum service version.
Jul 12 12:02:48 datacore-PowerEdge-R740 cinder-volume[3322226]: DEBUG oslo_db.sqlalchemy.engines [None req-3fa97017-897c-446e-a6ee-8bbef42bfd51 None None] MySQL server mode set to STRICT_TRANS_TABLES,STRICT_ALL_TABLES,NO_ZERO_IN_DATE,NO_ZERO_DATE,ERROR_FOR_DIVISION_BY_ZERO,TRADITIONAL,NO_ENGINE_SUBSTITUTION {{(pid=3322226) _check_effective_sql_mode /usr/local/lib/python3.8/dist-packages/oslo_db/sqlalchemy/engines.py:314}}
Jul 12 12:02:48 datacore-PowerEdge-R740 cinder-volume[3322226]: INFO cinder.volume.manager [None req-3fa97017-897c-446e-a6ee-8bbef42bfd51 None None] Determined volume DB was empty at startup.
Jul 12 12:02:48 datacore-PowerEdge-R740 cinder-volume[3322226]: DEBUG cinder.volume.manager [None req-3fa97017-897c-446e-a6ee-8bbef42bfd51 None None] Cinder Volume DB check: vol_db_empty=True {{(pid=3322226) __init__ /opt/stack/cinder/cinder/volume/manager.py:288}}
Jul 12 12:02:48 datacore-PowerEdge-R740 cinder-volume[3322226]: WARNING stevedore.named [None req-3fa97017-897c-446e-a6ee-8bbef42bfd51 None None] Could not load cinder.keymgr.conf_key_mgr.ConfKeyManager
Jul 12 12:02:48 datacore-PowerEdge-R740 cinder-volume[3322226]: WARNING castellan.key_manager [None req-3fa97017-897c-446e-a6ee-8bbef42bfd51 None None] Deprecation Warning : cinder.keymgr.conf_key_mgr.ConfKeyManager is not a stevedore based driver, trying to load it as a class: stevedore.exception.NoMatches: No 'castellan.drivers' driver found, looking for 'cinder.keymgr.conf_key_mgr.ConfKeyManager'
Jul 12 12:02:48 datacore-PowerEdge-R740 cinder-volume[3322226]: WARNING cinder.keymgr.conf_key_mgr [None req-3fa97017-897c-446e-a6ee-8bbef42bfd51 None None] This key manager is insecure and is not recommended for production deployments: stevedore.exception.NoMatches: No 'castellan.drivers' driver found, looking for 'cinder.keymgr.conf_key_mgr.ConfKeyManager'
Jul 12 12:02:48 datacore-PowerEdge-R740 cinder-volume[3322226]: ERROR cinder.cmd.volume [None req-3fa97017-897c-446e-a6ee-8bbef42bfd51 None None] Volume service hostgroup@datacore_iscsi1 failed to start.: ModuleNotFoundError: No module named 'cinder.volume.drivers.datacore.iscsi'
Jul 12 12:02:48 datacore-PowerEdge-R740 cinder-volume[3322226]: ERROR cinder.cmd.volume Traceback (most recent call last):
Jul 12 12:02:48 datacore-PowerEdge-R740 cinder-volume[3322226]: ERROR cinder.cmd.volume   File "/opt/stack/cinder/cinder/cmd/volume.py", line 99, in _launch_service
Jul 12 12:02:48 datacore-PowerEdge-R740 cinder-volume[3322226]: ERROR cinder.cmd.volume     server = service.Service.create(host=host,
Jul 12 12:02:48 datacore-PowerEdge-R740 cinder-volume[3322226]: ERROR cinder.cmd.volume   File "/opt/stack/cinder/cinder/service.py", line 394, in create
Jul 12 12:02:48 datacore-PowerEdge-R740 cinder-volume[3322226]: ERROR cinder.cmd.volume     service_obj = cls(host, binary, topic, manager,
Jul 12 12:02:48 datacore-PowerEdge-R740 cinder-volume[3322226]: ERROR cinder.cmd.volume   File "/opt/stack/cinder/cinder/service.py", line 152, in __init__
Jul 12 12:02:48 datacore-PowerEdge-R740 cinder-volume[3322226]: ERROR cinder.cmd.volume     self.manager = manager_class(host=self.host,
Jul 12 12:02:48 datacore-PowerEdge-R740 cinder-volume[3322226]: ERROR cinder.cmd.volume   File "/opt/stack/cinder/cinder/volume/manager.py", line 311, in __init__
Jul 12 12:02:48 datacore-PowerEdge-R740 cinder-volume[3322226]: ERROR cinder.cmd.volume     self.driver = importutils.import_object(
Jul 12 12:02:48 datacore-PowerEdge-R740 cinder-volume[3322226]: ERROR cinder.cmd.volume   File "/usr/local/lib/python3.8/dist-packages/oslo_utils/importutils.py", line 44, in import_object
Jul 12 12:02:48 datacore-PowerEdge-R740 cinder-volume[3322226]: ERROR cinder.cmd.volume     return import_class(import_str)(*args, **kwargs)
Jul 12 12:02:48 datacore-PowerEdge-R740 cinder-volume[3322226]: ERROR cinder.cmd.volume   File "/usr/local/lib/python3.8/dist-packages/oslo_utils/importutils.py", line 30, in import_class
Jul 12 12:02:48 datacore-PowerEdge-R740 cinder-volume[3322226]: ERROR cinder.cmd.volume     __import__(mod_str)
Jul 12 12:02:48 datacore-PowerEdge-R740 cinder-volume[3322226]: ERROR cinder.cmd.volume ModuleNotFoundError: No module named 'cinder.volume.drivers.datacore.iscsi'
Jul 12 12:02:48 datacore-PowerEdge-R740 cinder-volume[3322226]: ERROR cinder.cmd.volume 
Jul 12 12:02:48 datacore-PowerEdge-R740 cinder-volume[3322226]: ERROR cinder.cmd.volume [None req-3fa97017-897c-446e-a6ee-8bbef42bfd51 None None] No volume service(s) started successfully, terminating.
Jul 12 12:02:48 datacore-PowerEdge-R740 cinder-volume[3322226]: /usr/lib/python3/dist-packages/secretstorage/dhcrypto.py:15: CryptographyDeprecationWarning: int_from_bytes is deprecated, use int.from_bytes instead
Jul 12 12:02:48 datacore-PowerEdge-R740 cinder-volume[3322226]:   from cryptography.utils import int_from_bytes
Jul 12 12:02:48 datacore-PowerEdge-R740 cinder-volume[3322226]: /usr/lib/python3/dist-packages/secretstorage/util.py:19: CryptographyDeprecationWarning: int_from_bytes is deprecated, use int.from_bytes instead
Jul 12 12:02:48 datacore-PowerEdge-R740 cinder-volume[3322226]:   from cryptography.utils import int_from_bytes
Jul 12 12:02:48 datacore-PowerEdge-R740 cinder-volume[3322226]: /opt/stack/cinder/cinder/db/sqlalchemy/models.py:152: SAWarning: implicitly coercing SELECT object to scalar subquery; please use the .scalar_subquery() method to produce a scalar subquery.
Jul 12 12:02:48 datacore-PowerEdge-R740 cinder-volume[3322226]:   last_heartbeat = column_property(
Jul 12 12:02:48 datacore-PowerEdge-R740 cinder-volume[3322226]: /opt/stack/cinder/cinder/db/sqlalchemy/models.py:160: SAWarning: implicitly coercing SELECT object to scalar subquery; please use the .scalar_subquery() method to produce a scalar subquery.
Jul 12 12:02:48 datacore-PowerEdge-R740 cinder-volume[3322226]:   num_hosts = column_property(
Jul 12 12:02:48 datacore-PowerEdge-R740 cinder-volume[3322226]: /opt/stack/cinder/cinder/db/sqlalchemy/models.py:169: SAWarning: implicitly coercing SELECT object to scalar subquery; please use the .scalar_subquery() method to produce a scalar subquery.
Jul 12 12:02:48 datacore-PowerEdge-R740 cinder-volume[3322226]:   num_down_hosts = column_property(
Jul 12 12:02:48 datacore-PowerEdge-R740 systemd[1]: devstack@c-vol.service: Main process exited, code=exited, status=1/FAILURE
Jul 12 12:02:48 datacore-PowerEdge-R740 systemd[1]: devstack@c-vol.service: Failed with result 'exit-code'.
Jul 12 13:26:30 datacore-PowerEdge-R740 systemd[1]: Started Devstack devstack@c-vol.service.
Jul 12 13:26:32 datacore-PowerEdge-R740 cinder-volume[3334967]: DEBUG oslo_concurrency.lockutils [-] Acquired lock "singleton_lock" {{(pid=3334967) lock /usr/local/lib/python3.8/dist-packages/oslo_concurrency/lockutils.py:294}}
Jul 12 13:26:32 datacore-PowerEdge-R740 cinder-volume[3334967]: DEBUG oslo_concurrency.lockutils [-] Releasing lock "singleton_lock" {{(pid=3334967) lock /usr/local/lib/python3.8/dist-packages/oslo_concurrency/lockutils.py:312}}
Jul 12 13:26:32 datacore-PowerEdge-R740 cinder-volume[3334967]: INFO dbcounter [None req-002406a1-e44d-494a-b1a0-6476097f565c None None] Registered counter for database cinder
Jul 12 13:26:32 datacore-PowerEdge-R740 cinder-volume[3334967]: DEBUG oslo_db.sqlalchemy.engines [None req-002406a1-e44d-494a-b1a0-6476097f565c None None] MySQL server mode set to STRICT_TRANS_TABLES,STRICT_ALL_TABLES,NO_ZERO_IN_DATE,NO_ZERO_DATE,ERROR_FOR_DIVISION_BY_ZERO,TRADITIONAL,NO_ENGINE_SUBSTITUTION {{(pid=3334967) _check_effective_sql_mode /usr/local/lib/python3.8/dist-packages/oslo_db/sqlalchemy/engines.py:314}}
Jul 12 13:26:32 datacore-PowerEdge-R740 cinder-volume[3334967]: DEBUG dbcounter [-] [3334967] Writer thread running {{(pid=3334967) stat_writer /usr/local/lib/python3.8/dist-packages/dbcounter.py:99}}
Jul 12 13:26:33 datacore-PowerEdge-R740 cinder-volume[3334967]: INFO cinder.rpc [None req-002406a1-e44d-494a-b1a0-6476097f565c None None] Automatically selected cinder-scheduler objects version 1.39 as minimum service version.
Jul 12 13:26:33 datacore-PowerEdge-R740 cinder-volume[3334967]: INFO cinder.rpc [None req-002406a1-e44d-494a-b1a0-6476097f565c None None] Automatically selected cinder-scheduler RPC version 3.12 as minimum service version.
Jul 12 13:26:33 datacore-PowerEdge-R740 cinder-volume[3334967]: DEBUG oslo_db.sqlalchemy.engines [None req-002406a1-e44d-494a-b1a0-6476097f565c None None] MySQL server mode set to STRICT_TRANS_TABLES,STRICT_ALL_TABLES,NO_ZERO_IN_DATE,NO_ZERO_DATE,ERROR_FOR_DIVISION_BY_ZERO,TRADITIONAL,NO_ENGINE_SUBSTITUTION {{(pid=3334967) _check_effective_sql_mode /usr/local/lib/python3.8/dist-packages/oslo_db/sqlalchemy/engines.py:314}}
Jul 12 13:26:33 datacore-PowerEdge-R740 cinder-volume[3334967]: INFO cinder.volume.manager [None req-002406a1-e44d-494a-b1a0-6476097f565c None None] Determined volume DB was empty at startup.
Jul 12 13:26:33 datacore-PowerEdge-R740 cinder-volume[3334967]: DEBUG cinder.volume.manager [None req-002406a1-e44d-494a-b1a0-6476097f565c None None] Cinder Volume DB check: vol_db_empty=True {{(pid=3334967) __init__ /opt/stack/cinder/cinder/volume/manager.py:290}}
Jul 12 13:26:33 datacore-PowerEdge-R740 cinder-volume[3334967]: WARNING stevedore.named [None req-002406a1-e44d-494a-b1a0-6476097f565c None None] Could not load cinder.keymgr.conf_key_mgr.ConfKeyManager
Jul 12 13:26:33 datacore-PowerEdge-R740 cinder-volume[3334967]: WARNING castellan.key_manager [None req-002406a1-e44d-494a-b1a0-6476097f565c None None] Deprecation Warning : cinder.keymgr.conf_key_mgr.ConfKeyManager is not a stevedore based driver, trying to load it as a class: stevedore.exception.NoMatches: No 'castellan.drivers' driver found, looking for 'cinder.keymgr.conf_key_mgr.ConfKeyManager'
Jul 12 13:26:33 datacore-PowerEdge-R740 cinder-volume[3334967]: WARNING cinder.keymgr.conf_key_mgr [None req-002406a1-e44d-494a-b1a0-6476097f565c None None] This key manager is insecure and is not recommended for production deployments: stevedore.exception.NoMatches: No 'castellan.drivers' driver found, looking for 'cinder.keymgr.conf_key_mgr.ConfKeyManager'
Jul 12 13:26:33 datacore-PowerEdge-R740 cinder-volume[3334967]: ERROR cinder.cmd.volume [None req-002406a1-e44d-494a-b1a0-6476097f565c None None] Volume service hostgroup@datacore_iscsi1 failed to start.: ModuleNotFoundError: No module named 'cinder.volume.drivers.datacore.iscsi'
Jul 12 13:26:33 datacore-PowerEdge-R740 cinder-volume[3334967]: ERROR cinder.cmd.volume Traceback (most recent call last):
Jul 12 13:26:33 datacore-PowerEdge-R740 cinder-volume[3334967]: ERROR cinder.cmd.volume   File "/opt/stack/cinder/cinder/cmd/volume.py", line 99, in _launch_service
Jul 12 13:26:33 datacore-PowerEdge-R740 cinder-volume[3334967]: ERROR cinder.cmd.volume     server = service.Service.create(host=host,
Jul 12 13:26:33 datacore-PowerEdge-R740 cinder-volume[3334967]: ERROR cinder.cmd.volume   File "/opt/stack/cinder/cinder/service.py", line 394, in create
Jul 12 13:26:33 datacore-PowerEdge-R740 cinder-volume[3334967]: ERROR cinder.cmd.volume     service_obj = cls(host, binary, topic, manager,
Jul 12 13:26:33 datacore-PowerEdge-R740 cinder-volume[3334967]: ERROR cinder.cmd.volume   File "/opt/stack/cinder/cinder/service.py", line 152, in __init__
Jul 12 13:26:33 datacore-PowerEdge-R740 cinder-volume[3334967]: ERROR cinder.cmd.volume     self.manager = manager_class(host=self.host,
Jul 12 13:26:33 datacore-PowerEdge-R740 cinder-volume[3334967]: ERROR cinder.cmd.volume   File "/opt/stack/cinder/cinder/volume/manager.py", line 313, in __init__
Jul 12 13:26:33 datacore-PowerEdge-R740 cinder-volume[3334967]: ERROR cinder.cmd.volume     self.driver = importutils.import_object(
Jul 12 13:26:33 datacore-PowerEdge-R740 cinder-volume[3334967]: ERROR cinder.cmd.volume   File "/usr/local/lib/python3.8/dist-packages/oslo_utils/importutils.py", line 44, in import_object
Jul 12 13:26:33 datacore-PowerEdge-R740 cinder-volume[3334967]: ERROR cinder.cmd.volume     return import_class(import_str)(*args, **kwargs)
Jul 12 13:26:33 datacore-PowerEdge-R740 cinder-volume[3334967]: ERROR cinder.cmd.volume   File "/usr/local/lib/python3.8/dist-packages/oslo_utils/importutils.py", line 30, in import_class
Jul 12 13:26:33 datacore-PowerEdge-R740 cinder-volume[3334967]: ERROR cinder.cmd.volume     __import__(mod_str)
Jul 12 13:26:33 datacore-PowerEdge-R740 cinder-volume[3334967]: ERROR cinder.cmd.volume ModuleNotFoundError: No module named 'cinder.volume.drivers.datacore.iscsi'
Jul 12 13:26:33 datacore-PowerEdge-R740 cinder-volume[3334967]: ERROR cinder.cmd.volume 
Jul 12 13:26:33 datacore-PowerEdge-R740 cinder-volume[3334967]: ERROR cinder.cmd.volume [None req-002406a1-e44d-494a-b1a0-6476097f565c None None] No volume service(s) started successfully, terminating.
Jul 12 13:26:33 datacore-PowerEdge-R740 cinder-volume[3334967]: /usr/lib/python3/dist-packages/secretstorage/dhcrypto.py:15: CryptographyDeprecationWarning: int_from_bytes is deprecated, use int.from_bytes instead
Jul 12 13:26:33 datacore-PowerEdge-R740 cinder-volume[3334967]:   from cryptography.utils import int_from_bytes
Jul 12 13:26:33 datacore-PowerEdge-R740 cinder-volume[3334967]: /usr/lib/python3/dist-packages/secretstorage/util.py:19: CryptographyDeprecationWarning: int_from_bytes is deprecated, use int.from_bytes instead
Jul 12 13:26:33 datacore-PowerEdge-R740 cinder-volume[3334967]:   from cryptography.utils import int_from_bytes
Jul 12 13:26:33 datacore-PowerEdge-R740 cinder-volume[3334967]: /opt/stack/cinder/cinder/db/sqlalchemy/models.py:152: SAWarning: implicitly coercing SELECT object to scalar subquery; please use the .scalar_subquery() method to produce a scalar subquery.
Jul 12 13:26:33 datacore-PowerEdge-R740 cinder-volume[3334967]:   last_heartbeat = column_property(
Jul 12 13:26:33 datacore-PowerEdge-R740 cinder-volume[3334967]: /opt/stack/cinder/cinder/db/sqlalchemy/models.py:160: SAWarning: implicitly coercing SELECT object to scalar subquery; please use the .scalar_subquery() method to produce a scalar subquery.
Jul 12 13:26:33 datacore-PowerEdge-R740 cinder-volume[3334967]:   num_hosts = column_property(
Jul 12 13:26:33 datacore-PowerEdge-R740 cinder-volume[3334967]: /opt/stack/cinder/cinder/db/sqlalchemy/models.py:169: SAWarning: implicitly coercing SELECT object to scalar subquery; please use the .scalar_subquery() method to produce a scalar subquery.
Jul 12 13:26:33 datacore-PowerEdge-R740 cinder-volume[3334967]:   num_down_hosts = column_property(
Jul 12 13:26:33 datacore-PowerEdge-R740 systemd[1]: devstack@c-vol.service: Main process exited, code=exited, status=1/FAILURE
Jul 12 13:26:33 datacore-PowerEdge-R740 systemd[1]: devstack@c-vol.service: Failed with result 'exit-code'.
Jul 12 13:26:48 datacore-PowerEdge-R740 systemd[1]: Started Devstack devstack@c-vol.service.
Jul 12 13:26:50 datacore-PowerEdge-R740 cinder-volume[3335574]: DEBUG oslo_concurrency.lockutils [-] Acquired lock "singleton_lock" {{(pid=3335574) lock /usr/local/lib/python3.8/dist-packages/oslo_concurrency/lockutils.py:294}}
Jul 12 13:26:50 datacore-PowerEdge-R740 cinder-volume[3335574]: DEBUG oslo_concurrency.lockutils [-] Releasing lock "singleton_lock" {{(pid=3335574) lock /usr/local/lib/python3.8/dist-packages/oslo_concurrency/lockutils.py:312}}
Jul 12 13:26:50 datacore-PowerEdge-R740 cinder-volume[3335574]: INFO dbcounter [None req-650b3d33-f72f-4d4e-a07b-ddd494df5607 None None] Registered counter for database cinder
Jul 12 13:26:50 datacore-PowerEdge-R740 cinder-volume[3335574]: DEBUG oslo_db.sqlalchemy.engines [None req-650b3d33-f72f-4d4e-a07b-ddd494df5607 None None] MySQL server mode set to STRICT_TRANS_TABLES,STRICT_ALL_TABLES,NO_ZERO_IN_DATE,NO_ZERO_DATE,ERROR_FOR_DIVISION_BY_ZERO,TRADITIONAL,NO_ENGINE_SUBSTITUTION {{(pid=3335574) _check_effective_sql_mode /usr/local/lib/python3.8/dist-packages/oslo_db/sqlalchemy/engines.py:314}}
Jul 12 13:26:50 datacore-PowerEdge-R740 cinder-volume[3335574]: DEBUG dbcounter [-] [3335574] Writer thread running {{(pid=3335574) stat_writer /usr/local/lib/python3.8/dist-packages/dbcounter.py:99}}
Jul 12 13:26:50 datacore-PowerEdge-R740 cinder-volume[3335574]: INFO cinder.rpc [None req-650b3d33-f72f-4d4e-a07b-ddd494df5607 None None] Automatically selected cinder-scheduler objects version 1.39 as minimum service version.
Jul 12 13:26:50 datacore-PowerEdge-R740 cinder-volume[3335574]: INFO cinder.rpc [None req-650b3d33-f72f-4d4e-a07b-ddd494df5607 None None] Automatically selected cinder-scheduler RPC version 3.12 as minimum service version.
Jul 12 13:26:50 datacore-PowerEdge-R740 cinder-volume[3335574]: DEBUG oslo_db.sqlalchemy.engines [None req-650b3d33-f72f-4d4e-a07b-ddd494df5607 None None] MySQL server mode set to STRICT_TRANS_TABLES,STRICT_ALL_TABLES,NO_ZERO_IN_DATE,NO_ZERO_DATE,ERROR_FOR_DIVISION_BY_ZERO,TRADITIONAL,NO_ENGINE_SUBSTITUTION {{(pid=3335574) _check_effective_sql_mode /usr/local/lib/python3.8/dist-packages/oslo_db/sqlalchemy/engines.py:314}}
Jul 12 13:26:50 datacore-PowerEdge-R740 cinder-volume[3335574]: INFO cinder.volume.manager [None req-650b3d33-f72f-4d4e-a07b-ddd494df5607 None None] Determined volume DB was empty at startup.
Jul 12 13:26:50 datacore-PowerEdge-R740 cinder-volume[3335574]: DEBUG cinder.volume.manager [None req-650b3d33-f72f-4d4e-a07b-ddd494df5607 None None] Cinder Volume DB check: vol_db_empty=True {{(pid=3335574) __init__ /opt/stack/cinder/cinder/volume/manager.py:290}}
Jul 12 13:26:50 datacore-PowerEdge-R740 cinder-volume[3335574]: WARNING stevedore.named [None req-650b3d33-f72f-4d4e-a07b-ddd494df5607 None None] Could not load cinder.keymgr.conf_key_mgr.ConfKeyManager
Jul 12 13:26:50 datacore-PowerEdge-R740 cinder-volume[3335574]: WARNING castellan.key_manager [None req-650b3d33-f72f-4d4e-a07b-ddd494df5607 None None] Deprecation Warning : cinder.keymgr.conf_key_mgr.ConfKeyManager is not a stevedore based driver, trying to load it as a class: stevedore.exception.NoMatches: No 'castellan.drivers' driver found, looking for 'cinder.keymgr.conf_key_mgr.ConfKeyManager'
Jul 12 13:26:50 datacore-PowerEdge-R740 cinder-volume[3335574]: WARNING cinder.keymgr.conf_key_mgr [None req-650b3d33-f72f-4d4e-a07b-ddd494df5607 None None] This key manager is insecure and is not recommended for production deployments: stevedore.exception.NoMatches: No 'castellan.drivers' driver found, looking for 'cinder.keymgr.conf_key_mgr.ConfKeyManager'
Jul 12 13:26:50 datacore-PowerEdge-R740 cinder-volume[3335574]: ERROR cinder.cmd.volume [None req-650b3d33-f72f-4d4e-a07b-ddd494df5607 None None] Volume service hostgroup@datacore_iscsi1 failed to start.: ModuleNotFoundError: No module named 'cinder.volume.drivers.datacore.iscsi'
Jul 12 13:26:50 datacore-PowerEdge-R740 cinder-volume[3335574]: ERROR cinder.cmd.volume Traceback (most recent call last):
Jul 12 13:26:50 datacore-PowerEdge-R740 cinder-volume[3335574]: ERROR cinder.cmd.volume   File "/opt/stack/cinder/cinder/cmd/volume.py", line 99, in _launch_service
Jul 12 13:26:50 datacore-PowerEdge-R740 cinder-volume[3335574]: ERROR cinder.cmd.volume     server = service.Service.create(host=host,
Jul 12 13:26:50 datacore-PowerEdge-R740 cinder-volume[3335574]: ERROR cinder.cmd.volume   File "/opt/stack/cinder/cinder/service.py", line 394, in create
Jul 12 13:26:50 datacore-PowerEdge-R740 cinder-volume[3335574]: ERROR cinder.cmd.volume     service_obj = cls(host, binary, topic, manager,
Jul 12 13:26:50 datacore-PowerEdge-R740 cinder-volume[3335574]: ERROR cinder.cmd.volume   File "/opt/stack/cinder/cinder/service.py", line 152, in __init__
Jul 12 13:26:50 datacore-PowerEdge-R740 cinder-volume[3335574]: ERROR cinder.cmd.volume     self.manager = manager_class(host=self.host,
Jul 12 13:26:50 datacore-PowerEdge-R740 cinder-volume[3335574]: ERROR cinder.cmd.volume   File "/opt/stack/cinder/cinder/volume/manager.py", line 313, in __init__
Jul 12 13:26:50 datacore-PowerEdge-R740 cinder-volume[3335574]: ERROR cinder.cmd.volume     self.driver = importutils.import_object(
Jul 12 13:26:50 datacore-PowerEdge-R740 cinder-volume[3335574]: ERROR cinder.cmd.volume   File "/usr/local/lib/python3.8/dist-packages/oslo_utils/importutils.py", line 44, in import_object
Jul 12 13:26:50 datacore-PowerEdge-R740 cinder-volume[3335574]: ERROR cinder.cmd.volume     return import_class(import_str)(*args, **kwargs)
Jul 12 13:26:50 datacore-PowerEdge-R740 cinder-volume[3335574]: ERROR cinder.cmd.volume   File "/usr/local/lib/python3.8/dist-packages/oslo_utils/importutils.py", line 30, in import_class
Jul 12 13:26:50 datacore-PowerEdge-R740 cinder-volume[3335574]: ERROR cinder.cmd.volume     __import__(mod_str)
Jul 12 13:26:50 datacore-PowerEdge-R740 cinder-volume[3335574]: ERROR cinder.cmd.volume ModuleNotFoundError: No module named 'cinder.volume.drivers.datacore.iscsi'
Jul 12 13:26:50 datacore-PowerEdge-R740 cinder-volume[3335574]: ERROR cinder.cmd.volume 
Jul 12 13:26:50 datacore-PowerEdge-R740 cinder-volume[3335574]: ERROR cinder.cmd.volume [None req-650b3d33-f72f-4d4e-a07b-ddd494df5607 None None] No volume service(s) started successfully, terminating.
Jul 12 13:26:50 datacore-PowerEdge-R740 cinder-volume[3335574]: /usr/lib/python3/dist-packages/secretstorage/dhcrypto.py:15: CryptographyDeprecationWarning: int_from_bytes is deprecated, use int.from_bytes instead
Jul 12 13:26:50 datacore-PowerEdge-R740 cinder-volume[3335574]:   from cryptography.utils import int_from_bytes
Jul 12 13:26:50 datacore-PowerEdge-R740 cinder-volume[3335574]: /usr/lib/python3/dist-packages/secretstorage/util.py:19: CryptographyDeprecationWarning: int_from_bytes is deprecated, use int.from_bytes instead
Jul 12 13:26:50 datacore-PowerEdge-R740 cinder-volume[3335574]:   from cryptography.utils import int_from_bytes
Jul 12 13:26:50 datacore-PowerEdge-R740 cinder-volume[3335574]: /opt/stack/cinder/cinder/db/sqlalchemy/models.py:152: SAWarning: implicitly coercing SELECT object to scalar subquery; please use the .scalar_subquery() method to produce a scalar subquery.
Jul 12 13:26:50 datacore-PowerEdge-R740 cinder-volume[3335574]:   last_heartbeat = column_property(
Jul 12 13:26:50 datacore-PowerEdge-R740 cinder-volume[3335574]: /opt/stack/cinder/cinder/db/sqlalchemy/models.py:160: SAWarning: implicitly coercing SELECT object to scalar subquery; please use the .scalar_subquery() method to produce a scalar subquery.
Jul 12 13:26:50 datacore-PowerEdge-R740 cinder-volume[3335574]:   num_hosts = column_property(
Jul 12 13:26:50 datacore-PowerEdge-R740 cinder-volume[3335574]: /opt/stack/cinder/cinder/db/sqlalchemy/models.py:169: SAWarning: implicitly coercing SELECT object to scalar subquery; please use the .scalar_subquery() method to produce a scalar subquery.
Jul 12 13:26:50 datacore-PowerEdge-R740 cinder-volume[3335574]:   num_down_hosts = column_property(
Jul 12 13:26:51 datacore-PowerEdge-R740 systemd[1]: devstack@c-vol.service: Main process exited, code=exited, status=1/FAILURE
Jul 12 13:26:51 datacore-PowerEdge-R740 systemd[1]: devstack@c-vol.service: Failed with result 'exit-code'.
