Source the openrc file
WARNING: setting legacy OS_TENANT_NAME to support cli tools.
Patch Details: GERRIT_CHANGE_NUMBER: 803823 GERRIT_PATCHSET_NUMBER: 12 GERRIT_REFSPEC: refs/changes/23/803823/12
Updating cinder code
Waiting for patchset. FROM_JENKINS: 1204579FROM_JENKINS
Switched to branch 'master'
Your branch is up to date with 'origin/master'.
git checkout cinder master Success
Already up to date.
git pull Success
changeBranch: change-803823-12
From https://opendev.org/openstack/cinder
 * [new ref]             refs/changes/23/803823/12 -> change-803823-12
git fetch origin refs/changes/23/803823/12:change-803823-12 Success
Switched to branch 'change-803823-12'
git checkout change-803823-12 Success
Already up to date.
checkout patchset [ PASSED ]
Clearing logs
/tmp/ci-result-1655884733140
Starting iSCSI Test configuration
Updating cinder.conf with iSCSI driver details [ PASSED ]
Restarting devstack services
Cinder volume service [ FAILED ]
Already up to date.
Updating cinder-tempest-logs repo [ PASSED ]
