-- Logs begin at Fri 2022-08-26 21:44:05 IST, end at Fri 2022-08-26 21:45:22 IST. --
Aug 26 21:44:06 datacore-PowerEdge-R740 sudo[4114050]: pam_unix(sudo:session): session closed for user root
Aug 26 21:44:06 datacore-PowerEdge-R740 cinder-volume[4113975]: DEBUG oslo_concurrency.processutils [None req-e7f313a5-7df9-4548-bb66-1d7cee926ed5 None None] CMD "sudo cinder-rootwrap /etc/cinder/rootwrap.conf lvchange -a y --yes -K stack-volumes-lvmdriver-1/stack-volumes-lvmdriver-1-pool" returned: 0 in 0.983s {{(pid=4113975) execute /usr/local/lib/python3.8/dist-packages/oslo_concurrency/processutils.py:422}}
Aug 26 21:44:06 datacore-PowerEdge-R740 cinder-volume[4113975]: DEBUG oslo_concurrency.processutils [None req-e7f313a5-7df9-4548-bb66-1d7cee926ed5 None None] Running cmd (subprocess): env LC_ALL=C lvm version {{(pid=4113975) execute /usr/local/lib/python3.8/dist-packages/oslo_concurrency/processutils.py:384}}
Aug 26 21:44:06 datacore-PowerEdge-R740 cinder-volume[4113975]: DEBUG oslo_concurrency.processutils [None req-e7f313a5-7df9-4548-bb66-1d7cee926ed5 None None] CMD "env LC_ALL=C lvm version" returned: 0 in 0.018s {{(pid=4113975) execute /usr/local/lib/python3.8/dist-packages/oslo_concurrency/processutils.py:422}}
Aug 26 21:44:06 datacore-PowerEdge-R740 cinder-volume[4113975]: DEBUG oslo_concurrency.processutils [None req-e7f313a5-7df9-4548-bb66-1d7cee926ed5 None None] Running cmd (subprocess): sudo cinder-rootwrap /etc/cinder/rootwrap.conf env LC_ALL=C pvs --noheadings --unit=g -o vg_name,name,size,free --separator | --nosuffix --ignoreskippedcluster {{(pid=4113975) execute /usr/local/lib/python3.8/dist-packages/oslo_concurrency/processutils.py:384}}
Aug 26 21:44:06 datacore-PowerEdge-R740 sudo[4114169]:    stack : TTY=unknown ; PWD=/ ; USER=root ; COMMAND=/usr/local/bin/cinder-rootwrap /etc/cinder/rootwrap.conf env LC_ALL=C pvs --noheadings --unit=g -o vg_name,name,size,free --separator | --nosuffix --ignoreskippedcluster
Aug 26 21:44:06 datacore-PowerEdge-R740 sudo[4114169]: pam_unix(sudo:session): session opened for user root by (uid=0)
Aug 26 21:44:07 datacore-PowerEdge-R740 sudo[4114169]: pam_unix(sudo:session): session closed for user root
Aug 26 21:44:07 datacore-PowerEdge-R740 cinder-volume[4113975]: DEBUG oslo_concurrency.processutils [None req-e7f313a5-7df9-4548-bb66-1d7cee926ed5 None None] CMD "sudo cinder-rootwrap /etc/cinder/rootwrap.conf env LC_ALL=C pvs --noheadings --unit=g -o vg_name,name,size,free --separator | --nosuffix --ignoreskippedcluster" returned: 0 in 0.813s {{(pid=4113975) execute /usr/local/lib/python3.8/dist-packages/oslo_concurrency/processutils.py:422}}
Aug 26 21:44:07 datacore-PowerEdge-R740 cinder-volume[4113975]: DEBUG oslo_concurrency.processutils [None req-e7f313a5-7df9-4548-bb66-1d7cee926ed5 None None] Running cmd (subprocess): sudo cinder-rootwrap /etc/cinder/rootwrap.conf env LC_ALL=C vgs --noheadings --unit=g -o name,size,free,lv_count,uuid --separator : --nosuffix stack-volumes-lvmdriver-1 {{(pid=4113975) execute /usr/local/lib/python3.8/dist-packages/oslo_concurrency/processutils.py:384}}
Aug 26 21:44:07 datacore-PowerEdge-R740 sudo[4114238]:    stack : TTY=unknown ; PWD=/ ; USER=root ; COMMAND=/usr/local/bin/cinder-rootwrap /etc/cinder/rootwrap.conf env LC_ALL=C vgs --noheadings --unit=g -o name,size,free,lv_count,uuid --separator : --nosuffix stack-volumes-lvmdriver-1
Aug 26 21:44:07 datacore-PowerEdge-R740 sudo[4114238]: pam_unix(sudo:session): session opened for user root by (uid=0)
Aug 26 21:44:07 datacore-PowerEdge-R740 sudo[4114238]: pam_unix(sudo:session): session closed for user root
Aug 26 21:44:07 datacore-PowerEdge-R740 cinder-volume[4113975]: DEBUG oslo_concurrency.processutils [None req-e7f313a5-7df9-4548-bb66-1d7cee926ed5 None None] CMD "sudo cinder-rootwrap /etc/cinder/rootwrap.conf env LC_ALL=C vgs --noheadings --unit=g -o name,size,free,lv_count,uuid --separator : --nosuffix stack-volumes-lvmdriver-1" returned: 0 in 0.701s {{(pid=4113975) execute /usr/local/lib/python3.8/dist-packages/oslo_concurrency/processutils.py:422}}
Aug 26 21:44:07 datacore-PowerEdge-R740 cinder-volume[4113975]: DEBUG oslo_concurrency.processutils [None req-e7f313a5-7df9-4548-bb66-1d7cee926ed5 None None] Running cmd (subprocess): sudo cinder-rootwrap /etc/cinder/rootwrap.conf env LC_ALL=C vgs --noheadings --unit=g -o name,size,free,lv_count,uuid --separator : --nosuffix stack-volumes-lvmdriver-1 {{(pid=4113975) execute /usr/local/lib/python3.8/dist-packages/oslo_concurrency/processutils.py:384}}
Aug 26 21:44:07 datacore-PowerEdge-R740 sudo[4114263]:    stack : TTY=unknown ; PWD=/ ; USER=root ; COMMAND=/usr/local/bin/cinder-rootwrap /etc/cinder/rootwrap.conf env LC_ALL=C vgs --noheadings --unit=g -o name,size,free,lv_count,uuid --separator : --nosuffix stack-volumes-lvmdriver-1
Aug 26 21:44:07 datacore-PowerEdge-R740 sudo[4114263]: pam_unix(sudo:session): session opened for user root by (uid=0)
Aug 26 21:44:08 datacore-PowerEdge-R740 sudo[4114263]: pam_unix(sudo:session): session closed for user root
Aug 26 21:44:08 datacore-PowerEdge-R740 cinder-volume[4113975]: DEBUG oslo_concurrency.processutils [None req-e7f313a5-7df9-4548-bb66-1d7cee926ed5 None None] CMD "sudo cinder-rootwrap /etc/cinder/rootwrap.conf env LC_ALL=C vgs --noheadings --unit=g -o name,size,free,lv_count,uuid --separator : --nosuffix stack-volumes-lvmdriver-1" returned: 0 in 0.662s {{(pid=4113975) execute /usr/local/lib/python3.8/dist-packages/oslo_concurrency/processutils.py:422}}
Aug 26 21:44:08 datacore-PowerEdge-R740 cinder-volume[4113975]: DEBUG oslo_concurrency.processutils [None req-e7f313a5-7df9-4548-bb66-1d7cee926ed5 None None] Running cmd (subprocess): sudo cinder-rootwrap /etc/cinder/rootwrap.conf env LC_ALL=C lvs --noheadings --unit=g -o vg_name,name,size --nosuffix --readonly stack-volumes-lvmdriver-1 {{(pid=4113975) execute /usr/local/lib/python3.8/dist-packages/oslo_concurrency/processutils.py:384}}
Aug 26 21:44:08 datacore-PowerEdge-R740 sudo[4114269]:    stack : TTY=unknown ; PWD=/ ; USER=root ; COMMAND=/usr/local/bin/cinder-rootwrap /etc/cinder/rootwrap.conf env LC_ALL=C lvs --noheadings --unit=g -o vg_name,name,size --nosuffix --readonly stack-volumes-lvmdriver-1
Aug 26 21:44:08 datacore-PowerEdge-R740 sudo[4114269]: pam_unix(sudo:session): session opened for user root by (uid=0)
Aug 26 21:44:09 datacore-PowerEdge-R740 sudo[4114269]: pam_unix(sudo:session): session closed for user root
Aug 26 21:44:09 datacore-PowerEdge-R740 cinder-volume[4113975]: DEBUG oslo_concurrency.processutils [None req-e7f313a5-7df9-4548-bb66-1d7cee926ed5 None None] CMD "sudo cinder-rootwrap /etc/cinder/rootwrap.conf env LC_ALL=C lvs --noheadings --unit=g -o vg_name,name,size --nosuffix --readonly stack-volumes-lvmdriver-1" returned: 0 in 0.688s {{(pid=4113975) execute /usr/local/lib/python3.8/dist-packages/oslo_concurrency/processutils.py:422}}
Aug 26 21:44:09 datacore-PowerEdge-R740 cinder-volume[4113975]: DEBUG oslo_concurrency.processutils [None req-e7f313a5-7df9-4548-bb66-1d7cee926ed5 None None] Running cmd (subprocess): sudo cinder-rootwrap /etc/cinder/rootwrap.conf env LC_ALL=C lvs --noheadings --unit=g -o size,data_percent --separator : --nosuffix /dev/stack-volumes-lvmdriver-1/stack-volumes-lvmdriver-1-pool {{(pid=4113975) execute /usr/local/lib/python3.8/dist-packages/oslo_concurrency/processutils.py:384}}
Aug 26 21:44:09 datacore-PowerEdge-R740 sudo[4114286]:    stack : TTY=unknown ; PWD=/ ; USER=root ; COMMAND=/usr/local/bin/cinder-rootwrap /etc/cinder/rootwrap.conf env LC_ALL=C lvs --noheadings --unit=g -o size,data_percent --separator : --nosuffix /dev/stack-volumes-lvmdriver-1/stack-volumes-lvmdriver-1-pool
Aug 26 21:44:09 datacore-PowerEdge-R740 sudo[4114286]: pam_unix(sudo:session): session opened for user root by (uid=0)
Aug 26 21:44:09 datacore-PowerEdge-R740 sudo[4114286]: pam_unix(sudo:session): session closed for user root
Aug 26 21:44:09 datacore-PowerEdge-R740 cinder-volume[4113975]: DEBUG oslo_concurrency.processutils [None req-e7f313a5-7df9-4548-bb66-1d7cee926ed5 None None] CMD "sudo cinder-rootwrap /etc/cinder/rootwrap.conf env LC_ALL=C lvs --noheadings --unit=g -o size,data_percent --separator : --nosuffix /dev/stack-volumes-lvmdriver-1/stack-volumes-lvmdriver-1-pool" returned: 0 in 0.641s {{(pid=4113975) execute /usr/local/lib/python3.8/dist-packages/oslo_concurrency/processutils.py:422}}
Aug 26 21:44:09 datacore-PowerEdge-R740 cinder-volume[4113975]: DEBUG oslo_concurrency.processutils [None req-e7f313a5-7df9-4548-bb66-1d7cee926ed5 None None] Running cmd (subprocess): env LC_ALL=C lvm version {{(pid=4113975) execute /usr/local/lib/python3.8/dist-packages/oslo_concurrency/processutils.py:384}}
Aug 26 21:44:09 datacore-PowerEdge-R740 cinder-volume[4113975]: DEBUG oslo_concurrency.processutils [None req-e7f313a5-7df9-4548-bb66-1d7cee926ed5 None None] CMD "env LC_ALL=C lvm version" returned: 0 in 0.019s {{(pid=4113975) execute /usr/local/lib/python3.8/dist-packages/oslo_concurrency/processutils.py:422}}
Aug 26 21:44:09 datacore-PowerEdge-R740 cinder-volume[4113975]: DEBUG oslo_concurrency.processutils [None req-e7f313a5-7df9-4548-bb66-1d7cee926ed5 None None] Running cmd (subprocess): sudo cinder-rootwrap /etc/cinder/rootwrap.conf env LC_ALL=C lvs --noheadings --unit=g -o vg_name,name,size --nosuffix --readonly stack-volumes-lvmdriver-1/stack-volumes-lvmdriver-1-pool {{(pid=4113975) execute /usr/local/lib/python3.8/dist-packages/oslo_concurrency/processutils.py:384}}
Aug 26 21:44:09 datacore-PowerEdge-R740 sudo[4114291]:    stack : TTY=unknown ; PWD=/ ; USER=root ; COMMAND=/usr/local/bin/cinder-rootwrap /etc/cinder/rootwrap.conf env LC_ALL=C lvs --noheadings --unit=g -o vg_name,name,size --nosuffix --readonly stack-volumes-lvmdriver-1/stack-volumes-lvmdriver-1-pool
Aug 26 21:44:09 datacore-PowerEdge-R740 sudo[4114291]: pam_unix(sudo:session): session opened for user root by (uid=0)
Aug 26 21:44:10 datacore-PowerEdge-R740 sudo[4114291]: pam_unix(sudo:session): session closed for user root
Aug 26 21:44:10 datacore-PowerEdge-R740 cinder-volume[4113975]: DEBUG oslo_concurrency.processutils [None req-e7f313a5-7df9-4548-bb66-1d7cee926ed5 None None] CMD "sudo cinder-rootwrap /etc/cinder/rootwrap.conf env LC_ALL=C lvs --noheadings --unit=g -o vg_name,name,size --nosuffix --readonly stack-volumes-lvmdriver-1/stack-volumes-lvmdriver-1-pool" returned: 0 in 0.656s {{(pid=4113975) execute /usr/local/lib/python3.8/dist-packages/oslo_concurrency/processutils.py:422}}
Aug 26 21:44:10 datacore-PowerEdge-R740 cinder-volume[4113975]: INFO cinder.volume.drivers.lvm [None req-e7f313a5-7df9-4548-bb66-1d7cee926ed5 None None] Enabling LVM thin provisioning by default because a thin pool exists.
Aug 26 21:44:10 datacore-PowerEdge-R740 cinder-volume[4113975]: DEBUG oslo_concurrency.processutils [None req-e7f313a5-7df9-4548-bb66-1d7cee926ed5 None None] Running cmd (subprocess): env LC_ALL=C lvm version {{(pid=4113975) execute /usr/local/lib/python3.8/dist-packages/oslo_concurrency/processutils.py:384}}
Aug 26 21:44:10 datacore-PowerEdge-R740 cinder-volume[4113975]: DEBUG oslo_concurrency.processutils [None req-e7f313a5-7df9-4548-bb66-1d7cee926ed5 None None] CMD "env LC_ALL=C lvm version" returned: 0 in 0.014s {{(pid=4113975) execute /usr/local/lib/python3.8/dist-packages/oslo_concurrency/processutils.py:422}}
Aug 26 21:44:10 datacore-PowerEdge-R740 cinder-volume[4113975]: DEBUG oslo_concurrency.processutils [None req-e7f313a5-7df9-4548-bb66-1d7cee926ed5 None None] Running cmd (subprocess): sudo cinder-rootwrap /etc/cinder/rootwrap.conf env LC_ALL=C lvs --noheadings --unit=g -o vg_name,name,size --nosuffix --readonly stack-volumes-lvmdriver-1/stack-volumes-lvmdriver-1-pool {{(pid=4113975) execute /usr/local/lib/python3.8/dist-packages/oslo_concurrency/processutils.py:384}}
Aug 26 21:44:10 datacore-PowerEdge-R740 sudo[4114309]:    stack : TTY=unknown ; PWD=/ ; USER=root ; COMMAND=/usr/local/bin/cinder-rootwrap /etc/cinder/rootwrap.conf env LC_ALL=C lvs --noheadings --unit=g -o vg_name,name,size --nosuffix --readonly stack-volumes-lvmdriver-1/stack-volumes-lvmdriver-1-pool
Aug 26 21:44:10 datacore-PowerEdge-R740 sudo[4114309]: pam_unix(sudo:session): session opened for user root by (uid=0)
Aug 26 21:44:11 datacore-PowerEdge-R740 sudo[4114309]: pam_unix(sudo:session): session closed for user root
Aug 26 21:44:11 datacore-PowerEdge-R740 cinder-volume[4113975]: DEBUG oslo_concurrency.processutils [None req-e7f313a5-7df9-4548-bb66-1d7cee926ed5 None None] CMD "sudo cinder-rootwrap /etc/cinder/rootwrap.conf env LC_ALL=C lvs --noheadings --unit=g -o vg_name,name,size --nosuffix --readonly stack-volumes-lvmdriver-1/stack-volumes-lvmdriver-1-pool" returned: 0 in 0.651s {{(pid=4113975) execute /usr/local/lib/python3.8/dist-packages/oslo_concurrency/processutils.py:422}}
Aug 26 21:44:11 datacore-PowerEdge-R740 cinder-volume[4113975]: DEBUG cinder.volume.drivers.lvm [None req-e7f313a5-7df9-4548-bb66-1d7cee926ed5 None None] Updating volume stats {{(pid=4113975) _update_volume_stats /opt/stack/cinder/cinder/volume/drivers/lvm.py:213}}
Aug 26 21:44:11 datacore-PowerEdge-R740 cinder-volume[4113975]: DEBUG oslo_concurrency.processutils [None req-e7f313a5-7df9-4548-bb66-1d7cee926ed5 None None] Running cmd (subprocess): sudo cinder-rootwrap /etc/cinder/rootwrap.conf env LC_ALL=C vgs --noheadings --unit=g -o name,size,free,lv_count,uuid --separator : --nosuffix stack-volumes-lvmdriver-1 {{(pid=4113975) execute /usr/local/lib/python3.8/dist-packages/oslo_concurrency/processutils.py:384}}
Aug 26 21:44:11 datacore-PowerEdge-R740 sudo[4114313]:    stack : TTY=unknown ; PWD=/ ; USER=root ; COMMAND=/usr/local/bin/cinder-rootwrap /etc/cinder/rootwrap.conf env LC_ALL=C vgs --noheadings --unit=g -o name,size,free,lv_count,uuid --separator : --nosuffix stack-volumes-lvmdriver-1
Aug 26 21:44:11 datacore-PowerEdge-R740 sudo[4114313]: pam_unix(sudo:session): session opened for user root by (uid=0)
Aug 26 21:44:11 datacore-PowerEdge-R740 sudo[4114313]: pam_unix(sudo:session): session closed for user root
Aug 26 21:44:11 datacore-PowerEdge-R740 cinder-volume[4113975]: DEBUG oslo_concurrency.processutils [None req-e7f313a5-7df9-4548-bb66-1d7cee926ed5 None None] CMD "sudo cinder-rootwrap /etc/cinder/rootwrap.conf env LC_ALL=C vgs --noheadings --unit=g -o name,size,free,lv_count,uuid --separator : --nosuffix stack-volumes-lvmdriver-1" returned: 0 in 0.630s {{(pid=4113975) execute /usr/local/lib/python3.8/dist-packages/oslo_concurrency/processutils.py:422}}
Aug 26 21:44:11 datacore-PowerEdge-R740 cinder-volume[4113975]: DEBUG oslo_concurrency.processutils [None req-e7f313a5-7df9-4548-bb66-1d7cee926ed5 None None] Running cmd (subprocess): sudo cinder-rootwrap /etc/cinder/rootwrap.conf env LC_ALL=C lvs --noheadings --unit=g -o vg_name,name,size --nosuffix --readonly stack-volumes-lvmdriver-1 {{(pid=4113975) execute /usr/local/lib/python3.8/dist-packages/oslo_concurrency/processutils.py:384}}
Aug 26 21:44:11 datacore-PowerEdge-R740 sudo[4114322]:    stack : TTY=unknown ; PWD=/ ; USER=root ; COMMAND=/usr/local/bin/cinder-rootwrap /etc/cinder/rootwrap.conf env LC_ALL=C lvs --noheadings --unit=g -o vg_name,name,size --nosuffix --readonly stack-volumes-lvmdriver-1
Aug 26 21:44:11 datacore-PowerEdge-R740 sudo[4114322]: pam_unix(sudo:session): session opened for user root by (uid=0)
Aug 26 21:44:12 datacore-PowerEdge-R740 sudo[4114322]: pam_unix(sudo:session): session closed for user root
Aug 26 21:44:12 datacore-PowerEdge-R740 cinder-volume[4113975]: DEBUG oslo_concurrency.processutils [None req-e7f313a5-7df9-4548-bb66-1d7cee926ed5 None None] CMD "sudo cinder-rootwrap /etc/cinder/rootwrap.conf env LC_ALL=C lvs --noheadings --unit=g -o vg_name,name,size --nosuffix --readonly stack-volumes-lvmdriver-1" returned: 0 in 0.677s {{(pid=4113975) execute /usr/local/lib/python3.8/dist-packages/oslo_concurrency/processutils.py:422}}
Aug 26 21:44:12 datacore-PowerEdge-R740 cinder-volume[4113975]: DEBUG oslo_concurrency.processutils [None req-e7f313a5-7df9-4548-bb66-1d7cee926ed5 None None] Running cmd (subprocess): sudo cinder-rootwrap /etc/cinder/rootwrap.conf env LC_ALL=C lvs --noheadings --unit=g -o size,data_percent --separator : --nosuffix /dev/stack-volumes-lvmdriver-1/stack-volumes-lvmdriver-1-pool {{(pid=4113975) execute /usr/local/lib/python3.8/dist-packages/oslo_concurrency/processutils.py:384}}
Aug 26 21:44:12 datacore-PowerEdge-R740 sudo[4114332]:    stack : TTY=unknown ; PWD=/ ; USER=root ; COMMAND=/usr/local/bin/cinder-rootwrap /etc/cinder/rootwrap.conf env LC_ALL=C lvs --noheadings --unit=g -o size,data_percent --separator : --nosuffix /dev/stack-volumes-lvmdriver-1/stack-volumes-lvmdriver-1-pool
Aug 26 21:44:12 datacore-PowerEdge-R740 sudo[4114332]: pam_unix(sudo:session): session opened for user root by (uid=0)
Aug 26 21:44:12 datacore-PowerEdge-R740 cinder-volume[4113757]: DEBUG dbcounter [-] [4113757] Writing DB stats cinder:SELECT=16,cinder:UPDATE=1 {{(pid=4113757) stat_writer /usr/local/lib/python3.8/dist-packages/dbcounter.py:114}}
Aug 26 21:44:13 datacore-PowerEdge-R740 sudo[4114332]: pam_unix(sudo:session): session closed for user root
Aug 26 21:44:13 datacore-PowerEdge-R740 cinder-volume[4113975]: DEBUG oslo_concurrency.processutils [None req-e7f313a5-7df9-4548-bb66-1d7cee926ed5 None None] CMD "sudo cinder-rootwrap /etc/cinder/rootwrap.conf env LC_ALL=C lvs --noheadings --unit=g -o size,data_percent --separator : --nosuffix /dev/stack-volumes-lvmdriver-1/stack-volumes-lvmdriver-1-pool" returned: 0 in 0.645s {{(pid=4113975) execute /usr/local/lib/python3.8/dist-packages/oslo_concurrency/processutils.py:422}}
Aug 26 21:44:13 datacore-PowerEdge-R740 cinder-volume[4113975]: DEBUG oslo_concurrency.processutils [None req-e7f313a5-7df9-4548-bb66-1d7cee926ed5 None None] Running cmd (subprocess): sudo cinder-rootwrap /etc/cinder/rootwrap.conf env LC_ALL=C lvs --noheadings --unit=g -o vg_name,name,size --nosuffix --readonly stack-volumes-lvmdriver-1 {{(pid=4113975) execute /usr/local/lib/python3.8/dist-packages/oslo_concurrency/processutils.py:384}}
Aug 26 21:44:13 datacore-PowerEdge-R740 sudo[4114343]:    stack : TTY=unknown ; PWD=/ ; USER=root ; COMMAND=/usr/local/bin/cinder-rootwrap /etc/cinder/rootwrap.conf env LC_ALL=C lvs --noheadings --unit=g -o vg_name,name,size --nosuffix --readonly stack-volumes-lvmdriver-1
Aug 26 21:44:13 datacore-PowerEdge-R740 sudo[4114343]: pam_unix(sudo:session): session opened for user root by (uid=0)
Aug 26 21:44:13 datacore-PowerEdge-R740 sudo[4114343]: pam_unix(sudo:session): session closed for user root
Aug 26 21:44:13 datacore-PowerEdge-R740 cinder-volume[4113975]: DEBUG oslo_concurrency.processutils [None req-e7f313a5-7df9-4548-bb66-1d7cee926ed5 None None] CMD "sudo cinder-rootwrap /etc/cinder/rootwrap.conf env LC_ALL=C lvs --noheadings --unit=g -o vg_name,name,size --nosuffix --readonly stack-volumes-lvmdriver-1" returned: 0 in 0.666s {{(pid=4113975) execute /usr/local/lib/python3.8/dist-packages/oslo_concurrency/processutils.py:422}}
Aug 26 21:44:13 datacore-PowerEdge-R740 cinder-volume[4113975]: INFO cinder.volume.driver [None req-e7f313a5-7df9-4548-bb66-1d7cee926ed5 None None] Driver hasn't implemented _init_vendor_properties()
Aug 26 21:44:13 datacore-PowerEdge-R740 cinder-volume[4113975]: DEBUG cinder.volume.driver [None req-e7f313a5-7df9-4548-bb66-1d7cee926ed5 None None] Initialized capabilities list: {'volume_backend_name': 'lvmdriver-1', 'vendor_name': 'Open Source', 'driver_version': '3.0.0', 'storage_protocol': 'iSCSI', 'pools': [{'pool_name': 'lvmdriver-1', 'total_capacity_gb': 28.5, 'free_capacity_gb': 28.5, 'reserved_percentage': 0, 'location_info': 'LVMVolumeDriver:datacore-PowerEdge-R740:stack-volumes-lvmdriver-1:thin:0', 'QoS_support': False, 'provisioned_capacity_gb': 0.0, 'max_over_subscription_ratio': '20.0', 'thin_provisioning_support': True, 'thick_provisioning_support': False, 'total_volumes': 1, 'filter_function': None, 'goodness_function': None, 'multiattach': True, 'backend_state': 'up'}], 'shared_targets': False, 'sparse_copy_volume': True, 'properties': {'thin_provisioning': {'title': 'Thin Provisioning', 'description': 'Sets thin provisioning.', 'type': 'boolean'}, 'compression': {'title': 'Compression', 'description': 'Enables compression.', 'type': 'boolean'}, 'qos': {'title': 'QoS', 'description': 'Enables QoS.', 'type': 'boolean'}, 'replication_enabled': {'title': 'Replication', 'description': 'Enables replication.', 'type': 'boolean'}}}. {{(pid=4113975) init_capabilities /opt/stack/cinder/cinder/volume/driver.py:811}}
Aug 26 21:44:13 datacore-PowerEdge-R740 cinder-volume[4113975]: DEBUG oslo_db.sqlalchemy.engines [None req-e7f313a5-7df9-4548-bb66-1d7cee926ed5 None None] MySQL server mode set to STRICT_TRANS_TABLES,STRICT_ALL_TABLES,NO_ZERO_IN_DATE,NO_ZERO_DATE,ERROR_FOR_DIVISION_BY_ZERO,TRADITIONAL,NO_ENGINE_SUBSTITUTION {{(pid=4113975) _check_effective_sql_mode /usr/local/lib/python3.8/dist-packages/oslo_db/sqlalchemy/engines.py:314}}
Aug 26 21:44:13 datacore-PowerEdge-R740 cinder-volume[4113975]: DEBUG dbcounter [-] [4113975] Writer thread running {{(pid=4113975) stat_writer /usr/local/lib/python3.8/dist-packages/dbcounter.py:99}}
Aug 26 21:44:13 datacore-PowerEdge-R740 cinder-volume[4113975]: DEBUG cinder.db.sqlalchemy.api [None req-e7f313a5-7df9-4548-bb66-1d7cee926ed5 None None] Building query based on filter {{(pid=4113975) _process_snaps_filters /opt/stack/cinder/cinder/db/sqlalchemy/api.py:3386}}
Aug 26 21:44:13 datacore-PowerEdge-R740 cinder-volume[4113975]: DEBUG cinder.image.image_utils [None req-e7f313a5-7df9-4548-bb66-1d7cee926ed5 None None] Configuration image_conversion_dir is None or the path doesn't exist. {{(pid=4113975) cleanup_temporary_file /opt/stack/cinder/cinder/image/image_utils.py:955}}
Aug 26 21:44:13 datacore-PowerEdge-R740 cinder-volume[4113975]: DEBUG cinder.volume.drivers.lvm [None req-e7f313a5-7df9-4548-bb66-1d7cee926ed5 None None] Updating volume stats {{(pid=4113975) _update_volume_stats /opt/stack/cinder/cinder/volume/drivers/lvm.py:213}}
Aug 26 21:44:13 datacore-PowerEdge-R740 cinder-volume[4113975]: DEBUG oslo_concurrency.processutils [None req-e7f313a5-7df9-4548-bb66-1d7cee926ed5 None None] Running cmd (subprocess): sudo cinder-rootwrap /etc/cinder/rootwrap.conf env LC_ALL=C vgs --noheadings --unit=g -o name,size,free,lv_count,uuid --separator : --nosuffix stack-volumes-lvmdriver-1 {{(pid=4113975) execute /usr/local/lib/python3.8/dist-packages/oslo_concurrency/processutils.py:384}}
Aug 26 21:44:13 datacore-PowerEdge-R740 sudo[4114350]:    stack : TTY=unknown ; PWD=/ ; USER=root ; COMMAND=/usr/local/bin/cinder-rootwrap /etc/cinder/rootwrap.conf env LC_ALL=C vgs --noheadings --unit=g -o name,size,free,lv_count,uuid --separator : --nosuffix stack-volumes-lvmdriver-1
Aug 26 21:44:13 datacore-PowerEdge-R740 sudo[4114350]: pam_unix(sudo:session): session opened for user root by (uid=0)
Aug 26 21:44:13 datacore-PowerEdge-R740 cinder-volume[4113975]: INFO cinder.keymgr.migration [None req-de8921be-0ef8-4953-8498-f19e8e214fa7 None None] Not migrating encryption keys because the ConfKeyManager is still in use.
Aug 26 21:44:14 datacore-PowerEdge-R740 sudo[4114350]: pam_unix(sudo:session): session closed for user root
Aug 26 21:44:14 datacore-PowerEdge-R740 cinder-volume[4113975]: DEBUG oslo_concurrency.processutils [None req-e7f313a5-7df9-4548-bb66-1d7cee926ed5 None None] CMD "sudo cinder-rootwrap /etc/cinder/rootwrap.conf env LC_ALL=C vgs --noheadings --unit=g -o name,size,free,lv_count,uuid --separator : --nosuffix stack-volumes-lvmdriver-1" returned: 0 in 0.653s {{(pid=4113975) execute /usr/local/lib/python3.8/dist-packages/oslo_concurrency/processutils.py:422}}
Aug 26 21:44:14 datacore-PowerEdge-R740 cinder-volume[4113975]: DEBUG oslo_concurrency.processutils [None req-e7f313a5-7df9-4548-bb66-1d7cee926ed5 None None] Running cmd (subprocess): sudo cinder-rootwrap /etc/cinder/rootwrap.conf env LC_ALL=C lvs --noheadings --unit=g -o vg_name,name,size --nosuffix --readonly stack-volumes-lvmdriver-1 {{(pid=4113975) execute /usr/local/lib/python3.8/dist-packages/oslo_concurrency/processutils.py:384}}
Aug 26 21:44:14 datacore-PowerEdge-R740 sudo[4114372]:    stack : TTY=unknown ; PWD=/ ; USER=root ; COMMAND=/usr/local/bin/cinder-rootwrap /etc/cinder/rootwrap.conf env LC_ALL=C lvs --noheadings --unit=g -o vg_name,name,size --nosuffix --readonly stack-volumes-lvmdriver-1
Aug 26 21:44:14 datacore-PowerEdge-R740 sudo[4114372]: pam_unix(sudo:session): session opened for user root by (uid=0)
Aug 26 21:44:15 datacore-PowerEdge-R740 sudo[4114372]: pam_unix(sudo:session): session closed for user root
Aug 26 21:44:15 datacore-PowerEdge-R740 cinder-volume[4113975]: DEBUG oslo_concurrency.processutils [None req-e7f313a5-7df9-4548-bb66-1d7cee926ed5 None None] CMD "sudo cinder-rootwrap /etc/cinder/rootwrap.conf env LC_ALL=C lvs --noheadings --unit=g -o vg_name,name,size --nosuffix --readonly stack-volumes-lvmdriver-1" returned: 0 in 0.625s {{(pid=4113975) execute /usr/local/lib/python3.8/dist-packages/oslo_concurrency/processutils.py:422}}
Aug 26 21:44:15 datacore-PowerEdge-R740 cinder-volume[4113975]: DEBUG oslo_concurrency.processutils [None req-e7f313a5-7df9-4548-bb66-1d7cee926ed5 None None] Running cmd (subprocess): sudo cinder-rootwrap /etc/cinder/rootwrap.conf env LC_ALL=C lvs --noheadings --unit=g -o size,data_percent --separator : --nosuffix /dev/stack-volumes-lvmdriver-1/stack-volumes-lvmdriver-1-pool {{(pid=4113975) execute /usr/local/lib/python3.8/dist-packages/oslo_concurrency/processutils.py:384}}
Aug 26 21:44:15 datacore-PowerEdge-R740 sudo[4114377]:    stack : TTY=unknown ; PWD=/ ; USER=root ; COMMAND=/usr/local/bin/cinder-rootwrap /etc/cinder/rootwrap.conf env LC_ALL=C lvs --noheadings --unit=g -o size,data_percent --separator : --nosuffix /dev/stack-volumes-lvmdriver-1/stack-volumes-lvmdriver-1-pool
Aug 26 21:44:15 datacore-PowerEdge-R740 sudo[4114377]: pam_unix(sudo:session): session opened for user root by (uid=0)
Aug 26 21:44:15 datacore-PowerEdge-R740 sudo[4114377]: pam_unix(sudo:session): session closed for user root
Aug 26 21:44:15 datacore-PowerEdge-R740 cinder-volume[4113975]: DEBUG oslo_concurrency.processutils [None req-e7f313a5-7df9-4548-bb66-1d7cee926ed5 None None] CMD "sudo cinder-rootwrap /etc/cinder/rootwrap.conf env LC_ALL=C lvs --noheadings --unit=g -o size,data_percent --separator : --nosuffix /dev/stack-volumes-lvmdriver-1/stack-volumes-lvmdriver-1-pool" returned: 0 in 0.638s {{(pid=4113975) execute /usr/local/lib/python3.8/dist-packages/oslo_concurrency/processutils.py:422}}
Aug 26 21:44:15 datacore-PowerEdge-R740 cinder-volume[4113975]: DEBUG oslo_concurrency.processutils [None req-e7f313a5-7df9-4548-bb66-1d7cee926ed5 None None] Running cmd (subprocess): sudo cinder-rootwrap /etc/cinder/rootwrap.conf env LC_ALL=C lvs --noheadings --unit=g -o vg_name,name,size --nosuffix --readonly stack-volumes-lvmdriver-1 {{(pid=4113975) execute /usr/local/lib/python3.8/dist-packages/oslo_concurrency/processutils.py:384}}
Aug 26 21:44:15 datacore-PowerEdge-R740 sudo[4114386]:    stack : TTY=unknown ; PWD=/ ; USER=root ; COMMAND=/usr/local/bin/cinder-rootwrap /etc/cinder/rootwrap.conf env LC_ALL=C lvs --noheadings --unit=g -o vg_name,name,size --nosuffix --readonly stack-volumes-lvmdriver-1
Aug 26 21:44:15 datacore-PowerEdge-R740 sudo[4114386]: pam_unix(sudo:session): session opened for user root by (uid=0)
Aug 26 21:44:16 datacore-PowerEdge-R740 sudo[4114386]: pam_unix(sudo:session): session closed for user root
Aug 26 21:44:16 datacore-PowerEdge-R740 cinder-volume[4113975]: DEBUG oslo_concurrency.processutils [None req-e7f313a5-7df9-4548-bb66-1d7cee926ed5 None None] CMD "sudo cinder-rootwrap /etc/cinder/rootwrap.conf env LC_ALL=C lvs --noheadings --unit=g -o vg_name,name,size --nosuffix --readonly stack-volumes-lvmdriver-1" returned: 0 in 0.632s {{(pid=4113975) execute /usr/local/lib/python3.8/dist-packages/oslo_concurrency/processutils.py:422}}
Aug 26 21:44:16 datacore-PowerEdge-R740 cinder-volume[4113975]: DEBUG cinder.manager [None req-e7f313a5-7df9-4548-bb66-1d7cee926ed5 None None] Notifying Schedulers of capabilities ... {{(pid=4113975) _publish_service_capabilities /opt/stack/cinder/cinder/manager.py:202}}
Aug 26 21:44:16 datacore-PowerEdge-R740 cinder-volume[4113975]: INFO cinder.volume.manager [None req-e7f313a5-7df9-4548-bb66-1d7cee926ed5 None None] Driver initialization completed successfully.
Aug 26 21:44:16 datacore-PowerEdge-R740 cinder-volume[4113975]: INFO cinder.manager [None req-e7f313a5-7df9-4548-bb66-1d7cee926ed5 None None] Initiating service 2 cleanup
Aug 26 21:44:16 datacore-PowerEdge-R740 cinder-volume[4113975]: INFO cinder.manager [None req-e7f313a5-7df9-4548-bb66-1d7cee926ed5 None None] Service 2 cleanup completed.
Aug 26 21:44:16 datacore-PowerEdge-R740 cinder-volume[4113975]: DEBUG cinder.service [None req-e7f313a5-7df9-4548-bb66-1d7cee926ed5 None None] Creating RPC server for service cinder-volume {{(pid=4113975) start /opt/stack/cinder/cinder/service.py:231}}
Aug 26 21:44:16 datacore-PowerEdge-R740 cinder-volume[4113975]: DEBUG cinder.service [None req-e7f313a5-7df9-4548-bb66-1d7cee926ed5 None None] Pinning object versions for RPC server serializer to 1.39 {{(pid=4113975) start /opt/stack/cinder/cinder/service.py:237}}
Aug 26 21:44:16 datacore-PowerEdge-R740 cinder-volume[4113975]: INFO cinder.volume.manager [None req-e7f313a5-7df9-4548-bb66-1d7cee926ed5 None None] Initializing RPC dependent components of volume driver LVMVolumeDriver (3.0.0)
Aug 26 21:44:16 datacore-PowerEdge-R740 cinder-volume[4113975]: DEBUG cinder.volume.drivers.lvm [None req-e7f313a5-7df9-4548-bb66-1d7cee926ed5 None None] Updating volume stats {{(pid=4113975) _update_volume_stats /opt/stack/cinder/cinder/volume/drivers/lvm.py:213}}
Aug 26 21:44:16 datacore-PowerEdge-R740 cinder-volume[4113975]: DEBUG oslo_concurrency.processutils [None req-e7f313a5-7df9-4548-bb66-1d7cee926ed5 None None] Running cmd (subprocess): sudo cinder-rootwrap /etc/cinder/rootwrap.conf env LC_ALL=C vgs --noheadings --unit=g -o name,size,free,lv_count,uuid --separator : --nosuffix stack-volumes-lvmdriver-1 {{(pid=4113975) execute /usr/local/lib/python3.8/dist-packages/oslo_concurrency/processutils.py:384}}
Aug 26 21:44:16 datacore-PowerEdge-R740 sudo[4114404]:    stack : TTY=unknown ; PWD=/ ; USER=root ; COMMAND=/usr/local/bin/cinder-rootwrap /etc/cinder/rootwrap.conf env LC_ALL=C vgs --noheadings --unit=g -o name,size,free,lv_count,uuid --separator : --nosuffix stack-volumes-lvmdriver-1
Aug 26 21:44:16 datacore-PowerEdge-R740 sudo[4114404]: pam_unix(sudo:session): session opened for user root by (uid=0)
Aug 26 21:44:17 datacore-PowerEdge-R740 sudo[4114404]: pam_unix(sudo:session): session closed for user root
Aug 26 21:44:17 datacore-PowerEdge-R740 cinder-volume[4113975]: DEBUG oslo_concurrency.processutils [None req-e7f313a5-7df9-4548-bb66-1d7cee926ed5 None None] CMD "sudo cinder-rootwrap /etc/cinder/rootwrap.conf env LC_ALL=C vgs --noheadings --unit=g -o name,size,free,lv_count,uuid --separator : --nosuffix stack-volumes-lvmdriver-1" returned: 0 in 0.655s {{(pid=4113975) execute /usr/local/lib/python3.8/dist-packages/oslo_concurrency/processutils.py:422}}
Aug 26 21:44:17 datacore-PowerEdge-R740 cinder-volume[4113975]: DEBUG oslo_concurrency.processutils [None req-e7f313a5-7df9-4548-bb66-1d7cee926ed5 None None] Running cmd (subprocess): sudo cinder-rootwrap /etc/cinder/rootwrap.conf env LC_ALL=C lvs --noheadings --unit=g -o vg_name,name,size --nosuffix --readonly stack-volumes-lvmdriver-1 {{(pid=4113975) execute /usr/local/lib/python3.8/dist-packages/oslo_concurrency/processutils.py:384}}
Aug 26 21:44:17 datacore-PowerEdge-R740 sudo[4114414]:    stack : TTY=unknown ; PWD=/ ; USER=root ; COMMAND=/usr/local/bin/cinder-rootwrap /etc/cinder/rootwrap.conf env LC_ALL=C lvs --noheadings --unit=g -o vg_name,name,size --nosuffix --readonly stack-volumes-lvmdriver-1
Aug 26 21:44:17 datacore-PowerEdge-R740 sudo[4114414]: pam_unix(sudo:session): session opened for user root by (uid=0)
Aug 26 21:44:17 datacore-PowerEdge-R740 sudo[4114414]: pam_unix(sudo:session): session closed for user root
Aug 26 21:44:17 datacore-PowerEdge-R740 cinder-volume[4113975]: DEBUG oslo_concurrency.processutils [None req-e7f313a5-7df9-4548-bb66-1d7cee926ed5 None None] CMD "sudo cinder-rootwrap /etc/cinder/rootwrap.conf env LC_ALL=C lvs --noheadings --unit=g -o vg_name,name,size --nosuffix --readonly stack-volumes-lvmdriver-1" returned: 0 in 0.648s {{(pid=4113975) execute /usr/local/lib/python3.8/dist-packages/oslo_concurrency/processutils.py:422}}
Aug 26 21:44:17 datacore-PowerEdge-R740 cinder-volume[4113975]: DEBUG oslo_concurrency.processutils [None req-e7f313a5-7df9-4548-bb66-1d7cee926ed5 None None] Running cmd (subprocess): sudo cinder-rootwrap /etc/cinder/rootwrap.conf env LC_ALL=C lvs --noheadings --unit=g -o size,data_percent --separator : --nosuffix /dev/stack-volumes-lvmdriver-1/stack-volumes-lvmdriver-1-pool {{(pid=4113975) execute /usr/local/lib/python3.8/dist-packages/oslo_concurrency/processutils.py:384}}
Aug 26 21:44:17 datacore-PowerEdge-R740 sudo[4114438]:    stack : TTY=unknown ; PWD=/ ; USER=root ; COMMAND=/usr/local/bin/cinder-rootwrap /etc/cinder/rootwrap.conf env LC_ALL=C lvs --noheadings --unit=g -o size,data_percent --separator : --nosuffix /dev/stack-volumes-lvmdriver-1/stack-volumes-lvmdriver-1-pool
Aug 26 21:44:17 datacore-PowerEdge-R740 sudo[4114438]: pam_unix(sudo:session): session opened for user root by (uid=0)
Aug 26 21:44:18 datacore-PowerEdge-R740 sudo[4114438]: pam_unix(sudo:session): session closed for user root
Aug 26 21:44:18 datacore-PowerEdge-R740 cinder-volume[4113975]: DEBUG oslo_concurrency.processutils [None req-e7f313a5-7df9-4548-bb66-1d7cee926ed5 None None] CMD "sudo cinder-rootwrap /etc/cinder/rootwrap.conf env LC_ALL=C lvs --noheadings --unit=g -o size,data_percent --separator : --nosuffix /dev/stack-volumes-lvmdriver-1/stack-volumes-lvmdriver-1-pool" returned: 0 in 0.643s {{(pid=4113975) execute /usr/local/lib/python3.8/dist-packages/oslo_concurrency/processutils.py:422}}
Aug 26 21:44:18 datacore-PowerEdge-R740 cinder-volume[4113975]: DEBUG oslo_concurrency.processutils [None req-e7f313a5-7df9-4548-bb66-1d7cee926ed5 None None] Running cmd (subprocess): sudo cinder-rootwrap /etc/cinder/rootwrap.conf env LC_ALL=C lvs --noheadings --unit=g -o vg_name,name,size --nosuffix --readonly stack-volumes-lvmdriver-1 {{(pid=4113975) execute /usr/local/lib/python3.8/dist-packages/oslo_concurrency/processutils.py:384}}
Aug 26 21:44:18 datacore-PowerEdge-R740 sudo[4114444]:    stack : TTY=unknown ; PWD=/ ; USER=root ; COMMAND=/usr/local/bin/cinder-rootwrap /etc/cinder/rootwrap.conf env LC_ALL=C lvs --noheadings --unit=g -o vg_name,name,size --nosuffix --readonly stack-volumes-lvmdriver-1
Aug 26 21:44:18 datacore-PowerEdge-R740 sudo[4114444]: pam_unix(sudo:session): session opened for user root by (uid=0)
Aug 26 21:44:18 datacore-PowerEdge-R740 systemd[1]: Stopping Devstack devstack@c-vol.service...
Aug 26 21:44:18 datacore-PowerEdge-R740 cinder-volume[4113757]: INFO oslo_service.service [None req-63767119-85a6-4d84-95bd-1dad8bb22028 None None] Caught SIGTERM, stopping children
Aug 26 21:44:18 datacore-PowerEdge-R740 cinder-volume[4113757]: DEBUG oslo_concurrency.lockutils [None req-63767119-85a6-4d84-95bd-1dad8bb22028 None None] Acquiring lock "singleton_lock" {{(pid=4113757) lock /usr/local/lib/python3.8/dist-packages/oslo_concurrency/lockutils.py:293}}
Aug 26 21:44:18 datacore-PowerEdge-R740 cinder-volume[4113757]: DEBUG oslo_concurrency.lockutils [None req-63767119-85a6-4d84-95bd-1dad8bb22028 None None] Acquired lock "singleton_lock" {{(pid=4113757) lock /usr/local/lib/python3.8/dist-packages/oslo_concurrency/lockutils.py:296}}
Aug 26 21:44:18 datacore-PowerEdge-R740 cinder-volume[4113757]: DEBUG oslo_concurrency.lockutils [None req-63767119-85a6-4d84-95bd-1dad8bb22028 None None] Releasing lock "singleton_lock" {{(pid=4113757) lock /usr/local/lib/python3.8/dist-packages/oslo_concurrency/lockutils.py:314}}
Aug 26 21:44:18 datacore-PowerEdge-R740 cinder-volume[4113757]: DEBUG oslo_service.service [None req-63767119-85a6-4d84-95bd-1dad8bb22028 None None] Stop services. {{(pid=4113757) stop /usr/local/lib/python3.8/dist-packages/oslo_service/service.py:695}}
Aug 26 21:44:18 datacore-PowerEdge-R740 cinder-volume[4113757]: DEBUG oslo_service.service [None req-63767119-85a6-4d84-95bd-1dad8bb22028 None None] Killing children. {{(pid=4113757) stop /usr/local/lib/python3.8/dist-packages/oslo_service/service.py:700}}
Aug 26 21:44:18 datacore-PowerEdge-R740 cinder-volume[4113757]: INFO oslo_service.service [None req-63767119-85a6-4d84-95bd-1dad8bb22028 None None] Waiting on 1 children to exit
Aug 26 21:44:19 datacore-PowerEdge-R740 sudo[4114444]: pam_unix(sudo:session): session closed for user root
Aug 26 21:44:19 datacore-PowerEdge-R740 cinder-volume[4113975]: DEBUG oslo_concurrency.processutils [None req-e7f313a5-7df9-4548-bb66-1d7cee926ed5 None None] CMD "sudo cinder-rootwrap /etc/cinder/rootwrap.conf env LC_ALL=C lvs --noheadings --unit=g -o vg_name,name,size --nosuffix --readonly stack-volumes-lvmdriver-1" returned: 0 in 0.902s {{(pid=4113975) execute /usr/local/lib/python3.8/dist-packages/oslo_concurrency/processutils.py:422}}
Aug 26 21:44:19 datacore-PowerEdge-R740 cinder-volume[4113975]: INFO cinder.volume.manager [None req-e7f313a5-7df9-4548-bb66-1d7cee926ed5 None None] Driver post RPC initialization completed successfully.
Aug 26 21:44:19 datacore-PowerEdge-R740 cinder-volume[4113975]: DEBUG oslo_concurrency.lockutils [None req-63767119-85a6-4d84-95bd-1dad8bb22028 None None] Acquiring lock "singleton_lock" {{(pid=4113975) lock /usr/local/lib/python3.8/dist-packages/oslo_concurrency/lockutils.py:293}}
Aug 26 21:44:19 datacore-PowerEdge-R740 cinder-volume[4113975]: DEBUG oslo_concurrency.lockutils [None req-63767119-85a6-4d84-95bd-1dad8bb22028 None None] Acquired lock "singleton_lock" {{(pid=4113975) lock /usr/local/lib/python3.8/dist-packages/oslo_concurrency/lockutils.py:296}}
Aug 26 21:44:19 datacore-PowerEdge-R740 cinder-volume[4113975]: DEBUG oslo_concurrency.lockutils [None req-63767119-85a6-4d84-95bd-1dad8bb22028 None None] Releasing lock "singleton_lock" {{(pid=4113975) lock /usr/local/lib/python3.8/dist-packages/oslo_concurrency/lockutils.py:314}}
Aug 26 21:44:19 datacore-PowerEdge-R740 cinder-volume[4113975]: WARNING amqp [None req-63767119-85a6-4d84-95bd-1dad8bb22028 None None] Received method (60, 30) during closing channel 1. This method will be ignored
Aug 26 21:44:19 datacore-PowerEdge-R740 cinder-volume[4113975]: WARNING amqp [None req-63767119-85a6-4d84-95bd-1dad8bb22028 None None] Received method (60, 30) during closing channel 1. This method will be ignored
Aug 26 21:44:19 datacore-PowerEdge-R740 cinder-volume[4113757]: INFO oslo_service.service [None req-63767119-85a6-4d84-95bd-1dad8bb22028 None None] Child 4113975 exited with status 0
Aug 26 21:44:19 datacore-PowerEdge-R740 cinder-volume[4113757]: /usr/lib/python3/dist-packages/secretstorage/dhcrypto.py:15: CryptographyDeprecationWarning: int_from_bytes is deprecated, use int.from_bytes instead
Aug 26 21:44:19 datacore-PowerEdge-R740 cinder-volume[4113757]:   from cryptography.utils import int_from_bytes
Aug 26 21:44:19 datacore-PowerEdge-R740 cinder-volume[4113757]: /usr/lib/python3/dist-packages/secretstorage/util.py:19: CryptographyDeprecationWarning: int_from_bytes is deprecated, use int.from_bytes instead
Aug 26 21:44:19 datacore-PowerEdge-R740 cinder-volume[4113757]:   from cryptography.utils import int_from_bytes
Aug 26 21:44:19 datacore-PowerEdge-R740 cinder-volume[4113757]: /opt/stack/cinder/cinder/db/sqlalchemy/models.py:152: SAWarning: implicitly coercing SELECT object to scalar subquery; please use the .scalar_subquery() method to produce a scalar subquery.
Aug 26 21:44:19 datacore-PowerEdge-R740 cinder-volume[4113757]:   last_heartbeat = column_property(
Aug 26 21:44:19 datacore-PowerEdge-R740 cinder-volume[4113757]: /opt/stack/cinder/cinder/db/sqlalchemy/models.py:160: SAWarning: implicitly coercing SELECT object to scalar subquery; please use the .scalar_subquery() method to produce a scalar subquery.
Aug 26 21:44:19 datacore-PowerEdge-R740 cinder-volume[4113757]:   num_hosts = column_property(
Aug 26 21:44:19 datacore-PowerEdge-R740 cinder-volume[4113757]: /opt/stack/cinder/cinder/db/sqlalchemy/models.py:169: SAWarning: implicitly coercing SELECT object to scalar subquery; please use the .scalar_subquery() method to produce a scalar subquery.
Aug 26 21:44:19 datacore-PowerEdge-R740 cinder-volume[4113757]:   num_down_hosts = column_property(
Aug 26 21:44:19 datacore-PowerEdge-R740 systemd[1]: devstack@c-vol.service: Succeeded.
Aug 26 21:44:19 datacore-PowerEdge-R740 systemd[1]: Stopped Devstack devstack@c-vol.service.
Aug 26 21:44:19 datacore-PowerEdge-R740 systemd[1]: Started Devstack devstack@c-vol.service.
Aug 26 21:44:21 datacore-PowerEdge-R740 cinder-volume[4114492]: DEBUG oslo_concurrency.lockutils [-] Acquiring lock "singleton_lock" {{(pid=4114492) lock /usr/local/lib/python3.8/dist-packages/oslo_concurrency/lockutils.py:293}}
Aug 26 21:44:21 datacore-PowerEdge-R740 cinder-volume[4114492]: DEBUG oslo_concurrency.lockutils [-] Acquired lock "singleton_lock" {{(pid=4114492) lock /usr/local/lib/python3.8/dist-packages/oslo_concurrency/lockutils.py:296}}
Aug 26 21:44:21 datacore-PowerEdge-R740 cinder-volume[4114492]: DEBUG oslo_concurrency.lockutils [-] Releasing lock "singleton_lock" {{(pid=4114492) lock /usr/local/lib/python3.8/dist-packages/oslo_concurrency/lockutils.py:314}}
Aug 26 21:44:21 datacore-PowerEdge-R740 cinder-volume[4114492]: INFO dbcounter [None req-a524ac0e-fefe-4211-9bfa-f56b7d54ed8b None None] Registered counter for database cinder
Aug 26 21:44:21 datacore-PowerEdge-R740 cinder-volume[4114492]: DEBUG oslo_db.sqlalchemy.engines [None req-a524ac0e-fefe-4211-9bfa-f56b7d54ed8b None None] MySQL server mode set to STRICT_TRANS_TABLES,STRICT_ALL_TABLES,NO_ZERO_IN_DATE,NO_ZERO_DATE,ERROR_FOR_DIVISION_BY_ZERO,TRADITIONAL,NO_ENGINE_SUBSTITUTION {{(pid=4114492) _check_effective_sql_mode /usr/local/lib/python3.8/dist-packages/oslo_db/sqlalchemy/engines.py:314}}
Aug 26 21:44:21 datacore-PowerEdge-R740 cinder-volume[4114492]: DEBUG dbcounter [-] [4114492] Writer thread running {{(pid=4114492) stat_writer /usr/local/lib/python3.8/dist-packages/dbcounter.py:99}}
Aug 26 21:44:22 datacore-PowerEdge-R740 cinder-volume[4114492]: INFO cinder.rpc [None req-a524ac0e-fefe-4211-9bfa-f56b7d54ed8b None None] Automatically selected cinder-scheduler objects version 1.39 as minimum service version.
Aug 26 21:44:22 datacore-PowerEdge-R740 cinder-volume[4114492]: INFO cinder.rpc [None req-a524ac0e-fefe-4211-9bfa-f56b7d54ed8b None None] Automatically selected cinder-scheduler RPC version 3.12 as minimum service version.
Aug 26 21:44:22 datacore-PowerEdge-R740 cinder-volume[4114492]: DEBUG oslo_db.sqlalchemy.engines [None req-a524ac0e-fefe-4211-9bfa-f56b7d54ed8b None None] MySQL server mode set to STRICT_TRANS_TABLES,STRICT_ALL_TABLES,NO_ZERO_IN_DATE,NO_ZERO_DATE,ERROR_FOR_DIVISION_BY_ZERO,TRADITIONAL,NO_ENGINE_SUBSTITUTION {{(pid=4114492) _check_effective_sql_mode /usr/local/lib/python3.8/dist-packages/oslo_db/sqlalchemy/engines.py:314}}
Aug 26 21:44:22 datacore-PowerEdge-R740 cinder-volume[4114492]: INFO cinder.volume.manager [None req-a524ac0e-fefe-4211-9bfa-f56b7d54ed8b None None] Determined volume DB was empty at startup.
Aug 26 21:44:22 datacore-PowerEdge-R740 cinder-volume[4114492]: DEBUG cinder.volume.manager [None req-a524ac0e-fefe-4211-9bfa-f56b7d54ed8b None None] Cinder Volume DB check: vol_db_empty=True {{(pid=4114492) __init__ /opt/stack/cinder/cinder/volume/manager.py:286}}
Aug 26 21:44:22 datacore-PowerEdge-R740 cinder-volume[4114492]: INFO cinder.volume.manager [None req-a524ac0e-fefe-4211-9bfa-f56b7d54ed8b None None] Service not found for updating active_backend_id, assuming default for driver init.
Aug 26 21:44:22 datacore-PowerEdge-R740 cinder-volume[4114492]: WARNING stevedore.named [None req-a524ac0e-fefe-4211-9bfa-f56b7d54ed8b None None] Could not load cinder.keymgr.conf_key_mgr.ConfKeyManager
Aug 26 21:44:22 datacore-PowerEdge-R740 cinder-volume[4114492]: WARNING castellan.key_manager [None req-a524ac0e-fefe-4211-9bfa-f56b7d54ed8b None None] Deprecation Warning : cinder.keymgr.conf_key_mgr.ConfKeyManager is not a stevedore based driver, trying to load it as a class: stevedore.exception.NoMatches: No 'castellan.drivers' driver found, looking for 'cinder.keymgr.conf_key_mgr.ConfKeyManager'
Aug 26 21:44:22 datacore-PowerEdge-R740 cinder-volume[4114492]: WARNING cinder.keymgr.conf_key_mgr [None req-a524ac0e-fefe-4211-9bfa-f56b7d54ed8b None None] This key manager is insecure and is not recommended for production deployments: stevedore.exception.NoMatches: No 'castellan.drivers' driver found, looking for 'cinder.keymgr.conf_key_mgr.ConfKeyManager'
Aug 26 21:44:22 datacore-PowerEdge-R740 cinder-volume[4114492]: ERROR cinder.cmd.volume [None req-a524ac0e-fefe-4211-9bfa-f56b7d54ed8b None None] Volume service hostgroup@datacore_iscsi1 failed to start.: ModuleNotFoundError: No module named 'cinder.volume.drivers.datacore.iscsi'
Aug 26 21:44:22 datacore-PowerEdge-R740 cinder-volume[4114492]: ERROR cinder.cmd.volume Traceback (most recent call last):
Aug 26 21:44:22 datacore-PowerEdge-R740 cinder-volume[4114492]: ERROR cinder.cmd.volume   File "/opt/stack/cinder/cinder/cmd/volume.py", line 99, in _launch_service
Aug 26 21:44:22 datacore-PowerEdge-R740 cinder-volume[4114492]: ERROR cinder.cmd.volume     server = service.Service.create(host=host,
Aug 26 21:44:22 datacore-PowerEdge-R740 cinder-volume[4114492]: ERROR cinder.cmd.volume   File "/opt/stack/cinder/cinder/service.py", line 394, in create
Aug 26 21:44:22 datacore-PowerEdge-R740 cinder-volume[4114492]: ERROR cinder.cmd.volume     service_obj = cls(host, binary, topic, manager,
Aug 26 21:44:22 datacore-PowerEdge-R740 cinder-volume[4114492]: ERROR cinder.cmd.volume   File "/opt/stack/cinder/cinder/service.py", line 152, in __init__
Aug 26 21:44:22 datacore-PowerEdge-R740 cinder-volume[4114492]: ERROR cinder.cmd.volume     self.manager = manager_class(host=self.host,
Aug 26 21:44:22 datacore-PowerEdge-R740 cinder-volume[4114492]: ERROR cinder.cmd.volume   File "/opt/stack/cinder/cinder/volume/manager.py", line 309, in __init__
Aug 26 21:44:22 datacore-PowerEdge-R740 cinder-volume[4114492]: ERROR cinder.cmd.volume     self.driver = importutils.import_object(
Aug 26 21:44:22 datacore-PowerEdge-R740 cinder-volume[4114492]: ERROR cinder.cmd.volume   File "/usr/local/lib/python3.8/dist-packages/oslo_utils/importutils.py", line 44, in import_object
Aug 26 21:44:22 datacore-PowerEdge-R740 cinder-volume[4114492]: ERROR cinder.cmd.volume     return import_class(import_str)(*args, **kwargs)
Aug 26 21:44:22 datacore-PowerEdge-R740 cinder-volume[4114492]: ERROR cinder.cmd.volume   File "/usr/local/lib/python3.8/dist-packages/oslo_utils/importutils.py", line 30, in import_class
Aug 26 21:44:22 datacore-PowerEdge-R740 cinder-volume[4114492]: ERROR cinder.cmd.volume     __import__(mod_str)
Aug 26 21:44:22 datacore-PowerEdge-R740 cinder-volume[4114492]: ERROR cinder.cmd.volume ModuleNotFoundError: No module named 'cinder.volume.drivers.datacore.iscsi'
Aug 26 21:44:22 datacore-PowerEdge-R740 cinder-volume[4114492]: ERROR cinder.cmd.volume 
Aug 26 21:44:22 datacore-PowerEdge-R740 cinder-volume[4114492]: ERROR cinder.cmd.volume [None req-a524ac0e-fefe-4211-9bfa-f56b7d54ed8b None None] No volume service(s) started successfully, terminating.
Aug 26 21:44:22 datacore-PowerEdge-R740 cinder-volume[4114492]: /usr/lib/python3/dist-packages/secretstorage/dhcrypto.py:15: CryptographyDeprecationWarning: int_from_bytes is deprecated, use int.from_bytes instead
Aug 26 21:44:22 datacore-PowerEdge-R740 cinder-volume[4114492]:   from cryptography.utils import int_from_bytes
Aug 26 21:44:22 datacore-PowerEdge-R740 cinder-volume[4114492]: /usr/lib/python3/dist-packages/secretstorage/util.py:19: CryptographyDeprecationWarning: int_from_bytes is deprecated, use int.from_bytes instead
Aug 26 21:44:22 datacore-PowerEdge-R740 cinder-volume[4114492]:   from cryptography.utils import int_from_bytes
Aug 26 21:44:22 datacore-PowerEdge-R740 cinder-volume[4114492]: /opt/stack/cinder/cinder/db/sqlalchemy/models.py:152: SAWarning: implicitly coercing SELECT object to scalar subquery; please use the .scalar_subquery() method to produce a scalar subquery.
Aug 26 21:44:22 datacore-PowerEdge-R740 cinder-volume[4114492]:   last_heartbeat = column_property(
Aug 26 21:44:22 datacore-PowerEdge-R740 cinder-volume[4114492]: /opt/stack/cinder/cinder/db/sqlalchemy/models.py:160: SAWarning: implicitly coercing SELECT object to scalar subquery; please use the .scalar_subquery() method to produce a scalar subquery.
Aug 26 21:44:22 datacore-PowerEdge-R740 cinder-volume[4114492]:   num_hosts = column_property(
Aug 26 21:44:22 datacore-PowerEdge-R740 cinder-volume[4114492]: /opt/stack/cinder/cinder/db/sqlalchemy/models.py:169: SAWarning: implicitly coercing SELECT object to scalar subquery; please use the .scalar_subquery() method to produce a scalar subquery.
Aug 26 21:44:22 datacore-PowerEdge-R740 cinder-volume[4114492]:   num_down_hosts = column_property(
Aug 26 21:44:22 datacore-PowerEdge-R740 systemd[1]: devstack@c-vol.service: Main process exited, code=exited, status=1/FAILURE
Aug 26 21:44:22 datacore-PowerEdge-R740 systemd[1]: devstack@c-vol.service: Failed with result 'exit-code'.
