-- Logs begin at Thu 2022-07-07 15:20:17 IST, end at Thu 2022-07-07 15:27:17 IST. --
Jul 07 15:25:58 datacore-PowerEdge-R740 systemd[1]: Started Devstack devstack@c-vol.service.
Jul 07 15:26:00 datacore-PowerEdge-R740 cinder-volume[2249218]: DEBUG oslo_concurrency.lockutils [-] Acquired lock "singleton_lock" {{(pid=2249218) lock /usr/local/lib/python3.8/dist-packages/oslo_concurrency/lockutils.py:294}}
Jul 07 15:26:00 datacore-PowerEdge-R740 cinder-volume[2249218]: DEBUG oslo_concurrency.lockutils [-] Releasing lock "singleton_lock" {{(pid=2249218) lock /usr/local/lib/python3.8/dist-packages/oslo_concurrency/lockutils.py:312}}
Jul 07 15:26:00 datacore-PowerEdge-R740 cinder-volume[2249218]: INFO dbcounter [None req-386e967d-fe1f-43a8-9ad1-c94f7fbb5829 None None] Registered counter for database cinder
Jul 07 15:26:00 datacore-PowerEdge-R740 cinder-volume[2249218]: DEBUG oslo_db.sqlalchemy.engines [None req-386e967d-fe1f-43a8-9ad1-c94f7fbb5829 None None] MySQL server mode set to STRICT_TRANS_TABLES,STRICT_ALL_TABLES,NO_ZERO_IN_DATE,NO_ZERO_DATE,ERROR_FOR_DIVISION_BY_ZERO,TRADITIONAL,NO_ENGINE_SUBSTITUTION {{(pid=2249218) _check_effective_sql_mode /usr/local/lib/python3.8/dist-packages/oslo_db/sqlalchemy/engines.py:314}}
Jul 07 15:26:00 datacore-PowerEdge-R740 cinder-volume[2249218]: DEBUG dbcounter [-] [2249218] Writer thread running {{(pid=2249218) stat_writer /usr/local/lib/python3.8/dist-packages/dbcounter.py:99}}
Jul 07 15:26:00 datacore-PowerEdge-R740 cinder-volume[2249218]: INFO cinder.rpc [None req-386e967d-fe1f-43a8-9ad1-c94f7fbb5829 None None] Automatically selected cinder-scheduler objects version 1.39 as minimum service version.
Jul 07 15:26:00 datacore-PowerEdge-R740 cinder-volume[2249218]: INFO cinder.rpc [None req-386e967d-fe1f-43a8-9ad1-c94f7fbb5829 None None] Automatically selected cinder-scheduler RPC version 3.12 as minimum service version.
Jul 07 15:26:00 datacore-PowerEdge-R740 cinder-volume[2249218]: DEBUG oslo_db.sqlalchemy.engines [None req-386e967d-fe1f-43a8-9ad1-c94f7fbb5829 None None] MySQL server mode set to STRICT_TRANS_TABLES,STRICT_ALL_TABLES,NO_ZERO_IN_DATE,NO_ZERO_DATE,ERROR_FOR_DIVISION_BY_ZERO,TRADITIONAL,NO_ENGINE_SUBSTITUTION {{(pid=2249218) _check_effective_sql_mode /usr/local/lib/python3.8/dist-packages/oslo_db/sqlalchemy/engines.py:314}}
Jul 07 15:26:01 datacore-PowerEdge-R740 cinder-volume[2249218]: INFO cinder.volume.manager [None req-386e967d-fe1f-43a8-9ad1-c94f7fbb5829 None None] Determined volume DB was empty at startup.
Jul 07 15:26:01 datacore-PowerEdge-R740 cinder-volume[2249218]: DEBUG cinder.volume.manager [None req-386e967d-fe1f-43a8-9ad1-c94f7fbb5829 None None] Cinder Volume DB check: vol_db_empty=True {{(pid=2249218) __init__ /opt/stack/cinder/cinder/volume/manager.py:288}}
Jul 07 15:26:01 datacore-PowerEdge-R740 cinder-volume[2249218]: WARNING stevedore.named [None req-386e967d-fe1f-43a8-9ad1-c94f7fbb5829 None None] Could not load cinder.keymgr.conf_key_mgr.ConfKeyManager
Jul 07 15:26:01 datacore-PowerEdge-R740 cinder-volume[2249218]: WARNING castellan.key_manager [None req-386e967d-fe1f-43a8-9ad1-c94f7fbb5829 None None] Deprecation Warning : cinder.keymgr.conf_key_mgr.ConfKeyManager is not a stevedore based driver, trying to load it as a class: stevedore.exception.NoMatches: No 'castellan.drivers' driver found, looking for 'cinder.keymgr.conf_key_mgr.ConfKeyManager'
Jul 07 15:26:01 datacore-PowerEdge-R740 cinder-volume[2249218]: WARNING cinder.keymgr.conf_key_mgr [None req-386e967d-fe1f-43a8-9ad1-c94f7fbb5829 None None] This key manager is insecure and is not recommended for production deployments: stevedore.exception.NoMatches: No 'castellan.drivers' driver found, looking for 'cinder.keymgr.conf_key_mgr.ConfKeyManager'
Jul 07 15:26:01 datacore-PowerEdge-R740 cinder-volume[2249218]: ERROR cinder.cmd.volume [None req-386e967d-fe1f-43a8-9ad1-c94f7fbb5829 None None] Volume service hostgroup@datacore_iscsi1 failed to start.: ModuleNotFoundError: No module named 'cinder.volume.drivers.datacore.iscsi'
Jul 07 15:26:01 datacore-PowerEdge-R740 cinder-volume[2249218]: ERROR cinder.cmd.volume Traceback (most recent call last):
Jul 07 15:26:01 datacore-PowerEdge-R740 cinder-volume[2249218]: ERROR cinder.cmd.volume   File "/opt/stack/cinder/cinder/cmd/volume.py", line 99, in _launch_service
Jul 07 15:26:01 datacore-PowerEdge-R740 cinder-volume[2249218]: ERROR cinder.cmd.volume     server = service.Service.create(host=host,
Jul 07 15:26:01 datacore-PowerEdge-R740 cinder-volume[2249218]: ERROR cinder.cmd.volume   File "/opt/stack/cinder/cinder/service.py", line 394, in create
Jul 07 15:26:01 datacore-PowerEdge-R740 cinder-volume[2249218]: ERROR cinder.cmd.volume     service_obj = cls(host, binary, topic, manager,
Jul 07 15:26:01 datacore-PowerEdge-R740 cinder-volume[2249218]: ERROR cinder.cmd.volume   File "/opt/stack/cinder/cinder/service.py", line 152, in __init__
Jul 07 15:26:01 datacore-PowerEdge-R740 cinder-volume[2249218]: ERROR cinder.cmd.volume     self.manager = manager_class(host=self.host,
Jul 07 15:26:01 datacore-PowerEdge-R740 cinder-volume[2249218]: ERROR cinder.cmd.volume   File "/opt/stack/cinder/cinder/volume/manager.py", line 311, in __init__
Jul 07 15:26:01 datacore-PowerEdge-R740 cinder-volume[2249218]: ERROR cinder.cmd.volume     self.driver = importutils.import_object(
Jul 07 15:26:01 datacore-PowerEdge-R740 cinder-volume[2249218]: ERROR cinder.cmd.volume   File "/usr/local/lib/python3.8/dist-packages/oslo_utils/importutils.py", line 44, in import_object
Jul 07 15:26:01 datacore-PowerEdge-R740 cinder-volume[2249218]: ERROR cinder.cmd.volume     return import_class(import_str)(*args, **kwargs)
Jul 07 15:26:01 datacore-PowerEdge-R740 cinder-volume[2249218]: ERROR cinder.cmd.volume   File "/usr/local/lib/python3.8/dist-packages/oslo_utils/importutils.py", line 30, in import_class
Jul 07 15:26:01 datacore-PowerEdge-R740 cinder-volume[2249218]: ERROR cinder.cmd.volume     __import__(mod_str)
Jul 07 15:26:01 datacore-PowerEdge-R740 cinder-volume[2249218]: ERROR cinder.cmd.volume ModuleNotFoundError: No module named 'cinder.volume.drivers.datacore.iscsi'
Jul 07 15:26:01 datacore-PowerEdge-R740 cinder-volume[2249218]: ERROR cinder.cmd.volume 
Jul 07 15:26:01 datacore-PowerEdge-R740 cinder-volume[2249218]: ERROR cinder.cmd.volume [None req-386e967d-fe1f-43a8-9ad1-c94f7fbb5829 None None] No volume service(s) started successfully, terminating.
Jul 07 15:26:01 datacore-PowerEdge-R740 cinder-volume[2249218]: /usr/lib/python3/dist-packages/secretstorage/dhcrypto.py:15: CryptographyDeprecationWarning: int_from_bytes is deprecated, use int.from_bytes instead
Jul 07 15:26:01 datacore-PowerEdge-R740 cinder-volume[2249218]:   from cryptography.utils import int_from_bytes
Jul 07 15:26:01 datacore-PowerEdge-R740 cinder-volume[2249218]: /usr/lib/python3/dist-packages/secretstorage/util.py:19: CryptographyDeprecationWarning: int_from_bytes is deprecated, use int.from_bytes instead
Jul 07 15:26:01 datacore-PowerEdge-R740 cinder-volume[2249218]:   from cryptography.utils import int_from_bytes
Jul 07 15:26:01 datacore-PowerEdge-R740 cinder-volume[2249218]: /opt/stack/cinder/cinder/db/sqlalchemy/models.py:152: SAWarning: implicitly coercing SELECT object to scalar subquery; please use the .scalar_subquery() method to produce a scalar subquery.
Jul 07 15:26:01 datacore-PowerEdge-R740 cinder-volume[2249218]:   last_heartbeat = column_property(
Jul 07 15:26:01 datacore-PowerEdge-R740 cinder-volume[2249218]: /opt/stack/cinder/cinder/db/sqlalchemy/models.py:160: SAWarning: implicitly coercing SELECT object to scalar subquery; please use the .scalar_subquery() method to produce a scalar subquery.
Jul 07 15:26:01 datacore-PowerEdge-R740 cinder-volume[2249218]:   num_hosts = column_property(
Jul 07 15:26:01 datacore-PowerEdge-R740 cinder-volume[2249218]: /opt/stack/cinder/cinder/db/sqlalchemy/models.py:169: SAWarning: implicitly coercing SELECT object to scalar subquery; please use the .scalar_subquery() method to produce a scalar subquery.
Jul 07 15:26:01 datacore-PowerEdge-R740 cinder-volume[2249218]:   num_down_hosts = column_property(
Jul 07 15:26:01 datacore-PowerEdge-R740 systemd[1]: devstack@c-vol.service: Main process exited, code=exited, status=1/FAILURE
Jul 07 15:26:01 datacore-PowerEdge-R740 systemd[1]: devstack@c-vol.service: Failed with result 'exit-code'.
Jul 07 15:26:15 datacore-PowerEdge-R740 systemd[1]: Started Devstack devstack@c-vol.service.
Jul 07 15:26:17 datacore-PowerEdge-R740 cinder-volume[2249824]: DEBUG oslo_concurrency.lockutils [-] Acquired lock "singleton_lock" {{(pid=2249824) lock /usr/local/lib/python3.8/dist-packages/oslo_concurrency/lockutils.py:294}}
Jul 07 15:26:17 datacore-PowerEdge-R740 cinder-volume[2249824]: DEBUG oslo_concurrency.lockutils [-] Releasing lock "singleton_lock" {{(pid=2249824) lock /usr/local/lib/python3.8/dist-packages/oslo_concurrency/lockutils.py:312}}
Jul 07 15:26:18 datacore-PowerEdge-R740 cinder-volume[2249824]: INFO dbcounter [None req-cd55c738-e49f-43d6-8671-5b07404cd217 None None] Registered counter for database cinder
Jul 07 15:26:18 datacore-PowerEdge-R740 cinder-volume[2249824]: DEBUG oslo_db.sqlalchemy.engines [None req-cd55c738-e49f-43d6-8671-5b07404cd217 None None] MySQL server mode set to STRICT_TRANS_TABLES,STRICT_ALL_TABLES,NO_ZERO_IN_DATE,NO_ZERO_DATE,ERROR_FOR_DIVISION_BY_ZERO,TRADITIONAL,NO_ENGINE_SUBSTITUTION {{(pid=2249824) _check_effective_sql_mode /usr/local/lib/python3.8/dist-packages/oslo_db/sqlalchemy/engines.py:314}}
Jul 07 15:26:18 datacore-PowerEdge-R740 cinder-volume[2249824]: DEBUG dbcounter [-] [2249824] Writer thread running {{(pid=2249824) stat_writer /usr/local/lib/python3.8/dist-packages/dbcounter.py:99}}
Jul 07 15:26:18 datacore-PowerEdge-R740 cinder-volume[2249824]: INFO cinder.rpc [None req-cd55c738-e49f-43d6-8671-5b07404cd217 None None] Automatically selected cinder-scheduler objects version 1.39 as minimum service version.
Jul 07 15:26:18 datacore-PowerEdge-R740 cinder-volume[2249824]: INFO cinder.rpc [None req-cd55c738-e49f-43d6-8671-5b07404cd217 None None] Automatically selected cinder-scheduler RPC version 3.12 as minimum service version.
Jul 07 15:26:18 datacore-PowerEdge-R740 cinder-volume[2249824]: DEBUG oslo_db.sqlalchemy.engines [None req-cd55c738-e49f-43d6-8671-5b07404cd217 None None] MySQL server mode set to STRICT_TRANS_TABLES,STRICT_ALL_TABLES,NO_ZERO_IN_DATE,NO_ZERO_DATE,ERROR_FOR_DIVISION_BY_ZERO,TRADITIONAL,NO_ENGINE_SUBSTITUTION {{(pid=2249824) _check_effective_sql_mode /usr/local/lib/python3.8/dist-packages/oslo_db/sqlalchemy/engines.py:314}}
Jul 07 15:26:18 datacore-PowerEdge-R740 cinder-volume[2249824]: INFO cinder.volume.manager [None req-cd55c738-e49f-43d6-8671-5b07404cd217 None None] Determined volume DB was empty at startup.
Jul 07 15:26:18 datacore-PowerEdge-R740 cinder-volume[2249824]: DEBUG cinder.volume.manager [None req-cd55c738-e49f-43d6-8671-5b07404cd217 None None] Cinder Volume DB check: vol_db_empty=True {{(pid=2249824) __init__ /opt/stack/cinder/cinder/volume/manager.py:288}}
Jul 07 15:26:18 datacore-PowerEdge-R740 cinder-volume[2249824]: WARNING stevedore.named [None req-cd55c738-e49f-43d6-8671-5b07404cd217 None None] Could not load cinder.keymgr.conf_key_mgr.ConfKeyManager
Jul 07 15:26:18 datacore-PowerEdge-R740 cinder-volume[2249824]: WARNING castellan.key_manager [None req-cd55c738-e49f-43d6-8671-5b07404cd217 None None] Deprecation Warning : cinder.keymgr.conf_key_mgr.ConfKeyManager is not a stevedore based driver, trying to load it as a class: stevedore.exception.NoMatches: No 'castellan.drivers' driver found, looking for 'cinder.keymgr.conf_key_mgr.ConfKeyManager'
Jul 07 15:26:18 datacore-PowerEdge-R740 cinder-volume[2249824]: WARNING cinder.keymgr.conf_key_mgr [None req-cd55c738-e49f-43d6-8671-5b07404cd217 None None] This key manager is insecure and is not recommended for production deployments: stevedore.exception.NoMatches: No 'castellan.drivers' driver found, looking for 'cinder.keymgr.conf_key_mgr.ConfKeyManager'
Jul 07 15:26:18 datacore-PowerEdge-R740 cinder-volume[2249824]: ERROR cinder.cmd.volume [None req-cd55c738-e49f-43d6-8671-5b07404cd217 None None] Volume service hostgroup@datacore_iscsi1 failed to start.: ModuleNotFoundError: No module named 'cinder.volume.drivers.datacore.iscsi'
Jul 07 15:26:18 datacore-PowerEdge-R740 cinder-volume[2249824]: ERROR cinder.cmd.volume Traceback (most recent call last):
Jul 07 15:26:18 datacore-PowerEdge-R740 cinder-volume[2249824]: ERROR cinder.cmd.volume   File "/opt/stack/cinder/cinder/cmd/volume.py", line 99, in _launch_service
Jul 07 15:26:18 datacore-PowerEdge-R740 cinder-volume[2249824]: ERROR cinder.cmd.volume     server = service.Service.create(host=host,
Jul 07 15:26:18 datacore-PowerEdge-R740 cinder-volume[2249824]: ERROR cinder.cmd.volume   File "/opt/stack/cinder/cinder/service.py", line 394, in create
Jul 07 15:26:18 datacore-PowerEdge-R740 cinder-volume[2249824]: ERROR cinder.cmd.volume     service_obj = cls(host, binary, topic, manager,
Jul 07 15:26:18 datacore-PowerEdge-R740 cinder-volume[2249824]: ERROR cinder.cmd.volume   File "/opt/stack/cinder/cinder/service.py", line 152, in __init__
Jul 07 15:26:18 datacore-PowerEdge-R740 cinder-volume[2249824]: ERROR cinder.cmd.volume     self.manager = manager_class(host=self.host,
Jul 07 15:26:18 datacore-PowerEdge-R740 cinder-volume[2249824]: ERROR cinder.cmd.volume   File "/opt/stack/cinder/cinder/volume/manager.py", line 311, in __init__
Jul 07 15:26:18 datacore-PowerEdge-R740 cinder-volume[2249824]: ERROR cinder.cmd.volume     self.driver = importutils.import_object(
Jul 07 15:26:18 datacore-PowerEdge-R740 cinder-volume[2249824]: ERROR cinder.cmd.volume   File "/usr/local/lib/python3.8/dist-packages/oslo_utils/importutils.py", line 44, in import_object
Jul 07 15:26:18 datacore-PowerEdge-R740 cinder-volume[2249824]: ERROR cinder.cmd.volume     return import_class(import_str)(*args, **kwargs)
Jul 07 15:26:18 datacore-PowerEdge-R740 cinder-volume[2249824]: ERROR cinder.cmd.volume   File "/usr/local/lib/python3.8/dist-packages/oslo_utils/importutils.py", line 30, in import_class
Jul 07 15:26:18 datacore-PowerEdge-R740 cinder-volume[2249824]: ERROR cinder.cmd.volume     __import__(mod_str)
Jul 07 15:26:18 datacore-PowerEdge-R740 cinder-volume[2249824]: ERROR cinder.cmd.volume ModuleNotFoundError: No module named 'cinder.volume.drivers.datacore.iscsi'
Jul 07 15:26:18 datacore-PowerEdge-R740 cinder-volume[2249824]: ERROR cinder.cmd.volume 
Jul 07 15:26:18 datacore-PowerEdge-R740 cinder-volume[2249824]: ERROR cinder.cmd.volume [None req-cd55c738-e49f-43d6-8671-5b07404cd217 None None] No volume service(s) started successfully, terminating.
Jul 07 15:26:18 datacore-PowerEdge-R740 cinder-volume[2249824]: /usr/lib/python3/dist-packages/secretstorage/dhcrypto.py:15: CryptographyDeprecationWarning: int_from_bytes is deprecated, use int.from_bytes instead
Jul 07 15:26:18 datacore-PowerEdge-R740 cinder-volume[2249824]:   from cryptography.utils import int_from_bytes
Jul 07 15:26:18 datacore-PowerEdge-R740 cinder-volume[2249824]: /usr/lib/python3/dist-packages/secretstorage/util.py:19: CryptographyDeprecationWarning: int_from_bytes is deprecated, use int.from_bytes instead
Jul 07 15:26:18 datacore-PowerEdge-R740 cinder-volume[2249824]:   from cryptography.utils import int_from_bytes
Jul 07 15:26:18 datacore-PowerEdge-R740 cinder-volume[2249824]: /opt/stack/cinder/cinder/db/sqlalchemy/models.py:152: SAWarning: implicitly coercing SELECT object to scalar subquery; please use the .scalar_subquery() method to produce a scalar subquery.
Jul 07 15:26:18 datacore-PowerEdge-R740 cinder-volume[2249824]:   last_heartbeat = column_property(
Jul 07 15:26:18 datacore-PowerEdge-R740 cinder-volume[2249824]: /opt/stack/cinder/cinder/db/sqlalchemy/models.py:160: SAWarning: implicitly coercing SELECT object to scalar subquery; please use the .scalar_subquery() method to produce a scalar subquery.
Jul 07 15:26:18 datacore-PowerEdge-R740 cinder-volume[2249824]:   num_hosts = column_property(
Jul 07 15:26:18 datacore-PowerEdge-R740 cinder-volume[2249824]: /opt/stack/cinder/cinder/db/sqlalchemy/models.py:169: SAWarning: implicitly coercing SELECT object to scalar subquery; please use the .scalar_subquery() method to produce a scalar subquery.
Jul 07 15:26:18 datacore-PowerEdge-R740 cinder-volume[2249824]:   num_down_hosts = column_property(
Jul 07 15:26:19 datacore-PowerEdge-R740 systemd[1]: devstack@c-vol.service: Main process exited, code=exited, status=1/FAILURE
Jul 07 15:26:19 datacore-PowerEdge-R740 systemd[1]: devstack@c-vol.service: Failed with result 'exit-code'.
