Source the openrc file
WARNING: setting legacy OS_TENANT_NAME to support cli tools.
Patch Details: GERRIT_CHANGE_NUMBER: 843309 GERRIT_PATCHSET_NUMBER: 4 GERRIT_REFSPEC: refs/changes/09/843309/4
Fetching latest cinder patch
Waiting for patchset. FROM_JENKINS: 1
Switched to branch 'master'
Your branch is up to date with 'origin/master'.
git checkout cinder master Success
Already up to date.
git pull Success
changeBranch: change-843309-4
From https://opendev.org/openstack/cinder
 * [new ref]             refs/changes/09/843309/4 -> change-843309-4
git fetch origin refs/changes/09/843309/4:change-843309-4 Success
Switched to branch 'change-843309-4'
git checkout change-843309-4 Success
Already up to date.
checkout patchset [ PASSED ]
Updating tempest config
WARNING: setting legacy OS_TENANT_NAME to support cli tools.
/usr/lib/python3/dist-packages/secretstorage/dhcrypto.py:15: CryptographyDeprecationWarning: int_from_bytes is deprecated, use int.from_bytes instead
  from cryptography.utils import int_from_bytes
/usr/lib/python3/dist-packages/secretstorage/util.py:19: CryptographyDeprecationWarning: int_from_bytes is deprecated, use int.from_bytes instead
  from cryptography.utils import int_from_bytes
/usr/lib/python3/dist-packages/secretstorage/dhcrypto.py:15: CryptographyDeprecationWarning: int_from_bytes is deprecated, use int.from_bytes instead
  from cryptography.utils import int_from_bytes
/usr/lib/python3/dist-packages/secretstorage/util.py:19: CryptographyDeprecationWarning: int_from_bytes is deprecated, use int.from_bytes instead
  from cryptography.utils import int_from_bytes
Clearing logs
/tmp/ci-result-1657187659052
Starting iSCSI Test configuration
Updating cinder.conf with iSCSI driver details [ PASSED ]
Restarting devstack services
Cinder volume service [ FAILED ]
Already up to date.
Updating cinder-tempest-logs repo [ PASSED ]
