-- Logs begin at Tue 2022-07-12 01:43:18 IST, end at Tue 2022-07-12 07:44:09 IST. --
Jul 12 07:42:49 datacore-PowerEdge-R740 systemd[1]: Started Devstack devstack@c-vol.service.
Jul 12 07:42:51 datacore-PowerEdge-R740 cinder-volume[3283147]: DEBUG oslo_concurrency.lockutils [-] Acquired lock "singleton_lock" {{(pid=3283147) lock /usr/local/lib/python3.8/dist-packages/oslo_concurrency/lockutils.py:294}}
Jul 12 07:42:51 datacore-PowerEdge-R740 cinder-volume[3283147]: DEBUG oslo_concurrency.lockutils [-] Releasing lock "singleton_lock" {{(pid=3283147) lock /usr/local/lib/python3.8/dist-packages/oslo_concurrency/lockutils.py:312}}
Jul 12 07:42:52 datacore-PowerEdge-R740 cinder-volume[3283147]: INFO dbcounter [None req-561485d3-ca6e-4b1e-ab1c-3496d70cff57 None None] Registered counter for database cinder
Jul 12 07:42:52 datacore-PowerEdge-R740 cinder-volume[3283147]: DEBUG oslo_db.sqlalchemy.engines [None req-561485d3-ca6e-4b1e-ab1c-3496d70cff57 None None] MySQL server mode set to STRICT_TRANS_TABLES,STRICT_ALL_TABLES,NO_ZERO_IN_DATE,NO_ZERO_DATE,ERROR_FOR_DIVISION_BY_ZERO,TRADITIONAL,NO_ENGINE_SUBSTITUTION {{(pid=3283147) _check_effective_sql_mode /usr/local/lib/python3.8/dist-packages/oslo_db/sqlalchemy/engines.py:314}}
Jul 12 07:42:52 datacore-PowerEdge-R740 cinder-volume[3283147]: DEBUG dbcounter [-] [3283147] Writer thread running {{(pid=3283147) stat_writer /usr/local/lib/python3.8/dist-packages/dbcounter.py:99}}
Jul 12 07:42:52 datacore-PowerEdge-R740 cinder-volume[3283147]: INFO cinder.rpc [None req-561485d3-ca6e-4b1e-ab1c-3496d70cff57 None None] Automatically selected cinder-scheduler objects version 1.39 as minimum service version.
Jul 12 07:42:52 datacore-PowerEdge-R740 cinder-volume[3283147]: INFO cinder.rpc [None req-561485d3-ca6e-4b1e-ab1c-3496d70cff57 None None] Automatically selected cinder-scheduler RPC version 3.12 as minimum service version.
Jul 12 07:42:52 datacore-PowerEdge-R740 cinder-volume[3283147]: DEBUG oslo_db.sqlalchemy.engines [None req-561485d3-ca6e-4b1e-ab1c-3496d70cff57 None None] MySQL server mode set to STRICT_TRANS_TABLES,STRICT_ALL_TABLES,NO_ZERO_IN_DATE,NO_ZERO_DATE,ERROR_FOR_DIVISION_BY_ZERO,TRADITIONAL,NO_ENGINE_SUBSTITUTION {{(pid=3283147) _check_effective_sql_mode /usr/local/lib/python3.8/dist-packages/oslo_db/sqlalchemy/engines.py:314}}
Jul 12 07:42:52 datacore-PowerEdge-R740 cinder-volume[3283147]: INFO cinder.volume.manager [None req-561485d3-ca6e-4b1e-ab1c-3496d70cff57 None None] Determined volume DB was empty at startup.
Jul 12 07:42:52 datacore-PowerEdge-R740 cinder-volume[3283147]: DEBUG cinder.volume.manager [None req-561485d3-ca6e-4b1e-ab1c-3496d70cff57 None None] Cinder Volume DB check: vol_db_empty=True {{(pid=3283147) __init__ /opt/stack/cinder/cinder/volume/manager.py:290}}
Jul 12 07:42:52 datacore-PowerEdge-R740 cinder-volume[3283147]: WARNING stevedore.named [None req-561485d3-ca6e-4b1e-ab1c-3496d70cff57 None None] Could not load cinder.keymgr.conf_key_mgr.ConfKeyManager
Jul 12 07:42:52 datacore-PowerEdge-R740 cinder-volume[3283147]: WARNING castellan.key_manager [None req-561485d3-ca6e-4b1e-ab1c-3496d70cff57 None None] Deprecation Warning : cinder.keymgr.conf_key_mgr.ConfKeyManager is not a stevedore based driver, trying to load it as a class: stevedore.exception.NoMatches: No 'castellan.drivers' driver found, looking for 'cinder.keymgr.conf_key_mgr.ConfKeyManager'
Jul 12 07:42:52 datacore-PowerEdge-R740 cinder-volume[3283147]: WARNING cinder.keymgr.conf_key_mgr [None req-561485d3-ca6e-4b1e-ab1c-3496d70cff57 None None] This key manager is insecure and is not recommended for production deployments: stevedore.exception.NoMatches: No 'castellan.drivers' driver found, looking for 'cinder.keymgr.conf_key_mgr.ConfKeyManager'
Jul 12 07:42:52 datacore-PowerEdge-R740 cinder-volume[3283147]: ERROR cinder.cmd.volume [None req-561485d3-ca6e-4b1e-ab1c-3496d70cff57 None None] Volume service hostgroup@datacore_iscsi1 failed to start.: ModuleNotFoundError: No module named 'cinder.volume.drivers.datacore.iscsi'
Jul 12 07:42:52 datacore-PowerEdge-R740 cinder-volume[3283147]: ERROR cinder.cmd.volume Traceback (most recent call last):
Jul 12 07:42:52 datacore-PowerEdge-R740 cinder-volume[3283147]: ERROR cinder.cmd.volume   File "/opt/stack/cinder/cinder/cmd/volume.py", line 99, in _launch_service
Jul 12 07:42:52 datacore-PowerEdge-R740 cinder-volume[3283147]: ERROR cinder.cmd.volume     server = service.Service.create(host=host,
Jul 12 07:42:52 datacore-PowerEdge-R740 cinder-volume[3283147]: ERROR cinder.cmd.volume   File "/opt/stack/cinder/cinder/service.py", line 417, in create
Jul 12 07:42:52 datacore-PowerEdge-R740 cinder-volume[3283147]: ERROR cinder.cmd.volume     service_obj = cls(host, binary, topic, manager,
Jul 12 07:42:52 datacore-PowerEdge-R740 cinder-volume[3283147]: ERROR cinder.cmd.volume   File "/opt/stack/cinder/cinder/service.py", line 158, in __init__
Jul 12 07:42:52 datacore-PowerEdge-R740 cinder-volume[3283147]: ERROR cinder.cmd.volume     self.manager = manager_class(host=self.host,
Jul 12 07:42:52 datacore-PowerEdge-R740 cinder-volume[3283147]: ERROR cinder.cmd.volume   File "/opt/stack/cinder/cinder/volume/manager.py", line 313, in __init__
Jul 12 07:42:52 datacore-PowerEdge-R740 cinder-volume[3283147]: ERROR cinder.cmd.volume     self.driver = importutils.import_object(
Jul 12 07:42:52 datacore-PowerEdge-R740 cinder-volume[3283147]: ERROR cinder.cmd.volume   File "/usr/local/lib/python3.8/dist-packages/oslo_utils/importutils.py", line 44, in import_object
Jul 12 07:42:52 datacore-PowerEdge-R740 cinder-volume[3283147]: ERROR cinder.cmd.volume     return import_class(import_str)(*args, **kwargs)
Jul 12 07:42:52 datacore-PowerEdge-R740 cinder-volume[3283147]: ERROR cinder.cmd.volume   File "/usr/local/lib/python3.8/dist-packages/oslo_utils/importutils.py", line 30, in import_class
Jul 12 07:42:52 datacore-PowerEdge-R740 cinder-volume[3283147]: ERROR cinder.cmd.volume     __import__(mod_str)
Jul 12 07:42:52 datacore-PowerEdge-R740 cinder-volume[3283147]: ERROR cinder.cmd.volume ModuleNotFoundError: No module named 'cinder.volume.drivers.datacore.iscsi'
Jul 12 07:42:52 datacore-PowerEdge-R740 cinder-volume[3283147]: ERROR cinder.cmd.volume 
Jul 12 07:42:52 datacore-PowerEdge-R740 cinder-volume[3283147]: ERROR cinder.cmd.volume [None req-561485d3-ca6e-4b1e-ab1c-3496d70cff57 None None] No volume service(s) started successfully, terminating.
Jul 12 07:42:52 datacore-PowerEdge-R740 cinder-volume[3283147]: /usr/lib/python3/dist-packages/secretstorage/dhcrypto.py:15: CryptographyDeprecationWarning: int_from_bytes is deprecated, use int.from_bytes instead
Jul 12 07:42:52 datacore-PowerEdge-R740 cinder-volume[3283147]:   from cryptography.utils import int_from_bytes
Jul 12 07:42:52 datacore-PowerEdge-R740 cinder-volume[3283147]: /usr/lib/python3/dist-packages/secretstorage/util.py:19: CryptographyDeprecationWarning: int_from_bytes is deprecated, use int.from_bytes instead
Jul 12 07:42:52 datacore-PowerEdge-R740 cinder-volume[3283147]:   from cryptography.utils import int_from_bytes
Jul 12 07:42:52 datacore-PowerEdge-R740 cinder-volume[3283147]: /opt/stack/cinder/cinder/db/sqlalchemy/models.py:152: SAWarning: implicitly coercing SELECT object to scalar subquery; please use the .scalar_subquery() method to produce a scalar subquery.
Jul 12 07:42:52 datacore-PowerEdge-R740 cinder-volume[3283147]:   last_heartbeat = column_property(
Jul 12 07:42:52 datacore-PowerEdge-R740 cinder-volume[3283147]: /opt/stack/cinder/cinder/db/sqlalchemy/models.py:160: SAWarning: implicitly coercing SELECT object to scalar subquery; please use the .scalar_subquery() method to produce a scalar subquery.
Jul 12 07:42:52 datacore-PowerEdge-R740 cinder-volume[3283147]:   num_hosts = column_property(
Jul 12 07:42:52 datacore-PowerEdge-R740 cinder-volume[3283147]: /opt/stack/cinder/cinder/db/sqlalchemy/models.py:169: SAWarning: implicitly coercing SELECT object to scalar subquery; please use the .scalar_subquery() method to produce a scalar subquery.
Jul 12 07:42:52 datacore-PowerEdge-R740 cinder-volume[3283147]:   num_down_hosts = column_property(
Jul 12 07:42:52 datacore-PowerEdge-R740 systemd[1]: devstack@c-vol.service: Main process exited, code=exited, status=1/FAILURE
Jul 12 07:42:52 datacore-PowerEdge-R740 systemd[1]: devstack@c-vol.service: Failed with result 'exit-code'.
Jul 12 07:43:07 datacore-PowerEdge-R740 systemd[1]: Started Devstack devstack@c-vol.service.
Jul 12 07:43:09 datacore-PowerEdge-R740 cinder-volume[3283751]: DEBUG oslo_concurrency.lockutils [-] Acquired lock "singleton_lock" {{(pid=3283751) lock /usr/local/lib/python3.8/dist-packages/oslo_concurrency/lockutils.py:294}}
Jul 12 07:43:09 datacore-PowerEdge-R740 cinder-volume[3283751]: DEBUG oslo_concurrency.lockutils [-] Releasing lock "singleton_lock" {{(pid=3283751) lock /usr/local/lib/python3.8/dist-packages/oslo_concurrency/lockutils.py:312}}
Jul 12 07:43:10 datacore-PowerEdge-R740 cinder-volume[3283751]: INFO dbcounter [None req-36638826-59bf-4648-9ab7-3b8a7e7c0dc1 None None] Registered counter for database cinder
Jul 12 07:43:10 datacore-PowerEdge-R740 cinder-volume[3283751]: DEBUG oslo_db.sqlalchemy.engines [None req-36638826-59bf-4648-9ab7-3b8a7e7c0dc1 None None] MySQL server mode set to STRICT_TRANS_TABLES,STRICT_ALL_TABLES,NO_ZERO_IN_DATE,NO_ZERO_DATE,ERROR_FOR_DIVISION_BY_ZERO,TRADITIONAL,NO_ENGINE_SUBSTITUTION {{(pid=3283751) _check_effective_sql_mode /usr/local/lib/python3.8/dist-packages/oslo_db/sqlalchemy/engines.py:314}}
Jul 12 07:43:10 datacore-PowerEdge-R740 cinder-volume[3283751]: DEBUG dbcounter [-] [3283751] Writer thread running {{(pid=3283751) stat_writer /usr/local/lib/python3.8/dist-packages/dbcounter.py:99}}
Jul 12 07:43:10 datacore-PowerEdge-R740 cinder-volume[3283751]: INFO cinder.rpc [None req-36638826-59bf-4648-9ab7-3b8a7e7c0dc1 None None] Automatically selected cinder-scheduler objects version 1.39 as minimum service version.
Jul 12 07:43:10 datacore-PowerEdge-R740 cinder-volume[3283751]: INFO cinder.rpc [None req-36638826-59bf-4648-9ab7-3b8a7e7c0dc1 None None] Automatically selected cinder-scheduler RPC version 3.12 as minimum service version.
Jul 12 07:43:10 datacore-PowerEdge-R740 cinder-volume[3283751]: DEBUG oslo_db.sqlalchemy.engines [None req-36638826-59bf-4648-9ab7-3b8a7e7c0dc1 None None] MySQL server mode set to STRICT_TRANS_TABLES,STRICT_ALL_TABLES,NO_ZERO_IN_DATE,NO_ZERO_DATE,ERROR_FOR_DIVISION_BY_ZERO,TRADITIONAL,NO_ENGINE_SUBSTITUTION {{(pid=3283751) _check_effective_sql_mode /usr/local/lib/python3.8/dist-packages/oslo_db/sqlalchemy/engines.py:314}}
Jul 12 07:43:10 datacore-PowerEdge-R740 cinder-volume[3283751]: INFO cinder.volume.manager [None req-36638826-59bf-4648-9ab7-3b8a7e7c0dc1 None None] Determined volume DB was empty at startup.
Jul 12 07:43:10 datacore-PowerEdge-R740 cinder-volume[3283751]: DEBUG cinder.volume.manager [None req-36638826-59bf-4648-9ab7-3b8a7e7c0dc1 None None] Cinder Volume DB check: vol_db_empty=True {{(pid=3283751) __init__ /opt/stack/cinder/cinder/volume/manager.py:290}}
Jul 12 07:43:10 datacore-PowerEdge-R740 cinder-volume[3283751]: WARNING stevedore.named [None req-36638826-59bf-4648-9ab7-3b8a7e7c0dc1 None None] Could not load cinder.keymgr.conf_key_mgr.ConfKeyManager
Jul 12 07:43:10 datacore-PowerEdge-R740 cinder-volume[3283751]: WARNING castellan.key_manager [None req-36638826-59bf-4648-9ab7-3b8a7e7c0dc1 None None] Deprecation Warning : cinder.keymgr.conf_key_mgr.ConfKeyManager is not a stevedore based driver, trying to load it as a class: stevedore.exception.NoMatches: No 'castellan.drivers' driver found, looking for 'cinder.keymgr.conf_key_mgr.ConfKeyManager'
Jul 12 07:43:10 datacore-PowerEdge-R740 cinder-volume[3283751]: WARNING cinder.keymgr.conf_key_mgr [None req-36638826-59bf-4648-9ab7-3b8a7e7c0dc1 None None] This key manager is insecure and is not recommended for production deployments: stevedore.exception.NoMatches: No 'castellan.drivers' driver found, looking for 'cinder.keymgr.conf_key_mgr.ConfKeyManager'
Jul 12 07:43:10 datacore-PowerEdge-R740 cinder-volume[3283751]: ERROR cinder.cmd.volume [None req-36638826-59bf-4648-9ab7-3b8a7e7c0dc1 None None] Volume service hostgroup@datacore_iscsi1 failed to start.: ModuleNotFoundError: No module named 'cinder.volume.drivers.datacore.iscsi'
Jul 12 07:43:10 datacore-PowerEdge-R740 cinder-volume[3283751]: ERROR cinder.cmd.volume Traceback (most recent call last):
Jul 12 07:43:10 datacore-PowerEdge-R740 cinder-volume[3283751]: ERROR cinder.cmd.volume   File "/opt/stack/cinder/cinder/cmd/volume.py", line 99, in _launch_service
Jul 12 07:43:10 datacore-PowerEdge-R740 cinder-volume[3283751]: ERROR cinder.cmd.volume     server = service.Service.create(host=host,
Jul 12 07:43:10 datacore-PowerEdge-R740 cinder-volume[3283751]: ERROR cinder.cmd.volume   File "/opt/stack/cinder/cinder/service.py", line 417, in create
Jul 12 07:43:10 datacore-PowerEdge-R740 cinder-volume[3283751]: ERROR cinder.cmd.volume     service_obj = cls(host, binary, topic, manager,
Jul 12 07:43:10 datacore-PowerEdge-R740 cinder-volume[3283751]: ERROR cinder.cmd.volume   File "/opt/stack/cinder/cinder/service.py", line 158, in __init__
Jul 12 07:43:10 datacore-PowerEdge-R740 cinder-volume[3283751]: ERROR cinder.cmd.volume     self.manager = manager_class(host=self.host,
Jul 12 07:43:10 datacore-PowerEdge-R740 cinder-volume[3283751]: ERROR cinder.cmd.volume   File "/opt/stack/cinder/cinder/volume/manager.py", line 313, in __init__
Jul 12 07:43:10 datacore-PowerEdge-R740 cinder-volume[3283751]: ERROR cinder.cmd.volume     self.driver = importutils.import_object(
Jul 12 07:43:10 datacore-PowerEdge-R740 cinder-volume[3283751]: ERROR cinder.cmd.volume   File "/usr/local/lib/python3.8/dist-packages/oslo_utils/importutils.py", line 44, in import_object
Jul 12 07:43:10 datacore-PowerEdge-R740 cinder-volume[3283751]: ERROR cinder.cmd.volume     return import_class(import_str)(*args, **kwargs)
Jul 12 07:43:10 datacore-PowerEdge-R740 cinder-volume[3283751]: ERROR cinder.cmd.volume   File "/usr/local/lib/python3.8/dist-packages/oslo_utils/importutils.py", line 30, in import_class
Jul 12 07:43:10 datacore-PowerEdge-R740 cinder-volume[3283751]: ERROR cinder.cmd.volume     __import__(mod_str)
Jul 12 07:43:10 datacore-PowerEdge-R740 cinder-volume[3283751]: ERROR cinder.cmd.volume ModuleNotFoundError: No module named 'cinder.volume.drivers.datacore.iscsi'
Jul 12 07:43:10 datacore-PowerEdge-R740 cinder-volume[3283751]: ERROR cinder.cmd.volume 
Jul 12 07:43:10 datacore-PowerEdge-R740 cinder-volume[3283751]: ERROR cinder.cmd.volume [None req-36638826-59bf-4648-9ab7-3b8a7e7c0dc1 None None] No volume service(s) started successfully, terminating.
Jul 12 07:43:10 datacore-PowerEdge-R740 cinder-volume[3283751]: /usr/lib/python3/dist-packages/secretstorage/dhcrypto.py:15: CryptographyDeprecationWarning: int_from_bytes is deprecated, use int.from_bytes instead
Jul 12 07:43:10 datacore-PowerEdge-R740 cinder-volume[3283751]:   from cryptography.utils import int_from_bytes
Jul 12 07:43:10 datacore-PowerEdge-R740 cinder-volume[3283751]: /usr/lib/python3/dist-packages/secretstorage/util.py:19: CryptographyDeprecationWarning: int_from_bytes is deprecated, use int.from_bytes instead
Jul 12 07:43:10 datacore-PowerEdge-R740 cinder-volume[3283751]:   from cryptography.utils import int_from_bytes
Jul 12 07:43:10 datacore-PowerEdge-R740 cinder-volume[3283751]: /opt/stack/cinder/cinder/db/sqlalchemy/models.py:152: SAWarning: implicitly coercing SELECT object to scalar subquery; please use the .scalar_subquery() method to produce a scalar subquery.
Jul 12 07:43:10 datacore-PowerEdge-R740 cinder-volume[3283751]:   last_heartbeat = column_property(
Jul 12 07:43:10 datacore-PowerEdge-R740 cinder-volume[3283751]: /opt/stack/cinder/cinder/db/sqlalchemy/models.py:160: SAWarning: implicitly coercing SELECT object to scalar subquery; please use the .scalar_subquery() method to produce a scalar subquery.
Jul 12 07:43:10 datacore-PowerEdge-R740 cinder-volume[3283751]:   num_hosts = column_property(
Jul 12 07:43:10 datacore-PowerEdge-R740 cinder-volume[3283751]: /opt/stack/cinder/cinder/db/sqlalchemy/models.py:169: SAWarning: implicitly coercing SELECT object to scalar subquery; please use the .scalar_subquery() method to produce a scalar subquery.
Jul 12 07:43:10 datacore-PowerEdge-R740 cinder-volume[3283751]:   num_down_hosts = column_property(
Jul 12 07:43:10 datacore-PowerEdge-R740 systemd[1]: devstack@c-vol.service: Main process exited, code=exited, status=1/FAILURE
Jul 12 07:43:10 datacore-PowerEdge-R740 systemd[1]: devstack@c-vol.service: Failed with result 'exit-code'.
