-- Logs begin at Mon 2022-07-11 08:46:05 IST, end at Mon 2022-07-11 12:16:54 IST. --
Jul 11 12:15:33 datacore-PowerEdge-R740 systemd[1]: Started Devstack devstack@c-vol.service.
Jul 11 12:15:35 datacore-PowerEdge-R740 cinder-volume[3098245]: DEBUG oslo_concurrency.lockutils [-] Acquired lock "singleton_lock" {{(pid=3098245) lock /usr/local/lib/python3.8/dist-packages/oslo_concurrency/lockutils.py:294}}
Jul 11 12:15:35 datacore-PowerEdge-R740 cinder-volume[3098245]: DEBUG oslo_concurrency.lockutils [-] Releasing lock "singleton_lock" {{(pid=3098245) lock /usr/local/lib/python3.8/dist-packages/oslo_concurrency/lockutils.py:312}}
Jul 11 12:15:35 datacore-PowerEdge-R740 cinder-volume[3098245]: INFO dbcounter [None req-452173f8-36b6-4019-84ad-7cf370c0fff9 None None] Registered counter for database cinder
Jul 11 12:15:35 datacore-PowerEdge-R740 cinder-volume[3098245]: DEBUG oslo_db.sqlalchemy.engines [None req-452173f8-36b6-4019-84ad-7cf370c0fff9 None None] MySQL server mode set to STRICT_TRANS_TABLES,STRICT_ALL_TABLES,NO_ZERO_IN_DATE,NO_ZERO_DATE,ERROR_FOR_DIVISION_BY_ZERO,TRADITIONAL,NO_ENGINE_SUBSTITUTION {{(pid=3098245) _check_effective_sql_mode /usr/local/lib/python3.8/dist-packages/oslo_db/sqlalchemy/engines.py:314}}
Jul 11 12:15:35 datacore-PowerEdge-R740 cinder-volume[3098245]: DEBUG dbcounter [-] [3098245] Writer thread running {{(pid=3098245) stat_writer /usr/local/lib/python3.8/dist-packages/dbcounter.py:99}}
Jul 11 12:15:35 datacore-PowerEdge-R740 cinder-volume[3098245]: INFO cinder.rpc [None req-452173f8-36b6-4019-84ad-7cf370c0fff9 None None] Automatically selected cinder-scheduler objects version 1.39 as minimum service version.
Jul 11 12:15:35 datacore-PowerEdge-R740 cinder-volume[3098245]: INFO cinder.rpc [None req-452173f8-36b6-4019-84ad-7cf370c0fff9 None None] Automatically selected cinder-scheduler RPC version 3.12 as minimum service version.
Jul 11 12:15:35 datacore-PowerEdge-R740 cinder-volume[3098245]: DEBUG oslo_db.sqlalchemy.engines [None req-452173f8-36b6-4019-84ad-7cf370c0fff9 None None] MySQL server mode set to STRICT_TRANS_TABLES,STRICT_ALL_TABLES,NO_ZERO_IN_DATE,NO_ZERO_DATE,ERROR_FOR_DIVISION_BY_ZERO,TRADITIONAL,NO_ENGINE_SUBSTITUTION {{(pid=3098245) _check_effective_sql_mode /usr/local/lib/python3.8/dist-packages/oslo_db/sqlalchemy/engines.py:314}}
Jul 11 12:15:35 datacore-PowerEdge-R740 cinder-volume[3098245]: INFO cinder.volume.manager [None req-452173f8-36b6-4019-84ad-7cf370c0fff9 None None] Determined volume DB was empty at startup.
Jul 11 12:15:35 datacore-PowerEdge-R740 cinder-volume[3098245]: DEBUG cinder.volume.manager [None req-452173f8-36b6-4019-84ad-7cf370c0fff9 None None] Cinder Volume DB check: vol_db_empty=True {{(pid=3098245) __init__ /opt/stack/cinder/cinder/volume/manager.py:288}}
Jul 11 12:15:35 datacore-PowerEdge-R740 cinder-volume[3098245]: WARNING stevedore.named [None req-452173f8-36b6-4019-84ad-7cf370c0fff9 None None] Could not load cinder.keymgr.conf_key_mgr.ConfKeyManager
Jul 11 12:15:35 datacore-PowerEdge-R740 cinder-volume[3098245]: WARNING castellan.key_manager [None req-452173f8-36b6-4019-84ad-7cf370c0fff9 None None] Deprecation Warning : cinder.keymgr.conf_key_mgr.ConfKeyManager is not a stevedore based driver, trying to load it as a class: stevedore.exception.NoMatches: No 'castellan.drivers' driver found, looking for 'cinder.keymgr.conf_key_mgr.ConfKeyManager'
Jul 11 12:15:35 datacore-PowerEdge-R740 cinder-volume[3098245]: WARNING cinder.keymgr.conf_key_mgr [None req-452173f8-36b6-4019-84ad-7cf370c0fff9 None None] This key manager is insecure and is not recommended for production deployments: stevedore.exception.NoMatches: No 'castellan.drivers' driver found, looking for 'cinder.keymgr.conf_key_mgr.ConfKeyManager'
Jul 11 12:15:35 datacore-PowerEdge-R740 cinder-volume[3098245]: ERROR cinder.cmd.volume [None req-452173f8-36b6-4019-84ad-7cf370c0fff9 None None] Volume service hostgroup@datacore_iscsi1 failed to start.: ModuleNotFoundError: No module named 'cinder.volume.drivers.datacore.iscsi'
Jul 11 12:15:35 datacore-PowerEdge-R740 cinder-volume[3098245]: ERROR cinder.cmd.volume Traceback (most recent call last):
Jul 11 12:15:35 datacore-PowerEdge-R740 cinder-volume[3098245]: ERROR cinder.cmd.volume   File "/opt/stack/cinder/cinder/cmd/volume.py", line 99, in _launch_service
Jul 11 12:15:35 datacore-PowerEdge-R740 cinder-volume[3098245]: ERROR cinder.cmd.volume     server = service.Service.create(host=host,
Jul 11 12:15:35 datacore-PowerEdge-R740 cinder-volume[3098245]: ERROR cinder.cmd.volume   File "/opt/stack/cinder/cinder/service.py", line 394, in create
Jul 11 12:15:35 datacore-PowerEdge-R740 cinder-volume[3098245]: ERROR cinder.cmd.volume     service_obj = cls(host, binary, topic, manager,
Jul 11 12:15:35 datacore-PowerEdge-R740 cinder-volume[3098245]: ERROR cinder.cmd.volume   File "/opt/stack/cinder/cinder/service.py", line 152, in __init__
Jul 11 12:15:35 datacore-PowerEdge-R740 cinder-volume[3098245]: ERROR cinder.cmd.volume     self.manager = manager_class(host=self.host,
Jul 11 12:15:35 datacore-PowerEdge-R740 cinder-volume[3098245]: ERROR cinder.cmd.volume   File "/opt/stack/cinder/cinder/volume/manager.py", line 311, in __init__
Jul 11 12:15:35 datacore-PowerEdge-R740 cinder-volume[3098245]: ERROR cinder.cmd.volume     self.driver = importutils.import_object(
Jul 11 12:15:35 datacore-PowerEdge-R740 cinder-volume[3098245]: ERROR cinder.cmd.volume   File "/usr/local/lib/python3.8/dist-packages/oslo_utils/importutils.py", line 44, in import_object
Jul 11 12:15:35 datacore-PowerEdge-R740 cinder-volume[3098245]: ERROR cinder.cmd.volume     return import_class(import_str)(*args, **kwargs)
Jul 11 12:15:35 datacore-PowerEdge-R740 cinder-volume[3098245]: ERROR cinder.cmd.volume   File "/usr/local/lib/python3.8/dist-packages/oslo_utils/importutils.py", line 30, in import_class
Jul 11 12:15:35 datacore-PowerEdge-R740 cinder-volume[3098245]: ERROR cinder.cmd.volume     __import__(mod_str)
Jul 11 12:15:35 datacore-PowerEdge-R740 cinder-volume[3098245]: ERROR cinder.cmd.volume ModuleNotFoundError: No module named 'cinder.volume.drivers.datacore.iscsi'
Jul 11 12:15:35 datacore-PowerEdge-R740 cinder-volume[3098245]: ERROR cinder.cmd.volume 
Jul 11 12:15:35 datacore-PowerEdge-R740 cinder-volume[3098245]: ERROR cinder.cmd.volume [None req-452173f8-36b6-4019-84ad-7cf370c0fff9 None None] No volume service(s) started successfully, terminating.
Jul 11 12:15:35 datacore-PowerEdge-R740 cinder-volume[3098245]: /usr/lib/python3/dist-packages/secretstorage/dhcrypto.py:15: CryptographyDeprecationWarning: int_from_bytes is deprecated, use int.from_bytes instead
Jul 11 12:15:35 datacore-PowerEdge-R740 cinder-volume[3098245]:   from cryptography.utils import int_from_bytes
Jul 11 12:15:35 datacore-PowerEdge-R740 cinder-volume[3098245]: /usr/lib/python3/dist-packages/secretstorage/util.py:19: CryptographyDeprecationWarning: int_from_bytes is deprecated, use int.from_bytes instead
Jul 11 12:15:35 datacore-PowerEdge-R740 cinder-volume[3098245]:   from cryptography.utils import int_from_bytes
Jul 11 12:15:35 datacore-PowerEdge-R740 cinder-volume[3098245]: /opt/stack/cinder/cinder/db/sqlalchemy/models.py:152: SAWarning: implicitly coercing SELECT object to scalar subquery; please use the .scalar_subquery() method to produce a scalar subquery.
Jul 11 12:15:35 datacore-PowerEdge-R740 cinder-volume[3098245]:   last_heartbeat = column_property(
Jul 11 12:15:35 datacore-PowerEdge-R740 cinder-volume[3098245]: /opt/stack/cinder/cinder/db/sqlalchemy/models.py:160: SAWarning: implicitly coercing SELECT object to scalar subquery; please use the .scalar_subquery() method to produce a scalar subquery.
Jul 11 12:15:35 datacore-PowerEdge-R740 cinder-volume[3098245]:   num_hosts = column_property(
Jul 11 12:15:35 datacore-PowerEdge-R740 cinder-volume[3098245]: /opt/stack/cinder/cinder/db/sqlalchemy/models.py:169: SAWarning: implicitly coercing SELECT object to scalar subquery; please use the .scalar_subquery() method to produce a scalar subquery.
Jul 11 12:15:35 datacore-PowerEdge-R740 cinder-volume[3098245]:   num_down_hosts = column_property(
Jul 11 12:15:36 datacore-PowerEdge-R740 systemd[1]: devstack@c-vol.service: Main process exited, code=exited, status=1/FAILURE
Jul 11 12:15:36 datacore-PowerEdge-R740 systemd[1]: devstack@c-vol.service: Failed with result 'exit-code'.
Jul 11 12:15:51 datacore-PowerEdge-R740 systemd[1]: Started Devstack devstack@c-vol.service.
Jul 11 12:15:54 datacore-PowerEdge-R740 cinder-volume[3098860]: DEBUG oslo_concurrency.lockutils [-] Acquired lock "singleton_lock" {{(pid=3098860) lock /usr/local/lib/python3.8/dist-packages/oslo_concurrency/lockutils.py:294}}
Jul 11 12:15:54 datacore-PowerEdge-R740 cinder-volume[3098860]: DEBUG oslo_concurrency.lockutils [-] Releasing lock "singleton_lock" {{(pid=3098860) lock /usr/local/lib/python3.8/dist-packages/oslo_concurrency/lockutils.py:312}}
Jul 11 12:15:54 datacore-PowerEdge-R740 cinder-volume[3098860]: INFO dbcounter [None req-60700450-2c13-42be-9949-4a83036db0c1 None None] Registered counter for database cinder
Jul 11 12:15:54 datacore-PowerEdge-R740 cinder-volume[3098860]: DEBUG oslo_db.sqlalchemy.engines [None req-60700450-2c13-42be-9949-4a83036db0c1 None None] MySQL server mode set to STRICT_TRANS_TABLES,STRICT_ALL_TABLES,NO_ZERO_IN_DATE,NO_ZERO_DATE,ERROR_FOR_DIVISION_BY_ZERO,TRADITIONAL,NO_ENGINE_SUBSTITUTION {{(pid=3098860) _check_effective_sql_mode /usr/local/lib/python3.8/dist-packages/oslo_db/sqlalchemy/engines.py:314}}
Jul 11 12:15:54 datacore-PowerEdge-R740 cinder-volume[3098860]: DEBUG dbcounter [-] [3098860] Writer thread running {{(pid=3098860) stat_writer /usr/local/lib/python3.8/dist-packages/dbcounter.py:99}}
Jul 11 12:15:54 datacore-PowerEdge-R740 cinder-volume[3098860]: INFO cinder.rpc [None req-60700450-2c13-42be-9949-4a83036db0c1 None None] Automatically selected cinder-scheduler objects version 1.39 as minimum service version.
Jul 11 12:15:54 datacore-PowerEdge-R740 cinder-volume[3098860]: INFO cinder.rpc [None req-60700450-2c13-42be-9949-4a83036db0c1 None None] Automatically selected cinder-scheduler RPC version 3.12 as minimum service version.
Jul 11 12:15:54 datacore-PowerEdge-R740 cinder-volume[3098860]: DEBUG oslo_db.sqlalchemy.engines [None req-60700450-2c13-42be-9949-4a83036db0c1 None None] MySQL server mode set to STRICT_TRANS_TABLES,STRICT_ALL_TABLES,NO_ZERO_IN_DATE,NO_ZERO_DATE,ERROR_FOR_DIVISION_BY_ZERO,TRADITIONAL,NO_ENGINE_SUBSTITUTION {{(pid=3098860) _check_effective_sql_mode /usr/local/lib/python3.8/dist-packages/oslo_db/sqlalchemy/engines.py:314}}
Jul 11 12:15:54 datacore-PowerEdge-R740 cinder-volume[3098860]: INFO cinder.volume.manager [None req-60700450-2c13-42be-9949-4a83036db0c1 None None] Determined volume DB was empty at startup.
Jul 11 12:15:54 datacore-PowerEdge-R740 cinder-volume[3098860]: DEBUG cinder.volume.manager [None req-60700450-2c13-42be-9949-4a83036db0c1 None None] Cinder Volume DB check: vol_db_empty=True {{(pid=3098860) __init__ /opt/stack/cinder/cinder/volume/manager.py:288}}
Jul 11 12:15:54 datacore-PowerEdge-R740 cinder-volume[3098860]: WARNING stevedore.named [None req-60700450-2c13-42be-9949-4a83036db0c1 None None] Could not load cinder.keymgr.conf_key_mgr.ConfKeyManager
Jul 11 12:15:54 datacore-PowerEdge-R740 cinder-volume[3098860]: WARNING castellan.key_manager [None req-60700450-2c13-42be-9949-4a83036db0c1 None None] Deprecation Warning : cinder.keymgr.conf_key_mgr.ConfKeyManager is not a stevedore based driver, trying to load it as a class: stevedore.exception.NoMatches: No 'castellan.drivers' driver found, looking for 'cinder.keymgr.conf_key_mgr.ConfKeyManager'
Jul 11 12:15:54 datacore-PowerEdge-R740 cinder-volume[3098860]: WARNING cinder.keymgr.conf_key_mgr [None req-60700450-2c13-42be-9949-4a83036db0c1 None None] This key manager is insecure and is not recommended for production deployments: stevedore.exception.NoMatches: No 'castellan.drivers' driver found, looking for 'cinder.keymgr.conf_key_mgr.ConfKeyManager'
Jul 11 12:15:54 datacore-PowerEdge-R740 cinder-volume[3098860]: ERROR cinder.cmd.volume [None req-60700450-2c13-42be-9949-4a83036db0c1 None None] Volume service hostgroup@datacore_iscsi1 failed to start.: ModuleNotFoundError: No module named 'cinder.volume.drivers.datacore.iscsi'
Jul 11 12:15:54 datacore-PowerEdge-R740 cinder-volume[3098860]: ERROR cinder.cmd.volume Traceback (most recent call last):
Jul 11 12:15:54 datacore-PowerEdge-R740 cinder-volume[3098860]: ERROR cinder.cmd.volume   File "/opt/stack/cinder/cinder/cmd/volume.py", line 99, in _launch_service
Jul 11 12:15:54 datacore-PowerEdge-R740 cinder-volume[3098860]: ERROR cinder.cmd.volume     server = service.Service.create(host=host,
Jul 11 12:15:54 datacore-PowerEdge-R740 cinder-volume[3098860]: ERROR cinder.cmd.volume   File "/opt/stack/cinder/cinder/service.py", line 394, in create
Jul 11 12:15:54 datacore-PowerEdge-R740 cinder-volume[3098860]: ERROR cinder.cmd.volume     service_obj = cls(host, binary, topic, manager,
Jul 11 12:15:54 datacore-PowerEdge-R740 cinder-volume[3098860]: ERROR cinder.cmd.volume   File "/opt/stack/cinder/cinder/service.py", line 152, in __init__
Jul 11 12:15:54 datacore-PowerEdge-R740 cinder-volume[3098860]: ERROR cinder.cmd.volume     self.manager = manager_class(host=self.host,
Jul 11 12:15:54 datacore-PowerEdge-R740 cinder-volume[3098860]: ERROR cinder.cmd.volume   File "/opt/stack/cinder/cinder/volume/manager.py", line 311, in __init__
Jul 11 12:15:54 datacore-PowerEdge-R740 cinder-volume[3098860]: ERROR cinder.cmd.volume     self.driver = importutils.import_object(
Jul 11 12:15:54 datacore-PowerEdge-R740 cinder-volume[3098860]: ERROR cinder.cmd.volume   File "/usr/local/lib/python3.8/dist-packages/oslo_utils/importutils.py", line 44, in import_object
Jul 11 12:15:54 datacore-PowerEdge-R740 cinder-volume[3098860]: ERROR cinder.cmd.volume     return import_class(import_str)(*args, **kwargs)
Jul 11 12:15:54 datacore-PowerEdge-R740 cinder-volume[3098860]: ERROR cinder.cmd.volume   File "/usr/local/lib/python3.8/dist-packages/oslo_utils/importutils.py", line 30, in import_class
Jul 11 12:15:54 datacore-PowerEdge-R740 cinder-volume[3098860]: ERROR cinder.cmd.volume     __import__(mod_str)
Jul 11 12:15:54 datacore-PowerEdge-R740 cinder-volume[3098860]: ERROR cinder.cmd.volume ModuleNotFoundError: No module named 'cinder.volume.drivers.datacore.iscsi'
Jul 11 12:15:54 datacore-PowerEdge-R740 cinder-volume[3098860]: ERROR cinder.cmd.volume 
Jul 11 12:15:54 datacore-PowerEdge-R740 cinder-volume[3098860]: ERROR cinder.cmd.volume [None req-60700450-2c13-42be-9949-4a83036db0c1 None None] No volume service(s) started successfully, terminating.
Jul 11 12:15:54 datacore-PowerEdge-R740 cinder-volume[3098860]: /usr/lib/python3/dist-packages/secretstorage/dhcrypto.py:15: CryptographyDeprecationWarning: int_from_bytes is deprecated, use int.from_bytes instead
Jul 11 12:15:54 datacore-PowerEdge-R740 cinder-volume[3098860]:   from cryptography.utils import int_from_bytes
Jul 11 12:15:54 datacore-PowerEdge-R740 cinder-volume[3098860]: /usr/lib/python3/dist-packages/secretstorage/util.py:19: CryptographyDeprecationWarning: int_from_bytes is deprecated, use int.from_bytes instead
Jul 11 12:15:54 datacore-PowerEdge-R740 cinder-volume[3098860]:   from cryptography.utils import int_from_bytes
Jul 11 12:15:54 datacore-PowerEdge-R740 cinder-volume[3098860]: /opt/stack/cinder/cinder/db/sqlalchemy/models.py:152: SAWarning: implicitly coercing SELECT object to scalar subquery; please use the .scalar_subquery() method to produce a scalar subquery.
Jul 11 12:15:54 datacore-PowerEdge-R740 cinder-volume[3098860]:   last_heartbeat = column_property(
Jul 11 12:15:54 datacore-PowerEdge-R740 cinder-volume[3098860]: /opt/stack/cinder/cinder/db/sqlalchemy/models.py:160: SAWarning: implicitly coercing SELECT object to scalar subquery; please use the .scalar_subquery() method to produce a scalar subquery.
Jul 11 12:15:54 datacore-PowerEdge-R740 cinder-volume[3098860]:   num_hosts = column_property(
Jul 11 12:15:54 datacore-PowerEdge-R740 cinder-volume[3098860]: /opt/stack/cinder/cinder/db/sqlalchemy/models.py:169: SAWarning: implicitly coercing SELECT object to scalar subquery; please use the .scalar_subquery() method to produce a scalar subquery.
Jul 11 12:15:54 datacore-PowerEdge-R740 cinder-volume[3098860]:   num_down_hosts = column_property(
Jul 11 12:15:55 datacore-PowerEdge-R740 systemd[1]: devstack@c-vol.service: Main process exited, code=exited, status=1/FAILURE
Jul 11 12:15:55 datacore-PowerEdge-R740 systemd[1]: devstack@c-vol.service: Failed with result 'exit-code'.
