-- Logs begin at Mon 2022-09-12 19:18:53 IST, end at Mon 2022-09-12 19:19:05 IST. --
Sep 12 19:18:53 datacore-PowerEdge-R740 sudo[4044354]: pam_unix(sudo:session): session closed for user root
Sep 12 19:18:53 datacore-PowerEdge-R740 cinder-volume[4044320]: DEBUG oslo_concurrency.processutils [None req-7373f4ef-4dcb-4895-8a57-36de850671fb None None] CMD "sudo cinder-rootwrap /etc/cinder/rootwrap.conf env LC_ALL=C lvs --noheadings --unit=g -o vg_name,name,size --nosuffix --readonly stack-volumes-lvmdriver-1/stack-volumes-lvmdriver-1-pool" returned: 0 in 1.089s {{(pid=4044320) execute /usr/local/lib/python3.8/dist-packages/oslo_concurrency/processutils.py:422}}
Sep 12 19:18:53 datacore-PowerEdge-R740 cinder-volume[4044320]: DEBUG oslo_concurrency.processutils [None req-7373f4ef-4dcb-4895-8a57-36de850671fb None None] Running cmd (subprocess): env LC_ALL=C lvm version {{(pid=4044320) execute /usr/local/lib/python3.8/dist-packages/oslo_concurrency/processutils.py:384}}
Sep 12 19:18:53 datacore-PowerEdge-R740 cinder-volume[4044320]: DEBUG oslo_concurrency.processutils [None req-7373f4ef-4dcb-4895-8a57-36de850671fb None None] CMD "env LC_ALL=C lvm version" returned: 0 in 0.019s {{(pid=4044320) execute /usr/local/lib/python3.8/dist-packages/oslo_concurrency/processutils.py:422}}
Sep 12 19:18:53 datacore-PowerEdge-R740 cinder-volume[4044320]: DEBUG oslo_concurrency.processutils [None req-7373f4ef-4dcb-4895-8a57-36de850671fb None None] Running cmd (subprocess): sudo cinder-rootwrap /etc/cinder/rootwrap.conf lvchange -a y --yes -K stack-volumes-lvmdriver-1/stack-volumes-lvmdriver-1-pool {{(pid=4044320) execute /usr/local/lib/python3.8/dist-packages/oslo_concurrency/processutils.py:384}}
Sep 12 19:18:53 datacore-PowerEdge-R740 sudo[4044393]:    stack : TTY=unknown ; PWD=/ ; USER=root ; COMMAND=/usr/local/bin/cinder-rootwrap /etc/cinder/rootwrap.conf lvchange -a y --yes -K stack-volumes-lvmdriver-1/stack-volumes-lvmdriver-1-pool
Sep 12 19:18:53 datacore-PowerEdge-R740 sudo[4044393]: pam_unix(sudo:session): session opened for user root by (uid=0)
Sep 12 19:18:54 datacore-PowerEdge-R740 sudo[4044393]: pam_unix(sudo:session): session closed for user root
Sep 12 19:18:54 datacore-PowerEdge-R740 cinder-volume[4044320]: DEBUG oslo_concurrency.processutils [None req-7373f4ef-4dcb-4895-8a57-36de850671fb None None] CMD "sudo cinder-rootwrap /etc/cinder/rootwrap.conf lvchange -a y --yes -K stack-volumes-lvmdriver-1/stack-volumes-lvmdriver-1-pool" returned: 0 in 1.097s {{(pid=4044320) execute /usr/local/lib/python3.8/dist-packages/oslo_concurrency/processutils.py:422}}
Sep 12 19:18:54 datacore-PowerEdge-R740 cinder-volume[4044320]: DEBUG oslo_concurrency.processutils [None req-7373f4ef-4dcb-4895-8a57-36de850671fb None None] Running cmd (subprocess): env LC_ALL=C lvm version {{(pid=4044320) execute /usr/local/lib/python3.8/dist-packages/oslo_concurrency/processutils.py:384}}
Sep 12 19:18:55 datacore-PowerEdge-R740 cinder-volume[4044320]: DEBUG oslo_concurrency.processutils [None req-7373f4ef-4dcb-4895-8a57-36de850671fb None None] CMD "env LC_ALL=C lvm version" returned: 0 in 0.021s {{(pid=4044320) execute /usr/local/lib/python3.8/dist-packages/oslo_concurrency/processutils.py:422}}
Sep 12 19:18:55 datacore-PowerEdge-R740 cinder-volume[4044320]: DEBUG oslo_concurrency.processutils [None req-7373f4ef-4dcb-4895-8a57-36de850671fb None None] Running cmd (subprocess): sudo cinder-rootwrap /etc/cinder/rootwrap.conf env LC_ALL=C pvs --noheadings --unit=g -o vg_name,name,size,free --separator | --nosuffix --ignoreskippedcluster {{(pid=4044320) execute /usr/local/lib/python3.8/dist-packages/oslo_concurrency/processutils.py:384}}
Sep 12 19:18:55 datacore-PowerEdge-R740 sudo[4044477]:    stack : TTY=unknown ; PWD=/ ; USER=root ; COMMAND=/usr/local/bin/cinder-rootwrap /etc/cinder/rootwrap.conf env LC_ALL=C pvs --noheadings --unit=g -o vg_name,name,size,free --separator | --nosuffix --ignoreskippedcluster
Sep 12 19:18:55 datacore-PowerEdge-R740 sudo[4044477]: pam_unix(sudo:session): session opened for user root by (uid=0)
Sep 12 19:18:55 datacore-PowerEdge-R740 sudo[4044477]: pam_unix(sudo:session): session closed for user root
Sep 12 19:18:55 datacore-PowerEdge-R740 cinder-volume[4044320]: DEBUG oslo_concurrency.processutils [None req-7373f4ef-4dcb-4895-8a57-36de850671fb None None] CMD "sudo cinder-rootwrap /etc/cinder/rootwrap.conf env LC_ALL=C pvs --noheadings --unit=g -o vg_name,name,size,free --separator | --nosuffix --ignoreskippedcluster" returned: 0 in 0.779s {{(pid=4044320) execute /usr/local/lib/python3.8/dist-packages/oslo_concurrency/processutils.py:422}}
Sep 12 19:18:55 datacore-PowerEdge-R740 cinder-volume[4044320]: DEBUG oslo_concurrency.processutils [None req-7373f4ef-4dcb-4895-8a57-36de850671fb None None] Running cmd (subprocess): sudo cinder-rootwrap /etc/cinder/rootwrap.conf env LC_ALL=C vgs --noheadings --unit=g -o name,size,free,lv_count,uuid --separator : --nosuffix stack-volumes-lvmdriver-1 {{(pid=4044320) execute /usr/local/lib/python3.8/dist-packages/oslo_concurrency/processutils.py:384}}
Sep 12 19:18:55 datacore-PowerEdge-R740 sudo[4044587]:    stack : TTY=unknown ; PWD=/ ; USER=root ; COMMAND=/usr/local/bin/cinder-rootwrap /etc/cinder/rootwrap.conf env LC_ALL=C vgs --noheadings --unit=g -o name,size,free,lv_count,uuid --separator : --nosuffix stack-volumes-lvmdriver-1
Sep 12 19:18:55 datacore-PowerEdge-R740 sudo[4044587]: pam_unix(sudo:session): session opened for user root by (uid=0)
Sep 12 19:18:56 datacore-PowerEdge-R740 sudo[4044587]: pam_unix(sudo:session): session closed for user root
Sep 12 19:18:56 datacore-PowerEdge-R740 cinder-volume[4044320]: DEBUG oslo_concurrency.processutils [None req-7373f4ef-4dcb-4895-8a57-36de850671fb None None] CMD "sudo cinder-rootwrap /etc/cinder/rootwrap.conf env LC_ALL=C vgs --noheadings --unit=g -o name,size,free,lv_count,uuid --separator : --nosuffix stack-volumes-lvmdriver-1" returned: 0 in 0.650s {{(pid=4044320) execute /usr/local/lib/python3.8/dist-packages/oslo_concurrency/processutils.py:422}}
Sep 12 19:18:56 datacore-PowerEdge-R740 cinder-volume[4044320]: DEBUG oslo_concurrency.processutils [None req-7373f4ef-4dcb-4895-8a57-36de850671fb None None] Running cmd (subprocess): sudo cinder-rootwrap /etc/cinder/rootwrap.conf env LC_ALL=C vgs --noheadings --unit=g -o name,size,free,lv_count,uuid --separator : --nosuffix stack-volumes-lvmdriver-1 {{(pid=4044320) execute /usr/local/lib/python3.8/dist-packages/oslo_concurrency/processutils.py:384}}
Sep 12 19:18:56 datacore-PowerEdge-R740 sudo[4044614]:    stack : TTY=unknown ; PWD=/ ; USER=root ; COMMAND=/usr/local/bin/cinder-rootwrap /etc/cinder/rootwrap.conf env LC_ALL=C vgs --noheadings --unit=g -o name,size,free,lv_count,uuid --separator : --nosuffix stack-volumes-lvmdriver-1
Sep 12 19:18:56 datacore-PowerEdge-R740 sudo[4044614]: pam_unix(sudo:session): session opened for user root by (uid=0)
Sep 12 19:18:57 datacore-PowerEdge-R740 sudo[4044614]: pam_unix(sudo:session): session closed for user root
Sep 12 19:18:57 datacore-PowerEdge-R740 cinder-volume[4044320]: DEBUG oslo_concurrency.processutils [None req-7373f4ef-4dcb-4895-8a57-36de850671fb None None] CMD "sudo cinder-rootwrap /etc/cinder/rootwrap.conf env LC_ALL=C vgs --noheadings --unit=g -o name,size,free,lv_count,uuid --separator : --nosuffix stack-volumes-lvmdriver-1" returned: 0 in 0.669s {{(pid=4044320) execute /usr/local/lib/python3.8/dist-packages/oslo_concurrency/processutils.py:422}}
Sep 12 19:18:57 datacore-PowerEdge-R740 cinder-volume[4044320]: DEBUG oslo_concurrency.processutils [None req-7373f4ef-4dcb-4895-8a57-36de850671fb None None] Running cmd (subprocess): sudo cinder-rootwrap /etc/cinder/rootwrap.conf env LC_ALL=C lvs --noheadings --unit=g -o vg_name,name,size --nosuffix --readonly stack-volumes-lvmdriver-1 {{(pid=4044320) execute /usr/local/lib/python3.8/dist-packages/oslo_concurrency/processutils.py:384}}
Sep 12 19:18:57 datacore-PowerEdge-R740 sudo[4044631]:    stack : TTY=unknown ; PWD=/ ; USER=root ; COMMAND=/usr/local/bin/cinder-rootwrap /etc/cinder/rootwrap.conf env LC_ALL=C lvs --noheadings --unit=g -o vg_name,name,size --nosuffix --readonly stack-volumes-lvmdriver-1
Sep 12 19:18:57 datacore-PowerEdge-R740 sudo[4044631]: pam_unix(sudo:session): session opened for user root by (uid=0)
Sep 12 19:18:57 datacore-PowerEdge-R740 sudo[4044631]: pam_unix(sudo:session): session closed for user root
Sep 12 19:18:57 datacore-PowerEdge-R740 cinder-volume[4044320]: DEBUG oslo_concurrency.processutils [None req-7373f4ef-4dcb-4895-8a57-36de850671fb None None] CMD "sudo cinder-rootwrap /etc/cinder/rootwrap.conf env LC_ALL=C lvs --noheadings --unit=g -o vg_name,name,size --nosuffix --readonly stack-volumes-lvmdriver-1" returned: 0 in 0.614s {{(pid=4044320) execute /usr/local/lib/python3.8/dist-packages/oslo_concurrency/processutils.py:422}}
Sep 12 19:18:57 datacore-PowerEdge-R740 cinder-volume[4044320]: DEBUG oslo_concurrency.processutils [None req-7373f4ef-4dcb-4895-8a57-36de850671fb None None] Running cmd (subprocess): sudo cinder-rootwrap /etc/cinder/rootwrap.conf env LC_ALL=C lvs --noheadings --unit=g -o size,data_percent --separator : --nosuffix /dev/stack-volumes-lvmdriver-1/stack-volumes-lvmdriver-1-pool {{(pid=4044320) execute /usr/local/lib/python3.8/dist-packages/oslo_concurrency/processutils.py:384}}
Sep 12 19:18:57 datacore-PowerEdge-R740 sudo[4044635]:    stack : TTY=unknown ; PWD=/ ; USER=root ; COMMAND=/usr/local/bin/cinder-rootwrap /etc/cinder/rootwrap.conf env LC_ALL=C lvs --noheadings --unit=g -o size,data_percent --separator : --nosuffix /dev/stack-volumes-lvmdriver-1/stack-volumes-lvmdriver-1-pool
Sep 12 19:18:57 datacore-PowerEdge-R740 sudo[4044635]: pam_unix(sudo:session): session opened for user root by (uid=0)
Sep 12 19:18:58 datacore-PowerEdge-R740 sudo[4044635]: pam_unix(sudo:session): session closed for user root
Sep 12 19:18:58 datacore-PowerEdge-R740 cinder-volume[4044320]: DEBUG oslo_concurrency.processutils [None req-7373f4ef-4dcb-4895-8a57-36de850671fb None None] CMD "sudo cinder-rootwrap /etc/cinder/rootwrap.conf env LC_ALL=C lvs --noheadings --unit=g -o size,data_percent --separator : --nosuffix /dev/stack-volumes-lvmdriver-1/stack-volumes-lvmdriver-1-pool" returned: 0 in 0.643s {{(pid=4044320) execute /usr/local/lib/python3.8/dist-packages/oslo_concurrency/processutils.py:422}}
Sep 12 19:18:58 datacore-PowerEdge-R740 cinder-volume[4044320]: DEBUG oslo_concurrency.processutils [None req-7373f4ef-4dcb-4895-8a57-36de850671fb None None] Running cmd (subprocess): env LC_ALL=C lvm version {{(pid=4044320) execute /usr/local/lib/python3.8/dist-packages/oslo_concurrency/processutils.py:384}}
Sep 12 19:18:58 datacore-PowerEdge-R740 cinder-volume[4044320]: DEBUG oslo_concurrency.processutils [None req-7373f4ef-4dcb-4895-8a57-36de850671fb None None] CMD "env LC_ALL=C lvm version" returned: 0 in 0.016s {{(pid=4044320) execute /usr/local/lib/python3.8/dist-packages/oslo_concurrency/processutils.py:422}}
Sep 12 19:18:58 datacore-PowerEdge-R740 cinder-volume[4044320]: DEBUG oslo_concurrency.processutils [None req-7373f4ef-4dcb-4895-8a57-36de850671fb None None] Running cmd (subprocess): sudo cinder-rootwrap /etc/cinder/rootwrap.conf env LC_ALL=C lvs --noheadings --unit=g -o vg_name,name,size --nosuffix --readonly stack-volumes-lvmdriver-1/stack-volumes-lvmdriver-1-pool {{(pid=4044320) execute /usr/local/lib/python3.8/dist-packages/oslo_concurrency/processutils.py:384}}
Sep 12 19:18:58 datacore-PowerEdge-R740 sudo[4044642]:    stack : TTY=unknown ; PWD=/ ; USER=root ; COMMAND=/usr/local/bin/cinder-rootwrap /etc/cinder/rootwrap.conf env LC_ALL=C lvs --noheadings --unit=g -o vg_name,name,size --nosuffix --readonly stack-volumes-lvmdriver-1/stack-volumes-lvmdriver-1-pool
Sep 12 19:18:58 datacore-PowerEdge-R740 sudo[4044642]: pam_unix(sudo:session): session opened for user root by (uid=0)
Sep 12 19:18:59 datacore-PowerEdge-R740 sudo[4044642]: pam_unix(sudo:session): session closed for user root
Sep 12 19:18:59 datacore-PowerEdge-R740 cinder-volume[4044320]: DEBUG oslo_concurrency.processutils [None req-7373f4ef-4dcb-4895-8a57-36de850671fb None None] CMD "sudo cinder-rootwrap /etc/cinder/rootwrap.conf env LC_ALL=C lvs --noheadings --unit=g -o vg_name,name,size --nosuffix --readonly stack-volumes-lvmdriver-1/stack-volumes-lvmdriver-1-pool" returned: 0 in 0.611s {{(pid=4044320) execute /usr/local/lib/python3.8/dist-packages/oslo_concurrency/processutils.py:422}}
Sep 12 19:18:59 datacore-PowerEdge-R740 cinder-volume[4044320]: INFO cinder.volume.drivers.lvm [None req-7373f4ef-4dcb-4895-8a57-36de850671fb None None] Enabling LVM thin provisioning by default because a thin pool exists.
Sep 12 19:18:59 datacore-PowerEdge-R740 cinder-volume[4044320]: DEBUG oslo_concurrency.processutils [None req-7373f4ef-4dcb-4895-8a57-36de850671fb None None] Running cmd (subprocess): env LC_ALL=C lvm version {{(pid=4044320) execute /usr/local/lib/python3.8/dist-packages/oslo_concurrency/processutils.py:384}}
Sep 12 19:18:59 datacore-PowerEdge-R740 cinder-volume[4044320]: DEBUG oslo_concurrency.processutils [None req-7373f4ef-4dcb-4895-8a57-36de850671fb None None] CMD "env LC_ALL=C lvm version" returned: 0 in 0.017s {{(pid=4044320) execute /usr/local/lib/python3.8/dist-packages/oslo_concurrency/processutils.py:422}}
Sep 12 19:18:59 datacore-PowerEdge-R740 cinder-volume[4044320]: DEBUG oslo_concurrency.processutils [None req-7373f4ef-4dcb-4895-8a57-36de850671fb None None] Running cmd (subprocess): sudo cinder-rootwrap /etc/cinder/rootwrap.conf env LC_ALL=C lvs --noheadings --unit=g -o vg_name,name,size --nosuffix --readonly stack-volumes-lvmdriver-1/stack-volumes-lvmdriver-1-pool {{(pid=4044320) execute /usr/local/lib/python3.8/dist-packages/oslo_concurrency/processutils.py:384}}
Sep 12 19:18:59 datacore-PowerEdge-R740 sudo[4044647]:    stack : TTY=unknown ; PWD=/ ; USER=root ; COMMAND=/usr/local/bin/cinder-rootwrap /etc/cinder/rootwrap.conf env LC_ALL=C lvs --noheadings --unit=g -o vg_name,name,size --nosuffix --readonly stack-volumes-lvmdriver-1/stack-volumes-lvmdriver-1-pool
Sep 12 19:18:59 datacore-PowerEdge-R740 sudo[4044647]: pam_unix(sudo:session): session opened for user root by (uid=0)
Sep 12 19:18:59 datacore-PowerEdge-R740 sudo[4044647]: pam_unix(sudo:session): session closed for user root
Sep 12 19:18:59 datacore-PowerEdge-R740 cinder-volume[4044320]: DEBUG oslo_concurrency.processutils [None req-7373f4ef-4dcb-4895-8a57-36de850671fb None None] CMD "sudo cinder-rootwrap /etc/cinder/rootwrap.conf env LC_ALL=C lvs --noheadings --unit=g -o vg_name,name,size --nosuffix --readonly stack-volumes-lvmdriver-1/stack-volumes-lvmdriver-1-pool" returned: 0 in 0.623s {{(pid=4044320) execute /usr/local/lib/python3.8/dist-packages/oslo_concurrency/processutils.py:422}}
Sep 12 19:18:59 datacore-PowerEdge-R740 cinder-volume[4044320]: DEBUG cinder.volume.drivers.lvm [None req-7373f4ef-4dcb-4895-8a57-36de850671fb None None] Updating volume stats {{(pid=4044320) _update_volume_stats /opt/stack/cinder/cinder/volume/drivers/lvm.py:213}}
Sep 12 19:18:59 datacore-PowerEdge-R740 cinder-volume[4044320]: DEBUG oslo_concurrency.processutils [None req-7373f4ef-4dcb-4895-8a57-36de850671fb None None] Running cmd (subprocess): sudo cinder-rootwrap /etc/cinder/rootwrap.conf env LC_ALL=C vgs --noheadings --unit=g -o name,size,free,lv_count,uuid --separator : --nosuffix stack-volumes-lvmdriver-1 {{(pid=4044320) execute /usr/local/lib/python3.8/dist-packages/oslo_concurrency/processutils.py:384}}
Sep 12 19:18:59 datacore-PowerEdge-R740 sudo[4044661]:    stack : TTY=unknown ; PWD=/ ; USER=root ; COMMAND=/usr/local/bin/cinder-rootwrap /etc/cinder/rootwrap.conf env LC_ALL=C vgs --noheadings --unit=g -o name,size,free,lv_count,uuid --separator : --nosuffix stack-volumes-lvmdriver-1
Sep 12 19:18:59 datacore-PowerEdge-R740 sudo[4044661]: pam_unix(sudo:session): session opened for user root by (uid=0)
Sep 12 19:19:00 datacore-PowerEdge-R740 sudo[4044661]: pam_unix(sudo:session): session closed for user root
Sep 12 19:19:00 datacore-PowerEdge-R740 cinder-volume[4044320]: DEBUG oslo_concurrency.processutils [None req-7373f4ef-4dcb-4895-8a57-36de850671fb None None] CMD "sudo cinder-rootwrap /etc/cinder/rootwrap.conf env LC_ALL=C vgs --noheadings --unit=g -o name,size,free,lv_count,uuid --separator : --nosuffix stack-volumes-lvmdriver-1" returned: 0 in 0.664s {{(pid=4044320) execute /usr/local/lib/python3.8/dist-packages/oslo_concurrency/processutils.py:422}}
Sep 12 19:19:00 datacore-PowerEdge-R740 cinder-volume[4044320]: DEBUG oslo_concurrency.processutils [None req-7373f4ef-4dcb-4895-8a57-36de850671fb None None] Running cmd (subprocess): sudo cinder-rootwrap /etc/cinder/rootwrap.conf env LC_ALL=C lvs --noheadings --unit=g -o vg_name,name,size --nosuffix --readonly stack-volumes-lvmdriver-1 {{(pid=4044320) execute /usr/local/lib/python3.8/dist-packages/oslo_concurrency/processutils.py:384}}
Sep 12 19:19:00 datacore-PowerEdge-R740 sudo[4044666]:    stack : TTY=unknown ; PWD=/ ; USER=root ; COMMAND=/usr/local/bin/cinder-rootwrap /etc/cinder/rootwrap.conf env LC_ALL=C lvs --noheadings --unit=g -o vg_name,name,size --nosuffix --readonly stack-volumes-lvmdriver-1
Sep 12 19:19:00 datacore-PowerEdge-R740 sudo[4044666]: pam_unix(sudo:session): session opened for user root by (uid=0)
Sep 12 19:19:00 datacore-PowerEdge-R740 sudo[4044666]: pam_unix(sudo:session): session closed for user root
Sep 12 19:19:00 datacore-PowerEdge-R740 cinder-volume[4044320]: DEBUG oslo_concurrency.processutils [None req-7373f4ef-4dcb-4895-8a57-36de850671fb None None] CMD "sudo cinder-rootwrap /etc/cinder/rootwrap.conf env LC_ALL=C lvs --noheadings --unit=g -o vg_name,name,size --nosuffix --readonly stack-volumes-lvmdriver-1" returned: 0 in 0.662s {{(pid=4044320) execute /usr/local/lib/python3.8/dist-packages/oslo_concurrency/processutils.py:422}}
Sep 12 19:19:00 datacore-PowerEdge-R740 cinder-volume[4044320]: DEBUG oslo_concurrency.processutils [None req-7373f4ef-4dcb-4895-8a57-36de850671fb None None] Running cmd (subprocess): sudo cinder-rootwrap /etc/cinder/rootwrap.conf env LC_ALL=C lvs --noheadings --unit=g -o size,data_percent --separator : --nosuffix /dev/stack-volumes-lvmdriver-1/stack-volumes-lvmdriver-1-pool {{(pid=4044320) execute /usr/local/lib/python3.8/dist-packages/oslo_concurrency/processutils.py:384}}
Sep 12 19:19:00 datacore-PowerEdge-R740 sudo[4044673]:    stack : TTY=unknown ; PWD=/ ; USER=root ; COMMAND=/usr/local/bin/cinder-rootwrap /etc/cinder/rootwrap.conf env LC_ALL=C lvs --noheadings --unit=g -o size,data_percent --separator : --nosuffix /dev/stack-volumes-lvmdriver-1/stack-volumes-lvmdriver-1-pool
Sep 12 19:19:00 datacore-PowerEdge-R740 sudo[4044673]: pam_unix(sudo:session): session opened for user root by (uid=0)
Sep 12 19:19:01 datacore-PowerEdge-R740 cinder-volume[4044091]: DEBUG dbcounter [-] [4044091] Writing DB stats cinder:SELECT=16,cinder:UPDATE=1 {{(pid=4044091) stat_writer /usr/local/lib/python3.8/dist-packages/dbcounter.py:114}}
Sep 12 19:19:01 datacore-PowerEdge-R740 sudo[4044673]: pam_unix(sudo:session): session closed for user root
Sep 12 19:19:01 datacore-PowerEdge-R740 cinder-volume[4044320]: DEBUG oslo_concurrency.processutils [None req-7373f4ef-4dcb-4895-8a57-36de850671fb None None] CMD "sudo cinder-rootwrap /etc/cinder/rootwrap.conf env LC_ALL=C lvs --noheadings --unit=g -o size,data_percent --separator : --nosuffix /dev/stack-volumes-lvmdriver-1/stack-volumes-lvmdriver-1-pool" returned: 0 in 0.660s {{(pid=4044320) execute /usr/local/lib/python3.8/dist-packages/oslo_concurrency/processutils.py:422}}
Sep 12 19:19:01 datacore-PowerEdge-R740 cinder-volume[4044320]: DEBUG oslo_concurrency.processutils [None req-7373f4ef-4dcb-4895-8a57-36de850671fb None None] Running cmd (subprocess): sudo cinder-rootwrap /etc/cinder/rootwrap.conf env LC_ALL=C lvs --noheadings --unit=g -o vg_name,name,size --nosuffix --readonly stack-volumes-lvmdriver-1 {{(pid=4044320) execute /usr/local/lib/python3.8/dist-packages/oslo_concurrency/processutils.py:384}}
Sep 12 19:19:01 datacore-PowerEdge-R740 sudo[4044682]:    stack : TTY=unknown ; PWD=/ ; USER=root ; COMMAND=/usr/local/bin/cinder-rootwrap /etc/cinder/rootwrap.conf env LC_ALL=C lvs --noheadings --unit=g -o vg_name,name,size --nosuffix --readonly stack-volumes-lvmdriver-1
Sep 12 19:19:01 datacore-PowerEdge-R740 sudo[4044682]: pam_unix(sudo:session): session opened for user root by (uid=0)
Sep 12 19:19:02 datacore-PowerEdge-R740 sudo[4044682]: pam_unix(sudo:session): session closed for user root
Sep 12 19:19:02 datacore-PowerEdge-R740 cinder-volume[4044320]: DEBUG oslo_concurrency.processutils [None req-7373f4ef-4dcb-4895-8a57-36de850671fb None None] CMD "sudo cinder-rootwrap /etc/cinder/rootwrap.conf env LC_ALL=C lvs --noheadings --unit=g -o vg_name,name,size --nosuffix --readonly stack-volumes-lvmdriver-1" returned: 0 in 0.666s {{(pid=4044320) execute /usr/local/lib/python3.8/dist-packages/oslo_concurrency/processutils.py:422}}
Sep 12 19:19:02 datacore-PowerEdge-R740 cinder-volume[4044320]: INFO cinder.volume.driver [None req-7373f4ef-4dcb-4895-8a57-36de850671fb None None] Driver hasn't implemented _init_vendor_properties()
Sep 12 19:19:02 datacore-PowerEdge-R740 cinder-volume[4044320]: DEBUG cinder.volume.driver [None req-7373f4ef-4dcb-4895-8a57-36de850671fb None None] Initialized capabilities list: {'volume_backend_name': 'lvmdriver-1', 'vendor_name': 'Open Source', 'driver_version': '3.0.0', 'storage_protocol': 'iSCSI', 'pools': [{'pool_name': 'lvmdriver-1', 'total_capacity_gb': 28.5, 'free_capacity_gb': 28.5, 'reserved_percentage': 0, 'location_info': 'LVMVolumeDriver:datacore-PowerEdge-R740:stack-volumes-lvmdriver-1:thin:0', 'QoS_support': False, 'provisioned_capacity_gb': 0.0, 'max_over_subscription_ratio': '20.0', 'thin_provisioning_support': True, 'thick_provisioning_support': False, 'total_volumes': 1, 'filter_function': None, 'goodness_function': None, 'multiattach': True, 'backend_state': 'up'}], 'shared_targets': False, 'sparse_copy_volume': True, 'properties': {'thin_provisioning': {'title': 'Thin Provisioning', 'description': 'Sets thin provisioning.', 'type': 'boolean'}, 'compression': {'title': 'Compression', 'description': 'Enables compression.', 'type': 'boolean'}, 'qos': {'title': 'QoS', 'description': 'Enables QoS.', 'type': 'boolean'}, 'replication_enabled': {'title': 'Replication', 'description': 'Enables replication.', 'type': 'boolean'}}}. {{(pid=4044320) init_capabilities /opt/stack/cinder/cinder/volume/driver.py:812}}
Sep 12 19:19:02 datacore-PowerEdge-R740 cinder-volume[4044320]: DEBUG oslo_db.sqlalchemy.engines [None req-7373f4ef-4dcb-4895-8a57-36de850671fb None None] MySQL server mode set to STRICT_TRANS_TABLES,STRICT_ALL_TABLES,NO_ZERO_IN_DATE,NO_ZERO_DATE,ERROR_FOR_DIVISION_BY_ZERO,TRADITIONAL,NO_ENGINE_SUBSTITUTION {{(pid=4044320) _check_effective_sql_mode /usr/local/lib/python3.8/dist-packages/oslo_db/sqlalchemy/engines.py:314}}
Sep 12 19:19:02 datacore-PowerEdge-R740 cinder-volume[4044320]: DEBUG dbcounter [-] [4044320] Writer thread running {{(pid=4044320) stat_writer /usr/local/lib/python3.8/dist-packages/dbcounter.py:99}}
Sep 12 19:19:02 datacore-PowerEdge-R740 cinder-volume[4044320]: DEBUG cinder.db.sqlalchemy.api [None req-7373f4ef-4dcb-4895-8a57-36de850671fb None None] Building query based on filter {{(pid=4044320) _process_snaps_filters /opt/stack/cinder/cinder/db/sqlalchemy/api.py:3885}}
Sep 12 19:19:02 datacore-PowerEdge-R740 cinder-volume[4044320]: DEBUG cinder.image.image_utils [None req-7373f4ef-4dcb-4895-8a57-36de850671fb None None] Configuration image_conversion_dir is None or the path doesn't exist. {{(pid=4044320) cleanup_temporary_file /opt/stack/cinder/cinder/image/image_utils.py:991}}
Sep 12 19:19:02 datacore-PowerEdge-R740 cinder-volume[4044320]: DEBUG cinder.volume.drivers.lvm [None req-7373f4ef-4dcb-4895-8a57-36de850671fb None None] Updating volume stats {{(pid=4044320) _update_volume_stats /opt/stack/cinder/cinder/volume/drivers/lvm.py:213}}
Sep 12 19:19:02 datacore-PowerEdge-R740 cinder-volume[4044320]: DEBUG oslo_concurrency.processutils [None req-7373f4ef-4dcb-4895-8a57-36de850671fb None None] Running cmd (subprocess): sudo cinder-rootwrap /etc/cinder/rootwrap.conf env LC_ALL=C vgs --noheadings --unit=g -o name,size,free,lv_count,uuid --separator : --nosuffix stack-volumes-lvmdriver-1 {{(pid=4044320) execute /usr/local/lib/python3.8/dist-packages/oslo_concurrency/processutils.py:384}}
Sep 12 19:19:02 datacore-PowerEdge-R740 cinder-volume[4044320]: INFO cinder.keymgr.migration [None req-ccec6e40-7dd2-4a90-ae93-295790ec10e2 None None] Not migrating encryption keys because the ConfKeyManager is still in use.
Sep 12 19:19:02 datacore-PowerEdge-R740 sudo[4044694]:    stack : TTY=unknown ; PWD=/ ; USER=root ; COMMAND=/usr/local/bin/cinder-rootwrap /etc/cinder/rootwrap.conf env LC_ALL=C vgs --noheadings --unit=g -o name,size,free,lv_count,uuid --separator : --nosuffix stack-volumes-lvmdriver-1
Sep 12 19:19:02 datacore-PowerEdge-R740 sudo[4044694]: pam_unix(sudo:session): session opened for user root by (uid=0)
Sep 12 19:19:02 datacore-PowerEdge-R740 sudo[4044694]: pam_unix(sudo:session): session closed for user root
Sep 12 19:19:02 datacore-PowerEdge-R740 cinder-volume[4044320]: DEBUG oslo_concurrency.processutils [None req-7373f4ef-4dcb-4895-8a57-36de850671fb None None] CMD "sudo cinder-rootwrap /etc/cinder/rootwrap.conf env LC_ALL=C vgs --noheadings --unit=g -o name,size,free,lv_count,uuid --separator : --nosuffix stack-volumes-lvmdriver-1" returned: 0 in 0.637s {{(pid=4044320) execute /usr/local/lib/python3.8/dist-packages/oslo_concurrency/processutils.py:422}}
Sep 12 19:19:02 datacore-PowerEdge-R740 cinder-volume[4044320]: DEBUG oslo_concurrency.processutils [None req-7373f4ef-4dcb-4895-8a57-36de850671fb None None] Running cmd (subprocess): sudo cinder-rootwrap /etc/cinder/rootwrap.conf env LC_ALL=C lvs --noheadings --unit=g -o vg_name,name,size --nosuffix --readonly stack-volumes-lvmdriver-1 {{(pid=4044320) execute /usr/local/lib/python3.8/dist-packages/oslo_concurrency/processutils.py:384}}
Sep 12 19:19:03 datacore-PowerEdge-R740 sudo[4044699]:    stack : TTY=unknown ; PWD=/ ; USER=root ; COMMAND=/usr/local/bin/cinder-rootwrap /etc/cinder/rootwrap.conf env LC_ALL=C lvs --noheadings --unit=g -o vg_name,name,size --nosuffix --readonly stack-volumes-lvmdriver-1
Sep 12 19:19:03 datacore-PowerEdge-R740 sudo[4044699]: pam_unix(sudo:session): session opened for user root by (uid=0)
Sep 12 19:19:03 datacore-PowerEdge-R740 sudo[4044699]: pam_unix(sudo:session): session closed for user root
Sep 12 19:19:03 datacore-PowerEdge-R740 cinder-volume[4044320]: DEBUG oslo_concurrency.processutils [None req-7373f4ef-4dcb-4895-8a57-36de850671fb None None] CMD "sudo cinder-rootwrap /etc/cinder/rootwrap.conf env LC_ALL=C lvs --noheadings --unit=g -o vg_name,name,size --nosuffix --readonly stack-volumes-lvmdriver-1" returned: 0 in 0.678s {{(pid=4044320) execute /usr/local/lib/python3.8/dist-packages/oslo_concurrency/processutils.py:422}}
Sep 12 19:19:03 datacore-PowerEdge-R740 cinder-volume[4044320]: DEBUG oslo_concurrency.processutils [None req-7373f4ef-4dcb-4895-8a57-36de850671fb None None] Running cmd (subprocess): sudo cinder-rootwrap /etc/cinder/rootwrap.conf env LC_ALL=C lvs --noheadings --unit=g -o size,data_percent --separator : --nosuffix /dev/stack-volumes-lvmdriver-1/stack-volumes-lvmdriver-1-pool {{(pid=4044320) execute /usr/local/lib/python3.8/dist-packages/oslo_concurrency/processutils.py:384}}
Sep 12 19:19:03 datacore-PowerEdge-R740 sudo[4044708]:    stack : TTY=unknown ; PWD=/ ; USER=root ; COMMAND=/usr/local/bin/cinder-rootwrap /etc/cinder/rootwrap.conf env LC_ALL=C lvs --noheadings --unit=g -o size,data_percent --separator : --nosuffix /dev/stack-volumes-lvmdriver-1/stack-volumes-lvmdriver-1-pool
Sep 12 19:19:03 datacore-PowerEdge-R740 sudo[4044708]: pam_unix(sudo:session): session opened for user root by (uid=0)
Sep 12 19:19:04 datacore-PowerEdge-R740 sudo[4044708]: pam_unix(sudo:session): session closed for user root
Sep 12 19:19:04 datacore-PowerEdge-R740 cinder-volume[4044320]: DEBUG oslo_concurrency.processutils [None req-7373f4ef-4dcb-4895-8a57-36de850671fb None None] CMD "sudo cinder-rootwrap /etc/cinder/rootwrap.conf env LC_ALL=C lvs --noheadings --unit=g -o size,data_percent --separator : --nosuffix /dev/stack-volumes-lvmdriver-1/stack-volumes-lvmdriver-1-pool" returned: 0 in 0.660s {{(pid=4044320) execute /usr/local/lib/python3.8/dist-packages/oslo_concurrency/processutils.py:422}}
Sep 12 19:19:04 datacore-PowerEdge-R740 cinder-volume[4044320]: DEBUG oslo_concurrency.processutils [None req-7373f4ef-4dcb-4895-8a57-36de850671fb None None] Running cmd (subprocess): sudo cinder-rootwrap /etc/cinder/rootwrap.conf env LC_ALL=C lvs --noheadings --unit=g -o vg_name,name,size --nosuffix --readonly stack-volumes-lvmdriver-1 {{(pid=4044320) execute /usr/local/lib/python3.8/dist-packages/oslo_concurrency/processutils.py:384}}
Sep 12 19:19:04 datacore-PowerEdge-R740 sudo[4044732]:    stack : TTY=unknown ; PWD=/ ; USER=root ; COMMAND=/usr/local/bin/cinder-rootwrap /etc/cinder/rootwrap.conf env LC_ALL=C lvs --noheadings --unit=g -o vg_name,name,size --nosuffix --readonly stack-volumes-lvmdriver-1
Sep 12 19:19:04 datacore-PowerEdge-R740 sudo[4044732]: pam_unix(sudo:session): session opened for user root by (uid=0)
Sep 12 19:19:04 datacore-PowerEdge-R740 sudo[4044732]: pam_unix(sudo:session): session closed for user root
Sep 12 19:19:04 datacore-PowerEdge-R740 cinder-volume[4044320]: DEBUG oslo_concurrency.processutils [None req-7373f4ef-4dcb-4895-8a57-36de850671fb None None] CMD "sudo cinder-rootwrap /etc/cinder/rootwrap.conf env LC_ALL=C lvs --noheadings --unit=g -o vg_name,name,size --nosuffix --readonly stack-volumes-lvmdriver-1" returned: 0 in 0.657s {{(pid=4044320) execute /usr/local/lib/python3.8/dist-packages/oslo_concurrency/processutils.py:422}}
Sep 12 19:19:05 datacore-PowerEdge-R740 cinder-volume[4044320]: DEBUG cinder.manager [None req-7373f4ef-4dcb-4895-8a57-36de850671fb None None] Notifying Schedulers of capabilities ... {{(pid=4044320) _publish_service_capabilities /opt/stack/cinder/cinder/manager.py:202}}
Sep 12 19:19:05 datacore-PowerEdge-R740 cinder-volume[4044320]: INFO cinder.volume.manager [None req-7373f4ef-4dcb-4895-8a57-36de850671fb None None] Driver initialization completed successfully.
Sep 12 19:19:05 datacore-PowerEdge-R740 cinder-volume[4044320]: INFO cinder.manager [None req-7373f4ef-4dcb-4895-8a57-36de850671fb None None] Initiating service 2 cleanup
Sep 12 19:19:05 datacore-PowerEdge-R740 cinder-volume[4044320]: INFO cinder.manager [None req-7373f4ef-4dcb-4895-8a57-36de850671fb None None] Service 2 cleanup completed.
Sep 12 19:19:05 datacore-PowerEdge-R740 cinder-volume[4044320]: DEBUG cinder.service [None req-7373f4ef-4dcb-4895-8a57-36de850671fb None None] Creating RPC server for service cinder-volume {{(pid=4044320) start /opt/stack/cinder/cinder/service.py:238}}
Sep 12 19:19:05 datacore-PowerEdge-R740 cinder-volume[4044320]: DEBUG cinder.service [None req-7373f4ef-4dcb-4895-8a57-36de850671fb None None] Pinning object versions for RPC server serializer to 1.39 {{(pid=4044320) start /opt/stack/cinder/cinder/service.py:244}}
Sep 12 19:19:05 datacore-PowerEdge-R740 cinder-volume[4044320]: INFO cinder.volume.manager [None req-7373f4ef-4dcb-4895-8a57-36de850671fb None None] Initializing RPC dependent components of volume driver LVMVolumeDriver (3.0.0)
Sep 12 19:19:05 datacore-PowerEdge-R740 cinder-volume[4044320]: DEBUG cinder.volume.drivers.lvm [None req-7373f4ef-4dcb-4895-8a57-36de850671fb None None] Updating volume stats {{(pid=4044320) _update_volume_stats /opt/stack/cinder/cinder/volume/drivers/lvm.py:213}}
Sep 12 19:19:05 datacore-PowerEdge-R740 cinder-volume[4044320]: DEBUG oslo_concurrency.processutils [None req-7373f4ef-4dcb-4895-8a57-36de850671fb None None] Running cmd (subprocess): sudo cinder-rootwrap /etc/cinder/rootwrap.conf env LC_ALL=C vgs --noheadings --unit=g -o name,size,free,lv_count,uuid --separator : --nosuffix stack-volumes-lvmdriver-1 {{(pid=4044320) execute /usr/local/lib/python3.8/dist-packages/oslo_concurrency/processutils.py:384}}
Sep 12 19:19:05 datacore-PowerEdge-R740 sudo[4044747]:    stack : TTY=unknown ; PWD=/ ; USER=root ; COMMAND=/usr/local/bin/cinder-rootwrap /etc/cinder/rootwrap.conf env LC_ALL=C vgs --noheadings --unit=g -o name,size,free,lv_count,uuid --separator : --nosuffix stack-volumes-lvmdriver-1
Sep 12 19:19:05 datacore-PowerEdge-R740 sudo[4044747]: pam_unix(sudo:session): session opened for user root by (uid=0)
