-- Logs begin at Mon 2022-06-27 23:09:16 IST, end at Tue 2022-06-28 01:57:41 IST. --
Jun 28 01:56:24 datacore-PowerEdge-R740 systemd[1]: Started Devstack devstack@c-vol.service.
Jun 28 01:56:27 datacore-PowerEdge-R740 cinder-volume[2466351]: DEBUG oslo_concurrency.lockutils [-] Acquired lock "singleton_lock" {{(pid=2466351) lock /usr/local/lib/python3.8/dist-packages/oslo_concurrency/lockutils.py:294}}
Jun 28 01:56:27 datacore-PowerEdge-R740 cinder-volume[2466351]: DEBUG oslo_concurrency.lockutils [-] Releasing lock "singleton_lock" {{(pid=2466351) lock /usr/local/lib/python3.8/dist-packages/oslo_concurrency/lockutils.py:312}}
Jun 28 01:56:27 datacore-PowerEdge-R740 cinder-volume[2466351]: INFO dbcounter [None req-83006595-8cb8-4b84-ad1d-b7fe5f44677d None None] Registered counter for database cinder
Jun 28 01:56:27 datacore-PowerEdge-R740 cinder-volume[2466351]: DEBUG oslo_db.sqlalchemy.engines [None req-83006595-8cb8-4b84-ad1d-b7fe5f44677d None None] MySQL server mode set to STRICT_TRANS_TABLES,STRICT_ALL_TABLES,NO_ZERO_IN_DATE,NO_ZERO_DATE,ERROR_FOR_DIVISION_BY_ZERO,TRADITIONAL,NO_ENGINE_SUBSTITUTION {{(pid=2466351) _check_effective_sql_mode /usr/local/lib/python3.8/dist-packages/oslo_db/sqlalchemy/engines.py:314}}
Jun 28 01:56:27 datacore-PowerEdge-R740 cinder-volume[2466351]: DEBUG dbcounter [-] [2466351] Writer thread running {{(pid=2466351) stat_writer /usr/local/lib/python3.8/dist-packages/dbcounter.py:99}}
Jun 28 01:56:27 datacore-PowerEdge-R740 cinder-volume[2466351]: INFO cinder.rpc [None req-83006595-8cb8-4b84-ad1d-b7fe5f44677d None None] Automatically selected cinder-scheduler objects version 1.39 as minimum service version.
Jun 28 01:56:27 datacore-PowerEdge-R740 cinder-volume[2466351]: INFO cinder.rpc [None req-83006595-8cb8-4b84-ad1d-b7fe5f44677d None None] Automatically selected cinder-scheduler RPC version 3.12 as minimum service version.
Jun 28 01:56:27 datacore-PowerEdge-R740 cinder-volume[2466351]: DEBUG oslo_db.sqlalchemy.engines [None req-83006595-8cb8-4b84-ad1d-b7fe5f44677d None None] MySQL server mode set to STRICT_TRANS_TABLES,STRICT_ALL_TABLES,NO_ZERO_IN_DATE,NO_ZERO_DATE,ERROR_FOR_DIVISION_BY_ZERO,TRADITIONAL,NO_ENGINE_SUBSTITUTION {{(pid=2466351) _check_effective_sql_mode /usr/local/lib/python3.8/dist-packages/oslo_db/sqlalchemy/engines.py:314}}
Jun 28 01:56:27 datacore-PowerEdge-R740 cinder-volume[2466351]: INFO cinder.volume.manager [None req-83006595-8cb8-4b84-ad1d-b7fe5f44677d None None] Determined volume DB was not empty at startup.
Jun 28 01:56:27 datacore-PowerEdge-R740 cinder-volume[2466351]: DEBUG cinder.volume.manager [None req-83006595-8cb8-4b84-ad1d-b7fe5f44677d None None] Cinder Volume DB check: vol_db_empty=False {{(pid=2466351) __init__ /opt/stack/cinder/cinder/volume/manager.py:290}}
Jun 28 01:56:27 datacore-PowerEdge-R740 cinder-volume[2466351]: WARNING stevedore.named [None req-83006595-8cb8-4b84-ad1d-b7fe5f44677d None None] Could not load cinder.keymgr.conf_key_mgr.ConfKeyManager
Jun 28 01:56:27 datacore-PowerEdge-R740 cinder-volume[2466351]: WARNING castellan.key_manager [None req-83006595-8cb8-4b84-ad1d-b7fe5f44677d None None] Deprecation Warning : cinder.keymgr.conf_key_mgr.ConfKeyManager is not a stevedore based driver, trying to load it as a class: stevedore.exception.NoMatches: No 'castellan.drivers' driver found, looking for 'cinder.keymgr.conf_key_mgr.ConfKeyManager'
Jun 28 01:56:27 datacore-PowerEdge-R740 cinder-volume[2466351]: WARNING cinder.keymgr.conf_key_mgr [None req-83006595-8cb8-4b84-ad1d-b7fe5f44677d None None] This key manager is insecure and is not recommended for production deployments: stevedore.exception.NoMatches: No 'castellan.drivers' driver found, looking for 'cinder.keymgr.conf_key_mgr.ConfKeyManager'
Jun 28 01:56:27 datacore-PowerEdge-R740 cinder-volume[2466351]: ERROR cinder.cmd.volume [None req-83006595-8cb8-4b84-ad1d-b7fe5f44677d None None] Volume service hostgroup@datacore_iscsi1 failed to start.: ModuleNotFoundError: No module named 'cinder.volume.drivers.datacore.iscsi'
Jun 28 01:56:27 datacore-PowerEdge-R740 cinder-volume[2466351]: ERROR cinder.cmd.volume Traceback (most recent call last):
Jun 28 01:56:27 datacore-PowerEdge-R740 cinder-volume[2466351]: ERROR cinder.cmd.volume   File "/opt/stack/cinder/cinder/cmd/volume.py", line 99, in _launch_service
Jun 28 01:56:27 datacore-PowerEdge-R740 cinder-volume[2466351]: ERROR cinder.cmd.volume     server = service.Service.create(host=host,
Jun 28 01:56:27 datacore-PowerEdge-R740 cinder-volume[2466351]: ERROR cinder.cmd.volume   File "/opt/stack/cinder/cinder/service.py", line 394, in create
Jun 28 01:56:27 datacore-PowerEdge-R740 cinder-volume[2466351]: ERROR cinder.cmd.volume     service_obj = cls(host, binary, topic, manager,
Jun 28 01:56:27 datacore-PowerEdge-R740 cinder-volume[2466351]: ERROR cinder.cmd.volume   File "/opt/stack/cinder/cinder/service.py", line 152, in __init__
Jun 28 01:56:27 datacore-PowerEdge-R740 cinder-volume[2466351]: ERROR cinder.cmd.volume     self.manager = manager_class(host=self.host,
Jun 28 01:56:27 datacore-PowerEdge-R740 cinder-volume[2466351]: ERROR cinder.cmd.volume   File "/opt/stack/cinder/cinder/volume/manager.py", line 313, in __init__
Jun 28 01:56:27 datacore-PowerEdge-R740 cinder-volume[2466351]: ERROR cinder.cmd.volume     self.driver = importutils.import_object(
Jun 28 01:56:27 datacore-PowerEdge-R740 cinder-volume[2466351]: ERROR cinder.cmd.volume   File "/usr/local/lib/python3.8/dist-packages/oslo_utils/importutils.py", line 44, in import_object
Jun 28 01:56:27 datacore-PowerEdge-R740 cinder-volume[2466351]: ERROR cinder.cmd.volume     return import_class(import_str)(*args, **kwargs)
Jun 28 01:56:27 datacore-PowerEdge-R740 cinder-volume[2466351]: ERROR cinder.cmd.volume   File "/usr/local/lib/python3.8/dist-packages/oslo_utils/importutils.py", line 30, in import_class
Jun 28 01:56:27 datacore-PowerEdge-R740 cinder-volume[2466351]: ERROR cinder.cmd.volume     __import__(mod_str)
Jun 28 01:56:27 datacore-PowerEdge-R740 cinder-volume[2466351]: ERROR cinder.cmd.volume ModuleNotFoundError: No module named 'cinder.volume.drivers.datacore.iscsi'
Jun 28 01:56:27 datacore-PowerEdge-R740 cinder-volume[2466351]: ERROR cinder.cmd.volume 
Jun 28 01:56:27 datacore-PowerEdge-R740 cinder-volume[2466351]: ERROR cinder.cmd.volume [None req-83006595-8cb8-4b84-ad1d-b7fe5f44677d None None] No volume service(s) started successfully, terminating.
Jun 28 01:56:27 datacore-PowerEdge-R740 cinder-volume[2466351]: /usr/lib/python3/dist-packages/secretstorage/dhcrypto.py:15: CryptographyDeprecationWarning: int_from_bytes is deprecated, use int.from_bytes instead
Jun 28 01:56:27 datacore-PowerEdge-R740 cinder-volume[2466351]:   from cryptography.utils import int_from_bytes
Jun 28 01:56:27 datacore-PowerEdge-R740 cinder-volume[2466351]: /usr/lib/python3/dist-packages/secretstorage/util.py:19: CryptographyDeprecationWarning: int_from_bytes is deprecated, use int.from_bytes instead
Jun 28 01:56:27 datacore-PowerEdge-R740 cinder-volume[2466351]:   from cryptography.utils import int_from_bytes
Jun 28 01:56:27 datacore-PowerEdge-R740 cinder-volume[2466351]: /opt/stack/cinder/cinder/db/sqlalchemy/models.py:152: SAWarning: implicitly coercing SELECT object to scalar subquery; please use the .scalar_subquery() method to produce a scalar subquery.
Jun 28 01:56:27 datacore-PowerEdge-R740 cinder-volume[2466351]:   last_heartbeat = column_property(
Jun 28 01:56:27 datacore-PowerEdge-R740 cinder-volume[2466351]: /opt/stack/cinder/cinder/db/sqlalchemy/models.py:160: SAWarning: implicitly coercing SELECT object to scalar subquery; please use the .scalar_subquery() method to produce a scalar subquery.
Jun 28 01:56:27 datacore-PowerEdge-R740 cinder-volume[2466351]:   num_hosts = column_property(
Jun 28 01:56:27 datacore-PowerEdge-R740 cinder-volume[2466351]: /opt/stack/cinder/cinder/db/sqlalchemy/models.py:169: SAWarning: implicitly coercing SELECT object to scalar subquery; please use the .scalar_subquery() method to produce a scalar subquery.
Jun 28 01:56:27 datacore-PowerEdge-R740 cinder-volume[2466351]:   num_down_hosts = column_property(
Jun 28 01:56:28 datacore-PowerEdge-R740 systemd[1]: devstack@c-vol.service: Main process exited, code=exited, status=1/FAILURE
Jun 28 01:56:28 datacore-PowerEdge-R740 systemd[1]: devstack@c-vol.service: Failed with result 'exit-code'.
Jun 28 01:56:39 datacore-PowerEdge-R740 systemd[1]: Started Devstack devstack@c-vol.service.
Jun 28 01:56:41 datacore-PowerEdge-R740 cinder-volume[2466921]: DEBUG oslo_concurrency.lockutils [-] Acquired lock "singleton_lock" {{(pid=2466921) lock /usr/local/lib/python3.8/dist-packages/oslo_concurrency/lockutils.py:294}}
Jun 28 01:56:41 datacore-PowerEdge-R740 cinder-volume[2466921]: DEBUG oslo_concurrency.lockutils [-] Releasing lock "singleton_lock" {{(pid=2466921) lock /usr/local/lib/python3.8/dist-packages/oslo_concurrency/lockutils.py:312}}
Jun 28 01:56:41 datacore-PowerEdge-R740 cinder-volume[2466921]: INFO dbcounter [None req-95add30a-433e-4cdf-a36d-1d59e6ab8167 None None] Registered counter for database cinder
Jun 28 01:56:42 datacore-PowerEdge-R740 cinder-volume[2466921]: DEBUG oslo_db.sqlalchemy.engines [None req-95add30a-433e-4cdf-a36d-1d59e6ab8167 None None] MySQL server mode set to STRICT_TRANS_TABLES,STRICT_ALL_TABLES,NO_ZERO_IN_DATE,NO_ZERO_DATE,ERROR_FOR_DIVISION_BY_ZERO,TRADITIONAL,NO_ENGINE_SUBSTITUTION {{(pid=2466921) _check_effective_sql_mode /usr/local/lib/python3.8/dist-packages/oslo_db/sqlalchemy/engines.py:314}}
Jun 28 01:56:42 datacore-PowerEdge-R740 cinder-volume[2466921]: DEBUG dbcounter [-] [2466921] Writer thread running {{(pid=2466921) stat_writer /usr/local/lib/python3.8/dist-packages/dbcounter.py:99}}
Jun 28 01:56:42 datacore-PowerEdge-R740 cinder-volume[2466921]: INFO cinder.rpc [None req-95add30a-433e-4cdf-a36d-1d59e6ab8167 None None] Automatically selected cinder-scheduler objects version 1.39 as minimum service version.
Jun 28 01:56:42 datacore-PowerEdge-R740 cinder-volume[2466921]: INFO cinder.rpc [None req-95add30a-433e-4cdf-a36d-1d59e6ab8167 None None] Automatically selected cinder-scheduler RPC version 3.12 as minimum service version.
Jun 28 01:56:42 datacore-PowerEdge-R740 cinder-volume[2466921]: DEBUG oslo_db.sqlalchemy.engines [None req-95add30a-433e-4cdf-a36d-1d59e6ab8167 None None] MySQL server mode set to STRICT_TRANS_TABLES,STRICT_ALL_TABLES,NO_ZERO_IN_DATE,NO_ZERO_DATE,ERROR_FOR_DIVISION_BY_ZERO,TRADITIONAL,NO_ENGINE_SUBSTITUTION {{(pid=2466921) _check_effective_sql_mode /usr/local/lib/python3.8/dist-packages/oslo_db/sqlalchemy/engines.py:314}}
Jun 28 01:56:42 datacore-PowerEdge-R740 cinder-volume[2466921]: INFO cinder.volume.manager [None req-95add30a-433e-4cdf-a36d-1d59e6ab8167 None None] Determined volume DB was not empty at startup.
Jun 28 01:56:42 datacore-PowerEdge-R740 cinder-volume[2466921]: DEBUG cinder.volume.manager [None req-95add30a-433e-4cdf-a36d-1d59e6ab8167 None None] Cinder Volume DB check: vol_db_empty=False {{(pid=2466921) __init__ /opt/stack/cinder/cinder/volume/manager.py:290}}
Jun 28 01:56:42 datacore-PowerEdge-R740 cinder-volume[2466921]: WARNING stevedore.named [None req-95add30a-433e-4cdf-a36d-1d59e6ab8167 None None] Could not load cinder.keymgr.conf_key_mgr.ConfKeyManager
Jun 28 01:56:42 datacore-PowerEdge-R740 cinder-volume[2466921]: WARNING castellan.key_manager [None req-95add30a-433e-4cdf-a36d-1d59e6ab8167 None None] Deprecation Warning : cinder.keymgr.conf_key_mgr.ConfKeyManager is not a stevedore based driver, trying to load it as a class: stevedore.exception.NoMatches: No 'castellan.drivers' driver found, looking for 'cinder.keymgr.conf_key_mgr.ConfKeyManager'
Jun 28 01:56:42 datacore-PowerEdge-R740 cinder-volume[2466921]: WARNING cinder.keymgr.conf_key_mgr [None req-95add30a-433e-4cdf-a36d-1d59e6ab8167 None None] This key manager is insecure and is not recommended for production deployments: stevedore.exception.NoMatches: No 'castellan.drivers' driver found, looking for 'cinder.keymgr.conf_key_mgr.ConfKeyManager'
Jun 28 01:56:42 datacore-PowerEdge-R740 cinder-volume[2466921]: ERROR cinder.cmd.volume [None req-95add30a-433e-4cdf-a36d-1d59e6ab8167 None None] Volume service hostgroup@datacore_iscsi1 failed to start.: ModuleNotFoundError: No module named 'cinder.volume.drivers.datacore.iscsi'
Jun 28 01:56:42 datacore-PowerEdge-R740 cinder-volume[2466921]: ERROR cinder.cmd.volume Traceback (most recent call last):
Jun 28 01:56:42 datacore-PowerEdge-R740 cinder-volume[2466921]: ERROR cinder.cmd.volume   File "/opt/stack/cinder/cinder/cmd/volume.py", line 99, in _launch_service
Jun 28 01:56:42 datacore-PowerEdge-R740 cinder-volume[2466921]: ERROR cinder.cmd.volume     server = service.Service.create(host=host,
Jun 28 01:56:42 datacore-PowerEdge-R740 cinder-volume[2466921]: ERROR cinder.cmd.volume   File "/opt/stack/cinder/cinder/service.py", line 394, in create
Jun 28 01:56:42 datacore-PowerEdge-R740 cinder-volume[2466921]: ERROR cinder.cmd.volume     service_obj = cls(host, binary, topic, manager,
Jun 28 01:56:42 datacore-PowerEdge-R740 cinder-volume[2466921]: ERROR cinder.cmd.volume   File "/opt/stack/cinder/cinder/service.py", line 152, in __init__
Jun 28 01:56:42 datacore-PowerEdge-R740 cinder-volume[2466921]: ERROR cinder.cmd.volume     self.manager = manager_class(host=self.host,
Jun 28 01:56:42 datacore-PowerEdge-R740 cinder-volume[2466921]: ERROR cinder.cmd.volume   File "/opt/stack/cinder/cinder/volume/manager.py", line 313, in __init__
Jun 28 01:56:42 datacore-PowerEdge-R740 cinder-volume[2466921]: ERROR cinder.cmd.volume     self.driver = importutils.import_object(
Jun 28 01:56:42 datacore-PowerEdge-R740 cinder-volume[2466921]: ERROR cinder.cmd.volume   File "/usr/local/lib/python3.8/dist-packages/oslo_utils/importutils.py", line 44, in import_object
Jun 28 01:56:42 datacore-PowerEdge-R740 cinder-volume[2466921]: ERROR cinder.cmd.volume     return import_class(import_str)(*args, **kwargs)
Jun 28 01:56:42 datacore-PowerEdge-R740 cinder-volume[2466921]: ERROR cinder.cmd.volume   File "/usr/local/lib/python3.8/dist-packages/oslo_utils/importutils.py", line 30, in import_class
Jun 28 01:56:42 datacore-PowerEdge-R740 cinder-volume[2466921]: ERROR cinder.cmd.volume     __import__(mod_str)
Jun 28 01:56:42 datacore-PowerEdge-R740 cinder-volume[2466921]: ERROR cinder.cmd.volume ModuleNotFoundError: No module named 'cinder.volume.drivers.datacore.iscsi'
Jun 28 01:56:42 datacore-PowerEdge-R740 cinder-volume[2466921]: ERROR cinder.cmd.volume 
Jun 28 01:56:42 datacore-PowerEdge-R740 cinder-volume[2466921]: ERROR cinder.cmd.volume [None req-95add30a-433e-4cdf-a36d-1d59e6ab8167 None None] No volume service(s) started successfully, terminating.
Jun 28 01:56:42 datacore-PowerEdge-R740 cinder-volume[2466921]: /usr/lib/python3/dist-packages/secretstorage/dhcrypto.py:15: CryptographyDeprecationWarning: int_from_bytes is deprecated, use int.from_bytes instead
Jun 28 01:56:42 datacore-PowerEdge-R740 cinder-volume[2466921]:   from cryptography.utils import int_from_bytes
Jun 28 01:56:42 datacore-PowerEdge-R740 cinder-volume[2466921]: /usr/lib/python3/dist-packages/secretstorage/util.py:19: CryptographyDeprecationWarning: int_from_bytes is deprecated, use int.from_bytes instead
Jun 28 01:56:42 datacore-PowerEdge-R740 cinder-volume[2466921]:   from cryptography.utils import int_from_bytes
Jun 28 01:56:42 datacore-PowerEdge-R740 cinder-volume[2466921]: /opt/stack/cinder/cinder/db/sqlalchemy/models.py:152: SAWarning: implicitly coercing SELECT object to scalar subquery; please use the .scalar_subquery() method to produce a scalar subquery.
Jun 28 01:56:42 datacore-PowerEdge-R740 cinder-volume[2466921]:   last_heartbeat = column_property(
Jun 28 01:56:42 datacore-PowerEdge-R740 cinder-volume[2466921]: /opt/stack/cinder/cinder/db/sqlalchemy/models.py:160: SAWarning: implicitly coercing SELECT object to scalar subquery; please use the .scalar_subquery() method to produce a scalar subquery.
Jun 28 01:56:42 datacore-PowerEdge-R740 cinder-volume[2466921]:   num_hosts = column_property(
Jun 28 01:56:42 datacore-PowerEdge-R740 cinder-volume[2466921]: /opt/stack/cinder/cinder/db/sqlalchemy/models.py:169: SAWarning: implicitly coercing SELECT object to scalar subquery; please use the .scalar_subquery() method to produce a scalar subquery.
Jun 28 01:56:42 datacore-PowerEdge-R740 cinder-volume[2466921]:   num_down_hosts = column_property(
Jun 28 01:56:43 datacore-PowerEdge-R740 systemd[1]: devstack@c-vol.service: Main process exited, code=exited, status=1/FAILURE
Jun 28 01:56:43 datacore-PowerEdge-R740 systemd[1]: devstack@c-vol.service: Failed with result 'exit-code'.
