Source the openrc file
WARNING: setting legacy OS_TENANT_NAME to support cli tools.
Patch Details: GERRIT_CHANGE_NUMBER: 790535 GERRIT_PATCHSET_NUMBER: 42 GERRIT_REFSPEC: refs/changes/35/790535/42
Updating cinder code
Waiting for patchset. FROM_JENKINS: 1073959FROM_JENKINS
Switched to branch 'master'
Your branch is up to date with 'origin/master'.
git checkout cinder master Success
From https://opendev.org/openstack/cinder
   90e14e662..2774c2537  master     -> origin/master
Updating 90e14e662..2774c2537
Fast-forward
 cinder/api/api_utils.py | 53 +++++++++++++++++++++++++++++++++++--------------
 mypy-files.txt          |  1 +
 2 files changed, 39 insertions(+), 15 deletions(-)
git pull Success
changeBranch: change-790535-42
From https://opendev.org/openstack/cinder
 * [new ref]             refs/changes/35/790535/42 -> change-790535-42
git fetch origin refs/changes/35/790535/42:change-790535-42 Success
Switched to branch 'change-790535-42'
git checkout change-790535-42 Success
Already up to date.
checkout patchset [ PASSED ]
Clearing logs
/tmp/ci-result-1655839886900
Starting iSCSI Test configuration
Updating cinder.conf with iSCSI driver details [ PASSED ]
Restarting devstack services
Cinder volume service [ FAILED ]
Already up to date.
Updating cinder-tempest-logs repo [ PASSED ]
