Source the openrc file
WARNING: setting legacy OS_TENANT_NAME to support cli tools.
Patch Details: GERRIT_CHANGE_NUMBER: 847620 GERRIT_PATCHSET_NUMBER: 2 GERRIT_REFSPEC: refs/changes/20/847620/2
Updating cinder code
Waiting for patchset. FROM_JENKINS: 1
Switched to branch 'master'
Your branch is up to date with 'origin/master'.
git checkout cinder master Success
Already up to date.
git pull Success
changeBranch: change-847620-2
From https://opendev.org/openstack/cinder
 * [new ref]             refs/changes/20/847620/2 -> change-847620-2
git fetch origin refs/changes/20/847620/2:change-847620-2 Success
Switched to branch 'change-847620-2'
git checkout change-847620-2 Success
From https://opendev.org/openstack/tempest
   3857a50f7..04de8ab3f  master     -> origin/master
Updating 3857a50f7..04de8ab3f
Fast-forward
 zuul.d/project.yaml | 3 ++-
 1 file changed, 2 insertions(+), 1 deletion(-)
checkout patchset [ PASSED ]
Clearing logs
/tmp/ci-result-1656170136005
Starting iSCSI Test configuration
Updating cinder.conf with iSCSI driver details [ PASSED ]
Restarting devstack services
Cinder volume service [ FAILED ]
Already up to date.
Updating cinder-tempest-logs repo [ PASSED ]
