-- Logs begin at Tue 2022-09-13 23:51:33 IST, end at Tue 2022-09-13 23:51:43 IST. --
Sep 13 23:51:33 datacore-PowerEdge-R740 sudo[1291144]: pam_unix(sudo:session): session closed for user root
Sep 13 23:51:33 datacore-PowerEdge-R740 cinder-volume[1290963]: DEBUG oslo_concurrency.processutils [None req-3872ee51-b203-404a-9b19-3e82971a0d82 None None] CMD "sudo cinder-rootwrap /etc/cinder/rootwrap.conf env LC_ALL=C pvs --noheadings --unit=g -o vg_name,name,size,free --separator | --nosuffix --ignoreskippedcluster" returned: 0 in 0.718s {{(pid=1290963) execute /usr/local/lib/python3.8/dist-packages/oslo_concurrency/processutils.py:422}}
Sep 13 23:51:33 datacore-PowerEdge-R740 cinder-volume[1290963]: DEBUG oslo_concurrency.processutils [None req-3872ee51-b203-404a-9b19-3e82971a0d82 None None] Running cmd (subprocess): sudo cinder-rootwrap /etc/cinder/rootwrap.conf env LC_ALL=C vgs --noheadings --unit=g -o name,size,free,lv_count,uuid --separator : --nosuffix stack-volumes-lvmdriver-1 {{(pid=1290963) execute /usr/local/lib/python3.8/dist-packages/oslo_concurrency/processutils.py:384}}
Sep 13 23:51:33 datacore-PowerEdge-R740 sudo[1291218]:    stack : TTY=unknown ; PWD=/ ; USER=root ; COMMAND=/usr/local/bin/cinder-rootwrap /etc/cinder/rootwrap.conf env LC_ALL=C vgs --noheadings --unit=g -o name,size,free,lv_count,uuid --separator : --nosuffix stack-volumes-lvmdriver-1
Sep 13 23:51:33 datacore-PowerEdge-R740 sudo[1291218]: pam_unix(sudo:session): session opened for user root by (uid=0)
Sep 13 23:51:34 datacore-PowerEdge-R740 sudo[1291218]: pam_unix(sudo:session): session closed for user root
Sep 13 23:51:34 datacore-PowerEdge-R740 cinder-volume[1290963]: DEBUG oslo_concurrency.processutils [None req-3872ee51-b203-404a-9b19-3e82971a0d82 None None] CMD "sudo cinder-rootwrap /etc/cinder/rootwrap.conf env LC_ALL=C vgs --noheadings --unit=g -o name,size,free,lv_count,uuid --separator : --nosuffix stack-volumes-lvmdriver-1" returned: 0 in 0.755s {{(pid=1290963) execute /usr/local/lib/python3.8/dist-packages/oslo_concurrency/processutils.py:422}}
Sep 13 23:51:34 datacore-PowerEdge-R740 cinder-volume[1290963]: DEBUG oslo_concurrency.processutils [None req-3872ee51-b203-404a-9b19-3e82971a0d82 None None] Running cmd (subprocess): sudo cinder-rootwrap /etc/cinder/rootwrap.conf env LC_ALL=C vgs --noheadings --unit=g -o name,size,free,lv_count,uuid --separator : --nosuffix stack-volumes-lvmdriver-1 {{(pid=1290963) execute /usr/local/lib/python3.8/dist-packages/oslo_concurrency/processutils.py:384}}
Sep 13 23:51:34 datacore-PowerEdge-R740 sudo[1291254]:    stack : TTY=unknown ; PWD=/ ; USER=root ; COMMAND=/usr/local/bin/cinder-rootwrap /etc/cinder/rootwrap.conf env LC_ALL=C vgs --noheadings --unit=g -o name,size,free,lv_count,uuid --separator : --nosuffix stack-volumes-lvmdriver-1
Sep 13 23:51:34 datacore-PowerEdge-R740 sudo[1291254]: pam_unix(sudo:session): session opened for user root by (uid=0)
Sep 13 23:51:35 datacore-PowerEdge-R740 sudo[1291254]: pam_unix(sudo:session): session closed for user root
Sep 13 23:51:35 datacore-PowerEdge-R740 cinder-volume[1290963]: DEBUG oslo_concurrency.processutils [None req-3872ee51-b203-404a-9b19-3e82971a0d82 None None] CMD "sudo cinder-rootwrap /etc/cinder/rootwrap.conf env LC_ALL=C vgs --noheadings --unit=g -o name,size,free,lv_count,uuid --separator : --nosuffix stack-volumes-lvmdriver-1" returned: 0 in 0.617s {{(pid=1290963) execute /usr/local/lib/python3.8/dist-packages/oslo_concurrency/processutils.py:422}}
Sep 13 23:51:35 datacore-PowerEdge-R740 cinder-volume[1290963]: DEBUG oslo_concurrency.processutils [None req-3872ee51-b203-404a-9b19-3e82971a0d82 None None] Running cmd (subprocess): sudo cinder-rootwrap /etc/cinder/rootwrap.conf env LC_ALL=C lvs --noheadings --unit=g -o vg_name,name,size --nosuffix --readonly stack-volumes-lvmdriver-1 {{(pid=1290963) execute /usr/local/lib/python3.8/dist-packages/oslo_concurrency/processutils.py:384}}
Sep 13 23:51:35 datacore-PowerEdge-R740 sudo[1291260]:    stack : TTY=unknown ; PWD=/ ; USER=root ; COMMAND=/usr/local/bin/cinder-rootwrap /etc/cinder/rootwrap.conf env LC_ALL=C lvs --noheadings --unit=g -o vg_name,name,size --nosuffix --readonly stack-volumes-lvmdriver-1
Sep 13 23:51:35 datacore-PowerEdge-R740 sudo[1291260]: pam_unix(sudo:session): session opened for user root by (uid=0)
Sep 13 23:51:35 datacore-PowerEdge-R740 sudo[1291260]: pam_unix(sudo:session): session closed for user root
Sep 13 23:51:35 datacore-PowerEdge-R740 cinder-volume[1290963]: DEBUG oslo_concurrency.processutils [None req-3872ee51-b203-404a-9b19-3e82971a0d82 None None] CMD "sudo cinder-rootwrap /etc/cinder/rootwrap.conf env LC_ALL=C lvs --noheadings --unit=g -o vg_name,name,size --nosuffix --readonly stack-volumes-lvmdriver-1" returned: 0 in 0.640s {{(pid=1290963) execute /usr/local/lib/python3.8/dist-packages/oslo_concurrency/processutils.py:422}}
Sep 13 23:51:35 datacore-PowerEdge-R740 cinder-volume[1290963]: DEBUG oslo_concurrency.processutils [None req-3872ee51-b203-404a-9b19-3e82971a0d82 None None] Running cmd (subprocess): sudo cinder-rootwrap /etc/cinder/rootwrap.conf env LC_ALL=C lvs --noheadings --unit=g -o size,data_percent --separator : --nosuffix /dev/stack-volumes-lvmdriver-1/stack-volumes-lvmdriver-1-pool {{(pid=1290963) execute /usr/local/lib/python3.8/dist-packages/oslo_concurrency/processutils.py:384}}
Sep 13 23:51:35 datacore-PowerEdge-R740 sudo[1291264]:    stack : TTY=unknown ; PWD=/ ; USER=root ; COMMAND=/usr/local/bin/cinder-rootwrap /etc/cinder/rootwrap.conf env LC_ALL=C lvs --noheadings --unit=g -o size,data_percent --separator : --nosuffix /dev/stack-volumes-lvmdriver-1/stack-volumes-lvmdriver-1-pool
Sep 13 23:51:35 datacore-PowerEdge-R740 sudo[1291264]: pam_unix(sudo:session): session opened for user root by (uid=0)
Sep 13 23:51:36 datacore-PowerEdge-R740 sudo[1291264]: pam_unix(sudo:session): session closed for user root
Sep 13 23:51:36 datacore-PowerEdge-R740 cinder-volume[1290963]: DEBUG oslo_concurrency.processutils [None req-3872ee51-b203-404a-9b19-3e82971a0d82 None None] CMD "sudo cinder-rootwrap /etc/cinder/rootwrap.conf env LC_ALL=C lvs --noheadings --unit=g -o size,data_percent --separator : --nosuffix /dev/stack-volumes-lvmdriver-1/stack-volumes-lvmdriver-1-pool" returned: 0 in 0.635s {{(pid=1290963) execute /usr/local/lib/python3.8/dist-packages/oslo_concurrency/processutils.py:422}}
Sep 13 23:51:36 datacore-PowerEdge-R740 cinder-volume[1290963]: DEBUG oslo_concurrency.processutils [None req-3872ee51-b203-404a-9b19-3e82971a0d82 None None] Running cmd (subprocess): env LC_ALL=C lvm version {{(pid=1290963) execute /usr/local/lib/python3.8/dist-packages/oslo_concurrency/processutils.py:384}}
Sep 13 23:51:36 datacore-PowerEdge-R740 cinder-volume[1290963]: DEBUG oslo_concurrency.processutils [None req-3872ee51-b203-404a-9b19-3e82971a0d82 None None] CMD "env LC_ALL=C lvm version" returned: 0 in 0.020s {{(pid=1290963) execute /usr/local/lib/python3.8/dist-packages/oslo_concurrency/processutils.py:422}}
Sep 13 23:51:36 datacore-PowerEdge-R740 cinder-volume[1290963]: DEBUG oslo_concurrency.processutils [None req-3872ee51-b203-404a-9b19-3e82971a0d82 None None] Running cmd (subprocess): sudo cinder-rootwrap /etc/cinder/rootwrap.conf env LC_ALL=C lvs --noheadings --unit=g -o vg_name,name,size --nosuffix --readonly stack-volumes-lvmdriver-1/stack-volumes-lvmdriver-1-pool {{(pid=1290963) execute /usr/local/lib/python3.8/dist-packages/oslo_concurrency/processutils.py:384}}
Sep 13 23:51:36 datacore-PowerEdge-R740 sudo[1291269]:    stack : TTY=unknown ; PWD=/ ; USER=root ; COMMAND=/usr/local/bin/cinder-rootwrap /etc/cinder/rootwrap.conf env LC_ALL=C lvs --noheadings --unit=g -o vg_name,name,size --nosuffix --readonly stack-volumes-lvmdriver-1/stack-volumes-lvmdriver-1-pool
Sep 13 23:51:36 datacore-PowerEdge-R740 sudo[1291269]: pam_unix(sudo:session): session opened for user root by (uid=0)
Sep 13 23:51:37 datacore-PowerEdge-R740 sudo[1291269]: pam_unix(sudo:session): session closed for user root
Sep 13 23:51:37 datacore-PowerEdge-R740 cinder-volume[1290963]: DEBUG oslo_concurrency.processutils [None req-3872ee51-b203-404a-9b19-3e82971a0d82 None None] CMD "sudo cinder-rootwrap /etc/cinder/rootwrap.conf env LC_ALL=C lvs --noheadings --unit=g -o vg_name,name,size --nosuffix --readonly stack-volumes-lvmdriver-1/stack-volumes-lvmdriver-1-pool" returned: 0 in 0.609s {{(pid=1290963) execute /usr/local/lib/python3.8/dist-packages/oslo_concurrency/processutils.py:422}}
Sep 13 23:51:37 datacore-PowerEdge-R740 cinder-volume[1290963]: INFO cinder.volume.drivers.lvm [None req-3872ee51-b203-404a-9b19-3e82971a0d82 None None] Enabling LVM thin provisioning by default because a thin pool exists.
Sep 13 23:51:37 datacore-PowerEdge-R740 cinder-volume[1290963]: DEBUG oslo_concurrency.processutils [None req-3872ee51-b203-404a-9b19-3e82971a0d82 None None] Running cmd (subprocess): env LC_ALL=C lvm version {{(pid=1290963) execute /usr/local/lib/python3.8/dist-packages/oslo_concurrency/processutils.py:384}}
Sep 13 23:51:37 datacore-PowerEdge-R740 cinder-volume[1290963]: DEBUG oslo_concurrency.processutils [None req-3872ee51-b203-404a-9b19-3e82971a0d82 None None] CMD "env LC_ALL=C lvm version" returned: 0 in 0.015s {{(pid=1290963) execute /usr/local/lib/python3.8/dist-packages/oslo_concurrency/processutils.py:422}}
Sep 13 23:51:37 datacore-PowerEdge-R740 cinder-volume[1290963]: DEBUG oslo_concurrency.processutils [None req-3872ee51-b203-404a-9b19-3e82971a0d82 None None] Running cmd (subprocess): sudo cinder-rootwrap /etc/cinder/rootwrap.conf env LC_ALL=C lvs --noheadings --unit=g -o vg_name,name,size --nosuffix --readonly stack-volumes-lvmdriver-1/stack-volumes-lvmdriver-1-pool {{(pid=1290963) execute /usr/local/lib/python3.8/dist-packages/oslo_concurrency/processutils.py:384}}
Sep 13 23:51:37 datacore-PowerEdge-R740 sudo[1291274]:    stack : TTY=unknown ; PWD=/ ; USER=root ; COMMAND=/usr/local/bin/cinder-rootwrap /etc/cinder/rootwrap.conf env LC_ALL=C lvs --noheadings --unit=g -o vg_name,name,size --nosuffix --readonly stack-volumes-lvmdriver-1/stack-volumes-lvmdriver-1-pool
Sep 13 23:51:37 datacore-PowerEdge-R740 sudo[1291274]: pam_unix(sudo:session): session opened for user root by (uid=0)
Sep 13 23:51:37 datacore-PowerEdge-R740 sudo[1291274]: pam_unix(sudo:session): session closed for user root
Sep 13 23:51:37 datacore-PowerEdge-R740 cinder-volume[1290963]: DEBUG oslo_concurrency.processutils [None req-3872ee51-b203-404a-9b19-3e82971a0d82 None None] CMD "sudo cinder-rootwrap /etc/cinder/rootwrap.conf env LC_ALL=C lvs --noheadings --unit=g -o vg_name,name,size --nosuffix --readonly stack-volumes-lvmdriver-1/stack-volumes-lvmdriver-1-pool" returned: 0 in 0.651s {{(pid=1290963) execute /usr/local/lib/python3.8/dist-packages/oslo_concurrency/processutils.py:422}}
Sep 13 23:51:37 datacore-PowerEdge-R740 cinder-volume[1290963]: DEBUG cinder.volume.drivers.lvm [None req-3872ee51-b203-404a-9b19-3e82971a0d82 None None] Updating volume stats {{(pid=1290963) _update_volume_stats /opt/stack/cinder/cinder/volume/drivers/lvm.py:213}}
Sep 13 23:51:37 datacore-PowerEdge-R740 cinder-volume[1290963]: DEBUG oslo_concurrency.processutils [None req-3872ee51-b203-404a-9b19-3e82971a0d82 None None] Running cmd (subprocess): sudo cinder-rootwrap /etc/cinder/rootwrap.conf env LC_ALL=C vgs --noheadings --unit=g -o name,size,free,lv_count,uuid --separator : --nosuffix stack-volumes-lvmdriver-1 {{(pid=1290963) execute /usr/local/lib/python3.8/dist-packages/oslo_concurrency/processutils.py:384}}
Sep 13 23:51:37 datacore-PowerEdge-R740 sudo[1291289]:    stack : TTY=unknown ; PWD=/ ; USER=root ; COMMAND=/usr/local/bin/cinder-rootwrap /etc/cinder/rootwrap.conf env LC_ALL=C vgs --noheadings --unit=g -o name,size,free,lv_count,uuid --separator : --nosuffix stack-volumes-lvmdriver-1
Sep 13 23:51:37 datacore-PowerEdge-R740 sudo[1291289]: pam_unix(sudo:session): session opened for user root by (uid=0)
Sep 13 23:51:38 datacore-PowerEdge-R740 sudo[1291289]: pam_unix(sudo:session): session closed for user root
Sep 13 23:51:38 datacore-PowerEdge-R740 cinder-volume[1290963]: DEBUG oslo_concurrency.processutils [None req-3872ee51-b203-404a-9b19-3e82971a0d82 None None] CMD "sudo cinder-rootwrap /etc/cinder/rootwrap.conf env LC_ALL=C vgs --noheadings --unit=g -o name,size,free,lv_count,uuid --separator : --nosuffix stack-volumes-lvmdriver-1" returned: 0 in 0.638s {{(pid=1290963) execute /usr/local/lib/python3.8/dist-packages/oslo_concurrency/processutils.py:422}}
Sep 13 23:51:38 datacore-PowerEdge-R740 cinder-volume[1290963]: DEBUG oslo_concurrency.processutils [None req-3872ee51-b203-404a-9b19-3e82971a0d82 None None] Running cmd (subprocess): sudo cinder-rootwrap /etc/cinder/rootwrap.conf env LC_ALL=C lvs --noheadings --unit=g -o vg_name,name,size --nosuffix --readonly stack-volumes-lvmdriver-1 {{(pid=1290963) execute /usr/local/lib/python3.8/dist-packages/oslo_concurrency/processutils.py:384}}
Sep 13 23:51:38 datacore-PowerEdge-R740 sudo[1291295]:    stack : TTY=unknown ; PWD=/ ; USER=root ; COMMAND=/usr/local/bin/cinder-rootwrap /etc/cinder/rootwrap.conf env LC_ALL=C lvs --noheadings --unit=g -o vg_name,name,size --nosuffix --readonly stack-volumes-lvmdriver-1
Sep 13 23:51:38 datacore-PowerEdge-R740 sudo[1291295]: pam_unix(sudo:session): session opened for user root by (uid=0)
Sep 13 23:51:39 datacore-PowerEdge-R740 sudo[1291295]: pam_unix(sudo:session): session closed for user root
Sep 13 23:51:39 datacore-PowerEdge-R740 cinder-volume[1290963]: DEBUG oslo_concurrency.processutils [None req-3872ee51-b203-404a-9b19-3e82971a0d82 None None] CMD "sudo cinder-rootwrap /etc/cinder/rootwrap.conf env LC_ALL=C lvs --noheadings --unit=g -o vg_name,name,size --nosuffix --readonly stack-volumes-lvmdriver-1" returned: 0 in 0.668s {{(pid=1290963) execute /usr/local/lib/python3.8/dist-packages/oslo_concurrency/processutils.py:422}}
Sep 13 23:51:39 datacore-PowerEdge-R740 cinder-volume[1290963]: DEBUG oslo_concurrency.processutils [None req-3872ee51-b203-404a-9b19-3e82971a0d82 None None] Running cmd (subprocess): sudo cinder-rootwrap /etc/cinder/rootwrap.conf env LC_ALL=C lvs --noheadings --unit=g -o size,data_percent --separator : --nosuffix /dev/stack-volumes-lvmdriver-1/stack-volumes-lvmdriver-1-pool {{(pid=1290963) execute /usr/local/lib/python3.8/dist-packages/oslo_concurrency/processutils.py:384}}
Sep 13 23:51:39 datacore-PowerEdge-R740 sudo[1291304]:    stack : TTY=unknown ; PWD=/ ; USER=root ; COMMAND=/usr/local/bin/cinder-rootwrap /etc/cinder/rootwrap.conf env LC_ALL=C lvs --noheadings --unit=g -o size,data_percent --separator : --nosuffix /dev/stack-volumes-lvmdriver-1/stack-volumes-lvmdriver-1-pool
Sep 13 23:51:39 datacore-PowerEdge-R740 sudo[1291304]: pam_unix(sudo:session): session opened for user root by (uid=0)
Sep 13 23:51:39 datacore-PowerEdge-R740 sudo[1291304]: pam_unix(sudo:session): session closed for user root
Sep 13 23:51:39 datacore-PowerEdge-R740 cinder-volume[1290963]: DEBUG oslo_concurrency.processutils [None req-3872ee51-b203-404a-9b19-3e82971a0d82 None None] CMD "sudo cinder-rootwrap /etc/cinder/rootwrap.conf env LC_ALL=C lvs --noheadings --unit=g -o size,data_percent --separator : --nosuffix /dev/stack-volumes-lvmdriver-1/stack-volumes-lvmdriver-1-pool" returned: 0 in 0.650s {{(pid=1290963) execute /usr/local/lib/python3.8/dist-packages/oslo_concurrency/processutils.py:422}}
Sep 13 23:51:39 datacore-PowerEdge-R740 cinder-volume[1290963]: DEBUG oslo_concurrency.processutils [None req-3872ee51-b203-404a-9b19-3e82971a0d82 None None] Running cmd (subprocess): sudo cinder-rootwrap /etc/cinder/rootwrap.conf env LC_ALL=C lvs --noheadings --unit=g -o vg_name,name,size --nosuffix --readonly stack-volumes-lvmdriver-1 {{(pid=1290963) execute /usr/local/lib/python3.8/dist-packages/oslo_concurrency/processutils.py:384}}
Sep 13 23:51:39 datacore-PowerEdge-R740 sudo[1291313]:    stack : TTY=unknown ; PWD=/ ; USER=root ; COMMAND=/usr/local/bin/cinder-rootwrap /etc/cinder/rootwrap.conf env LC_ALL=C lvs --noheadings --unit=g -o vg_name,name,size --nosuffix --readonly stack-volumes-lvmdriver-1
Sep 13 23:51:39 datacore-PowerEdge-R740 sudo[1291313]: pam_unix(sudo:session): session opened for user root by (uid=0)
Sep 13 23:51:39 datacore-PowerEdge-R740 cinder-volume[1290782]: DEBUG dbcounter [-] [1290782] Writing DB stats cinder:SELECT=16,cinder:UPDATE=1 {{(pid=1290782) stat_writer /usr/local/lib/python3.8/dist-packages/dbcounter.py:114}}
Sep 13 23:51:40 datacore-PowerEdge-R740 sudo[1291313]: pam_unix(sudo:session): session closed for user root
Sep 13 23:51:40 datacore-PowerEdge-R740 cinder-volume[1290963]: DEBUG oslo_concurrency.processutils [None req-3872ee51-b203-404a-9b19-3e82971a0d82 None None] CMD "sudo cinder-rootwrap /etc/cinder/rootwrap.conf env LC_ALL=C lvs --noheadings --unit=g -o vg_name,name,size --nosuffix --readonly stack-volumes-lvmdriver-1" returned: 0 in 0.614s {{(pid=1290963) execute /usr/local/lib/python3.8/dist-packages/oslo_concurrency/processutils.py:422}}
Sep 13 23:51:40 datacore-PowerEdge-R740 cinder-volume[1290963]: INFO cinder.volume.driver [None req-3872ee51-b203-404a-9b19-3e82971a0d82 None None] Driver hasn't implemented _init_vendor_properties()
Sep 13 23:51:40 datacore-PowerEdge-R740 cinder-volume[1290963]: DEBUG cinder.volume.driver [None req-3872ee51-b203-404a-9b19-3e82971a0d82 None None] Initialized capabilities list: {'volume_backend_name': 'lvmdriver-1', 'vendor_name': 'Open Source', 'driver_version': '3.0.0', 'storage_protocol': 'iSCSI', 'pools': [{'pool_name': 'lvmdriver-1', 'total_capacity_gb': 28.5, 'free_capacity_gb': 28.5, 'reserved_percentage': 0, 'location_info': 'LVMVolumeDriver:datacore-PowerEdge-R740:stack-volumes-lvmdriver-1:thin:0', 'QoS_support': False, 'provisioned_capacity_gb': 0.0, 'max_over_subscription_ratio': '20.0', 'thin_provisioning_support': True, 'thick_provisioning_support': False, 'total_volumes': 1, 'filter_function': None, 'goodness_function': None, 'multiattach': True, 'backend_state': 'up'}], 'shared_targets': False, 'sparse_copy_volume': True, 'properties': {'thin_provisioning': {'title': 'Thin Provisioning', 'description': 'Sets thin provisioning.', 'type': 'boolean'}, 'compression': {'title': 'Compression', 'description': 'Enables compression.', 'type': 'boolean'}, 'qos': {'title': 'QoS', 'description': 'Enables QoS.', 'type': 'boolean'}, 'replication_enabled': {'title': 'Replication', 'description': 'Enables replication.', 'type': 'boolean'}}}. {{(pid=1290963) init_capabilities /opt/stack/cinder/cinder/volume/driver.py:812}}
Sep 13 23:51:40 datacore-PowerEdge-R740 cinder-volume[1290963]: DEBUG oslo_db.sqlalchemy.engines [None req-3872ee51-b203-404a-9b19-3e82971a0d82 None None] MySQL server mode set to STRICT_TRANS_TABLES,STRICT_ALL_TABLES,NO_ZERO_IN_DATE,NO_ZERO_DATE,ERROR_FOR_DIVISION_BY_ZERO,TRADITIONAL,NO_ENGINE_SUBSTITUTION {{(pid=1290963) _check_effective_sql_mode /usr/local/lib/python3.8/dist-packages/oslo_db/sqlalchemy/engines.py:314}}
Sep 13 23:51:40 datacore-PowerEdge-R740 cinder-volume[1290963]: DEBUG dbcounter [-] [1290963] Writer thread running {{(pid=1290963) stat_writer /usr/local/lib/python3.8/dist-packages/dbcounter.py:99}}
Sep 13 23:51:40 datacore-PowerEdge-R740 cinder-volume[1290963]: DEBUG cinder.db.sqlalchemy.api [None req-3872ee51-b203-404a-9b19-3e82971a0d82 None None] Building query based on filter {{(pid=1290963) _process_snaps_filters /opt/stack/cinder/cinder/db/sqlalchemy/api.py:3885}}
Sep 13 23:51:40 datacore-PowerEdge-R740 cinder-volume[1290963]: DEBUG cinder.image.image_utils [None req-3872ee51-b203-404a-9b19-3e82971a0d82 None None] Configuration image_conversion_dir is None or the path doesn't exist. {{(pid=1290963) cleanup_temporary_file /opt/stack/cinder/cinder/image/image_utils.py:991}}
Sep 13 23:51:40 datacore-PowerEdge-R740 cinder-volume[1290963]: DEBUG cinder.volume.drivers.lvm [None req-3872ee51-b203-404a-9b19-3e82971a0d82 None None] Updating volume stats {{(pid=1290963) _update_volume_stats /opt/stack/cinder/cinder/volume/drivers/lvm.py:213}}
Sep 13 23:51:40 datacore-PowerEdge-R740 cinder-volume[1290963]: DEBUG oslo_concurrency.processutils [None req-3872ee51-b203-404a-9b19-3e82971a0d82 None None] Running cmd (subprocess): sudo cinder-rootwrap /etc/cinder/rootwrap.conf env LC_ALL=C vgs --noheadings --unit=g -o name,size,free,lv_count,uuid --separator : --nosuffix stack-volumes-lvmdriver-1 {{(pid=1290963) execute /usr/local/lib/python3.8/dist-packages/oslo_concurrency/processutils.py:384}}
Sep 13 23:51:40 datacore-PowerEdge-R740 sudo[1291323]:    stack : TTY=unknown ; PWD=/ ; USER=root ; COMMAND=/usr/local/bin/cinder-rootwrap /etc/cinder/rootwrap.conf env LC_ALL=C vgs --noheadings --unit=g -o name,size,free,lv_count,uuid --separator : --nosuffix stack-volumes-lvmdriver-1
Sep 13 23:51:40 datacore-PowerEdge-R740 sudo[1291323]: pam_unix(sudo:session): session opened for user root by (uid=0)
Sep 13 23:51:40 datacore-PowerEdge-R740 cinder-volume[1290963]: INFO cinder.keymgr.migration [None req-05c349ab-3d2a-401b-9ddc-13bd89afe3be None None] Not migrating encryption keys because the ConfKeyManager is still in use.
Sep 13 23:51:41 datacore-PowerEdge-R740 sudo[1291323]: pam_unix(sudo:session): session closed for user root
Sep 13 23:51:41 datacore-PowerEdge-R740 cinder-volume[1290963]: DEBUG oslo_concurrency.processutils [None req-3872ee51-b203-404a-9b19-3e82971a0d82 None None] CMD "sudo cinder-rootwrap /etc/cinder/rootwrap.conf env LC_ALL=C vgs --noheadings --unit=g -o name,size,free,lv_count,uuid --separator : --nosuffix stack-volumes-lvmdriver-1" returned: 0 in 0.615s {{(pid=1290963) execute /usr/local/lib/python3.8/dist-packages/oslo_concurrency/processutils.py:422}}
Sep 13 23:51:41 datacore-PowerEdge-R740 cinder-volume[1290963]: DEBUG oslo_concurrency.processutils [None req-3872ee51-b203-404a-9b19-3e82971a0d82 None None] Running cmd (subprocess): sudo cinder-rootwrap /etc/cinder/rootwrap.conf env LC_ALL=C lvs --noheadings --unit=g -o vg_name,name,size --nosuffix --readonly stack-volumes-lvmdriver-1 {{(pid=1290963) execute /usr/local/lib/python3.8/dist-packages/oslo_concurrency/processutils.py:384}}
Sep 13 23:51:41 datacore-PowerEdge-R740 sudo[1291330]:    stack : TTY=unknown ; PWD=/ ; USER=root ; COMMAND=/usr/local/bin/cinder-rootwrap /etc/cinder/rootwrap.conf env LC_ALL=C lvs --noheadings --unit=g -o vg_name,name,size --nosuffix --readonly stack-volumes-lvmdriver-1
Sep 13 23:51:41 datacore-PowerEdge-R740 sudo[1291330]: pam_unix(sudo:session): session opened for user root by (uid=0)
Sep 13 23:51:41 datacore-PowerEdge-R740 sudo[1291330]: pam_unix(sudo:session): session closed for user root
Sep 13 23:51:41 datacore-PowerEdge-R740 cinder-volume[1290963]: DEBUG oslo_concurrency.processutils [None req-3872ee51-b203-404a-9b19-3e82971a0d82 None None] CMD "sudo cinder-rootwrap /etc/cinder/rootwrap.conf env LC_ALL=C lvs --noheadings --unit=g -o vg_name,name,size --nosuffix --readonly stack-volumes-lvmdriver-1" returned: 0 in 0.648s {{(pid=1290963) execute /usr/local/lib/python3.8/dist-packages/oslo_concurrency/processutils.py:422}}
Sep 13 23:51:41 datacore-PowerEdge-R740 cinder-volume[1290963]: DEBUG oslo_concurrency.processutils [None req-3872ee51-b203-404a-9b19-3e82971a0d82 None None] Running cmd (subprocess): sudo cinder-rootwrap /etc/cinder/rootwrap.conf env LC_ALL=C lvs --noheadings --unit=g -o size,data_percent --separator : --nosuffix /dev/stack-volumes-lvmdriver-1/stack-volumes-lvmdriver-1-pool {{(pid=1290963) execute /usr/local/lib/python3.8/dist-packages/oslo_concurrency/processutils.py:384}}
Sep 13 23:51:41 datacore-PowerEdge-R740 sudo[1291355]:    stack : TTY=unknown ; PWD=/ ; USER=root ; COMMAND=/usr/local/bin/cinder-rootwrap /etc/cinder/rootwrap.conf env LC_ALL=C lvs --noheadings --unit=g -o size,data_percent --separator : --nosuffix /dev/stack-volumes-lvmdriver-1/stack-volumes-lvmdriver-1-pool
Sep 13 23:51:41 datacore-PowerEdge-R740 sudo[1291355]: pam_unix(sudo:session): session opened for user root by (uid=0)
Sep 13 23:51:42 datacore-PowerEdge-R740 sudo[1291355]: pam_unix(sudo:session): session closed for user root
Sep 13 23:51:42 datacore-PowerEdge-R740 cinder-volume[1290963]: DEBUG oslo_concurrency.processutils [None req-3872ee51-b203-404a-9b19-3e82971a0d82 None None] CMD "sudo cinder-rootwrap /etc/cinder/rootwrap.conf env LC_ALL=C lvs --noheadings --unit=g -o size,data_percent --separator : --nosuffix /dev/stack-volumes-lvmdriver-1/stack-volumes-lvmdriver-1-pool" returned: 0 in 0.665s {{(pid=1290963) execute /usr/local/lib/python3.8/dist-packages/oslo_concurrency/processutils.py:422}}
Sep 13 23:51:42 datacore-PowerEdge-R740 cinder-volume[1290963]: DEBUG oslo_concurrency.processutils [None req-3872ee51-b203-404a-9b19-3e82971a0d82 None None] Running cmd (subprocess): sudo cinder-rootwrap /etc/cinder/rootwrap.conf env LC_ALL=C lvs --noheadings --unit=g -o vg_name,name,size --nosuffix --readonly stack-volumes-lvmdriver-1 {{(pid=1290963) execute /usr/local/lib/python3.8/dist-packages/oslo_concurrency/processutils.py:384}}
Sep 13 23:51:42 datacore-PowerEdge-R740 sudo[1291366]:    stack : TTY=unknown ; PWD=/ ; USER=root ; COMMAND=/usr/local/bin/cinder-rootwrap /etc/cinder/rootwrap.conf env LC_ALL=C lvs --noheadings --unit=g -o vg_name,name,size --nosuffix --readonly stack-volumes-lvmdriver-1
Sep 13 23:51:42 datacore-PowerEdge-R740 sudo[1291366]: pam_unix(sudo:session): session opened for user root by (uid=0)
Sep 13 23:51:43 datacore-PowerEdge-R740 sudo[1291366]: pam_unix(sudo:session): session closed for user root
Sep 13 23:51:43 datacore-PowerEdge-R740 cinder-volume[1290963]: DEBUG oslo_concurrency.processutils [None req-3872ee51-b203-404a-9b19-3e82971a0d82 None None] CMD "sudo cinder-rootwrap /etc/cinder/rootwrap.conf env LC_ALL=C lvs --noheadings --unit=g -o vg_name,name,size --nosuffix --readonly stack-volumes-lvmdriver-1" returned: 0 in 0.683s {{(pid=1290963) execute /usr/local/lib/python3.8/dist-packages/oslo_concurrency/processutils.py:422}}
Sep 13 23:51:43 datacore-PowerEdge-R740 cinder-volume[1290963]: DEBUG cinder.manager [None req-3872ee51-b203-404a-9b19-3e82971a0d82 None None] Notifying Schedulers of capabilities ... {{(pid=1290963) _publish_service_capabilities /opt/stack/cinder/cinder/manager.py:202}}
Sep 13 23:51:43 datacore-PowerEdge-R740 cinder-volume[1290963]: INFO cinder.volume.manager [None req-3872ee51-b203-404a-9b19-3e82971a0d82 None None] Driver initialization completed successfully.
Sep 13 23:51:43 datacore-PowerEdge-R740 cinder-volume[1290963]: INFO cinder.manager [None req-3872ee51-b203-404a-9b19-3e82971a0d82 None None] Initiating service 2 cleanup
Sep 13 23:51:43 datacore-PowerEdge-R740 cinder-volume[1290963]: INFO cinder.manager [None req-3872ee51-b203-404a-9b19-3e82971a0d82 None None] Service 2 cleanup completed.
Sep 13 23:51:43 datacore-PowerEdge-R740 cinder-volume[1290963]: DEBUG cinder.service [None req-3872ee51-b203-404a-9b19-3e82971a0d82 None None] Creating RPC server for service cinder-volume {{(pid=1290963) start /opt/stack/cinder/cinder/service.py:238}}
Sep 13 23:51:43 datacore-PowerEdge-R740 cinder-volume[1290963]: DEBUG cinder.service [None req-3872ee51-b203-404a-9b19-3e82971a0d82 None None] Pinning object versions for RPC server serializer to 1.39 {{(pid=1290963) start /opt/stack/cinder/cinder/service.py:244}}
Sep 13 23:51:43 datacore-PowerEdge-R740 cinder-volume[1290963]: INFO cinder.volume.manager [None req-3872ee51-b203-404a-9b19-3e82971a0d82 None None] Initializing RPC dependent components of volume driver LVMVolumeDriver (3.0.0)
Sep 13 23:51:43 datacore-PowerEdge-R740 cinder-volume[1290963]: DEBUG cinder.volume.drivers.lvm [None req-3872ee51-b203-404a-9b19-3e82971a0d82 None None] Updating volume stats {{(pid=1290963) _update_volume_stats /opt/stack/cinder/cinder/volume/drivers/lvm.py:213}}
Sep 13 23:51:43 datacore-PowerEdge-R740 cinder-volume[1290963]: DEBUG oslo_concurrency.processutils [None req-3872ee51-b203-404a-9b19-3e82971a0d82 None None] Running cmd (subprocess): sudo cinder-rootwrap /etc/cinder/rootwrap.conf env LC_ALL=C vgs --noheadings --unit=g -o name,size,free,lv_count,uuid --separator : --nosuffix stack-volumes-lvmdriver-1 {{(pid=1290963) execute /usr/local/lib/python3.8/dist-packages/oslo_concurrency/processutils.py:384}}
Sep 13 23:51:43 datacore-PowerEdge-R740 sudo[1291382]:    stack : TTY=unknown ; PWD=/ ; USER=root ; COMMAND=/usr/local/bin/cinder-rootwrap /etc/cinder/rootwrap.conf env LC_ALL=C vgs --noheadings --unit=g -o name,size,free,lv_count,uuid --separator : --nosuffix stack-volumes-lvmdriver-1
Sep 13 23:51:43 datacore-PowerEdge-R740 sudo[1291382]: pam_unix(sudo:session): session opened for user root by (uid=0)
