Source the openrc file
WARNING: setting legacy OS_TENANT_NAME to support cli tools.
Patch Details: GERRIT_CHANGE_NUMBER: 844563 GERRIT_PATCHSET_NUMBER: 4 GERRIT_REFSPEC: refs/changes/63/844563/4
Fetching latest cinder patch
Waiting for patchset. FROM_JENKINS: 1
Already on 'master'
Your branch is up to date with 'origin/master'.
git checkout cinder master Success
From https://opendev.org/openstack/cinder
   db95ad277..89eaf24c6  master     -> origin/master
Updating db95ad277..89eaf24c6
Fast-forward
 cinder/scheduler/host_manager.py | 2 ++
 1 file changed, 2 insertions(+)
git pull Success
changeBranch: change-844563-4
From https://opendev.org/openstack/cinder
 * [new ref]             refs/changes/63/844563/4 -> change-844563-4
git fetch origin refs/changes/63/844563/4:change-844563-4 Success
Switched to branch 'change-844563-4'
git checkout change-844563-4 Success
Already up to date.
checkout patchset [ PASSED ]
Updating tempest config
WARNING: setting legacy OS_TENANT_NAME to support cli tools.
/usr/lib/python3/dist-packages/secretstorage/dhcrypto.py:15: CryptographyDeprecationWarning: int_from_bytes is deprecated, use int.from_bytes instead
  from cryptography.utils import int_from_bytes
/usr/lib/python3/dist-packages/secretstorage/util.py:19: CryptographyDeprecationWarning: int_from_bytes is deprecated, use int.from_bytes instead
  from cryptography.utils import int_from_bytes
/usr/lib/python3/dist-packages/secretstorage/dhcrypto.py:15: CryptographyDeprecationWarning: int_from_bytes is deprecated, use int.from_bytes instead
  from cryptography.utils import int_from_bytes
/usr/lib/python3/dist-packages/secretstorage/util.py:19: CryptographyDeprecationWarning: int_from_bytes is deprecated, use int.from_bytes instead
  from cryptography.utils import int_from_bytes
Clearing logs
/tmp/ci-result-1656532116394
Starting iSCSI Test configuration
Updating cinder.conf with iSCSI driver details [ PASSED ]
Restarting devstack services
Cinder volume service [ FAILED ]
Already up to date.
Updating cinder-tempest-logs repo [ PASSED ]
