-- Logs begin at Tue 2022-06-28 04:48:10 IST, end at Tue 2022-06-28 04:52:11 IST. --
Jun 28 04:50:53 datacore-PowerEdge-R740 systemd[1]: Started Devstack devstack@c-vol.service.
Jun 28 04:50:55 datacore-PowerEdge-R740 cinder-volume[2498530]: DEBUG oslo_concurrency.lockutils [-] Acquired lock "singleton_lock" {{(pid=2498530) lock /usr/local/lib/python3.8/dist-packages/oslo_concurrency/lockutils.py:294}}
Jun 28 04:50:55 datacore-PowerEdge-R740 cinder-volume[2498530]: DEBUG oslo_concurrency.lockutils [-] Releasing lock "singleton_lock" {{(pid=2498530) lock /usr/local/lib/python3.8/dist-packages/oslo_concurrency/lockutils.py:312}}
Jun 28 04:50:56 datacore-PowerEdge-R740 cinder-volume[2498530]: INFO dbcounter [None req-e98f3fd4-f7e6-4a1e-afde-120f9aca9e38 None None] Registered counter for database cinder
Jun 28 04:50:56 datacore-PowerEdge-R740 cinder-volume[2498530]: DEBUG oslo_db.sqlalchemy.engines [None req-e98f3fd4-f7e6-4a1e-afde-120f9aca9e38 None None] MySQL server mode set to STRICT_TRANS_TABLES,STRICT_ALL_TABLES,NO_ZERO_IN_DATE,NO_ZERO_DATE,ERROR_FOR_DIVISION_BY_ZERO,TRADITIONAL,NO_ENGINE_SUBSTITUTION {{(pid=2498530) _check_effective_sql_mode /usr/local/lib/python3.8/dist-packages/oslo_db/sqlalchemy/engines.py:314}}
Jun 28 04:50:56 datacore-PowerEdge-R740 cinder-volume[2498530]: DEBUG dbcounter [-] [2498530] Writer thread running {{(pid=2498530) stat_writer /usr/local/lib/python3.8/dist-packages/dbcounter.py:99}}
Jun 28 04:50:56 datacore-PowerEdge-R740 cinder-volume[2498530]: INFO cinder.rpc [None req-e98f3fd4-f7e6-4a1e-afde-120f9aca9e38 None None] Automatically selected cinder-scheduler objects version 1.39 as minimum service version.
Jun 28 04:50:56 datacore-PowerEdge-R740 cinder-volume[2498530]: INFO cinder.rpc [None req-e98f3fd4-f7e6-4a1e-afde-120f9aca9e38 None None] Automatically selected cinder-scheduler RPC version 3.12 as minimum service version.
Jun 28 04:50:56 datacore-PowerEdge-R740 cinder-volume[2498530]: DEBUG oslo_db.sqlalchemy.engines [None req-e98f3fd4-f7e6-4a1e-afde-120f9aca9e38 None None] MySQL server mode set to STRICT_TRANS_TABLES,STRICT_ALL_TABLES,NO_ZERO_IN_DATE,NO_ZERO_DATE,ERROR_FOR_DIVISION_BY_ZERO,TRADITIONAL,NO_ENGINE_SUBSTITUTION {{(pid=2498530) _check_effective_sql_mode /usr/local/lib/python3.8/dist-packages/oslo_db/sqlalchemy/engines.py:314}}
Jun 28 04:50:56 datacore-PowerEdge-R740 cinder-volume[2498530]: INFO cinder.volume.manager [None req-e98f3fd4-f7e6-4a1e-afde-120f9aca9e38 None None] Determined volume DB was not empty at startup.
Jun 28 04:50:56 datacore-PowerEdge-R740 cinder-volume[2498530]: DEBUG cinder.volume.manager [None req-e98f3fd4-f7e6-4a1e-afde-120f9aca9e38 None None] Cinder Volume DB check: vol_db_empty=False {{(pid=2498530) __init__ /opt/stack/cinder/cinder/volume/manager.py:290}}
Jun 28 04:50:56 datacore-PowerEdge-R740 cinder-volume[2498530]: WARNING stevedore.named [None req-e98f3fd4-f7e6-4a1e-afde-120f9aca9e38 None None] Could not load cinder.keymgr.conf_key_mgr.ConfKeyManager
Jun 28 04:50:56 datacore-PowerEdge-R740 cinder-volume[2498530]: WARNING castellan.key_manager [None req-e98f3fd4-f7e6-4a1e-afde-120f9aca9e38 None None] Deprecation Warning : cinder.keymgr.conf_key_mgr.ConfKeyManager is not a stevedore based driver, trying to load it as a class: stevedore.exception.NoMatches: No 'castellan.drivers' driver found, looking for 'cinder.keymgr.conf_key_mgr.ConfKeyManager'
Jun 28 04:50:56 datacore-PowerEdge-R740 cinder-volume[2498530]: WARNING cinder.keymgr.conf_key_mgr [None req-e98f3fd4-f7e6-4a1e-afde-120f9aca9e38 None None] This key manager is insecure and is not recommended for production deployments: stevedore.exception.NoMatches: No 'castellan.drivers' driver found, looking for 'cinder.keymgr.conf_key_mgr.ConfKeyManager'
Jun 28 04:50:56 datacore-PowerEdge-R740 cinder-volume[2498530]: ERROR cinder.cmd.volume [None req-e98f3fd4-f7e6-4a1e-afde-120f9aca9e38 None None] Volume service hostgroup@datacore_iscsi1 failed to start.: ModuleNotFoundError: No module named 'cinder.volume.drivers.datacore.iscsi'
Jun 28 04:50:56 datacore-PowerEdge-R740 cinder-volume[2498530]: ERROR cinder.cmd.volume Traceback (most recent call last):
Jun 28 04:50:56 datacore-PowerEdge-R740 cinder-volume[2498530]: ERROR cinder.cmd.volume   File "/opt/stack/cinder/cinder/cmd/volume.py", line 99, in _launch_service
Jun 28 04:50:56 datacore-PowerEdge-R740 cinder-volume[2498530]: ERROR cinder.cmd.volume     server = service.Service.create(host=host,
Jun 28 04:50:56 datacore-PowerEdge-R740 cinder-volume[2498530]: ERROR cinder.cmd.volume   File "/opt/stack/cinder/cinder/service.py", line 394, in create
Jun 28 04:50:56 datacore-PowerEdge-R740 cinder-volume[2498530]: ERROR cinder.cmd.volume     service_obj = cls(host, binary, topic, manager,
Jun 28 04:50:56 datacore-PowerEdge-R740 cinder-volume[2498530]: ERROR cinder.cmd.volume   File "/opt/stack/cinder/cinder/service.py", line 152, in __init__
Jun 28 04:50:56 datacore-PowerEdge-R740 cinder-volume[2498530]: ERROR cinder.cmd.volume     self.manager = manager_class(host=self.host,
Jun 28 04:50:56 datacore-PowerEdge-R740 cinder-volume[2498530]: ERROR cinder.cmd.volume   File "/opt/stack/cinder/cinder/volume/manager.py", line 313, in __init__
Jun 28 04:50:56 datacore-PowerEdge-R740 cinder-volume[2498530]: ERROR cinder.cmd.volume     self.driver = importutils.import_object(
Jun 28 04:50:56 datacore-PowerEdge-R740 cinder-volume[2498530]: ERROR cinder.cmd.volume   File "/usr/local/lib/python3.8/dist-packages/oslo_utils/importutils.py", line 44, in import_object
Jun 28 04:50:56 datacore-PowerEdge-R740 cinder-volume[2498530]: ERROR cinder.cmd.volume     return import_class(import_str)(*args, **kwargs)
Jun 28 04:50:56 datacore-PowerEdge-R740 cinder-volume[2498530]: ERROR cinder.cmd.volume   File "/usr/local/lib/python3.8/dist-packages/oslo_utils/importutils.py", line 30, in import_class
Jun 28 04:50:56 datacore-PowerEdge-R740 cinder-volume[2498530]: ERROR cinder.cmd.volume     __import__(mod_str)
Jun 28 04:50:56 datacore-PowerEdge-R740 cinder-volume[2498530]: ERROR cinder.cmd.volume ModuleNotFoundError: No module named 'cinder.volume.drivers.datacore.iscsi'
Jun 28 04:50:56 datacore-PowerEdge-R740 cinder-volume[2498530]: ERROR cinder.cmd.volume 
Jun 28 04:50:56 datacore-PowerEdge-R740 cinder-volume[2498530]: ERROR cinder.cmd.volume [None req-e98f3fd4-f7e6-4a1e-afde-120f9aca9e38 None None] No volume service(s) started successfully, terminating.
Jun 28 04:50:56 datacore-PowerEdge-R740 cinder-volume[2498530]: /usr/lib/python3/dist-packages/secretstorage/dhcrypto.py:15: CryptographyDeprecationWarning: int_from_bytes is deprecated, use int.from_bytes instead
Jun 28 04:50:56 datacore-PowerEdge-R740 cinder-volume[2498530]:   from cryptography.utils import int_from_bytes
Jun 28 04:50:56 datacore-PowerEdge-R740 cinder-volume[2498530]: /usr/lib/python3/dist-packages/secretstorage/util.py:19: CryptographyDeprecationWarning: int_from_bytes is deprecated, use int.from_bytes instead
Jun 28 04:50:56 datacore-PowerEdge-R740 cinder-volume[2498530]:   from cryptography.utils import int_from_bytes
Jun 28 04:50:56 datacore-PowerEdge-R740 cinder-volume[2498530]: /opt/stack/cinder/cinder/db/sqlalchemy/models.py:152: SAWarning: implicitly coercing SELECT object to scalar subquery; please use the .scalar_subquery() method to produce a scalar subquery.
Jun 28 04:50:56 datacore-PowerEdge-R740 cinder-volume[2498530]:   last_heartbeat = column_property(
Jun 28 04:50:56 datacore-PowerEdge-R740 cinder-volume[2498530]: /opt/stack/cinder/cinder/db/sqlalchemy/models.py:160: SAWarning: implicitly coercing SELECT object to scalar subquery; please use the .scalar_subquery() method to produce a scalar subquery.
Jun 28 04:50:56 datacore-PowerEdge-R740 cinder-volume[2498530]:   num_hosts = column_property(
Jun 28 04:50:56 datacore-PowerEdge-R740 cinder-volume[2498530]: /opt/stack/cinder/cinder/db/sqlalchemy/models.py:169: SAWarning: implicitly coercing SELECT object to scalar subquery; please use the .scalar_subquery() method to produce a scalar subquery.
Jun 28 04:50:56 datacore-PowerEdge-R740 cinder-volume[2498530]:   num_down_hosts = column_property(
Jun 28 04:50:57 datacore-PowerEdge-R740 systemd[1]: devstack@c-vol.service: Main process exited, code=exited, status=1/FAILURE
Jun 28 04:50:57 datacore-PowerEdge-R740 systemd[1]: devstack@c-vol.service: Failed with result 'exit-code'.
Jun 28 04:51:09 datacore-PowerEdge-R740 systemd[1]: Started Devstack devstack@c-vol.service.
Jun 28 04:51:11 datacore-PowerEdge-R740 cinder-volume[2499108]: DEBUG oslo_concurrency.lockutils [-] Acquired lock "singleton_lock" {{(pid=2499108) lock /usr/local/lib/python3.8/dist-packages/oslo_concurrency/lockutils.py:294}}
Jun 28 04:51:11 datacore-PowerEdge-R740 cinder-volume[2499108]: DEBUG oslo_concurrency.lockutils [-] Releasing lock "singleton_lock" {{(pid=2499108) lock /usr/local/lib/python3.8/dist-packages/oslo_concurrency/lockutils.py:312}}
Jun 28 04:51:11 datacore-PowerEdge-R740 cinder-volume[2499108]: INFO dbcounter [None req-2409baee-5c11-461a-9ac5-4ffc1e9ee93d None None] Registered counter for database cinder
Jun 28 04:51:11 datacore-PowerEdge-R740 cinder-volume[2499108]: DEBUG oslo_db.sqlalchemy.engines [None req-2409baee-5c11-461a-9ac5-4ffc1e9ee93d None None] MySQL server mode set to STRICT_TRANS_TABLES,STRICT_ALL_TABLES,NO_ZERO_IN_DATE,NO_ZERO_DATE,ERROR_FOR_DIVISION_BY_ZERO,TRADITIONAL,NO_ENGINE_SUBSTITUTION {{(pid=2499108) _check_effective_sql_mode /usr/local/lib/python3.8/dist-packages/oslo_db/sqlalchemy/engines.py:314}}
Jun 28 04:51:11 datacore-PowerEdge-R740 cinder-volume[2499108]: DEBUG dbcounter [-] [2499108] Writer thread running {{(pid=2499108) stat_writer /usr/local/lib/python3.8/dist-packages/dbcounter.py:99}}
Jun 28 04:51:11 datacore-PowerEdge-R740 cinder-volume[2499108]: INFO cinder.rpc [None req-2409baee-5c11-461a-9ac5-4ffc1e9ee93d None None] Automatically selected cinder-scheduler objects version 1.39 as minimum service version.
Jun 28 04:51:11 datacore-PowerEdge-R740 cinder-volume[2499108]: INFO cinder.rpc [None req-2409baee-5c11-461a-9ac5-4ffc1e9ee93d None None] Automatically selected cinder-scheduler RPC version 3.12 as minimum service version.
Jun 28 04:51:11 datacore-PowerEdge-R740 cinder-volume[2499108]: DEBUG oslo_db.sqlalchemy.engines [None req-2409baee-5c11-461a-9ac5-4ffc1e9ee93d None None] MySQL server mode set to STRICT_TRANS_TABLES,STRICT_ALL_TABLES,NO_ZERO_IN_DATE,NO_ZERO_DATE,ERROR_FOR_DIVISION_BY_ZERO,TRADITIONAL,NO_ENGINE_SUBSTITUTION {{(pid=2499108) _check_effective_sql_mode /usr/local/lib/python3.8/dist-packages/oslo_db/sqlalchemy/engines.py:314}}
Jun 28 04:51:12 datacore-PowerEdge-R740 cinder-volume[2499108]: INFO cinder.volume.manager [None req-2409baee-5c11-461a-9ac5-4ffc1e9ee93d None None] Determined volume DB was not empty at startup.
Jun 28 04:51:12 datacore-PowerEdge-R740 cinder-volume[2499108]: DEBUG cinder.volume.manager [None req-2409baee-5c11-461a-9ac5-4ffc1e9ee93d None None] Cinder Volume DB check: vol_db_empty=False {{(pid=2499108) __init__ /opt/stack/cinder/cinder/volume/manager.py:290}}
Jun 28 04:51:12 datacore-PowerEdge-R740 cinder-volume[2499108]: WARNING stevedore.named [None req-2409baee-5c11-461a-9ac5-4ffc1e9ee93d None None] Could not load cinder.keymgr.conf_key_mgr.ConfKeyManager
Jun 28 04:51:12 datacore-PowerEdge-R740 cinder-volume[2499108]: WARNING castellan.key_manager [None req-2409baee-5c11-461a-9ac5-4ffc1e9ee93d None None] Deprecation Warning : cinder.keymgr.conf_key_mgr.ConfKeyManager is not a stevedore based driver, trying to load it as a class: stevedore.exception.NoMatches: No 'castellan.drivers' driver found, looking for 'cinder.keymgr.conf_key_mgr.ConfKeyManager'
Jun 28 04:51:12 datacore-PowerEdge-R740 cinder-volume[2499108]: WARNING cinder.keymgr.conf_key_mgr [None req-2409baee-5c11-461a-9ac5-4ffc1e9ee93d None None] This key manager is insecure and is not recommended for production deployments: stevedore.exception.NoMatches: No 'castellan.drivers' driver found, looking for 'cinder.keymgr.conf_key_mgr.ConfKeyManager'
Jun 28 04:51:12 datacore-PowerEdge-R740 cinder-volume[2499108]: ERROR cinder.cmd.volume [None req-2409baee-5c11-461a-9ac5-4ffc1e9ee93d None None] Volume service hostgroup@datacore_iscsi1 failed to start.: ModuleNotFoundError: No module named 'cinder.volume.drivers.datacore.iscsi'
Jun 28 04:51:12 datacore-PowerEdge-R740 cinder-volume[2499108]: ERROR cinder.cmd.volume Traceback (most recent call last):
Jun 28 04:51:12 datacore-PowerEdge-R740 cinder-volume[2499108]: ERROR cinder.cmd.volume   File "/opt/stack/cinder/cinder/cmd/volume.py", line 99, in _launch_service
Jun 28 04:51:12 datacore-PowerEdge-R740 cinder-volume[2499108]: ERROR cinder.cmd.volume     server = service.Service.create(host=host,
Jun 28 04:51:12 datacore-PowerEdge-R740 cinder-volume[2499108]: ERROR cinder.cmd.volume   File "/opt/stack/cinder/cinder/service.py", line 394, in create
Jun 28 04:51:12 datacore-PowerEdge-R740 cinder-volume[2499108]: ERROR cinder.cmd.volume     service_obj = cls(host, binary, topic, manager,
Jun 28 04:51:12 datacore-PowerEdge-R740 cinder-volume[2499108]: ERROR cinder.cmd.volume   File "/opt/stack/cinder/cinder/service.py", line 152, in __init__
Jun 28 04:51:12 datacore-PowerEdge-R740 cinder-volume[2499108]: ERROR cinder.cmd.volume     self.manager = manager_class(host=self.host,
Jun 28 04:51:12 datacore-PowerEdge-R740 cinder-volume[2499108]: ERROR cinder.cmd.volume   File "/opt/stack/cinder/cinder/volume/manager.py", line 313, in __init__
Jun 28 04:51:12 datacore-PowerEdge-R740 cinder-volume[2499108]: ERROR cinder.cmd.volume     self.driver = importutils.import_object(
Jun 28 04:51:12 datacore-PowerEdge-R740 cinder-volume[2499108]: ERROR cinder.cmd.volume   File "/usr/local/lib/python3.8/dist-packages/oslo_utils/importutils.py", line 44, in import_object
Jun 28 04:51:12 datacore-PowerEdge-R740 cinder-volume[2499108]: ERROR cinder.cmd.volume     return import_class(import_str)(*args, **kwargs)
Jun 28 04:51:12 datacore-PowerEdge-R740 cinder-volume[2499108]: ERROR cinder.cmd.volume   File "/usr/local/lib/python3.8/dist-packages/oslo_utils/importutils.py", line 30, in import_class
Jun 28 04:51:12 datacore-PowerEdge-R740 cinder-volume[2499108]: ERROR cinder.cmd.volume     __import__(mod_str)
Jun 28 04:51:12 datacore-PowerEdge-R740 cinder-volume[2499108]: ERROR cinder.cmd.volume ModuleNotFoundError: No module named 'cinder.volume.drivers.datacore.iscsi'
Jun 28 04:51:12 datacore-PowerEdge-R740 cinder-volume[2499108]: ERROR cinder.cmd.volume 
Jun 28 04:51:12 datacore-PowerEdge-R740 cinder-volume[2499108]: ERROR cinder.cmd.volume [None req-2409baee-5c11-461a-9ac5-4ffc1e9ee93d None None] No volume service(s) started successfully, terminating.
Jun 28 04:51:12 datacore-PowerEdge-R740 cinder-volume[2499108]: /usr/lib/python3/dist-packages/secretstorage/dhcrypto.py:15: CryptographyDeprecationWarning: int_from_bytes is deprecated, use int.from_bytes instead
Jun 28 04:51:12 datacore-PowerEdge-R740 cinder-volume[2499108]:   from cryptography.utils import int_from_bytes
Jun 28 04:51:12 datacore-PowerEdge-R740 cinder-volume[2499108]: /usr/lib/python3/dist-packages/secretstorage/util.py:19: CryptographyDeprecationWarning: int_from_bytes is deprecated, use int.from_bytes instead
Jun 28 04:51:12 datacore-PowerEdge-R740 cinder-volume[2499108]:   from cryptography.utils import int_from_bytes
Jun 28 04:51:12 datacore-PowerEdge-R740 cinder-volume[2499108]: /opt/stack/cinder/cinder/db/sqlalchemy/models.py:152: SAWarning: implicitly coercing SELECT object to scalar subquery; please use the .scalar_subquery() method to produce a scalar subquery.
Jun 28 04:51:12 datacore-PowerEdge-R740 cinder-volume[2499108]:   last_heartbeat = column_property(
Jun 28 04:51:12 datacore-PowerEdge-R740 cinder-volume[2499108]: /opt/stack/cinder/cinder/db/sqlalchemy/models.py:160: SAWarning: implicitly coercing SELECT object to scalar subquery; please use the .scalar_subquery() method to produce a scalar subquery.
Jun 28 04:51:12 datacore-PowerEdge-R740 cinder-volume[2499108]:   num_hosts = column_property(
Jun 28 04:51:12 datacore-PowerEdge-R740 cinder-volume[2499108]: /opt/stack/cinder/cinder/db/sqlalchemy/models.py:169: SAWarning: implicitly coercing SELECT object to scalar subquery; please use the .scalar_subquery() method to produce a scalar subquery.
Jun 28 04:51:12 datacore-PowerEdge-R740 cinder-volume[2499108]:   num_down_hosts = column_property(
Jun 28 04:51:12 datacore-PowerEdge-R740 systemd[1]: devstack@c-vol.service: Main process exited, code=exited, status=1/FAILURE
Jun 28 04:51:12 datacore-PowerEdge-R740 systemd[1]: devstack@c-vol.service: Failed with result 'exit-code'.
