Source the openrc file
WARNING: setting legacy OS_TENANT_NAME to support cli tools.
Patch Details: GERRIT_CHANGE_NUMBER: 768105 GERRIT_PATCHSET_NUMBER: 14 GERRIT_REFSPEC: refs/changes/05/768105/14
Updating cinder code
Waiting for patchset. FROM_JENKINS: 1
Switched to branch 'master'
Your branch is up to date with 'origin/master'.
git checkout cinder master Success
Already up to date.
git pull Success
changeBranch: change-768105-14
From https://opendev.org/openstack/cinder
 * [new ref]             refs/changes/05/768105/14 -> change-768105-14
git fetch origin refs/changes/05/768105/14:change-768105-14 Success
Switched to branch 'change-768105-14'
git checkout change-768105-14 Success
Already up to date.
checkout patchset [ PASSED ]
Clearing logs
/tmp/ci-result-1656371826563
Starting iSCSI Test configuration
Updating cinder.conf with iSCSI driver details [ PASSED ]
Restarting devstack services
Cinder volume service [ FAILED ]
Already up to date.
Updating cinder-tempest-logs repo [ PASSED ]
