-- Logs begin at Fri 2022-07-08 20:37:27 IST, end at Fri 2022-07-08 21:02:37 IST. --
Jul 08 20:37:38 datacore-PowerEdge-R740 systemd[1]: Started Devstack devstack@c-vol.service.
Jul 08 20:37:40 datacore-PowerEdge-R740 cinder-volume[2529453]: DEBUG oslo_concurrency.lockutils [-] Acquired lock "singleton_lock" {{(pid=2529453) lock /usr/local/lib/python3.8/dist-packages/oslo_concurrency/lockutils.py:294}}
Jul 08 20:37:40 datacore-PowerEdge-R740 cinder-volume[2529453]: DEBUG oslo_concurrency.lockutils [-] Releasing lock "singleton_lock" {{(pid=2529453) lock /usr/local/lib/python3.8/dist-packages/oslo_concurrency/lockutils.py:312}}
Jul 08 20:37:40 datacore-PowerEdge-R740 cinder-volume[2529453]: INFO dbcounter [None req-7dc2e791-ef77-4ac4-bc21-403e0ad69466 None None] Registered counter for database cinder
Jul 08 20:37:41 datacore-PowerEdge-R740 cinder-volume[2529453]: DEBUG oslo_db.sqlalchemy.engines [None req-7dc2e791-ef77-4ac4-bc21-403e0ad69466 None None] MySQL server mode set to STRICT_TRANS_TABLES,STRICT_ALL_TABLES,NO_ZERO_IN_DATE,NO_ZERO_DATE,ERROR_FOR_DIVISION_BY_ZERO,TRADITIONAL,NO_ENGINE_SUBSTITUTION {{(pid=2529453) _check_effective_sql_mode /usr/local/lib/python3.8/dist-packages/oslo_db/sqlalchemy/engines.py:314}}
Jul 08 20:37:41 datacore-PowerEdge-R740 cinder-volume[2529453]: DEBUG dbcounter [-] [2529453] Writer thread running {{(pid=2529453) stat_writer /usr/local/lib/python3.8/dist-packages/dbcounter.py:99}}
Jul 08 20:37:41 datacore-PowerEdge-R740 cinder-volume[2529453]: INFO cinder.rpc [None req-7dc2e791-ef77-4ac4-bc21-403e0ad69466 None None] Automatically selected cinder-scheduler objects version 1.39 as minimum service version.
Jul 08 20:37:41 datacore-PowerEdge-R740 cinder-volume[2529453]: INFO cinder.rpc [None req-7dc2e791-ef77-4ac4-bc21-403e0ad69466 None None] Automatically selected cinder-scheduler RPC version 3.12 as minimum service version.
Jul 08 20:37:41 datacore-PowerEdge-R740 cinder-volume[2529453]: DEBUG oslo_db.sqlalchemy.engines [None req-7dc2e791-ef77-4ac4-bc21-403e0ad69466 None None] MySQL server mode set to STRICT_TRANS_TABLES,STRICT_ALL_TABLES,NO_ZERO_IN_DATE,NO_ZERO_DATE,ERROR_FOR_DIVISION_BY_ZERO,TRADITIONAL,NO_ENGINE_SUBSTITUTION {{(pid=2529453) _check_effective_sql_mode /usr/local/lib/python3.8/dist-packages/oslo_db/sqlalchemy/engines.py:314}}
Jul 08 20:37:41 datacore-PowerEdge-R740 cinder-volume[2529453]: INFO cinder.volume.manager [None req-7dc2e791-ef77-4ac4-bc21-403e0ad69466 None None] Determined volume DB was empty at startup.
Jul 08 20:37:41 datacore-PowerEdge-R740 cinder-volume[2529453]: DEBUG cinder.volume.manager [None req-7dc2e791-ef77-4ac4-bc21-403e0ad69466 None None] Cinder Volume DB check: vol_db_empty=True {{(pid=2529453) __init__ /opt/stack/cinder/cinder/volume/manager.py:290}}
Jul 08 20:37:41 datacore-PowerEdge-R740 cinder-volume[2529453]: WARNING stevedore.named [None req-7dc2e791-ef77-4ac4-bc21-403e0ad69466 None None] Could not load cinder.keymgr.conf_key_mgr.ConfKeyManager
Jul 08 20:37:41 datacore-PowerEdge-R740 cinder-volume[2529453]: WARNING castellan.key_manager [None req-7dc2e791-ef77-4ac4-bc21-403e0ad69466 None None] Deprecation Warning : cinder.keymgr.conf_key_mgr.ConfKeyManager is not a stevedore based driver, trying to load it as a class: stevedore.exception.NoMatches: No 'castellan.drivers' driver found, looking for 'cinder.keymgr.conf_key_mgr.ConfKeyManager'
Jul 08 20:37:41 datacore-PowerEdge-R740 cinder-volume[2529453]: WARNING cinder.keymgr.conf_key_mgr [None req-7dc2e791-ef77-4ac4-bc21-403e0ad69466 None None] This key manager is insecure and is not recommended for production deployments: stevedore.exception.NoMatches: No 'castellan.drivers' driver found, looking for 'cinder.keymgr.conf_key_mgr.ConfKeyManager'
Jul 08 20:37:41 datacore-PowerEdge-R740 cinder-volume[2529453]: ERROR cinder.cmd.volume [None req-7dc2e791-ef77-4ac4-bc21-403e0ad69466 None None] Volume service hostgroup@datacore_iscsi1 failed to start.: ModuleNotFoundError: No module named 'cinder.volume.drivers.datacore.iscsi'
Jul 08 20:37:41 datacore-PowerEdge-R740 cinder-volume[2529453]: ERROR cinder.cmd.volume Traceback (most recent call last):
Jul 08 20:37:41 datacore-PowerEdge-R740 cinder-volume[2529453]: ERROR cinder.cmd.volume   File "/opt/stack/cinder/cinder/cmd/volume.py", line 99, in _launch_service
Jul 08 20:37:41 datacore-PowerEdge-R740 cinder-volume[2529453]: ERROR cinder.cmd.volume     server = service.Service.create(host=host,
Jul 08 20:37:41 datacore-PowerEdge-R740 cinder-volume[2529453]: ERROR cinder.cmd.volume   File "/opt/stack/cinder/cinder/service.py", line 394, in create
Jul 08 20:37:41 datacore-PowerEdge-R740 cinder-volume[2529453]: ERROR cinder.cmd.volume     service_obj = cls(host, binary, topic, manager,
Jul 08 20:37:41 datacore-PowerEdge-R740 cinder-volume[2529453]: ERROR cinder.cmd.volume   File "/opt/stack/cinder/cinder/service.py", line 152, in __init__
Jul 08 20:37:41 datacore-PowerEdge-R740 cinder-volume[2529453]: ERROR cinder.cmd.volume     self.manager = manager_class(host=self.host,
Jul 08 20:37:41 datacore-PowerEdge-R740 cinder-volume[2529453]: ERROR cinder.cmd.volume   File "/opt/stack/cinder/cinder/volume/manager.py", line 313, in __init__
Jul 08 20:37:41 datacore-PowerEdge-R740 cinder-volume[2529453]: ERROR cinder.cmd.volume     self.driver = importutils.import_object(
Jul 08 20:37:41 datacore-PowerEdge-R740 cinder-volume[2529453]: ERROR cinder.cmd.volume   File "/usr/local/lib/python3.8/dist-packages/oslo_utils/importutils.py", line 44, in import_object
Jul 08 20:37:41 datacore-PowerEdge-R740 cinder-volume[2529453]: ERROR cinder.cmd.volume     return import_class(import_str)(*args, **kwargs)
Jul 08 20:37:41 datacore-PowerEdge-R740 cinder-volume[2529453]: ERROR cinder.cmd.volume   File "/usr/local/lib/python3.8/dist-packages/oslo_utils/importutils.py", line 30, in import_class
Jul 08 20:37:41 datacore-PowerEdge-R740 cinder-volume[2529453]: ERROR cinder.cmd.volume     __import__(mod_str)
Jul 08 20:37:41 datacore-PowerEdge-R740 cinder-volume[2529453]: ERROR cinder.cmd.volume ModuleNotFoundError: No module named 'cinder.volume.drivers.datacore.iscsi'
Jul 08 20:37:41 datacore-PowerEdge-R740 cinder-volume[2529453]: ERROR cinder.cmd.volume 
Jul 08 20:37:41 datacore-PowerEdge-R740 cinder-volume[2529453]: ERROR cinder.cmd.volume [None req-7dc2e791-ef77-4ac4-bc21-403e0ad69466 None None] No volume service(s) started successfully, terminating.
Jul 08 20:37:41 datacore-PowerEdge-R740 cinder-volume[2529453]: /usr/lib/python3/dist-packages/secretstorage/dhcrypto.py:15: CryptographyDeprecationWarning: int_from_bytes is deprecated, use int.from_bytes instead
Jul 08 20:37:41 datacore-PowerEdge-R740 cinder-volume[2529453]:   from cryptography.utils import int_from_bytes
Jul 08 20:37:41 datacore-PowerEdge-R740 cinder-volume[2529453]: /usr/lib/python3/dist-packages/secretstorage/util.py:19: CryptographyDeprecationWarning: int_from_bytes is deprecated, use int.from_bytes instead
Jul 08 20:37:41 datacore-PowerEdge-R740 cinder-volume[2529453]:   from cryptography.utils import int_from_bytes
Jul 08 20:37:41 datacore-PowerEdge-R740 cinder-volume[2529453]: /opt/stack/cinder/cinder/db/sqlalchemy/models.py:152: SAWarning: implicitly coercing SELECT object to scalar subquery; please use the .scalar_subquery() method to produce a scalar subquery.
Jul 08 20:37:41 datacore-PowerEdge-R740 cinder-volume[2529453]:   last_heartbeat = column_property(
Jul 08 20:37:41 datacore-PowerEdge-R740 cinder-volume[2529453]: /opt/stack/cinder/cinder/db/sqlalchemy/models.py:160: SAWarning: implicitly coercing SELECT object to scalar subquery; please use the .scalar_subquery() method to produce a scalar subquery.
Jul 08 20:37:41 datacore-PowerEdge-R740 cinder-volume[2529453]:   num_hosts = column_property(
Jul 08 20:37:41 datacore-PowerEdge-R740 cinder-volume[2529453]: /opt/stack/cinder/cinder/db/sqlalchemy/models.py:169: SAWarning: implicitly coercing SELECT object to scalar subquery; please use the .scalar_subquery() method to produce a scalar subquery.
Jul 08 20:37:41 datacore-PowerEdge-R740 cinder-volume[2529453]:   num_down_hosts = column_property(
Jul 08 20:37:41 datacore-PowerEdge-R740 systemd[1]: devstack@c-vol.service: Main process exited, code=exited, status=1/FAILURE
Jul 08 20:37:41 datacore-PowerEdge-R740 systemd[1]: devstack@c-vol.service: Failed with result 'exit-code'.
Jul 08 21:01:17 datacore-PowerEdge-R740 systemd[1]: Started Devstack devstack@c-vol.service.
Jul 08 21:01:19 datacore-PowerEdge-R740 cinder-volume[2533846]: DEBUG oslo_concurrency.lockutils [-] Acquired lock "singleton_lock" {{(pid=2533846) lock /usr/local/lib/python3.8/dist-packages/oslo_concurrency/lockutils.py:294}}
Jul 08 21:01:19 datacore-PowerEdge-R740 cinder-volume[2533846]: DEBUG oslo_concurrency.lockutils [-] Releasing lock "singleton_lock" {{(pid=2533846) lock /usr/local/lib/python3.8/dist-packages/oslo_concurrency/lockutils.py:312}}
Jul 08 21:01:19 datacore-PowerEdge-R740 cinder-volume[2533846]: INFO dbcounter [None req-9922484a-4edf-4cef-9fb6-00ef7fbcfa6b None None] Registered counter for database cinder
Jul 08 21:01:19 datacore-PowerEdge-R740 cinder-volume[2533846]: DEBUG oslo_db.sqlalchemy.engines [None req-9922484a-4edf-4cef-9fb6-00ef7fbcfa6b None None] MySQL server mode set to STRICT_TRANS_TABLES,STRICT_ALL_TABLES,NO_ZERO_IN_DATE,NO_ZERO_DATE,ERROR_FOR_DIVISION_BY_ZERO,TRADITIONAL,NO_ENGINE_SUBSTITUTION {{(pid=2533846) _check_effective_sql_mode /usr/local/lib/python3.8/dist-packages/oslo_db/sqlalchemy/engines.py:314}}
Jul 08 21:01:19 datacore-PowerEdge-R740 cinder-volume[2533846]: DEBUG dbcounter [-] [2533846] Writer thread running {{(pid=2533846) stat_writer /usr/local/lib/python3.8/dist-packages/dbcounter.py:99}}
Jul 08 21:01:20 datacore-PowerEdge-R740 cinder-volume[2533846]: INFO cinder.rpc [None req-9922484a-4edf-4cef-9fb6-00ef7fbcfa6b None None] Automatically selected cinder-scheduler objects version 1.39 as minimum service version.
Jul 08 21:01:20 datacore-PowerEdge-R740 cinder-volume[2533846]: INFO cinder.rpc [None req-9922484a-4edf-4cef-9fb6-00ef7fbcfa6b None None] Automatically selected cinder-scheduler RPC version 3.12 as minimum service version.
Jul 08 21:01:20 datacore-PowerEdge-R740 cinder-volume[2533846]: DEBUG oslo_db.sqlalchemy.engines [None req-9922484a-4edf-4cef-9fb6-00ef7fbcfa6b None None] MySQL server mode set to STRICT_TRANS_TABLES,STRICT_ALL_TABLES,NO_ZERO_IN_DATE,NO_ZERO_DATE,ERROR_FOR_DIVISION_BY_ZERO,TRADITIONAL,NO_ENGINE_SUBSTITUTION {{(pid=2533846) _check_effective_sql_mode /usr/local/lib/python3.8/dist-packages/oslo_db/sqlalchemy/engines.py:314}}
Jul 08 21:01:20 datacore-PowerEdge-R740 cinder-volume[2533846]: INFO cinder.volume.manager [None req-9922484a-4edf-4cef-9fb6-00ef7fbcfa6b None None] Determined volume DB was empty at startup.
Jul 08 21:01:20 datacore-PowerEdge-R740 cinder-volume[2533846]: DEBUG cinder.volume.manager [None req-9922484a-4edf-4cef-9fb6-00ef7fbcfa6b None None] Cinder Volume DB check: vol_db_empty=True {{(pid=2533846) __init__ /opt/stack/cinder/cinder/volume/manager.py:290}}
Jul 08 21:01:20 datacore-PowerEdge-R740 cinder-volume[2533846]: WARNING stevedore.named [None req-9922484a-4edf-4cef-9fb6-00ef7fbcfa6b None None] Could not load cinder.keymgr.conf_key_mgr.ConfKeyManager
Jul 08 21:01:20 datacore-PowerEdge-R740 cinder-volume[2533846]: WARNING castellan.key_manager [None req-9922484a-4edf-4cef-9fb6-00ef7fbcfa6b None None] Deprecation Warning : cinder.keymgr.conf_key_mgr.ConfKeyManager is not a stevedore based driver, trying to load it as a class: stevedore.exception.NoMatches: No 'castellan.drivers' driver found, looking for 'cinder.keymgr.conf_key_mgr.ConfKeyManager'
Jul 08 21:01:20 datacore-PowerEdge-R740 cinder-volume[2533846]: WARNING cinder.keymgr.conf_key_mgr [None req-9922484a-4edf-4cef-9fb6-00ef7fbcfa6b None None] This key manager is insecure and is not recommended for production deployments: stevedore.exception.NoMatches: No 'castellan.drivers' driver found, looking for 'cinder.keymgr.conf_key_mgr.ConfKeyManager'
Jul 08 21:01:20 datacore-PowerEdge-R740 cinder-volume[2533846]: ERROR cinder.cmd.volume [None req-9922484a-4edf-4cef-9fb6-00ef7fbcfa6b None None] Volume service hostgroup@datacore_iscsi1 failed to start.: ModuleNotFoundError: No module named 'cinder.volume.drivers.datacore.iscsi'
Jul 08 21:01:20 datacore-PowerEdge-R740 cinder-volume[2533846]: ERROR cinder.cmd.volume Traceback (most recent call last):
Jul 08 21:01:20 datacore-PowerEdge-R740 cinder-volume[2533846]: ERROR cinder.cmd.volume   File "/opt/stack/cinder/cinder/cmd/volume.py", line 99, in _launch_service
Jul 08 21:01:20 datacore-PowerEdge-R740 cinder-volume[2533846]: ERROR cinder.cmd.volume     server = service.Service.create(host=host,
Jul 08 21:01:20 datacore-PowerEdge-R740 cinder-volume[2533846]: ERROR cinder.cmd.volume   File "/opt/stack/cinder/cinder/service.py", line 394, in create
Jul 08 21:01:20 datacore-PowerEdge-R740 cinder-volume[2533846]: ERROR cinder.cmd.volume     service_obj = cls(host, binary, topic, manager,
Jul 08 21:01:20 datacore-PowerEdge-R740 cinder-volume[2533846]: ERROR cinder.cmd.volume   File "/opt/stack/cinder/cinder/service.py", line 152, in __init__
Jul 08 21:01:20 datacore-PowerEdge-R740 cinder-volume[2533846]: ERROR cinder.cmd.volume     self.manager = manager_class(host=self.host,
Jul 08 21:01:20 datacore-PowerEdge-R740 cinder-volume[2533846]: ERROR cinder.cmd.volume   File "/opt/stack/cinder/cinder/volume/manager.py", line 313, in __init__
Jul 08 21:01:20 datacore-PowerEdge-R740 cinder-volume[2533846]: ERROR cinder.cmd.volume     self.driver = importutils.import_object(
Jul 08 21:01:20 datacore-PowerEdge-R740 cinder-volume[2533846]: ERROR cinder.cmd.volume   File "/usr/local/lib/python3.8/dist-packages/oslo_utils/importutils.py", line 44, in import_object
Jul 08 21:01:20 datacore-PowerEdge-R740 cinder-volume[2533846]: ERROR cinder.cmd.volume     return import_class(import_str)(*args, **kwargs)
Jul 08 21:01:20 datacore-PowerEdge-R740 cinder-volume[2533846]: ERROR cinder.cmd.volume   File "/usr/local/lib/python3.8/dist-packages/oslo_utils/importutils.py", line 30, in import_class
Jul 08 21:01:20 datacore-PowerEdge-R740 cinder-volume[2533846]: ERROR cinder.cmd.volume     __import__(mod_str)
Jul 08 21:01:20 datacore-PowerEdge-R740 cinder-volume[2533846]: ERROR cinder.cmd.volume ModuleNotFoundError: No module named 'cinder.volume.drivers.datacore.iscsi'
Jul 08 21:01:20 datacore-PowerEdge-R740 cinder-volume[2533846]: ERROR cinder.cmd.volume 
Jul 08 21:01:20 datacore-PowerEdge-R740 cinder-volume[2533846]: ERROR cinder.cmd.volume [None req-9922484a-4edf-4cef-9fb6-00ef7fbcfa6b None None] No volume service(s) started successfully, terminating.
Jul 08 21:01:20 datacore-PowerEdge-R740 cinder-volume[2533846]: /usr/lib/python3/dist-packages/secretstorage/dhcrypto.py:15: CryptographyDeprecationWarning: int_from_bytes is deprecated, use int.from_bytes instead
Jul 08 21:01:20 datacore-PowerEdge-R740 cinder-volume[2533846]:   from cryptography.utils import int_from_bytes
Jul 08 21:01:20 datacore-PowerEdge-R740 cinder-volume[2533846]: /usr/lib/python3/dist-packages/secretstorage/util.py:19: CryptographyDeprecationWarning: int_from_bytes is deprecated, use int.from_bytes instead
Jul 08 21:01:20 datacore-PowerEdge-R740 cinder-volume[2533846]:   from cryptography.utils import int_from_bytes
Jul 08 21:01:20 datacore-PowerEdge-R740 cinder-volume[2533846]: /opt/stack/cinder/cinder/db/sqlalchemy/models.py:152: SAWarning: implicitly coercing SELECT object to scalar subquery; please use the .scalar_subquery() method to produce a scalar subquery.
Jul 08 21:01:20 datacore-PowerEdge-R740 cinder-volume[2533846]:   last_heartbeat = column_property(
Jul 08 21:01:20 datacore-PowerEdge-R740 cinder-volume[2533846]: /opt/stack/cinder/cinder/db/sqlalchemy/models.py:160: SAWarning: implicitly coercing SELECT object to scalar subquery; please use the .scalar_subquery() method to produce a scalar subquery.
Jul 08 21:01:20 datacore-PowerEdge-R740 cinder-volume[2533846]:   num_hosts = column_property(
Jul 08 21:01:20 datacore-PowerEdge-R740 cinder-volume[2533846]: /opt/stack/cinder/cinder/db/sqlalchemy/models.py:169: SAWarning: implicitly coercing SELECT object to scalar subquery; please use the .scalar_subquery() method to produce a scalar subquery.
Jul 08 21:01:20 datacore-PowerEdge-R740 cinder-volume[2533846]:   num_down_hosts = column_property(
Jul 08 21:01:20 datacore-PowerEdge-R740 systemd[1]: devstack@c-vol.service: Main process exited, code=exited, status=1/FAILURE
Jul 08 21:01:20 datacore-PowerEdge-R740 systemd[1]: devstack@c-vol.service: Failed with result 'exit-code'.
Jul 08 21:01:34 datacore-PowerEdge-R740 systemd[1]: Started Devstack devstack@c-vol.service.
Jul 08 21:01:36 datacore-PowerEdge-R740 cinder-volume[2534551]: DEBUG oslo_concurrency.lockutils [-] Acquired lock "singleton_lock" {{(pid=2534551) lock /usr/local/lib/python3.8/dist-packages/oslo_concurrency/lockutils.py:294}}
Jul 08 21:01:36 datacore-PowerEdge-R740 cinder-volume[2534551]: DEBUG oslo_concurrency.lockutils [-] Releasing lock "singleton_lock" {{(pid=2534551) lock /usr/local/lib/python3.8/dist-packages/oslo_concurrency/lockutils.py:312}}
Jul 08 21:01:37 datacore-PowerEdge-R740 cinder-volume[2534551]: INFO dbcounter [None req-fa1d8b6b-8ae9-4a9a-9995-f8785d822f42 None None] Registered counter for database cinder
Jul 08 21:01:37 datacore-PowerEdge-R740 cinder-volume[2534551]: DEBUG oslo_db.sqlalchemy.engines [None req-fa1d8b6b-8ae9-4a9a-9995-f8785d822f42 None None] MySQL server mode set to STRICT_TRANS_TABLES,STRICT_ALL_TABLES,NO_ZERO_IN_DATE,NO_ZERO_DATE,ERROR_FOR_DIVISION_BY_ZERO,TRADITIONAL,NO_ENGINE_SUBSTITUTION {{(pid=2534551) _check_effective_sql_mode /usr/local/lib/python3.8/dist-packages/oslo_db/sqlalchemy/engines.py:314}}
Jul 08 21:01:37 datacore-PowerEdge-R740 cinder-volume[2534551]: DEBUG dbcounter [-] [2534551] Writer thread running {{(pid=2534551) stat_writer /usr/local/lib/python3.8/dist-packages/dbcounter.py:99}}
Jul 08 21:01:37 datacore-PowerEdge-R740 cinder-volume[2534551]: INFO cinder.rpc [None req-fa1d8b6b-8ae9-4a9a-9995-f8785d822f42 None None] Automatically selected cinder-scheduler objects version 1.39 as minimum service version.
Jul 08 21:01:37 datacore-PowerEdge-R740 cinder-volume[2534551]: INFO cinder.rpc [None req-fa1d8b6b-8ae9-4a9a-9995-f8785d822f42 None None] Automatically selected cinder-scheduler RPC version 3.12 as minimum service version.
Jul 08 21:01:37 datacore-PowerEdge-R740 cinder-volume[2534551]: DEBUG oslo_db.sqlalchemy.engines [None req-fa1d8b6b-8ae9-4a9a-9995-f8785d822f42 None None] MySQL server mode set to STRICT_TRANS_TABLES,STRICT_ALL_TABLES,NO_ZERO_IN_DATE,NO_ZERO_DATE,ERROR_FOR_DIVISION_BY_ZERO,TRADITIONAL,NO_ENGINE_SUBSTITUTION {{(pid=2534551) _check_effective_sql_mode /usr/local/lib/python3.8/dist-packages/oslo_db/sqlalchemy/engines.py:314}}
Jul 08 21:01:37 datacore-PowerEdge-R740 cinder-volume[2534551]: INFO cinder.volume.manager [None req-fa1d8b6b-8ae9-4a9a-9995-f8785d822f42 None None] Determined volume DB was empty at startup.
Jul 08 21:01:37 datacore-PowerEdge-R740 cinder-volume[2534551]: DEBUG cinder.volume.manager [None req-fa1d8b6b-8ae9-4a9a-9995-f8785d822f42 None None] Cinder Volume DB check: vol_db_empty=True {{(pid=2534551) __init__ /opt/stack/cinder/cinder/volume/manager.py:290}}
Jul 08 21:01:37 datacore-PowerEdge-R740 cinder-volume[2534551]: WARNING stevedore.named [None req-fa1d8b6b-8ae9-4a9a-9995-f8785d822f42 None None] Could not load cinder.keymgr.conf_key_mgr.ConfKeyManager
Jul 08 21:01:37 datacore-PowerEdge-R740 cinder-volume[2534551]: WARNING castellan.key_manager [None req-fa1d8b6b-8ae9-4a9a-9995-f8785d822f42 None None] Deprecation Warning : cinder.keymgr.conf_key_mgr.ConfKeyManager is not a stevedore based driver, trying to load it as a class: stevedore.exception.NoMatches: No 'castellan.drivers' driver found, looking for 'cinder.keymgr.conf_key_mgr.ConfKeyManager'
Jul 08 21:01:37 datacore-PowerEdge-R740 cinder-volume[2534551]: WARNING cinder.keymgr.conf_key_mgr [None req-fa1d8b6b-8ae9-4a9a-9995-f8785d822f42 None None] This key manager is insecure and is not recommended for production deployments: stevedore.exception.NoMatches: No 'castellan.drivers' driver found, looking for 'cinder.keymgr.conf_key_mgr.ConfKeyManager'
Jul 08 21:01:37 datacore-PowerEdge-R740 cinder-volume[2534551]: ERROR cinder.cmd.volume [None req-fa1d8b6b-8ae9-4a9a-9995-f8785d822f42 None None] Volume service hostgroup@datacore_iscsi1 failed to start.: ModuleNotFoundError: No module named 'cinder.volume.drivers.datacore.iscsi'
Jul 08 21:01:37 datacore-PowerEdge-R740 cinder-volume[2534551]: ERROR cinder.cmd.volume Traceback (most recent call last):
Jul 08 21:01:37 datacore-PowerEdge-R740 cinder-volume[2534551]: ERROR cinder.cmd.volume   File "/opt/stack/cinder/cinder/cmd/volume.py", line 99, in _launch_service
Jul 08 21:01:37 datacore-PowerEdge-R740 cinder-volume[2534551]: ERROR cinder.cmd.volume     server = service.Service.create(host=host,
Jul 08 21:01:37 datacore-PowerEdge-R740 cinder-volume[2534551]: ERROR cinder.cmd.volume   File "/opt/stack/cinder/cinder/service.py", line 394, in create
Jul 08 21:01:37 datacore-PowerEdge-R740 cinder-volume[2534551]: ERROR cinder.cmd.volume     service_obj = cls(host, binary, topic, manager,
Jul 08 21:01:37 datacore-PowerEdge-R740 cinder-volume[2534551]: ERROR cinder.cmd.volume   File "/opt/stack/cinder/cinder/service.py", line 152, in __init__
Jul 08 21:01:37 datacore-PowerEdge-R740 cinder-volume[2534551]: ERROR cinder.cmd.volume     self.manager = manager_class(host=self.host,
Jul 08 21:01:37 datacore-PowerEdge-R740 cinder-volume[2534551]: ERROR cinder.cmd.volume   File "/opt/stack/cinder/cinder/volume/manager.py", line 313, in __init__
Jul 08 21:01:37 datacore-PowerEdge-R740 cinder-volume[2534551]: ERROR cinder.cmd.volume     self.driver = importutils.import_object(
Jul 08 21:01:37 datacore-PowerEdge-R740 cinder-volume[2534551]: ERROR cinder.cmd.volume   File "/usr/local/lib/python3.8/dist-packages/oslo_utils/importutils.py", line 44, in import_object
Jul 08 21:01:37 datacore-PowerEdge-R740 cinder-volume[2534551]: ERROR cinder.cmd.volume     return import_class(import_str)(*args, **kwargs)
Jul 08 21:01:37 datacore-PowerEdge-R740 cinder-volume[2534551]: ERROR cinder.cmd.volume   File "/usr/local/lib/python3.8/dist-packages/oslo_utils/importutils.py", line 30, in import_class
Jul 08 21:01:37 datacore-PowerEdge-R740 cinder-volume[2534551]: ERROR cinder.cmd.volume     __import__(mod_str)
Jul 08 21:01:37 datacore-PowerEdge-R740 cinder-volume[2534551]: ERROR cinder.cmd.volume ModuleNotFoundError: No module named 'cinder.volume.drivers.datacore.iscsi'
Jul 08 21:01:37 datacore-PowerEdge-R740 cinder-volume[2534551]: ERROR cinder.cmd.volume 
Jul 08 21:01:37 datacore-PowerEdge-R740 cinder-volume[2534551]: ERROR cinder.cmd.volume [None req-fa1d8b6b-8ae9-4a9a-9995-f8785d822f42 None None] No volume service(s) started successfully, terminating.
Jul 08 21:01:37 datacore-PowerEdge-R740 cinder-volume[2534551]: /usr/lib/python3/dist-packages/secretstorage/dhcrypto.py:15: CryptographyDeprecationWarning: int_from_bytes is deprecated, use int.from_bytes instead
Jul 08 21:01:37 datacore-PowerEdge-R740 cinder-volume[2534551]:   from cryptography.utils import int_from_bytes
Jul 08 21:01:37 datacore-PowerEdge-R740 cinder-volume[2534551]: /usr/lib/python3/dist-packages/secretstorage/util.py:19: CryptographyDeprecationWarning: int_from_bytes is deprecated, use int.from_bytes instead
Jul 08 21:01:37 datacore-PowerEdge-R740 cinder-volume[2534551]:   from cryptography.utils import int_from_bytes
Jul 08 21:01:37 datacore-PowerEdge-R740 cinder-volume[2534551]: /opt/stack/cinder/cinder/db/sqlalchemy/models.py:152: SAWarning: implicitly coercing SELECT object to scalar subquery; please use the .scalar_subquery() method to produce a scalar subquery.
Jul 08 21:01:37 datacore-PowerEdge-R740 cinder-volume[2534551]:   last_heartbeat = column_property(
Jul 08 21:01:37 datacore-PowerEdge-R740 cinder-volume[2534551]: /opt/stack/cinder/cinder/db/sqlalchemy/models.py:160: SAWarning: implicitly coercing SELECT object to scalar subquery; please use the .scalar_subquery() method to produce a scalar subquery.
Jul 08 21:01:37 datacore-PowerEdge-R740 cinder-volume[2534551]:   num_hosts = column_property(
Jul 08 21:01:37 datacore-PowerEdge-R740 cinder-volume[2534551]: /opt/stack/cinder/cinder/db/sqlalchemy/models.py:169: SAWarning: implicitly coercing SELECT object to scalar subquery; please use the .scalar_subquery() method to produce a scalar subquery.
Jul 08 21:01:37 datacore-PowerEdge-R740 cinder-volume[2534551]:   num_down_hosts = column_property(
Jul 08 21:01:38 datacore-PowerEdge-R740 systemd[1]: devstack@c-vol.service: Main process exited, code=exited, status=1/FAILURE
Jul 08 21:01:38 datacore-PowerEdge-R740 systemd[1]: devstack@c-vol.service: Failed with result 'exit-code'.
