-- Logs begin at Wed 2022-09-14 18:37:00 IST, end at Wed 2022-09-14 18:37:12 IST. --
Sep 14 18:37:01 datacore-PowerEdge-R740 sudo[2320917]: pam_unix(sudo:session): session closed for user root
Sep 14 18:37:01 datacore-PowerEdge-R740 cinder-volume[2320812]: DEBUG oslo_concurrency.processutils [None req-5d083c02-5f5e-4ab3-907e-c802bc0a1aa2 None None] CMD "sudo cinder-rootwrap /etc/cinder/rootwrap.conf env LC_ALL=C pvs --noheadings --unit=g -o vg_name,name,size,free --separator | --nosuffix --ignoreskippedcluster" returned: 0 in 0.846s {{(pid=2320812) execute /usr/local/lib/python3.8/dist-packages/oslo_concurrency/processutils.py:422}}
Sep 14 18:37:01 datacore-PowerEdge-R740 cinder-volume[2320812]: DEBUG oslo_concurrency.processutils [None req-5d083c02-5f5e-4ab3-907e-c802bc0a1aa2 None None] Running cmd (subprocess): sudo cinder-rootwrap /etc/cinder/rootwrap.conf env LC_ALL=C vgs --noheadings --unit=g -o name,size,free,lv_count,uuid --separator : --nosuffix stack-volumes-lvmdriver-1 {{(pid=2320812) execute /usr/local/lib/python3.8/dist-packages/oslo_concurrency/processutils.py:384}}
Sep 14 18:37:01 datacore-PowerEdge-R740 sudo[2320982]:    stack : TTY=unknown ; PWD=/ ; USER=root ; COMMAND=/usr/local/bin/cinder-rootwrap /etc/cinder/rootwrap.conf env LC_ALL=C vgs --noheadings --unit=g -o name,size,free,lv_count,uuid --separator : --nosuffix stack-volumes-lvmdriver-1
Sep 14 18:37:01 datacore-PowerEdge-R740 sudo[2320982]: pam_unix(sudo:session): session opened for user root by (uid=0)
Sep 14 18:37:02 datacore-PowerEdge-R740 sudo[2320982]: pam_unix(sudo:session): session closed for user root
Sep 14 18:37:02 datacore-PowerEdge-R740 cinder-volume[2320812]: DEBUG oslo_concurrency.processutils [None req-5d083c02-5f5e-4ab3-907e-c802bc0a1aa2 None None] CMD "sudo cinder-rootwrap /etc/cinder/rootwrap.conf env LC_ALL=C vgs --noheadings --unit=g -o name,size,free,lv_count,uuid --separator : --nosuffix stack-volumes-lvmdriver-1" returned: 0 in 0.824s {{(pid=2320812) execute /usr/local/lib/python3.8/dist-packages/oslo_concurrency/processutils.py:422}}
Sep 14 18:37:02 datacore-PowerEdge-R740 cinder-volume[2320812]: DEBUG oslo_concurrency.processutils [None req-5d083c02-5f5e-4ab3-907e-c802bc0a1aa2 None None] Running cmd (subprocess): sudo cinder-rootwrap /etc/cinder/rootwrap.conf env LC_ALL=C vgs --noheadings --unit=g -o name,size,free,lv_count,uuid --separator : --nosuffix stack-volumes-lvmdriver-1 {{(pid=2320812) execute /usr/local/lib/python3.8/dist-packages/oslo_concurrency/processutils.py:384}}
Sep 14 18:37:02 datacore-PowerEdge-R740 sudo[2321109]:    stack : TTY=unknown ; PWD=/ ; USER=root ; COMMAND=/usr/local/bin/cinder-rootwrap /etc/cinder/rootwrap.conf env LC_ALL=C vgs --noheadings --unit=g -o name,size,free,lv_count,uuid --separator : --nosuffix stack-volumes-lvmdriver-1
Sep 14 18:37:02 datacore-PowerEdge-R740 sudo[2321109]: pam_unix(sudo:session): session opened for user root by (uid=0)
Sep 14 18:37:02 datacore-PowerEdge-R740 sudo[2321109]: pam_unix(sudo:session): session closed for user root
Sep 14 18:37:02 datacore-PowerEdge-R740 cinder-volume[2320812]: DEBUG oslo_concurrency.processutils [None req-5d083c02-5f5e-4ab3-907e-c802bc0a1aa2 None None] CMD "sudo cinder-rootwrap /etc/cinder/rootwrap.conf env LC_ALL=C vgs --noheadings --unit=g -o name,size,free,lv_count,uuid --separator : --nosuffix stack-volumes-lvmdriver-1" returned: 0 in 0.690s {{(pid=2320812) execute /usr/local/lib/python3.8/dist-packages/oslo_concurrency/processutils.py:422}}
Sep 14 18:37:02 datacore-PowerEdge-R740 cinder-volume[2320812]: DEBUG oslo_concurrency.processutils [None req-5d083c02-5f5e-4ab3-907e-c802bc0a1aa2 None None] Running cmd (subprocess): sudo cinder-rootwrap /etc/cinder/rootwrap.conf env LC_ALL=C lvs --noheadings --unit=g -o vg_name,name,size --nosuffix --readonly stack-volumes-lvmdriver-1 {{(pid=2320812) execute /usr/local/lib/python3.8/dist-packages/oslo_concurrency/processutils.py:384}}
Sep 14 18:37:02 datacore-PowerEdge-R740 sudo[2321117]:    stack : TTY=unknown ; PWD=/ ; USER=root ; COMMAND=/usr/local/bin/cinder-rootwrap /etc/cinder/rootwrap.conf env LC_ALL=C lvs --noheadings --unit=g -o vg_name,name,size --nosuffix --readonly stack-volumes-lvmdriver-1
Sep 14 18:37:02 datacore-PowerEdge-R740 sudo[2321117]: pam_unix(sudo:session): session opened for user root by (uid=0)
Sep 14 18:37:03 datacore-PowerEdge-R740 sudo[2321117]: pam_unix(sudo:session): session closed for user root
Sep 14 18:37:03 datacore-PowerEdge-R740 cinder-volume[2320812]: DEBUG oslo_concurrency.processutils [None req-5d083c02-5f5e-4ab3-907e-c802bc0a1aa2 None None] CMD "sudo cinder-rootwrap /etc/cinder/rootwrap.conf env LC_ALL=C lvs --noheadings --unit=g -o vg_name,name,size --nosuffix --readonly stack-volumes-lvmdriver-1" returned: 0 in 0.683s {{(pid=2320812) execute /usr/local/lib/python3.8/dist-packages/oslo_concurrency/processutils.py:422}}
Sep 14 18:37:03 datacore-PowerEdge-R740 cinder-volume[2320812]: DEBUG oslo_concurrency.processutils [None req-5d083c02-5f5e-4ab3-907e-c802bc0a1aa2 None None] Running cmd (subprocess): sudo cinder-rootwrap /etc/cinder/rootwrap.conf env LC_ALL=C lvs --noheadings --unit=g -o size,data_percent --separator : --nosuffix /dev/stack-volumes-lvmdriver-1/stack-volumes-lvmdriver-1-pool {{(pid=2320812) execute /usr/local/lib/python3.8/dist-packages/oslo_concurrency/processutils.py:384}}
Sep 14 18:37:03 datacore-PowerEdge-R740 sudo[2321140]:    stack : TTY=unknown ; PWD=/ ; USER=root ; COMMAND=/usr/local/bin/cinder-rootwrap /etc/cinder/rootwrap.conf env LC_ALL=C lvs --noheadings --unit=g -o size,data_percent --separator : --nosuffix /dev/stack-volumes-lvmdriver-1/stack-volumes-lvmdriver-1-pool
Sep 14 18:37:03 datacore-PowerEdge-R740 sudo[2321140]: pam_unix(sudo:session): session opened for user root by (uid=0)
Sep 14 18:37:04 datacore-PowerEdge-R740 sudo[2321140]: pam_unix(sudo:session): session closed for user root
Sep 14 18:37:04 datacore-PowerEdge-R740 cinder-volume[2320812]: DEBUG oslo_concurrency.processutils [None req-5d083c02-5f5e-4ab3-907e-c802bc0a1aa2 None None] CMD "sudo cinder-rootwrap /etc/cinder/rootwrap.conf env LC_ALL=C lvs --noheadings --unit=g -o size,data_percent --separator : --nosuffix /dev/stack-volumes-lvmdriver-1/stack-volumes-lvmdriver-1-pool" returned: 0 in 0.640s {{(pid=2320812) execute /usr/local/lib/python3.8/dist-packages/oslo_concurrency/processutils.py:422}}
Sep 14 18:37:04 datacore-PowerEdge-R740 cinder-volume[2320812]: DEBUG oslo_concurrency.processutils [None req-5d083c02-5f5e-4ab3-907e-c802bc0a1aa2 None None] Running cmd (subprocess): env LC_ALL=C lvm version {{(pid=2320812) execute /usr/local/lib/python3.8/dist-packages/oslo_concurrency/processutils.py:384}}
Sep 14 18:37:04 datacore-PowerEdge-R740 cinder-volume[2320812]: DEBUG oslo_concurrency.processutils [None req-5d083c02-5f5e-4ab3-907e-c802bc0a1aa2 None None] CMD "env LC_ALL=C lvm version" returned: 0 in 0.015s {{(pid=2320812) execute /usr/local/lib/python3.8/dist-packages/oslo_concurrency/processutils.py:422}}
Sep 14 18:37:04 datacore-PowerEdge-R740 cinder-volume[2320812]: DEBUG oslo_concurrency.processutils [None req-5d083c02-5f5e-4ab3-907e-c802bc0a1aa2 None None] Running cmd (subprocess): sudo cinder-rootwrap /etc/cinder/rootwrap.conf env LC_ALL=C lvs --noheadings --unit=g -o vg_name,name,size --nosuffix --readonly stack-volumes-lvmdriver-1/stack-volumes-lvmdriver-1-pool {{(pid=2320812) execute /usr/local/lib/python3.8/dist-packages/oslo_concurrency/processutils.py:384}}
Sep 14 18:37:04 datacore-PowerEdge-R740 sudo[2321145]:    stack : TTY=unknown ; PWD=/ ; USER=root ; COMMAND=/usr/local/bin/cinder-rootwrap /etc/cinder/rootwrap.conf env LC_ALL=C lvs --noheadings --unit=g -o vg_name,name,size --nosuffix --readonly stack-volumes-lvmdriver-1/stack-volumes-lvmdriver-1-pool
Sep 14 18:37:04 datacore-PowerEdge-R740 sudo[2321145]: pam_unix(sudo:session): session opened for user root by (uid=0)
Sep 14 18:37:04 datacore-PowerEdge-R740 sudo[2321145]: pam_unix(sudo:session): session closed for user root
Sep 14 18:37:04 datacore-PowerEdge-R740 cinder-volume[2320812]: DEBUG oslo_concurrency.processutils [None req-5d083c02-5f5e-4ab3-907e-c802bc0a1aa2 None None] CMD "sudo cinder-rootwrap /etc/cinder/rootwrap.conf env LC_ALL=C lvs --noheadings --unit=g -o vg_name,name,size --nosuffix --readonly stack-volumes-lvmdriver-1/stack-volumes-lvmdriver-1-pool" returned: 0 in 0.665s {{(pid=2320812) execute /usr/local/lib/python3.8/dist-packages/oslo_concurrency/processutils.py:422}}
Sep 14 18:37:04 datacore-PowerEdge-R740 cinder-volume[2320812]: INFO cinder.volume.drivers.lvm [None req-5d083c02-5f5e-4ab3-907e-c802bc0a1aa2 None None] Enabling LVM thin provisioning by default because a thin pool exists.
Sep 14 18:37:04 datacore-PowerEdge-R740 cinder-volume[2320812]: DEBUG oslo_concurrency.processutils [None req-5d083c02-5f5e-4ab3-907e-c802bc0a1aa2 None None] Running cmd (subprocess): env LC_ALL=C lvm version {{(pid=2320812) execute /usr/local/lib/python3.8/dist-packages/oslo_concurrency/processutils.py:384}}
Sep 14 18:37:04 datacore-PowerEdge-R740 cinder-volume[2320812]: DEBUG oslo_concurrency.processutils [None req-5d083c02-5f5e-4ab3-907e-c802bc0a1aa2 None None] CMD "env LC_ALL=C lvm version" returned: 0 in 0.017s {{(pid=2320812) execute /usr/local/lib/python3.8/dist-packages/oslo_concurrency/processutils.py:422}}
Sep 14 18:37:04 datacore-PowerEdge-R740 cinder-volume[2320812]: DEBUG oslo_concurrency.processutils [None req-5d083c02-5f5e-4ab3-907e-c802bc0a1aa2 None None] Running cmd (subprocess): sudo cinder-rootwrap /etc/cinder/rootwrap.conf env LC_ALL=C lvs --noheadings --unit=g -o vg_name,name,size --nosuffix --readonly stack-volumes-lvmdriver-1/stack-volumes-lvmdriver-1-pool {{(pid=2320812) execute /usr/local/lib/python3.8/dist-packages/oslo_concurrency/processutils.py:384}}
Sep 14 18:37:04 datacore-PowerEdge-R740 sudo[2321163]:    stack : TTY=unknown ; PWD=/ ; USER=root ; COMMAND=/usr/local/bin/cinder-rootwrap /etc/cinder/rootwrap.conf env LC_ALL=C lvs --noheadings --unit=g -o vg_name,name,size --nosuffix --readonly stack-volumes-lvmdriver-1/stack-volumes-lvmdriver-1-pool
Sep 14 18:37:04 datacore-PowerEdge-R740 sudo[2321163]: pam_unix(sudo:session): session opened for user root by (uid=0)
Sep 14 18:37:05 datacore-PowerEdge-R740 sudo[2321163]: pam_unix(sudo:session): session closed for user root
Sep 14 18:37:05 datacore-PowerEdge-R740 cinder-volume[2320812]: DEBUG oslo_concurrency.processutils [None req-5d083c02-5f5e-4ab3-907e-c802bc0a1aa2 None None] CMD "sudo cinder-rootwrap /etc/cinder/rootwrap.conf env LC_ALL=C lvs --noheadings --unit=g -o vg_name,name,size --nosuffix --readonly stack-volumes-lvmdriver-1/stack-volumes-lvmdriver-1-pool" returned: 0 in 0.614s {{(pid=2320812) execute /usr/local/lib/python3.8/dist-packages/oslo_concurrency/processutils.py:422}}
Sep 14 18:37:05 datacore-PowerEdge-R740 cinder-volume[2320812]: DEBUG cinder.volume.drivers.lvm [None req-5d083c02-5f5e-4ab3-907e-c802bc0a1aa2 None None] Updating volume stats {{(pid=2320812) _update_volume_stats /opt/stack/cinder/cinder/volume/drivers/lvm.py:213}}
Sep 14 18:37:05 datacore-PowerEdge-R740 cinder-volume[2320812]: DEBUG oslo_concurrency.processutils [None req-5d083c02-5f5e-4ab3-907e-c802bc0a1aa2 None None] Running cmd (subprocess): sudo cinder-rootwrap /etc/cinder/rootwrap.conf env LC_ALL=C vgs --noheadings --unit=g -o name,size,free,lv_count,uuid --separator : --nosuffix stack-volumes-lvmdriver-1 {{(pid=2320812) execute /usr/local/lib/python3.8/dist-packages/oslo_concurrency/processutils.py:384}}
Sep 14 18:37:05 datacore-PowerEdge-R740 sudo[2321169]:    stack : TTY=unknown ; PWD=/ ; USER=root ; COMMAND=/usr/local/bin/cinder-rootwrap /etc/cinder/rootwrap.conf env LC_ALL=C vgs --noheadings --unit=g -o name,size,free,lv_count,uuid --separator : --nosuffix stack-volumes-lvmdriver-1
Sep 14 18:37:05 datacore-PowerEdge-R740 sudo[2321169]: pam_unix(sudo:session): session opened for user root by (uid=0)
Sep 14 18:37:06 datacore-PowerEdge-R740 sudo[2321169]: pam_unix(sudo:session): session closed for user root
Sep 14 18:37:06 datacore-PowerEdge-R740 cinder-volume[2320812]: DEBUG oslo_concurrency.processutils [None req-5d083c02-5f5e-4ab3-907e-c802bc0a1aa2 None None] CMD "sudo cinder-rootwrap /etc/cinder/rootwrap.conf env LC_ALL=C vgs --noheadings --unit=g -o name,size,free,lv_count,uuid --separator : --nosuffix stack-volumes-lvmdriver-1" returned: 0 in 0.664s {{(pid=2320812) execute /usr/local/lib/python3.8/dist-packages/oslo_concurrency/processutils.py:422}}
Sep 14 18:37:06 datacore-PowerEdge-R740 cinder-volume[2320812]: DEBUG oslo_concurrency.processutils [None req-5d083c02-5f5e-4ab3-907e-c802bc0a1aa2 None None] Running cmd (subprocess): sudo cinder-rootwrap /etc/cinder/rootwrap.conf env LC_ALL=C lvs --noheadings --unit=g -o vg_name,name,size --nosuffix --readonly stack-volumes-lvmdriver-1 {{(pid=2320812) execute /usr/local/lib/python3.8/dist-packages/oslo_concurrency/processutils.py:384}}
Sep 14 18:37:06 datacore-PowerEdge-R740 sudo[2321173]:    stack : TTY=unknown ; PWD=/ ; USER=root ; COMMAND=/usr/local/bin/cinder-rootwrap /etc/cinder/rootwrap.conf env LC_ALL=C lvs --noheadings --unit=g -o vg_name,name,size --nosuffix --readonly stack-volumes-lvmdriver-1
Sep 14 18:37:06 datacore-PowerEdge-R740 sudo[2321173]: pam_unix(sudo:session): session opened for user root by (uid=0)
Sep 14 18:37:06 datacore-PowerEdge-R740 sudo[2321173]: pam_unix(sudo:session): session closed for user root
Sep 14 18:37:06 datacore-PowerEdge-R740 cinder-volume[2320812]: DEBUG oslo_concurrency.processutils [None req-5d083c02-5f5e-4ab3-907e-c802bc0a1aa2 None None] CMD "sudo cinder-rootwrap /etc/cinder/rootwrap.conf env LC_ALL=C lvs --noheadings --unit=g -o vg_name,name,size --nosuffix --readonly stack-volumes-lvmdriver-1" returned: 0 in 0.660s {{(pid=2320812) execute /usr/local/lib/python3.8/dist-packages/oslo_concurrency/processutils.py:422}}
Sep 14 18:37:06 datacore-PowerEdge-R740 cinder-volume[2320812]: DEBUG oslo_concurrency.processutils [None req-5d083c02-5f5e-4ab3-907e-c802bc0a1aa2 None None] Running cmd (subprocess): sudo cinder-rootwrap /etc/cinder/rootwrap.conf env LC_ALL=C lvs --noheadings --unit=g -o size,data_percent --separator : --nosuffix /dev/stack-volumes-lvmdriver-1/stack-volumes-lvmdriver-1-pool {{(pid=2320812) execute /usr/local/lib/python3.8/dist-packages/oslo_concurrency/processutils.py:384}}
Sep 14 18:37:06 datacore-PowerEdge-R740 sudo[2321177]:    stack : TTY=unknown ; PWD=/ ; USER=root ; COMMAND=/usr/local/bin/cinder-rootwrap /etc/cinder/rootwrap.conf env LC_ALL=C lvs --noheadings --unit=g -o size,data_percent --separator : --nosuffix /dev/stack-volumes-lvmdriver-1/stack-volumes-lvmdriver-1-pool
Sep 14 18:37:06 datacore-PowerEdge-R740 sudo[2321177]: pam_unix(sudo:session): session opened for user root by (uid=0)
Sep 14 18:37:06 datacore-PowerEdge-R740 cinder-volume[2320592]: DEBUG dbcounter [-] [2320592] Writing DB stats cinder:SELECT=16,cinder:UPDATE=1 {{(pid=2320592) stat_writer /usr/local/lib/python3.8/dist-packages/dbcounter.py:114}}
Sep 14 18:37:07 datacore-PowerEdge-R740 sudo[2321177]: pam_unix(sudo:session): session closed for user root
Sep 14 18:37:07 datacore-PowerEdge-R740 cinder-volume[2320812]: DEBUG oslo_concurrency.processutils [None req-5d083c02-5f5e-4ab3-907e-c802bc0a1aa2 None None] CMD "sudo cinder-rootwrap /etc/cinder/rootwrap.conf env LC_ALL=C lvs --noheadings --unit=g -o size,data_percent --separator : --nosuffix /dev/stack-volumes-lvmdriver-1/stack-volumes-lvmdriver-1-pool" returned: 0 in 0.641s {{(pid=2320812) execute /usr/local/lib/python3.8/dist-packages/oslo_concurrency/processutils.py:422}}
Sep 14 18:37:07 datacore-PowerEdge-R740 cinder-volume[2320812]: DEBUG oslo_concurrency.processutils [None req-5d083c02-5f5e-4ab3-907e-c802bc0a1aa2 None None] Running cmd (subprocess): sudo cinder-rootwrap /etc/cinder/rootwrap.conf env LC_ALL=C lvs --noheadings --unit=g -o vg_name,name,size --nosuffix --readonly stack-volumes-lvmdriver-1 {{(pid=2320812) execute /usr/local/lib/python3.8/dist-packages/oslo_concurrency/processutils.py:384}}
Sep 14 18:37:07 datacore-PowerEdge-R740 sudo[2321194]:    stack : TTY=unknown ; PWD=/ ; USER=root ; COMMAND=/usr/local/bin/cinder-rootwrap /etc/cinder/rootwrap.conf env LC_ALL=C lvs --noheadings --unit=g -o vg_name,name,size --nosuffix --readonly stack-volumes-lvmdriver-1
Sep 14 18:37:07 datacore-PowerEdge-R740 sudo[2321194]: pam_unix(sudo:session): session opened for user root by (uid=0)
Sep 14 18:37:08 datacore-PowerEdge-R740 sudo[2321194]: pam_unix(sudo:session): session closed for user root
Sep 14 18:37:08 datacore-PowerEdge-R740 cinder-volume[2320812]: DEBUG oslo_concurrency.processutils [None req-5d083c02-5f5e-4ab3-907e-c802bc0a1aa2 None None] CMD "sudo cinder-rootwrap /etc/cinder/rootwrap.conf env LC_ALL=C lvs --noheadings --unit=g -o vg_name,name,size --nosuffix --readonly stack-volumes-lvmdriver-1" returned: 0 in 0.668s {{(pid=2320812) execute /usr/local/lib/python3.8/dist-packages/oslo_concurrency/processutils.py:422}}
Sep 14 18:37:08 datacore-PowerEdge-R740 cinder-volume[2320812]: INFO cinder.volume.driver [None req-5d083c02-5f5e-4ab3-907e-c802bc0a1aa2 None None] Driver hasn't implemented _init_vendor_properties()
Sep 14 18:37:08 datacore-PowerEdge-R740 cinder-volume[2320812]: DEBUG cinder.volume.driver [None req-5d083c02-5f5e-4ab3-907e-c802bc0a1aa2 None None] Initialized capabilities list: {'volume_backend_name': 'lvmdriver-1', 'vendor_name': 'Open Source', 'driver_version': '3.0.0', 'storage_protocol': 'iSCSI', 'pools': [{'pool_name': 'lvmdriver-1', 'total_capacity_gb': 28.5, 'free_capacity_gb': 28.5, 'reserved_percentage': 0, 'location_info': 'LVMVolumeDriver:datacore-PowerEdge-R740:stack-volumes-lvmdriver-1:thin:0', 'QoS_support': False, 'provisioned_capacity_gb': 0.0, 'max_over_subscription_ratio': '20.0', 'thin_provisioning_support': True, 'thick_provisioning_support': False, 'total_volumes': 1, 'filter_function': None, 'goodness_function': None, 'multiattach': True, 'backend_state': 'up'}], 'shared_targets': False, 'sparse_copy_volume': True, 'properties': {'thin_provisioning': {'title': 'Thin Provisioning', 'description': 'Sets thin provisioning.', 'type': 'boolean'}, 'compression': {'title': 'Compression', 'description': 'Enables compression.', 'type': 'boolean'}, 'qos': {'title': 'QoS', 'description': 'Enables QoS.', 'type': 'boolean'}, 'replication_enabled': {'title': 'Replication', 'description': 'Enables replication.', 'type': 'boolean'}}}. {{(pid=2320812) init_capabilities /opt/stack/cinder/cinder/volume/driver.py:812}}
Sep 14 18:37:08 datacore-PowerEdge-R740 cinder-volume[2320812]: DEBUG oslo_db.sqlalchemy.engines [None req-5d083c02-5f5e-4ab3-907e-c802bc0a1aa2 None None] MySQL server mode set to STRICT_TRANS_TABLES,STRICT_ALL_TABLES,NO_ZERO_IN_DATE,NO_ZERO_DATE,ERROR_FOR_DIVISION_BY_ZERO,TRADITIONAL,NO_ENGINE_SUBSTITUTION {{(pid=2320812) _check_effective_sql_mode /usr/local/lib/python3.8/dist-packages/oslo_db/sqlalchemy/engines.py:314}}
Sep 14 18:37:08 datacore-PowerEdge-R740 cinder-volume[2320812]: DEBUG dbcounter [-] [2320812] Writer thread running {{(pid=2320812) stat_writer /usr/local/lib/python3.8/dist-packages/dbcounter.py:99}}
Sep 14 18:37:08 datacore-PowerEdge-R740 cinder-volume[2320812]: DEBUG cinder.db.sqlalchemy.api [None req-5d083c02-5f5e-4ab3-907e-c802bc0a1aa2 None None] Building query based on filter {{(pid=2320812) _process_snaps_filters /opt/stack/cinder/cinder/db/sqlalchemy/api.py:3885}}
Sep 14 18:37:08 datacore-PowerEdge-R740 cinder-volume[2320812]: DEBUG cinder.image.image_utils [None req-5d083c02-5f5e-4ab3-907e-c802bc0a1aa2 None None] Configuration image_conversion_dir is None or the path doesn't exist. {{(pid=2320812) cleanup_temporary_file /opt/stack/cinder/cinder/image/image_utils.py:991}}
Sep 14 18:37:08 datacore-PowerEdge-R740 cinder-volume[2320812]: DEBUG cinder.volume.drivers.lvm [None req-5d083c02-5f5e-4ab3-907e-c802bc0a1aa2 None None] Updating volume stats {{(pid=2320812) _update_volume_stats /opt/stack/cinder/cinder/volume/drivers/lvm.py:213}}
Sep 14 18:37:08 datacore-PowerEdge-R740 cinder-volume[2320812]: DEBUG oslo_concurrency.processutils [None req-5d083c02-5f5e-4ab3-907e-c802bc0a1aa2 None None] Running cmd (subprocess): sudo cinder-rootwrap /etc/cinder/rootwrap.conf env LC_ALL=C vgs --noheadings --unit=g -o name,size,free,lv_count,uuid --separator : --nosuffix stack-volumes-lvmdriver-1 {{(pid=2320812) execute /usr/local/lib/python3.8/dist-packages/oslo_concurrency/processutils.py:384}}
Sep 14 18:37:08 datacore-PowerEdge-R740 sudo[2321203]:    stack : TTY=unknown ; PWD=/ ; USER=root ; COMMAND=/usr/local/bin/cinder-rootwrap /etc/cinder/rootwrap.conf env LC_ALL=C vgs --noheadings --unit=g -o name,size,free,lv_count,uuid --separator : --nosuffix stack-volumes-lvmdriver-1
Sep 14 18:37:08 datacore-PowerEdge-R740 sudo[2321203]: pam_unix(sudo:session): session opened for user root by (uid=0)
Sep 14 18:37:08 datacore-PowerEdge-R740 cinder-volume[2320812]: INFO cinder.keymgr.migration [None req-dc0781fc-3c80-4287-b8de-dfcb39d69834 None None] Not migrating encryption keys because the ConfKeyManager is still in use.
Sep 14 18:37:08 datacore-PowerEdge-R740 sudo[2321203]: pam_unix(sudo:session): session closed for user root
Sep 14 18:37:08 datacore-PowerEdge-R740 cinder-volume[2320812]: DEBUG oslo_concurrency.processutils [None req-5d083c02-5f5e-4ab3-907e-c802bc0a1aa2 None None] CMD "sudo cinder-rootwrap /etc/cinder/rootwrap.conf env LC_ALL=C vgs --noheadings --unit=g -o name,size,free,lv_count,uuid --separator : --nosuffix stack-volumes-lvmdriver-1" returned: 0 in 0.620s {{(pid=2320812) execute /usr/local/lib/python3.8/dist-packages/oslo_concurrency/processutils.py:422}}
Sep 14 18:37:08 datacore-PowerEdge-R740 cinder-volume[2320812]: DEBUG oslo_concurrency.processutils [None req-5d083c02-5f5e-4ab3-907e-c802bc0a1aa2 None None] Running cmd (subprocess): sudo cinder-rootwrap /etc/cinder/rootwrap.conf env LC_ALL=C lvs --noheadings --unit=g -o vg_name,name,size --nosuffix --readonly stack-volumes-lvmdriver-1 {{(pid=2320812) execute /usr/local/lib/python3.8/dist-packages/oslo_concurrency/processutils.py:384}}
Sep 14 18:37:08 datacore-PowerEdge-R740 sudo[2321209]:    stack : TTY=unknown ; PWD=/ ; USER=root ; COMMAND=/usr/local/bin/cinder-rootwrap /etc/cinder/rootwrap.conf env LC_ALL=C lvs --noheadings --unit=g -o vg_name,name,size --nosuffix --readonly stack-volumes-lvmdriver-1
Sep 14 18:37:08 datacore-PowerEdge-R740 sudo[2321209]: pam_unix(sudo:session): session opened for user root by (uid=0)
Sep 14 18:37:09 datacore-PowerEdge-R740 sudo[2321209]: pam_unix(sudo:session): session closed for user root
Sep 14 18:37:09 datacore-PowerEdge-R740 cinder-volume[2320812]: DEBUG oslo_concurrency.processutils [None req-5d083c02-5f5e-4ab3-907e-c802bc0a1aa2 None None] CMD "sudo cinder-rootwrap /etc/cinder/rootwrap.conf env LC_ALL=C lvs --noheadings --unit=g -o vg_name,name,size --nosuffix --readonly stack-volumes-lvmdriver-1" returned: 0 in 0.666s {{(pid=2320812) execute /usr/local/lib/python3.8/dist-packages/oslo_concurrency/processutils.py:422}}
Sep 14 18:37:09 datacore-PowerEdge-R740 cinder-volume[2320812]: DEBUG oslo_concurrency.processutils [None req-5d083c02-5f5e-4ab3-907e-c802bc0a1aa2 None None] Running cmd (subprocess): sudo cinder-rootwrap /etc/cinder/rootwrap.conf env LC_ALL=C lvs --noheadings --unit=g -o size,data_percent --separator : --nosuffix /dev/stack-volumes-lvmdriver-1/stack-volumes-lvmdriver-1-pool {{(pid=2320812) execute /usr/local/lib/python3.8/dist-packages/oslo_concurrency/processutils.py:384}}
Sep 14 18:37:09 datacore-PowerEdge-R740 sudo[2321220]:    stack : TTY=unknown ; PWD=/ ; USER=root ; COMMAND=/usr/local/bin/cinder-rootwrap /etc/cinder/rootwrap.conf env LC_ALL=C lvs --noheadings --unit=g -o size,data_percent --separator : --nosuffix /dev/stack-volumes-lvmdriver-1/stack-volumes-lvmdriver-1-pool
Sep 14 18:37:09 datacore-PowerEdge-R740 sudo[2321220]: pam_unix(sudo:session): session opened for user root by (uid=0)
Sep 14 18:37:10 datacore-PowerEdge-R740 sudo[2321220]: pam_unix(sudo:session): session closed for user root
Sep 14 18:37:10 datacore-PowerEdge-R740 cinder-volume[2320812]: DEBUG oslo_concurrency.processutils [None req-5d083c02-5f5e-4ab3-907e-c802bc0a1aa2 None None] CMD "sudo cinder-rootwrap /etc/cinder/rootwrap.conf env LC_ALL=C lvs --noheadings --unit=g -o size,data_percent --separator : --nosuffix /dev/stack-volumes-lvmdriver-1/stack-volumes-lvmdriver-1-pool" returned: 0 in 0.626s {{(pid=2320812) execute /usr/local/lib/python3.8/dist-packages/oslo_concurrency/processutils.py:422}}
Sep 14 18:37:10 datacore-PowerEdge-R740 cinder-volume[2320812]: DEBUG oslo_concurrency.processutils [None req-5d083c02-5f5e-4ab3-907e-c802bc0a1aa2 None None] Running cmd (subprocess): sudo cinder-rootwrap /etc/cinder/rootwrap.conf env LC_ALL=C lvs --noheadings --unit=g -o vg_name,name,size --nosuffix --readonly stack-volumes-lvmdriver-1 {{(pid=2320812) execute /usr/local/lib/python3.8/dist-packages/oslo_concurrency/processutils.py:384}}
Sep 14 18:37:10 datacore-PowerEdge-R740 sudo[2321225]:    stack : TTY=unknown ; PWD=/ ; USER=root ; COMMAND=/usr/local/bin/cinder-rootwrap /etc/cinder/rootwrap.conf env LC_ALL=C lvs --noheadings --unit=g -o vg_name,name,size --nosuffix --readonly stack-volumes-lvmdriver-1
Sep 14 18:37:10 datacore-PowerEdge-R740 sudo[2321225]: pam_unix(sudo:session): session opened for user root by (uid=0)
Sep 14 18:37:10 datacore-PowerEdge-R740 sudo[2321225]: pam_unix(sudo:session): session closed for user root
Sep 14 18:37:10 datacore-PowerEdge-R740 cinder-volume[2320812]: DEBUG oslo_concurrency.processutils [None req-5d083c02-5f5e-4ab3-907e-c802bc0a1aa2 None None] CMD "sudo cinder-rootwrap /etc/cinder/rootwrap.conf env LC_ALL=C lvs --noheadings --unit=g -o vg_name,name,size --nosuffix --readonly stack-volumes-lvmdriver-1" returned: 0 in 0.640s {{(pid=2320812) execute /usr/local/lib/python3.8/dist-packages/oslo_concurrency/processutils.py:422}}
Sep 14 18:37:10 datacore-PowerEdge-R740 cinder-volume[2320812]: DEBUG cinder.manager [None req-5d083c02-5f5e-4ab3-907e-c802bc0a1aa2 None None] Notifying Schedulers of capabilities ... {{(pid=2320812) _publish_service_capabilities /opt/stack/cinder/cinder/manager.py:202}}
Sep 14 18:37:10 datacore-PowerEdge-R740 cinder-volume[2320812]: INFO cinder.volume.manager [None req-5d083c02-5f5e-4ab3-907e-c802bc0a1aa2 None None] Driver initialization completed successfully.
Sep 14 18:37:10 datacore-PowerEdge-R740 cinder-volume[2320812]: INFO cinder.manager [None req-5d083c02-5f5e-4ab3-907e-c802bc0a1aa2 None None] Initiating service 2 cleanup
Sep 14 18:37:10 datacore-PowerEdge-R740 cinder-volume[2320812]: INFO cinder.manager [None req-5d083c02-5f5e-4ab3-907e-c802bc0a1aa2 None None] Service 2 cleanup completed.
Sep 14 18:37:10 datacore-PowerEdge-R740 cinder-volume[2320812]: DEBUG cinder.service [None req-5d083c02-5f5e-4ab3-907e-c802bc0a1aa2 None None] Creating RPC server for service cinder-volume {{(pid=2320812) start /opt/stack/cinder/cinder/service.py:238}}
Sep 14 18:37:10 datacore-PowerEdge-R740 cinder-volume[2320812]: DEBUG cinder.service [None req-5d083c02-5f5e-4ab3-907e-c802bc0a1aa2 None None] Pinning object versions for RPC server serializer to 1.39 {{(pid=2320812) start /opt/stack/cinder/cinder/service.py:244}}
Sep 14 18:37:10 datacore-PowerEdge-R740 cinder-volume[2320812]: INFO cinder.volume.manager [None req-5d083c02-5f5e-4ab3-907e-c802bc0a1aa2 None None] Initializing RPC dependent components of volume driver LVMVolumeDriver (3.0.0)
Sep 14 18:37:10 datacore-PowerEdge-R740 cinder-volume[2320812]: DEBUG cinder.volume.drivers.lvm [None req-5d083c02-5f5e-4ab3-907e-c802bc0a1aa2 None None] Updating volume stats {{(pid=2320812) _update_volume_stats /opt/stack/cinder/cinder/volume/drivers/lvm.py:213}}
Sep 14 18:37:10 datacore-PowerEdge-R740 cinder-volume[2320812]: DEBUG oslo_concurrency.processutils [None req-5d083c02-5f5e-4ab3-907e-c802bc0a1aa2 None None] Running cmd (subprocess): sudo cinder-rootwrap /etc/cinder/rootwrap.conf env LC_ALL=C vgs --noheadings --unit=g -o name,size,free,lv_count,uuid --separator : --nosuffix stack-volumes-lvmdriver-1 {{(pid=2320812) execute /usr/local/lib/python3.8/dist-packages/oslo_concurrency/processutils.py:384}}
Sep 14 18:37:10 datacore-PowerEdge-R740 sudo[2321236]:    stack : TTY=unknown ; PWD=/ ; USER=root ; COMMAND=/usr/local/bin/cinder-rootwrap /etc/cinder/rootwrap.conf env LC_ALL=C vgs --noheadings --unit=g -o name,size,free,lv_count,uuid --separator : --nosuffix stack-volumes-lvmdriver-1
Sep 14 18:37:10 datacore-PowerEdge-R740 sudo[2321236]: pam_unix(sudo:session): session opened for user root by (uid=0)
Sep 14 18:37:11 datacore-PowerEdge-R740 sudo[2321236]: pam_unix(sudo:session): session closed for user root
Sep 14 18:37:11 datacore-PowerEdge-R740 cinder-volume[2320812]: DEBUG oslo_concurrency.processutils [None req-5d083c02-5f5e-4ab3-907e-c802bc0a1aa2 None None] CMD "sudo cinder-rootwrap /etc/cinder/rootwrap.conf env LC_ALL=C vgs --noheadings --unit=g -o name,size,free,lv_count,uuid --separator : --nosuffix stack-volumes-lvmdriver-1" returned: 0 in 0.646s {{(pid=2320812) execute /usr/local/lib/python3.8/dist-packages/oslo_concurrency/processutils.py:422}}
Sep 14 18:37:11 datacore-PowerEdge-R740 cinder-volume[2320812]: DEBUG oslo_concurrency.processutils [None req-5d083c02-5f5e-4ab3-907e-c802bc0a1aa2 None None] Running cmd (subprocess): sudo cinder-rootwrap /etc/cinder/rootwrap.conf env LC_ALL=C lvs --noheadings --unit=g -o vg_name,name,size --nosuffix --readonly stack-volumes-lvmdriver-1 {{(pid=2320812) execute /usr/local/lib/python3.8/dist-packages/oslo_concurrency/processutils.py:384}}
Sep 14 18:37:11 datacore-PowerEdge-R740 sudo[2321276]:    stack : TTY=unknown ; PWD=/ ; USER=root ; COMMAND=/usr/local/bin/cinder-rootwrap /etc/cinder/rootwrap.conf env LC_ALL=C lvs --noheadings --unit=g -o vg_name,name,size --nosuffix --readonly stack-volumes-lvmdriver-1
Sep 14 18:37:11 datacore-PowerEdge-R740 sudo[2321276]: pam_unix(sudo:session): session opened for user root by (uid=0)
Sep 14 18:37:12 datacore-PowerEdge-R740 sudo[2321276]: pam_unix(sudo:session): session closed for user root
Sep 14 18:37:12 datacore-PowerEdge-R740 cinder-volume[2320812]: DEBUG oslo_concurrency.processutils [None req-5d083c02-5f5e-4ab3-907e-c802bc0a1aa2 None None] CMD "sudo cinder-rootwrap /etc/cinder/rootwrap.conf env LC_ALL=C lvs --noheadings --unit=g -o vg_name,name,size --nosuffix --readonly stack-volumes-lvmdriver-1" returned: 0 in 0.638s {{(pid=2320812) execute /usr/local/lib/python3.8/dist-packages/oslo_concurrency/processutils.py:422}}
Sep 14 18:37:12 datacore-PowerEdge-R740 cinder-volume[2320812]: DEBUG oslo_concurrency.processutils [None req-5d083c02-5f5e-4ab3-907e-c802bc0a1aa2 None None] Running cmd (subprocess): sudo cinder-rootwrap /etc/cinder/rootwrap.conf env LC_ALL=C lvs --noheadings --unit=g -o size,data_percent --separator : --nosuffix /dev/stack-volumes-lvmdriver-1/stack-volumes-lvmdriver-1-pool {{(pid=2320812) execute /usr/local/lib/python3.8/dist-packages/oslo_concurrency/processutils.py:384}}
Sep 14 18:37:12 datacore-PowerEdge-R740 sudo[2321284]:    stack : TTY=unknown ; PWD=/ ; USER=root ; COMMAND=/usr/local/bin/cinder-rootwrap /etc/cinder/rootwrap.conf env LC_ALL=C lvs --noheadings --unit=g -o size,data_percent --separator : --nosuffix /dev/stack-volumes-lvmdriver-1/stack-volumes-lvmdriver-1-pool
Sep 14 18:37:12 datacore-PowerEdge-R740 sudo[2321284]: pam_unix(sudo:session): session opened for user root by (uid=0)
Sep 14 18:37:12 datacore-PowerEdge-R740 sudo[2321284]: pam_unix(sudo:session): session closed for user root
Sep 14 18:37:12 datacore-PowerEdge-R740 cinder-volume[2320812]: DEBUG oslo_concurrency.processutils [None req-5d083c02-5f5e-4ab3-907e-c802bc0a1aa2 None None] CMD "sudo cinder-rootwrap /etc/cinder/rootwrap.conf env LC_ALL=C lvs --noheadings --unit=g -o size,data_percent --separator : --nosuffix /dev/stack-volumes-lvmdriver-1/stack-volumes-lvmdriver-1-pool" returned: 0 in 0.643s {{(pid=2320812) execute /usr/local/lib/python3.8/dist-packages/oslo_concurrency/processutils.py:422}}
Sep 14 18:37:12 datacore-PowerEdge-R740 cinder-volume[2320812]: DEBUG oslo_concurrency.processutils [None req-5d083c02-5f5e-4ab3-907e-c802bc0a1aa2 None None] Running cmd (subprocess): sudo cinder-rootwrap /etc/cinder/rootwrap.conf env LC_ALL=C lvs --noheadings --unit=g -o vg_name,name,size --nosuffix --readonly stack-volumes-lvmdriver-1 {{(pid=2320812) execute /usr/local/lib/python3.8/dist-packages/oslo_concurrency/processutils.py:384}}
