-- Logs begin at Mon 2022-06-20 10:43:51 IST, end at Mon 2022-06-20 10:48:23 IST. --
Jun 20 10:47:05 datacore-PowerEdge-R740 systemd[1]: Started Devstack devstack@c-vol.service.
Jun 20 10:47:07 datacore-PowerEdge-R740 cinder-volume[701205]: DEBUG oslo_concurrency.lockutils [-] Acquired lock "singleton_lock" {{(pid=701205) lock /usr/local/lib/python3.8/dist-packages/oslo_concurrency/lockutils.py:294}}
Jun 20 10:47:07 datacore-PowerEdge-R740 cinder-volume[701205]: DEBUG oslo_concurrency.lockutils [-] Releasing lock "singleton_lock" {{(pid=701205) lock /usr/local/lib/python3.8/dist-packages/oslo_concurrency/lockutils.py:312}}
Jun 20 10:47:07 datacore-PowerEdge-R740 cinder-volume[701205]: INFO dbcounter [None req-8d2b4b94-bf49-47f3-ac1d-a93ecd620c29 None None] Registered counter for database cinder
Jun 20 10:47:07 datacore-PowerEdge-R740 cinder-volume[701205]: DEBUG oslo_db.sqlalchemy.engines [None req-8d2b4b94-bf49-47f3-ac1d-a93ecd620c29 None None] MySQL server mode set to STRICT_TRANS_TABLES,STRICT_ALL_TABLES,NO_ZERO_IN_DATE,NO_ZERO_DATE,ERROR_FOR_DIVISION_BY_ZERO,TRADITIONAL,NO_ENGINE_SUBSTITUTION {{(pid=701205) _check_effective_sql_mode /usr/local/lib/python3.8/dist-packages/oslo_db/sqlalchemy/engines.py:314}}
Jun 20 10:47:07 datacore-PowerEdge-R740 cinder-volume[701205]: DEBUG dbcounter [-] [701205] Writer thread running {{(pid=701205) stat_writer /usr/local/lib/python3.8/dist-packages/dbcounter.py:99}}
Jun 20 10:47:08 datacore-PowerEdge-R740 cinder-volume[701205]: INFO cinder.rpc [None req-8d2b4b94-bf49-47f3-ac1d-a93ecd620c29 None None] Automatically selected cinder-scheduler objects version 1.39 as minimum service version.
Jun 20 10:47:08 datacore-PowerEdge-R740 cinder-volume[701205]: INFO cinder.rpc [None req-8d2b4b94-bf49-47f3-ac1d-a93ecd620c29 None None] Automatically selected cinder-scheduler RPC version 3.12 as minimum service version.
Jun 20 10:47:08 datacore-PowerEdge-R740 cinder-volume[701205]: DEBUG oslo_db.sqlalchemy.engines [None req-8d2b4b94-bf49-47f3-ac1d-a93ecd620c29 None None] MySQL server mode set to STRICT_TRANS_TABLES,STRICT_ALL_TABLES,NO_ZERO_IN_DATE,NO_ZERO_DATE,ERROR_FOR_DIVISION_BY_ZERO,TRADITIONAL,NO_ENGINE_SUBSTITUTION {{(pid=701205) _check_effective_sql_mode /usr/local/lib/python3.8/dist-packages/oslo_db/sqlalchemy/engines.py:314}}
Jun 20 10:47:08 datacore-PowerEdge-R740 cinder-volume[701205]: INFO cinder.volume.manager [None req-8d2b4b94-bf49-47f3-ac1d-a93ecd620c29 None None] Determined volume DB was not empty at startup.
Jun 20 10:47:08 datacore-PowerEdge-R740 cinder-volume[701205]: DEBUG cinder.volume.manager [None req-8d2b4b94-bf49-47f3-ac1d-a93ecd620c29 None None] Cinder Volume DB check: vol_db_empty=False {{(pid=701205) __init__ /opt/stack/cinder/cinder/volume/manager.py:290}}
Jun 20 10:47:08 datacore-PowerEdge-R740 cinder-volume[701205]: WARNING stevedore.named [None req-8d2b4b94-bf49-47f3-ac1d-a93ecd620c29 None None] Could not load cinder.keymgr.conf_key_mgr.ConfKeyManager
Jun 20 10:47:08 datacore-PowerEdge-R740 cinder-volume[701205]: WARNING castellan.key_manager [None req-8d2b4b94-bf49-47f3-ac1d-a93ecd620c29 None None] Deprecation Warning : cinder.keymgr.conf_key_mgr.ConfKeyManager is not a stevedore based driver, trying to load it as a class: stevedore.exception.NoMatches: No 'castellan.drivers' driver found, looking for 'cinder.keymgr.conf_key_mgr.ConfKeyManager'
Jun 20 10:47:08 datacore-PowerEdge-R740 cinder-volume[701205]: WARNING cinder.keymgr.conf_key_mgr [None req-8d2b4b94-bf49-47f3-ac1d-a93ecd620c29 None None] This key manager is insecure and is not recommended for production deployments: stevedore.exception.NoMatches: No 'castellan.drivers' driver found, looking for 'cinder.keymgr.conf_key_mgr.ConfKeyManager'
Jun 20 10:47:08 datacore-PowerEdge-R740 cinder-volume[701205]: ERROR cinder.cmd.volume [None req-8d2b4b94-bf49-47f3-ac1d-a93ecd620c29 None None] Volume service hostgroup@datacore_iscsi1 failed to start.: ModuleNotFoundError: No module named 'cinder.volume.drivers.datacore.iscsi'
Jun 20 10:47:08 datacore-PowerEdge-R740 cinder-volume[701205]: ERROR cinder.cmd.volume Traceback (most recent call last):
Jun 20 10:47:08 datacore-PowerEdge-R740 cinder-volume[701205]: ERROR cinder.cmd.volume   File "/opt/stack/cinder/cinder/cmd/volume.py", line 99, in _launch_service
Jun 20 10:47:08 datacore-PowerEdge-R740 cinder-volume[701205]: ERROR cinder.cmd.volume     server = service.Service.create(host=host,
Jun 20 10:47:08 datacore-PowerEdge-R740 cinder-volume[701205]: ERROR cinder.cmd.volume   File "/opt/stack/cinder/cinder/service.py", line 394, in create
Jun 20 10:47:08 datacore-PowerEdge-R740 cinder-volume[701205]: ERROR cinder.cmd.volume     service_obj = cls(host, binary, topic, manager,
Jun 20 10:47:08 datacore-PowerEdge-R740 cinder-volume[701205]: ERROR cinder.cmd.volume   File "/opt/stack/cinder/cinder/service.py", line 152, in __init__
Jun 20 10:47:08 datacore-PowerEdge-R740 cinder-volume[701205]: ERROR cinder.cmd.volume     self.manager = manager_class(host=self.host,
Jun 20 10:47:08 datacore-PowerEdge-R740 cinder-volume[701205]: ERROR cinder.cmd.volume   File "/opt/stack/cinder/cinder/volume/manager.py", line 313, in __init__
Jun 20 10:47:08 datacore-PowerEdge-R740 cinder-volume[701205]: ERROR cinder.cmd.volume     self.driver = importutils.import_object(
Jun 20 10:47:08 datacore-PowerEdge-R740 cinder-volume[701205]: ERROR cinder.cmd.volume   File "/usr/local/lib/python3.8/dist-packages/oslo_utils/importutils.py", line 44, in import_object
Jun 20 10:47:08 datacore-PowerEdge-R740 cinder-volume[701205]: ERROR cinder.cmd.volume     return import_class(import_str)(*args, **kwargs)
Jun 20 10:47:08 datacore-PowerEdge-R740 cinder-volume[701205]: ERROR cinder.cmd.volume   File "/usr/local/lib/python3.8/dist-packages/oslo_utils/importutils.py", line 30, in import_class
Jun 20 10:47:08 datacore-PowerEdge-R740 cinder-volume[701205]: ERROR cinder.cmd.volume     __import__(mod_str)
Jun 20 10:47:08 datacore-PowerEdge-R740 cinder-volume[701205]: ERROR cinder.cmd.volume ModuleNotFoundError: No module named 'cinder.volume.drivers.datacore.iscsi'
Jun 20 10:47:08 datacore-PowerEdge-R740 cinder-volume[701205]: ERROR cinder.cmd.volume 
Jun 20 10:47:08 datacore-PowerEdge-R740 cinder-volume[701205]: ERROR cinder.cmd.volume [None req-8d2b4b94-bf49-47f3-ac1d-a93ecd620c29 None None] No volume service(s) started successfully, terminating.
Jun 20 10:47:08 datacore-PowerEdge-R740 cinder-volume[701205]: /usr/lib/python3/dist-packages/secretstorage/dhcrypto.py:15: CryptographyDeprecationWarning: int_from_bytes is deprecated, use int.from_bytes instead
Jun 20 10:47:08 datacore-PowerEdge-R740 cinder-volume[701205]:   from cryptography.utils import int_from_bytes
Jun 20 10:47:08 datacore-PowerEdge-R740 cinder-volume[701205]: /usr/lib/python3/dist-packages/secretstorage/util.py:19: CryptographyDeprecationWarning: int_from_bytes is deprecated, use int.from_bytes instead
Jun 20 10:47:08 datacore-PowerEdge-R740 cinder-volume[701205]:   from cryptography.utils import int_from_bytes
Jun 20 10:47:08 datacore-PowerEdge-R740 cinder-volume[701205]: /opt/stack/cinder/cinder/db/sqlalchemy/models.py:152: SAWarning: implicitly coercing SELECT object to scalar subquery; please use the .scalar_subquery() method to produce a scalar subquery.
Jun 20 10:47:08 datacore-PowerEdge-R740 cinder-volume[701205]:   last_heartbeat = column_property(
Jun 20 10:47:08 datacore-PowerEdge-R740 cinder-volume[701205]: /opt/stack/cinder/cinder/db/sqlalchemy/models.py:160: SAWarning: implicitly coercing SELECT object to scalar subquery; please use the .scalar_subquery() method to produce a scalar subquery.
Jun 20 10:47:08 datacore-PowerEdge-R740 cinder-volume[701205]:   num_hosts = column_property(
Jun 20 10:47:08 datacore-PowerEdge-R740 cinder-volume[701205]: /opt/stack/cinder/cinder/db/sqlalchemy/models.py:169: SAWarning: implicitly coercing SELECT object to scalar subquery; please use the .scalar_subquery() method to produce a scalar subquery.
Jun 20 10:47:08 datacore-PowerEdge-R740 cinder-volume[701205]:   num_down_hosts = column_property(
Jun 20 10:47:08 datacore-PowerEdge-R740 systemd[1]: devstack@c-vol.service: Main process exited, code=exited, status=1/FAILURE
Jun 20 10:47:08 datacore-PowerEdge-R740 systemd[1]: devstack@c-vol.service: Failed with result 'exit-code'.
Jun 20 10:47:21 datacore-PowerEdge-R740 systemd[1]: Started Devstack devstack@c-vol.service.
Jun 20 10:47:23 datacore-PowerEdge-R740 cinder-volume[701904]: DEBUG oslo_concurrency.lockutils [-] Acquired lock "singleton_lock" {{(pid=701904) lock /usr/local/lib/python3.8/dist-packages/oslo_concurrency/lockutils.py:294}}
Jun 20 10:47:23 datacore-PowerEdge-R740 cinder-volume[701904]: DEBUG oslo_concurrency.lockutils [-] Releasing lock "singleton_lock" {{(pid=701904) lock /usr/local/lib/python3.8/dist-packages/oslo_concurrency/lockutils.py:312}}
Jun 20 10:47:24 datacore-PowerEdge-R740 cinder-volume[701904]: INFO dbcounter [None req-77a53fd8-18ed-4299-acf5-72f52436457c None None] Registered counter for database cinder
Jun 20 10:47:24 datacore-PowerEdge-R740 cinder-volume[701904]: DEBUG oslo_db.sqlalchemy.engines [None req-77a53fd8-18ed-4299-acf5-72f52436457c None None] MySQL server mode set to STRICT_TRANS_TABLES,STRICT_ALL_TABLES,NO_ZERO_IN_DATE,NO_ZERO_DATE,ERROR_FOR_DIVISION_BY_ZERO,TRADITIONAL,NO_ENGINE_SUBSTITUTION {{(pid=701904) _check_effective_sql_mode /usr/local/lib/python3.8/dist-packages/oslo_db/sqlalchemy/engines.py:314}}
Jun 20 10:47:24 datacore-PowerEdge-R740 cinder-volume[701904]: DEBUG dbcounter [-] [701904] Writer thread running {{(pid=701904) stat_writer /usr/local/lib/python3.8/dist-packages/dbcounter.py:99}}
Jun 20 10:47:24 datacore-PowerEdge-R740 cinder-volume[701904]: INFO cinder.rpc [None req-77a53fd8-18ed-4299-acf5-72f52436457c None None] Automatically selected cinder-scheduler objects version 1.39 as minimum service version.
Jun 20 10:47:24 datacore-PowerEdge-R740 cinder-volume[701904]: INFO cinder.rpc [None req-77a53fd8-18ed-4299-acf5-72f52436457c None None] Automatically selected cinder-scheduler RPC version 3.12 as minimum service version.
Jun 20 10:47:24 datacore-PowerEdge-R740 cinder-volume[701904]: DEBUG oslo_db.sqlalchemy.engines [None req-77a53fd8-18ed-4299-acf5-72f52436457c None None] MySQL server mode set to STRICT_TRANS_TABLES,STRICT_ALL_TABLES,NO_ZERO_IN_DATE,NO_ZERO_DATE,ERROR_FOR_DIVISION_BY_ZERO,TRADITIONAL,NO_ENGINE_SUBSTITUTION {{(pid=701904) _check_effective_sql_mode /usr/local/lib/python3.8/dist-packages/oslo_db/sqlalchemy/engines.py:314}}
Jun 20 10:47:24 datacore-PowerEdge-R740 cinder-volume[701904]: INFO cinder.volume.manager [None req-77a53fd8-18ed-4299-acf5-72f52436457c None None] Determined volume DB was not empty at startup.
Jun 20 10:47:24 datacore-PowerEdge-R740 cinder-volume[701904]: DEBUG cinder.volume.manager [None req-77a53fd8-18ed-4299-acf5-72f52436457c None None] Cinder Volume DB check: vol_db_empty=False {{(pid=701904) __init__ /opt/stack/cinder/cinder/volume/manager.py:290}}
Jun 20 10:47:24 datacore-PowerEdge-R740 cinder-volume[701904]: WARNING stevedore.named [None req-77a53fd8-18ed-4299-acf5-72f52436457c None None] Could not load cinder.keymgr.conf_key_mgr.ConfKeyManager
Jun 20 10:47:24 datacore-PowerEdge-R740 cinder-volume[701904]: WARNING castellan.key_manager [None req-77a53fd8-18ed-4299-acf5-72f52436457c None None] Deprecation Warning : cinder.keymgr.conf_key_mgr.ConfKeyManager is not a stevedore based driver, trying to load it as a class: stevedore.exception.NoMatches: No 'castellan.drivers' driver found, looking for 'cinder.keymgr.conf_key_mgr.ConfKeyManager'
Jun 20 10:47:24 datacore-PowerEdge-R740 cinder-volume[701904]: WARNING cinder.keymgr.conf_key_mgr [None req-77a53fd8-18ed-4299-acf5-72f52436457c None None] This key manager is insecure and is not recommended for production deployments: stevedore.exception.NoMatches: No 'castellan.drivers' driver found, looking for 'cinder.keymgr.conf_key_mgr.ConfKeyManager'
Jun 20 10:47:24 datacore-PowerEdge-R740 cinder-volume[701904]: ERROR cinder.cmd.volume [None req-77a53fd8-18ed-4299-acf5-72f52436457c None None] Volume service hostgroup@datacore_iscsi1 failed to start.: ModuleNotFoundError: No module named 'cinder.volume.drivers.datacore.iscsi'
Jun 20 10:47:24 datacore-PowerEdge-R740 cinder-volume[701904]: ERROR cinder.cmd.volume Traceback (most recent call last):
Jun 20 10:47:24 datacore-PowerEdge-R740 cinder-volume[701904]: ERROR cinder.cmd.volume   File "/opt/stack/cinder/cinder/cmd/volume.py", line 99, in _launch_service
Jun 20 10:47:24 datacore-PowerEdge-R740 cinder-volume[701904]: ERROR cinder.cmd.volume     server = service.Service.create(host=host,
Jun 20 10:47:24 datacore-PowerEdge-R740 cinder-volume[701904]: ERROR cinder.cmd.volume   File "/opt/stack/cinder/cinder/service.py", line 394, in create
Jun 20 10:47:24 datacore-PowerEdge-R740 cinder-volume[701904]: ERROR cinder.cmd.volume     service_obj = cls(host, binary, topic, manager,
Jun 20 10:47:24 datacore-PowerEdge-R740 cinder-volume[701904]: ERROR cinder.cmd.volume   File "/opt/stack/cinder/cinder/service.py", line 152, in __init__
Jun 20 10:47:24 datacore-PowerEdge-R740 cinder-volume[701904]: ERROR cinder.cmd.volume     self.manager = manager_class(host=self.host,
Jun 20 10:47:24 datacore-PowerEdge-R740 cinder-volume[701904]: ERROR cinder.cmd.volume   File "/opt/stack/cinder/cinder/volume/manager.py", line 313, in __init__
Jun 20 10:47:24 datacore-PowerEdge-R740 cinder-volume[701904]: ERROR cinder.cmd.volume     self.driver = importutils.import_object(
Jun 20 10:47:24 datacore-PowerEdge-R740 cinder-volume[701904]: ERROR cinder.cmd.volume   File "/usr/local/lib/python3.8/dist-packages/oslo_utils/importutils.py", line 44, in import_object
Jun 20 10:47:24 datacore-PowerEdge-R740 cinder-volume[701904]: ERROR cinder.cmd.volume     return import_class(import_str)(*args, **kwargs)
Jun 20 10:47:24 datacore-PowerEdge-R740 cinder-volume[701904]: ERROR cinder.cmd.volume   File "/usr/local/lib/python3.8/dist-packages/oslo_utils/importutils.py", line 30, in import_class
Jun 20 10:47:24 datacore-PowerEdge-R740 cinder-volume[701904]: ERROR cinder.cmd.volume     __import__(mod_str)
Jun 20 10:47:24 datacore-PowerEdge-R740 cinder-volume[701904]: ERROR cinder.cmd.volume ModuleNotFoundError: No module named 'cinder.volume.drivers.datacore.iscsi'
Jun 20 10:47:24 datacore-PowerEdge-R740 cinder-volume[701904]: ERROR cinder.cmd.volume 
Jun 20 10:47:24 datacore-PowerEdge-R740 cinder-volume[701904]: ERROR cinder.cmd.volume [None req-77a53fd8-18ed-4299-acf5-72f52436457c None None] No volume service(s) started successfully, terminating.
Jun 20 10:47:24 datacore-PowerEdge-R740 cinder-volume[701904]: /usr/lib/python3/dist-packages/secretstorage/dhcrypto.py:15: CryptographyDeprecationWarning: int_from_bytes is deprecated, use int.from_bytes instead
Jun 20 10:47:24 datacore-PowerEdge-R740 cinder-volume[701904]:   from cryptography.utils import int_from_bytes
Jun 20 10:47:24 datacore-PowerEdge-R740 cinder-volume[701904]: /usr/lib/python3/dist-packages/secretstorage/util.py:19: CryptographyDeprecationWarning: int_from_bytes is deprecated, use int.from_bytes instead
Jun 20 10:47:24 datacore-PowerEdge-R740 cinder-volume[701904]:   from cryptography.utils import int_from_bytes
Jun 20 10:47:24 datacore-PowerEdge-R740 cinder-volume[701904]: /opt/stack/cinder/cinder/db/sqlalchemy/models.py:152: SAWarning: implicitly coercing SELECT object to scalar subquery; please use the .scalar_subquery() method to produce a scalar subquery.
Jun 20 10:47:24 datacore-PowerEdge-R740 cinder-volume[701904]:   last_heartbeat = column_property(
Jun 20 10:47:24 datacore-PowerEdge-R740 cinder-volume[701904]: /opt/stack/cinder/cinder/db/sqlalchemy/models.py:160: SAWarning: implicitly coercing SELECT object to scalar subquery; please use the .scalar_subquery() method to produce a scalar subquery.
Jun 20 10:47:24 datacore-PowerEdge-R740 cinder-volume[701904]:   num_hosts = column_property(
Jun 20 10:47:24 datacore-PowerEdge-R740 cinder-volume[701904]: /opt/stack/cinder/cinder/db/sqlalchemy/models.py:169: SAWarning: implicitly coercing SELECT object to scalar subquery; please use the .scalar_subquery() method to produce a scalar subquery.
Jun 20 10:47:24 datacore-PowerEdge-R740 cinder-volume[701904]:   num_down_hosts = column_property(
Jun 20 10:47:24 datacore-PowerEdge-R740 systemd[1]: devstack@c-vol.service: Main process exited, code=exited, status=1/FAILURE
Jun 20 10:47:24 datacore-PowerEdge-R740 systemd[1]: devstack@c-vol.service: Failed with result 'exit-code'.
