Source the openrc file
WARNING: setting legacy OS_TENANT_NAME to support cli tools.
Patch Details: GERRIT_CHANGE_NUMBER: 778193 GERRIT_PATCHSET_NUMBER: 28 GERRIT_REFSPEC: refs/changes/93/778193/28
Updating cinder code
Switched to branch 'master'
Your branch is up to date with 'origin/master'.
git checkout cinder master Success
Already up to date.
git pull Success
changeBranch: change-778193-28
From https://opendev.org/openstack/cinder
 * [new ref]             refs/changes/93/778193/28 -> change-778193-28
git fetch origin refs/changes/93/778193/28:change-778193-28 Success
Switched to branch 'change-778193-28'
git checkout change-778193-28 Success
Already up to date.
checkout patchset [ PASSED ]
Clearing logs
/tmp/ci-result-1655701893180
Starting iSCSI Test configuration
Updating cinder.conf with iSCSI driver details [ PASSED ]
Restarting devstack services
Cinder volume service [ FAILED ]
Already up to date.
Updating cinder-tempest-logs repo [ PASSED ]
