-- Logs begin at Fri 2022-07-08 02:51:54 IST, end at Fri 2022-07-08 02:56:11 IST. --
Jul 08 02:54:49 datacore-PowerEdge-R740 systemd[1]: Started Devstack devstack@c-vol.service.
Jul 08 02:54:52 datacore-PowerEdge-R740 cinder-volume[2364504]: DEBUG oslo_concurrency.lockutils [-] Acquired lock "singleton_lock" {{(pid=2364504) lock /usr/local/lib/python3.8/dist-packages/oslo_concurrency/lockutils.py:294}}
Jul 08 02:54:52 datacore-PowerEdge-R740 cinder-volume[2364504]: DEBUG oslo_concurrency.lockutils [-] Releasing lock "singleton_lock" {{(pid=2364504) lock /usr/local/lib/python3.8/dist-packages/oslo_concurrency/lockutils.py:312}}
Jul 08 02:54:52 datacore-PowerEdge-R740 cinder-volume[2364504]: INFO dbcounter [None req-5b5cac0a-2f9a-4dfd-b58c-5d1ebae761fc None None] Registered counter for database cinder
Jul 08 02:54:52 datacore-PowerEdge-R740 cinder-volume[2364504]: DEBUG oslo_db.sqlalchemy.engines [None req-5b5cac0a-2f9a-4dfd-b58c-5d1ebae761fc None None] MySQL server mode set to STRICT_TRANS_TABLES,STRICT_ALL_TABLES,NO_ZERO_IN_DATE,NO_ZERO_DATE,ERROR_FOR_DIVISION_BY_ZERO,TRADITIONAL,NO_ENGINE_SUBSTITUTION {{(pid=2364504) _check_effective_sql_mode /usr/local/lib/python3.8/dist-packages/oslo_db/sqlalchemy/engines.py:314}}
Jul 08 02:54:52 datacore-PowerEdge-R740 cinder-volume[2364504]: DEBUG dbcounter [-] [2364504] Writer thread running {{(pid=2364504) stat_writer /usr/local/lib/python3.8/dist-packages/dbcounter.py:99}}
Jul 08 02:54:52 datacore-PowerEdge-R740 cinder-volume[2364504]: INFO cinder.rpc [None req-5b5cac0a-2f9a-4dfd-b58c-5d1ebae761fc None None] Automatically selected cinder-scheduler objects version 1.39 as minimum service version.
Jul 08 02:54:52 datacore-PowerEdge-R740 cinder-volume[2364504]: INFO cinder.rpc [None req-5b5cac0a-2f9a-4dfd-b58c-5d1ebae761fc None None] Automatically selected cinder-scheduler RPC version 3.12 as minimum service version.
Jul 08 02:54:52 datacore-PowerEdge-R740 cinder-volume[2364504]: DEBUG oslo_db.sqlalchemy.engines [None req-5b5cac0a-2f9a-4dfd-b58c-5d1ebae761fc None None] MySQL server mode set to STRICT_TRANS_TABLES,STRICT_ALL_TABLES,NO_ZERO_IN_DATE,NO_ZERO_DATE,ERROR_FOR_DIVISION_BY_ZERO,TRADITIONAL,NO_ENGINE_SUBSTITUTION {{(pid=2364504) _check_effective_sql_mode /usr/local/lib/python3.8/dist-packages/oslo_db/sqlalchemy/engines.py:314}}
Jul 08 02:54:53 datacore-PowerEdge-R740 cinder-volume[2364504]: INFO cinder.volume.manager [None req-5b5cac0a-2f9a-4dfd-b58c-5d1ebae761fc None None] Determined volume DB was empty at startup.
Jul 08 02:54:53 datacore-PowerEdge-R740 cinder-volume[2364504]: DEBUG cinder.volume.manager [None req-5b5cac0a-2f9a-4dfd-b58c-5d1ebae761fc None None] Cinder Volume DB check: vol_db_empty=True {{(pid=2364504) __init__ /opt/stack/cinder/cinder/volume/manager.py:286}}
Jul 08 02:54:53 datacore-PowerEdge-R740 cinder-volume[2364504]: WARNING stevedore.named [None req-5b5cac0a-2f9a-4dfd-b58c-5d1ebae761fc None None] Could not load cinder.keymgr.conf_key_mgr.ConfKeyManager
Jul 08 02:54:53 datacore-PowerEdge-R740 cinder-volume[2364504]: WARNING castellan.key_manager [None req-5b5cac0a-2f9a-4dfd-b58c-5d1ebae761fc None None] Deprecation Warning : cinder.keymgr.conf_key_mgr.ConfKeyManager is not a stevedore based driver, trying to load it as a class: stevedore.exception.NoMatches: No 'castellan.drivers' driver found, looking for 'cinder.keymgr.conf_key_mgr.ConfKeyManager'
Jul 08 02:54:53 datacore-PowerEdge-R740 cinder-volume[2364504]: WARNING cinder.keymgr.conf_key_mgr [None req-5b5cac0a-2f9a-4dfd-b58c-5d1ebae761fc None None] This key manager is insecure and is not recommended for production deployments: stevedore.exception.NoMatches: No 'castellan.drivers' driver found, looking for 'cinder.keymgr.conf_key_mgr.ConfKeyManager'
Jul 08 02:54:53 datacore-PowerEdge-R740 cinder-volume[2364504]: ERROR cinder.cmd.volume [None req-5b5cac0a-2f9a-4dfd-b58c-5d1ebae761fc None None] Volume service hostgroup@datacore_iscsi1 failed to start.: ModuleNotFoundError: No module named 'cinder.volume.drivers.datacore.iscsi'
Jul 08 02:54:53 datacore-PowerEdge-R740 cinder-volume[2364504]: ERROR cinder.cmd.volume Traceback (most recent call last):
Jul 08 02:54:53 datacore-PowerEdge-R740 cinder-volume[2364504]: ERROR cinder.cmd.volume   File "/opt/stack/cinder/cinder/cmd/volume.py", line 99, in _launch_service
Jul 08 02:54:53 datacore-PowerEdge-R740 cinder-volume[2364504]: ERROR cinder.cmd.volume     server = service.Service.create(host=host,
Jul 08 02:54:53 datacore-PowerEdge-R740 cinder-volume[2364504]: ERROR cinder.cmd.volume   File "/opt/stack/cinder/cinder/service.py", line 394, in create
Jul 08 02:54:53 datacore-PowerEdge-R740 cinder-volume[2364504]: ERROR cinder.cmd.volume     service_obj = cls(host, binary, topic, manager,
Jul 08 02:54:53 datacore-PowerEdge-R740 cinder-volume[2364504]: ERROR cinder.cmd.volume   File "/opt/stack/cinder/cinder/service.py", line 152, in __init__
Jul 08 02:54:53 datacore-PowerEdge-R740 cinder-volume[2364504]: ERROR cinder.cmd.volume     self.manager = manager_class(host=self.host,
Jul 08 02:54:53 datacore-PowerEdge-R740 cinder-volume[2364504]: ERROR cinder.cmd.volume   File "/opt/stack/cinder/cinder/volume/manager.py", line 309, in __init__
Jul 08 02:54:53 datacore-PowerEdge-R740 cinder-volume[2364504]: ERROR cinder.cmd.volume     self.driver = importutils.import_object(
Jul 08 02:54:53 datacore-PowerEdge-R740 cinder-volume[2364504]: ERROR cinder.cmd.volume   File "/usr/local/lib/python3.8/dist-packages/oslo_utils/importutils.py", line 44, in import_object
Jul 08 02:54:53 datacore-PowerEdge-R740 cinder-volume[2364504]: ERROR cinder.cmd.volume     return import_class(import_str)(*args, **kwargs)
Jul 08 02:54:53 datacore-PowerEdge-R740 cinder-volume[2364504]: ERROR cinder.cmd.volume   File "/usr/local/lib/python3.8/dist-packages/oslo_utils/importutils.py", line 30, in import_class
Jul 08 02:54:53 datacore-PowerEdge-R740 cinder-volume[2364504]: ERROR cinder.cmd.volume     __import__(mod_str)
Jul 08 02:54:53 datacore-PowerEdge-R740 cinder-volume[2364504]: ERROR cinder.cmd.volume ModuleNotFoundError: No module named 'cinder.volume.drivers.datacore.iscsi'
Jul 08 02:54:53 datacore-PowerEdge-R740 cinder-volume[2364504]: ERROR cinder.cmd.volume 
Jul 08 02:54:53 datacore-PowerEdge-R740 cinder-volume[2364504]: ERROR cinder.cmd.volume [None req-5b5cac0a-2f9a-4dfd-b58c-5d1ebae761fc None None] No volume service(s) started successfully, terminating.
Jul 08 02:54:53 datacore-PowerEdge-R740 cinder-volume[2364504]: /usr/lib/python3/dist-packages/secretstorage/dhcrypto.py:15: CryptographyDeprecationWarning: int_from_bytes is deprecated, use int.from_bytes instead
Jul 08 02:54:53 datacore-PowerEdge-R740 cinder-volume[2364504]:   from cryptography.utils import int_from_bytes
Jul 08 02:54:53 datacore-PowerEdge-R740 cinder-volume[2364504]: /usr/lib/python3/dist-packages/secretstorage/util.py:19: CryptographyDeprecationWarning: int_from_bytes is deprecated, use int.from_bytes instead
Jul 08 02:54:53 datacore-PowerEdge-R740 cinder-volume[2364504]:   from cryptography.utils import int_from_bytes
Jul 08 02:54:53 datacore-PowerEdge-R740 cinder-volume[2364504]: /opt/stack/cinder/cinder/db/sqlalchemy/models.py:152: SAWarning: implicitly coercing SELECT object to scalar subquery; please use the .scalar_subquery() method to produce a scalar subquery.
Jul 08 02:54:53 datacore-PowerEdge-R740 cinder-volume[2364504]:   last_heartbeat = column_property(
Jul 08 02:54:53 datacore-PowerEdge-R740 cinder-volume[2364504]: /opt/stack/cinder/cinder/db/sqlalchemy/models.py:160: SAWarning: implicitly coercing SELECT object to scalar subquery; please use the .scalar_subquery() method to produce a scalar subquery.
Jul 08 02:54:53 datacore-PowerEdge-R740 cinder-volume[2364504]:   num_hosts = column_property(
Jul 08 02:54:53 datacore-PowerEdge-R740 cinder-volume[2364504]: /opt/stack/cinder/cinder/db/sqlalchemy/models.py:169: SAWarning: implicitly coercing SELECT object to scalar subquery; please use the .scalar_subquery() method to produce a scalar subquery.
Jul 08 02:54:53 datacore-PowerEdge-R740 cinder-volume[2364504]:   num_down_hosts = column_property(
Jul 08 02:54:53 datacore-PowerEdge-R740 systemd[1]: devstack@c-vol.service: Main process exited, code=exited, status=1/FAILURE
Jul 08 02:54:53 datacore-PowerEdge-R740 systemd[1]: devstack@c-vol.service: Failed with result 'exit-code'.
Jul 08 02:55:08 datacore-PowerEdge-R740 systemd[1]: Started Devstack devstack@c-vol.service.
Jul 08 02:55:10 datacore-PowerEdge-R740 cinder-volume[2365607]: DEBUG oslo_concurrency.lockutils [-] Acquired lock "singleton_lock" {{(pid=2365607) lock /usr/local/lib/python3.8/dist-packages/oslo_concurrency/lockutils.py:294}}
Jul 08 02:55:10 datacore-PowerEdge-R740 cinder-volume[2365607]: DEBUG oslo_concurrency.lockutils [-] Releasing lock "singleton_lock" {{(pid=2365607) lock /usr/local/lib/python3.8/dist-packages/oslo_concurrency/lockutils.py:312}}
Jul 08 02:55:11 datacore-PowerEdge-R740 cinder-volume[2365607]: INFO dbcounter [None req-b01f5f32-8839-4d97-9dac-461d184d0755 None None] Registered counter for database cinder
Jul 08 02:55:11 datacore-PowerEdge-R740 cinder-volume[2365607]: DEBUG oslo_db.sqlalchemy.engines [None req-b01f5f32-8839-4d97-9dac-461d184d0755 None None] MySQL server mode set to STRICT_TRANS_TABLES,STRICT_ALL_TABLES,NO_ZERO_IN_DATE,NO_ZERO_DATE,ERROR_FOR_DIVISION_BY_ZERO,TRADITIONAL,NO_ENGINE_SUBSTITUTION {{(pid=2365607) _check_effective_sql_mode /usr/local/lib/python3.8/dist-packages/oslo_db/sqlalchemy/engines.py:314}}
Jul 08 02:55:11 datacore-PowerEdge-R740 cinder-volume[2365607]: DEBUG dbcounter [-] [2365607] Writer thread running {{(pid=2365607) stat_writer /usr/local/lib/python3.8/dist-packages/dbcounter.py:99}}
Jul 08 02:55:11 datacore-PowerEdge-R740 cinder-volume[2365607]: INFO cinder.rpc [None req-b01f5f32-8839-4d97-9dac-461d184d0755 None None] Automatically selected cinder-scheduler objects version 1.39 as minimum service version.
Jul 08 02:55:11 datacore-PowerEdge-R740 cinder-volume[2365607]: INFO cinder.rpc [None req-b01f5f32-8839-4d97-9dac-461d184d0755 None None] Automatically selected cinder-scheduler RPC version 3.12 as minimum service version.
Jul 08 02:55:11 datacore-PowerEdge-R740 cinder-volume[2365607]: DEBUG oslo_db.sqlalchemy.engines [None req-b01f5f32-8839-4d97-9dac-461d184d0755 None None] MySQL server mode set to STRICT_TRANS_TABLES,STRICT_ALL_TABLES,NO_ZERO_IN_DATE,NO_ZERO_DATE,ERROR_FOR_DIVISION_BY_ZERO,TRADITIONAL,NO_ENGINE_SUBSTITUTION {{(pid=2365607) _check_effective_sql_mode /usr/local/lib/python3.8/dist-packages/oslo_db/sqlalchemy/engines.py:314}}
Jul 08 02:55:11 datacore-PowerEdge-R740 cinder-volume[2365607]: INFO cinder.volume.manager [None req-b01f5f32-8839-4d97-9dac-461d184d0755 None None] Determined volume DB was empty at startup.
Jul 08 02:55:11 datacore-PowerEdge-R740 cinder-volume[2365607]: DEBUG cinder.volume.manager [None req-b01f5f32-8839-4d97-9dac-461d184d0755 None None] Cinder Volume DB check: vol_db_empty=True {{(pid=2365607) __init__ /opt/stack/cinder/cinder/volume/manager.py:286}}
Jul 08 02:55:11 datacore-PowerEdge-R740 cinder-volume[2365607]: WARNING stevedore.named [None req-b01f5f32-8839-4d97-9dac-461d184d0755 None None] Could not load cinder.keymgr.conf_key_mgr.ConfKeyManager
Jul 08 02:55:11 datacore-PowerEdge-R740 cinder-volume[2365607]: WARNING castellan.key_manager [None req-b01f5f32-8839-4d97-9dac-461d184d0755 None None] Deprecation Warning : cinder.keymgr.conf_key_mgr.ConfKeyManager is not a stevedore based driver, trying to load it as a class: stevedore.exception.NoMatches: No 'castellan.drivers' driver found, looking for 'cinder.keymgr.conf_key_mgr.ConfKeyManager'
Jul 08 02:55:11 datacore-PowerEdge-R740 cinder-volume[2365607]: WARNING cinder.keymgr.conf_key_mgr [None req-b01f5f32-8839-4d97-9dac-461d184d0755 None None] This key manager is insecure and is not recommended for production deployments: stevedore.exception.NoMatches: No 'castellan.drivers' driver found, looking for 'cinder.keymgr.conf_key_mgr.ConfKeyManager'
Jul 08 02:55:11 datacore-PowerEdge-R740 cinder-volume[2365607]: ERROR cinder.cmd.volume [None req-b01f5f32-8839-4d97-9dac-461d184d0755 None None] Volume service hostgroup@datacore_iscsi1 failed to start.: ModuleNotFoundError: No module named 'cinder.volume.drivers.datacore.iscsi'
Jul 08 02:55:11 datacore-PowerEdge-R740 cinder-volume[2365607]: ERROR cinder.cmd.volume Traceback (most recent call last):
Jul 08 02:55:11 datacore-PowerEdge-R740 cinder-volume[2365607]: ERROR cinder.cmd.volume   File "/opt/stack/cinder/cinder/cmd/volume.py", line 99, in _launch_service
Jul 08 02:55:11 datacore-PowerEdge-R740 cinder-volume[2365607]: ERROR cinder.cmd.volume     server = service.Service.create(host=host,
Jul 08 02:55:11 datacore-PowerEdge-R740 cinder-volume[2365607]: ERROR cinder.cmd.volume   File "/opt/stack/cinder/cinder/service.py", line 394, in create
Jul 08 02:55:11 datacore-PowerEdge-R740 cinder-volume[2365607]: ERROR cinder.cmd.volume     service_obj = cls(host, binary, topic, manager,
Jul 08 02:55:11 datacore-PowerEdge-R740 cinder-volume[2365607]: ERROR cinder.cmd.volume   File "/opt/stack/cinder/cinder/service.py", line 152, in __init__
Jul 08 02:55:11 datacore-PowerEdge-R740 cinder-volume[2365607]: ERROR cinder.cmd.volume     self.manager = manager_class(host=self.host,
Jul 08 02:55:11 datacore-PowerEdge-R740 cinder-volume[2365607]: ERROR cinder.cmd.volume   File "/opt/stack/cinder/cinder/volume/manager.py", line 309, in __init__
Jul 08 02:55:11 datacore-PowerEdge-R740 cinder-volume[2365607]: ERROR cinder.cmd.volume     self.driver = importutils.import_object(
Jul 08 02:55:11 datacore-PowerEdge-R740 cinder-volume[2365607]: ERROR cinder.cmd.volume   File "/usr/local/lib/python3.8/dist-packages/oslo_utils/importutils.py", line 44, in import_object
Jul 08 02:55:11 datacore-PowerEdge-R740 cinder-volume[2365607]: ERROR cinder.cmd.volume     return import_class(import_str)(*args, **kwargs)
Jul 08 02:55:11 datacore-PowerEdge-R740 cinder-volume[2365607]: ERROR cinder.cmd.volume   File "/usr/local/lib/python3.8/dist-packages/oslo_utils/importutils.py", line 30, in import_class
Jul 08 02:55:11 datacore-PowerEdge-R740 cinder-volume[2365607]: ERROR cinder.cmd.volume     __import__(mod_str)
Jul 08 02:55:11 datacore-PowerEdge-R740 cinder-volume[2365607]: ERROR cinder.cmd.volume ModuleNotFoundError: No module named 'cinder.volume.drivers.datacore.iscsi'
Jul 08 02:55:11 datacore-PowerEdge-R740 cinder-volume[2365607]: ERROR cinder.cmd.volume 
Jul 08 02:55:11 datacore-PowerEdge-R740 cinder-volume[2365607]: ERROR cinder.cmd.volume [None req-b01f5f32-8839-4d97-9dac-461d184d0755 None None] No volume service(s) started successfully, terminating.
Jul 08 02:55:11 datacore-PowerEdge-R740 cinder-volume[2365607]: /usr/lib/python3/dist-packages/secretstorage/dhcrypto.py:15: CryptographyDeprecationWarning: int_from_bytes is deprecated, use int.from_bytes instead
Jul 08 02:55:11 datacore-PowerEdge-R740 cinder-volume[2365607]:   from cryptography.utils import int_from_bytes
Jul 08 02:55:11 datacore-PowerEdge-R740 cinder-volume[2365607]: /usr/lib/python3/dist-packages/secretstorage/util.py:19: CryptographyDeprecationWarning: int_from_bytes is deprecated, use int.from_bytes instead
Jul 08 02:55:11 datacore-PowerEdge-R740 cinder-volume[2365607]:   from cryptography.utils import int_from_bytes
Jul 08 02:55:11 datacore-PowerEdge-R740 cinder-volume[2365607]: /opt/stack/cinder/cinder/db/sqlalchemy/models.py:152: SAWarning: implicitly coercing SELECT object to scalar subquery; please use the .scalar_subquery() method to produce a scalar subquery.
Jul 08 02:55:11 datacore-PowerEdge-R740 cinder-volume[2365607]:   last_heartbeat = column_property(
Jul 08 02:55:11 datacore-PowerEdge-R740 cinder-volume[2365607]: /opt/stack/cinder/cinder/db/sqlalchemy/models.py:160: SAWarning: implicitly coercing SELECT object to scalar subquery; please use the .scalar_subquery() method to produce a scalar subquery.
Jul 08 02:55:11 datacore-PowerEdge-R740 cinder-volume[2365607]:   num_hosts = column_property(
Jul 08 02:55:11 datacore-PowerEdge-R740 cinder-volume[2365607]: /opt/stack/cinder/cinder/db/sqlalchemy/models.py:169: SAWarning: implicitly coercing SELECT object to scalar subquery; please use the .scalar_subquery() method to produce a scalar subquery.
Jul 08 02:55:11 datacore-PowerEdge-R740 cinder-volume[2365607]:   num_down_hosts = column_property(
Jul 08 02:55:12 datacore-PowerEdge-R740 systemd[1]: devstack@c-vol.service: Main process exited, code=exited, status=1/FAILURE
Jul 08 02:55:12 datacore-PowerEdge-R740 systemd[1]: devstack@c-vol.service: Failed with result 'exit-code'.
