-- Logs begin at Tue 2022-07-12 15:34:41 IST, end at Tue 2022-07-12 18:09:55 IST. --
Jul 12 15:34:51 datacore-PowerEdge-R740 systemd[1]: Started Devstack devstack@c-vol.service.
Jul 12 15:34:53 datacore-PowerEdge-R740 cinder-volume[3364121]: DEBUG oslo_concurrency.lockutils [-] Acquired lock "singleton_lock" {{(pid=3364121) lock /usr/local/lib/python3.8/dist-packages/oslo_concurrency/lockutils.py:294}}
Jul 12 15:34:53 datacore-PowerEdge-R740 cinder-volume[3364121]: DEBUG oslo_concurrency.lockutils [-] Releasing lock "singleton_lock" {{(pid=3364121) lock /usr/local/lib/python3.8/dist-packages/oslo_concurrency/lockutils.py:312}}
Jul 12 15:34:54 datacore-PowerEdge-R740 cinder-volume[3364121]: INFO dbcounter [None req-df44f022-6870-4ae1-9c99-414dc1bf7c78 None None] Registered counter for database cinder
Jul 12 15:34:54 datacore-PowerEdge-R740 cinder-volume[3364121]: DEBUG oslo_db.sqlalchemy.engines [None req-df44f022-6870-4ae1-9c99-414dc1bf7c78 None None] MySQL server mode set to STRICT_TRANS_TABLES,STRICT_ALL_TABLES,NO_ZERO_IN_DATE,NO_ZERO_DATE,ERROR_FOR_DIVISION_BY_ZERO,TRADITIONAL,NO_ENGINE_SUBSTITUTION {{(pid=3364121) _check_effective_sql_mode /usr/local/lib/python3.8/dist-packages/oslo_db/sqlalchemy/engines.py:314}}
Jul 12 15:34:54 datacore-PowerEdge-R740 cinder-volume[3364121]: DEBUG dbcounter [-] [3364121] Writer thread running {{(pid=3364121) stat_writer /usr/local/lib/python3.8/dist-packages/dbcounter.py:99}}
Jul 12 15:34:54 datacore-PowerEdge-R740 cinder-volume[3364121]: INFO cinder.rpc [None req-df44f022-6870-4ae1-9c99-414dc1bf7c78 None None] Automatically selected cinder-scheduler objects version 1.39 as minimum service version.
Jul 12 15:34:54 datacore-PowerEdge-R740 cinder-volume[3364121]: INFO cinder.rpc [None req-df44f022-6870-4ae1-9c99-414dc1bf7c78 None None] Automatically selected cinder-scheduler RPC version 3.12 as minimum service version.
Jul 12 15:34:54 datacore-PowerEdge-R740 cinder-volume[3364121]: DEBUG oslo_db.sqlalchemy.engines [None req-df44f022-6870-4ae1-9c99-414dc1bf7c78 None None] MySQL server mode set to STRICT_TRANS_TABLES,STRICT_ALL_TABLES,NO_ZERO_IN_DATE,NO_ZERO_DATE,ERROR_FOR_DIVISION_BY_ZERO,TRADITIONAL,NO_ENGINE_SUBSTITUTION {{(pid=3364121) _check_effective_sql_mode /usr/local/lib/python3.8/dist-packages/oslo_db/sqlalchemy/engines.py:314}}
Jul 12 15:34:54 datacore-PowerEdge-R740 cinder-volume[3364121]: INFO cinder.volume.manager [None req-df44f022-6870-4ae1-9c99-414dc1bf7c78 None None] Determined volume DB was empty at startup.
Jul 12 15:34:54 datacore-PowerEdge-R740 cinder-volume[3364121]: DEBUG cinder.volume.manager [None req-df44f022-6870-4ae1-9c99-414dc1bf7c78 None None] Cinder Volume DB check: vol_db_empty=True {{(pid=3364121) __init__ /opt/stack/cinder/cinder/volume/manager.py:290}}
Jul 12 15:34:54 datacore-PowerEdge-R740 cinder-volume[3364121]: WARNING stevedore.named [None req-df44f022-6870-4ae1-9c99-414dc1bf7c78 None None] Could not load cinder.keymgr.conf_key_mgr.ConfKeyManager
Jul 12 15:34:54 datacore-PowerEdge-R740 cinder-volume[3364121]: WARNING castellan.key_manager [None req-df44f022-6870-4ae1-9c99-414dc1bf7c78 None None] Deprecation Warning : cinder.keymgr.conf_key_mgr.ConfKeyManager is not a stevedore based driver, trying to load it as a class: stevedore.exception.NoMatches: No 'castellan.drivers' driver found, looking for 'cinder.keymgr.conf_key_mgr.ConfKeyManager'
Jul 12 15:34:54 datacore-PowerEdge-R740 cinder-volume[3364121]: WARNING cinder.keymgr.conf_key_mgr [None req-df44f022-6870-4ae1-9c99-414dc1bf7c78 None None] This key manager is insecure and is not recommended for production deployments: stevedore.exception.NoMatches: No 'castellan.drivers' driver found, looking for 'cinder.keymgr.conf_key_mgr.ConfKeyManager'
Jul 12 15:34:54 datacore-PowerEdge-R740 cinder-volume[3364121]: ERROR cinder.cmd.volume [None req-df44f022-6870-4ae1-9c99-414dc1bf7c78 None None] Volume service hostgroup@datacore_iscsi1 failed to start.: ModuleNotFoundError: No module named 'cinder.volume.drivers.datacore.iscsi'
Jul 12 15:34:54 datacore-PowerEdge-R740 cinder-volume[3364121]: ERROR cinder.cmd.volume Traceback (most recent call last):
Jul 12 15:34:54 datacore-PowerEdge-R740 cinder-volume[3364121]: ERROR cinder.cmd.volume   File "/opt/stack/cinder/cinder/cmd/volume.py", line 99, in _launch_service
Jul 12 15:34:54 datacore-PowerEdge-R740 cinder-volume[3364121]: ERROR cinder.cmd.volume     server = service.Service.create(host=host,
Jul 12 15:34:54 datacore-PowerEdge-R740 cinder-volume[3364121]: ERROR cinder.cmd.volume   File "/opt/stack/cinder/cinder/service.py", line 394, in create
Jul 12 15:34:54 datacore-PowerEdge-R740 cinder-volume[3364121]: ERROR cinder.cmd.volume     service_obj = cls(host, binary, topic, manager,
Jul 12 15:34:54 datacore-PowerEdge-R740 cinder-volume[3364121]: ERROR cinder.cmd.volume   File "/opt/stack/cinder/cinder/service.py", line 152, in __init__
Jul 12 15:34:54 datacore-PowerEdge-R740 cinder-volume[3364121]: ERROR cinder.cmd.volume     self.manager = manager_class(host=self.host,
Jul 12 15:34:54 datacore-PowerEdge-R740 cinder-volume[3364121]: ERROR cinder.cmd.volume   File "/opt/stack/cinder/cinder/volume/manager.py", line 313, in __init__
Jul 12 15:34:54 datacore-PowerEdge-R740 cinder-volume[3364121]: ERROR cinder.cmd.volume     self.driver = importutils.import_object(
Jul 12 15:34:54 datacore-PowerEdge-R740 cinder-volume[3364121]: ERROR cinder.cmd.volume   File "/usr/local/lib/python3.8/dist-packages/oslo_utils/importutils.py", line 44, in import_object
Jul 12 15:34:54 datacore-PowerEdge-R740 cinder-volume[3364121]: ERROR cinder.cmd.volume     return import_class(import_str)(*args, **kwargs)
Jul 12 15:34:54 datacore-PowerEdge-R740 cinder-volume[3364121]: ERROR cinder.cmd.volume   File "/usr/local/lib/python3.8/dist-packages/oslo_utils/importutils.py", line 30, in import_class
Jul 12 15:34:54 datacore-PowerEdge-R740 cinder-volume[3364121]: ERROR cinder.cmd.volume     __import__(mod_str)
Jul 12 15:34:54 datacore-PowerEdge-R740 cinder-volume[3364121]: ERROR cinder.cmd.volume ModuleNotFoundError: No module named 'cinder.volume.drivers.datacore.iscsi'
Jul 12 15:34:54 datacore-PowerEdge-R740 cinder-volume[3364121]: ERROR cinder.cmd.volume 
Jul 12 15:34:54 datacore-PowerEdge-R740 cinder-volume[3364121]: ERROR cinder.cmd.volume [None req-df44f022-6870-4ae1-9c99-414dc1bf7c78 None None] No volume service(s) started successfully, terminating.
Jul 12 15:34:54 datacore-PowerEdge-R740 cinder-volume[3364121]: /usr/lib/python3/dist-packages/secretstorage/dhcrypto.py:15: CryptographyDeprecationWarning: int_from_bytes is deprecated, use int.from_bytes instead
Jul 12 15:34:54 datacore-PowerEdge-R740 cinder-volume[3364121]:   from cryptography.utils import int_from_bytes
Jul 12 15:34:54 datacore-PowerEdge-R740 cinder-volume[3364121]: /usr/lib/python3/dist-packages/secretstorage/util.py:19: CryptographyDeprecationWarning: int_from_bytes is deprecated, use int.from_bytes instead
Jul 12 15:34:54 datacore-PowerEdge-R740 cinder-volume[3364121]:   from cryptography.utils import int_from_bytes
Jul 12 15:34:54 datacore-PowerEdge-R740 cinder-volume[3364121]: /opt/stack/cinder/cinder/db/sqlalchemy/models.py:152: SAWarning: implicitly coercing SELECT object to scalar subquery; please use the .scalar_subquery() method to produce a scalar subquery.
Jul 12 15:34:54 datacore-PowerEdge-R740 cinder-volume[3364121]:   last_heartbeat = column_property(
Jul 12 15:34:54 datacore-PowerEdge-R740 cinder-volume[3364121]: /opt/stack/cinder/cinder/db/sqlalchemy/models.py:160: SAWarning: implicitly coercing SELECT object to scalar subquery; please use the .scalar_subquery() method to produce a scalar subquery.
Jul 12 15:34:54 datacore-PowerEdge-R740 cinder-volume[3364121]:   num_hosts = column_property(
Jul 12 15:34:54 datacore-PowerEdge-R740 cinder-volume[3364121]: /opt/stack/cinder/cinder/db/sqlalchemy/models.py:169: SAWarning: implicitly coercing SELECT object to scalar subquery; please use the .scalar_subquery() method to produce a scalar subquery.
Jul 12 15:34:54 datacore-PowerEdge-R740 cinder-volume[3364121]:   num_down_hosts = column_property(
Jul 12 15:34:55 datacore-PowerEdge-R740 systemd[1]: devstack@c-vol.service: Main process exited, code=exited, status=1/FAILURE
Jul 12 15:34:55 datacore-PowerEdge-R740 systemd[1]: devstack@c-vol.service: Failed with result 'exit-code'.
Jul 12 18:09:37 datacore-PowerEdge-R740 systemd[1]: Started Devstack devstack@c-vol.service.
Jul 12 18:09:39 datacore-PowerEdge-R740 cinder-volume[3387136]: DEBUG oslo_concurrency.lockutils [-] Acquired lock "singleton_lock" {{(pid=3387136) lock /usr/local/lib/python3.8/dist-packages/oslo_concurrency/lockutils.py:294}}
Jul 12 18:09:39 datacore-PowerEdge-R740 cinder-volume[3387136]: DEBUG oslo_concurrency.lockutils [-] Releasing lock "singleton_lock" {{(pid=3387136) lock /usr/local/lib/python3.8/dist-packages/oslo_concurrency/lockutils.py:312}}
Jul 12 18:09:39 datacore-PowerEdge-R740 cinder-volume[3387136]: INFO dbcounter [None req-d765fa49-44f1-4d81-9942-22a17e539754 None None] Registered counter for database cinder
Jul 12 18:09:39 datacore-PowerEdge-R740 cinder-volume[3387136]: DEBUG oslo_db.sqlalchemy.engines [None req-d765fa49-44f1-4d81-9942-22a17e539754 None None] MySQL server mode set to STRICT_TRANS_TABLES,STRICT_ALL_TABLES,NO_ZERO_IN_DATE,NO_ZERO_DATE,ERROR_FOR_DIVISION_BY_ZERO,TRADITIONAL,NO_ENGINE_SUBSTITUTION {{(pid=3387136) _check_effective_sql_mode /usr/local/lib/python3.8/dist-packages/oslo_db/sqlalchemy/engines.py:314}}
Jul 12 18:09:39 datacore-PowerEdge-R740 cinder-volume[3387136]: DEBUG dbcounter [-] [3387136] Writer thread running {{(pid=3387136) stat_writer /usr/local/lib/python3.8/dist-packages/dbcounter.py:99}}
Jul 12 18:09:39 datacore-PowerEdge-R740 cinder-volume[3387136]: INFO cinder.rpc [None req-d765fa49-44f1-4d81-9942-22a17e539754 None None] Automatically selected cinder-scheduler objects version 1.39 as minimum service version.
Jul 12 18:09:39 datacore-PowerEdge-R740 cinder-volume[3387136]: INFO cinder.rpc [None req-d765fa49-44f1-4d81-9942-22a17e539754 None None] Automatically selected cinder-scheduler RPC version 3.12 as minimum service version.
Jul 12 18:09:39 datacore-PowerEdge-R740 cinder-volume[3387136]: DEBUG oslo_db.sqlalchemy.engines [None req-d765fa49-44f1-4d81-9942-22a17e539754 None None] MySQL server mode set to STRICT_TRANS_TABLES,STRICT_ALL_TABLES,NO_ZERO_IN_DATE,NO_ZERO_DATE,ERROR_FOR_DIVISION_BY_ZERO,TRADITIONAL,NO_ENGINE_SUBSTITUTION {{(pid=3387136) _check_effective_sql_mode /usr/local/lib/python3.8/dist-packages/oslo_db/sqlalchemy/engines.py:314}}
Jul 12 18:09:39 datacore-PowerEdge-R740 cinder-volume[3387136]: INFO cinder.volume.manager [None req-d765fa49-44f1-4d81-9942-22a17e539754 None None] Determined volume DB was empty at startup.
Jul 12 18:09:39 datacore-PowerEdge-R740 cinder-volume[3387136]: DEBUG cinder.volume.manager [None req-d765fa49-44f1-4d81-9942-22a17e539754 None None] Cinder Volume DB check: vol_db_empty=True {{(pid=3387136) __init__ /opt/stack/cinder/cinder/volume/manager.py:281}}
Jul 12 18:09:40 datacore-PowerEdge-R740 cinder-volume[3387136]: WARNING stevedore.named [None req-d765fa49-44f1-4d81-9942-22a17e539754 None None] Could not load cinder.keymgr.conf_key_mgr.ConfKeyManager
Jul 12 18:09:40 datacore-PowerEdge-R740 cinder-volume[3387136]: WARNING castellan.key_manager [None req-d765fa49-44f1-4d81-9942-22a17e539754 None None] Deprecation Warning : cinder.keymgr.conf_key_mgr.ConfKeyManager is not a stevedore based driver, trying to load it as a class: stevedore.exception.NoMatches: No 'castellan.drivers' driver found, looking for 'cinder.keymgr.conf_key_mgr.ConfKeyManager'
Jul 12 18:09:40 datacore-PowerEdge-R740 cinder-volume[3387136]: WARNING cinder.keymgr.conf_key_mgr [None req-d765fa49-44f1-4d81-9942-22a17e539754 None None] This key manager is insecure and is not recommended for production deployments: stevedore.exception.NoMatches: No 'castellan.drivers' driver found, looking for 'cinder.keymgr.conf_key_mgr.ConfKeyManager'
Jul 12 18:09:40 datacore-PowerEdge-R740 cinder-volume[3387136]: ERROR cinder.cmd.volume [None req-d765fa49-44f1-4d81-9942-22a17e539754 None None] Volume service hostgroup@datacore_iscsi1 failed to start.: ModuleNotFoundError: No module named 'cinder.volume.drivers.datacore.iscsi'
Jul 12 18:09:40 datacore-PowerEdge-R740 cinder-volume[3387136]: ERROR cinder.cmd.volume Traceback (most recent call last):
Jul 12 18:09:40 datacore-PowerEdge-R740 cinder-volume[3387136]: ERROR cinder.cmd.volume   File "/opt/stack/cinder/cinder/cmd/volume.py", line 99, in _launch_service
Jul 12 18:09:40 datacore-PowerEdge-R740 cinder-volume[3387136]: ERROR cinder.cmd.volume     server = service.Service.create(host=host,
Jul 12 18:09:40 datacore-PowerEdge-R740 cinder-volume[3387136]: ERROR cinder.cmd.volume   File "/opt/stack/cinder/cinder/service.py", line 394, in create
Jul 12 18:09:40 datacore-PowerEdge-R740 cinder-volume[3387136]: ERROR cinder.cmd.volume     service_obj = cls(host, binary, topic, manager,
Jul 12 18:09:40 datacore-PowerEdge-R740 cinder-volume[3387136]: ERROR cinder.cmd.volume   File "/opt/stack/cinder/cinder/service.py", line 152, in __init__
Jul 12 18:09:40 datacore-PowerEdge-R740 cinder-volume[3387136]: ERROR cinder.cmd.volume     self.manager = manager_class(host=self.host,
Jul 12 18:09:40 datacore-PowerEdge-R740 cinder-volume[3387136]: ERROR cinder.cmd.volume   File "/opt/stack/cinder/cinder/volume/manager.py", line 305, in __init__
Jul 12 18:09:40 datacore-PowerEdge-R740 cinder-volume[3387136]: ERROR cinder.cmd.volume     self.driver = importutils.import_object(
Jul 12 18:09:40 datacore-PowerEdge-R740 cinder-volume[3387136]: ERROR cinder.cmd.volume   File "/usr/local/lib/python3.8/dist-packages/oslo_utils/importutils.py", line 44, in import_object
Jul 12 18:09:40 datacore-PowerEdge-R740 cinder-volume[3387136]: ERROR cinder.cmd.volume     return import_class(import_str)(*args, **kwargs)
Jul 12 18:09:40 datacore-PowerEdge-R740 cinder-volume[3387136]: ERROR cinder.cmd.volume   File "/usr/local/lib/python3.8/dist-packages/oslo_utils/importutils.py", line 30, in import_class
Jul 12 18:09:40 datacore-PowerEdge-R740 cinder-volume[3387136]: ERROR cinder.cmd.volume     __import__(mod_str)
Jul 12 18:09:40 datacore-PowerEdge-R740 cinder-volume[3387136]: ERROR cinder.cmd.volume ModuleNotFoundError: No module named 'cinder.volume.drivers.datacore.iscsi'
Jul 12 18:09:40 datacore-PowerEdge-R740 cinder-volume[3387136]: ERROR cinder.cmd.volume 
Jul 12 18:09:40 datacore-PowerEdge-R740 cinder-volume[3387136]: ERROR cinder.cmd.volume [None req-d765fa49-44f1-4d81-9942-22a17e539754 None None] No volume service(s) started successfully, terminating.
Jul 12 18:09:40 datacore-PowerEdge-R740 cinder-volume[3387136]: /usr/lib/python3/dist-packages/secretstorage/dhcrypto.py:15: CryptographyDeprecationWarning: int_from_bytes is deprecated, use int.from_bytes instead
Jul 12 18:09:40 datacore-PowerEdge-R740 cinder-volume[3387136]:   from cryptography.utils import int_from_bytes
Jul 12 18:09:40 datacore-PowerEdge-R740 cinder-volume[3387136]: /usr/lib/python3/dist-packages/secretstorage/util.py:19: CryptographyDeprecationWarning: int_from_bytes is deprecated, use int.from_bytes instead
Jul 12 18:09:40 datacore-PowerEdge-R740 cinder-volume[3387136]:   from cryptography.utils import int_from_bytes
Jul 12 18:09:40 datacore-PowerEdge-R740 cinder-volume[3387136]: /opt/stack/cinder/cinder/db/sqlalchemy/models.py:138: SAWarning: implicitly coercing SELECT object to scalar subquery; please use the .scalar_subquery() method to produce a scalar subquery.
Jul 12 18:09:40 datacore-PowerEdge-R740 cinder-volume[3387136]:   last_heartbeat = column_property(
Jul 12 18:09:40 datacore-PowerEdge-R740 cinder-volume[3387136]: /opt/stack/cinder/cinder/db/sqlalchemy/models.py:144: SAWarning: implicitly coercing SELECT object to scalar subquery; please use the .scalar_subquery() method to produce a scalar subquery.
Jul 12 18:09:40 datacore-PowerEdge-R740 cinder-volume[3387136]:   num_hosts = column_property(
Jul 12 18:09:40 datacore-PowerEdge-R740 cinder-volume[3387136]: /opt/stack/cinder/cinder/db/sqlalchemy/models.py:151: SAWarning: implicitly coercing SELECT object to scalar subquery; please use the .scalar_subquery() method to produce a scalar subquery.
Jul 12 18:09:40 datacore-PowerEdge-R740 cinder-volume[3387136]:   num_down_hosts = column_property(
Jul 12 18:09:40 datacore-PowerEdge-R740 systemd[1]: devstack@c-vol.service: Main process exited, code=exited, status=1/FAILURE
Jul 12 18:09:40 datacore-PowerEdge-R740 systemd[1]: devstack@c-vol.service: Failed with result 'exit-code'.
