Source the openrc file
WARNING: setting legacy OS_TENANT_NAME to support cli tools.
Patch Details: GERRIT_CHANGE_NUMBER: 841125 GERRIT_PATCHSET_NUMBER: 9 GERRIT_REFSPEC: refs/changes/25/841125/9
Updating cinder code
Waiting for patchset. FROM_JENKINS: 1
Switched to branch 'master'
Your branch is up to date with 'origin/master'.
git checkout cinder master Success
Already up to date.
git pull Success
changeBranch: change-841125-9
From https://opendev.org/openstack/cinder
 * [new ref]             refs/changes/25/841125/9 -> change-841125-9
git fetch origin refs/changes/25/841125/9:change-841125-9 Success
Switched to branch 'change-841125-9'
git checkout change-841125-9 Success
From https://opendev.org/openstack/tempest
   d8a803f95..3857a50f7  master     -> origin/master
Updating d8a803f95..3857a50f7
Fast-forward
 .../api_schema/response/volume/v3_61/__init__.py   |  0
 .../api_schema/response/volume/v3_61/volumes.py    | 69 ++++++++++++++++++++++
 .../api_schema/response/volume/v3_63/__init__.py   |  0
 .../api_schema/response/volume/v3_63/volumes.py    | 69 ++++++++++++++++++++++
 .../api_schema/response/volume/v3_64/__init__.py   |  0
 .../api_schema/response/volume/v3_64/backups.py    | 48 +++++++++++++++
 .../api_schema/response/volume/v3_64/volumes.py    | 69 ++++++++++++++++++++++
 tempest/lib/services/volume/v3/backups_client.py   |  8 +++
 tempest/lib/services/volume/v3/volumes_client.py   | 13 ++++
 9 files changed, 276 insertions(+)
 create mode 100644 tempest/lib/api_schema/response/volume/v3_61/__init__.py
 create mode 100644 tempest/lib/api_schema/response/volume/v3_61/volumes.py
 create mode 100644 tempest/lib/api_schema/response/volume/v3_63/__init__.py
 create mode 100644 tempest/lib/api_schema/response/volume/v3_63/volumes.py
 create mode 100644 tempest/lib/api_schema/response/volume/v3_64/__init__.py
 create mode 100644 tempest/lib/api_schema/response/volume/v3_64/backups.py
 create mode 100644 tempest/lib/api_schema/response/volume/v3_64/volumes.py
checkout patchset [ PASSED ]
Clearing logs
/tmp/ci-result-1656080803552
Starting iSCSI Test configuration
Updating cinder.conf with iSCSI driver details [ PASSED ]
Restarting devstack services
Cinder volume service [ FAILED ]
Already up to date.
Updating cinder-tempest-logs repo [ PASSED ]
