Source the openrc file
WARNING: setting legacy OS_TENANT_NAME to support cli tools.
+ /opt/upstream/pipeline/run-tempest.sh:main:182 :   echo 'Patch Details: GERRIT_CHANGE_NUMBER: 836323 GERRIT_PATCHSET_NUMBER: 42 GERRIT_REFSPEC: refs/changes/23/836323/42'
Patch Details: GERRIT_CHANGE_NUMBER: 836323 GERRIT_PATCHSET_NUMBER: 42 GERRIT_REFSPEC: refs/changes/23/836323/42
+ /opt/upstream/pipeline/run-tempest.sh:main:184 :   echo 'Updating cinder code'
Updating cinder code
+ /opt/upstream/pipeline/run-tempest.sh:main:185 :   update_cinder
+ /opt/upstream/pipeline/run-tempest.sh:update_cinder:171 :   error_check 1 'checkout patchset'
+ /opt/upstream/pipeline/run-tempest.sh:error_check:32 :   err=1
+ /opt/upstream/pipeline/run-tempest.sh:error_check:33 :   msg='checkout patchset'
+ /opt/upstream/pipeline/run-tempest.sh:error_check:34 :   '[' 1 -ne 0 ']'
+ /opt/upstream/pipeline/run-tempest.sh:error_check:35 :   echo 'checkout patchset [ FAILED ]'
checkout patchset [ FAILED ]
+ /opt/upstream/pipeline/run-tempest.sh:error_check:36 :   '[' 0 -eq 0 ']'
+ /opt/upstream/pipeline/run-tempest.sh:error_check:37 :   UPLOAD_STARTED=1
+ /opt/upstream/pipeline/run-tempest.sh:error_check:38 :   echo 'error_check: calling upload_logs_to_git'
error_check: calling upload_logs_to_git
+ /opt/upstream/pipeline/run-tempest.sh:error_check:39 :   upload_logs_to_git
+ /opt/upstream/pipeline/run-tempest.sh:upload_logs_to_git:132 :   cd /tmp
+ /opt/upstream/pipeline/run-tempest.sh:upload_logs_to_git:133 :   sudo journalctl --unit devstack@c-vol.service
+ /opt/upstream/pipeline/run-tempest.sh:upload_logs_to_git:134 :   '[' '!' -d cinder-tempest-logs ']'
+ /opt/upstream/pipeline/run-tempest.sh:upload_logs_to_git:139 :   cd cinder-tempest-logs
+ /opt/upstream/pipeline/run-tempest.sh:upload_logs_to_git:140 :   git pull
Already up to date.
+ /opt/upstream/pipeline/run-tempest.sh:upload_logs_to_git:141 :   error_check 0 'Updating cinder-tempest-logs repo'
+ /opt/upstream/pipeline/run-tempest.sh:error_check:32 :   err=0
+ /opt/upstream/pipeline/run-tempest.sh:error_check:33 :   msg='Updating cinder-tempest-logs repo'
+ /opt/upstream/pipeline/run-tempest.sh:error_check:34 :   '[' 0 -ne 0 ']'
+ /opt/upstream/pipeline/run-tempest.sh:error_check:44 :   echo 'Updating cinder-tempest-logs repo [ PASSED ]'
Updating cinder-tempest-logs repo [ PASSED ]
+ /opt/upstream/pipeline/run-tempest.sh:upload_logs_to_git:143 :   '[' -f /tmp/console.log ']'
+ /opt/upstream/pipeline/run-tempest.sh:upload_logs_to_git:144 :   cp /tmp/console.log /tmp/ci-result-1655453221363
