-- Logs begin at Sat 2022-09-17 08:43:53 IST, end at Sat 2022-09-17 08:44:04 IST. --
Sep 17 08:43:53 datacore-PowerEdge-R740 sudo[132692]:    stack : TTY=unknown ; PWD=/ ; USER=root ; COMMAND=/usr/local/bin/cinder-rootwrap /etc/cinder/rootwrap.conf env LC_ALL=C pvs --noheadings --unit=g -o vg_name,name,size,free --separator | --nosuffix --ignoreskippedcluster
Sep 17 08:43:53 datacore-PowerEdge-R740 sudo[132692]: pam_unix(sudo:session): session opened for user root by (uid=0)
Sep 17 08:43:54 datacore-PowerEdge-R740 sudo[132692]: pam_unix(sudo:session): session closed for user root
Sep 17 08:43:54 datacore-PowerEdge-R740 cinder-volume[132546]: DEBUG oslo_concurrency.processutils [None req-bb49cb31-df11-4dcb-81ed-576a72b72dcb None None] CMD "sudo cinder-rootwrap /etc/cinder/rootwrap.conf env LC_ALL=C pvs --noheadings --unit=g -o vg_name,name,size,free --separator | --nosuffix --ignoreskippedcluster" returned: 0 in 0.897s {{(pid=132546) execute /usr/local/lib/python3.8/dist-packages/oslo_concurrency/processutils.py:422}}
Sep 17 08:43:54 datacore-PowerEdge-R740 cinder-volume[132546]: DEBUG oslo_concurrency.processutils [None req-bb49cb31-df11-4dcb-81ed-576a72b72dcb None None] Running cmd (subprocess): sudo cinder-rootwrap /etc/cinder/rootwrap.conf env LC_ALL=C vgs --noheadings --unit=g -o name,size,free,lv_count,uuid --separator : --nosuffix stack-volumes-lvmdriver-1 {{(pid=132546) execute /usr/local/lib/python3.8/dist-packages/oslo_concurrency/processutils.py:384}}
Sep 17 08:43:54 datacore-PowerEdge-R740 sudo[132819]:    stack : TTY=unknown ; PWD=/ ; USER=root ; COMMAND=/usr/local/bin/cinder-rootwrap /etc/cinder/rootwrap.conf env LC_ALL=C vgs --noheadings --unit=g -o name,size,free,lv_count,uuid --separator : --nosuffix stack-volumes-lvmdriver-1
Sep 17 08:43:54 datacore-PowerEdge-R740 sudo[132819]: pam_unix(sudo:session): session opened for user root by (uid=0)
Sep 17 08:43:55 datacore-PowerEdge-R740 sudo[132819]: pam_unix(sudo:session): session closed for user root
Sep 17 08:43:55 datacore-PowerEdge-R740 cinder-volume[132546]: DEBUG oslo_concurrency.processutils [None req-bb49cb31-df11-4dcb-81ed-576a72b72dcb None None] CMD "sudo cinder-rootwrap /etc/cinder/rootwrap.conf env LC_ALL=C vgs --noheadings --unit=g -o name,size,free,lv_count,uuid --separator : --nosuffix stack-volumes-lvmdriver-1" returned: 0 in 0.690s {{(pid=132546) execute /usr/local/lib/python3.8/dist-packages/oslo_concurrency/processutils.py:422}}
Sep 17 08:43:55 datacore-PowerEdge-R740 cinder-volume[132546]: DEBUG oslo_concurrency.processutils [None req-bb49cb31-df11-4dcb-81ed-576a72b72dcb None None] Running cmd (subprocess): sudo cinder-rootwrap /etc/cinder/rootwrap.conf env LC_ALL=C vgs --noheadings --unit=g -o name,size,free,lv_count,uuid --separator : --nosuffix stack-volumes-lvmdriver-1 {{(pid=132546) execute /usr/local/lib/python3.8/dist-packages/oslo_concurrency/processutils.py:384}}
Sep 17 08:43:55 datacore-PowerEdge-R740 sudo[132856]:    stack : TTY=unknown ; PWD=/ ; USER=root ; COMMAND=/usr/local/bin/cinder-rootwrap /etc/cinder/rootwrap.conf env LC_ALL=C vgs --noheadings --unit=g -o name,size,free,lv_count,uuid --separator : --nosuffix stack-volumes-lvmdriver-1
Sep 17 08:43:55 datacore-PowerEdge-R740 sudo[132856]: pam_unix(sudo:session): session opened for user root by (uid=0)
Sep 17 08:43:56 datacore-PowerEdge-R740 sudo[132856]: pam_unix(sudo:session): session closed for user root
Sep 17 08:43:56 datacore-PowerEdge-R740 cinder-volume[132546]: DEBUG oslo_concurrency.processutils [None req-bb49cb31-df11-4dcb-81ed-576a72b72dcb None None] CMD "sudo cinder-rootwrap /etc/cinder/rootwrap.conf env LC_ALL=C vgs --noheadings --unit=g -o name,size,free,lv_count,uuid --separator : --nosuffix stack-volumes-lvmdriver-1" returned: 0 in 0.698s {{(pid=132546) execute /usr/local/lib/python3.8/dist-packages/oslo_concurrency/processutils.py:422}}
Sep 17 08:43:56 datacore-PowerEdge-R740 cinder-volume[132546]: DEBUG oslo_concurrency.processutils [None req-bb49cb31-df11-4dcb-81ed-576a72b72dcb None None] Running cmd (subprocess): sudo cinder-rootwrap /etc/cinder/rootwrap.conf env LC_ALL=C lvs --noheadings --unit=g -o vg_name,name,size --nosuffix --readonly stack-volumes-lvmdriver-1 {{(pid=132546) execute /usr/local/lib/python3.8/dist-packages/oslo_concurrency/processutils.py:384}}
Sep 17 08:43:56 datacore-PowerEdge-R740 sudo[132860]:    stack : TTY=unknown ; PWD=/ ; USER=root ; COMMAND=/usr/local/bin/cinder-rootwrap /etc/cinder/rootwrap.conf env LC_ALL=C lvs --noheadings --unit=g -o vg_name,name,size --nosuffix --readonly stack-volumes-lvmdriver-1
Sep 17 08:43:56 datacore-PowerEdge-R740 sudo[132860]: pam_unix(sudo:session): session opened for user root by (uid=0)
Sep 17 08:43:56 datacore-PowerEdge-R740 sudo[132860]: pam_unix(sudo:session): session closed for user root
Sep 17 08:43:56 datacore-PowerEdge-R740 cinder-volume[132546]: DEBUG oslo_concurrency.processutils [None req-bb49cb31-df11-4dcb-81ed-576a72b72dcb None None] CMD "sudo cinder-rootwrap /etc/cinder/rootwrap.conf env LC_ALL=C lvs --noheadings --unit=g -o vg_name,name,size --nosuffix --readonly stack-volumes-lvmdriver-1" returned: 0 in 0.630s {{(pid=132546) execute /usr/local/lib/python3.8/dist-packages/oslo_concurrency/processutils.py:422}}
Sep 17 08:43:56 datacore-PowerEdge-R740 cinder-volume[132546]: DEBUG oslo_concurrency.processutils [None req-bb49cb31-df11-4dcb-81ed-576a72b72dcb None None] Running cmd (subprocess): sudo cinder-rootwrap /etc/cinder/rootwrap.conf env LC_ALL=C lvs --noheadings --unit=g -o size,data_percent --separator : --nosuffix /dev/stack-volumes-lvmdriver-1/stack-volumes-lvmdriver-1-pool {{(pid=132546) execute /usr/local/lib/python3.8/dist-packages/oslo_concurrency/processutils.py:384}}
Sep 17 08:43:56 datacore-PowerEdge-R740 sudo[132866]:    stack : TTY=unknown ; PWD=/ ; USER=root ; COMMAND=/usr/local/bin/cinder-rootwrap /etc/cinder/rootwrap.conf env LC_ALL=C lvs --noheadings --unit=g -o size,data_percent --separator : --nosuffix /dev/stack-volumes-lvmdriver-1/stack-volumes-lvmdriver-1-pool
Sep 17 08:43:56 datacore-PowerEdge-R740 sudo[132866]: pam_unix(sudo:session): session opened for user root by (uid=0)
Sep 17 08:43:57 datacore-PowerEdge-R740 sudo[132866]: pam_unix(sudo:session): session closed for user root
Sep 17 08:43:57 datacore-PowerEdge-R740 cinder-volume[132546]: DEBUG oslo_concurrency.processutils [None req-bb49cb31-df11-4dcb-81ed-576a72b72dcb None None] CMD "sudo cinder-rootwrap /etc/cinder/rootwrap.conf env LC_ALL=C lvs --noheadings --unit=g -o size,data_percent --separator : --nosuffix /dev/stack-volumes-lvmdriver-1/stack-volumes-lvmdriver-1-pool" returned: 0 in 0.638s {{(pid=132546) execute /usr/local/lib/python3.8/dist-packages/oslo_concurrency/processutils.py:422}}
Sep 17 08:43:57 datacore-PowerEdge-R740 cinder-volume[132546]: DEBUG oslo_concurrency.processutils [None req-bb49cb31-df11-4dcb-81ed-576a72b72dcb None None] Running cmd (subprocess): env LC_ALL=C lvm version {{(pid=132546) execute /usr/local/lib/python3.8/dist-packages/oslo_concurrency/processutils.py:384}}
Sep 17 08:43:57 datacore-PowerEdge-R740 cinder-volume[132546]: DEBUG oslo_concurrency.processutils [None req-bb49cb31-df11-4dcb-81ed-576a72b72dcb None None] CMD "env LC_ALL=C lvm version" returned: 0 in 0.015s {{(pid=132546) execute /usr/local/lib/python3.8/dist-packages/oslo_concurrency/processutils.py:422}}
Sep 17 08:43:57 datacore-PowerEdge-R740 cinder-volume[132546]: DEBUG oslo_concurrency.processutils [None req-bb49cb31-df11-4dcb-81ed-576a72b72dcb None None] Running cmd (subprocess): sudo cinder-rootwrap /etc/cinder/rootwrap.conf env LC_ALL=C lvs --noheadings --unit=g -o vg_name,name,size --nosuffix --readonly stack-volumes-lvmdriver-1/stack-volumes-lvmdriver-1-pool {{(pid=132546) execute /usr/local/lib/python3.8/dist-packages/oslo_concurrency/processutils.py:384}}
Sep 17 08:43:57 datacore-PowerEdge-R740 sudo[132871]:    stack : TTY=unknown ; PWD=/ ; USER=root ; COMMAND=/usr/local/bin/cinder-rootwrap /etc/cinder/rootwrap.conf env LC_ALL=C lvs --noheadings --unit=g -o vg_name,name,size --nosuffix --readonly stack-volumes-lvmdriver-1/stack-volumes-lvmdriver-1-pool
Sep 17 08:43:57 datacore-PowerEdge-R740 sudo[132871]: pam_unix(sudo:session): session opened for user root by (uid=0)
Sep 17 08:43:57 datacore-PowerEdge-R740 sudo[132871]: pam_unix(sudo:session): session closed for user root
Sep 17 08:43:57 datacore-PowerEdge-R740 cinder-volume[132546]: DEBUG oslo_concurrency.processutils [None req-bb49cb31-df11-4dcb-81ed-576a72b72dcb None None] CMD "sudo cinder-rootwrap /etc/cinder/rootwrap.conf env LC_ALL=C lvs --noheadings --unit=g -o vg_name,name,size --nosuffix --readonly stack-volumes-lvmdriver-1/stack-volumes-lvmdriver-1-pool" returned: 0 in 0.643s {{(pid=132546) execute /usr/local/lib/python3.8/dist-packages/oslo_concurrency/processutils.py:422}}
Sep 17 08:43:57 datacore-PowerEdge-R740 cinder-volume[132546]: INFO cinder.volume.drivers.lvm [None req-bb49cb31-df11-4dcb-81ed-576a72b72dcb None None] Enabling LVM thin provisioning by default because a thin pool exists.
Sep 17 08:43:57 datacore-PowerEdge-R740 cinder-volume[132546]: DEBUG oslo_concurrency.processutils [None req-bb49cb31-df11-4dcb-81ed-576a72b72dcb None None] Running cmd (subprocess): env LC_ALL=C lvm version {{(pid=132546) execute /usr/local/lib/python3.8/dist-packages/oslo_concurrency/processutils.py:384}}
Sep 17 08:43:58 datacore-PowerEdge-R740 cinder-volume[132546]: DEBUG oslo_concurrency.processutils [None req-bb49cb31-df11-4dcb-81ed-576a72b72dcb None None] CMD "env LC_ALL=C lvm version" returned: 0 in 0.020s {{(pid=132546) execute /usr/local/lib/python3.8/dist-packages/oslo_concurrency/processutils.py:422}}
Sep 17 08:43:58 datacore-PowerEdge-R740 cinder-volume[132546]: DEBUG oslo_concurrency.processutils [None req-bb49cb31-df11-4dcb-81ed-576a72b72dcb None None] Running cmd (subprocess): sudo cinder-rootwrap /etc/cinder/rootwrap.conf env LC_ALL=C lvs --noheadings --unit=g -o vg_name,name,size --nosuffix --readonly stack-volumes-lvmdriver-1/stack-volumes-lvmdriver-1-pool {{(pid=132546) execute /usr/local/lib/python3.8/dist-packages/oslo_concurrency/processutils.py:384}}
Sep 17 08:43:58 datacore-PowerEdge-R740 sudo[132876]:    stack : TTY=unknown ; PWD=/ ; USER=root ; COMMAND=/usr/local/bin/cinder-rootwrap /etc/cinder/rootwrap.conf env LC_ALL=C lvs --noheadings --unit=g -o vg_name,name,size --nosuffix --readonly stack-volumes-lvmdriver-1/stack-volumes-lvmdriver-1-pool
Sep 17 08:43:58 datacore-PowerEdge-R740 sudo[132876]: pam_unix(sudo:session): session opened for user root by (uid=0)
Sep 17 08:43:58 datacore-PowerEdge-R740 sudo[132876]: pam_unix(sudo:session): session closed for user root
Sep 17 08:43:58 datacore-PowerEdge-R740 cinder-volume[132546]: DEBUG oslo_concurrency.processutils [None req-bb49cb31-df11-4dcb-81ed-576a72b72dcb None None] CMD "sudo cinder-rootwrap /etc/cinder/rootwrap.conf env LC_ALL=C lvs --noheadings --unit=g -o vg_name,name,size --nosuffix --readonly stack-volumes-lvmdriver-1/stack-volumes-lvmdriver-1-pool" returned: 0 in 0.635s {{(pid=132546) execute /usr/local/lib/python3.8/dist-packages/oslo_concurrency/processutils.py:422}}
Sep 17 08:43:58 datacore-PowerEdge-R740 cinder-volume[132546]: DEBUG cinder.volume.drivers.lvm [None req-bb49cb31-df11-4dcb-81ed-576a72b72dcb None None] Updating volume stats {{(pid=132546) _update_volume_stats /opt/stack/cinder/cinder/volume/drivers/lvm.py:213}}
Sep 17 08:43:58 datacore-PowerEdge-R740 cinder-volume[132546]: DEBUG oslo_concurrency.processutils [None req-bb49cb31-df11-4dcb-81ed-576a72b72dcb None None] Running cmd (subprocess): sudo cinder-rootwrap /etc/cinder/rootwrap.conf env LC_ALL=C vgs --noheadings --unit=g -o name,size,free,lv_count,uuid --separator : --nosuffix stack-volumes-lvmdriver-1 {{(pid=132546) execute /usr/local/lib/python3.8/dist-packages/oslo_concurrency/processutils.py:384}}
Sep 17 08:43:58 datacore-PowerEdge-R740 sudo[132891]:    stack : TTY=unknown ; PWD=/ ; USER=root ; COMMAND=/usr/local/bin/cinder-rootwrap /etc/cinder/rootwrap.conf env LC_ALL=C vgs --noheadings --unit=g -o name,size,free,lv_count,uuid --separator : --nosuffix stack-volumes-lvmdriver-1
Sep 17 08:43:58 datacore-PowerEdge-R740 sudo[132891]: pam_unix(sudo:session): session opened for user root by (uid=0)
Sep 17 08:43:59 datacore-PowerEdge-R740 sudo[132891]: pam_unix(sudo:session): session closed for user root
Sep 17 08:43:59 datacore-PowerEdge-R740 cinder-volume[132546]: DEBUG oslo_concurrency.processutils [None req-bb49cb31-df11-4dcb-81ed-576a72b72dcb None None] CMD "sudo cinder-rootwrap /etc/cinder/rootwrap.conf env LC_ALL=C vgs --noheadings --unit=g -o name,size,free,lv_count,uuid --separator : --nosuffix stack-volumes-lvmdriver-1" returned: 0 in 0.636s {{(pid=132546) execute /usr/local/lib/python3.8/dist-packages/oslo_concurrency/processutils.py:422}}
Sep 17 08:43:59 datacore-PowerEdge-R740 cinder-volume[132546]: DEBUG oslo_concurrency.processutils [None req-bb49cb31-df11-4dcb-81ed-576a72b72dcb None None] Running cmd (subprocess): sudo cinder-rootwrap /etc/cinder/rootwrap.conf env LC_ALL=C lvs --noheadings --unit=g -o vg_name,name,size --nosuffix --readonly stack-volumes-lvmdriver-1 {{(pid=132546) execute /usr/local/lib/python3.8/dist-packages/oslo_concurrency/processutils.py:384}}
Sep 17 08:43:59 datacore-PowerEdge-R740 sudo[132895]:    stack : TTY=unknown ; PWD=/ ; USER=root ; COMMAND=/usr/local/bin/cinder-rootwrap /etc/cinder/rootwrap.conf env LC_ALL=C lvs --noheadings --unit=g -o vg_name,name,size --nosuffix --readonly stack-volumes-lvmdriver-1
Sep 17 08:43:59 datacore-PowerEdge-R740 sudo[132895]: pam_unix(sudo:session): session opened for user root by (uid=0)
Sep 17 08:43:59 datacore-PowerEdge-R740 sudo[132895]: pam_unix(sudo:session): session closed for user root
Sep 17 08:43:59 datacore-PowerEdge-R740 cinder-volume[132546]: DEBUG oslo_concurrency.processutils [None req-bb49cb31-df11-4dcb-81ed-576a72b72dcb None None] CMD "sudo cinder-rootwrap /etc/cinder/rootwrap.conf env LC_ALL=C lvs --noheadings --unit=g -o vg_name,name,size --nosuffix --readonly stack-volumes-lvmdriver-1" returned: 0 in 0.668s {{(pid=132546) execute /usr/local/lib/python3.8/dist-packages/oslo_concurrency/processutils.py:422}}
Sep 17 08:43:59 datacore-PowerEdge-R740 cinder-volume[132546]: DEBUG oslo_concurrency.processutils [None req-bb49cb31-df11-4dcb-81ed-576a72b72dcb None None] Running cmd (subprocess): sudo cinder-rootwrap /etc/cinder/rootwrap.conf env LC_ALL=C lvs --noheadings --unit=g -o size,data_percent --separator : --nosuffix /dev/stack-volumes-lvmdriver-1/stack-volumes-lvmdriver-1-pool {{(pid=132546) execute /usr/local/lib/python3.8/dist-packages/oslo_concurrency/processutils.py:384}}
Sep 17 08:43:59 datacore-PowerEdge-R740 sudo[132905]:    stack : TTY=unknown ; PWD=/ ; USER=root ; COMMAND=/usr/local/bin/cinder-rootwrap /etc/cinder/rootwrap.conf env LC_ALL=C lvs --noheadings --unit=g -o size,data_percent --separator : --nosuffix /dev/stack-volumes-lvmdriver-1/stack-volumes-lvmdriver-1-pool
Sep 17 08:43:59 datacore-PowerEdge-R740 sudo[132905]: pam_unix(sudo:session): session opened for user root by (uid=0)
Sep 17 08:44:00 datacore-PowerEdge-R740 cinder-volume[132336]: DEBUG dbcounter [-] [132336] Writing DB stats cinder:SELECT=16,cinder:UPDATE=1 {{(pid=132336) stat_writer /usr/local/lib/python3.8/dist-packages/dbcounter.py:114}}
Sep 17 08:44:00 datacore-PowerEdge-R740 sudo[132905]: pam_unix(sudo:session): session closed for user root
Sep 17 08:44:00 datacore-PowerEdge-R740 cinder-volume[132546]: DEBUG oslo_concurrency.processutils [None req-bb49cb31-df11-4dcb-81ed-576a72b72dcb None None] CMD "sudo cinder-rootwrap /etc/cinder/rootwrap.conf env LC_ALL=C lvs --noheadings --unit=g -o size,data_percent --separator : --nosuffix /dev/stack-volumes-lvmdriver-1/stack-volumes-lvmdriver-1-pool" returned: 0 in 0.655s {{(pid=132546) execute /usr/local/lib/python3.8/dist-packages/oslo_concurrency/processutils.py:422}}
Sep 17 08:44:00 datacore-PowerEdge-R740 cinder-volume[132546]: DEBUG oslo_concurrency.processutils [None req-bb49cb31-df11-4dcb-81ed-576a72b72dcb None None] Running cmd (subprocess): sudo cinder-rootwrap /etc/cinder/rootwrap.conf env LC_ALL=C lvs --noheadings --unit=g -o vg_name,name,size --nosuffix --readonly stack-volumes-lvmdriver-1 {{(pid=132546) execute /usr/local/lib/python3.8/dist-packages/oslo_concurrency/processutils.py:384}}
Sep 17 08:44:00 datacore-PowerEdge-R740 sudo[132916]:    stack : TTY=unknown ; PWD=/ ; USER=root ; COMMAND=/usr/local/bin/cinder-rootwrap /etc/cinder/rootwrap.conf env LC_ALL=C lvs --noheadings --unit=g -o vg_name,name,size --nosuffix --readonly stack-volumes-lvmdriver-1
Sep 17 08:44:00 datacore-PowerEdge-R740 sudo[132916]: pam_unix(sudo:session): session opened for user root by (uid=0)
Sep 17 08:44:01 datacore-PowerEdge-R740 sudo[132916]: pam_unix(sudo:session): session closed for user root
Sep 17 08:44:01 datacore-PowerEdge-R740 cinder-volume[132546]: DEBUG oslo_concurrency.processutils [None req-bb49cb31-df11-4dcb-81ed-576a72b72dcb None None] CMD "sudo cinder-rootwrap /etc/cinder/rootwrap.conf env LC_ALL=C lvs --noheadings --unit=g -o vg_name,name,size --nosuffix --readonly stack-volumes-lvmdriver-1" returned: 0 in 0.663s {{(pid=132546) execute /usr/local/lib/python3.8/dist-packages/oslo_concurrency/processutils.py:422}}
Sep 17 08:44:01 datacore-PowerEdge-R740 cinder-volume[132546]: INFO cinder.volume.driver [None req-bb49cb31-df11-4dcb-81ed-576a72b72dcb None None] Driver hasn't implemented _init_vendor_properties()
Sep 17 08:44:01 datacore-PowerEdge-R740 cinder-volume[132546]: DEBUG cinder.volume.driver [None req-bb49cb31-df11-4dcb-81ed-576a72b72dcb None None] Initialized capabilities list: {'volume_backend_name': 'lvmdriver-1', 'vendor_name': 'Open Source', 'driver_version': '3.0.0', 'storage_protocol': 'iSCSI', 'pools': [{'pool_name': 'lvmdriver-1', 'total_capacity_gb': 28.5, 'free_capacity_gb': 28.5, 'reserved_percentage': 0, 'location_info': 'LVMVolumeDriver:datacore-PowerEdge-R740:stack-volumes-lvmdriver-1:thin:0', 'QoS_support': False, 'provisioned_capacity_gb': 0.0, 'max_over_subscription_ratio': '20.0', 'thin_provisioning_support': True, 'thick_provisioning_support': False, 'total_volumes': 1, 'filter_function': None, 'goodness_function': None, 'multiattach': True, 'backend_state': 'up'}], 'shared_targets': False, 'sparse_copy_volume': True, 'properties': {'thin_provisioning': {'title': 'Thin Provisioning', 'description': 'Sets thin provisioning.', 'type': 'boolean'}, 'compression': {'title': 'Compression', 'description': 'Enables compression.', 'type': 'boolean'}, 'qos': {'title': 'QoS', 'description': 'Enables QoS.', 'type': 'boolean'}, 'replication_enabled': {'title': 'Replication', 'description': 'Enables replication.', 'type': 'boolean'}}}. {{(pid=132546) init_capabilities /opt/stack/cinder/cinder/volume/driver.py:812}}
Sep 17 08:44:01 datacore-PowerEdge-R740 cinder-volume[132546]: DEBUG oslo_db.sqlalchemy.engines [None req-bb49cb31-df11-4dcb-81ed-576a72b72dcb None None] MySQL server mode set to STRICT_TRANS_TABLES,STRICT_ALL_TABLES,NO_ZERO_IN_DATE,NO_ZERO_DATE,ERROR_FOR_DIVISION_BY_ZERO,TRADITIONAL,NO_ENGINE_SUBSTITUTION {{(pid=132546) _check_effective_sql_mode /usr/local/lib/python3.8/dist-packages/oslo_db/sqlalchemy/engines.py:314}}
Sep 17 08:44:01 datacore-PowerEdge-R740 cinder-volume[132546]: DEBUG dbcounter [-] [132546] Writer thread running {{(pid=132546) stat_writer /usr/local/lib/python3.8/dist-packages/dbcounter.py:99}}
Sep 17 08:44:01 datacore-PowerEdge-R740 cinder-volume[132546]: DEBUG cinder.db.sqlalchemy.api [None req-bb49cb31-df11-4dcb-81ed-576a72b72dcb None None] Building query based on filter {{(pid=132546) _process_snaps_filters /opt/stack/cinder/cinder/db/sqlalchemy/api.py:3878}}
Sep 17 08:44:01 datacore-PowerEdge-R740 cinder-volume[132546]: DEBUG cinder.image.image_utils [None req-bb49cb31-df11-4dcb-81ed-576a72b72dcb None None] Configuration image_conversion_dir is None or the path doesn't exist. {{(pid=132546) cleanup_temporary_file /opt/stack/cinder/cinder/image/image_utils.py:991}}
Sep 17 08:44:01 datacore-PowerEdge-R740 cinder-volume[132546]: DEBUG cinder.volume.drivers.lvm [None req-bb49cb31-df11-4dcb-81ed-576a72b72dcb None None] Updating volume stats {{(pid=132546) _update_volume_stats /opt/stack/cinder/cinder/volume/drivers/lvm.py:213}}
Sep 17 08:44:01 datacore-PowerEdge-R740 cinder-volume[132546]: DEBUG oslo_concurrency.processutils [None req-bb49cb31-df11-4dcb-81ed-576a72b72dcb None None] Running cmd (subprocess): sudo cinder-rootwrap /etc/cinder/rootwrap.conf env LC_ALL=C vgs --noheadings --unit=g -o name,size,free,lv_count,uuid --separator : --nosuffix stack-volumes-lvmdriver-1 {{(pid=132546) execute /usr/local/lib/python3.8/dist-packages/oslo_concurrency/processutils.py:384}}
Sep 17 08:44:01 datacore-PowerEdge-R740 sudo[132924]:    stack : TTY=unknown ; PWD=/ ; USER=root ; COMMAND=/usr/local/bin/cinder-rootwrap /etc/cinder/rootwrap.conf env LC_ALL=C vgs --noheadings --unit=g -o name,size,free,lv_count,uuid --separator : --nosuffix stack-volumes-lvmdriver-1
Sep 17 08:44:01 datacore-PowerEdge-R740 sudo[132924]: pam_unix(sudo:session): session opened for user root by (uid=0)
Sep 17 08:44:01 datacore-PowerEdge-R740 cinder-volume[132546]: INFO cinder.keymgr.migration [None req-2a31bf34-b8cf-4c69-9f8f-008c500a32cf None None] Not migrating encryption keys because the ConfKeyManager is still in use.
Sep 17 08:44:01 datacore-PowerEdge-R740 sudo[132924]: pam_unix(sudo:session): session closed for user root
Sep 17 08:44:01 datacore-PowerEdge-R740 cinder-volume[132546]: DEBUG oslo_concurrency.processutils [None req-bb49cb31-df11-4dcb-81ed-576a72b72dcb None None] CMD "sudo cinder-rootwrap /etc/cinder/rootwrap.conf env LC_ALL=C vgs --noheadings --unit=g -o name,size,free,lv_count,uuid --separator : --nosuffix stack-volumes-lvmdriver-1" returned: 0 in 0.658s {{(pid=132546) execute /usr/local/lib/python3.8/dist-packages/oslo_concurrency/processutils.py:422}}
Sep 17 08:44:01 datacore-PowerEdge-R740 cinder-volume[132546]: DEBUG oslo_concurrency.processutils [None req-bb49cb31-df11-4dcb-81ed-576a72b72dcb None None] Running cmd (subprocess): sudo cinder-rootwrap /etc/cinder/rootwrap.conf env LC_ALL=C lvs --noheadings --unit=g -o vg_name,name,size --nosuffix --readonly stack-volumes-lvmdriver-1 {{(pid=132546) execute /usr/local/lib/python3.8/dist-packages/oslo_concurrency/processutils.py:384}}
Sep 17 08:44:02 datacore-PowerEdge-R740 sudo[132932]:    stack : TTY=unknown ; PWD=/ ; USER=root ; COMMAND=/usr/local/bin/cinder-rootwrap /etc/cinder/rootwrap.conf env LC_ALL=C lvs --noheadings --unit=g -o vg_name,name,size --nosuffix --readonly stack-volumes-lvmdriver-1
Sep 17 08:44:02 datacore-PowerEdge-R740 sudo[132932]: pam_unix(sudo:session): session opened for user root by (uid=0)
Sep 17 08:44:02 datacore-PowerEdge-R740 sudo[132932]: pam_unix(sudo:session): session closed for user root
Sep 17 08:44:02 datacore-PowerEdge-R740 cinder-volume[132546]: DEBUG oslo_concurrency.processutils [None req-bb49cb31-df11-4dcb-81ed-576a72b72dcb None None] CMD "sudo cinder-rootwrap /etc/cinder/rootwrap.conf env LC_ALL=C lvs --noheadings --unit=g -o vg_name,name,size --nosuffix --readonly stack-volumes-lvmdriver-1" returned: 0 in 0.654s {{(pid=132546) execute /usr/local/lib/python3.8/dist-packages/oslo_concurrency/processutils.py:422}}
Sep 17 08:44:02 datacore-PowerEdge-R740 cinder-volume[132546]: DEBUG oslo_concurrency.processutils [None req-bb49cb31-df11-4dcb-81ed-576a72b72dcb None None] Running cmd (subprocess): sudo cinder-rootwrap /etc/cinder/rootwrap.conf env LC_ALL=C lvs --noheadings --unit=g -o size,data_percent --separator : --nosuffix /dev/stack-volumes-lvmdriver-1/stack-volumes-lvmdriver-1-pool {{(pid=132546) execute /usr/local/lib/python3.8/dist-packages/oslo_concurrency/processutils.py:384}}
Sep 17 08:44:02 datacore-PowerEdge-R740 sudo[132953]:    stack : TTY=unknown ; PWD=/ ; USER=root ; COMMAND=/usr/local/bin/cinder-rootwrap /etc/cinder/rootwrap.conf env LC_ALL=C lvs --noheadings --unit=g -o size,data_percent --separator : --nosuffix /dev/stack-volumes-lvmdriver-1/stack-volumes-lvmdriver-1-pool
Sep 17 08:44:02 datacore-PowerEdge-R740 sudo[132953]: pam_unix(sudo:session): session opened for user root by (uid=0)
Sep 17 08:44:03 datacore-PowerEdge-R740 sudo[132953]: pam_unix(sudo:session): session closed for user root
Sep 17 08:44:03 datacore-PowerEdge-R740 cinder-volume[132546]: DEBUG oslo_concurrency.processutils [None req-bb49cb31-df11-4dcb-81ed-576a72b72dcb None None] CMD "sudo cinder-rootwrap /etc/cinder/rootwrap.conf env LC_ALL=C lvs --noheadings --unit=g -o size,data_percent --separator : --nosuffix /dev/stack-volumes-lvmdriver-1/stack-volumes-lvmdriver-1-pool" returned: 0 in 0.668s {{(pid=132546) execute /usr/local/lib/python3.8/dist-packages/oslo_concurrency/processutils.py:422}}
Sep 17 08:44:03 datacore-PowerEdge-R740 cinder-volume[132546]: DEBUG oslo_concurrency.processutils [None req-bb49cb31-df11-4dcb-81ed-576a72b72dcb None None] Running cmd (subprocess): sudo cinder-rootwrap /etc/cinder/rootwrap.conf env LC_ALL=C lvs --noheadings --unit=g -o vg_name,name,size --nosuffix --readonly stack-volumes-lvmdriver-1 {{(pid=132546) execute /usr/local/lib/python3.8/dist-packages/oslo_concurrency/processutils.py:384}}
Sep 17 08:44:03 datacore-PowerEdge-R740 sudo[132961]:    stack : TTY=unknown ; PWD=/ ; USER=root ; COMMAND=/usr/local/bin/cinder-rootwrap /etc/cinder/rootwrap.conf env LC_ALL=C lvs --noheadings --unit=g -o vg_name,name,size --nosuffix --readonly stack-volumes-lvmdriver-1
Sep 17 08:44:03 datacore-PowerEdge-R740 sudo[132961]: pam_unix(sudo:session): session opened for user root by (uid=0)
Sep 17 08:44:03 datacore-PowerEdge-R740 sudo[132961]: pam_unix(sudo:session): session closed for user root
Sep 17 08:44:03 datacore-PowerEdge-R740 cinder-volume[132546]: DEBUG oslo_concurrency.processutils [None req-bb49cb31-df11-4dcb-81ed-576a72b72dcb None None] CMD "sudo cinder-rootwrap /etc/cinder/rootwrap.conf env LC_ALL=C lvs --noheadings --unit=g -o vg_name,name,size --nosuffix --readonly stack-volumes-lvmdriver-1" returned: 0 in 0.639s {{(pid=132546) execute /usr/local/lib/python3.8/dist-packages/oslo_concurrency/processutils.py:422}}
Sep 17 08:44:03 datacore-PowerEdge-R740 cinder-volume[132546]: DEBUG cinder.manager [None req-bb49cb31-df11-4dcb-81ed-576a72b72dcb None None] Notifying Schedulers of capabilities ... {{(pid=132546) _publish_service_capabilities /opt/stack/cinder/cinder/manager.py:202}}
Sep 17 08:44:03 datacore-PowerEdge-R740 cinder-volume[132546]: INFO cinder.volume.manager [None req-bb49cb31-df11-4dcb-81ed-576a72b72dcb None None] Driver initialization completed successfully.
Sep 17 08:44:03 datacore-PowerEdge-R740 cinder-volume[132546]: INFO cinder.manager [None req-bb49cb31-df11-4dcb-81ed-576a72b72dcb None None] Initiating service 2 cleanup
Sep 17 08:44:03 datacore-PowerEdge-R740 cinder-volume[132546]: INFO cinder.manager [None req-bb49cb31-df11-4dcb-81ed-576a72b72dcb None None] Service 2 cleanup completed.
Sep 17 08:44:03 datacore-PowerEdge-R740 cinder-volume[132546]: DEBUG cinder.service [None req-bb49cb31-df11-4dcb-81ed-576a72b72dcb None None] Creating RPC server for service cinder-volume {{(pid=132546) start /opt/stack/cinder/cinder/service.py:238}}
Sep 17 08:44:03 datacore-PowerEdge-R740 cinder-volume[132546]: DEBUG cinder.service [None req-bb49cb31-df11-4dcb-81ed-576a72b72dcb None None] Pinning object versions for RPC server serializer to 1.39 {{(pid=132546) start /opt/stack/cinder/cinder/service.py:244}}
Sep 17 08:44:04 datacore-PowerEdge-R740 cinder-volume[132546]: INFO cinder.volume.manager [None req-bb49cb31-df11-4dcb-81ed-576a72b72dcb None None] Initializing RPC dependent components of volume driver LVMVolumeDriver (3.0.0)
Sep 17 08:44:04 datacore-PowerEdge-R740 cinder-volume[132546]: DEBUG cinder.volume.drivers.lvm [None req-bb49cb31-df11-4dcb-81ed-576a72b72dcb None None] Updating volume stats {{(pid=132546) _update_volume_stats /opt/stack/cinder/cinder/volume/drivers/lvm.py:213}}
Sep 17 08:44:04 datacore-PowerEdge-R740 cinder-volume[132546]: DEBUG oslo_concurrency.processutils [None req-bb49cb31-df11-4dcb-81ed-576a72b72dcb None None] Running cmd (subprocess): sudo cinder-rootwrap /etc/cinder/rootwrap.conf env LC_ALL=C vgs --noheadings --unit=g -o name,size,free,lv_count,uuid --separator : --nosuffix stack-volumes-lvmdriver-1 {{(pid=132546) execute /usr/local/lib/python3.8/dist-packages/oslo_concurrency/processutils.py:384}}
Sep 17 08:44:04 datacore-PowerEdge-R740 sudo[132972]:    stack : TTY=unknown ; PWD=/ ; USER=root ; COMMAND=/usr/local/bin/cinder-rootwrap /etc/cinder/rootwrap.conf env LC_ALL=C vgs --noheadings --unit=g -o name,size,free,lv_count,uuid --separator : --nosuffix stack-volumes-lvmdriver-1
Sep 17 08:44:04 datacore-PowerEdge-R740 sudo[132972]: pam_unix(sudo:session): session opened for user root by (uid=0)
