-- Logs begin at Sat 2022-06-25 03:14:55 IST, end at Sat 2022-06-25 04:37:28 IST. --
Jun 25 04:23:47 datacore-PowerEdge-R740 systemd[1]: Started Devstack devstack@c-vol.service.
Jun 25 04:23:50 datacore-PowerEdge-R740 cinder-volume[1841910]: DEBUG oslo_concurrency.lockutils [-] Acquired lock "singleton_lock" {{(pid=1841910) lock /usr/local/lib/python3.8/dist-packages/oslo_concurrency/lockutils.py:294}}
Jun 25 04:23:50 datacore-PowerEdge-R740 cinder-volume[1841910]: DEBUG oslo_concurrency.lockutils [-] Releasing lock "singleton_lock" {{(pid=1841910) lock /usr/local/lib/python3.8/dist-packages/oslo_concurrency/lockutils.py:312}}
Jun 25 04:23:50 datacore-PowerEdge-R740 cinder-volume[1841910]: INFO dbcounter [None req-dc9fae95-c7a0-4617-922f-4bba17be2595 None None] Registered counter for database cinder
Jun 25 04:23:50 datacore-PowerEdge-R740 cinder-volume[1841910]: DEBUG oslo_db.sqlalchemy.engines [None req-dc9fae95-c7a0-4617-922f-4bba17be2595 None None] MySQL server mode set to STRICT_TRANS_TABLES,STRICT_ALL_TABLES,NO_ZERO_IN_DATE,NO_ZERO_DATE,ERROR_FOR_DIVISION_BY_ZERO,TRADITIONAL,NO_ENGINE_SUBSTITUTION {{(pid=1841910) _check_effective_sql_mode /usr/local/lib/python3.8/dist-packages/oslo_db/sqlalchemy/engines.py:314}}
Jun 25 04:23:50 datacore-PowerEdge-R740 cinder-volume[1841910]: DEBUG dbcounter [-] [1841910] Writer thread running {{(pid=1841910) stat_writer /usr/local/lib/python3.8/dist-packages/dbcounter.py:99}}
Jun 25 04:23:50 datacore-PowerEdge-R740 cinder-volume[1841910]: INFO cinder.rpc [None req-dc9fae95-c7a0-4617-922f-4bba17be2595 None None] Automatically selected cinder-scheduler objects version 1.39 as minimum service version.
Jun 25 04:23:50 datacore-PowerEdge-R740 cinder-volume[1841910]: ERROR cinder.cmd.volume [None req-dc9fae95-c7a0-4617-922f-4bba17be2595 None None] Volume service hostgroup@datacore_iscsi1 failed to start.: cinder.exception.CappedVersionUnknown: Unrecoverable Error: Versioned Objects in DB are capped to unknown version 1.39. Most likely your environment contains only new services and you're trying to start an older one. Use `cinder-manage service list` to check that and upgrade this service.
Jun 25 04:23:50 datacore-PowerEdge-R740 cinder-volume[1841910]: ERROR cinder.cmd.volume Traceback (most recent call last):
Jun 25 04:23:50 datacore-PowerEdge-R740 cinder-volume[1841910]: ERROR cinder.cmd.volume   File "/opt/stack/cinder/cinder/cmd/volume.py", line 99, in _launch_service
Jun 25 04:23:50 datacore-PowerEdge-R740 cinder-volume[1841910]: ERROR cinder.cmd.volume     server = service.Service.create(host=host,
Jun 25 04:23:50 datacore-PowerEdge-R740 cinder-volume[1841910]: ERROR cinder.cmd.volume   File "/opt/stack/cinder/cinder/service.py", line 394, in create
Jun 25 04:23:50 datacore-PowerEdge-R740 cinder-volume[1841910]: ERROR cinder.cmd.volume     service_obj = cls(host, binary, topic, manager,
Jun 25 04:23:50 datacore-PowerEdge-R740 cinder-volume[1841910]: ERROR cinder.cmd.volume   File "/opt/stack/cinder/cinder/service.py", line 152, in __init__
Jun 25 04:23:50 datacore-PowerEdge-R740 cinder-volume[1841910]: ERROR cinder.cmd.volume     self.manager = manager_class(host=self.host,
Jun 25 04:23:50 datacore-PowerEdge-R740 cinder-volume[1841910]: ERROR cinder.cmd.volume   File "/opt/stack/cinder/cinder/volume/manager.py", line 220, in __init__
Jun 25 04:23:50 datacore-PowerEdge-R740 cinder-volume[1841910]: ERROR cinder.cmd.volume     super(VolumeManager, self).__init__(  # type: ignore
Jun 25 04:23:50 datacore-PowerEdge-R740 cinder-volume[1841910]: ERROR cinder.cmd.volume   File "/opt/stack/cinder/cinder/manager.py", line 185, in __init__
Jun 25 04:23:50 datacore-PowerEdge-R740 cinder-volume[1841910]: ERROR cinder.cmd.volume     self.scheduler_rpcapi = scheduler_rpcapi.SchedulerAPI()
Jun 25 04:23:50 datacore-PowerEdge-R740 cinder-volume[1841910]: ERROR cinder.cmd.volume   File "/opt/stack/cinder/cinder/rpc.py", line 212, in __init__
Jun 25 04:23:50 datacore-PowerEdge-R740 cinder-volume[1841910]: ERROR cinder.cmd.volume     serializer = base.CinderObjectSerializer(obj_version_cap)
Jun 25 04:23:50 datacore-PowerEdge-R740 cinder-volume[1841910]: ERROR cinder.cmd.volume   File "/opt/stack/cinder/cinder/objects/base.py", line 552, in __init__
Jun 25 04:23:50 datacore-PowerEdge-R740 cinder-volume[1841910]: ERROR cinder.cmd.volume     raise exception.CappedVersionUnknown(version=version_cap)
Jun 25 04:23:50 datacore-PowerEdge-R740 cinder-volume[1841910]: ERROR cinder.cmd.volume cinder.exception.CappedVersionUnknown: Unrecoverable Error: Versioned Objects in DB are capped to unknown version 1.39. Most likely your environment contains only new services and you're trying to start an older one. Use `cinder-manage service list` to check that and upgrade this service.
Jun 25 04:23:50 datacore-PowerEdge-R740 cinder-volume[1841910]: ERROR cinder.cmd.volume 
Jun 25 04:23:50 datacore-PowerEdge-R740 cinder-volume[1841910]: ERROR cinder.cmd.volume [None req-dc9fae95-c7a0-4617-922f-4bba17be2595 None None] No volume service(s) started successfully, terminating.
Jun 25 04:23:50 datacore-PowerEdge-R740 cinder-volume[1841910]: /usr/lib/python3/dist-packages/secretstorage/dhcrypto.py:15: CryptographyDeprecationWarning: int_from_bytes is deprecated, use int.from_bytes instead
Jun 25 04:23:50 datacore-PowerEdge-R740 cinder-volume[1841910]:   from cryptography.utils import int_from_bytes
Jun 25 04:23:50 datacore-PowerEdge-R740 cinder-volume[1841910]: /usr/lib/python3/dist-packages/secretstorage/util.py:19: CryptographyDeprecationWarning: int_from_bytes is deprecated, use int.from_bytes instead
Jun 25 04:23:50 datacore-PowerEdge-R740 cinder-volume[1841910]:   from cryptography.utils import int_from_bytes
Jun 25 04:23:50 datacore-PowerEdge-R740 cinder-volume[1841910]: /opt/stack/cinder/cinder/db/sqlalchemy/models.py:135: SAWarning: implicitly coercing SELECT object to scalar subquery; please use the .scalar_subquery() method to produce a scalar subquery.
Jun 25 04:23:50 datacore-PowerEdge-R740 cinder-volume[1841910]:   last_heartbeat = column_property(
Jun 25 04:23:50 datacore-PowerEdge-R740 cinder-volume[1841910]: /opt/stack/cinder/cinder/db/sqlalchemy/models.py:141: SAWarning: implicitly coercing SELECT object to scalar subquery; please use the .scalar_subquery() method to produce a scalar subquery.
Jun 25 04:23:50 datacore-PowerEdge-R740 cinder-volume[1841910]:   num_hosts = column_property(
Jun 25 04:23:50 datacore-PowerEdge-R740 cinder-volume[1841910]: /opt/stack/cinder/cinder/db/sqlalchemy/models.py:148: SAWarning: implicitly coercing SELECT object to scalar subquery; please use the .scalar_subquery() method to produce a scalar subquery.
Jun 25 04:23:50 datacore-PowerEdge-R740 cinder-volume[1841910]:   num_down_hosts = column_property(
Jun 25 04:23:51 datacore-PowerEdge-R740 systemd[1]: devstack@c-vol.service: Main process exited, code=exited, status=1/FAILURE
Jun 25 04:23:51 datacore-PowerEdge-R740 systemd[1]: devstack@c-vol.service: Failed with result 'exit-code'.
Jun 25 04:36:10 datacore-PowerEdge-R740 systemd[1]: Started Devstack devstack@c-vol.service.
Jun 25 04:36:13 datacore-PowerEdge-R740 cinder-volume[1844947]: DEBUG oslo_concurrency.lockutils [-] Acquired lock "singleton_lock" {{(pid=1844947) lock /usr/local/lib/python3.8/dist-packages/oslo_concurrency/lockutils.py:294}}
Jun 25 04:36:13 datacore-PowerEdge-R740 cinder-volume[1844947]: DEBUG oslo_concurrency.lockutils [-] Releasing lock "singleton_lock" {{(pid=1844947) lock /usr/local/lib/python3.8/dist-packages/oslo_concurrency/lockutils.py:312}}
Jun 25 04:36:13 datacore-PowerEdge-R740 cinder-volume[1844947]: INFO dbcounter [None req-0bc88c63-1832-41fb-be13-51a9902dc0d4 None None] Registered counter for database cinder
Jun 25 04:36:13 datacore-PowerEdge-R740 cinder-volume[1844947]: DEBUG oslo_db.sqlalchemy.engines [None req-0bc88c63-1832-41fb-be13-51a9902dc0d4 None None] MySQL server mode set to STRICT_TRANS_TABLES,STRICT_ALL_TABLES,NO_ZERO_IN_DATE,NO_ZERO_DATE,ERROR_FOR_DIVISION_BY_ZERO,TRADITIONAL,NO_ENGINE_SUBSTITUTION {{(pid=1844947) _check_effective_sql_mode /usr/local/lib/python3.8/dist-packages/oslo_db/sqlalchemy/engines.py:314}}
Jun 25 04:36:13 datacore-PowerEdge-R740 cinder-volume[1844947]: DEBUG dbcounter [-] [1844947] Writer thread running {{(pid=1844947) stat_writer /usr/local/lib/python3.8/dist-packages/dbcounter.py:99}}
Jun 25 04:36:13 datacore-PowerEdge-R740 cinder-volume[1844947]: INFO cinder.rpc [None req-0bc88c63-1832-41fb-be13-51a9902dc0d4 None None] Automatically selected cinder-scheduler objects version 1.39 as minimum service version.
Jun 25 04:36:13 datacore-PowerEdge-R740 cinder-volume[1844947]: INFO cinder.rpc [None req-0bc88c63-1832-41fb-be13-51a9902dc0d4 None None] Automatically selected cinder-scheduler RPC version 3.12 as minimum service version.
Jun 25 04:36:13 datacore-PowerEdge-R740 cinder-volume[1844947]: DEBUG oslo_db.sqlalchemy.engines [None req-0bc88c63-1832-41fb-be13-51a9902dc0d4 None None] MySQL server mode set to STRICT_TRANS_TABLES,STRICT_ALL_TABLES,NO_ZERO_IN_DATE,NO_ZERO_DATE,ERROR_FOR_DIVISION_BY_ZERO,TRADITIONAL,NO_ENGINE_SUBSTITUTION {{(pid=1844947) _check_effective_sql_mode /usr/local/lib/python3.8/dist-packages/oslo_db/sqlalchemy/engines.py:314}}
Jun 25 04:36:13 datacore-PowerEdge-R740 cinder-volume[1844947]: INFO cinder.volume.manager [None req-0bc88c63-1832-41fb-be13-51a9902dc0d4 None None] Determined volume DB was not empty at startup.
Jun 25 04:36:13 datacore-PowerEdge-R740 cinder-volume[1844947]: DEBUG cinder.volume.manager [None req-0bc88c63-1832-41fb-be13-51a9902dc0d4 None None] Cinder Volume DB check: vol_db_empty=False {{(pid=1844947) __init__ /opt/stack/cinder/cinder/volume/manager.py:290}}
Jun 25 04:36:13 datacore-PowerEdge-R740 cinder-volume[1844947]: WARNING stevedore.named [None req-0bc88c63-1832-41fb-be13-51a9902dc0d4 None None] Could not load cinder.keymgr.conf_key_mgr.ConfKeyManager
Jun 25 04:36:13 datacore-PowerEdge-R740 cinder-volume[1844947]: WARNING castellan.key_manager [None req-0bc88c63-1832-41fb-be13-51a9902dc0d4 None None] Deprecation Warning : cinder.keymgr.conf_key_mgr.ConfKeyManager is not a stevedore based driver, trying to load it as a class: stevedore.exception.NoMatches: No 'castellan.drivers' driver found, looking for 'cinder.keymgr.conf_key_mgr.ConfKeyManager'
Jun 25 04:36:13 datacore-PowerEdge-R740 cinder-volume[1844947]: WARNING cinder.keymgr.conf_key_mgr [None req-0bc88c63-1832-41fb-be13-51a9902dc0d4 None None] This key manager is insecure and is not recommended for production deployments: stevedore.exception.NoMatches: No 'castellan.drivers' driver found, looking for 'cinder.keymgr.conf_key_mgr.ConfKeyManager'
Jun 25 04:36:13 datacore-PowerEdge-R740 cinder-volume[1844947]: ERROR cinder.cmd.volume [None req-0bc88c63-1832-41fb-be13-51a9902dc0d4 None None] Volume service hostgroup@datacore_iscsi1 failed to start.: ModuleNotFoundError: No module named 'cinder.volume.drivers.datacore.iscsi'
Jun 25 04:36:13 datacore-PowerEdge-R740 cinder-volume[1844947]: ERROR cinder.cmd.volume Traceback (most recent call last):
Jun 25 04:36:13 datacore-PowerEdge-R740 cinder-volume[1844947]: ERROR cinder.cmd.volume   File "/opt/stack/cinder/cinder/cmd/volume.py", line 99, in _launch_service
Jun 25 04:36:13 datacore-PowerEdge-R740 cinder-volume[1844947]: ERROR cinder.cmd.volume     server = service.Service.create(host=host,
Jun 25 04:36:13 datacore-PowerEdge-R740 cinder-volume[1844947]: ERROR cinder.cmd.volume   File "/opt/stack/cinder/cinder/service.py", line 394, in create
Jun 25 04:36:13 datacore-PowerEdge-R740 cinder-volume[1844947]: ERROR cinder.cmd.volume     service_obj = cls(host, binary, topic, manager,
Jun 25 04:36:13 datacore-PowerEdge-R740 cinder-volume[1844947]: ERROR cinder.cmd.volume   File "/opt/stack/cinder/cinder/service.py", line 152, in __init__
Jun 25 04:36:13 datacore-PowerEdge-R740 cinder-volume[1844947]: ERROR cinder.cmd.volume     self.manager = manager_class(host=self.host,
Jun 25 04:36:13 datacore-PowerEdge-R740 cinder-volume[1844947]: ERROR cinder.cmd.volume   File "/opt/stack/cinder/cinder/volume/manager.py", line 313, in __init__
Jun 25 04:36:13 datacore-PowerEdge-R740 cinder-volume[1844947]: ERROR cinder.cmd.volume     self.driver = importutils.import_object(
Jun 25 04:36:13 datacore-PowerEdge-R740 cinder-volume[1844947]: ERROR cinder.cmd.volume   File "/usr/local/lib/python3.8/dist-packages/oslo_utils/importutils.py", line 44, in import_object
Jun 25 04:36:13 datacore-PowerEdge-R740 cinder-volume[1844947]: ERROR cinder.cmd.volume     return import_class(import_str)(*args, **kwargs)
Jun 25 04:36:13 datacore-PowerEdge-R740 cinder-volume[1844947]: ERROR cinder.cmd.volume   File "/usr/local/lib/python3.8/dist-packages/oslo_utils/importutils.py", line 30, in import_class
Jun 25 04:36:13 datacore-PowerEdge-R740 cinder-volume[1844947]: ERROR cinder.cmd.volume     __import__(mod_str)
Jun 25 04:36:13 datacore-PowerEdge-R740 cinder-volume[1844947]: ERROR cinder.cmd.volume ModuleNotFoundError: No module named 'cinder.volume.drivers.datacore.iscsi'
Jun 25 04:36:13 datacore-PowerEdge-R740 cinder-volume[1844947]: ERROR cinder.cmd.volume 
Jun 25 04:36:13 datacore-PowerEdge-R740 cinder-volume[1844947]: ERROR cinder.cmd.volume [None req-0bc88c63-1832-41fb-be13-51a9902dc0d4 None None] No volume service(s) started successfully, terminating.
Jun 25 04:36:13 datacore-PowerEdge-R740 cinder-volume[1844947]: /usr/lib/python3/dist-packages/secretstorage/dhcrypto.py:15: CryptographyDeprecationWarning: int_from_bytes is deprecated, use int.from_bytes instead
Jun 25 04:36:13 datacore-PowerEdge-R740 cinder-volume[1844947]:   from cryptography.utils import int_from_bytes
Jun 25 04:36:13 datacore-PowerEdge-R740 cinder-volume[1844947]: /usr/lib/python3/dist-packages/secretstorage/util.py:19: CryptographyDeprecationWarning: int_from_bytes is deprecated, use int.from_bytes instead
Jun 25 04:36:13 datacore-PowerEdge-R740 cinder-volume[1844947]:   from cryptography.utils import int_from_bytes
Jun 25 04:36:13 datacore-PowerEdge-R740 cinder-volume[1844947]: /opt/stack/cinder/cinder/db/sqlalchemy/models.py:152: SAWarning: implicitly coercing SELECT object to scalar subquery; please use the .scalar_subquery() method to produce a scalar subquery.
Jun 25 04:36:13 datacore-PowerEdge-R740 cinder-volume[1844947]:   last_heartbeat = column_property(
Jun 25 04:36:13 datacore-PowerEdge-R740 cinder-volume[1844947]: /opt/stack/cinder/cinder/db/sqlalchemy/models.py:160: SAWarning: implicitly coercing SELECT object to scalar subquery; please use the .scalar_subquery() method to produce a scalar subquery.
Jun 25 04:36:13 datacore-PowerEdge-R740 cinder-volume[1844947]:   num_hosts = column_property(
Jun 25 04:36:13 datacore-PowerEdge-R740 cinder-volume[1844947]: /opt/stack/cinder/cinder/db/sqlalchemy/models.py:169: SAWarning: implicitly coercing SELECT object to scalar subquery; please use the .scalar_subquery() method to produce a scalar subquery.
Jun 25 04:36:13 datacore-PowerEdge-R740 cinder-volume[1844947]:   num_down_hosts = column_property(
Jun 25 04:36:14 datacore-PowerEdge-R740 systemd[1]: devstack@c-vol.service: Main process exited, code=exited, status=1/FAILURE
Jun 25 04:36:14 datacore-PowerEdge-R740 systemd[1]: devstack@c-vol.service: Failed with result 'exit-code'.
Jun 25 04:36:25 datacore-PowerEdge-R740 systemd[1]: Started Devstack devstack@c-vol.service.
Jun 25 04:36:27 datacore-PowerEdge-R740 cinder-volume[1845619]: DEBUG oslo_concurrency.lockutils [-] Acquired lock "singleton_lock" {{(pid=1845619) lock /usr/local/lib/python3.8/dist-packages/oslo_concurrency/lockutils.py:294}}
Jun 25 04:36:27 datacore-PowerEdge-R740 cinder-volume[1845619]: DEBUG oslo_concurrency.lockutils [-] Releasing lock "singleton_lock" {{(pid=1845619) lock /usr/local/lib/python3.8/dist-packages/oslo_concurrency/lockutils.py:312}}
Jun 25 04:36:28 datacore-PowerEdge-R740 cinder-volume[1845619]: INFO dbcounter [None req-6619984a-5743-494f-bbcd-45f9c22205d0 None None] Registered counter for database cinder
Jun 25 04:36:28 datacore-PowerEdge-R740 cinder-volume[1845619]: DEBUG oslo_db.sqlalchemy.engines [None req-6619984a-5743-494f-bbcd-45f9c22205d0 None None] MySQL server mode set to STRICT_TRANS_TABLES,STRICT_ALL_TABLES,NO_ZERO_IN_DATE,NO_ZERO_DATE,ERROR_FOR_DIVISION_BY_ZERO,TRADITIONAL,NO_ENGINE_SUBSTITUTION {{(pid=1845619) _check_effective_sql_mode /usr/local/lib/python3.8/dist-packages/oslo_db/sqlalchemy/engines.py:314}}
Jun 25 04:36:28 datacore-PowerEdge-R740 cinder-volume[1845619]: DEBUG dbcounter [-] [1845619] Writer thread running {{(pid=1845619) stat_writer /usr/local/lib/python3.8/dist-packages/dbcounter.py:99}}
Jun 25 04:36:28 datacore-PowerEdge-R740 cinder-volume[1845619]: INFO cinder.rpc [None req-6619984a-5743-494f-bbcd-45f9c22205d0 None None] Automatically selected cinder-scheduler objects version 1.39 as minimum service version.
Jun 25 04:36:28 datacore-PowerEdge-R740 cinder-volume[1845619]: INFO cinder.rpc [None req-6619984a-5743-494f-bbcd-45f9c22205d0 None None] Automatically selected cinder-scheduler RPC version 3.12 as minimum service version.
Jun 25 04:36:28 datacore-PowerEdge-R740 cinder-volume[1845619]: DEBUG oslo_db.sqlalchemy.engines [None req-6619984a-5743-494f-bbcd-45f9c22205d0 None None] MySQL server mode set to STRICT_TRANS_TABLES,STRICT_ALL_TABLES,NO_ZERO_IN_DATE,NO_ZERO_DATE,ERROR_FOR_DIVISION_BY_ZERO,TRADITIONAL,NO_ENGINE_SUBSTITUTION {{(pid=1845619) _check_effective_sql_mode /usr/local/lib/python3.8/dist-packages/oslo_db/sqlalchemy/engines.py:314}}
Jun 25 04:36:28 datacore-PowerEdge-R740 cinder-volume[1845619]: INFO cinder.volume.manager [None req-6619984a-5743-494f-bbcd-45f9c22205d0 None None] Determined volume DB was not empty at startup.
Jun 25 04:36:28 datacore-PowerEdge-R740 cinder-volume[1845619]: DEBUG cinder.volume.manager [None req-6619984a-5743-494f-bbcd-45f9c22205d0 None None] Cinder Volume DB check: vol_db_empty=False {{(pid=1845619) __init__ /opt/stack/cinder/cinder/volume/manager.py:290}}
Jun 25 04:36:28 datacore-PowerEdge-R740 cinder-volume[1845619]: WARNING stevedore.named [None req-6619984a-5743-494f-bbcd-45f9c22205d0 None None] Could not load cinder.keymgr.conf_key_mgr.ConfKeyManager
Jun 25 04:36:28 datacore-PowerEdge-R740 cinder-volume[1845619]: WARNING castellan.key_manager [None req-6619984a-5743-494f-bbcd-45f9c22205d0 None None] Deprecation Warning : cinder.keymgr.conf_key_mgr.ConfKeyManager is not a stevedore based driver, trying to load it as a class: stevedore.exception.NoMatches: No 'castellan.drivers' driver found, looking for 'cinder.keymgr.conf_key_mgr.ConfKeyManager'
Jun 25 04:36:28 datacore-PowerEdge-R740 cinder-volume[1845619]: WARNING cinder.keymgr.conf_key_mgr [None req-6619984a-5743-494f-bbcd-45f9c22205d0 None None] This key manager is insecure and is not recommended for production deployments: stevedore.exception.NoMatches: No 'castellan.drivers' driver found, looking for 'cinder.keymgr.conf_key_mgr.ConfKeyManager'
Jun 25 04:36:28 datacore-PowerEdge-R740 cinder-volume[1845619]: ERROR cinder.cmd.volume [None req-6619984a-5743-494f-bbcd-45f9c22205d0 None None] Volume service hostgroup@datacore_iscsi1 failed to start.: ModuleNotFoundError: No module named 'cinder.volume.drivers.datacore.iscsi'
Jun 25 04:36:28 datacore-PowerEdge-R740 cinder-volume[1845619]: ERROR cinder.cmd.volume Traceback (most recent call last):
Jun 25 04:36:28 datacore-PowerEdge-R740 cinder-volume[1845619]: ERROR cinder.cmd.volume   File "/opt/stack/cinder/cinder/cmd/volume.py", line 99, in _launch_service
Jun 25 04:36:28 datacore-PowerEdge-R740 cinder-volume[1845619]: ERROR cinder.cmd.volume     server = service.Service.create(host=host,
Jun 25 04:36:28 datacore-PowerEdge-R740 cinder-volume[1845619]: ERROR cinder.cmd.volume   File "/opt/stack/cinder/cinder/service.py", line 394, in create
Jun 25 04:36:28 datacore-PowerEdge-R740 cinder-volume[1845619]: ERROR cinder.cmd.volume     service_obj = cls(host, binary, topic, manager,
Jun 25 04:36:28 datacore-PowerEdge-R740 cinder-volume[1845619]: ERROR cinder.cmd.volume   File "/opt/stack/cinder/cinder/service.py", line 152, in __init__
Jun 25 04:36:28 datacore-PowerEdge-R740 cinder-volume[1845619]: ERROR cinder.cmd.volume     self.manager = manager_class(host=self.host,
Jun 25 04:36:28 datacore-PowerEdge-R740 cinder-volume[1845619]: ERROR cinder.cmd.volume   File "/opt/stack/cinder/cinder/volume/manager.py", line 313, in __init__
Jun 25 04:36:28 datacore-PowerEdge-R740 cinder-volume[1845619]: ERROR cinder.cmd.volume     self.driver = importutils.import_object(
Jun 25 04:36:28 datacore-PowerEdge-R740 cinder-volume[1845619]: ERROR cinder.cmd.volume   File "/usr/local/lib/python3.8/dist-packages/oslo_utils/importutils.py", line 44, in import_object
Jun 25 04:36:28 datacore-PowerEdge-R740 cinder-volume[1845619]: ERROR cinder.cmd.volume     return import_class(import_str)(*args, **kwargs)
Jun 25 04:36:28 datacore-PowerEdge-R740 cinder-volume[1845619]: ERROR cinder.cmd.volume   File "/usr/local/lib/python3.8/dist-packages/oslo_utils/importutils.py", line 30, in import_class
Jun 25 04:36:28 datacore-PowerEdge-R740 cinder-volume[1845619]: ERROR cinder.cmd.volume     __import__(mod_str)
Jun 25 04:36:28 datacore-PowerEdge-R740 cinder-volume[1845619]: ERROR cinder.cmd.volume ModuleNotFoundError: No module named 'cinder.volume.drivers.datacore.iscsi'
Jun 25 04:36:28 datacore-PowerEdge-R740 cinder-volume[1845619]: ERROR cinder.cmd.volume 
Jun 25 04:36:28 datacore-PowerEdge-R740 cinder-volume[1845619]: ERROR cinder.cmd.volume [None req-6619984a-5743-494f-bbcd-45f9c22205d0 None None] No volume service(s) started successfully, terminating.
Jun 25 04:36:28 datacore-PowerEdge-R740 cinder-volume[1845619]: /usr/lib/python3/dist-packages/secretstorage/dhcrypto.py:15: CryptographyDeprecationWarning: int_from_bytes is deprecated, use int.from_bytes instead
Jun 25 04:36:28 datacore-PowerEdge-R740 cinder-volume[1845619]:   from cryptography.utils import int_from_bytes
Jun 25 04:36:28 datacore-PowerEdge-R740 cinder-volume[1845619]: /usr/lib/python3/dist-packages/secretstorage/util.py:19: CryptographyDeprecationWarning: int_from_bytes is deprecated, use int.from_bytes instead
Jun 25 04:36:28 datacore-PowerEdge-R740 cinder-volume[1845619]:   from cryptography.utils import int_from_bytes
Jun 25 04:36:28 datacore-PowerEdge-R740 cinder-volume[1845619]: /opt/stack/cinder/cinder/db/sqlalchemy/models.py:152: SAWarning: implicitly coercing SELECT object to scalar subquery; please use the .scalar_subquery() method to produce a scalar subquery.
Jun 25 04:36:28 datacore-PowerEdge-R740 cinder-volume[1845619]:   last_heartbeat = column_property(
Jun 25 04:36:28 datacore-PowerEdge-R740 cinder-volume[1845619]: /opt/stack/cinder/cinder/db/sqlalchemy/models.py:160: SAWarning: implicitly coercing SELECT object to scalar subquery; please use the .scalar_subquery() method to produce a scalar subquery.
Jun 25 04:36:28 datacore-PowerEdge-R740 cinder-volume[1845619]:   num_hosts = column_property(
Jun 25 04:36:28 datacore-PowerEdge-R740 cinder-volume[1845619]: /opt/stack/cinder/cinder/db/sqlalchemy/models.py:169: SAWarning: implicitly coercing SELECT object to scalar subquery; please use the .scalar_subquery() method to produce a scalar subquery.
Jun 25 04:36:28 datacore-PowerEdge-R740 cinder-volume[1845619]:   num_down_hosts = column_property(
Jun 25 04:36:29 datacore-PowerEdge-R740 systemd[1]: devstack@c-vol.service: Main process exited, code=exited, status=1/FAILURE
Jun 25 04:36:29 datacore-PowerEdge-R740 systemd[1]: devstack@c-vol.service: Failed with result 'exit-code'.
