Source the openrc file
WARNING: setting legacy OS_TENANT_NAME to support cli tools.
Patch Details: GERRIT_CHANGE_NUMBER: 847624 GERRIT_PATCHSET_NUMBER: 1 GERRIT_REFSPEC: refs/changes/24/847624/1
Updating cinder code
Waiting for patchset. FROM_JENKINS: 1
Switched to branch 'master'
Your branch is up to date with 'origin/master'.
git checkout cinder master Success
Already up to date.
git pull Success
changeBranch: change-847624-1
From https://opendev.org/openstack/cinder
 * [new ref]             refs/changes/24/847624/1 -> change-847624-1
git fetch origin refs/changes/24/847624/1:change-847624-1 Success
Switched to branch 'change-847624-1'
git checkout change-847624-1 Success
Already up to date.
checkout patchset [ PASSED ]
Clearing logs
/tmp/ci-result-1656111869414
Starting iSCSI Test configuration
Updating cinder.conf with iSCSI driver details [ PASSED ]
Restarting devstack services
Cinder volume service [ FAILED ]
Already up to date.
Updating cinder-tempest-logs repo [ PASSED ]
