Source the openrc file
WARNING: setting legacy OS_TENANT_NAME to support cli tools.
Patch Details: GERRIT_CHANGE_NUMBER: 847189 GERRIT_PATCHSET_NUMBER: 2 GERRIT_REFSPEC: refs/changes/89/847189/2
Updating cinder code
Waiting for patchset. FROM_JENKINS: 1
Switched to branch 'master'
Your branch is up to date with 'origin/master'.
git checkout cinder master Success
Already up to date.
git pull Success
changeBranch: change-847189-2
From https://opendev.org/openstack/cinder
 * [new ref]             refs/changes/89/847189/2 -> change-847189-2
git fetch origin refs/changes/89/847189/2:change-847189-2 Success
Switched to branch 'change-847189-2'
git checkout change-847189-2 Success
From https://opendev.org/openstack/tempest
   7559bb649..d8a803f95  master     -> origin/master
Updating 7559bb649..d8a803f95
Fast-forward
 tempest/scenario/manager.py            |   3 +-
 tempest/scenario/test_minimum_basic.py | 165 +++++++++++++++++++++++++++++----
 2 files changed, 150 insertions(+), 18 deletions(-)
checkout patchset [ PASSED ]
Clearing logs
/tmp/ci-result-1656077553469
Starting iSCSI Test configuration
Updating cinder.conf with iSCSI driver details [ PASSED ]
ERROR: Internal Server Error (HTTP 500)
ERROR: Internal Server Error (HTTP 500)
Creating datacore_iscsi1 volume type [ FAILED ]
Already up to date.
Updating cinder-tempest-logs repo [ PASSED ]
