Source the openrc file
WARNING: setting legacy OS_TENANT_NAME to support cli tools.
Patch Details: GERRIT_CHANGE_NUMBER: 840678 GERRIT_PATCHSET_NUMBER: 13 GERRIT_REFSPEC: refs/changes/78/840678/13
Updating cinder code
Waiting for patchset. FROM_JENKINS: 1019603FROM_JENKINS
Switched to branch 'master'
Your branch is up to date with 'origin/master'.
git checkout cinder master Success
Already up to date.
git pull Success
changeBranch: change-840678-13
From https://opendev.org/openstack/cinder
 * [new ref]             refs/changes/78/840678/13 -> change-840678-13
git fetch origin refs/changes/78/840678/13:change-840678-13 Success
Switched to branch 'change-840678-13'
git checkout change-840678-13 Success
Already up to date.
checkout patchset [ PASSED ]
Clearing logs
/tmp/ci-result-1655823291450
Starting iSCSI Test configuration
Updating cinder.conf with iSCSI driver details [ PASSED ]
Restarting devstack services
Cinder volume service [ FAILED ]
Already up to date.
Updating cinder-tempest-logs repo [ PASSED ]
